PID   $time     $Instr Ret     $Unh Clk Cycles   $l2 trans reqs $l1lines       $l2lines       $Per Core bw   $Power         $Power2        $Power3        $bandwidth     $              $IPC           $MEM INTENSIITY$L2->L1 BW (MB)$L3->L2 BW (MB)$MM->L3 BW (MB)$L2 REUSE      $L3 REUSE      
51451 $  1004   $ 17332353839  $  8911085936     $     3810368  $   377098662  $   343894836  $    57724664  $      52      $       0      $      97      $           0  $              $1.945033      $3810368.000000      $24.038162 $21.921583 $3.679660 $     1.10  $     5.96  
51449 $  1004   $ 16860826126  $  8923256440     $     1152510  $   374855217  $   497317657  $     4017027  $       0      $       0      $      97      $           0  $              $1.889537      $1152510.000000      $23.895155 $31.701525 $0.256065 $     0.75  $   123.80  
51451 $  2006   $ 18030301113  $  9132951608     $     3862283  $   393278072  $   358604259  $    59603520  $      54      $       0      $      97      $           0  $              $1.974203      $3862283.000000      $25.119558 $22.904863 $3.807011 $     1.10  $     6.02  
51449 $  2007   $ 17394384722  $  9129039865     $     1112338  $   386732828  $   511518242  $     3663180  $       0      $       0      $      97      $           0  $              $1.905390      $1112338.000000      $24.676870 $32.639248 $0.233742 $     0.76  $   139.64  
51451 $  3008   $ 18022607438  $  9131616761     $     3862950  $   393151074  $   358440145  $    59612342  $      54      $       0      $      97      $           0  $              $1.973649      $3862950.000000      $25.111446 $22.894381 $3.807575 $     1.10  $     6.01  
51449 $  3009   $ 17386155509  $  9127788297     $     1109775  $   386563448  $   511378639  $     3659220  $       0      $       0      $      97      $           0  $              $1.904750      $1109775.000000      $24.690680 $32.662907 $0.233723 $     0.76  $   139.75  
51451 $  4010   $ 17956666449  $  9132314788     $     3907497  $   391571246  $   357050570  $    59681847  $      54      $       0      $      97      $           0  $              $1.966278      $3907497.000000      $25.010538 $22.805624 $3.812014 $     1.10  $     5.98  
51449 $  4011   $ 17374586492  $  9128923591     $     1105069  $   386640179  $   512061586  $     3670667  $       0      $       0      $      97      $           0  $              $1.903246      $1105069.000000      $24.695581 $32.706528 $0.234454 $     0.76  $   139.50  
51451 $  5012   $ 18022164763  $  9132634319     $     3865397  $   393108818  $   358441582  $    59616279  $      54      $       0      $      97      $           0  $              $1.973381      $3865397.000000      $25.108747 $22.894472 $3.807826 $     1.10  $     6.01  
51449 $  5013   $ 17386200121  $  9129062406     $     1115419  $   386560044  $   511400232  $     3670097  $       0      $       0      $      97      $           0  $              $1.904489      $1115419.000000      $24.690460 $32.664288 $0.234417 $     0.76  $   139.34  
51451 $  6014   $ 18024999072  $  9132926419     $     3864275  $   393188043  $   358502858  $    59610090  $      54      $       0      $      97      $           0  $              $1.973628      $3864275.000000      $25.113806 $22.898386 $3.807431 $     1.10  $     6.01  
51449 $  6015   $ 17387565426  $  9128922013     $     1111408  $   386713555  $   511825416  $     3668512  $       0      $       0      $      97      $           0  $              $1.904668      $1111408.000000      $24.700268 $32.691444 $0.234316 $     0.76  $   139.52  
51451 $  6408   $  7252831380  $  3675648227     $     1428741  $   157912640  $   144213590  $    21678254  $      19      $       0      $      97      $           0  $              $1.973211      $1428741.000000      $25.650784 $23.425556 $3.521341 $     1.09  $     6.65  
51449 $  6410   $  4752686277  $  2505350068     $      282274  $   105401176  $   138637835  $      938140  $       0      $       0      $      97      $           0  $              $1.897015      $282274.000000      $17.077660 $22.462839 $0.152002 $     0.76  $   147.78  
51451 $  7133   $ 13840274639  $  6894016502     $     2011845  $   300300800  $   275298412  $    30837248  $      29      $       0      $      97      $           0  $              $2.007578      $2011845.000000      $26.509312 $24.302204 $2.722185 $     1.09  $     8.93  
51451 $  7135   $    11397066  $     5644723     $        1642  $      247905  $      226501  $       23170  $       0      $       0      $      97      $           0  $              $2.019066      $1642.000000      $7.932960 $7.248032 $0.741440 $     1.09  $     9.78  
51451 $  8138   $ 18008734362  $  9119672169     $     3825851  $   392669121  $   358177589  $    58934039  $      53      $       0      $      97      $           0  $              $1.974713      $3825851.000000      $25.055656 $22.854801 $3.760497 $     1.10  $     6.08  
51469 $  1003   $ 16912000471  $  8934937483     $     1178095  $   375976498  $   497879580  $     4117198  $       0      $       0      $      97      $           0  $              $1.892794      $1178095.000000      $23.990524 $31.768986 $0.262713 $     0.76  $   120.93  
51451 $  9141   $ 18008056702  $  9117249560     $     3833046  $   392695772  $   358180851  $    59059474  $      54      $       0      $      97      $           0  $              $1.975163      $3833046.000000      $25.057358 $22.855011 $3.768501 $     1.10  $     6.06  
51469 $  2006   $ 17380050184  $  9114846471     $     1121161  $   386175815  $   509816566  $     3698696  $       0      $       0      $      97      $           0  $              $1.906785      $1121161.000000      $24.641327 $32.530670 $0.236009 $     0.76  $   137.84  
51451 $ 10143   $ 17946297100  $  9117124379     $     3871484  $   391196312  $   356850328  $    59141217  $      54      $       0      $      97      $           0  $              $1.968416      $3871484.000000      $24.986591 $22.792835 $3.777483 $     1.10  $     6.03  
51469 $  3008   $ 17377514727  $  9114582749     $     1122767  $   385961104  $   509438508  $     3705070  $       0      $       0      $      97      $           0  $              $1.906562      $1122767.000000      $24.652205 $32.538986 $0.236651 $     0.76  $   137.50  
51451 $ 11145   $ 18007686840  $  9116923852     $     3838259  $   392656831  $   358169890  $    59082784  $      54      $       0      $      97      $           0  $              $1.975193      $3838259.000000      $25.079878 $22.877119 $3.773751 $     1.10  $     6.06  
51469 $  4010   $ 17378349687  $  9114087714     $     1120050  $   386055935  $   509748499  $     3700598  $       0      $       0      $      97      $           0  $              $1.906757      $1120050.000000      $24.658264 $32.558788 $0.236366 $     0.76  $   137.75  
51451 $ 12147   $ 18007447038  $  9117715381     $     3832080  $   392667201  $   358166940  $    59055809  $      54      $       0      $      97      $           0  $              $1.974996      $3832080.000000      $25.080540 $22.876930 $3.772028 $     1.10  $     6.06  
51469 $  5012   $ 17375267309  $  9115044745     $     1124511  $   386179384  $   510225224  $     3708783  $       0      $       0      $      97      $           0  $              $1.906218      $1124511.000000      $24.666149 $32.589237 $0.236888 $     0.76  $   137.57  
51451 $ 13149   $ 18006803559  $  9118433977     $     3833381  $   392606477  $   358127232  $    59065220  $      54      $       0      $      97      $           0  $              $1.974769      $3833381.000000      $25.076660 $22.874393 $3.772629 $     1.10  $     6.06  
51469 $  6014   $ 17376068647  $  9116366973     $     1123780  $   386347735  $   510500789  $     3702748  $       0      $       0      $      97      $           0  $              $1.906030      $1123780.000000      $24.676901 $32.606838 $0.236503 $     0.76  $   137.87  
51451 $ 13544   $  7242873506  $  3673605208     $     1415417  $   157597846  $   144008559  $    21475025  $      19      $       0      $      97      $           0  $              $1.971598      $1415417.000000      $25.534840 $23.333033 $3.479498 $     1.09  $     6.71  
51469 $  6409   $  4749666202  $  2505597631     $      276410  $   105024590  $   137630796  $      949113  $       0      $       0      $      97      $           0  $              $1.895622      $276410.000000      $17.016644 $22.299673 $0.153780 $     0.76  $   145.01  
51451 $ 14268   $ 13823114412  $  6891434054     $     2032286  $   300022349  $   274985007  $    31253782  $      28      $       0      $      97      $           0  $              $2.005840      $2032286.000000      $26.521311 $24.308065 $2.762765 $     1.09  $     8.80  
51451 $ 14270   $     9865819  $     4842798     $        1340  $      213992  $      195868  $       20988  $       0      $       0      $      97      $           0  $              $2.037215      $1340.000000      $6.847744 $6.267776 $0.671616 $     1.09  $     9.33  
51451 $ 15273   $ 17988714966  $  9109683255     $     3784252  $   392314823  $   357747639  $    58343899  $      53      $       0      $      97      $           0  $              $1.974681      $3784252.000000      $25.033049 $22.827368 $3.722841 $     1.10  $     6.13  
51474 $  1003   $ 16887199618  $  8923151634     $     1153953  $   375090458  $   496635213  $     4074168  $       0      $       0      $      97      $           0  $              $1.892515      $1153953.000000      $23.933989 $31.689585 $0.259967 $     0.76  $   121.90  
51474 $  1252   $  4287911024  $  2248973838     $      276344  $    95366252  $   126246569  $      907758  $       0      $       0      $      97      $           0  $              $1.906608      $276344.000000      $24.511808 $32.448917 $0.233319 $     0.76  $   139.08  
51451 $ 15522   $  4370803834  $  2221248059     $      909937  $    95137617  $    86756660  $    14141593  $      13      $       0      $      97      $           0  $              $1.967724      $909937.000000      $24.453041 $22.298899 $3.634787 $     1.10  $     6.13  
