PID   $time     $Instr Ret     $Unh Clk Cycles   $l2 trans reqs $l1lines       $l2lines       $Per Core bw   $Power         $Power2        $Power3        $bandwidth     $              $IPC           $MEM INTENSIITY$L2->L1 BW (MB)$L3->L2 BW (MB)$MM->L3 BW (MB)$L2 REUSE      $L3 REUSE      
57155 $  1003   $  3539703560  $  7819894186     $     3410367  $    39547619  $    36067791  $    29717099  $      41      $       0      $      97      $           0  $              $0.452654      $3410367.000000      $2.523477 $2.301434 $1.896206 $     1.10  $     1.21  
57153 $  1003   $  3957610335  $  8810181004     $    13853593  $   228891743  $   168006785  $    39309922  $       0      $       0      $      97      $           0  $              $0.449209      $13853593.000000      $14.605256 $10.720273 $2.508310 $     1.36  $     4.27  
57155 $  2005   $  4205887571  $  9047005199     $     4026359  $    46829188  $    42644743  $    35281101  $      43      $       0      $      97      $           0  $              $0.464893      $4026359.000000      $2.991086 $2.723816 $2.253484 $     1.10  $     1.21  
57153 $  2005   $  4178249189  $  9124931699     $    16497695  $   273909400  $   200843184  $    46495933  $       0      $       0      $      97      $           0  $              $0.457894      $16497695.000000      $17.495213 $12.828307 $2.969800 $     1.36  $     4.32  
57155 $  3008   $  4164681776  $  9051690228     $     3839396  $    45260998  $    41349174  $    34516493  $      43      $       0      $      97      $           0  $              $0.460100      $3839396.000000      $2.888040 $2.638432 $2.202448 $     1.09  $     1.20  
57153 $  3008   $  4082176629  $  9123680761     $    16138869  $   268939988  $   198070517  $    44717164  $       0      $       0      $      97      $           0  $              $0.447427      $16138869.000000      $17.160679 $12.638597 $2.853338 $     1.36  $     4.43  
57155 $  4011   $  4211191717  $  9044201423     $     4046515  $    47040061  $    42816540  $    35367357  $      43      $       0      $      97      $           0  $              $0.465623      $4046515.000000      $3.001559 $2.732062 $2.256741 $     1.10  $     1.21  
57153 $  4011   $  4222838793  $  9121674400     $    15547195  $   257950567  $   187964081  $    46308027  $       0      $       0      $      97      $           0  $              $0.462946      $15547195.000000      $16.459457 $11.993720 $2.954849 $     1.37  $     4.06  
57155 $  5013   $  4159565961  $  9048093254     $     3861960  $    45245910  $    41364182  $    34470430  $      43      $       0      $      97      $           0  $              $0.459717      $3861960.000000      $2.889958 $2.642024 $2.201704 $     1.09  $     1.20  
57153 $  5014   $  4222981852  $  9121022107     $    15562032  $   258157179  $   188124542  $    46315266  $       0      $       0      $      97      $           0  $              $0.462994      $15562032.000000      $16.472641 $12.003959 $2.955311 $     1.37  $     4.06  
57155 $  6015   $  4208459942  $  9039403091     $     4000250  $    47023666  $    42819269  $    35362688  $      43      $       0      $      97      $           0  $              $0.465568      $4000250.000000      $3.003507 $2.734963 $2.258695 $     1.10  $     1.21  
57153 $  6016   $  4075453849  $  9118271459     $    16176210  $   267949397  $   198889561  $    44946278  $       0      $       0      $      97      $           0  $              $0.446955      $16176210.000000      $17.114532 $12.703526 $2.870820 $     1.35  $     4.43  
57155 $  7017   $  4160877617  $  9047929829     $     3854591  $    45271378  $    41402433  $    34484184  $      43      $       0      $      97      $           0  $              $0.459871      $3854591.000000      $2.891585 $2.644467 $2.202583 $     1.09  $     1.20  
57153 $  7018   $  4173194258  $  9119125832     $    16492512  $   273874582  $   200802920  $    46466747  $       0      $       0      $      97      $           0  $              $0.457631      $16492512.000000      $17.492989 $12.825735 $2.967936 $     1.36  $     4.32  
57153 $  8002   $  4054445326  $  9032505434     $    16117908  $   269129245  $   198189272  $    44486362  $       0      $       0      $      97      $           0  $              $0.448873      $16117908.000000      $17.504341 $12.890360 $2.893422 $     1.36  $     4.46  
57155 $  8001   $  3722832809  $  7951766544     $     3629579  $    42023237  $    38172591  $    31348708  $      41      $       0      $      97      $           0  $              $0.468177      $3629579.000000      $2.733219 $2.482770 $2.038940 $     1.10  $     1.22  
57153 $  8119   $   615810728  $  1101863048     $     1298221  $    22436284  $    14550232  $     6461027  $       0      $       0      $      97      $           0  $              $0.558881      $1298221.000000      $12.272840 $7.959101 $3.534237 $     1.54  $     2.25  
57153 $  8121   $      338581  $     1434455     $        4005  $       79272  $       64546  $        4004  $       0      $       0      $      97      $           0  $              $0.236035      $4005.000000      $2.536704 $2.065472 $0.128128 $     1.23  $    16.12  
57179 $   636   $  2104687438  $  4570513029     $     2114690  $    23572699  $    21425583  $    17727524  $       0      $       0      $      97      $           0  $              $0.460493      $2114690.000000      $2.372096 $2.156034 $1.783902 $     1.10  $     1.21  
57153 $  8757   $  2464135326  $  5422008982     $     9964817  $   164452133  $   121672835  $    27046546  $      26      $       0      $      97      $           0  $              $0.454469      $9964817.000000      $16.548641 $12.243807 $2.721665 $     1.35  $     4.50  
