PID   $time     $Instr Ret     $Unh Clk Cycles   $l2 trans reqs $l1lines       $l2lines       $Per Core bw   $Power         $Power2        $Power3        $bandwidth     $              $IPC           $MEM INTENSIITY$L2->L1 BW (MB)$L3->L2 BW (MB)$MM->L3 BW (MB)$L2 REUSE      $L3 REUSE      
 6519 $  1003   $  3936677296  $  8839089630     $      730719  $    29221276  $    19112009  $    18686453  $      43      $       0      $      97      $           0  $              $0.445371      $730719.000000      $1.864568 $1.219510 $1.192356 $     1.53  $     1.02  
 6517 $  1003   $  3201829818  $  8732651074     $    10921926  $   344086861  $   339948096  $     7460219  $       0      $       0      $      97      $           0  $              $0.366650      $10921926.000000      $21.955690 $21.691603 $0.476026 $     1.01  $    45.57  
 6519 $  2005   $  4047466978  $  9167670575     $      836503  $    31477764  $    20942815  $    20559699  $      45      $       0      $      97      $           0  $              $0.441494      $836503.000000      $2.010556 $1.337665 $1.313194 $     1.50  $     1.02  
 6517 $  2005   $  3332828431  $  9157993151     $    11395747  $   376966958  $   372615805  $     7348093  $       0      $       0      $      97      $           0  $              $0.363926      $11395747.000000      $24.077728 $23.799812 $0.469339 $     1.01  $    50.71  
 6517 $  2100   $   339713292  $   908996099     $     1214408  $    38339088  $    37967688  $       69174  $       0      $       0      $      97      $           0  $              $0.373724      $1214408.000000      $25.828438 $25.578232 $0.046601 $     1.01  $   548.87  
 6519 $  2100   $    82525254  $   200753816     $       91045  $        1085  $        2258  $         269  $       3      $       0      $      97      $           0  $              $0.411077      $91045.000000      $0.000731 $0.001521 $0.000181 $     0.48  $     8.39  
 6517 $  3075   $  3551061543  $  9335902064     $    10455949  $   328205372  $   325095946  $      113770  $       0      $       0      $      97      $           0  $              $0.380366      $10455949.000000      $21.543737 $21.339630 $0.007468 $     1.01  $  2857.48  
 6517 $  3077   $      683492  $     1671451     $           0  $           2  $          10  $           0  $       0      $       0      $      97      $           0  $              $0.408921      $0.000000      $0.000064 $0.000320 $0.000000 $     0.20  $      inf  
 6517 $  3442   $   393938805  $  1018284577     $      331632  $     6007252  $     5885545  $      620475  $      12      $       0      $      97      $           0  $              $0.386865      $331632.000000      $1.053326 $1.031986 $0.108796 $     1.02  $     9.49  
 6545 $   365   $  1453496092  $  2511641168     $     1619794  $    60804196  $    40388391  $    39377360  $       0      $       0      $      97      $           0  $              $0.578704      $1619794.000000      $10.661557 $7.081800 $6.904523 $     1.51  $     1.03  
 6517 $  4139   $  2326705842  $  6627409799     $     7844134  $   290394926  $   289457506  $      387768  $      24      $       0      $      97      $           0  $              $0.351073      $7844134.000000      $26.664669 $26.578594 $0.035606 $     1.00  $   746.47  
 6517 $  4140   $     1853627  $     5338016     $        6683  $      234178  $      232991  $         131  $       0      $       0      $      97      $           0  $              $0.347250      $6683.000000      $14.987392 $14.911424 $0.008384 $     1.01  $  1778.56  
 6517 $  4560   $  1068964941  $  3874890439     $     3114853  $   137115064  $   134820826  $     6873636  $      18      $       0      $      97      $           0  $              $0.275870      $3114853.000000      $20.893724 $20.544127 $1.047411 $     1.02  $    19.61  
 6550 $   420   $  1457614084  $  2854835628     $     1623132  $    60822486  $    40490449  $    39490100  $       0      $       0      $      97      $           0  $              $0.510577      $1623132.000000      $9.268188 $6.169973 $6.017539 $     1.50  $     1.03  
 6517 $  5219   $  2193894395  $  6257853189     $     7470998  $   276790881  $   275874962  $      278407  $      23      $       0      $      97      $           0  $              $0.350583      $7470998.000000      $26.881056 $26.792107 $0.027038 $     1.00  $   990.91  
 6517 $  5221   $     1801522  $     5173093     $        6155  $      227064  $      226441  $         126  $       0      $       0      $      97      $           0  $              $0.348249      $6155.000000      $7.266048 $7.246112 $0.004032 $     1.00  $  1797.15  
 6517 $  5632   $  1045531132  $  3774801575     $     3032628  $   134190054  $   131889471  $     5851053  $      18      $       0      $      97      $           0  $              $0.276976      $3032628.000000      $20.895775 $20.537533 $0.911113 $     1.02  $    22.54  
 6555 $   411   $  1457597255  $  2823602950     $     1623209  $    60809157  $    40454208  $    39461599  $       0      $       0      $      97      $           0  $              $0.516219      $1623209.000000      $9.469066 $6.299439 $6.144872 $     1.50  $     1.03  
 6517 $  6287   $  2218833855  $  6244019452     $     6955510  $   249017671  $   248048525  $      345076  $      21      $       0      $      97      $           0  $              $0.355353      $6955510.000000      $24.331497 $24.236803 $0.033717 $     1.00  $   718.82  
