PID   $time     $Instr Ret     $Unh Clk Cycles   $l2 trans reqs $l1lines       $l2lines       $Per Core bw   $Power         $Power2        $Power3        $bandwidth     $              $IPC           $MEM INTENSIITY$L2->L1 BW (MB)$L3->L2 BW (MB)$MM->L3 BW (MB)$L2 REUSE      $L3 REUSE      
 6720 $  1003   $  4652046884  $  7753066410     $      115193  $   108315722  $   110116767  $   101362954  $      46      $       0      $      97      $           0  $              $0.600027      $115193.000000      $6.911472 $7.026394 $6.467825 $     0.98  $     1.09  
 6718 $  1003   $  2469882570  $  8653180525     $     7735408  $   266584343  $   258994020  $    19264662  $       0      $       0      $      97      $           0  $              $0.285431      $7735408.000000      $17.010366 $16.526039 $1.229251 $     1.03  $    13.44  
 6720 $  2005   $  5323473559  $  9109997226     $       90188  $   143186611  $   143226223  $   140257010  $      48      $       0      $      97      $           0  $              $0.584355      $90188.000000      $9.145652 $9.148182 $8.958531 $     1.00  $     1.02  
 6718 $  2005   $  2517018225  $  9078724731     $     7682693  $   290162709  $   281531010  $    22730329  $       0      $       0      $      97      $           0  $              $0.277244      $7682693.000000      $18.533348 $17.982021 $1.451837 $     1.03  $    12.39  
 6720 $  3007   $  5629079530  $  9107904117     $       93115  $   159341051  $   159390015  $   155888447  $      48      $       0      $      97      $           0  $              $0.618043      $93115.000000      $10.177473 $10.180600 $9.956946 $     1.00  $     1.02  
 6718 $  3007   $  2443937245  $  9070029657     $     8333959  $   282516100  $   273546039  $    19179265  $       0      $       0      $      97      $           0  $              $0.269452      $8333959.000000      $18.044941 $17.472004 $1.225023 $     1.03  $    14.26  
 6720 $  4009   $  5730455637  $  9106817677     $      106143  $   172420703  $   172462724  $   168592979  $      48      $       0      $      97      $           0  $              $0.629249      $106143.000000      $11.012899 $11.015583 $10.768414 $     1.00  $     1.02  
 6718 $  4009   $  2455198342  $  9069427815     $     8108257  $   263651913  $   254847744  $    14639784  $       0      $       0      $      97      $           0  $              $0.270712      $8108257.000000      $16.840042 $16.277700 $0.935076 $     1.03  $    17.41  
 6720 $  5011   $  5478908336  $  9107626239     $       93613  $   156580294  $   156625448  $   153357860  $      47      $       0      $      97      $           0  $              $0.601574      $93613.000000      $10.001136 $10.004020 $9.795312 $     1.00  $     1.02  
 6718 $  5012   $  2445690589  $  9102594631     $     5425915  $   248860366  $   243006384  $    21809123  $       0      $       0      $      97      $           0  $              $0.268681      $5425915.000000      $15.879425 $15.505891 $1.391609 $     1.02  $    11.14  
 6720 $  6013   $  5393503134  $  9110602197     $       95737  $   147096756  $   147140525  $   144110612  $      47      $       0      $      97      $           0  $              $0.592003      $95737.000000      $9.395401 $9.398197 $9.204670 $     1.00  $     1.02  
 6718 $  6014   $  2305499000  $  9107261269     $     6415626  $   297019650  $   290524298  $    24149601  $       0      $       0      $      97      $           0  $              $0.253150      $6415626.000000      $18.971315 $18.556442 $1.542489 $     1.02  $    12.03  
 6720 $  7015   $  5612028604  $  9108998360     $       94949  $   164797239  $   164843134  $   161076572  $      48      $       0      $      97      $           0  $              $0.616097      $94949.000000      $10.525970 $10.528903 $10.288324 $     1.00  $     1.02  
 6718 $  7016   $  2228087380  $  9105003130     $     6714313  $   287886847  $   281103130  $    16148258  $       0      $       0      $      97      $           0  $              $0.244710      $6714313.000000      $18.387981 $17.954691 $1.031426 $     1.02  $    17.41  
 6720 $  8018   $  5755603245  $  9108752553     $      101883  $   169544202  $   169591123  $   165750180  $      48      $       0      $      97      $           0  $              $0.631876      $101883.000000      $10.818375 $10.821367 $10.576283 $     1.00  $     1.02  
 6718 $  8019   $  2243160947  $  9104745446     $     6927489  $   282884451  $   276207325  $    16560884  $       0      $       0      $      97      $           0  $              $0.246373      $6927489.000000      $18.050453 $17.624395 $1.056726 $     1.02  $    16.68  
 6720 $  8184   $   981780676  $  1569063417     $       17603  $    28821037  $    28822646  $    28250050  $       6      $       0      $      97      $           0  $              $0.625711      $17603.000000      $11.111725 $11.112346 $10.891585 $     1.00  $     1.02  
 6718 $  8185   $   179389747  $   513985430     $      279832  $     7119163  $     6990895  $      681609  $       0      $       0      $      97      $           0  $              $0.349017      $279832.000000      $2.744738 $2.695285 $0.262789 $     1.02  $    10.26  
 6720 $  8888   $  3859103287  $  4057167386     $      390205  $    31093180  $    31101390  $    30855270  $      18      $       0      $      97      $           0  $              $0.951182      $390205.000000      $2.826653 $2.827399 $2.805025 $     1.00  $     1.01  
 6746 $  1003   $  3523508739  $  9347951151     $    12249243  $   392714276  $   387711370  $      747465  $      34      $       0      $      65      $           0  $              $0.376928      $12249243.000000      $25.058538 $24.739309 $0.047695 $     1.01  $   518.70  
