PID   $time     $Instr Ret     $Unh Clk Cycles   $l2 trans reqs $l1lines       $l2lines       $Per Core bw   $Power         $Power2        $Power3        $bandwidth     $              $IPC           $MEM INTENSIITY$L2->L1 BW (MB)$L3->L2 BW (MB)$MM->L3 BW (MB)$L2 REUSE      $L3 REUSE      
 6915 $  1003   $  2129110240  $  9049118790     $    45668314  $   311611309  $   130964442  $     8982890  $      37      $       0      $      97      $           0  $              $0.235284      $45668312.000000      $19.883472 $8.356654 $0.573185 $     2.38  $    14.58  
 6913 $  1003   $  1532204749  $  3896185700     $      316482  $      614012  $      616162  $      526626  $       0      $       0      $      97      $           0  $              $0.393258      $316482.000000      $0.039179 $0.039316 $0.033603 $     1.00  $     1.17  
 6915 $  2006   $  1404485298  $  9531029578     $    69537026  $   474186843  $   202260435  $    14047515  $      38      $       0      $      97      $           0  $              $0.147359      $69537024.000000      $30.257187 $12.905950 $0.896352 $     2.34  $    14.40  
 6913 $  2006   $   534780486  $  1541186935     $      468534  $       36754  $        6863  $        1813  $       0      $       0      $      97      $           0  $              $0.346993      $468534.000000      $0.002345 $0.000438 $0.000116 $     5.36  $     3.79  
 6915 $  3009   $  1326989719  $  9161861887     $    67350461  $   447962716  $   191754404  $    13389275  $      39      $       0      $      97      $           0  $              $0.144838      $67350464.000000      $28.583862 $12.235575 $0.854351 $     2.34  $    14.32  
 6913 $  3009   $  2780330985  $  2923240541     $      715541  $    78565007  $    67202946  $    39181583  $       0      $       0      $      97      $           0  $              $0.951113      $715541.000000      $5.013121 $4.288124 $2.500121 $     1.17  $     1.72  
 6915 $  4011   $  1298847165  $  9073855553     $    67326923  $   438409757  $   186276948  $    16547879  $      47      $       0      $      97      $           0  $              $0.143142      $67326920.000000      $28.002220 $11.897928 $1.056950 $     2.35  $    11.26  
 6913 $  4011   $  1151466108  $  9088303193     $    37408977  $   277454646  $   396037306  $    48270900  $       0      $       0      $      97      $           0  $              $0.126698      $37408976.000000      $17.721655 $25.295795 $3.083171 $     0.70  $     8.20  
 6915 $  5014   $  1292088218  $  9072098266     $    66225116  $   436085138  $   187002770  $    19158561  $      47      $       0      $      97      $           0  $              $0.142424      $66225116.000000      $27.825972 $11.932380 $1.222480 $     2.33  $     9.76  
 6913 $  5014   $  1046357176  $  9086376215     $    39029649  $   279670134  $   400765753  $    45687194  $       0      $       0      $      97      $           0  $              $0.115157      $39029648.000000      $17.845354 $25.572292 $2.915235 $     0.70  $     8.77  
 6915 $  5748   $   970137101  $  6747356245     $    50579708  $   327355035  $   140620924  $     9660661  $      32      $       0      $      97      $           0  $              $0.143780      $50579708.000000      $28.543219 $12.261226 $0.842346 $     2.33  $    14.56  
 6913 $  5748   $   809753259  $  5090792428     $    20026023  $   137908397  $   197658244  $    20475162  $       0      $       0      $      97      $           0  $              $0.159062      $20026024.000000      $12.024711 $17.234507 $1.785300 $     0.70  $     9.65  
 6915 $  6088   $   469750023  $  3218898603     $    25708068  $   158485790  $    67514700  $      275239  $      12      $       0      $      97      $           0  $              $0.145935      $25708068.000000      $29.832621 $12.708651 $0.051810 $     2.35  $   245.29  
 6915 $  6090   $      790552  $     5216592     $       43907  $      267204  $      112912  $         477  $       0      $       0      $      97      $           0  $              $0.151546      $43907.000000      $8.550528 $3.613184 $0.015264 $     2.37  $   236.71  
 6915 $  7093   $  1412545707  $  9501359713     $    72982070  $   476504267  $   202079274  $     7818983  $      39      $       0      $      97      $           0  $              $0.148668      $72982072.000000      $30.405058 $12.894391 $0.498918 $     2.36  $    25.84  
 6947 $  1003   $   960367322  $  2549646245     $      402205  $      612325  $      614743  $      524997  $       0      $       0      $      97      $           0  $              $0.376667      $402205.000000      $0.039072 $0.039226 $0.033499 $     1.00  $     1.17  
 6915 $  8096   $  1445745058  $  9184238753     $    76960489  $   487452725  $   203497230  $     4154507  $      37      $       0      $      97      $           0  $              $0.157416      $76960488.000000      $31.103664 $12.984868 $0.265093 $     2.40  $    48.98  
 6947 $  2006   $   515153005  $  1485929479     $      502952  $       31259  $        6752  $        2077  $       0      $       0      $      97      $           0  $              $0.346687      $502952.000000      $0.001995 $0.000431 $0.000133 $     4.63  $     3.25  
 6947 $  2782   $  1908565713  $  1925965634     $      574398  $    55959664  $    46779525  $    27887117  $       0      $       0      $      97      $           0  $              $0.990966      $574398.000000      $4.615230 $3.858105 $2.299968 $     1.20  $     1.68  
 6915 $  8872   $  1309827698  $  7079300821     $    73303131  $   432206845  $   179546331  $     1348181  $      30      $       0      $      97      $           0  $              $0.185022      $73303128.000000      $35.645927 $14.807945 $0.111190 $     2.41  $   133.18  
