PID   $time     $Instr Ret     $Unh Clk Cycles   $l2 trans reqs $l1lines       $l2lines       $Per Core bw   $Power         $Power2        $Power3        $bandwidth     $              $IPC           $MEM INTENSIITY$L2->L1 BW (MB)$L3->L2 BW (MB)$MM->L3 BW (MB)$L2 REUSE      $L3 REUSE      
11335 $  1003   $  4221733766  $  7767900295     $       97821  $    84684939  $    86303714  $    78046590  $      43      $       0      $      97      $           0  $              $0.543485      $97821.000000      $5.403625 $5.506917 $4.980042 $     0.98  $     1.11  
11333 $  1003   $  3569023554  $  8811643671     $     1218409  $    49778327  $    33036619  $    32459853  $       0      $       0      $      97      $           0  $              $0.405035      $1218409.000000      $3.176284 $2.108020 $2.071217 $     1.51  $     1.02  
11335 $  1485   $  2791007538  $  4433856411     $       47613  $    75610996  $    75625348  $    74008761  $      21      $       0      $      97      $           0  $              $0.629476      $47613.000000      $10.039634 $10.041539 $9.826889 $     1.00  $     1.02  
11333 $  1485   $  1432114596  $  3494744708     $      366222  $    10923747  $     7424438  $     7306305  $       0      $       0      $      97      $           0  $              $0.409791      $366222.000000      $1.450456 $0.985817 $0.970132 $     1.47  $     1.02  
11335 $  2090   $  3788754926  $  5907116866     $       71639  $   102221009  $   102235935  $   100139255  $      21      $       0      $      97      $           0  $              $0.641388      $71639.000000      $10.813462 $10.815042 $10.593244 $     1.00  $     1.02  
11335 $  2092   $     3316392  $     5785832     $         175  $      118713  $      118795  $      115909  $       0      $       0      $      97      $           0  $              $0.573192      $175.000000      $3.798816 $3.801440 $3.709088 $     1.00  $     1.02  
11335 $  2652   $  2516702713  $  5156455456     $       40674  $    58802188  $    58815515  $    57669030  $      24      $       0      $      97      $           0  $              $0.488068      $40674.000000      $6.720250 $6.721773 $6.590746 $     1.00  $     1.02  
11361 $   560   $  1491583797  $  3599335554     $     1606071  $    60842193  $    40729620  $    39685616  $       0      $       0      $      97      $           0  $              $0.414405      $1606071.000000      $6.953393 $4.654814 $4.535499 $     1.49  $     1.03  
11335 $  3202   $  3435303431  $  5312551848     $       54749  $    95402660  $    95421293  $    93360188  $      19      $       0      $      97      $           0  $              $0.646639      $54749.000000      $11.101400 $11.103569 $10.863731 $     1.00  $     1.02  
11335 $  3204   $     3675856  $     5731860     $         177  $      138142  $      138130  $      135165  $       0      $       0      $      97      $           0  $              $0.641302      $177.000000      $4.420544 $4.420160 $4.325280 $     1.00  $     1.02  
11335 $  3775   $  2485996071  $  5254769250     $       43423  $    55740058  $    55756566  $    54669133  $      24      $       0      $      97      $           0  $              $0.473093      $43423.000000      $6.247572 $6.249423 $6.127538 $     1.00  $     1.02  
11366 $   571   $  1497391832  $  3665472969     $     1609149  $    60845516  $    40836964  $    39698294  $       0      $       0      $      97      $           0  $              $0.408513      $1609149.000000      $6.819813 $4.577173 $4.449546 $     1.49  $     1.03  
11335 $  4313   $  3456342738  $  5088172044     $       73101  $   105486012  $   105500243  $   103305965  $      19      $       0      $      97      $           0  $              $0.679290      $73101.000000      $12.548522 $12.550215 $12.289186 $     1.00  $     1.02  
11335 $  4315   $     3467577  $     6009223     $          27  $      124117  $      124213  $      121063  $       0      $       0      $      97      $           0  $              $0.577042      $27.000000      $3.971744 $3.974816 $3.874016 $     1.00  $     1.03  
11335 $  4946   $  2660794659  $  5798356991     $       49799  $    76358691  $    76388770  $    74913945  $      28      $       0      $      97      $           0  $              $0.458888      $49799.000000      $7.744780 $7.747831 $7.598245 $     1.00  $     1.02  
11371 $   631   $  1524400858  $  4241878951     $     1599977  $    60804285  $    40881386  $    39835613  $       0      $       0      $      97      $           0  $              $0.359369      $1599977.000000      $6.167154 $4.146448 $4.040379 $     1.49  $     1.03  
11335 $  5423   $  3048302462  $  4466800968     $       63885  $    92328851  $    92344562  $    90402238  $      17      $       0      $      97      $           0  $              $0.682435      $63885.000000      $12.387938 $12.390046 $12.129441 $     1.00  $     1.02  
11335 $  5425   $     4624053  $     5553774     $          58  $      133684  $      133701  $      130967  $       0      $       0      $      97      $           0  $              $0.832597      $58.000000      $4.277888 $4.278432 $4.190944 $     1.00  $     1.02  
11335 $  6069   $  2830325601  $  5931833673     $       56291  $    83043804  $    83066647  $    81483932  $      28      $       0      $      97      $           0  $              $0.477142      $56291.000000      $8.252801 $8.255071 $8.097782 $     1.00  $     1.02  
11376 $   644   $  1538977099  $  4162230392     $     1587147  $    60847671  $    40962535  $    39786015  $       0      $       0      $      97      $           0  $              $0.369748      $1587147.000000      $6.046974 $4.070811 $3.953890 $     1.49  $     1.03  
11335 $  6548   $  3072365710  $  4528926106     $       52245  $    85699631  $    85717871  $    83859981  $      16      $       0      $      97      $           0  $              $0.678387      $52245.000000      $11.450473 $11.452909 $11.204675 $     1.00  $     1.02  
11335 $  6550   $     3643297  $     5712406     $          84  $      136910  $      136904  $      133984  $       0      $       0      $      97      $           0  $              $0.637787      $84.000000      $4.381120 $4.380928 $4.287488 $     1.00  $     1.02  
11335 $  7112   $  2453211858  $  5167367380     $       43080  $    55955367  $    55972854  $    54877936  $      24      $       0      $      97      $           0  $              $0.474751      $43080.000000      $6.372141 $6.374133 $6.249444 $     1.00  $     1.02  
11381 $   562   $  1501520178  $  3645793345     $     1600751  $    60843412  $    40746420  $    39668735  $       0      $       0      $      97      $           0  $              $0.411850      $1600751.000000      $6.928787 $4.640162 $4.517436 $     1.49  $     1.03  
11335 $  7653   $  3467605215  $  5118802153     $       67006  $    98887324  $    98894626  $    96847599  $      19      $       0      $      97      $           0  $              $0.677425      $67006.000000      $11.698316 $11.699180 $11.457017 $     1.00  $     1.02  
11335 $  7655   $     3290640  $     5391235     $           8  $       46670  $       46699  $       45597  $       0      $       0      $      97      $           0  $              $0.610368      $8.000000      $1.493440 $1.494368 $1.459104 $     1.00  $     1.02  
11335 $  8279   $  2610360590  $  5751141307     $       47792  $    74395111  $    74418097  $    72979197  $      27      $       0      $      97      $           0  $              $0.453886      $47792.000000      $7.630268 $7.632625 $7.485046 $     1.00  $     1.02  
11386 $   624   $  1541524758  $  4137539150     $     1602046  $    60803434  $    40771111  $    39795649  $       0      $       0      $      97      $           0  $              $0.372570      $1602046.000000      $6.236249 $4.181653 $4.081605 $     1.49  $     1.02  
11335 $  8782   $  3235578486  $  4731984422     $       65440  $    97073332  $    97093309  $    95023296  $      18      $       0      $      97      $           0  $              $0.683768      $65440.000000      $12.351278 $12.353821 $12.090439 $     1.00  $     1.02  
11335 $  8784   $     4629548  $     5575258     $          69  $      133828  $      133824  $      131158  $       0      $       0      $      97      $           0  $              $0.830374      $69.000000      $4.282496 $4.282368 $4.197056 $     1.00  $     1.02  
11335 $  9207   $  2466444212  $  3631538895     $       42385  $    23586867  $    23594292  $    23257340  $      17      $       0      $      97      $           0  $              $0.679173      $42385.000000      $3.568699 $3.569822 $3.518841 $     1.00  $     1.01  
11391 $   423   $  1490071241  $  2717637820     $     1622931  $    60832108  $    40668947  $    39426110  $       0      $       0      $      97      $           0  $              $0.548297      $1622931.000000      $9.203913 $6.153222 $5.965180 $     1.50  $     1.03  
11335 $  9567   $  1497833738  $   647911509     $      380134  $    11726576  $    11731358  $    11725146  $       7      $       0      $      97      $           0  $              $2.311788      $380134.000000      $2.084725 $2.085575 $2.084471 $     1.00  $     1.00  
