PID   $time     $Instr Ret     $Unh Clk Cycles   $l2 trans reqs $l1lines       $l2lines       $Per Core bw   $Power         $Power2        $Power3        $bandwidth     $              $IPC           $MEM INTENSIITY$L2->L1 BW (MB)$L3->L2 BW (MB)$MM->L3 BW (MB)$L2 REUSE      $L3 REUSE      
13329 $  1003   $  2884017647  $  8643483526     $     7126555  $   427818717  $    40401450  $    17315847  $      45      $       0      $      97      $           0  $              $0.333664      $7126555.000000      $27.298502 $2.577959 $1.104900 $    10.59  $     2.33  
13327 $  1003   $  4277553114  $  7851236257     $       72837  $    53767468  $    55453909  $    47611917  $       0      $       0      $      97      $           0  $              $0.544825      $72837.000000      $3.430825 $3.538435 $3.038049 $     0.97  $     1.16  
13329 $  2005   $  2396450714  $  9088708967     $     2520843  $   374184149  $    35280440  $    22290746  $      47      $       0      $      97      $           0  $              $0.263673      $2520843.000000      $23.899986 $2.253441 $1.423760 $    10.61  $     1.58  
13327 $  2005   $  5782021555  $  9094226082     $      108278  $   157725220  $   157764221  $   154290484  $       0      $       0      $      97      $           0  $              $0.635790      $108278.000000      $10.074265 $10.076756 $9.854881 $     1.00  $     1.02  
13329 $  3007   $  2685246248  $  9120062575     $     4534828  $   419269514  $    38842293  $    22302624  $      47      $       0      $      97      $           0  $              $0.294433      $4534828.000000      $26.779690 $2.480945 $1.424519 $    10.79  $     1.74  
13327 $  3007   $  5558185551  $  9118297984     $       79482  $   123341205  $   123358134  $   120635370  $       0      $       0      $      97      $           0  $              $0.609564      $79482.000000      $7.878081 $7.879162 $7.705253 $     1.00  $     1.02  
13329 $  4009   $  2753145165  $  9121527561     $     4490220  $   408012390  $    37807121  $    21173746  $      46      $       0      $      97      $           0  $              $0.301829      $4490220.000000      $26.060671 $2.414826 $1.352415 $    10.79  $     1.79  
13327 $  4009   $  5544342465  $  9120043809     $       78897  $   120738750  $   120754119  $   118097373  $       0      $       0      $      97      $           0  $              $0.607929      $78897.000000      $7.711856 $7.712838 $7.543146 $     1.00  $     1.02  
13329 $  5011   $  2803811467  $  9124394285     $     4669659  $   396828824  $    36742234  $    19512911  $      46      $       0      $      97      $           0  $              $0.307287      $4669659.000000      $25.346352 $2.346809 $1.246334 $    10.80  $     1.88  
13327 $  5011   $  5550593923  $  9122607144     $       76912  $   118521329  $   118535640  $   115929432  $       0      $       0      $      97      $           0  $              $0.608444      $76912.000000      $7.570225 $7.571139 $7.404675 $     1.00  $     1.02  
13327 $  5521   $  2849362038  $  4693043004     $       40922  $    62799650  $    62808670  $    61446522  $       0      $       0      $      97      $           0  $              $0.607146      $40922.000000      $7.880740 $7.881873 $7.710936 $     1.00  $     1.02  
13329 $  5521   $  1251002340  $  3665918172     $     1283816  $   113323549  $    10449320  $     6520610  $      22      $       0      $      97      $           0  $              $0.341252      $1283816.000000      $14.220995 $1.311287 $0.818273 $    10.85  $     1.60  
13327 $  6091   $  3570891956  $  5505669640     $       65477  $   105072757  $   105087290  $   102837785  $       0      $       0      $      97      $           0  $              $0.648584      $65477.000000      $11.797644 $11.799274 $11.546699 $     1.00  $     1.02  
13327 $  6094   $     1669255  $     1473108     $           4  $       62732  $       62777  $       61227  $       0      $       0      $      97      $           0  $              $1.133152      $4.000000      $1.338283 $1.339243 $1.306176 $     1.00  $     1.03  
13327 $  7097   $  5979385662  $  9016313382     $      109578  $   163900126  $   163933888  $   160002153  $      47      $       0      $      97      $           0  $              $0.663174      $109578.000000      $10.458234 $10.460387 $10.209510 $     1.00  $     1.02  
13360 $  1003   $  2297498998  $  8638693292     $     9252417  $   352131502  $    33651209  $     8232732  $       0      $       0      $      97      $           0  $              $0.265954      $9252417.000000      $22.469007 $2.147236 $0.525319 $    10.46  $     4.09  
13360 $  2006   $  2698323669  $  8995369562     $     6103618  $   421195180  $    39281778  $    17869000  $      46      $       0      $      97      $           0  $              $0.299968      $6103618.000000      $26.875864 $2.506514 $1.140195 $    10.72  $     2.20  
13327 $  8100   $  5469194066  $  8677812454     $       81905  $   126481195  $   126504168  $   123609634  $       0      $       0      $      97      $           0  $              $0.630250      $81905.000000      $8.070584 $8.072051 $7.887354 $     1.00  $     1.02  
13360 $  3008   $  2348560018  $  9097064222     $     9539075  $   366612315  $    34438190  $     8214042  $      48      $       0      $      97      $           0  $              $0.258167      $9539075.000000      $23.416355 $2.199645 $0.524649 $    10.65  $     4.19  
13327 $  9102   $  6107220080  $  9087535731     $      122372  $   179521527  $   179555473  $   175254585  $       0      $       0      $      97      $           0  $              $0.672044      $122372.000000      $11.466444 $11.468613 $11.193906 $     1.00  $     1.02  
13360 $  3976   $  2950371013  $  8958013309     $    10935606  $   460586570  $    43018744  $    10035949  $      42      $       0      $      97      $           0  $              $0.329356      $10935606.000000      $30.452003 $2.844214 $0.663534 $    10.71  $     4.29  
13327 $ 10070   $  5201023926  $  6030974489     $      336339  $    69447139  $    69464681  $    68268181  $       0      $       0      $      97      $           0  $              $0.862385      $336339.000000      $4.591546 $4.592706 $4.513599 $     1.00  $     1.02  
