PID   $time     $Instr Ret     $Unh Clk Cycles   $l2 trans reqs $l1lines       $l2lines       $Per Core bw   $Power         $Power2        $Power3        $bandwidth     $              $IPC           $MEM INTENSIITY$L2->L1 BW (MB)$L3->L2 BW (MB)$MM->L3 BW (MB)$L2 REUSE      $L3 REUSE      
12780 $  1002   $ 10487162248  $  8821321438     $     1043201  $   193926216  $   186652291  $    58923014  $      47      $       0      $      97      $           0  $              $1.188842      $1043201.000000      $12.386504 $11.921903 $3.763546 $     1.04  $     3.17  
12778 $  1002   $  4455607793  $  7615535952     $      106542  $    99927955  $   101622832  $    92586860  $       0      $       0      $      97      $           0  $              $0.585068      $106542.000000      $6.382624 $6.490880 $5.913732 $     0.98  $     1.10  
12778 $  1097   $   546370158  $   908389833     $       14983  $    18481920  $    18482069  $    18112331  $       0      $       0      $      97      $           0  $              $0.601471      $14983.000000      $12.450977 $12.451077 $12.201992 $     1.00  $     1.02  
12780 $  1097   $    20943066  $    51935889     $      115869  $        1366  $        2900  $         555  $       3      $       0      $      97      $           0  $              $0.403248      $115869.000000      $0.000920 $0.001954 $0.000374 $     0.47  $     5.23  
12778 $  2090   $  6415676326  $  9692999824     $      115507  $   190338496  $   190382115  $   186409890  $       0      $       0      $      97      $           0  $              $0.661888      $115507.000000      $12.267536 $12.270348 $12.014333 $     1.00  $     1.02  
12778 $  2093   $     1970236  $     1579738     $          74  $       56966  $       57016  $       55793  $       0      $       0      $      97      $           0  $              $1.247192      $74.000000      $1.215275 $1.216341 $1.190251 $     1.00  $     1.02  
12778 $  2837   $  3142385133  $  4517418757     $      257629  $    83554462  $    83567971  $    81521751  $      33      $       0      $      97      $           0  $              $0.695615      $257629.000000      $7.187481 $7.188643 $7.012624 $     1.00  $     1.03  
12806 $   744   $  9581001841  $  5580794548     $     1259831  $   193967650  $   186577148  $    36802786  $       0      $       0      $      97      $           0  $              $1.716781      $1259831.000000      $16.685389 $16.049648 $3.165831 $     1.04  $     5.07  
12778 $  3200   $  2262517815  $  3432410753     $       32794  $    56196082  $    56204208  $    55019223  $      12      $       0      $      97      $           0  $              $0.659163      $32794.000000      $9.907848 $9.909282 $9.700359 $     1.00  $     1.02  
12778 $  3202   $     2032855  $     4972176     $           0  $           8  $          33  $           0  $       0      $       0      $      97      $           0  $              $0.408846      $0.000000      $0.000256 $0.001056 $0.000000 $     0.24  $      inf  
12778 $  4121   $  4911398297  $  8391986161     $       85437  $   138614760  $   138652187  $   134795416  $      44      $       0      $      97      $           0  $              $0.585249      $85437.000000      $9.653258 $9.655866 $9.387277 $     1.00  $     1.03  
12811 $   919   $  9604026841  $  7116921232     $     1269996  $   193204596  $   186173378  $    41253082  $       0      $       0      $      97      $           0  $              $1.349464      $1269996.000000      $13.454945 $12.965284 $2.872902 $     1.04  $     4.51  
12778 $  4297   $  1123611810  $  1655157203     $       19273  $    32094693  $    32099007  $    31421490  $       6      $       0      $      97      $           0  $              $0.678855      $19273.000000      $11.670797 $11.672366 $11.425997 $     1.00  $     1.02  
12778 $  4299   $     4253373  $     5099076     $          78  $      122970  $      122972  $      120441  $       0      $       0      $      97      $           0  $              $0.834146      $78.000000      $3.935040 $3.935104 $3.854112 $     1.00  $     1.02  
12778 $  5209   $  4965046546  $  8324485909     $       84467  $   138810544  $   138836750  $   135104417  $      44      $       0      $      97      $           0  $              $0.596439      $84467.000000      $9.762500 $9.764343 $9.501849 $     1.00  $     1.03  
12816 $   910   $  9611917792  $  7191578035     $     1197060  $   193006424  $   186060203  $    38424114  $       0      $       0      $      97      $           0  $              $1.336552      $1197060.000000      $13.574079 $13.085553 $2.702355 $     1.04  $     4.84  
12778 $  5373   $   969898980  $  1545072704     $        8027  $    23809398  $    23817426  $    23259906  $       5      $       0      $      97      $           0  $              $0.627737      $8027.000000      $9.291472 $9.294605 $9.077037 $     1.00  $     1.02  
12778 $  5375   $     4370296  $     5217760     $          39  $      109511  $      109618  $      106904  $       0      $       0      $      97      $           0  $              $0.837581      $39.000000      $3.504352 $3.507776 $3.420928 $     1.00  $     1.03  
12778 $  6316   $  5051078556  $  8651141641     $       85693  $   140059105  $   140085874  $   136272262  $      45      $       0      $      97      $           0  $              $0.583863      $85693.000000      $9.525805 $9.527626 $9.268251 $     1.00  $     1.03  
12821 $   941   $  9602191358  $  7067219094     $     1385094  $   193064078  $   186222812  $    38935585  $       0      $       0      $      65      $           0  $              $1.358694      $1385094.000000      $13.130819 $12.665526 $2.648116 $     1.04  $     4.78  
12778 $  6509   $  1221420037  $  1795823167     $       23468  $    37523347  $    37529912  $    36741391  $       7      $       0      $      97      $           0  $              $0.680145      $23468.000000      $12.442975 $12.445152 $12.183674 $     1.00  $     1.02  
12778 $  6511   $     2516684  $     4751413     $           3  $       39968  $       40003  $       38893  $       0      $       0      $      97      $           0  $              $0.529671      $3.000000      $1.278976 $1.280096 $1.244576 $     1.00  $     1.03  
12778 $  7368   $  4677427357  $  7870351689     $       67212  $   111502527  $   111517456  $   108597310  $      41      $       0      $      97      $           0  $              $0.594310      $67212.000000      $8.326910 $8.328025 $8.109951 $     1.00  $     1.03  
12826 $   857   $  9608887241  $  6421306315     $     1408645  $   193662578  $   186462523  $    34713315  $       0      $       0      $     113      $           0  $              $1.496407      $1408645.000000      $14.462549 $13.924856 $2.592360 $     1.04  $     5.37  
12778 $  7625   $  1560415939  $  2403658348     $       23814  $    44917014  $    44927275  $    43929231  $       9      $       0      $      97      $           0  $              $0.649184      $23814.000000      $11.185560 $11.188115 $10.939575 $     1.00  $     1.02  
12778 $  7627   $     2055025  $     5025680     $           0  $           8  $          32  $           0  $       0      $       0      $      97      $           0  $              $0.408905      $0.000000      $0.000256 $0.001024 $0.000000 $     0.25  $      inf  
12778 $  8512   $  4709131130  $  8131810863     $       72999  $   119926850  $   119952458  $   116704305  $      42      $       0      $      97      $           0  $              $0.579100      $72999.000000      $8.672676 $8.674528 $8.439633 $     1.00  $     1.03  
12831 $   885   $  9613218225  $  6733375267     $     1481732  $   193504063  $   186340235  $    35726636  $       0      $       0      $      97      $           0  $              $1.427697      $1481732.000000      $13.993514 $13.475452 $2.583621 $     1.04  $     5.22  
12778 $  8743   $  1559749973  $  2188784861     $       19396  $    26761675  $    26763862  $    26290743  $       7      $       0      $      97      $           0  $              $0.712610      $19396.000000      $7.414490 $7.415096 $7.284016 $     1.00  $     1.02  
12778 $  8745   $     2066235  $     5052510     $           3  $           8  $          32  $           0  $       0      $       0      $      97      $           0  $              $0.408952      $3.000000      $0.000256 $0.001024 $0.000000 $     0.25  $      inf  
12778 $  9328   $  2690898921  $  2418982202     $      330928  $    16191595  $    16200356  $    16191228  $      25      $       0      $      97      $           0  $              $1.112410      $330928.000000      $1.777465 $1.778427 $1.777425 $     1.00  $     1.00  
12842 $   583   $  9578252177  $  4956862247     $     1351988  $   196365782  $   186949813  $    26044361  $       0      $       0      $      49      $           0  $              $1.932322      $1351988.000000      $21.556448 $20.522793 $2.859072 $     1.05  $     7.18  
12778 $  9331   $           0  $           0     $           0  $           0  $           0  $           0  $       0      $       0      $      97      $           0  $              $-nan      $0.000000      $0.000000 $0.000000 $0.000000 $     0.00  $     0.00  
