PID   $time     $Instr Ret     $Unh Clk Cycles   $l2 trans reqs $l1lines       $l2lines       $Per Core bw   $Power         $Power2        $Power3        $bandwidth     $              $IPC           $MEM INTENSIITY$L2->L1 BW (MB)$L3->L2 BW (MB)$MM->L3 BW (MB)$L2 REUSE      $L3 REUSE      
12160 $  1003   $  1387086487  $  3523450578     $      310927  $      616666  $      641568  $      537735  $      38      $       0      $      97      $           0  $              $0.393673      $310927.000000      $0.039349 $0.040938 $0.034312 $     0.96  $     1.19  
12158 $  1003   $  5211123557  $  8025553998     $      109678  $   130232598  $   131968290  $   122824233  $       0      $       0      $      97      $           0  $              $0.649316      $109678.000000      $8.309957 $8.420709 $7.837239 $     0.99  $     1.07  
12160 $  2006   $   400815375  $  1164804455     $      221844  $       26103  $       16418  $       12661  $      36      $       0      $      97      $           0  $              $0.344105      $221844.000000      $0.001666 $0.001048 $0.000808 $     1.59  $     1.30  
12158 $  2006   $  5808116618  $  9136439562     $       61113  $   147378408  $   147396456  $   144180531  $       0      $       0      $      97      $           0  $              $0.635709      $61113.000000      $9.404006 $9.405157 $9.199954 $     1.00  $     1.02  
12160 $  3009   $   367208210  $  1070230488     $      145174  $       24844  $       17647  $       14729  $      37      $       0      $      97      $           0  $              $0.343111      $145174.000000      $0.001585 $0.001126 $0.000940 $     1.41  $     1.20  
12158 $  3009   $  6022528639  $  9391207014     $       76785  $   174459638  $   174473671  $   170834146  $       0      $       0      $      97      $           0  $              $0.641294      $76785.000000      $11.132020 $11.132915 $10.900683 $     1.00  $     1.02  
12160 $  4012   $  1716683171  $  2869145530     $      218027  $    47696056  $    40068597  $    23730433  $      38      $       0      $      97      $           0  $              $0.598326      $218027.000000      $3.043417 $2.556720 $1.514205 $     1.19  $     1.69  
12158 $  4012   $  5401696570  $  9121862992     $       58059  $   128042426  $   128055729  $   125348596  $       0      $       0      $      97      $           0  $              $0.592170      $58059.000000      $8.170204 $8.171054 $7.998315 $     1.00  $     1.02  
12160 $  5015   $  1209667112  $  9080108120     $     2559437  $    93721842  $   111815010  $    58098847  $      45      $       0      $      97      $           0  $              $0.133222      $2559437.000000      $5.980257 $7.134756 $3.707205 $     0.84  $     1.92  
12158 $  5015   $  5093986520  $  9084436518     $       76308  $   147563361  $   147613796  $   144773258  $       0      $       0      $      97      $           0  $              $0.560738      $76308.000000      $9.415808 $9.419025 $9.237776 $     1.00  $     1.02  
12160 $  6017   $   328959164  $  9093670033     $     5889781  $    87948273  $   123045337  $    48797994  $      45      $       0      $      97      $           0  $              $0.036175      $5889781.000000      $5.617455 $7.859183 $3.116838 $     0.71  $     2.52  
12158 $  6017   $  5058346405  $  9092900223     $       70694  $   141514758  $   141549888  $   138908467  $       0      $       0      $      97      $           0  $              $0.556296      $70694.000000      $9.038866 $9.041111 $8.872396 $     1.00  $     1.02  
12160 $  7019   $   305677383  $  9086127307     $     4335362  $    81731778  $   113993147  $    52177446  $      45      $       0      $      97      $           0  $              $0.033642      $4335362.000000      $5.220393 $7.280999 $3.332691 $     0.72  $     2.18  
12158 $  7019   $  5221500698  $  9087323765     $       75495  $   144266115  $   144308700  $   141644426  $       0      $       0      $      97      $           0  $              $0.574592      $75495.000000      $9.214602 $9.217322 $9.047150 $     1.00  $     1.02  
12160 $  8021   $   498197273  $  9109091440     $    13538663  $   133165829  $   188277021  $    50480402  $      44      $       0      $      97      $           0  $              $0.054692      $13538663.000000      $8.505602 $12.025679 $3.224297 $     0.71  $     3.73  
12158 $  8021   $  5062404893  $  9102922532     $       53381  $   114132008  $   114155391  $   111925482  $       0      $       0      $      97      $           0  $              $0.556130      $53381.000000      $7.289869 $7.291362 $7.148933 $     1.00  $     1.02  
12160 $  9023   $   368068147  $  9085352794     $     7491584  $    98405346  $   138124435  $    49715600  $      45      $       0      $      97      $           0  $              $0.040512      $7491584.000000      $6.285371 $8.822319 $3.175447 $     0.71  $     2.78  
12158 $  9023   $  5273987895  $  9087051729     $       71443  $   136020120  $   136062012  $   133537214  $       0      $       0      $      97      $           0  $              $0.580385      $71443.000000      $8.687912 $8.690588 $8.529324 $     1.00  $     1.02  
12160 $  9746   $   788269536  $  6806705545     $    28366034  $   210678170  $   301910877  $    35168655  $      27      $       0      $      97      $           0  $              $0.115808      $28366034.000000      $18.649244 $26.725168 $3.113131 $     0.70  $     8.58  
12158 $  9746   $  2909091428  $  2663749873     $      391668  $    17155458  $    17166650  $    17155790  $       0      $       0      $      97      $           0  $              $1.092104      $391668.000000      $1.518602 $1.519593 $1.518631 $     1.00  $     1.00  
12160 $  9949   $   246780521  $  1008359448     $     3238201  $    19804406  $    28403168  $     1674248  $       5      $       0      $      97      $           0  $              $0.244735      $3238201.000000      $6.243753 $8.954694 $0.527842 $     0.70  $    16.96  
12191 $  1003   $  5895795281  $  8475177893     $      189516  $   162997665  $   164824533  $   154554697  $      36      $       0      $      65      $           0  $              $0.695654      $189516.000000      $10.400648 $10.517219 $9.861916 $     0.99  $     1.07  
