PID   $time     $Instr Ret     $Unh Clk Cycles   $l2 trans reqs $l1lines       $l2lines       $Per Core bw   $Power         $Power2        $Power3        $bandwidth     $              $IPC           $MEM INTENSIITY$L2->L1 BW (MB)$L3->L2 BW (MB)$MM->L3 BW (MB)$L2 REUSE      $L3 REUSE      
14002 $   722   $  1105518331  $  6186931943     $    40814593  $   285155275  $   111390769  $    11838397  $      33      $       0      $      97      $           0  $              $0.178686      $40814592.000000      $25.276920 $9.873974 $1.049387 $     2.56  $     9.41  
14000 $   722   $  9888718246  $  5657809821     $     1530950  $   194848920  $   187157524  $    19997766  $       0      $       0      $      97      $           0  $              $1.747800      $1530950.000000      $17.271927 $16.590139 $1.772655 $     1.04  $     9.36  
14002 $  1069   $   495196799  $  3289898118     $    24384079  $   167129318  $    65367367  $     1992482  $      12      $       0      $      97      $           0  $              $0.150520      $24384080.000000      $30.825003 $12.056230 $0.367489 $     2.56  $    32.81  
14002 $  1071   $      767203  $     5091929     $       38761  $      259281  $       99519  $         307  $       0      $       0      $      97      $           0  $              $0.150670      $38761.000000      $8.296992 $3.184608 $0.009824 $     2.61  $   324.17  
14002 $  1692   $   837544793  $  5677190479     $    41865442  $   282675497  $   110882316  $     9634779  $      31      $       0      $      97      $           0  $              $0.147528      $41865440.000000      $29.132418 $11.427485 $0.992956 $     2.55  $    11.51  
14028 $   622   $  9579706870  $  4965147762     $     1435162  $   194814407  $   187054672  $    21458913  $       0      $       0      $      97      $           0  $              $1.929390      $1435162.000000      $20.045212 $19.246782 $2.207991 $     1.04  $     8.72  
14002 $  2125   $   628854528  $  4261113986     $    31377155  $   212206044  $    83119390  $     2047997  $      15      $       0      $      97      $           0  $              $0.147580      $31377156.000000      $31.365328 $12.285545 $0.302706 $     2.55  $    40.59  
14002 $  2127   $      697775  $     5155174     $       34398  $      235916  $       93696  $        1224  $       0      $       0      $      97      $           0  $              $0.135354      $34398.000000      $7.549312 $2.998272 $0.039168 $     2.52  $    76.55  
14002 $  2752   $   829382004  $  5698707826     $    41697885  $   279861626  $   110364178  $     9230135  $      31      $       0      $      97      $           0  $              $0.145539      $41697884.000000      $28.657831 $11.301291 $0.945166 $     2.54  $    11.96  
14033 $   625   $  9579811557  $  4972749906     $     1407701  $   194893135  $   187022212  $    21290470  $       0      $       0      $      97      $           0  $              $1.926462      $1407701.000000      $19.957058 $19.151073 $2.180144 $     1.04  $     8.78  
14002 $  3184   $   622273160  $  4282260498     $    31378265  $   209956517  $    82828634  $     1611946  $      15      $       0      $      97      $           0  $              $0.145314      $31378264.000000      $31.104668 $12.270908 $0.238807 $     2.53  $    51.38  
14002 $  3185   $      735591  $     5193169     $       37425  $      248709  $       97627  $        1055  $       0      $       0      $      97      $           0  $              $0.141646      $37425.000000      $15.917376 $6.248128 $0.067520 $     2.55  $    92.54  
14002 $  3842   $   868528246  $  6023171503     $    43784026  $   293024062  $   116920672  $    10576796  $      32      $       0      $      97      $           0  $              $0.144198      $43784024.000000      $28.544201 $11.389533 $1.030312 $     2.51  $    11.05  
14038 $   657   $  9579646173  $  4967978329     $     1408627  $   194669026  $   187061430  $    21858596  $       0      $       0      $      97      $           0  $              $1.928278      $1408627.000000      $18.963192 $18.222116 $2.129300 $     1.04  $     8.56  
14002 $  4273   $   620030341  $  4280067685     $    32161345  $   209161285  $    83482913  $      716077  $      15      $       0      $      97      $           0  $              $0.144865      $32161344.000000      $31.058752 $12.396535 $0.106332 $     2.51  $   116.58  
14002 $  4274   $      655525  $     4964481     $       33975  $      221571  $       88654  $          33  $       0      $       0      $      97      $           0  $              $0.132043      $33975.000000      $14.180544 $5.673856 $0.002112 $     2.50  $  2686.48  
14002 $  4924   $   858640672  $  5957569464     $    44437052  $   289608655  $   116809640  $     7935640  $      32      $       0      $      97      $           0  $              $0.144126      $44437052.000000      $28.515312 $11.501257 $0.781355 $     2.48  $    14.72  
14043 $   650   $  9579613719  $  4961133297     $     1474350  $   194702152  $   186951270  $    20622983  $       0      $       0      $      97      $           0  $              $1.930933      $1474350.000000      $19.170673 $18.407509 $2.030571 $     1.04  $     9.07  
14002 $  5358   $   599775069  $  4119142695     $    31702891  $   202276607  $    81229633  $      483340  $      15      $       0      $      97      $           0  $              $0.145607      $31702892.000000      $29.828808 $11.978563 $0.071276 $     2.49  $   168.06  
14002 $  5360   $      684238  $     5361895     $       35472  $      231154  $       92206  $          17  $       0      $       0      $      97      $           0  $              $0.127611      $35472.000000      $7.396928 $2.950592 $0.000544 $     2.51  $  5423.88  
14002 $  5996   $   855300149  $  5812653122     $    44914878  $   288398236  $   116224496  $     7753021  $      31      $       0      $      97      $           0  $              $0.147145      $44914880.000000      $29.021206 $11.695547 $0.780178 $     2.48  $    14.99  
14048 $   636   $  9579216012  $  4962597385     $     1631032  $   196277455  $   187225091  $    21219148  $       0      $       0      $      97      $           0  $              $1.930283      $1631032.000000      $19.751190 $18.840260 $2.135260 $     1.05  $     8.82  
14002 $  6430   $   617293407  $  4119686683     $    32859337  $   208108312  $    83464741  $      206885  $      15      $       0      $      97      $           0  $              $0.149840      $32859336.000000      $30.688784 $12.308165 $0.030508 $     2.49  $   403.44  
14002 $  6431   $      675579  $     4861531     $       35939  $      228309  $       93059  $         140  $       0      $       0      $      97      $           0  $              $0.138964      $35939.000000      $14.611776 $5.955776 $0.008960 $     2.45  $   664.71  
14002 $  7034   $   837594817  $  5494386756     $    44529673  $   282305463  $   113448188  $     6996924  $      30      $       0      $      97      $           0  $              $0.152446      $44529672.000000      $29.962770 $12.040936 $0.742625 $     2.49  $    16.21  
14053 $   603   $  9579323828  $  4943834625     $     1440879  $   194871650  $   187027837  $    19986277  $       0      $       0      $      97      $           0  $              $1.937630      $1440879.000000      $20.682894 $19.850384 $2.121263 $     1.04  $     9.36  
14002 $  7470   $   680691488  $  4290239875     $    36889335  $   229341555  $    91738319  $       50488  $      15      $       0      $      97      $           0  $              $0.158660      $36889336.000000      $33.664814 $13.466175 $0.007411 $     2.50  $  1817.03  
14002 $  7472   $      746687  $     4836512     $       39715  $      252506  $       98996  $          24  $       0      $       0      $      97      $           0  $              $0.154385      $39715.000000      $8.080192 $3.167872 $0.000768 $     2.55  $  4124.83  
14002 $  8089   $   956272462  $  5627066914     $    53290777  $   321847007  $   129902872  $     6356472  $      31      $       0      $      97      $           0  $              $0.169942      $53290776.000000      $33.384453 $13.474528 $0.659342 $     2.48  $    20.44  
14058 $   618   $  9579111665  $  4960806464     $     1517816  $   196328333  $   187219073  $    20608510  $       0      $       0      $      33      $           0  $              $1.930959      $1517816.000000      $20.331738 $19.388382 $2.134215 $     1.05  $     9.08  
14002 $  8449   $   688211443  $  3412645203     $    36519667  $   221653917  $    86431963  $       22139  $      13      $       0      $      97      $           0  $              $0.201665      $36519668.000000      $39.405140 $15.365682 $0.003936 $     2.56  $  3904.06  
