PID   $time     $Instr Ret     $Unh Clk Cycles   $l2 trans reqs $l1lines       $l2lines       $Per Core bw   $Power         $Power2        $Power3        $bandwidth     $              $IPC           $MEM INTENSIITY$L2->L1 BW (MB)$L3->L2 BW (MB)$MM->L3 BW (MB)$L2 REUSE      $L3 REUSE      
65518 $  1004   $ 19718473402  $  8805264845     $     4222735  $   320091799  $   385514593  $    27955501  $      52      $       0      $      97      $           0  $              $2.239396      $4222735.000000      $20.404259 $24.574635 $1.782024 $     0.83  $    13.79  
65516 $  1004   $ 19784285905  $  8805329150     $     4149604  $   321089426  $   386925432  $    27758323  $       0      $       0      $      97      $           0  $              $2.246854      $4149604.000000      $20.467854 $24.664570 $1.769455 $     0.83  $    13.94  
65518 $  2007   $ 20454064094  $  9109280383     $     4247671  $   331327968  $   396997171  $    28963238  $      54      $       0      $      97      $           0  $              $2.245409      $4247671.000000      $21.141565 $25.331825 $1.848103 $     0.83  $    13.71  
65516 $  2007   $ 20554912822  $  9107127126     $     4153410  $   332897808  $   398907099  $    29046300  $       0      $       0      $      97      $           0  $              $2.257014      $4153410.000000      $21.241734 $25.453693 $1.853403 $     0.83  $    13.73  
65518 $  3009   $ 20529737114  $  9114282169     $     4370753  $   332164970  $   394260364  $    29149950  $      54      $       0      $      97      $           0  $              $2.252480      $4370753.000000      $21.216125 $25.182299 $1.861873 $     0.84  $    13.53  
65516 $  3009   $ 20497067604  $  9105828453     $     4453477  $   331409994  $   393509419  $    30266967  $       0      $       0      $      97      $           0  $              $2.250983      $4453477.000000      $21.167904 $25.134333 $1.933220 $     0.84  $    13.00  
65518 $  4011   $ 20545860147  $  9111439496     $     4072934  $   333033318  $   401019393  $    26780725  $      54      $       0      $      97      $           0  $              $2.254952      $4072934.000000      $21.271589 $25.614014 $1.710545 $     0.83  $    14.97  
65516 $  4011   $ 20680905722  $  9115395942     $     4213093  $   335263150  $   404404127  $    27918185  $       0      $       0      $      97      $           0  $              $2.268788      $4213093.000000      $21.414013 $25.830204 $1.783197 $     0.83  $    14.49  
65518 $  5013   $ 20640874945  $  9110895017     $     3796537  $   334357168  $   400790774  $    25847780  $      54      $       0      $      97      $           0  $              $2.265516      $3796537.000000      $21.356148 $25.599411 $1.650956 $     0.83  $    15.51  
65516 $  5013   $ 20587228187  $  9109017966     $     4217614  $   333524463  $   400413618  $    27938125  $       0      $       0      $      97      $           0  $              $2.260093      $4217614.000000      $21.302959 $25.575321 $1.784471 $     0.83  $    14.33  
65518 $  6015   $ 20534087798  $  9109447387     $     4067168  $   332605935  $   399259451  $    27772045  $      54      $       0      $      97      $           0  $              $2.254153      $4067168.000000      $21.244289 $25.501602 $1.773863 $     0.83  $    14.38  
65516 $  6015   $ 20581675945  $  9107346595     $     4144681  $   333331701  $   400142953  $    28684069  $       0      $       0      $      97      $           0  $              $2.259898      $4144681.000000      $21.290648 $25.558033 $1.832116 $     0.83  $    13.95  
65518 $  7017   $ 20598454651  $  9113744803     $     4243532  $   333381848  $   395755278  $    28197512  $      54      $       0      $      97      $           0  $              $2.260153      $4243532.000000      $21.293852 $25.277781 $1.801039 $     0.84  $    14.04  
65516 $  7017   $ 20590890869  $  9111195108     $     4453578  $   333073032  $   395848496  $    29733408  $       0      $       0      $      97      $           0  $              $2.259955      $4453578.000000      $21.274126 $25.283737 $1.899140 $     0.84  $    13.31  
65518 $  8019   $ 20607269739  $  9111027575     $     3947288  $   333951152  $   401753677  $    26252579  $      54      $       0      $      97      $           0  $              $2.261794      $3947288.000000      $21.330214 $25.660913 $1.676811 $     0.83  $    15.30  
65516 $  8019   $ 20616975946  $  9109085726     $     4200504  $   334134967  $   403539502  $    27780567  $       0      $       0      $      97      $           0  $              $2.263342      $4200504.000000      $21.341955 $25.774977 $1.774408 $     0.83  $    14.53  
65518 $  9022   $ 20580791410  $  9111235376     $     3946431  $   333491786  $   399580663  $    26226163  $      54      $       0      $      97      $           0  $              $2.258837      $3946431.000000      $21.279634 $25.496674 $1.673454 $     0.83  $    15.24  
65516 $  9022   $ 20598939781  $  9108853436     $     4097163  $   333679285  $   400796863  $    27455972  $       0      $       0      $      97      $           0  $              $2.261420      $4097163.000000      $21.291599 $25.574276 $1.751926 $     0.83  $    14.60  
65518 $ 10025   $ 20561192981  $  9107657547     $     3981847  $   332993267  $   399799083  $    27084395  $      54      $       0      $      97      $           0  $              $2.257572      $3981847.000000      $21.247826 $25.510609 $1.728217 $     0.83  $    14.76  
65516 $ 10025   $ 20588877267  $  9105588112     $     4140707  $   333481371  $   401125509  $    28437521  $       0      $       0      $      97      $           0  $              $2.261126      $4140707.000000      $21.278971 $25.595247 $1.814558 $     0.83  $    14.11  
65518 $ 11027   $ 20682215121  $  9114906886     $     4025756  $   334726486  $   398085330  $    27154203  $      54      $       0      $      97      $           0  $              $2.269054      $4025756.000000      $21.379736 $25.426609 $1.734400 $     0.84  $    14.66  
65516 $ 11028   $ 20631857383  $  9113245532     $     4361869  $   333708379  $   397040770  $    29270329  $       0      $       0      $      97      $           0  $              $2.263942      $4361869.000000      $21.293457 $25.334606 $1.867698 $     0.84  $    13.56  
65518 $ 12029   $ 20627887274  $  9110648851     $     3872903  $   334249031  $   401960959  $    25842196  $      54      $       0      $      97      $           0  $              $2.264151      $3872903.000000      $21.349239 $25.674152 $1.650599 $     0.83  $    15.55  
65516 $ 12030   $ 20607902422  $  9108694191     $     4238599  $   334012262  $   403234488  $    27807297  $       0      $       0      $      97      $           0  $              $2.262443      $4238599.000000      $21.334116 $25.755497 $1.776115 $     0.83  $    14.50  
65518 $ 13031   $ 20613506972  $  9110504961     $     3915411  $   333983616  $   400199796  $    26234291  $      54      $       0      $      97      $           0  $              $2.262609      $3915411.000000      $21.332287 $25.561665 $1.675643 $     0.83  $    15.25  
65516 $ 13032   $ 20617258024  $  9107878594     $     4139141  $   333971455  $   401266163  $    27606192  $       0      $       0      $      97      $           0  $              $2.263673      $4139141.000000      $21.331511 $25.629776 $1.763270 $     0.83  $    14.54  
65518 $ 14033   $ 20563213337  $  9108456780     $     3989002  $   332968722  $   399629278  $    27423465  $      54      $       0      $      97      $           0  $              $2.257596      $3989002.000000      $21.267464 $25.525223 $1.751598 $     0.83  $    14.57  
65516 $ 14034   $ 20551275019  $  9106370066     $     4218235  $   332813829  $   400036625  $    28947096  $       0      $       0      $      97      $           0  $              $2.256802      $4218235.000000      $21.257570 $25.551243 $1.848916 $     0.83  $    13.82  
65518 $ 14866   $ 16753863636  $  7400148752     $     3376816  $   270995245  $   320234647  $    22321438  $      44      $       0      $      97      $           0  $              $2.263990      $3376816.000000      $20.820763 $24.603863 $1.714972 $     0.85  $    14.35  
65516 $ 14867   $ 16436368283  $  7264871081     $     3485714  $   265696275  $   314961420  $    23403969  $       0      $       0      $      97      $           0  $              $2.262445      $3485714.000000      $20.413639 $24.198715 $1.798144 $     0.84  $    13.46  
65518 $ 14868   $           0  $           0     $           0  $           0  $           0  $           0  $       0      $       0      $      97      $           0  $              $-nan      $0.000000      $0.000000 $0.000000 $0.000000 $     0.00  $     0.00  
  300 $  1003   $ 21310858777  $  8905200739     $     1458018  $   345549780  $   421485264  $     9760641  $281474976645156      $       0      $      65      $           0  $              $2.393080      $1458018.000000      $22.049040 $26.894373 $0.622813 $     0.82  $    43.18  
