PID   $time     $Instr Ret     $Unh Clk Cycles   $l2 trans reqs $l1lines       $l2lines       $Per Core bw   $Power         $Power2        $Power3        $bandwidth     $              $IPC           $MEM INTENSIITY$L2->L1 BW (MB)$L3->L2 BW (MB)$MM->L3 BW (MB)$L2 REUSE      $L3 REUSE      
58594 $  1004   $  4211303970  $  8906261567     $    13902536  $   235948907  $   165856868  $    41760054  $      42      $       0      $      97      $           0  $              $0.472848      $13902536.000000      $15.040568 $10.572549 $2.661996 $     1.42  $     3.97  
58592 $  1004   $  1223823830  $  6939578705     $     1859580  $   244463304  $   242483513  $     2290126  $       0      $       0      $      97      $           0  $              $0.176354      $1859580.000000      $15.583318 $15.457117 $0.145984 $     1.01  $   105.88  
58594 $  2007   $  4322242425  $  9227831915     $    16481814  $   280655549  $   199745464  $    47492898  $      42      $       0      $      97      $           0  $              $0.468392      $16481814.000000      $17.908230 $12.745474 $3.030454 $     1.41  $     4.21  
58592 $  2007   $  1149954148  $  6332315105     $     2070859  $   217893657  $   216169060  $     2128015  $       0      $       0      $      97      $           0  $              $0.181601      $2070859.000000      $13.903484 $13.793439 $0.135786 $     1.01  $   101.58  
58594 $  3010   $  4355636655  $  9371416826     $    16993228  $   288562052  $   205863209  $    47963929  $      42      $       0      $      97      $           0  $              $0.464779      $16993228.000000      $18.412733 $13.135839 $3.060510 $     1.40  $     4.29  
58592 $  3010   $  1081663847  $  5813138481     $     2056340  $   195661676  $   194128826  $     2112125  $       0      $       0      $      97      $           0  $              $0.186072      $2056340.000000      $12.484893 $12.387084 $0.134772 $     1.01  $    91.91  
58594 $  4013   $  4386125691  $  9371845537     $    16961204  $   288081164  $   205201895  $    48386394  $      40      $       0      $      97      $           0  $              $0.468011      $16961204.000000      $18.382048 $13.093640 $3.087467 $     1.40  $     4.24  
58592 $  4013   $   951854954  $  5117364990     $     2048638  $   171796427  $   170465448  $     2104774  $       0      $       0      $      97      $           0  $              $0.186005      $2048638.000000      $10.962086 $10.877156 $0.134303 $     1.01  $    80.99  
58594 $  5016   $  4414759866  $  9256469578     $    16354734  $   277491861  $   196658477  $    48654457  $      43      $       0      $      97      $           0  $              $0.476938      $16354734.000000      $17.706360 $12.548497 $3.104572 $     1.41  $     4.04  
58592 $  5016   $  1233771319  $  7028588876     $     2016067  $   245438599  $   243339827  $     2012216  $       0      $       0      $      97      $           0  $              $0.175536      $2016067.000000      $15.661087 $15.527167 $0.128397 $     1.01  $   120.93  
58594 $  6019   $  4317439972  $  9153838012     $    16122397  $   274852055  $   195272215  $    47303074  $      42      $       0      $      97      $           0  $              $0.471654      $16122397.000000      $17.537918 $12.460041 $3.018342 $     1.41  $     4.13  
58592 $  6019   $  1148415873  $  6364510658     $     2045597  $   220033560  $   218283995  $     2105308  $       0      $       0      $      97      $           0  $              $0.180441      $2045597.000000      $14.040029 $13.928391 $0.134337 $     1.01  $   103.68  
58594 $  7022   $  4391139649  $  9363165702     $    16209111  $   275386498  $   195789496  $    47787845  $      42      $       0      $      97      $           0  $              $0.468980      $16209111.000000      $17.572020 $12.493049 $3.049274 $     1.41  $     4.10  
58592 $  7022   $  1077369630  $  5842842734     $     2002942  $   198237260  $   196628404  $     2058171  $       0      $       0      $      97      $           0  $              $0.184391      $2002942.000000      $12.649238 $12.546577 $0.131329 $     1.01  $    95.54  
58594 $  8025   $  4392778606  $  9369925222     $    16204059  $   275384000  $   195790291  $    47785998  $      40      $       0      $      97      $           0  $              $0.468817      $16204059.000000      $17.571861 $12.493099 $3.049156 $     1.41  $     4.10  
58592 $  8025   $   949255703  $  5153426485     $     1988699  $   174802318  $   173440366  $     2043532  $       0      $       0      $      97      $           0  $              $0.184199      $1988699.000000      $11.153887 $11.066982 $0.130395 $     1.01  $    84.87  
58592 $  8406   $   577405193  $  3354563738     $      630875  $   119301941  $   118389731  $      629795  $       0      $       0      $      97      $           0  $              $0.172125      $630875.000000      $20.040222 $19.886988 $0.105792 $     1.01  $   187.98  
58594 $  8406   $  1196629843  $  2452480150     $     5280277  $    89702700  $    63201666  $    13928213  $      16      $       0      $      97      $           0  $              $0.487926      $5280277.000000      $15.068171 $10.616552 $2.339647 $     1.42  $     4.54  
58592 $  9137   $   764455801  $  3986159307     $       19995  $   130735796  $   130242638  $       19987  $       0      $       0      $      97      $           0  $              $0.191778      $19995.000000      $11.446089 $11.402912 $0.001750 $     1.00  $  6516.37  
58592 $  9140   $      205659  $     1414624     $           5  $       55093  $       54948  $           3  $       0      $       0      $      97      $           0  $              $0.145381      $5.000000      $1.175317 $1.172224 $0.000064 $     1.00  $ 18316.00  
58592 $ 10143   $  1185173924  $  6763883212     $     1769105  $   240240335  $   238327496  $     1819702  $      42      $       0      $      97      $           0  $              $0.175221      $1769105.000000      $15.329393 $15.207337 $0.116113 $     1.01  $   130.97  
58612 $  1003   $  4106814915  $  8905576581     $    13665465  $   231791886  $   177504735  $    40560260  $       0      $       0      $      97      $           0  $              $0.461151      $13665465.000000      $14.790310 $11.326324 $2.588092 $     1.31  $     4.38  
58612 $  2005   $  3879101263  $  8337914027     $    14447012  $   248343224  $   190965393  $    41315166  $      40      $       0      $      97      $           0  $              $0.465236      $14447012.000000      $15.862243 $12.197391 $2.638893 $     1.30  $     4.62  
58592 $ 11145   $  1088324763  $  6082901245     $     1754885  $   212735600  $   211048006  $     1829976  $       0      $       0      $      97      $           0  $              $0.178915      $1754885.000000      $13.587903 $13.480112 $0.116885 $     1.01  $   115.33  
58612 $  3007   $  4321046339  $  9365342792     $    16538909  $   280512386  $   216196917  $    47479585  $      41      $       0      $      97      $           0  $              $0.461387      $16538909.000000      $17.916958 $13.808985 $3.032628 $     1.30  $     4.55  
58592 $ 12147   $  1033821908  $  5593615107     $     2034272  $   189931225  $   188273328  $     2089229  $       0      $       0      $      97      $           0  $              $0.184822      $2034272.000000      $12.131336 $12.025442 $0.133444 $     1.01  $    90.12  
58612 $  4009   $  4316552433  $  9342092803     $    16478498  $   279533650  $   215355092  $    47435123  $      41      $       0      $      97      $           0  $              $0.462054      $16478498.000000      $17.854446 $13.755216 $3.029788 $     1.30  $     4.54  
58592 $ 13149   $  1077662341  $  5725166499     $     1967814  $   188211964  $   186789102  $     1963840  $       0      $       0      $      97      $           0  $              $0.188232      $1967814.000000      $12.021523 $11.930641 $0.125435 $     1.01  $    95.11  
58612 $  4103   $   424315875  $   853248225     $      723959  $    11832805  $     8969600  $     4194095  $       3      $       0      $      97      $           0  $              $0.497295      $723959.000000      $8.056377 $6.106962 $2.855554 $     1.32  $     2.14  
58592 $ 13243   $    31932503  $   211022282     $      151563  $     7967743  $     7938238  $      150285  $       0      $       0      $      97      $           0  $              $0.151323      $151563.000000      $5.424846 $5.404758 $0.102322 $     1.00  $    52.82  
