PID   $time     $Instr Ret     $Unh Clk Cycles   $l2 trans reqs $l1lines       $l2lines       $Per Core bw   $Power         $Power2        $Power3        $bandwidth     $              $IPC           $MEM INTENSIITY$L2->L1 BW (MB)$L3->L2 BW (MB)$MM->L3 BW (MB)$L2 REUSE      $L3 REUSE      
59079 $  1003   $  2146733391  $  8694723105     $     8460294  $   272807559  $   266206049  $     8883913  $      46      $       0      $      97      $           0  $              $0.246901      $8460294.000000      $17.407461 $16.986229 $0.566870 $     1.02  $    29.96  
59077 $  1003   $  4900222771  $  8817013744     $    26717325  $   214848413  $   143300973  $   139387608  $       0      $       0      $      97      $           0  $              $0.555769      $26717324.000000      $13.709171 $9.143831 $8.894125 $     1.50  $     1.03  
59079 $  2006   $  2183254085  $  9066307254     $     8886061  $   283289898  $   276287282  $     8885606  $      48      $       0      $      97      $           0  $              $0.240810      $8886061.000000      $18.076324 $17.629498 $0.566978 $     1.03  $    31.09  
59077 $  2005   $  5108701750  $  9102642217     $    28656829  $   231263952  $   154237678  $   150121389  $       0      $       0      $      97      $           0  $              $0.561233      $28656828.000000      $14.771350 $9.851508 $9.588592 $     1.50  $     1.03  
59079 $  3008   $  2182593643  $  9067396639     $     8880309  $   283178930  $   276202413  $     8879781  $      48      $       0      $      97      $           0  $              $0.240708      $8880309.000000      $18.087278 $17.641670 $0.567172 $     1.03  $    31.10  
59077 $  3007   $  5105854427  $  9104446179     $    28714584  $   231130251  $   154283546  $   150170029  $       0      $       0      $      97      $           0  $              $0.560809      $28714584.000000      $14.762811 $9.854439 $9.591699 $     1.50  $     1.03  
59079 $  4010   $  2146472104  $  9065724395     $     8788988  $   278881238  $   271714986  $     8788342  $      48      $       0      $      97      $           0  $              $0.236768      $8788988.000000      $17.812775 $17.355049 $0.561331 $     1.03  $    30.92  
59077 $  4009   $  5166753559  $  9102948279     $    29943747  $   239762404  $   159821673  $   155576880  $       0      $       0      $      97      $           0  $              $0.567591      $29943748.000000      $15.314165 $10.208171 $9.937046 $     1.50  $     1.03  
59079 $  5013   $  2193026331  $  9067087287     $     8885519  $   284538451  $   277393396  $     8885521  $      48      $       0      $      97      $           0  $              $0.241867      $8885519.000000      $18.155994 $17.700077 $0.566972 $     1.03  $    31.22  
59077 $  5011   $  5115145615  $  9105632595     $    28867282  $   232032056  $   154568097  $   150417769  $       0      $       0      $      97      $           0  $              $0.561756      $28867282.000000      $14.820412 $9.872613 $9.607523 $     1.50  $     1.03  
59079 $  6016   $  2195344078  $  9068247387     $     8889623  $   284796925  $   277672946  $     8889676  $      48      $       0      $      97      $           0  $              $0.242091      $8889623.000000      $18.172485 $17.717916 $0.567238 $     1.03  $    31.24  
59077 $  6014   $  5100352474  $  9105949181     $    28825123  $   230821955  $   154140319  $   150008813  $       0      $       0      $      97      $           0  $              $0.560112      $28825124.000000      $14.728419 $9.835474 $9.571849 $     1.50  $     1.03  
59079 $  7019   $  2195815854  $  9068259429     $     8893304  $   284853459  $   277738555  $     8893367  $      48      $       0      $      97      $           0  $              $0.242143      $8893304.000000      $18.176094 $17.722101 $0.567473 $     1.03  $    31.23  
59077 $  7016   $  5107517430  $  9106012646     $    28798959  $   231196677  $   154140618  $   150002037  $       0      $       0      $      97      $           0  $              $0.560895      $28798960.000000      $14.767053 $9.845309 $9.580968 $     1.50  $     1.03  
59079 $  8021   $  2195290974  $  9069671576     $     8894654  $   284790827  $   277666796  $     8894624  $      48      $       0      $      97      $           0  $              $0.242047      $8894654.000000      $18.190231 $17.735205 $0.568120 $     1.03  $    31.22  
59077 $  8018   $  5098047985  $  9106603493     $    28842773  $   230726560  $   154138285  $   150017845  $       0      $       0      $      97      $           0  $              $0.559819      $28842772.000000      $14.737026 $9.845160 $9.581978 $     1.50  $     1.03  
59079 $  9023   $  2154804027  $  9066183610     $     8812661  $   279897305  $   272755842  $     8812574  $      48      $       0      $      97      $           0  $              $0.237675      $8812661.000000      $17.877672 $17.421530 $0.562879 $     1.03  $    30.95  
59077 $  9020   $  5150045232  $  9103137224     $    29704483  $   237517356  $   158324489  $   154092566  $       0      $       0      $      97      $           0  $              $0.565744      $29704484.000000      $15.170770 $10.112543 $9.842239 $     1.50  $     1.03  
59079 $ 10026   $  2170377943  $  9067231029     $     8840697  $   281760288  $   274689995  $     8840009  $      48      $       0      $      97      $           0  $              $0.239365      $8840697.000000      $17.978722 $17.527576 $0.564068 $     1.03  $    31.07  
59077 $ 10022   $  5137424046  $  9103720940     $    29159176  $   234601465  $   156121887  $   151938663  $       0      $       0      $      97      $           0  $              $0.564321      $29159176.000000      $14.984525 $9.971857 $9.704664 $     1.50  $     1.03  
59079 $ 11029   $  2180777808  $  9069221867     $     8876015  $   283005092  $   275977297  $     8875343  $      47      $       0      $      97      $           0  $              $0.240459      $8876015.000000      $18.058151 $17.609718 $0.566323 $     1.03  $    31.09  
59077 $ 11024   $  5099751705  $  9104052939     $    28840944  $   230770142  $   154211234  $   150088130  $       0      $       0      $      97      $           0  $              $0.560163      $28840944.000000      $14.739810 $9.849819 $9.586467 $     1.50  $     1.03  
59079 $ 12031   $  2211604544  $  9066732301     $     8987743  $   280589451  $   273569073  $     9279663  $      47      $       0      $      97      $           0  $              $0.243925      $8987743.000000      $17.921881 $17.473475 $0.592713 $     1.03  $    29.48  
59077 $ 12026   $  5111782714  $  9105197802     $    28743873  $   231393823  $   154230830  $   150103273  $       0      $       0      $      97      $           0  $              $0.561414      $28743872.000000      $14.779646 $9.851071 $9.587435 $     1.50  $     1.03  
59079 $ 13033   $  2192181456  $  9107834140     $     8933586  $   284308453  $   277417773  $     8933589  $      47      $       0      $      97      $           0  $              $0.240692      $8933586.000000      $18.159422 $17.719297 $0.570608 $     1.02  $    31.05  
59077 $ 13028   $  5107460310  $  9107601024     $    28724386  $   231166363  $   154372439  $   150249385  $       0      $       0      $      97      $           0  $              $0.560791      $28724386.000000      $14.765118 $9.860115 $9.596767 $     1.50  $     1.03  
59079 $ 13300   $   652377011  $  2480286154     $     1756477  $    83969840  $    82413173  $     1756394  $      11      $       0      $      97      $           0  $              $0.263025      $1756477.000000      $20.127602 $19.754469 $0.421008 $     1.02  $    46.92  
59077 $ 13295   $  1021020322  $  1747820752     $     6375315  $    50119136  $    33326298  $    32450449  $       0      $       0      $      97      $           0  $              $0.584168      $6375315.000000      $12.013576 $7.988326 $7.778385 $     1.50  $     1.03  
59079 $ 14107   $  2708782274  $  7725025731     $      152776  $   341500460  $   340532845  $      152762  $      27      $       0      $      97      $           0  $              $0.350650      $152776.000000      $27.083059 $27.006321 $0.012115 $     1.00  $  2229.17  
59079 $ 14109   $     1699234  $     4883645     $          62  $      214120  $      213587  $          54  $       0      $       0      $      97      $           0  $              $0.347944      $62.000000      $6.851840 $6.834784 $0.001728 $     1.00  $  3955.31  
59079 $ 15111   $  2260887111  $  9111413611     $     9534151  $   292520387  $   285929015  $     9533577  $      47      $       0      $      97      $           0  $              $0.248138      $9534151.000000      $18.683937 $18.262932 $0.608931 $     1.02  $    29.99  
59097 $  1002   $  4916370391  $  8891088633     $    26713333  $   215700115  $   143582123  $   139809282  $       0      $       0      $      97      $           0  $              $0.552955      $26713332.000000      $13.777252 $9.170915 $8.929935 $     1.50  $     1.03  
59079 $ 16114   $  2224679002  $  9111180908     $     8919226  $   281857341  $   274978846  $     8918998  $      47      $       0      $      97      $           0  $              $0.244170      $8919226.000000      $17.984915 $17.546009 $0.569109 $     1.03  $    30.83  
59097 $  2004   $  5103443132  $  9110828027     $    28961055  $   231011535  $   154275629  $   150251569  $       0      $       0      $      97      $           0  $              $0.560151      $28961056.000000      $14.755228 $9.853932 $9.596907 $     1.50  $     1.03  
59079 $ 17116   $  2207691150  $  9111277196     $     8941119  $   286245106  $   279238770  $     8941178  $      47      $       0      $      97      $           0  $              $0.242303      $8941119.000000      $18.283121 $17.835611 $0.571093 $     1.03  $    31.23  
59097 $  3006   $  5116997435  $  9110854194     $    28912146  $   231727772  $   154249568  $   150197811  $       0      $       0      $      97      $           0  $              $0.561638      $28912146.000000      $14.800976 $9.852268 $9.593472 $     1.50  $     1.03  
59079 $ 18119   $  2175573696  $  9109618178     $     8862979  $   282411048  $   275256152  $     8862908  $      47      $       0      $      97      $           0  $              $0.238822      $8862979.000000      $18.020247 $17.563704 $0.565530 $     1.03  $    31.06  
59097 $  4008   $  5159356940  $  9108766488     $    30054569  $   238693306  $   159039300  $   154880900  $       0      $       0      $      97      $           0  $              $0.566417      $30054568.000000      $15.245880 $10.158198 $9.892592 $     1.50  $     1.03  
59079 $ 19122   $  2199750026  $  9110060697     $     8921645  $   285291882  $   278258222  $     8921730  $      47      $       0      $      97      $           0  $              $0.241464      $8921645.000000      $18.204067 $17.755260 $0.569283 $     1.03  $    31.19  
59097 $  5011   $  5126623090  $  9109761471     $    29206887  $   233420822  $   155425287  $   151346836  $       0      $       0      $      97      $           0  $              $0.562762      $29206888.000000      $14.894250 $9.917465 $9.657226 $     1.50  $     1.03  
59079 $ 20125   $  2192483825  $  9109101262     $     8920641  $   284341532  $   277422449  $     8920618  $      47      $       0      $      97      $           0  $              $0.240692      $8920641.000000      $18.143429 $17.701931 $0.569212 $     1.02  $    31.10  
59097 $  6014   $  5108852148  $  9109719410     $    28939644  $   231269371  $   154261006  $   150221129  $       0      $       0      $      97      $           0  $              $0.560813      $28939644.000000      $14.756969 $9.843175 $9.585397 $     1.50  $     1.03  
59079 $ 21128   $  2190234302  $  9108955215     $     8914272  $   284065678  $   277176488  $     8913610  $      47      $       0      $      97      $           0  $              $0.240448      $8914272.000000      $18.125826 $17.686235 $0.568765 $     1.02  $    31.10  
59097 $  7017   $  5118989777  $  9107452417     $    28902306  $   231795564  $   154306980  $   150260855  $       0      $       0      $      97      $           0  $              $0.562066      $28902306.000000      $14.790545 $9.846108 $9.587931 $     1.50  $     1.03  
59079 $ 22131   $  2189523638  $  9109654364     $     8921840  $   283979902  $   277095356  $     8921083  $      47      $       0      $      97      $           0  $              $0.240352      $8921840.000000      $18.120354 $17.681061 $0.569242 $     1.02  $    31.06  
59097 $  8020   $  5105831996  $  9108388635     $    28988509  $   231124789  $   154325037  $   150290736  $       0      $       0      $      97      $           0  $              $0.560564      $28988508.000000      $14.747743 $9.847260 $9.589838 $     1.50  $     1.03  
59079 $ 23133   $  2175502838  $  9106708641     $     8883483  $   282329312  $   275352637  $     8882882  $      47      $       0      $      97      $           0  $              $0.238890      $8883483.000000      $18.033010 $17.587395 $0.567370 $     1.03  $    31.00  
59097 $  9022   $  5132919414  $  9105764712     $    29435780  $   234673799  $   156438699  $   152356730  $       0      $       0      $      97      $           0  $              $0.563700      $29435780.000000      $14.989144 $9.992093 $9.731368 $     1.50  $     1.03  
59097 $  9128   $   549567575  $   957531603     $     3145136  $    25409011  $    16751900  $    16314760  $       0      $       0      $      97      $           0  $              $0.573942      $3145136.000000      $15.341290 $10.114355 $9.850421 $     1.52  $     1.03  
59079 $ 23239   $   228401917  $   917206101     $      839077  $    26823603  $    26157587  $      837763  $       4      $       0      $      97      $           0  $              $0.249019      $839077.000000      $16.195383 $15.793261 $0.505819 $     1.03  $    31.22  
