PID 	$CMD 	$TIME 	$IPC 	$MEM_INT 	$L1 BW 	$L2 BW 	$L3 BW 	$L2 REUSE 	$L3 REUSE 	$GANG    
3559 	$./bin/uniform/ft.A 	$3068 	$1.167336 	$16494828.000000 	$18.181320 	$3.390943 	$1.553413 	$     5.36 	$     2.18 	$ 1 	$ 3   
3587 	$./bin/uniform/ft.A 	$3043 	$1.153562 	$17087392.000000 	$18.063280 	$3.180336 	$1.584358 	$     5.68 	$     2.01 	$ 1 	$ 3   
3603 	$./bin/uniform/ft.A 	$3030 	$0.000000 	$0.000000 	$0.000000 	$0.000000 	$0.000000 	$     0.00 	$     0.00 	$ 1 	$ 3   
3563 	$./bin/uniform/doitgen_STANDARD dummy.out 100 	$14839 	$1.671408 	$499418.875000 	$104.807747 	$0.391368 	$0.282730 	$   272.36 	$     1.52 	$ 2 	$ 18   
3608 	$./bin/uniform/ft.A 	$3023 	$0.000000 	$0.000000 	$0.000000 	$0.000000 	$0.000000 	$     0.00 	$     0.00 	$ 1 	$ 4   
3565 	$./bin/uniform/syr2k_STANDARD dummy.out 20 	$15617 	$1.981863 	$2440409.473684 	$21.905620 	$20.043843 	$2.955482 	$     1.09 	$     6.60 	$ 2 	$ 21   
3615 	$./bin/uniform/ft.A 	$4270 	$1.534990 	$25996779.000000 	$34.498743 	$5.832408 	$2.909227 	$     5.76 	$     2.00 	$ 1 	$ 4   
3631 	$./bin/uniform/ft.A 	$3175 	$1.418126 	$-nan 	$32.582533 	$5.553304 	$3.184069 	$     5.60 	$     1.71 	$ 1 	$ 4   
3636 	$./bin/uniform/ft.A 	$3244 	$1.369690 	$-nan 	$31.231425 	$6.382256 	$3.038505 	$     4.75 	$     2.02 	$ 1 	$ 4   
3613 	$./bin/uniform/doitgen_STANDARD dummy.out 100 	$14817 	$0.000000 	$0.000000 	$0.000000 	$0.000000 	$0.000000 	$     0.00 	$     0.00 	$ 2 	$ 20   
3620 	$./bin/uniform/syr2k_STANDARD dummy.out 20 	$15499 	$1.994667 	$2555041.500000 	$23.510492 	$21.748341 	$3.087519 	$     1.08 	$     6.97 	$ 2 	$ 20   
3641 	$./bin/uniform/ft.A 	$3253 	$0.000000 	$-nan 	$0.000000 	$0.000000 	$0.000000 	$     0.00 	$     0.00 	$ 1 	$ 6   
3657 	$./bin/uniform/ft.A 	$3260 	$1.367403 	$-nan 	$31.093795 	$8.135422 	$2.836928 	$     3.81 	$     2.70 	$ 1 	$ 4   
3662 	$./bin/uniform/ft.A 	$3213 	$1.397571 	$-nan 	$31.840397 	$6.752744 	$2.886522 	$     4.61 	$     2.24 	$ 1 	$ 4   
3643 	$./bin/uniform/doitgen_STANDARD dummy.out 100 	$14795 	$0.000000 	$0.000000 	$0.000000 	$0.000000 	$0.000000 	$     0.00 	$     0.00 	$ 2 	$ 19   
3651 	$./bin/uniform/syr2k_STANDARD dummy.out 20 	$15680 	$0.000000 	$0.000000 	$0.000000 	$0.000000 	$0.000000 	$     0.00 	$     0.00 	$ 2 	$ 20   
3667 	$./bin/uniform/ft.A 	$3286 	$0.000000 	$0.000000 	$0.000000 	$0.000000 	$0.000000 	$     0.00 	$     0.00 	$ 1 	$ 6   
3679 	$./bin/uniform/ft.A 	$3185 	$1.433142 	$29002826.000000 	$32.726230 	$6.356682 	$2.995247 	$     5.00 	$     2.06 	$ 1 	$ 4   
3687 	$./bin/uniform/ft.A 	$3182 	$0.000000 	$-nan 	$0.000000 	$0.000000 	$0.000000 	$     0.00 	$     0.00 	$ 1 	$ 4   
3669 	$./bin/uniform/doitgen_STANDARD dummy.out 100 	$14747 	$0.000000 	$0.000000 	$0.000000 	$  -nan 	$0.000000 	$     0.00 	$     0.00 	$ 2 	$ 19   
3692 	$./bin/uniform/ft.A 	$3212 	$0.000000 	$-nan 	$0.000000 	$0.000000 	$0.000000 	$     0.00 	$     0.00 	$ 1 	$ 5   
3677 	$./bin/uniform/syr2k_STANDARD dummy.out 20 	$15643 	$0.000000 	$0.000000 	$0.000000 	$0.000000 	$0.000000 	$     0.00 	$     0.00 	$ 2 	$ 21   
3702 	$./bin/uniform/ft.A 	$3143 	$1.463365 	$29213212.000000 	$33.416203 	$5.698821 	$3.031464 	$     5.66 	$     1.85 	$ 1 	$ 4   
3713 	$./bin/uniform/ft.A 	$3101 	$1.501705 	$29403991.000000 	$34.443314 	$5.753938 	$3.119881 	$     5.79 	$     1.83 	$ 1 	$ 4   
3694 	$./bin/uniform/doitgen_STANDARD dummy.out 100 	$14757 	$0.000000 	$0.000000 	$0.000000 	$0.000000 	$0.000000 	$     0.00 	$     0.00 	$ 2 	$ 19   
3718 	$./bin/uniform/ft.A 	$3036 	$0.963778 	$15935133.500000 	$13.953809 	$2.627896 	$1.305794 	$     5.29 	$     2.02 	$ 1 	$ 4   
3704 	$./bin/uniform/syr2k_STANDARD dummy.out 20 	$20401 	$1.970603 	$2384302.947368 	$22.014251 	$20.282431 	$2.797028 	$     1.09 	$     7.17 	$ 2 	$ 21   
3728 	$./bin/uniform/ft.A 	$5371 	$1.608075 	$56504168.000000 	$21.163282 	$3.507833 	$1.875736 	$     6.03 	$     1.87 	$ 1 	$ 3   
3561 	$./bin/blackscholes 4 bin/in_10M.txt bsdummy 	$84868 	$-nan 	$235478.757009 	$1.141410 	$1.779168 	$0.322278 	$     0.73 	$   107.60 	$ 1 	$ 109   
3733 	$./bin/uniform/syr2k_STANDARD dummy.out 20 	$2104 	$1.961138 	$3049205.000000 	$24.090536 	$22.095028 	$2.900861 	$     1.09 	$     7.62 	$ 2 	$ 3   
3720 	$./bin/uniform/doitgen_STANDARD dummy.out 100 	$7124 	$1.673420 	$390929.500000 	$80.667321 	$0.252625 	$0.210723 	$   382.84 	$     1.15 	$ 2 	$ 10   
3735 	$./bin/uniform/ft.A 	$3720930360 	$0.000000 	$0.000000 	$0.000000 	$0.000000 	$0.000000 	$     0.00 	$     0.00 	$ 1 	$ 1   
