PID   $time     $Instr Ret     $Unh Clk Cycles   $l2 trans reqs $l1lines       $l2lines       $Per Core bw   $Power         $Power2        $Power3        $bandwidth     $              $IPC           $MEM INTENSIITY$L2->L1 BW (MB)$L3->L2 BW (MB)$MM->L3 BW (MB)$L2 REUSE      $L3 REUSE      
51657 $  1003   $  3344291586  $  8909059159     $     1853376  $   367608706  $   363657490  $     2274684  $      49      $       0      $      97      $           0  $              $0.375381      $1853376.000000      $23.456587 $23.204468 $0.145144 $     1.01  $   159.87  
51655 $  1003   $ 14709846849  $  8803237003     $      668331  $  1856952422  $     6302270  $     4987522  $       0      $       0      $      97      $           0  $              $1.670959      $668331.000000      $118.489487 $0.402139 $0.318247 $   294.65  $     1.26  
51657 $  2005   $  3422379578  $  9181339057     $     1767332  $   386557631  $   382437852  $     1767373  $      51      $       0      $      97      $           0  $              $0.372754      $1767332.000000      $24.690308 $24.427168 $0.112886 $     1.01  $   216.39  
51655 $  2005   $ 15322137030  $  9135996690     $      653452  $  1935289471  $     6207532  $     5080286  $       0      $       0      $      97      $           0  $              $1.677117      $653452.000000      $123.611305 $0.396489 $0.324489 $   311.76  $     1.22  
51657 $  3007   $  3391434140  $  9178850972     $     1993697  $   388404299  $   384399929  $     1993681  $      51      $       0      $      97      $           0  $              $0.369484      $1993697.000000      $24.808258 $24.552490 $0.127341 $     1.01  $   192.81  
51655 $  3007   $ 15317983121  $  9134782868     $      657904  $  1934806881  $     6206880  $     5076158  $       0      $       0      $      97      $           0  $              $1.676885      $657904.000000      $123.580482 $0.396447 $0.324226 $   311.72  $     1.22  
51657 $  4009   $  3197739037  $  9176206465     $     2423271  $   404943372  $   402208407  $     2423269  $      50      $       0      $      97      $           0  $              $0.348482      $2423271.000000      $25.864645 $25.689959 $0.154780 $     1.01  $   165.98  
51655 $  4009   $ 15297929492  $  9127147681     $      656913  $  1932031340  $     6208839  $     5079346  $       0      $       0      $      97      $           0  $              $1.676091      $656913.000000      $123.403198 $0.396573 $0.324429 $   311.17  $     1.22  
51657 $  5012   $  3198180928  $  9177040472     $     2385285  $   404964412  $   402253724  $     2385260  $      50      $       0      $      97      $           0  $              $0.348498      $2385285.000000      $25.840202 $25.667236 $0.152200 $     1.01  $   168.64  
51655 $  5011   $ 15299640617  $  9128009815     $      658794  $  1932307762  $     6208145  $     5082185  $       0      $       0      $      97      $           0  $              $1.676120      $658794.000000      $123.420853 $0.396528 $0.324611 $   311.25  $     1.22  
51657 $  6015   $  3307098455  $  9179066962     $     2456759  $   395369599  $   392007558  $     2742286  $      50      $       0      $      97      $           0  $              $0.360287      $2456759.000000      $25.227970 $25.013443 $0.174981 $     1.01  $   142.95  
51655 $  6014   $ 15304882962  $  9129969559     $      658227  $  1932983175  $     6211260  $     5080698  $       0      $       0      $      97      $           0  $              $1.676335      $658227.000000      $123.340897 $0.396332 $0.324192 $   311.21  $     1.22  
51657 $  7017   $  3423238226  $  9182860887     $     1789011  $   386580248  $   382530346  $     1788996  $      51      $       0      $      97      $           0  $              $0.372786      $1789011.000000      $24.691753 $24.433075 $0.114267 $     1.01  $   213.82  
51655 $  7016   $ 15318917710  $  9134946495     $      655707  $  1934935922  $     6202007  $     5079281  $       0      $       0      $      97      $           0  $              $1.676958      $655707.000000      $123.588722 $0.396136 $0.324425 $   311.99  $     1.22  
51657 $  8019   $  3423495119  $  9182798126     $     1798000  $   386609987  $   382563229  $     1798012  $      51      $       0      $      97      $           0  $              $0.372816      $1798000.000000      $24.693651 $24.435177 $0.114843 $     1.01  $   212.77  
51655 $  8018   $ 15318352799  $  9135093372     $      658861  $  1934822476  $     6206080  $     5079318  $       0      $       0      $      97      $           0  $              $1.676869      $658861.000000      $123.581482 $0.396396 $0.324427 $   311.76  $     1.22  
51657 $  9021   $  3286750406  $  9178855367     $     2188280  $   397435091  $   394191278  $     2188218  $      50      $       0      $      97      $           0  $              $0.358078      $2188280.000000      $25.385077 $25.177885 $0.139766 $     1.01  $   180.14  
51655 $  9020   $ 15350933164  $  9136474474     $      610548  $  1943340856  $     5908718  $     4903981  $       0      $       0      $      97      $           0  $              $1.680181      $610548.000000      $124.125557 $0.377403 $0.313228 $   328.89  $     1.20  
51657 $ 10023   $  3198541140  $  9178252381     $     2390768  $   405022252  $   402296445  $     2390752  $      50      $       0      $      97      $           0  $              $0.348491      $2390768.000000      $25.869684 $25.695581 $0.152703 $     1.01  $   168.27  
51655 $ 10022   $ 15312625665  $  9127910517     $      633158  $  1934892730  $     6104972  $     4982074  $       0      $       0      $      97      $           0  $              $1.677561      $633158.000000      $123.585960 $0.389938 $0.318216 $   316.94  $     1.23  
51657 $ 11026   $  3198099047  $  9176710623     $     2379944  $   404955583  $   402235972  $     2379923  $      50      $       0      $      97      $           0  $              $0.348502      $2379944.000000      $25.839638 $25.666103 $0.151859 $     1.01  $   169.01  
51655 $ 11025   $ 15299568558  $  9127950260     $      660984  $  1932296777  $     6202571  $     5080248  $       0      $       0      $      97      $           0  $              $1.676123      $660984.000000      $123.297104 $0.395777 $0.324163 $   311.53  $     1.22  
51655 $ 11209   $  2874354455  $  1728872714     $      147493  $   359876504  $     1403754  $     1047831  $       0      $       0      $      97      $           0  $              $1.662560      $147493.000000      $125.174438 $0.488262 $0.364463 $   256.37  $     1.34  
51657 $ 11211   $   291239014  $   835288065     $      259051  $    35923782  $    35680757  $      258046  $       8      $       0      $      97      $           0  $              $0.348669      $259051.000000      $12.427688 $12.343613 $0.089270 $     1.01  $   138.27  
51655 $ 12118   $ 14441677324  $  8596879943     $      489417  $  1827338458  $     5674504  $     4002053  $       0      $       0      $      97      $           0  $              $1.679874      $489417.000000      $128.657501 $0.399525 $0.281773 $   322.03  $     1.42  
51655 $ 12121   $     1961758  $     1169932     $          19  $      251560  $        1591  $         479  $       0      $       0      $      97      $           0  $              $1.676814      $19.000000      $5.366613 $0.033941 $0.010219 $   158.11  $     3.32  
51655 $ 13123   $ 14967425735  $  8970208046     $      667350  $  1887375286  $     6438702  $     5030501  $      50      $       0      $      97      $           0  $              $1.668571      $667350.000000      $120.550911 $0.411254 $0.321309 $   293.13  $     1.28  
51675 $  1002   $  3371055440  $  8971983674     $     2541682  $   371484864  $   365462765  $     2962124  $       0      $       0      $      97      $           0  $              $0.375731      $2541682.000000      $23.727575 $23.342930 $0.189198 $     1.02  $   123.38  
51675 $  2005   $  3397408757  $  9088598464     $     2595323  $   384628191  $   378375219  $     2595257  $      50      $       0      $      97      $           0  $              $0.373810      $2595323.000000      $24.542576 $24.143583 $0.165600 $     1.02  $   145.79  
51655 $ 14126   $ 14712801771  $  8849427920     $      662469  $  1852501447  $     6190869  $     5003159  $       0      $       0      $      97      $           0  $              $1.662571      $662469.000000      $118.205482 $0.395031 $0.319244 $   299.23  $     1.24  
51675 $  2436   $  1470418884  $  3930213190     $     1036740  $   166418091  $   163707054  $     1036684  $      21      $       0      $      97      $           0  $              $0.374132      $1036740.000000      $24.711737 $24.309168 $0.153939 $     1.02  $   157.91  
51655 $ 14557   $  6530451601  $  3892662308     $      232282  $   828178588  $     2384641  $     1979142  $       0      $       0      $      97      $           0  $              $1.677631      $232282.000000      $122.977791 $0.354100 $0.293887 $   347.30  $     1.20  
