PID   $time     $Instr Ret     $Unh Clk Cycles   $l2 trans reqs $l1lines       $l2lines       $Per Core bw   $Power         $Power2        $Power3        $bandwidth     $              $IPC           $MEM INTENSIITY$L2->L1 BW (MB)$L3->L2 BW (MB)$MM->L3 BW (MB)$L2 REUSE      $L3 REUSE      
59607 $  1003   $  4012656499  $  8792037696     $    35371897  $   229295298  $   175372515  $    39639787  $      45      $       0      $      97      $           0  $              $0.456397      $35371896.000000      $14.631006 $11.190270 $2.529358 $     1.31  $     4.42  
59605 $  1003   $  3091244231  $  8767202776     $    12643768  $   346296849  $   341578787  $    10303741  $       0      $       0      $      97      $           0  $              $0.352592      $12643768.000000      $22.096708 $21.795654 $0.657467 $     1.01  $    33.15  
59607 $  2005   $  4245923056  $  9133834823     $    42415190  $   274367856  $   209650442  $    46892203  $      47      $       0      $      97      $           0  $              $0.464857      $42415192.000000      $17.524494 $13.390847 $2.995111 $     1.31  $     4.47  
59605 $  2005   $  3175196813  $  9132522708     $    13529575  $   360063828  $   355203343  $    10666285  $       0      $       0      $      97      $           0  $              $0.347680      $13529575.000000      $22.998089 $22.687637 $0.681280 $     1.01  $    33.30  
59607 $  3007   $  4245433677  $  9134418940     $    42415079  $   274370497  $   209653324  $    46892926  $      47      $       0      $      97      $           0  $              $0.464773      $42415080.000000      $17.524662 $13.391031 $2.995157 $     1.31  $     4.47  
59605 $  3007   $  3174984035  $  9132716675     $    13517405  $   360058418  $   355175527  $    10664054  $       0      $       0      $      97      $           0  $              $0.347649      $13517405.000000      $22.997744 $22.685862 $0.681137 $     1.01  $    33.31  
59607 $  4010   $  4243340130  $  9133710892     $    42423184  $   274354678  $   209639445  $    46878551  $      47      $       0      $      97      $           0  $              $0.464580      $42423184.000000      $17.506182 $13.376794 $2.991254 $     1.31  $     4.47  
59605 $  4010   $  3196364201  $  9125089829     $    13422413  $   357796091  $   352906395  $    10931832  $       0      $       0      $      97      $           0  $              $0.350283      $13422413.000000      $22.830460 $22.518454 $0.697545 $     1.01  $    32.28  
59607 $  5012   $  4245133121  $  9133205484     $    42427526  $   274360890  $   209645777  $    46888339  $      47      $       0      $      97      $           0  $              $0.464802      $42427528.000000      $17.524050 $13.390549 $2.994864 $     1.31  $     4.47  
59605 $  5013   $  3174670166  $  9131269213     $    13516550  $   359989720  $   355145153  $    10663774  $       0      $       0      $      97      $           0  $              $0.347670      $13516550.000000      $22.970430 $22.661306 $0.680440 $     1.01  $    33.30  
59607 $  6014   $  4246220676  $  9135282304     $    42415374  $   274369342  $   209650678  $    46894020  $      47      $       0      $      97      $           0  $              $0.464815      $42415376.000000      $17.524590 $13.390862 $2.995227 $     1.31  $     4.47  
59605 $  6015   $  3174794213  $  9133466886     $    13514248  $   360035924  $   355155733  $    10655867  $       0      $       0      $      97      $           0  $              $0.347600      $13514248.000000      $22.996307 $22.684599 $0.680614 $     1.01  $    33.33  
59607 $  7016   $  4149920779  $  9134699810     $    41984546  $   268644920  $   206217187  $    45081215  $      47      $       0      $      97      $           0  $              $0.454303      $41984544.000000      $17.158957 $13.171556 $2.879439 $     1.30  $     4.57  
59605 $  7017   $  3199403617  $  9126365375     $    13414308  $   358180309  $   353281253  $    10922959  $       0      $       0      $      97      $           0  $              $0.350567      $13414308.000000      $22.877785 $22.564871 $0.697674 $     1.01  $    32.34  
59607 $  8018   $  4266648089  $  9133372610     $    40960266  $   267721547  $   204007010  $    46818119  $      47      $       0      $      97      $           0  $              $0.467149      $40960264.000000      $17.099979 $13.030388 $2.990379 $     1.31  $     4.36  
59605 $  8019   $  3173186205  $  9131749878     $    13523915  $   359836690  $   354980917  $    10650257  $       0      $       0      $      97      $           0  $              $0.347489      $13523915.000000      $22.983582 $22.673433 $0.680256 $     1.01  $    33.33  
59605 $  8643   $  2020314785  $  5743302283     $     8391289  $   228901010  $   225967401  $     5833703  $       0      $       0      $      97      $           0  $              $0.351769      $8391289.000000      $23.477026 $23.176144 $0.598329 $     1.01  $    38.73  
59607 $  8642   $  2334861291  $  4909258086     $    23040228  $   149733403  $   114181925  $    26107467  $      28      $       0      $      97      $           0  $              $0.475604      $23040228.000000      $15.357272 $11.710967 $2.677689 $     1.31  $     4.37  
59605 $  9103   $  1647347160  $  4401898348     $     5939385  $   185768358  $   184036901  $       93105  $       0      $       0      $      97      $           0  $              $0.374236      $5939385.000000      $25.846031 $25.605133 $0.012954 $     1.01  $  1976.66  
59605 $  9105   $      526621  $     1423208     $        1886  $       59494  $       58947  $         198  $       0      $       0      $      97      $           0  $              $0.370024      $1886.000000      $1.903808 $1.886304 $0.006336 $     1.01  $   297.71  
59605 $ 10107   $  2873503456  $  7984302565     $    10145373  $   317283084  $   312933544  $    11921398  $      44      $       0      $      97      $           0  $              $0.359894      $10145373.000000      $20.265585 $19.987770 $0.761447 $     1.01  $    26.25  
59625 $  1002   $  4023030810  $  8863834925     $    34626896  $   229378173  $   175830101  $    39800037  $       0      $       0      $      97      $           0  $              $0.453870      $34626896.000000      $14.650902 $11.230665 $2.542118 $     1.30  $     4.42  
59625 $  2004   $  4222968276  $  9042804540     $    42140606  $   274173021  $   209902054  $    46694041  $      47      $       0      $      97      $           0  $              $0.466998      $42140608.000000      $17.512049 $13.406918 $2.982454 $     1.31  $     4.50  
59605 $ 11109   $  3068906661  $  8759773783     $    12527919  $   347863409  $   343282632  $    11053373  $       0      $       0      $      97      $           0  $              $0.350341      $12527919.000000      $22.218821 $21.926235 $0.706004 $     1.01  $    31.06  
59625 $  3006   $  4241924522  $  9129967538     $    42366349  $   274349491  $   210075148  $    46869647  $      47      $       0      $      97      $           0  $              $0.464616      $42366348.000000      $17.523321 $13.417974 $2.993670 $     1.31  $     4.48  
59605 $ 12111   $  3174575500  $  9128300229     $    13514766  $   359997327  $   355124891  $    10675014  $       0      $       0      $      97      $           0  $              $0.347773      $13514766.000000      $22.993841 $22.682629 $0.681837 $     1.01  $    33.27  
59625 $  4008   $  4244053301  $  9134994832     $    42205017  $   274361204  $   210095097  $    46882722  $      47      $       0      $      97      $           0  $              $0.464593      $42205016.000000      $17.524069 $13.419249 $2.994505 $     1.31  $     4.48  
59605 $ 13114   $  3222175435  $  9126857777     $    12756419  $   343144446  $   338491538  $    10947876  $       0      $       0      $      97      $           0  $              $0.353043      $12756419.000000      $21.895557 $21.598663 $0.698568 $     1.01  $    30.92  
59625 $  5010   $  4245395351  $  9136660634     $    42380434  $   274378735  $   210110958  $    46898485  $      47      $       0      $      97      $           0  $              $0.464655      $42380432.000000      $17.525188 $13.420261 $2.995512 $     1.31  $     4.48  
59605 $ 14116   $  3177437851  $  9135842933     $    13537753  $   360278254  $   355451409  $    10683006  $       0      $       0      $      97      $           0  $              $0.347799      $13537753.000000      $23.011784 $22.703484 $0.682348 $     1.01  $    33.27  
59625 $  6012   $  4205922271  $  9137142249     $    42374572  $   272865907  $   209388279  $    46174032  $      47      $       0      $      97      $           0  $              $0.460310      $42374572.000000      $17.428562 $13.374102 $2.949239 $     1.30  $     4.53  
59605 $ 15118   $  3178126818  $  9135624384     $    13524642  $   360407294  $   355517872  $    10673759  $       0      $       0      $      97      $           0  $              $0.347883      $13524642.000000      $23.020027 $22.707729 $0.681757 $     1.01  $    33.31  
59625 $  6346   $  1340844583  $  3038780476     $    14094882  $    88722753  $    68706151  $    14348203  $      15      $       0      $      97      $           0  $              $0.441244      $14094882.000000      $17.000767 $13.165251 $2.749356 $     1.29  $     4.79  
59605 $ 15452   $  1050882676  $  3015588747     $     4458407  $   118616065  $   117005818  $     3506869  $       0      $       0      $      97      $           0  $              $0.348483      $4458407.000000      $22.728827 $22.420277 $0.671975 $     1.01  $    33.36  
