PID   $time     $Instr Ret     $Unh Clk Cycles   $l2 trans reqs $l1lines       $l2lines       $Per Core bw   $Power         $Power2        $Power3        $bandwidth     $              $IPC           $MEM INTENSIITY$L2->L1 BW (MB)$L3->L2 BW (MB)$MM->L3 BW (MB)$L2 REUSE      $L3 REUSE      
58017 $  1003   $ 17201310660  $  8898964722     $     2731347  $   372040607  $   341188822  $    55382563  $      52      $       0      $      97      $           0  $              $1.932956      $2731347.000000      $23.739380 $21.770773 $3.533882 $     1.09  $     6.16  
58015 $  1004   $ 16647319562  $  8911272122     $     9656054  $   371375928  $   495734605  $     4036017  $       0      $       0      $      97      $           0  $              $1.868119      $9656054.000000      $23.673367 $31.600611 $0.257276 $     0.75  $   122.83  
58017 $  2005   $ 17916840269  $  9141504325     $     2842883  $   388455994  $   356211496  $    57194600  $      53      $       0      $      97      $           0  $              $1.959944      $2842883.000000      $24.811562 $22.752031 $3.653148 $     1.09  $     6.23  
58015 $  2007   $ 17200480148  $  9138765303     $     9855380  $   383591432  $   509264105  $     3654505  $       0      $       0      $      97      $           0  $              $1.882145      $9855380.000000      $24.476421 $32.495415 $0.233189 $     0.75  $   139.35  
58017 $  3007   $ 17932122210  $  9140308648     $     2849697  $   388803727  $   356519522  $    57203016  $      53      $       0      $      97      $           0  $              $1.961873      $2849697.000000      $24.833771 $22.771706 $3.653686 $     1.09  $     6.23  
58015 $  3009   $ 17221916888  $  9137534081     $     9812892  $   383589078  $   507267073  $     3611073  $       0      $       0      $      97      $           0  $              $1.884745      $9812892.000000      $24.500700 $32.400291 $0.230647 $     0.76  $   140.48  
58017 $  4009   $ 17865803992  $  9140021991     $     2827379  $   387243899  $   355120626  $    57330830  $      53      $       0      $      97      $           0  $              $1.954678      $2827379.000000      $24.734142 $22.682356 $3.661849 $     1.09  $     6.19  
58015 $  4011   $ 17224315935  $  9137202943     $     9835999  $   384142417  $   510881718  $     3554777  $       0      $       0      $      97      $           0  $              $1.885075      $9835999.000000      $24.536043 $32.631168 $0.227052 $     0.75  $   143.72  
58017 $  5011   $ 17928675684  $  9140389519     $     2845179  $   388710337  $   356454402  $    57301704  $      53      $       0      $      97      $           0  $              $1.961478      $2845179.000000      $24.827806 $22.767546 $3.659989 $     1.09  $     6.22  
58015 $  5013   $ 17204737191  $  9138285138     $     9901927  $   384151919  $   511513814  $     3681469  $       0      $       0      $      97      $           0  $              $1.882710      $9901927.000000      $24.536648 $32.671543 $0.235144 $     0.75  $   138.94  
58017 $  6013   $ 17923991621  $  9140211190     $     2847814  $   388625085  $   356367595  $    57257291  $      53      $       0      $      97      $           0  $              $1.961004      $2847814.000000      $24.822361 $22.762001 $3.657152 $     1.09  $     6.22  
58015 $  6015   $ 17204014975  $  9137757615     $     9887920  $   384105439  $   511028612  $     3675524  $       0      $       0      $      97      $           0  $              $1.882739      $9887920.000000      $24.533680 $32.640549 $0.234764 $     0.75  $   139.04  
58017 $  6451   $  7954846019  $  4054553970     $     1271540  $   172211024  $   158098522  $    23550313  $      22      $       0      $      97      $           0  $              $1.961954      $1271540.000000      $25.163254 $23.101154 $3.441141 $     1.09  $     6.71  
58015 $  6453   $  5834833921  $  3109429192     $     3321437  $   129863301  $   171757006  $     1173073  $       0      $       0      $      97      $           0  $              $1.876497      $3321437.000000      $18.975460 $25.096914 $0.171408 $     0.76  $   146.42  
58017 $  7111   $ 12647525643  $  6289984024     $     2097867  $   272667274  $   251451360  $    26875631  $      25      $       0      $      97      $           0  $              $2.010741      $2097867.000000      $26.440462 $24.383162 $2.606122 $     1.08  $     9.36  
58017 $  7113   $    10684490  $     5267292     $        1889  $      232408  $      212384  $       21538  $       0      $       0      $      97      $           0  $              $2.028460      $1889.000000      $7.437056 $6.796288 $0.689216 $     1.09  $     9.86  
58017 $  8115   $ 17887922231  $  9133598162     $     2833438  $   387817591  $   355642907  $    56768249  $      53      $       0      $      97      $           0  $              $1.958475      $2833438.000000      $24.770784 $22.715715 $3.625916 $     1.09  $     6.26  
58035 $  1002   $ 16717237565  $  8952340825     $     9768424  $   373294343  $   498084838  $     4124470  $       0      $       0      $      97      $           0  $              $1.867359      $9768424.000000      $23.843151 $31.813801 $0.263439 $     0.75  $   120.76  
58017 $  9117   $ 17874259132  $  9132249610     $     2832759  $   387539512  $   355369535  $    56799432  $      54      $       0      $      97      $           0  $              $1.957268      $2832759.000000      $24.753023 $22.698254 $3.627908 $     1.09  $     6.26  
58035 $  2004   $ 17156895719  $  9130350979     $     9902902  $   383421416  $   509589486  $     3736637  $       0      $       0      $      97      $           0  $              $1.879106      $9902902.000000      $24.489990 $32.548630 $0.238667 $     0.75  $   136.38  
58017 $ 10119   $ 17900533340  $  9133637675     $     2834116  $   388102451  $   355866515  $    56828712  $      54      $       0      $      97      $           0  $              $1.959847      $2834116.000000      $24.788980 $22.729998 $3.629778 $     1.09  $     6.26  
58035 $  3006   $ 17188832341  $  9131717974     $     9833724  $   383552668  $   507511936  $     3672730  $       0      $       0      $      97      $           0  $              $1.882322      $9833724.000000      $24.498375 $32.415932 $0.234586 $     0.76  $   138.18  
58017 $ 11121   $ 17814175672  $  9133931710     $     2813213  $   386142976  $   354093394  $    56962899  $      53      $       0      $      97      $           0  $              $1.950329      $2813213.000000      $24.663822 $22.616745 $3.638349 $     1.09  $     6.22  
58035 $  4008   $ 17170651993  $  9131985787     $     9885898  $   383505201  $   510628459  $     3622103  $       0      $       0      $      97      $           0  $              $1.880276      $9885898.000000      $24.495342 $32.614990 $0.231352 $     0.75  $   140.98  
58017 $ 12124   $ 17887580770  $  9133266428     $     2830456  $   387790219  $   355629412  $    56868988  $      53      $       0      $      97      $           0  $              $1.958509      $2830456.000000      $24.744341 $22.692205 $3.628729 $     1.09  $     6.25  
58035 $  5011   $ 17172573081  $  9131010233     $     9957150  $   383546051  $   509571626  $     3724725  $       0      $       0      $      97      $           0  $              $1.880687      $9957150.000000      $24.473526 $32.515038 $0.237669 $     0.75  $   136.81  
58017 $ 13126   $ 17893054886  $  9133644276     $     2839741  $   387995156  $   355754902  $    56879599  $      53      $       0      $      97      $           0  $              $1.959027      $2839741.000000      $24.782127 $22.722868 $3.633028 $     1.09  $     6.25  
58035 $  6014   $ 17175512777  $  9131831943     $     9934453  $   383543411  $   509658537  $     3708845  $       0      $       0      $      97      $           0  $              $1.880840      $9934453.000000      $24.473358 $32.520584 $0.236656 $     0.75  $   137.42  
58017 $ 13583   $  8310643511  $  4233555907     $     1320648  $   179849188  $   165169316  $    24349173  $      23      $       0      $      97      $           0  $              $1.963041      $1320648.000000      $25.186756 $23.130932 $3.409950 $     1.09  $     6.78  
58035 $  6471   $  5962882551  $  3175805196     $     3415732  $   132655247  $   174742806  $     1208005  $       0      $       0      $      97      $           0  $              $1.877597      $3415732.000000      $18.577539 $24.471640 $0.169174 $     0.76  $   144.65  
58017 $ 14235   $ 12873346445  $  6416642827     $     2138106  $   277654616  $   255943210  $    27684981  $      26      $       0      $      97      $           0  $              $2.006243      $2138106.000000      $27.254442 $25.123260 $2.717544 $     1.08  $     9.24  
58017 $ 14237   $    10277131  $     5047272     $        1780  $      222593  $      204826  $       19502  $       0      $       0      $      97      $           0  $              $2.036175      $1780.000000      $7.122976 $6.554432 $0.624064 $     1.09  $    10.50  
58017 $ 15240   $ 17902122363  $  9129002847     $     2827260  $   388074360  $   355934482  $    57515577  $      53      $       0      $      97      $           0  $              $1.961016      $2827260.000000      $24.762472 $22.711672 $3.669987 $     1.09  $     6.19  
58040 $  1003   $ 16748337504  $  8946240655     $     9722411  $   373575428  $   497440128  $     4110722  $       0      $       0      $      97      $           0  $              $1.872109      $9722411.000000      $23.837315 $31.740946 $0.262299 $     0.75  $   121.01  
58040 $  1352   $  5984629156  $  3165176092     $     3353102  $   133109670  $   174942165  $     1216753  $       0      $       0      $      97      $           0  $              $1.890773      $3353102.000000      $24.409796 $32.081085 $0.223129 $     0.76  $   143.78  
58017 $ 15589   $  6166662932  $  3147643538     $      977002  $   133526046  $   122453621  $    19689139  $      18      $       0      $      97      $           0  $              $1.959136      $977002.000000      $24.486153 $22.455679 $3.610616 $     1.09  $     6.22  
