PID   $time     $Instr Ret     $Unh Clk Cycles   $l2 trans reqs $l1lines       $l2lines       $Per Core bw   $Power         $Power2        $Power3        $bandwidth     $              $IPC           $MEM INTENSIITY$L2->L1 BW (MB)$L3->L2 BW (MB)$MM->L3 BW (MB)$L2 REUSE      $L3 REUSE      
55232 $  1003   $ 21336601221  $  8804850580     $     7334595  $   345969405  $   423198122  $     4248416  $      49      $       0      $      97      $           0  $              $2.423278      $7334595.000000      $22.075815 $27.003668 $0.271085 $     0.82  $    99.61  
55230 $  1003   $  3326085922  $  8867998717     $    11436787  $   366026193  $   361535030  $     4826381  $       0      $       0      $      97      $           0  $              $0.375066      $11436787.000000      $23.355610 $23.069035 $0.307965 $     1.01  $    74.91  
55232 $  2005   $ 22113228710  $  9136874285     $     7488515  $   357890978  $   435292208  $     4061511  $      51      $       0      $      97      $           0  $              $2.420218      $7488515.000000      $22.859304 $27.803097 $0.259418 $     0.82  $   107.17  
55230 $  2005   $  3411239736  $  9161888558     $    12077971  $   385853467  $   381197894  $     4537056  $       0      $       0      $      97      $           0  $              $0.372329      $12077971.000000      $24.645332 $24.347969 $0.289792 $     1.01  $    84.02  
55232 $  3007   $ 22096067671  $  9130740257     $     7714191  $   357984013  $   439784321  $     4150816  $      51      $       0      $      97      $           0  $              $2.419965      $7714191.000000      $22.865246 $28.090017 $0.265122 $     0.81  $   105.95  
55230 $  3007   $  3384576459  $  9162240796     $    11835516  $   387891563  $   383071888  $     4674335  $       0      $       0      $      97      $           0  $              $0.369405      $11835516.000000      $24.775509 $24.467665 $0.298560 $     1.01  $    81.95  
55232 $  4010   $ 22103398661  $  9133451489     $     7555644  $   358076711  $   437392782  $     5160020  $      50      $       0      $      97      $           0  $              $2.420049      $7555644.000000      $22.848364 $27.909409 $0.329254 $     0.82  $    84.77  
55230 $  4010   $  3194916116  $  9164616621     $     9750807  $   406278257  $   400997244  $     4296095  $       0      $       0      $      97      $           0  $              $0.348614      $9750807.000000      $25.924038 $25.587063 $0.274128 $     1.01  $    93.34  
55232 $  5012   $ 22107881404  $  9134959489     $     7542539  $   358005091  $   435574258  $     5176163  $      50      $       0      $      97      $           0  $              $2.420140      $7542539.000000      $22.866592 $27.821112 $0.330613 $     0.82  $    84.15  
55230 $  5012   $  3195564575  $  9166263531     $     9765018  $   406327723  $   401065702  $     4264888  $       0      $       0      $      97      $           0  $              $0.348622      $9765018.000000      $25.953068 $25.616970 $0.272408 $     1.01  $    94.04  
55232 $  6014   $ 22127843754  $  9134362930     $     7589247  $   358349555  $   436825060  $     4749247  $      50      $       0      $      97      $           0  $              $2.422484      $7589247.000000      $22.888596 $27.901001 $0.303345 $     0.82  $    91.98  
55230 $  6014   $  3298901522  $  9165531219     $    10739717  $   396143710  $   391138786  $     4996616  $       0      $       0      $      97      $           0  $              $0.359925      $10739717.000000      $25.302593 $24.982916 $0.319145 $     1.01  $    78.28  
55232 $  7016   $ 22187938087  $  9137799460     $     7570398  $   359263378  $   438494654  $     3938757  $      51      $       0      $      97      $           0  $              $2.428149      $7570398.000000      $22.946962 $28.007643 $0.251577 $     0.82  $   111.33  
55230 $  7017   $  3414701799  $  9168047233     $    12115664  $   386065707  $   381588274  $     4552154  $       0      $       0      $      97      $           0  $              $0.372457      $12115664.000000      $24.634302 $24.348604 $0.290466 $     1.01  $    83.83  
55232 $  8018   $ 22182616017  $  9137394038     $     7560502  $   359145064  $   438169655  $     3970630  $      51      $       0      $      97      $           0  $              $2.427674      $7560502.000000      $22.939405 $27.986885 $0.253613 $     0.82  $   110.35  
55230 $  8019   $  3414582303  $  9168727776     $    12119793  $   386084062  $   381571932  $     4554158  $       0      $       0      $      97      $           0  $              $0.372416      $12119793.000000      $24.660061 $24.371861 $0.290884 $     1.01  $    83.79  
55232 $  9020   $ 22119740241  $  9134748537     $     7533169  $   358078846  $   436614053  $     4721738  $      50      $       0      $      97      $           0  $              $2.421494      $7533169.000000      $22.871304 $27.887524 $0.301588 $     0.82  $    92.47  
55230 $  9021   $  3285132441  $  9165915769     $    10698272  $   397705690  $   392636989  $     4601362  $       0      $       0      $      97      $           0  $              $0.358407      $10698272.000000      $25.402359 $25.078609 $0.293899 $     1.01  $    85.33  
55232 $ 10022   $ 22105079094  $  9132562066     $     7526808  $   357892777  $   435930247  $     5226337  $      50      $       0      $      97      $           0  $              $2.420469      $7526808.000000      $22.859419 $27.843847 $0.333818 $     0.82  $    83.41  
55230 $ 10024   $  3194418011  $  9162954405     $     9754982  $   406222720  $   400932913  $     4340191  $       0      $       0      $      97      $           0  $              $0.348623      $9754982.000000      $25.920492 $25.582958 $0.276941 $     1.01  $    92.38  
55232 $ 11024   $ 22105407237  $  9132312203     $     7531068  $   357922781  $   435598083  $     5225504  $      50      $       0      $      97      $           0  $              $2.420571      $7531068.000000      $22.861336 $27.822632 $0.333765 $     0.82  $    83.36  
55230 $ 11026   $  3194558981  $  9163513988     $     9789067  $   406110707  $   400923478  $     4304009  $       0      $       0      $      97      $           0  $              $0.348617      $9789067.000000      $25.939207 $25.607887 $0.274907 $     1.01  $    93.15  
55232 $ 11252   $  5134425801  $  2148862507     $     1748303  $    83062118  $   101059718  $      805363  $       9      $       0      $      97      $           0  $              $2.389369      $1748303.000000      $23.315683 $28.367641 $0.226067 $     0.82  $   125.48  
55230 $ 11254   $   363398970  $  1041318565     $     1167821  $    45254268  $    44684415  $      478438  $       0      $       0      $      97      $           0  $              $0.348980      $1167821.000000      $12.702952 $12.542994 $0.134298 $     1.01  $    93.40  
55232 $ 12139   $ 19830370410  $  8113304249     $     6451117  $   321289451  $   393672726  $      558442  $      31      $       0      $      97      $           0  $              $2.444179      $6451117.000000      $23.182102 $28.404797 $0.040293 $     0.82  $   704.95  
55232 $ 12141   $    15118013  $     6050945     $        3850  $      243037  $      295006  $         272  $       0      $       0      $      97      $           0  $              $2.498455      $3850.000000      $7.777184 $9.440192 $0.008704 $     0.82  $  1084.58  
55232 $ 13143   $ 22028466034  $  9125518272     $     7468727  $   356531803  $   434642154  $     5153500  $      50      $       0      $      97      $           0  $              $2.413941      $7468727.000000      $22.772491 $27.761574 $0.329166 $     0.82  $    84.34  
55250 $  1002   $  3363875727  $  8948189694     $    11154985  $   369335674  $   364645045  $     4506897  $       0      $       0      $      97      $           0  $              $0.375928      $11154985.000000      $23.590303 $23.290703 $0.287866 $     1.01  $    80.91  
55250 $  1655   $  2223849802  $  5953781823     $     7567179  $   250945200  $   247762128  $     2582487  $       0      $       0      $      97      $           0  $              $0.373519      $7567179.000000      $24.594934 $24.282965 $0.253107 $     1.01  $    95.94  
55232 $ 13796   $ 14349610172  $  5924824787     $     4753843  $   231992222  $   279778543  $     3230444  $      33      $       0      $      97      $           0  $              $2.421947      $4753843.000000      $22.737370 $27.420866 $0.316613 $     0.83  $    86.61  
