PID   $time     $Instr Ret     $Unh Clk Cycles   $l2 trans reqs $l1lines       $l2lines       $Per Core bw   $Power         $Power2        $Power3        $bandwidth     $              $IPC           $MEM INTENSIITY$L2->L1 BW (MB)$L3->L2 BW (MB)$MM->L3 BW (MB)$L2 REUSE      $L3 REUSE      
52296 $  1003   $  3360160601  $  8769967782     $    14670232  $   237498380  $   186891575  $    34434435  $      46      $       0      $      97      $           0  $              $0.383144      $14670232.000000      $15.154433 $11.925284 $2.197212 $     1.27  $     5.43  
52294 $  1003   $ 14487363469  $  8743465526     $      710604  $  1824621843  $     6383509  $     5132230  $       0      $       0      $      97      $           0  $              $1.656936      $710604.000000      $116.426514 $0.407323 $0.327480 $   285.83  $     1.24  
52296 $  2006   $  3562328699  $  9158455561     $    15938205  $   259918557  $   204342686  $    40269497  $      48      $       0      $      97      $           0  $              $0.388966      $15938205.000000      $16.585033 $13.038815 $2.569539 $     1.27  $     5.07  
52294 $  2006   $ 15181020596  $  9107178026     $      664534  $  1914448270  $     6298836  $     5240658  $       0      $       0      $      97      $           0  $              $1.666929      $664534.000000      $122.158211 $0.401920 $0.334399 $   303.94  $     1.20  
52296 $  3008   $  3473486587  $  9160642254     $    15759337  $   258562375  $   204480423  $    38485030  $      48      $       0      $      97      $           0  $              $0.379175      $15759337.000000      $16.514961 $13.060625 $2.458126 $     1.26  $     5.31  
52294 $  3008   $ 15191905311  $  9109916622     $      660210  $  1915967066  $     6325924  $     5234374  $       0      $       0      $      97      $           0  $              $1.667623      $660210.000000      $122.377144 $0.404051 $0.334331 $   302.88  $     1.21  
52296 $  4010   $  3504057076  $  9151490178     $    16972887  $   277337932  $   218266813  $    40452028  $      48      $       0      $      97      $           0  $              $0.382895      $16972888.000000      $17.714199 $13.941194 $2.583762 $     1.27  $     5.40  
52294 $  4010   $ 15184479724  $  9101385764     $      658542  $  1915199096  $     6312490  $     5232300  $       0      $       0      $      97      $           0  $              $1.668370      $658542.000000      $122.328087 $0.403193 $0.334199 $   303.40  $     1.21  
52296 $  5012   $  3528603942  $  9154349048     $    16505691  $   269418340  $   211943749  $    40391523  $      48      $       0      $      97      $           0  $              $0.385457      $16505691.000000      $17.208357 $13.537325 $2.579898 $     1.27  $     5.25  
52294 $  5012   $ 15255289538  $  9110774194     $      602077  $  1929473192  $     5980954  $     5026861  $       0      $       0      $      97      $           0  $              $1.674423      $602077.000000      $123.239799 $0.382017 $0.321077 $   322.60  $     1.19  
52296 $  6014   $  3575849750  $  9157346503     $    15624907  $   254844804  $   200278852  $    40174015  $      48      $       0      $      97      $           0  $              $0.390490      $15624907.000000      $16.277512 $12.792262 $2.566005 $     1.27  $     4.99  
52294 $  6014   $ 15214491235  $  9107446647     $      658183  $  1919763676  $     6302016  $     5246314  $       0      $       0      $      97      $           0  $              $1.670555      $658183.000000      $122.619637 $0.402524 $0.335094 $   304.63  $     1.20  
52296 $  7016   $  3423057101  $  9157061389     $    16519118  $   271122518  $   214533253  $    38607217  $      48      $       0      $      97      $           0  $              $0.373816      $16519118.000000      $17.317207 $13.702723 $2.465930 $     1.26  $     5.56  
52294 $  7016   $ 15211175847  $  9107512559     $      662716  $  1919107684  $     6306484  $     5258576  $       0      $       0      $      97      $           0  $              $1.670179      $662716.000000      $122.577736 $0.402809 $0.335877 $   304.31  $     1.20  
52296 $  8018   $  3496090093  $  9157834624     $    16955394  $   276134600  $   217291007  $    40379615  $      48      $       0      $      97      $           0  $              $0.381759      $16955394.000000      $17.637339 $13.878867 $2.579137 $     1.27  $     5.38  
52294 $  8018   $ 15118629887  $  9105462480     $      704549  $  1904741930  $     6317842  $     5250289  $       0      $       0      $      97      $           0  $              $1.660391      $704549.000000      $121.660164 $0.403535 $0.335348 $   301.49  $     1.20  
52296 $  9021   $  3577576730  $  9157350791     $    15646622  $   255224518  $   200589771  $    40179765  $      48      $       0      $      97      $           0  $              $0.390678      $15646622.000000      $16.285513 $12.799348 $2.563813 $     1.27  $     4.99  
52294 $  9021   $ 15194005697  $  9107456445     $      660693  $  1916480895  $     6309178  $     5235255  $       0      $       0      $      97      $           0  $              $1.668304      $660693.000000      $122.287910 $0.402580 $0.334054 $   303.76  $     1.21  
52296 $ 10023   $  3453415247  $  9156770435     $    16086501  $   263999305  $   208824464  $    38538090  $      48      $       0      $      97      $           0  $              $0.377143      $16086501.000000      $16.862232 $13.338090 $2.461515 $     1.26  $     5.42  
52294 $ 10024   $ 15192162197  $  9106781295     $      657909  $  1916155696  $     6315170  $     5233571  $       0      $       0      $      97      $           0  $              $1.668225      $657909.000000      $122.267159 $0.402962 $0.333947 $   303.42  $     1.21  
52294 $ 10664   $  9842372257  $  5881110524     $      395251  $  1244249406  $     3903792  $     3226858  $       0      $       0      $      97      $           0  $              $1.673557      $395251.000000      $124.424934 $0.390379 $0.322686 $   318.73  $     1.21  
52296 $ 10663   $  1894475324  $  4959604651     $     9653882  $   157543963  $   123809251  $    22229393  $      29      $       0      $      97      $           0  $              $0.381981      $9653882.000000      $15.754396 $12.380925 $2.222939 $     1.27  $     5.57  
52294 $ 11120   $  7226894636  $  4311042127     $      264889  $   912965200  $     2995219  $     2102653  $       0      $       0      $      97      $           0  $              $1.676368      $264889.000000      $128.135468 $0.420382 $0.295109 $   304.81  $     1.42  
52294 $ 11123   $      583103  $     1440435     $           2  $           5  $          24  $           2  $       0      $       0      $      97      $           0  $              $0.404810      $2.000000      $0.000107 $0.000512 $0.000043 $     0.21  $    12.00  
52294 $ 12125   $ 14883786537  $  9004914506     $      630275  $  1872124211  $     6062544  $     4978744  $      47      $       0      $      97      $           0  $              $1.652851      $630275.000000      $119.576790 $0.387228 $0.318004 $   308.80  $     1.22  
52314 $  1002   $  3352509918  $  8873444834     $    14625179  $   237440692  $   204014932  $    34398388  $       0      $       0      $      97      $           0  $              $0.377814      $14625179.000000      $15.165873 $13.030893 $2.197103 $     1.16  $     5.93  
52314 $  2004   $  3399859991  $  9018231842     $    14732251  $   240501108  $   207037649  $    37397423  $      47      $       0      $      97      $           0  $              $0.376999      $14732251.000000      $15.361348 $13.223962 $2.388658 $     1.16  $     5.54  
52294 $ 13127   $ 14364882013  $  8749493494     $      684960  $  1801696984  $     6091979  $     5053212  $       0      $       0      $      97      $           0  $              $1.641796      $684960.000000      $115.078453 $0.389108 $0.322760 $   295.75  $     1.21  
52314 $  3006   $  3430677034  $  9147975333     $    16937929  $   276742948  $   237736736  $    39941562  $      48      $       0      $      97      $           0  $              $0.375020      $16937928.000000      $17.676195 $15.184781 $2.551157 $     1.16  $     5.95  
52294 $ 14129   $ 15187577629  $  9099048288     $      660602  $  1916300892  $     6283055  $     5232552  $       0      $       0      $      97      $           0  $              $1.669139      $660602.000000      $122.398460 $0.401313 $0.334215 $   305.00  $     1.20  
52314 $  3590   $  2022019086  $  5323649065     $     9293649  $   151745480  $   130189811  $    23047868  $      28      $       0      $      97      $           0  $              $0.379818      $9293649.000000      $16.629641 $14.267376 $2.525794 $     1.17  $     5.65  
52294 $ 14713   $  8827387868  $  5273430395     $      325591  $  1117817234  $     3300321  $     2794793  $       0      $       0      $      97      $           0  $              $1.673936      $325591.000000      $122.500519 $0.361679 $0.306279 $   338.70  $     1.18  
