PID   $time     $Instr Ret     $Unh Clk Cycles   $l2 trans reqs $l1lines       $l2lines       $Per Core bw   $Power         $Power2        $Power3        $bandwidth     $              $IPC           $MEM INTENSIITY$L2->L1 BW (MB)$L3->L2 BW (MB)$MM->L3 BW (MB)$L2 REUSE      $L3 REUSE      
62672 $  1003   $  3290809868  $  7656805707     $      119180  $    36400167  $    33397699  $    27105017  $      44      $       0      $      97      $           0  $              $0.429789      $119180.000000      $2.322643 $2.131060 $1.729532 $     1.09  $     1.23  
62670 $  1003   $  4817594119  $  7760740025     $      139976  $   131043484  $   132784030  $   123411721  $       0      $       0      $      97      $           0  $              $0.620765      $139976.000000      $8.361698 $8.472760 $7.874726 $     0.99  $     1.08  
62672 $  2005   $  3901225637  $  9020026330     $       41432  $    43565992  $    39940323  $    32237216  $      46      $       0      $      97      $           0  $              $0.432507      $41432.000000      $2.782658 $2.551079 $2.059064 $     1.09  $     1.24  
62670 $  2005   $  5366291430  $  9105872168     $      122612  $   167978918  $   168030881  $   164461841  $       0      $       0      $      97      $           0  $              $0.589322      $122612.000000      $10.729192 $10.732512 $10.504549 $     1.00  $     1.02  
62672 $  3007   $  3892907977  $  9022806465     $       40637  $    42744186  $    39425810  $    31888009  $      46      $       0      $      97      $           0  $              $0.431452      $40637.000000      $2.730167 $2.518215 $2.036759 $     1.08  $     1.24  
62670 $  3007   $  5422008190  $  9107152919     $      127856  $   169070386  $   169119385  $   165551158  $       0      $       0      $      97      $           0  $              $0.595357      $127856.000000      $10.798906 $10.802037 $10.574125 $     1.00  $     1.02  
62672 $  4009   $  3874163734  $  9027537115     $       39709  $    42427907  $    38881560  $    31685173  $      46      $       0      $      97      $           0  $              $0.429150      $39709.000000      $2.709966 $2.483453 $2.023803 $     1.09  $     1.23  
62670 $  4009   $  5447274414  $  9105872049     $      136479  $   170758830  $   170806909  $   167245360  $       0      $       0      $      97      $           0  $              $0.598216      $136479.000000      $10.906752 $10.909822 $10.682339 $     1.00  $     1.02  
62672 $  5011   $  3901415797  $  9020774126     $       41146  $    43547955  $    39921427  $    32218624  $      46      $       0      $      97      $           0  $              $0.432492      $41146.000000      $2.781506 $2.549872 $2.057876 $     1.09  $     1.24  
62670 $  5011   $  5338903167  $  9106632783     $      122809  $   168238328  $   168289232  $   164722801  $       0      $       0      $      97      $           0  $              $0.586265      $122809.000000      $10.745762 $10.749013 $10.521216 $     1.00  $     1.02  
62672 $  6013   $  3885390455  $  9026784556     $       40832  $    41941250  $    38722044  $    31463472  $      46      $       0      $      97      $           0  $              $0.430429      $40832.000000      $2.678882 $2.473264 $2.009643 $     1.08  $     1.23  
62670 $  6013   $  5476876309  $  9112425363     $      122399  $   168461619  $   168511629  $   164942698  $       0      $       0      $      97      $           0  $              $0.601034      $122399.000000      $10.760023 $10.763218 $10.535262 $     1.00  $     1.02  
62672 $  7015   $  3888425517  $  9040731654     $       40821  $    43397965  $    39671355  $    32182220  $      46      $       0      $      97      $           0  $              $0.430101      $40821.000000      $2.771926 $2.533899 $2.055551 $     1.09  $     1.23  
62670 $  7016   $  5376063491  $  9119511961     $      135417  $   170711056  $   170757603  $   167193647  $       0      $       0      $      97      $           0  $              $0.589512      $135417.000000      $10.892829 $10.895799 $10.668388 $     1.00  $     1.02  
62672 $  8018   $  4032639102  $  9111480643     $       38209  $    44384852  $    40621433  $    33338072  $      43      $       0      $      97      $           0  $              $0.442589      $38209.000000      $2.832134 $2.591996 $2.127255 $     1.09  $     1.22  
62670 $  8019   $  5938224885  $  7981944697     $      162673  $   130099844  $   130137684  $   127703848  $       0      $       0      $      97      $           0  $              $0.743957      $162673.000000      $8.301485 $8.303900 $8.148601 $     1.00  $     1.02  
62672 $  8359   $  1485858142  $  3201886274     $       11154  $    16257754  $    14828303  $    12395812  $      11      $       0      $      97      $           0  $              $0.464057      $11154.000000      $3.051309 $2.783025 $2.326487 $     1.10  $     1.20  
62670 $  8360   $   627484350  $   264569681     $      359869  $     4913081  $     4916062  $     4911961  $       0      $       0      $      97      $           0  $              $2.371717      $359869.000000      $0.922103 $0.922663 $0.921893 $     1.00  $     1.00  
62672 $  8471   $   491265999  $   966584588     $       22775  $     6192774  $     5469602  $     4347172  $       3      $       0      $      97      $           0  $              $0.508249      $22775.000000      $3.538728 $3.125487 $2.484098 $     1.13  $     1.26  
62690 $  1003   $  5900844836  $  8470118409     $      164594  $   163112787  $   164781813  $   154837741  $      36      $       0      $      65      $           0  $              $0.696666      $164594.000000      $10.407994 $10.514492 $9.879975 $     0.99  $     1.06  
