PID   $time     $Instr Ret     $Unh Clk Cycles   $l2 trans reqs $l1lines       $l2lines       $Per Core bw   $Power         $Power2        $Power3        $bandwidth     $              $IPC           $MEM INTENSIITY$L2->L1 BW (MB)$L3->L2 BW (MB)$MM->L3 BW (MB)$L2 REUSE      $L3 REUSE      
51936 $  1003   $ 14747342961  $  8854938447     $     8530339  $   329136349  $   431211816  $     4707368  $      48      $       0      $      97      $           0  $              $1.665437      $8530339.000000      $21.001720 $27.515011 $0.300370 $     0.76  $    91.60  
51934 $  1003   $  5049440512  $  8809324748     $     5791863  $   222789136  $   148199278  $   143584193  $       0      $       0      $      97      $           0  $              $0.573193      $5791863.000000      $14.215858 $9.456385 $9.161902 $     1.50  $     1.03  
51932 $  1003   $  2846447400  $  6801566523     $      127067  $    69194731  $    71028592  $    63093672  $      46      $       0      $      97      $           0  $              $0.418499      $127067.000000      $4.415217 $4.532233 $4.025917 $     0.97  $     1.13  
51930 $  1003   $  3324446955  $  8826196126     $     3347320  $   140584664  $    93786786  $    92162893  $       0      $       0      $      97      $           0  $              $0.376657      $3347320.000000      $8.970508 $5.984401 $5.880783 $     1.50  $     1.02  
51936 $  2006   $ 15131839973  $  9115433211     $     8698689  $   337860172  $   441626616  $     4565409  $      49      $       0      $      97      $           0  $              $1.660024      $8698689.000000      $21.558374 $28.179565 $0.291312 $     0.77  $    96.73  
51934 $  2006   $  5266269878  $  9115193795     $     6247554  $   239546362  $   159644187  $   154784834  $       0      $       0      $      97      $           0  $              $0.577746      $6247554.000000      $15.285112 $10.186668 $9.876599 $     1.50  $     1.03  
51932 $  2005   $  3166958714  $  9095474007     $       87191  $    97950011  $    97989045  $    96297023  $      47      $       0      $      97      $           0  $              $0.348191      $87191.000000      $6.256288 $6.258781 $6.150708 $     1.00  $     1.02  
51930 $  2006   $  3181882713  $  9090557749     $     3417213  $   146217351  $    97380895  $    95988163  $       0      $       0      $      97      $           0  $              $0.350021      $3417213.000000      $9.329920 $6.213736 $6.124867 $     1.50  $     1.01  
51936 $  3009   $ 15129080597  $  9116543103     $     8667324  $   337773942  $   440277543  $     4556106  $      49      $       0      $      97      $           0  $              $1.659520      $8667324.000000      $21.552874 $28.093481 $0.290719 $     0.77  $    96.63  
51934 $  3009   $  5274556876  $  9116451598     $     6233528  $   239988633  $   159669176  $   154794324  $       0      $       0      $      97      $           0  $              $0.578576      $6233528.000000      $15.313333 $10.188263 $9.877205 $     1.50  $     1.03  
51932 $  3008   $  3242889941  $  9096388408     $       97872  $   103054286  $   103091031  $   101345923  $      47      $       0      $      97      $           0  $              $0.356503      $97872.000000      $6.575747 $6.578092 $6.466739 $     1.00  $     1.02  
51930 $  3009   $  3168346827  $  9091030367     $     3314037  $   141617850  $    94802281  $    93463009  $       0      $       0      $      97      $           0  $              $0.348514      $3314037.000000      $9.036433 $6.049198 $5.963741 $     1.49  $     1.01  
51936 $  4011   $ 15147936299  $  9115887778     $     8581506  $   337861634  $   439385660  $     4508891  $      49      $       0      $      97      $           0  $              $1.661707      $8581506.000000      $21.579985 $28.064554 $0.287993 $     0.77  $    97.45  
51934 $  4011   $  5262784817  $  9114989198     $     6266198  $   239402486  $   159647278  $   154784430  $       0      $       0      $      97      $           0  $              $0.577377      $6266198.000000      $15.291177 $10.197032 $9.886431 $     1.50  $     1.03  
51932 $  4011   $  3218572954  $  9096726375     $       93484  $   100787600  $   100825633  $    99096926  $      47      $       0      $      97      $           0  $              $0.353817      $93484.000000      $6.431113 $6.433540 $6.323234 $     1.00  $     1.02  
51930 $  4011   $  3187091455  $  9092049813     $     3366032  $   143843726  $    96010186  $    94642424  $       0      $       0      $      97      $           0  $              $0.350536      $3366032.000000      $9.187623 $6.132387 $6.045025 $     1.50  $     1.01  
51936 $  5013   $ 15204337518  $  9123053408     $     8687727  $   339647795  $   443461258  $     4417571  $      49      $       0      $      97      $           0  $              $1.666584      $8687727.000000      $21.694071 $28.324871 $0.282160 $     0.77  $   100.39  
51934 $  5013   $  5282087573  $  9122319299     $     6244424  $   240330168  $   159889696  $   155003012  $       0      $       0      $      97      $           0  $              $0.579029      $6244424.000000      $15.350430 $10.212516 $9.900392 $     1.50  $     1.03  
51932 $  5013   $  3209291698  $  9096863682     $       91790  $    98605144  $    98643164  $    96951798  $      47      $       0      $      97      $           0  $              $0.352791      $91790.000000      $6.298133 $6.300561 $6.192530 $     1.00  $     1.02  
51930 $  5013   $  3183404035  $  9092317928     $     3434327  $   146225675  $    97473087  $    96091919  $       0      $       0      $      97      $           0  $              $0.350120      $3434327.000000      $9.339764 $6.225826 $6.137608 $     1.50  $     1.01  
51936 $  6016   $ 15236977054  $  9115921088     $     8759816  $   340283142  $   444264078  $     4437120  $      49      $       0      $      97      $           0  $              $1.671469      $8759816.000000      $21.712982 $28.347857 $0.283126 $     0.77  $   100.12  
51934 $  6016   $  5274074285  $  9115389193     $     6291113  $   239944423  $   160067202  $   155183737  $       0      $       0      $      97      $           0  $              $0.578590      $6291113.000000      $15.310511 $10.213660 $9.902054 $     1.50  $     1.03  
51932 $  6015   $  3353063129  $  9093059163     $      103190  $   105294427  $   105333127  $   103551590  $      47      $       0      $      97      $           0  $              $0.368750      $103190.000000      $6.725392 $6.727864 $6.614074 $     1.00  $     1.02  
51930 $  6016   $  3172371035  $  9087403286     $     3215884  $   139247200  $    93081554  $    91753182  $       0      $       0      $      97      $           0  $              $0.349095      $3215884.000000      $8.885165 $5.939401 $5.854640 $     1.50  $     1.01  
51936 $  7019   $ 15136009203  $  9116075874     $     8710567  $   337969036  $   441836000  $     4537174  $      49      $       0      $      97      $           0  $              $1.660365      $8710567.000000      $21.565321 $28.192924 $0.289511 $     0.76  $    97.38  
51934 $  7019   $  5273161690  $  9115737739     $     6238746  $   239943449  $   159644432  $   154779429  $       0      $       0      $      97      $           0  $              $0.578468      $6238746.000000      $15.310450 $10.186684 $9.876254 $     1.50  $     1.03  
51932 $  7018   $  3123528249  $  9095898062     $       87699  $    97744261  $    97782855  $    96095937  $      47      $       0      $      97      $           0  $              $0.343400      $87699.000000      $6.236922 $6.239385 $6.131745 $     1.00  $     1.02  
51930 $  7019   $  3187427792  $  9091363211     $     3441875  $   146354601  $    97588934  $    96196521  $       0      $       0      $      97      $           0  $              $0.350600      $3441875.000000      $9.338679 $6.227011 $6.138163 $     1.50  $     1.01  
51934 $  7372   $  1900438399  $  3279924018     $     2330195  $    89086771  $    59271808  $    57669987  $       0      $       0      $      97      $           0  $              $0.579415      $2330195.000000      $16.151709 $10.746163 $10.455749 $     1.50  $     1.03  
51936 $  7372   $  3563234647  $  2159927989     $     2057408  $    79132385  $   102342493  $     1041282  $      15      $       0      $      97      $           0  $              $1.649701      $2057408.000000      $14.346948 $18.555014 $0.188788 $     0.77  $    98.29  
51934 $  8135   $  4170419116  $  7181173795     $     4885678  $   190681798  $   126854174  $   123997489  $       0      $       0      $      97      $           0  $              $0.580743      $4885678.000000      $15.994279 $10.640455 $10.400838 $     1.50  $     1.02  
51932 $  7020   $     1480299  $     4919672     $          59  $       55645  $       55644  $       54789  $       0      $       0      $      97      $           0  $              $0.300894      $59.000000      $1.780640 $1.780608 $1.753248 $     1.00  $     1.02  
51930 $  7021   $     1121827  $     2654959     $         417  $       56345  $       28086  $       27513  $       0      $       0      $      97      $           0  $              $0.422540      $417.000000      $1.803040 $0.898752 $0.880416 $     2.01  $     1.02  
51932 $  8022   $  3174469036  $  9097730704     $       96615  $   100358002  $   100396267  $    98705106  $      47      $       0      $      97      $           0  $              $0.348930      $96615.000000      $6.410092 $6.412536 $6.304518 $     1.00  $     1.02  
51930 $  8023   $  3167589624  $  9093778895     $     3420948  $   145292441  $    97062324  $    95700325  $       0      $       0      $      97      $           0  $              $0.348325      $3420948.000000      $9.280156 $6.199589 $6.112596 $     1.50  $     1.01  
51960 $  1003   $ 14082313983  $  8631734893     $     8014530  $   314210802  $   408961862  $     5018213  $      48      $       0      $      65      $           0  $              $1.631458      $8014530.000000      $20.049345 $26.095272 $0.320205 $     0.77  $    81.50  
51934 $  9138   $  5250423474  $  9115266629     $     6206071  $   238754787  $   159052073  $   154320545  $       0      $       0      $      97      $           0  $              $0.576003      $6206071.000000      $15.234602 $10.148887 $9.846973 $     1.50  $     1.03  
51932 $  9025   $  3337293731  $  9096168255     $       97430  $   103762662  $   103799942  $   102018343  $      47      $       0      $      97      $           0  $              $0.366890      $97430.000000      $6.620948 $6.623326 $6.509645 $     1.00  $     1.02  
51930 $  9026   $  3179428633  $  9091323393     $     3226385  $   139758018  $    93334567  $    91996938  $       0      $       0      $      97      $           0  $              $0.349721      $3226385.000000      $8.917760 $5.955546 $5.870193 $     1.50  $     1.01  
51960 $  2005   $ 14947312075  $  9107085878     $     8460364  $   333966199  $   434991598  $     4923119  $      49      $       0      $      65      $           0  $              $1.641284      $8460364.000000      $21.331175 $27.783894 $0.314451 $     0.77  $    88.36  
51934 $ 10140   $  5263414751  $  9114057039     $     6253949  $   239390104  $   159466219  $   154630453  $       0      $       0      $      97      $           0  $              $0.577505      $6253949.000000      $15.290386 $10.185468 $9.876595 $     1.50  $     1.03  
51932 $ 10028   $  3207129602  $  9092913498     $       90630  $    97884290  $    97923553  $    96229600  $      47      $       0      $      97      $           0  $              $0.352706      $90630.000000      $6.245857 $6.248362 $6.140274 $     1.00  $     1.02  
51930 $ 10029   $  3179707226  $  9088359627     $     3429468  $   146015348  $    97384392  $    95996494  $       0      $       0      $      97      $           0  $              $0.349866      $3429468.000000      $9.317031 $6.213959 $6.125400 $     1.50  $     1.01  
51960 $  3007   $ 14950574866  $  9106705630     $     8479532  $   333916787  $   434729855  $     4936720  $      49      $       0      $      65      $           0  $              $1.641711      $8479532.000000      $21.328020 $27.767176 $0.315319 $     0.77  $    88.06  
51934 $ 11142   $  5259534008  $  9112815433     $     6257639  $   239224247  $   159471734  $   154648053  $       0      $       0      $      97      $           0  $              $0.577158      $6257639.000000      $15.279792 $10.185819 $9.877720 $     1.50  $     1.03  
51932 $ 11031   $  3212123334  $  9095716838     $      101264  $   102136048  $   102171920  $   100482576  $      47      $       0      $      97      $           0  $              $0.353147      $101264.000000      $6.517156 $6.519444 $6.411650 $     1.00  $     1.02  
51930 $ 11032   $  3151112347  $  9091454974     $     3401884  $   144392501  $    96491072  $    95142232  $       0      $       0      $      97      $           0  $              $0.346602      $3401884.000000      $9.213479 $6.156958 $6.070890 $     1.50  $     1.01  
51960 $  4009   $ 15013606668  $  9107713462     $     8367562  $   335064828  $   435285663  $     4777769  $      49      $       0      $      65      $           0  $              $1.648450      $8367562.000000      $21.401346 $27.802677 $0.305167 $     0.77  $    91.11  
51934 $ 12144   $  5276168756  $  9113512660     $     6246126  $   240043752  $   159708520  $   154865384  $       0      $       0      $      97      $           0  $              $0.578939      $6246126.000000      $15.332135 $10.200943 $9.891601 $     1.50  $     1.03  
51932 $ 12033   $  3226854282  $  9097911842     $       90645  $   101726085  $   101764126  $    99982647  $      47      $       0      $      97      $           0  $              $0.354681      $90645.000000      $6.497475 $6.499904 $6.386117 $     1.00  $     1.02  
51930 $ 12034   $  3207915958  $  9093007005     $     3265596  $   140973861  $    94167887  $    92797925  $       0      $       0      $      97      $           0  $              $0.352789      $3265596.000000      $9.004318 $6.014715 $5.927213 $     1.50  $     1.01  
51960 $  4716   $ 10731563306  $  6455863948     $     6073473  $   239659288  $   313048652  $     3272819  $      34      $       0      $      65      $           0  $              $1.662297      $6073473.000000      $21.694759 $28.338207 $0.296266 $     0.77  $    95.65  
51934 $ 12851   $  3389401140  $  5817648343     $     4207670  $   156985529  $   104611842  $   101454938  $       0      $       0      $      97      $           0  $              $0.582607      $4207670.000000      $14.210855 $9.469813 $9.184039 $     1.50  $     1.03  
51960 $  5077   $  6805090943  $  3529131875     $     3686244  $   151025625  $   199550581  $        3660  $      12      $       0      $      65      $           0  $              $1.928262      $3686244.000000      $26.774628 $35.377388 $0.000649 $     0.76  $ 54522.02  
51932 $ 12034   $     1271821  $     5354735     $          44  $       47804  $       47831  $       47089  $       0      $       0      $      97      $           0  $              $0.237513      $44.000000      $3.059456 $3.061184 $3.013696 $     1.00  $     1.02  
51930 $ 12035   $      540546  $     2863261     $        1438  $       27127  $       26789  $       26600  $       0      $       0      $      97      $           0  $              $0.188787      $1438.000000      $1.736128 $1.714496 $1.702400 $     1.01  $     1.01  
51932 $ 13036   $  3906710335  $  8853874819     $      107813  $    89984158  $    90019990  $    88571601  $      46      $       0      $      97      $           0  $              $0.441243      $107813.000000      $5.747491 $5.749780 $5.657268 $     1.00  $     1.02  
51930 $ 13037   $  3542311263  $  9107602190     $     3914504  $   164144168  $   109146141  $   107442986  $       0      $       0      $      97      $           0  $              $0.388940      $3914504.000000      $10.484258 $6.971410 $6.862626 $     1.50  $     1.02  
51960 $  6080   $ 15055544796  $  9114759893     $     8404994  $   335964075  $   436793649  $     4784063  $      49      $       0      $      65      $           0  $              $1.651776      $8404994.000000      $21.437387 $27.871181 $0.305264 $     0.77  $    91.30  
51965 $  1003   $  5120246920  $  8901186778     $     5787295  $   226073234  $   150360587  $   145629099  $       0      $       0      $      65      $           0  $              $0.575232      $5787295.000000      $14.425410 $9.594295 $9.292385 $     1.50  $     1.03  
51930 $ 13748   $  3612335221  $  6626819866     $     4104818  $   162729213  $   108563602  $   106345366  $       0      $       0      $      97      $           0  $              $0.545108      $4104818.000000      $14.647918 $9.772251 $9.572578 $     1.50  $     1.02  
51932 $ 13747   $  1634020888  $   853459112     $      377941  $    12793728  $    12801637  $    12740899  $      26      $       0      $      97      $           0  $              $1.914586      $377941.000000      $1.151616 $1.152327 $1.146860 $     1.00  $     1.00  
51930 $ 14168   $  2289179742  $  3980641700     $     2624685  $   102543864  $    68226579  $    66725017  $       0      $       0      $      97      $           0  $              $0.575078      $2624685.000000      $15.625731 $10.396431 $10.167622 $     1.50  $     1.02  
51960 $  6081   $     4619780  $     4532666     $        1078  $       99827  $      115959  $       13955  $       0      $       0      $      65      $           0  $              $1.019219      $1078.000000      $6.388928 $7.421376 $0.893120 $     0.86  $     8.31  
51965 $  1004   $     1037090  $     2442510     $        3402  $       52024  $       51141  $       49868  $       0      $       0      $      65      $           0  $              $0.424600      $3402.000000      $3.329536 $3.273024 $3.191552 $     1.02  $     1.03  
51960 $  7083   $ 14853497788  $  9110117295     $     8416628  $   332063118  $   433590345  $     5029600  $      49      $       0      $      65      $           0  $              $1.630440      $8416628.000000      $21.209620 $27.694393 $0.321252 $     0.77  $    86.21  
51965 $  2006   $  5298858263  $  9117885311     $     6115588  $   240855641  $   160107276  $   155156960  $       0      $       0      $      65      $           0  $              $0.581150      $6115588.000000      $15.383993 $10.226413 $9.910225 $     1.50  $     1.03  
51930 $ 15171   $  5415408992  $  9037182285     $     6346197  $   245020374  $   162982794  $   159419811  $      35      $       0      $      97      $           0  $              $0.599236      $6346197.000000      $15.634400 $10.399700 $10.172351 $     1.50  $     1.02  
51965 $  2341   $  1804345100  $  3137168880     $     2143531  $    83109168  $    55463372  $    53993016  $       0      $       0      $      65      $           0  $              $0.575151      $2143531.000000      $15.877572 $10.595987 $10.315084 $     1.50  $     1.03  
51960 $  7418   $  2764782340  $  1663828667     $     1587565  $    61296796  $    78690936  $      808668  $      14      $       0      $      65      $           0  $              $1.661699      $1587565.000000      $11.710433 $15.033492 $0.154492 $     0.78  $    97.31  
51965 $  3157   $  4473115390  $  7750957349     $     5080571  $   200794458  $   133574102  $   130454393  $       0      $       0      $      65      $           0  $              $0.577105      $5080571.000000      $15.748586 $10.476400 $10.231717 $     1.50  $     1.02  
51970 $     1   $     1443595  $     1886019     $         102  $       12466  $       14939  $          13  $       0      $       0      $      97      $           0  $              $0.765419      $102.000000      $0.797824 $0.956096 $0.000832 $     0.83  $  1149.15  
51930 $ 15172   $      374877  $      916805     $           0  $           4  $          11  $           0  $       0      $       0      $      97      $           0  $              $0.408895      $0.000000      $0.000256 $0.000704 $0.000000 $     0.36  $      inf  
51970 $  1004   $  2654111842  $  6625036383     $      102261  $    63717488  $    65787787  $    57768970  $      46      $       0      $      97      $           0  $              $0.400618      $102261.000000      $4.065722 $4.197825 $3.686156 $     0.97  $     1.14  
51930 $ 16175   $  3383289876  $  8953032281     $     3682043  $   152868188  $   101894752  $   100244163  $       0      $       0      $      97      $           0  $              $0.377893      $3682043.000000      $9.754301 $6.501759 $6.396437 $     1.50  $     1.02  
51972 $  1003   $ 14287561181  $  8674423805     $     8270320  $   318257170  $   414145923  $     4657558  $      48      $       0      $      97      $           0  $              $1.647090      $8270320.000000      $20.307537 $26.426062 $0.297192 $     0.77  $    88.92  
51965 $  4160   $  5273847693  $  9115920189     $     6157645  $   239624994  $   159687946  $   154825023  $       0      $       0      $      65      $           0  $              $0.578532      $6157645.000000      $15.290129 $10.189461 $9.879164 $     1.50  $     1.03  
51970 $  2006   $  3281385971  $  9105300949     $       70816  $   100636999  $   100679294  $    98903642  $      47      $       0      $      97      $           0  $              $0.360382      $70816.000000      $6.427912 $6.430614 $6.317199 $     1.00  $     1.02  
51930 $ 17177   $  3197541867  $  9100033240     $     3335091  $   141909142  $    95087141  $    93711508  $       0      $       0      $      97      $           0  $              $0.351377      $3335091.000000      $9.064056 $6.073431 $5.985565 $     1.49  $     1.01  
51972 $  2006   $ 15309398674  $  9114565456     $     8844713  $   341749862  $   445347015  $     4403514  $      49      $       0      $      97      $           0  $              $1.679663      $8844713.000000      $21.806572 $28.416958 $0.280982 $     0.77  $   101.13  
51965 $  5163   $  5315187194  $  9114211712     $     6187657  $   241635542  $   160764849  $   155758903  $       0      $       0      $      65      $           0  $              $0.583176      $6187657.000000      $15.418419 $10.258176 $9.938753 $     1.50  $     1.03  
51970 $  3008   $  3220963631  $  9105778577     $       79005  $   102353711  $   102393217  $   100674750  $      47      $       0      $      97      $           0  $              $0.353727      $79005.000000      $6.537562 $6.540086 $6.430324 $     1.00  $     1.02  
51930 $ 18179   $  3165226986  $  9101543442     $     3356122  $   144260936  $    96155946  $    94804351  $       0      $       0      $      97      $           0  $              $0.347768      $3356122.000000      $9.214271 $6.141697 $6.055368 $     1.50  $     1.01  
51972 $  3009   $ 15266845525  $  9114478510     $     8706518  $   340439087  $   443247678  $     4382319  $      49      $       0      $      97      $           0  $              $1.675010      $8706518.000000      $21.722931 $28.283003 $0.279630 $     0.77  $   101.14  
51965 $  6166   $  5312495774  $  9113134600     $     6192169  $   241529845  $   160659952  $   155652293  $       0      $       0      $      65      $           0  $              $0.582949      $6192169.000000      $15.411674 $10.251482 $9.931951 $     1.50  $     1.03  
51970 $  4010   $  3146223128  $  9105028351     $       69707  $    98881223  $    98921481  $    97217722  $      47      $       0      $      97      $           0  $              $0.345548      $69707.000000      $6.315767 $6.318338 $6.209515 $     1.00  $     1.02  
51930 $ 19181   $  3179048251  $  9100656810     $     3431626  $   145988906  $    97413383  $    96027440  $       0      $       0      $      97      $           0  $              $0.349321      $3431626.000000      $9.324641 $6.222013 $6.133489 $     1.50  $     1.01  
51972 $  4012   $ 15290759573  $  9115702533     $     8796781  $   341508531  $   444923089  $     4313692  $      49      $       0      $      97      $           0  $              $1.677409      $8796781.000000      $21.791174 $28.389910 $0.275251 $     0.77  $   103.14  
51965 $  7169   $  5313319811  $  9114802374     $     6190876  $   241560684  $   160693531  $   155677757  $       0      $       0      $      65      $           0  $              $0.582933      $6190876.000000      $15.413643 $10.253626 $9.933576 $     1.50  $     1.03  
51970 $  4552   $  1821388690  $  4933618190     $       39546  $    55790599  $    55814145  $    54831609  $      25      $       0      $      97      $           0  $              $0.369179      $39546.000000      $6.587820 $6.590600 $6.474581 $     1.00  $     1.02  
51930 $ 19724   $  1669013810  $  4740977213     $     1815211  $    75690493  $    50540355  $    49814901  $       0      $       0      $      97      $           0  $              $0.352040      $1815211.000000      $8.921164 $5.956874 $5.871369 $     1.50  $     1.01  
51970 $  4556   $        4921  $      169816     $       12778  $         302  $         768  $          13  $       0      $       0      $      97      $           0  $              $0.028978      $12778.000000      $0.004832 $0.012288 $0.000208 $     0.39  $    59.08  
51972 $  5562   $        4921  $      169816     $       12778  $         302  $         768  $          13  $       0      $       0      $      97      $           0  $              $0.028978      $12778.000000      $0.000012 $0.000032 $0.000001 $     0.39  $    59.08  
51970 $  4557   $           0  $           0     $        1075  $           0  $           0  $           0  $       0      $       0      $      97      $           0  $              $-nan      $1075.000000      $0.000000 $0.000000 $0.000000 $     0.00  $     0.00  
51965 $  8721   $           0  $           0     $           0  $           0  $           0  $           0  $       0      $       0      $      65      $           0  $              $-nan      $0.000000      $0.000000 $0.000000 $0.000000 $     0.00  $     0.00  
