PID   $time     $Instr Ret     $Unh Clk Cycles   $l2 trans reqs $l1lines       $l2lines       $Per Core bw   $Power         $Power2        $Power3        $bandwidth     $              $IPC           $MEM INTENSIITY$L2->L1 BW (MB)$L3->L2 BW (MB)$MM->L3 BW (MB)$L2 REUSE      $L3 REUSE      
61754 $  1003   $ 11554390413  $  8772469446     $     6661808  $   187485060  $   218434840  $    37066880  $      50      $       0      $      97      $           0  $              $1.317119      $6661808.000000      $11.963154 $13.938016 $2.365185 $     0.86  $     5.89  
61752 $  1003   $  5093774244  $  7821031586     $    11016612  $   139776779  $   141559972  $   130954361  $       0      $       0      $      97      $           0  $              $0.651292      $11016612.000000      $8.918958 $9.032740 $8.356011 $     0.99  $     1.08  
61754 $  2006   $  9850509646  $  9103801183     $     7328702  $   159009320  $   178392403  $    42001289  $      50      $       0      $      97      $           0  $              $1.082022      $7328702.000000      $10.146157 $11.382965 $2.680042 $     0.89  $     4.25  
61752 $  2006   $  5695401921  $  9117557176     $    14537053  $   178296842  $   178348573  $   173352981  $       0      $       0      $      97      $           0  $              $0.624663      $14537053.000000      $11.376867 $11.380168 $11.061406 $     1.00  $     1.03  
61754 $  3009   $ 10152713644  $  9096686443     $     6995388  $   164252700  $   188776068  $    39810289  $      50      $       0      $      97      $           0  $              $1.116089      $6995388.000000      $10.480731 $12.045531 $2.540238 $     0.87  $     4.74  
61752 $  3009   $  5693618641  $  9117368050     $    14507700  $   178884066  $   178937431  $   173955616  $       0      $       0      $      97      $           0  $              $0.624480      $14507700.000000      $11.414337 $11.417742 $11.099860 $     1.00  $     1.03  
61754 $  4012   $  9861819677  $  9104277395     $     7343933  $   159407406  $   179572529  $    41384014  $      50      $       0      $      97      $           0  $              $1.083207      $7343933.000000      $10.171559 $11.458267 $2.640655 $     0.89  $     4.34  
61752 $  4012   $  5715495565  $  9117619999     $    14521567  $   178223097  $   178274692  $   173291560  $       0      $       0      $      97      $           0  $              $0.626863      $14521567.000000      $11.372162 $11.375454 $11.057487 $     1.00  $     1.03  
61754 $  5015   $  9921905113  $  9103389410     $     7301490  $   160232326  $   180485949  $    41878221  $      50      $       0      $      97      $           0  $              $1.089913      $7301490.000000      $10.224195 $11.516551 $2.672189 $     0.89  $     4.31  
61752 $  5014   $  5740558749  $  9116748605     $    14486225  $   177918532  $   177970550  $   172981998  $       0      $       0      $      97      $           0  $              $0.629672      $14486225.000000      $11.364058 $11.367380 $11.048751 $     1.00  $     1.03  
61754 $  6017   $ 10029109305  $  9096237210     $     7036713  $   162017937  $   185049170  $    40175065  $      50      $       0      $      97      $           0  $              $1.102556      $7036713.000000      $10.348451 $11.819508 $2.566072 $     0.88  $     4.61  
61752 $  6016   $  5715954491  $  9117167895     $    14592651  $   179473397  $   179523950  $   174530941  $       0      $       0      $      97      $           0  $              $0.626944      $14592651.000000      $11.463370 $11.466599 $11.147685 $     1.00  $     1.03  
61754 $  7019   $  9865572329  $  9102782262     $     7251310  $   159581864  $   180477237  $    41178638  $      51      $       0      $      97      $           0  $              $1.083797      $7251310.000000      $10.192853 $11.527488 $2.630173 $     0.88  $     4.38  
61752 $  7018   $  5676139722  $  9116523398     $    14629170  $   179405876  $   179456936  $   174461123  $       0      $       0      $      97      $           0  $              $0.622621      $14629170.000000      $11.459058 $11.462318 $11.143226 $     1.00  $     1.03  
61754 $  7900   $ 16008074916  $  8216133844     $     3162194  $   259024905  $   309219724  $    19995421  $      39      $       0      $      97      $           0  $              $1.948371      $3162194.000000      $18.816793 $22.463181 $1.452562 $     0.84  $    15.46  
61752 $  7899   $  4486008734  $  4578077004     $     4995036  $    69416532  $    69436814  $    68015468  $       0      $       0      $      97      $           0  $              $0.979889      $4995036.000000      $5.042744 $5.044218 $4.940965 $     1.00  $     1.02  
61754 $  8113   $  4946450307  $  2025734872     $      105985  $    80399460  $    99762569  $      735781  $       7      $       0      $      97      $           0  $              $2.441805      $105985.000000      $24.157583 $29.975607 $0.221080 $     0.81  $   135.59  
61754 $  8115   $    13423268  $     5386410     $          25  $      220312  $      239584  $         114  $       0      $       0      $      97      $           0  $              $2.492062      $25.000000      $7.049984 $7.666688 $0.003648 $     0.92  $  2101.61  
61754 $  9118   $ 12090568318  $  9096020889     $     7059630  $   195266586  $   221232405  $    39844866  $      51      $       0      $      97      $           0  $              $1.329215      $7059630.000000      $12.459682 $14.116524 $2.542444 $     0.88  $     5.55  
61772 $  1003   $  5111249343  $  7864114936     $    11107127  $   140153288  $   141892681  $   131369397  $       0      $       0      $      97      $           0  $              $0.649946      $11107127.000000      $8.942981 $9.053970 $8.382494 $     0.99  $     1.08  
61754 $ 10121   $ 10091410708  $  9087590176     $     7057345  $   163347497  $   188190016  $    40147932  $      50      $       0      $      97      $           0  $              $1.110461      $7057345.000000      $10.422972 $12.008137 $2.561782 $     0.87  $     4.69  
61772 $  2005   $  5748904529  $  9108909699     $    14591435  $   179668736  $   179720810  $   174722113  $       0      $       0      $      97      $           0  $              $0.631130      $14591435.000000      $11.475847 $11.479174 $11.159895 $     1.00  $     1.03  
61754 $ 11123   $  9933614982  $  9096413047     $     7333874  $   160528333  $   180506827  $    41447403  $      51      $       0      $      97      $           0  $              $1.092036      $7333874.000000      $10.253307 $11.529379 $2.647339 $     0.89  $     4.36  
61772 $  3007   $  5685416776  $  9109090146     $    14575744  $   178602994  $   178656129  $   173662331  $       0      $       0      $      97      $           0  $              $0.624148      $14575744.000000      $11.407776 $11.411170 $11.092205 $     1.00  $     1.03  
61754 $ 12125   $  9934897920  $  9095476351     $     7329867  $   160417395  $   180580978  $    42080355  $      51      $       0      $      97      $           0  $              $1.092290      $7329867.000000      $10.246221 $11.534114 $2.687767 $     0.89  $     4.29  
61772 $  4009   $  5706385060  $  9108826451     $    14553269  $   178269669  $   178321051  $   173311938  $       0      $       0      $      97      $           0  $              $0.626468      $14553269.000000      $11.386485 $11.389768 $11.069824 $     1.00  $     1.03  
61754 $ 13128   $ 10157417038  $  9088301728     $     7008800  $   164288382  $   188689100  $    39908164  $      51      $       0      $      97      $           0  $              $1.117636      $7008800.000000      $10.483007 $12.039983 $2.546483 $     0.87  $     4.73  
61772 $  5012   $  5780773183  $  9109178390     $    14584324  $   179364619  $   179417398  $   174419288  $       0      $       0      $      97      $           0  $              $0.634610      $14584324.000000      $11.445001 $11.448368 $11.129447 $     1.00  $     1.03  
61754 $ 14131   $  9825666443  $  9094673446     $     7386190  $   158788403  $   178289692  $    41674827  $      51      $       0      $      97      $           0  $              $1.080376      $7386190.000000      $10.132061 $11.376411 $2.659211 $     0.89  $     4.28  
61772 $  6015   $  5732245448  $  9108474742     $    14614095  $   178777048  $   178826695  $   173821113  $       0      $       0      $      97      $           0  $              $0.629331      $14614095.000000      $11.407509 $11.410676 $11.091278 $     1.00  $     1.03  
61754 $ 15134   $  9986485618  $  9095271273     $     7240083  $   161329698  $   182015725  $    41549640  $      51      $       0      $      97      $           0  $              $1.097986      $7240083.000000      $10.294218 $11.614164 $2.651223 $     0.89  $     4.38  
61772 $  7018   $  5677525506  $  9108545709     $    14647599  $   179622473  $   179672152  $   174664537  $       0      $       0      $      97      $           0  $              $0.623319      $14647599.000000      $11.461454 $11.464624 $11.145096 $     1.00  $     1.03  
61754 $ 15976   $ 15538595914  $  7834233660     $     2804056  $   251672724  $   302911373  $    17842614  $      38      $       0      $      97      $           0  $              $1.983423      $2804056.000000      $19.129519 $23.024141 $1.356208 $     0.83  $    16.98  
61772 $  7860   $  4384626190  $  4389603899     $     4750012  $    66698982  $    66720140  $    65396795  $       0      $       0      $      97      $           0  $              $0.998866      $4750012.000000      $5.069757 $5.071364 $4.970778 $     1.00  $     1.02  
61754 $ 16207   $  5533227710  $  2258988136     $      138379  $    89588280  $   109654733  $      857503  $       8      $       0      $      97      $           0  $              $2.449428      $138379.000000      $24.820995 $30.380533 $0.237577 $     0.82  $   127.88  
61754 $ 16209   $    12193340  $     4896865     $         267  $      196468  $      239187  $        2376  $       0      $       0      $      97      $           0  $              $2.490030      $267.000000      $6.286976 $7.653984 $0.076032 $     0.82  $   100.67  
61754 $ 17212   $ 12146220571  $  9085052074     $     6909985  $   196486466  $   227336112  $    39242101  $      51      $       0      $      97      $           0  $              $1.336946      $6909985.000000      $12.537521 $14.505993 $2.503983 $     0.86  $     5.79  
61783 $  1003   $  5112786273  $  7854085722     $    11058263  $   139899054  $   141809647  $   131252436  $       0      $       0      $      97      $           0  $              $0.650972      $11058263.000000      $8.926760 $9.048672 $8.375031 $     0.99  $     1.08  
61754 $ 18215   $  9917468757  $  9093403681     $     7293167  $   160205765  $   180086039  $    41531427  $      51      $       0      $      97      $           0  $              $1.090622      $7293167.000000      $10.222501 $11.491033 $2.650061 $     0.89  $     4.34  
61783 $  2006   $  5726988337  $  9107923538     $    14547022  $   179115910  $   179168617  $   174163080  $       0      $       0      $      97      $           0  $              $0.628792      $14547022.000000      $11.429131 $11.432494 $11.113097 $     1.00  $     1.03  
61754 $ 19218   $  9958600034  $  9080964233     $     7290090  $   160757060  $   180436536  $    41748054  $      51      $       0      $      97      $           0  $              $1.096646      $7290090.000000      $10.257679 $11.513398 $2.663884 $     0.89  $     4.32  
61783 $  3008   $  5673096042  $  9094123467     $    14486206  $   178236978  $   178290295  $   173284422  $       0      $       0      $      97      $           0  $              $0.623820      $14486206.000000      $11.384398 $11.387803 $11.068067 $     1.00  $     1.03  
61754 $ 20220   $ 10100000601  $  9074901344     $     7014340  $   163476565  $   188284261  $    39821944  $      51      $       0      $      97      $           0  $              $1.112960      $7014340.000000      $10.441617 $12.026140 $2.543517 $     0.87  $     4.73  
61783 $  4010   $  5738071812  $  9095834211     $    14511528  $   179178267  $   179231439  $   174239570  $       0      $       0      $      97      $           0  $              $0.630846      $14511528.000000      $11.444520 $11.447916 $11.129074 $     1.00  $     1.03  
61754 $ 21222   $  9770664713  $  9077673852     $     7414835  $   157864712  $   177020249  $    41889046  $      51      $       0      $      97      $           0  $              $1.076340      $7414835.000000      $10.083175 $11.306683 $2.675548 $     0.89  $     4.23  
61783 $  5012   $  5745764292  $  9090589852     $    14502317  $   178096613  $   178150134  $   173154313  $       0      $       0      $      97      $           0  $              $0.632056      $14502317.000000      $11.375432 $11.378851 $11.059757 $     1.00  $     1.03  
61754 $ 22225   $  9999484930  $  9079183407     $     7225667  $   161510751  $   182341317  $    41520688  $      51      $       0      $      97      $           0  $              $1.101364      $7225667.000000      $10.305771 $11.634939 $2.649376 $     0.89  $     4.39  
61783 $  6015   $  5713936163  $  9092057374     $    14525298  $   178809579  $   178861246  $   173862923  $       0      $       0      $      97      $           0  $              $0.628454      $14525298.000000      $11.409585 $11.412881 $11.093946 $     1.00  $     1.03  
61754 $ 23228   $  9999448751  $  9072103109     $     7056409  $   161600686  $   184882630  $    40259886  $      51      $       0      $      97      $           0  $              $1.102219      $7056409.000000      $10.311509 $11.797096 $2.568926 $     0.87  $     4.59  
61783 $  7018   $  5695282955  $  9093011409     $    14647722  $   180040994  $   180093721  $   175079003  $       0      $       0      $      97      $           0  $              $0.626336      $14647722.000000      $11.488159 $11.491524 $11.171542 $     1.00  $     1.03  
61754 $ 24132   $ 16589965874  $  8329168496     $     3070382  $   268470302  $   318505821  $    19279499  $      40      $       0      $      97      $           0  $              $1.991791      $3070382.000000      $19.006746 $22.549086 $1.364920 $     0.84  $    16.52  
61783 $  7922   $  4423294437  $  4466972336     $     4824160  $    67698346  $    67720227  $    66369267  $       0      $       0      $      97      $           0  $              $0.990222      $4824160.000000      $4.792803 $4.794352 $4.698709 $     1.00  $     1.02  
61754 $ 24346   $  4803526827  $  2017679817     $      121290  $    77912817  $    97057162  $      890496  $       7      $       0      $      97      $           0  $              $2.380718      $121290.000000      $23.301029 $29.026440 $0.266317 $     0.80  $   108.99  
61754 $ 24348   $    12193544  $     5036793     $          35  $      205644  $      329770  $         273  $       0      $       0      $      97      $           0  $              $2.420894      $35.000000      $6.580608 $10.552640 $0.008736 $     0.62  $  1207.95  
61754 $ 25351   $ 12370779529  $  9095442368     $     6828688  $   200148617  $   229025167  $    38673578  $      51      $       0      $      97      $           0  $              $1.360107      $6828688.000000      $12.771198 $14.613770 $2.467706 $     0.87  $     5.92  
61788 $  1003   $  5107004659  $  7843550533     $    11032227  $   140108523  $   141957251  $   131269775  $       0      $       0      $      97      $           0  $              $0.651109      $11032227.000000      $8.940125 $9.058089 $8.376137 $     0.99  $     1.08  
61754 $ 26354   $ 10058870877  $  9086765022     $     7107708  $   162756847  $   186760281  $    40576063  $      51      $       0      $      97      $           0  $              $1.106980      $7107708.000000      $10.385283 $11.916907 $2.589101 $     0.87  $     4.60  
61788 $  2006   $  5734732826  $  9107145655     $    14541948  $   179318702  $   179371740  $   174377418  $       0      $       0      $      97      $           0  $              $0.629696      $14541948.000000      $11.442071 $11.445456 $11.126775 $     1.00  $     1.03  
61788 $  2355   $  1972000785  $  3157802103     $     5048909  $    61744089  $    61761831  $    60024951  $       0      $       0      $      97      $           0  $              $0.624485      $5048909.000000      $11.322698 $11.325952 $11.007442 $     1.00  $     1.03  
61754 $ 26703   $  3310651523  $  3129005913     $     2663830  $    53069376  $    56851251  $    15135946  $      17      $       0      $      97      $           0  $              $1.058052      $2663830.000000      $9.731920 $10.425445 $2.775646 $     0.93  $     3.76  
