PID   $time     $Instr Ret     $Unh Clk Cycles   $l2 trans reqs $l1lines       $l2lines       $Per Core bw   $Power         $Power2        $Power3        $bandwidth     $              $IPC           $MEM INTENSIITY$L2->L1 BW (MB)$L3->L2 BW (MB)$MM->L3 BW (MB)$L2 REUSE      $L3 REUSE      
61390 $  1003   $  3090974277  $  7033636753     $     3186182  $    51354957  $    40892943  $    39314124  $      43      $       0      $      97      $           0  $              $0.439456      $3186182.000000      $3.276886 $2.609320 $2.508578 $     1.26  $     1.04  
61388 $  1003   $  4334457139  $  7788920850     $    10077871  $   116894590  $   118747721  $   109582070  $       0      $       0      $      97      $           0  $              $0.556490      $10077871.000000      $7.458877 $7.577123 $6.992276 $     0.98  $     1.08  
61390 $  2006   $  4019688044  $  9060769086     $     4236966  $    69150357  $    54603874  $    52559274  $      47      $       0      $      97      $           0  $              $0.443637      $4236966.000000      $4.412386 $3.484195 $3.353732 $     1.27  $     1.04  
61388 $  2006   $  4859139955  $  9119589830     $    13353584  $   151420590  $   151463407  $   148433151  $       0      $       0      $      97      $           0  $              $0.532824      $13353584.000000      $9.661932 $9.664664 $9.471308 $     1.00  $     1.02  
61390 $  3009   $  3973195012  $  9060042367     $     3921619  $    64892922  $    52176552  $    50103413  $      47      $       0      $      97      $           0  $              $0.438540      $3921619.000000      $4.140725 $3.329311 $3.197027 $     1.24  $     1.04  
61388 $  3009   $  4850359540  $  9119106773     $    13260860  $   150520445  $   150566514  $   147492969  $       0      $       0      $      97      $           0  $              $0.531890      $13260860.000000      $9.604495 $9.607434 $9.411317 $     1.00  $     1.02  
61390 $  4012   $  3993745070  $  9059916156     $     4187860  $    68225656  $    53941141  $    52014172  $      47      $       0      $      97      $           0  $              $0.440815      $4187860.000000      $4.353382 $3.441907 $3.318950 $     1.26  $     1.04  
61388 $  4012   $  4855563286  $  9110839163     $    13411808  $   152579759  $   152621565  $   149589961  $       0      $       0      $      97      $           0  $              $0.532944      $13411808.000000      $9.735897 $9.738564 $9.545122 $     1.00  $     1.02  
61390 $  5015   $  3999859398  $  9053825344     $     4087797  $    67282347  $    53617850  $    51532006  $      46      $       0      $      97      $           0  $              $0.441787      $4087797.000000      $4.293190 $3.421278 $3.288184 $     1.25  $     1.04  
61388 $  5014   $  4797601564  $  9112096383     $    13218197  $   149267851  $   149313360  $   146265134  $       0      $       0      $      97      $           0  $              $0.526509      $13218197.000000      $9.534075 $9.536981 $9.342284 $     1.00  $     1.02  
61390 $  6017   $  3966927203  $  9066645060     $     4020486  $    66025421  $    52700442  $    50757480  $      46      $       0      $      97      $           0  $              $0.437530      $4020486.000000      $4.217193 $3.366096 $3.241995 $     1.25  $     1.04  
61388 $  6016   $  4819146493  $  9117694801     $    13389905  $   152583948  $   152628182  $   149575100  $       0      $       0      $      97      $           0  $              $0.528549      $13389905.000000      $9.745881 $9.748706 $9.553699 $     1.00  $     1.02  
61390 $  7019   $  4026112192  $  9059558843     $     4227802  $    69121880  $    54609637  $    52561327  $      46      $       0      $      97      $           0  $              $0.444405      $4227802.000000      $4.414970 $3.488041 $3.357211 $     1.27  $     1.04  
61388 $  7018   $  4803089740  $  9118989841     $    13313039  $   150573856  $   150616521  $   147583174  $       0      $       0      $      97      $           0  $              $0.526713      $13313039.000000      $9.617492 $9.620217 $9.426470 $     1.00  $     1.02  
61390 $  8021   $  3950779993  $  9068031490     $     3886328  $    64299732  $    51783887  $    49811366  $      46      $       0      $      97      $           0  $              $0.435682      $3886328.000000      $4.106969 $3.307554 $3.181564 $     1.24  $     1.04  
61388 $  8020   $  4866427271  $  9118438566     $    13319672  $   151356436  $   151401215  $   148330930  $       0      $       0      $      97      $           0  $              $0.533691      $13319672.000000      $9.667477 $9.670337 $9.474231 $     1.00  $     1.02  
61390 $  9023   $  4424817807  $  9061257942     $     3824033  $    82091015  $    65171584  $    62491175  $      43      $       0      $      97      $           0  $              $0.488323      $3824033.000000      $5.243339 $4.162656 $3.991452 $     1.26  $     1.04  
61388 $  9023   $  5534692397  $  7195409081     $     8533569  $   105330821  $   105364096  $   103635056  $       0      $       0      $      97      $           0  $              $0.769198      $8533569.000000      $6.721010 $6.723133 $6.612805 $     1.00  $     1.02  
61390 $  9263   $  1330820003  $  2286147758     $      989670  $    28444708  $    22049498  $    21045883  $       8      $       0      $      97      $           0  $              $0.582123      $989670.000000      $7.585256 $5.879866 $5.612236 $     1.29  $     1.05  
61388 $  9264   $    86190740  $    36958727     $       33978  $      675372  $      676860  $      674864  $       0      $       0      $      97      $           0  $              $2.332081      $33978.000000      $0.179352 $0.179747 $0.179217 $     1.00  $     1.00  
61390 $ 10029   $  4017238092  $  7189611059     $     2730642  $    81636089  $    64473298  $    61358214  $      24      $       0      $      97      $           0  $              $0.558756      $2730642.000000      $6.820770 $5.386803 $5.126535 $     1.27  $     1.05  
61408 $  1003   $  5835962125  $  7894517424     $    11613514  $   161046884  $   162784203  $   152506918  $      35      $       0      $      65      $           0  $              $0.739242      $11613514.000000      $10.276172 $10.387029 $9.731249 $     0.99  $     1.07  
