PID   $time     $Instr Ret     $Unh Clk Cycles   $l2 trans reqs $l1lines       $l2lines       $Per Core bw   $Power         $Power2        $Power3        $bandwidth     $              $IPC           $MEM INTENSIITY$L2->L1 BW (MB)$L3->L2 BW (MB)$MM->L3 BW (MB)$L2 REUSE      $L3 REUSE      
60753 $  1004   $  4415047858  $  5389927761     $     1229102  $   168620423  $    34780870  $    16146372  $      37      $       0      $      97      $           0  $              $0.819129      $1229102.000000      $10.748712 $2.217107 $1.029251 $     4.85  $     2.15  
60751 $  1004   $  1266316175  $  7095527483     $    72957188  $   246687288  $   244980198  $     1313166  $       0      $       0      $      97      $           0  $              $0.178467      $72957184.000000      $15.725086 $15.616267 $0.083708 $     1.01  $   186.56  
60753 $  2007   $  6526400182  $  6031926875     $     3386820  $   264542358  $    52314914  $    25189919  $      37      $       0      $      97      $           0  $              $1.081976      $3386820.000000      $16.880070 $3.338140 $1.607333 $     5.06  $     2.08  
60751 $  2007   $  1214553647  $  6583633967     $    67947048  $   225517723  $   224339473  $     1044143  $       0      $       0      $      97      $           0  $              $0.184481      $67947048.000000      $14.389965 $14.314782 $0.066625 $     1.01  $   214.86  
60753 $  3010   $ 17607873992  $  9252656883     $    12799194  $   817312949  $   147842231  $    67371066  $      46      $       0      $      97      $           0  $              $1.903007      $12799194.000000      $52.151573 $9.433601 $4.298851 $     5.53  $     2.19  
60751 $  3010   $  1051682713  $  5838038853     $    62411239  $   199841436  $   198250341  $     3272321  $       0      $       0      $      97      $           0  $              $0.180143      $62411240.000000      $12.751597 $12.650071 $0.208802 $     1.01  $    60.58  
60751 $  3111   $   107729997  $   735113031     $     8520399  $    29387339  $    29245242  $       16490  $       0      $       0      $      97      $           0  $              $0.146549      $8520399.000000      $18.621681 $18.531639 $0.010449 $     1.00  $  1773.51  
60753 $  3111   $           0  $           0     $       88657  $          51  $          51  $          48  $       3      $       0      $      97      $           0  $              $-nan      $88657.000000      $0.000032 $0.000032 $0.000030 $     1.00  $     1.06  
60751 $  4092   $  1068956750  $  5797668379     $    58232589  $   200543441  $   199700773  $       58621  $       0      $       0      $      97      $           0  $              $0.184377      $58232588.000000      $13.083364 $13.028389 $0.003824 $     1.00  $  3406.64  
60751 $  4095   $      210355  $     1431776     $       16907  $       56603  $       56033  $           0  $       0      $       0      $      97      $           0  $              $0.146919      $16907.000000      $1.207531 $1.195371 $0.000000 $     1.01  $      inf  
60751 $  5098   $  1099222807  $  5791226340     $    57469220  $   190408023  $   189342390  $      794331  $      36      $       0      $      97      $           0  $              $0.189808      $57469220.000000      $12.149664 $12.081668 $0.050685 $     1.01  $   238.37  
60771 $  1003   $  4408999462  $  5404535855     $      941892  $   169349585  $    32574940  $    16331130  $       0      $       0      $      97      $           0  $              $0.815796      $941892.000000      $10.805956 $2.078561 $1.042066 $     5.20  $     1.99  
60771 $  2006   $  6885612038  $  5955289817     $     3358755  $   279736971  $    49875010  $    25816858  $      39      $       0      $      97      $           0  $              $1.156218      $3358755.000000      $17.849617 $3.182453 $1.647337 $     5.61  $     1.93  
60751 $  6102   $  1227965326  $  6988971075     $    74199950  $   248538367  $   247311075  $     1123792  $       0      $       0      $      97      $           0  $              $0.175700      $74199952.000000      $15.843083 $15.764850 $0.071636 $     1.00  $   220.07  
60751 $  7174   $  1247827494  $  6754897890     $    70844025  $   228340830  $   226683773  $     3254852  $       0      $       0      $      97      $           0  $              $0.184729      $70844024.000000      $13.632289 $13.533360 $0.194320 $     1.01  $    69.64  
60771 $  3078   $ 17181529989  $  8741796052     $    12515495  $   801346800  $   130764287  $    67203170  $      48      $       0      $      97      $           0  $              $1.965446      $12515495.000000      $47.841602 $7.806823 $4.012129 $     6.13  $     1.95  
60751 $  7184   $    14443187  $    61596233     $      466066  $     1619270  $     1614209  $         616  $       0      $       0      $      97      $           0  $              $0.234482      $466066.000000      $10.363328 $10.330937 $0.003942 $     1.00  $  2620.47  
60751 $  7186   $      602593  $     1479752     $           1  $           1  $          12  $           0  $       0      $       0      $      97      $           0  $              $0.407226      $1.000000      $0.000032 $0.000384 $0.000000 $     0.08  $      inf  
60751 $  8189   $  1060330578  $  5792708752     $    60885086  $   200002516  $   198979870  $      833026  $      35      $       0      $      97      $           0  $              $0.183046      $60885088.000000      $12.761875 $12.696622 $0.053154 $     1.01  $   238.86  
60776 $  1002   $  4395232495  $  5175783653     $     1111599  $   165545681  $    33583570  $    14474967  $       0      $       0      $      97      $           0  $              $0.849192      $1111599.000000      $10.573776 $2.145058 $0.924549 $     4.93  $     2.32  
60776 $  2005   $  6675363737  $  6037921175     $     3392633  $   271685643  $    55173209  $    26716578  $      35      $       0      $      97      $           0  $              $1.105573      $3392633.000000      $17.335873 $3.520524 $1.704747 $     4.92  $     2.07  
60751 $  9192   $   838700476  $  4519229043     $    44748101  $   150885084  $   150214211  $      920196  $       0      $       0      $      97      $           0  $              $0.185585      $44748100.000000      $9.627763 $9.584954 $0.058716 $     1.00  $   163.24  
60776 $  3008   $ 17226691226  $  9055752332     $    12685078  $   799924454  $   146983124  $    66202307  $      47      $       0      $      97      $           0  $              $1.902293      $12685078.000000      $51.042042 $9.378783 $4.224275 $     5.44  $     2.22  
60751 $ 10195   $  1228775293  $  6987078913     $    77959230  $   245059311  $   243366019  $     3475089  $       0      $       0      $      97      $           0  $              $0.175864      $77959232.000000      $15.636886 $15.528838 $0.221740 $     1.01  $    70.03  
60751 $ 10279   $   111426080  $   399958872     $     2331918  $     7820980  $     7794677  $       64139  $       0      $       0      $      97      $           0  $              $0.278594      $2331918.000000      $5.958842 $5.938801 $0.048868 $     1.00  $   121.53  
60776 $  3092   $   289406496  $   149953903     $      136742  $    13093891  $     1901479  $     1111745  $       2      $       0      $      97      $           0  $              $1.929970      $136742.000000      $9.976298 $1.448746 $0.847044 $     6.89  $     1.71  
60751 $ 11241   $  1170132061  $  6447236006     $    66784082  $   226485836  $   225509639  $       66678  $       0      $       0      $      97      $           0  $              $0.181494      $66784080.000000      $15.067665 $15.002720 $0.004436 $     1.00  $  3382.07  
60751 $ 11244   $      195976  $     1341346     $       16010  $       52451  $       52328  $           0  $       0      $       0      $      97      $           0  $              $0.146104      $16010.000000      $1.118955 $1.116331 $0.000000 $     1.00  $      inf  
60751 $ 12247   $  1052651411  $  5812679301     $    61333961  $   203375529  $   202228814  $      839362  $      35      $       0      $      97      $           0  $              $0.181096      $61333960.000000      $12.977103 $12.903933 $0.053558 $     1.01  $   240.93  
60781 $  1003   $  4383247154  $  5133221813     $     1116288  $   165785671  $    31024167  $    14517465  $       0      $       0      $      97      $           0  $              $0.853898      $1116288.000000      $10.578547 $1.979608 $0.926339 $     5.34  $     2.14  
60781 $  1907   $  5013385304  $  5149193214     $     2817758  $   198373416  $    41254325  $    23349407  $      31      $       0      $      97      $           0  $              $0.973625      $2817758.000000      $14.044135 $2.920660 $1.653055 $     4.81  $     1.77  
60751 $ 13151   $   813735841  $  4334460687     $    42849229  $   143544346  $   142920269  $      693095  $       0      $       0      $      97      $           0  $              $0.187736      $42849228.000000      $10.162432 $10.118249 $0.049069 $     1.00  $   206.21  
60781 $  1926   $        4816  $       98956     $       53919  $         324  $         759  $          15  $       0      $       0      $      97      $           0  $              $0.048668      $53919.000000      $0.001091 $0.002557 $0.000051 $     0.43  $    50.60  
