PID   $time     $Instr Ret     $Unh Clk Cycles   $l2 trans reqs $l1lines       $l2lines       $Per Core bw   $Power         $Power2        $Power3        $bandwidth     $              $IPC           $MEM INTENSIITY$L2->L1 BW (MB)$L3->L2 BW (MB)$MM->L3 BW (MB)$L2 REUSE      $L3 REUSE      
56473 $  1003   $  4422389762  $  5351942000     $     1247216  $   169773775  $    35377304  $    16251765  $      29      $       0      $      97      $           0  $              $0.826315      $1247216.000000      $10.833023 $2.257375 $1.037002 $     4.80  $     2.18  
56471 $  1003   $  4898281993  $  2315410377     $      402571  $      628481  $      682176  $       56108  $       0      $       0      $      97      $           0  $              $2.115514      $402571.000000      $0.040102 $0.043529 $0.003580 $     0.92  $    12.16  
56473 $  2006   $  6756145874  $  6070950294     $     3306564  $   273794665  $    53625923  $    24941140  $      31      $       0      $      97      $           0  $              $1.112865      $3306564.000000      $17.470448 $3.421794 $1.591459 $     5.11  $     2.15  
56471 $  2006   $  4927965333  $  2331189941     $      432985  $      632473  $      689433  $       72985  $       0      $       0      $      97      $           0  $              $2.113927      $432985.000000      $0.040357 $0.043992 $0.004657 $     0.92  $     9.45  
56473 $  3009   $ 17371665428  $  8919105928     $    12194944  $   806922809  $   145234963  $    66277226  $      39      $       0      $      97      $           0  $              $1.947692      $12194944.000000      $51.488594 $9.267236 $4.229055 $     5.56  $     2.19  
56471 $  3009   $  4649030744  $  2229819967     $      590781  $      607758  $      699393  $      231346  $       0      $       0      $      97      $           0  $              $2.084935      $590781.000000      $0.038780 $0.044627 $0.014762 $     0.87  $     3.02  
56471 $  3074   $   330192477  $   155089515     $       21563  $       42375  $       45007  $         266  $       0      $       0      $      97      $           0  $              $2.129045      $21563.000000      $0.041723 $0.044315 $0.000262 $     0.94  $   169.20  
56473 $  3074   $           0  $           0     $       29566  $          17  $          16  $          15  $       1      $       0      $      97      $           0  $              $-nan      $29566.000000      $0.000017 $0.000016 $0.000015 $     1.06  $     1.07  
56471 $  4072   $  5279161523  $  2476483991     $      237448  $      671972  $      707571  $         202  $       0      $       0      $      97      $           0  $              $2.131716      $237448.000000      $0.043092 $0.045375 $0.000013 $     0.95  $  3502.83  
56471 $  4075   $     2733874  $     1292916     $           3  $         354  $         361  $           1  $       0      $       0      $      97      $           0  $              $2.114502      $3.000000      $0.007552 $0.007701 $0.000021 $     0.98  $   361.00  
56471 $  5078   $  4765845913  $  2250305753     $      193897  $      610112  $      662133  $       51361  $      29      $       0      $      97      $           0  $              $2.117866      $193897.000000      $0.038930 $0.042250 $0.003277 $     0.92  $    12.89  
56493 $  1003   $  4380316219  $  5071133868     $      936652  $   165346526  $    30781309  $    14195358  $       0      $       0      $      97      $           0  $              $0.863775      $936652.000000      $10.550527 $1.964111 $0.905786 $     5.37  $     2.17  
56493 $  2006   $   943803516  $  2299690318     $      331624  $    20245311  $    11901241  $     8817636  $      26      $       0      $      97      $           0  $              $0.410405      $331624.000000      $1.291824 $0.759401 $0.562641 $     1.70  $     1.35  
56471 $  6081   $  4817590607  $  2264300227     $      213153  $      614524  $      663200  $       11986  $       0      $       0      $      97      $           0  $              $2.127629      $213153.000000      $0.039212 $0.042318 $0.000765 $     0.93  $    55.33  
56493 $  3008   $ 13630709445  $  7354114452     $     9049200  $   625328771  $   103083882  $    50754547  $      36      $       0      $      97      $           0  $              $1.853481      $9049200.000000      $39.941158 $6.584200 $3.241807 $     6.07  $     2.03  
56471 $  7083   $  4684749979  $  2236200921     $      510968  $      607818  $      686214  $      174935  $       0      $       0      $      97      $           0  $              $2.094959      $510968.000000      $0.038823 $0.043830 $0.011173 $     0.89  $     3.92  
56471 $  7687   $  2894674473  $  1381449620     $      337107  $      376477  $      427402  $      116768  $       0      $       0      $      97      $           0  $              $2.095389      $337107.000000      $0.039892 $0.045288 $0.012373 $     0.88  $     3.66  
56493 $  3612   $  9504899298  $  4642217703     $     5512360  $   439455370  $    68693526  $    33583243  $      22      $       0      $      97      $           0  $              $2.047491      $5512360.000000      $46.564808 $7.278784 $3.558489 $     6.40  $     2.05  
56471 $  8164   $  2392575410  $  1123876668     $      106043  $      304873  $      323382  $          87  $       0      $       0      $      97      $           0  $              $2.128860      $106043.000000      $0.040905 $0.043389 $0.000012 $     0.94  $  3717.03  
56471 $  8166   $     2460131  $     1183183     $        1014  $         425  $         589  $           1  $       0      $       0      $      97      $           0  $              $2.079248      $1014.000000      $0.013600 $0.018848 $0.000032 $     0.72  $   589.00  
56471 $  9169   $  4835830837  $  2285208610     $      671047  $      619741  $      677591  $       54280  $      30      $       0      $      97      $           0  $              $2.116144      $671047.000000      $0.039545 $0.043236 $0.003464 $     0.91  $    12.48  
56498 $  1003   $  4396306722  $  5214666922     $      953130  $   167613692  $    32094370  $    15245375  $       0      $       0      $      97      $           0  $              $0.843066      $953130.000000      $10.695191 $2.047896 $0.972786 $     5.22  $     2.11  
56498 $  2006   $  7244847823  $  6072478704     $     3312638  $   297126927  $    52735282  $    26819711  $      30      $       0      $      97      $           0  $              $1.193063      $3312638.000000      $18.959244 $3.364963 $1.711328 $     5.63  $     1.97  
56471 $ 10173   $  5052356092  $  2391228866     $      436693  $      647806  $      712877  $       79220  $       0      $       0      $      97      $           0  $              $2.112870      $436693.000000      $0.041294 $0.045442 $0.005050 $     0.91  $     9.00  
56471 $ 11182   $  4700814611  $  2252087301     $      583107  $      614213  $      705593  $      226904  $       0      $       0      $      97      $           0  $              $2.087315      $583107.000000      $0.038959 $0.044755 $0.014392 $     0.87  $     3.11  
56498 $  3015   $ 16833031872  $  8482040311     $    11866284  $   785650780  $   131501409  $    65326742  $      38      $       0      $      97      $           0  $              $1.984550      $11866284.000000      $49.833149 $8.341021 $4.143619 $     5.97  $     2.01  
56471 $ 11228   $   221049714  $   103479915     $       11341  $       28311  $       30290  $          14  $       0      $       0      $      97      $           0  $              $2.136161      $11341.000000      $0.039389 $0.042143 $0.000019 $     0.93  $  2163.57  
56471 $ 11230   $     2670824  $     1271731     $          43  $         383  $         383  $           0  $       0      $       0      $      97      $           0  $              $2.100148      $43.000000      $0.012256 $0.012256 $0.000000 $     1.00  $      inf  
56471 $ 12232   $  5094314869  $  2410052614     $      675245  $      653523  $      714277  $       60723  $      29      $       0      $      97      $           0  $              $2.113777      $675245.000000      $0.041742 $0.045622 $0.003879 $     0.91  $    11.76  
56503 $  1002   $  4450032367  $  5722277106     $      957512  $   174934839  $    36267464  $    18697990  $       0      $       0      $      97      $           0  $              $0.777668      $957512.000000      $11.173482 $2.316485 $1.194283 $     4.82  $     1.94  
56503 $  2005   $  7222285896  $  5807003077     $     3296028  $   291607204  $    49778441  $    23463000  $      30      $       0      $      97      $           0  $              $1.243720      $3296028.000000      $18.607040 $3.176291 $1.497141 $     5.86  $     2.12  
56471 $ 13235   $  4890110657  $  2310498870     $      416794  $      627395  $      685582  $       75027  $       0      $       0      $      97      $           0  $              $2.116474      $416794.000000      $0.040033 $0.043746 $0.004787 $     0.92  $     9.14  
56471 $ 14236   $  4667997504  $  2236009388     $      580934  $      609757  $      699388  $      224916  $       0      $       0      $      97      $           0  $              $2.087647      $580934.000000      $0.038985 $0.044716 $0.014380 $     0.87  $     3.11  
56503 $  3006   $ 16796009576  $  8513684808     $    11934173  $   783587354  $   133765296  $    65214855  $      38      $       0      $      97      $           0  $              $1.972825      $11934173.000000      $50.099491 $8.552426 $4.169581 $     5.86  $     2.05  
56471 $ 14279   $   208385306  $    97845707     $       13675  $       26525  $       28620  $          16  $       0      $       0      $      97      $           0  $              $2.129734      $13675.000000      $0.039479 $0.042597 $0.000024 $     0.93  $  1788.75  
56471 $ 14281   $     1877252  $      906156     $        1244  $         328  $         496  $           0  $       0      $       0      $      97      $           0  $              $2.071665      $1244.000000      $0.010496 $0.015872 $0.000000 $     0.66  $      inf  
56471 $ 15283   $  4767926505  $  2249857914     $      666223  $      610054  $      663826  $       45587  $      29      $       0      $      97      $           0  $              $2.119212      $666223.000000      $0.038966 $0.042400 $0.002912 $     0.92  $    14.56  
56508 $  1002   $  4262834131  $  5080819311     $      968993  $   158394589  $    36033333  $    13695797  $       0      $       0      $      97      $           0  $              $0.839005      $968993.000000      $10.117020 $2.301530 $0.874781 $     4.40  $     2.63  
56508 $  2004   $  6280251346  $  6249279554     $     3133872  $   254179920  $    57237207  $    26159103  $281474976645150      $       0      $      97      $           0  $              $1.004956      $3133872.000000      $16.235044 $3.655869 $1.670841 $     4.44  $     2.19  
56471 $ 16285   $  5075651461  $  2402125763     $      435800  $      650638  $      712710  $       71343  $       0      $       0      $      97      $           0  $              $2.112983      $435800.000000      $0.041558 $0.045522 $0.004557 $     0.91  $     9.99  
56508 $  3006   $ 16881537893  $  9037693546     $    12055767  $   778380419  $   162023076  $    63171859  $      40      $       0      $      97      $           0  $              $1.867903      $12055767.000000      $49.716911 $10.348779 $4.034929 $     4.80  $     2.56  
56471 $ 17287   $  4397766470  $  2355486778     $      549048  $    10130252  $    10537015  $     5876325  $       0      $       0      $      97      $           0  $              $1.867031      $549048.000000      $0.647042 $0.673023 $0.375334 $     0.96  $     1.79  
56471 $ 17456   $  2142329245  $  1581235619     $       12727  $     4995734  $     7670835  $     1190063  $       0      $       0      $      97      $           0  $              $1.354845      $12727.000000      $1.891876 $2.904932 $0.450675 $     0.65  $     6.45  
56508 $  3175   $  1310914513  $   676998029     $      407287  $    58975156  $    11083716  $     4558659  $       6      $       0      $      97      $           0  $              $1.936364      $407287.000000      $22.333786 $4.197383 $1.726356 $     5.32  $     2.43  
56471 $ 18360   $ 11670256335  $  8580243662     $       74105  $    26987275  $    41950658  $     7167634  $       0      $       0      $      97      $           0  $              $1.360131      $74105.000000      $1.910604 $2.969958 $0.507443 $     0.64  $     5.85  
56471 $ 18362   $     1782518  $     1306262     $           0  $        1453  $        1198  $        1184  $       0      $       0      $      97      $           0  $              $1.364595      $0.000000      $0.046496 $0.038336 $0.037888 $     1.21  $     1.01  
56471 $ 19364   $ 12346339805  $  9098084310     $       82731  $    28240445  $    44240816  $     7962941  $      39      $       0      $      97      $           0  $              $1.357026      $82731.000000      $1.803781 $2.825761 $0.508611 $     0.64  $     5.56  
56516 $  1002   $  4327487065  $  5080758487     $     1132302  $   162825374  $    29571003  $    14264324  $       0      $       0      $      97      $           0  $              $0.851740      $1132302.000000      $10.400024 $1.888767 $0.911095 $     5.51  $     2.07  
56516 $  2004   $  5511844700  $  5848124351     $     2885254  $   221760648  $    43926660  $    25388560  $      38      $       0      $      97      $           0  $              $0.942498      $2885254.000000      $14.164352 $2.805695 $1.621625 $     5.05  $     1.73  
56471 $ 20366   $ 10769335527  $  8402450012     $       94769  $    23685430  $    36968989  $     6812476  $       0      $       0      $      97      $           0  $              $1.281690      $94769.000000      $1.512842 $2.361293 $0.435128 $     0.64  $     5.43  
56516 $  3006   $ 17692947903  $  9014025594     $    12364543  $   820714925  $   131959015  $    66701532  $      49      $       0      $      97      $           0  $              $1.962824      $12364543.000000      $52.420914 $8.428520 $4.260377 $     6.22  $     1.98  
56471 $ 21368   $ 12225383607  $  9122809249     $       72847  $    27978218  $    44175277  $     7944807  $       0      $       0      $      97      $           0  $              $1.340090      $72847.000000      $1.787032 $2.821574 $0.507453 $     0.63  $     5.56  
56471 $ 21499   $  1678350544  $  1238610984     $        9828  $     3845547  $     6063608  $     1086589  $       0      $       0      $      97      $           0  $              $1.355026      $9828.000000      $1.878741 $2.962373 $0.530853 $     0.63  $     5.58  
56516 $  3137   $   950729042  $   409920483     $      288396  $    44569689  $     4680832  $     3794753  $       5      $       0      $      97      $           0  $              $2.319301      $288396.000000      $21.774504 $2.286819 $1.853925 $     9.52  $     1.23  
56471 $ 22433   $ 12083786000  $  8880406007     $       77068  $    27752952  $    43567501  $     7801408  $       0      $       0      $      97      $           0  $              $1.360725      $77068.000000      $1.901701 $2.985353 $0.534572 $     0.64  $     5.58  
56471 $ 22436   $     1843543  $     1351409     $           0  $        1555  $        1228  $        1207  $       0      $       0      $      97      $           0  $              $1.364164      $0.000000      $0.033173 $0.026197 $0.025749 $     1.27  $     1.02  
56471 $ 23439   $ 12350175812  $  9090394003     $       81058  $    28317405  $    44325260  $     7971144  $      39      $       0      $      97      $           0  $              $1.358596      $81058.000000      $1.806893 $2.828332 $0.508627 $     0.64  $     5.56  
56521 $  1003   $  4310760845  $  5076853222     $     1124728  $   162088691  $    29716617  $    14258055  $       0      $       0      $      97      $           0  $              $0.849101      $1124728.000000      $10.342649 $1.896175 $0.909786 $     5.45  $     2.08  
56521 $  2006   $  5497933584  $  5854993302     $     2829389  $   221371317  $    44129831  $    25493607  $      41      $       0      $      97      $           0  $              $0.939016      $2829389.000000      $14.125388 $2.815862 $1.626711 $     5.02  $     1.73  
56471 $ 24442   $ 12324772664  $  9159731624     $       79358  $    28109110  $    44139232  $     7964255  $       0      $       0      $      97      $           0  $              $1.345539      $79358.000000      $1.793602 $2.816462 $0.508188 $     0.64  $     5.54  
56521 $  3008   $ 17661722110  $  9009141288     $    12225911  $   819549639  $   132543314  $    67516104  $      49      $       0      $      97      $           0  $              $1.960422      $12225911.000000      $52.346485 $8.465840 $4.312406 $     6.18  $     1.96  
56471 $ 25444   $ 12221205794  $  9120787441     $       72873  $    28005760  $    44193224  $     7947454  $       0      $       0      $      97      $           0  $              $1.339929      $72873.000000      $1.788791 $2.822721 $0.507622 $     0.63  $     5.56  
56471 $ 25622   $  2291010376  $  1693422662     $       13353  $     5241741  $     8256041  $     1480478  $       0      $       0      $      97      $           0  $              $1.352887      $13353.000000      $1.884671 $2.968464 $0.532307 $     0.63  $     5.58  
56521 $  3186   $   998810300  $   431307007     $      304069  $    46823703  $     5008098  $     3979202  $       6      $       0      $      97      $           0  $              $2.315776      $304069.000000      $16.835489 $1.800664 $1.430724 $     9.35  $     1.26  
56471 $ 26541   $ 11495657140  $  8436994522     $       75100  $    26425979  $    41459048  $     7424079  $       0      $       0      $      97      $           0  $              $1.362530      $75100.000000      $1.840329 $2.887246 $0.517020 $     0.64  $     5.58  
56471 $ 26543   $     1841649  $     1345004     $           1  $        1513  $        1209  $        1190  $       0      $       0      $      97      $           0  $              $1.369252      $1.000000      $0.048416 $0.038688 $0.038080 $     1.25  $     1.02  
56471 $ 27545   $ 12235001168  $  9018262711     $       79868  $    27990396  $    43824536  $     7889789  $      39      $       0      $      97      $           0  $              $1.356692      $79868.000000      $1.787810 $2.799172 $0.503939 $     0.64  $     5.55  
56526 $  1002   $  4337339087  $  5079914742     $     1175793  $   163185155  $    30236705  $    14141372  $       0      $       0      $      97      $           0  $              $0.853821      $1175793.000000      $10.423004 $1.931286 $0.903241 $     5.40  $     2.14  
56526 $  2004   $  5278261694  $  5734550024     $     2880632  $   211355427  $    43283858  $    24604755  $      40      $       0      $      97      $           0  $              $0.920432      $2880632.000000      $13.499747 $2.764637 $1.571561 $     4.88  $     1.76  
56471 $ 28548   $ 11962260719  $  8928277092     $       77612  $    27162360  $    42595986  $     7712717  $       0      $       0      $      97      $           0  $              $1.339817      $77612.000000      $1.733191 $2.717989 $0.492137 $     0.64  $     5.52  
56526 $  3006   $ 17795536224  $  9009195178     $    12497564  $   825893523  $   135575017  $    65653027  $      49      $       0      $      97      $           0  $              $1.975264      $12497564.000000      $52.751682 $8.659483 $4.193407 $     6.09  $     2.07  
56471 $ 29550   $ 12220152685  $  9122192115     $       71091  $    27943960  $    44136588  $     7935921  $       0      $       0      $      97      $           0  $              $1.339607      $71091.000000      $1.784844 $2.819103 $0.506885 $     0.63  $     5.56  
56471 $ 29670   $  1522546791  $  1125352255     $        8766  $     3492903  $     5500463  $      986212  $       0      $       0      $      97      $           0  $              $1.352951      $8766.000000      $1.862882 $2.933580 $0.525980 $     0.64  $     5.58  
56526 $  3126   $  1055302367  $   481033830     $      276916  $    49266565  $     5829896  $     4137336  $       4      $       0      $      97      $           0  $              $2.193821      $276916.000000      $26.275501 $3.109278 $2.206579 $     8.45  $     1.41  
56471 $ 30597   $ 12071780903  $  8867475451     $       75521  $    27702715  $    43510981  $     7793145  $       0      $       0      $      97      $           0  $              $1.361355      $75521.000000      $1.912593 $3.003994 $0.538038 $     0.64  $     5.58  
56471 $ 30599   $     1763511  $     1288791     $           1  $        1416  $        1177  $        1161  $       0      $       0      $      97      $           0  $              $1.368345      $1.000000      $0.045312 $0.037664 $0.037152 $     1.20  $     1.01  
56471 $ 31602   $ 12358201392  $  9086656591     $       81975  $    28351986  $    44396158  $     7979669  $      39      $       0      $      97      $           0  $              $1.360038      $81975.000000      $1.809100 $2.832856 $0.509171 $     0.64  $     5.56  
56531 $  1003   $  4267243339  $  5076059636     $     1096381  $   159804881  $    30473479  $    14266148  $       0      $       0      $      97      $           0  $              $0.840661      $1096381.000000      $10.196921 $1.944469 $0.910303 $     5.24  $     2.14  
56531 $  2006   $  5481345484  $  5826149872     $     2893917  $   220814573  $    45132608  $    25243592  $      39      $       0      $      97      $           0  $              $0.940818      $2893917.000000      $14.089863 $2.879847 $1.610758 $     4.89  $     1.79  
56471 $ 32604   $ 12029173296  $  8944164958     $       77499  $    27304142  $    42809019  $     7768094  $       0      $       0      $      97      $           0  $              $1.344919      $77499.000000      $1.743977 $2.734309 $0.496166 $     0.64  $     5.51  
56531 $  3008   $ 17398706755  $  9004678036     $    12280866  $   806645285  $   137133809  $    66225886  $      49      $       0      $      97      $           0  $              $1.932185      $12280866.000000      $51.522255 $8.759046 $4.229997 $     5.88  $     2.07  
56471 $ 33606   $ 12205969399  $  9121297283     $       72169  $    27927301  $    44067005  $     7930625  $       0      $       0      $      97      $           0  $              $1.338184      $72169.000000      $1.783780 $2.814659 $0.506547 $     0.63  $     5.56  
56471 $ 33764   $  2002027600  $  1477895999     $       11745  $     4591897  $     7231924  $     1296068  $       0      $       0      $      97      $           0  $              $1.354647      $11745.000000      $1.860009 $2.929387 $0.524990 $     0.63  $     5.58  
56531 $  3166   $  1370351741  $   644607468     $      414527  $    62717989  $     8209316  $     4714546  $       6      $       0      $      97      $           0  $              $2.125870      $414527.000000      $25.404755 $3.325293 $1.909690 $     7.64  $     1.74  
56471 $ 34672   $ 11825272266  $  8692915357     $       75599  $    27142355  $    42591517  $     7631096  $       0      $       0      $      97      $           0  $              $1.360334      $75599.000000      $1.913118 $3.002045 $0.537875 $     0.64  $     5.58  
56471 $ 34675   $     1721265  $     1259139     $           0  $        1391  $        1190  $        1175  $       0      $       0      $      97      $           0  $              $1.367018      $0.000000      $0.029675 $0.025387 $0.025067 $     1.17  $     1.01  
56471 $ 35678   $ 12246256922  $  9019796005     $       79945  $    28019434  $    43854915  $     7899923  $      39      $       0      $      97      $           0  $              $1.357709      $79945.000000      $1.787880 $2.798320 $0.504083 $     0.64  $     5.55  
56536 $  1003   $  4328141800  $  5087849549     $     1165580  $   162769187  $    30404979  $    14220473  $       0      $       0      $      97      $           0  $              $0.850682      $1165580.000000      $10.386069 $1.940098 $0.907388 $     5.35  $     2.14  
56536 $  2006   $  5449759360  $  5834779845     $     2918832  $   219005705  $    44405549  $    25177861  $      40      $       0      $      97      $           0  $              $0.934013      $2918832.000000      $13.974442 $2.833455 $1.606563 $     4.93  $     1.76  
56471 $ 36681   $ 12184331431  $  9031359658     $       77646  $    27774223  $    43573224  $     7880664  $       0      $       0      $      97      $           0  $              $1.349114      $77646.000000      $1.772234 $2.780345 $0.502854 $     0.64  $     5.53  
56536 $  3008   $ 17552564765  $  9007727130     $    12445650  $   814401566  $   135441411  $    66365298  $      49      $       0      $      97      $           0  $              $1.948612      $12445650.000000      $52.017662 $8.650949 $4.238901 $     6.01  $     2.04  
56471 $ 37683   $ 12220241344  $  9122079621     $       72691  $    27980029  $    44155330  $     7941932  $       0      $       0      $      97      $           0  $              $1.339633      $72691.000000      $1.787148 $2.820300 $0.507269 $     0.63  $     5.56  
56471 $ 37835   $  1916915993  $  1415061037     $       11304  $     4396834  $     6924539  $     1240976  $       0      $       0      $      97      $           0  $              $1.354653      $11304.000000      $1.851299 $2.915595 $0.522516 $     0.63  $     5.58  
56536 $  3160   $  1158938053  $   540451485     $      324235  $    53693500  $     6808950  $     4320822  $       6      $       0      $      97      $           0  $              $2.144389      $324235.000000      $22.607790 $2.866926 $1.819293 $     7.89  $     1.58  
56471 $ 38754   $ 11985668868  $  8800744996     $       76201  $    27550919  $    43215287  $     7738606  $       0      $       0      $      97      $           0  $              $1.361892      $76201.000000      $1.918671 $3.009552 $0.538924 $     0.64  $     5.58  
56471 $ 38756   $     1703627  $     1251455     $           0  $        1378  $        1062  $        1048  $       0      $       0      $      97      $           0  $              $1.361317      $0.000000      $0.044096 $0.033984 $0.033536 $     1.30  $     1.01  
56471 $ 39759   $ 12450483974  $  9147965649     $       81497  $    28589656  $    44760046  $     8041884  $      39      $       0      $      97      $           0  $              $1.361011      $81497.000000      $1.824265 $2.856075 $0.513141 $     0.64  $     5.57  
56541 $  1003   $  4380523149  $  5110596534     $     1143623  $   165161538  $    30010132  $    14444309  $       0      $       0      $      97      $           0  $              $0.857145      $1143623.000000      $10.538722 $1.914904 $0.921671 $     5.50  $     2.08  
56541 $  2006   $  6101168336  $  5819120521     $     3053661  $   247140857  $    47218595  $    26313084  $      41      $       0      $      97      $           0  $              $1.048469      $3053661.000000      $15.769706 $3.012951 $1.679000 $     5.23  $     1.79  
56471 $ 40762   $ 12300359600  $  9158747225     $       78969  $    28034599  $    44047022  $     7939681  $       0      $       0      $      97      $           0  $              $1.343018      $78969.000000      $1.788848 $2.810578 $0.506620 $     0.64  $     5.55  
56541 $  3009   $ 17708547055  $  9011884763     $    12270173  $   823680925  $   132277809  $    68552873  $      49      $       0      $      97      $           0  $              $1.965021      $12270173.000000      $52.557903 $8.440458 $4.374261 $     6.23  $     1.93  
56471 $ 41765   $ 12230470074  $  9122068669     $       71069  $    27976186  $    44190496  $     7951051  $       0      $       0      $      97      $           0  $              $1.340756      $71069.000000      $1.785120 $2.819732 $0.507345 $     0.63  $     5.56  
56471 $ 41878   $  1447983628  $  1063399487     $        8608  $     3325679  $     5228065  $      936236  $       0      $       0      $      97      $           0  $              $1.361655      $8608.000000      $1.883570 $2.961028 $0.530258 $     0.64  $     5.58  
56541 $  3122   $   298232474  $   129577899     $      172186  $    13960000  $     1462013  $     1183876  $       3      $       0      $      97      $           0  $              $2.301569      $172186.000000      $7.906549 $0.828043 $0.670514 $     9.55  $     1.23  
56471 $ 42843   $ 12478914510  $  9173089979     $       78735  $    28643521  $    44988113  $     8056083  $       0      $       0      $      97      $           0  $              $1.360383      $78735.000000      $1.899674 $2.983668 $0.534289 $     0.64  $     5.58  
56471 $ 42845   $     1726655  $     1273085     $          68  $        1583  $        1332  $        1142  $       0      $       0      $      97      $           0  $              $1.356276      $68.000000      $0.050656 $0.042624 $0.036544 $     1.19  $     1.17  
56471 $ 43847   $ 12434400634  $  9159587795     $       80497  $    28482195  $    44578710  $     8021906  $      39      $       0      $      97      $           0  $              $1.357528      $80497.000000      $1.819222 $2.847343 $0.512377 $     0.64  $     5.56  
56546 $  1002   $  4387986632  $  5151715974     $     1168937  $   165291624  $    31669376  $    14538825  $       0      $       0      $      97      $           0  $              $0.851752      $1168937.000000      $10.557549 $2.022794 $0.928628 $     5.22  $     2.18  
56546 $  2005   $  6280737387  $  5838541770     $     3154660  $   254672166  $    50273083  $    26498642  $      40      $       0      $      97      $           0  $              $1.075737      $3154660.000000      $16.250267 $3.207854 $1.690841 $     5.07  $     1.90  
56471 $ 44850   $ 12320475658  $  9170559740     $       79827  $    28089541  $    44099284  $     7951646  $       0      $       0      $      97      $           0  $              $1.343481      $79827.000000      $1.792354 $2.813912 $0.507383 $     0.64  $     5.55  
56546 $  3007   $ 17307848199  $  9004750195     $    12279173  $   803284440  $   138622786  $    66729670  $      49      $       0      $      97      $           0  $              $1.922080      $12279173.000000      $51.307587 $8.854150 $4.262175 $     5.79  $     2.08  
56471 $ 45852   $ 12218684212  $  9121143224     $       72116  $    27948703  $    44138464  $     7940257  $       0      $       0      $      97      $           0  $              $1.339600      $72116.000000      $1.785147 $2.819223 $0.507162 $     0.63  $     5.56  
56471 $ 45975   $  1586798943  $  1168171160     $        9510  $     3646911  $     5729990  $     1026524  $       0      $       0      $      97      $           0  $              $1.358362      $9510.000000      $1.897580 $2.981458 $0.534126 $     0.64  $     5.58  
56546 $  3130   $   576933903  $   269159542     $      233678  $    26791878  $     3304548  $     2276325  $       4      $       0      $      97      $           0  $              $2.143464      $233678.000000      $13.940490 $1.719440 $1.184429 $     8.11  $     1.45  
56471 $ 46924   $ 12277296927  $  9024716535     $       78375  $    28205904  $    44259629  $     7926392  $       0      $       0      $      97      $           0  $              $1.360408      $78375.000000      $1.902189 $2.984843 $0.534551 $     0.64  $     5.58  
56471 $ 46927   $     1837851  $     1371034     $          50  $        1752  $        1351  $        1146  $       0      $       0      $      97      $           0  $              $1.340485      $50.000000      $0.037376 $0.028821 $0.024448 $     1.30  $     1.18  
56471 $ 47929   $ 12389600072  $  9138723156     $       78631  $    28351329  $    44354281  $     7990961  $      39      $       0      $      97      $           0  $              $1.355726      $78631.000000      $1.810863 $2.833008 $0.510401 $     0.64  $     5.55  
56551 $  1002   $  4388334448  $  5181159547     $      992319  $   166238826  $    30649885  $    14990066  $       0      $       0      $      97      $           0  $              $0.846979      $992319.000000      $10.618050 $1.957677 $0.957449 $     5.42  $     2.04  
56551 $  2005   $  6363297542  $  5804973353     $     3129452  $   257796500  $    48190820  $    26320742  $      41      $       0      $      97      $           0  $              $1.096180      $3129452.000000      $16.449627 $3.074987 $1.679489 $     5.35  $     1.83  
56471 $ 48932   $ 12131731313  $  9017309320     $       77887  $    27601488  $    43323532  $     7835843  $       0      $       0      $      97      $           0  $              $1.345383      $77887.000000      $1.761212 $2.764413 $0.499994 $     0.64  $     5.53  
56551 $  3008   $ 17716432499  $  9010991709     $    12232733  $   824521817  $   131771076  $    69183398  $      49      $       0      $      97      $           0  $              $1.966091      $12232733.000000      $52.611561 $8.408124 $4.414494 $     6.26  $     1.90  
56471 $ 49935   $ 12206990102  $  9121837358     $       70115  $    27915048  $    44068841  $     7932403  $       0      $       0      $      97      $           0  $              $1.338216      $70115.000000      $1.781219 $2.811970 $0.506155 $     0.63  $     5.56  
56471 $ 50006   $   919509747  $   674567477     $        5338  $     2115229  $     3318817  $      594115  $       0      $       0      $      97      $           0  $              $1.363110      $5338.000000      $1.906685 $2.991610 $0.535540 $     0.64  $     5.59  
56551 $  3079   $    28539764  $    15206333     $      129824  $     1300033  $      146748  $      111413  $       2      $       0      $      97      $           0  $              $1.876834      $129824.000000      $1.171861 $0.132280 $0.100429 $     8.86  $     1.32  
56471 $ 50983   $ 12628657164  $  9294352277     $       80233  $    28990153  $    45496621  $     8150261  $       0      $       0      $      97      $           0  $              $1.358745      $80233.000000      $1.899048 $2.980331 $0.533896 $     0.64  $     5.58  
56471 $ 50985   $     1828918  $     1349319     $          56  $        1751  $        1443  $        1234  $       0      $       0      $      97      $           0  $              $1.355438      $56.000000      $0.056032 $0.046176 $0.039488 $     1.21  $     1.17  
56471 $ 51988   $ 12482195535  $  9193849583     $       81698  $    28584409  $    44733638  $     8054690  $      39      $       0      $      97      $           0  $              $1.357668      $81698.000000      $1.823930 $2.854390 $0.513958 $     0.64  $     5.55  
56556 $  1003   $  4392434238  $  5207638655     $      985870  $   166418254  $    31344253  $    15064484  $       0      $       0      $      97      $           0  $              $0.843460      $985870.000000      $10.618912 $2.000032 $0.961243 $     5.31  $     2.08  
56556 $  2006   $  6267305311  $  5784615520     $     3126503  $   253764232  $    48350255  $    26006817  $      41      $       0      $      97      $           0  $              $1.083444      $3126503.000000      $16.192333 $3.085161 $1.659458 $     5.25  $     1.86  
56471 $ 52991   $ 11987756492  $  8924675797     $       76994  $    27208102  $    42621515  $     7735640  $       0      $       0      $      97      $           0  $              $1.343215      $76994.000000      $1.736110 $2.719618 $0.493600 $     0.64  $     5.51  
56556 $  3008   $ 17601921969  $  9011766548     $    12317065  $   818769634  $   134574316  $    68607247  $      49      $       0      $      97      $           0  $              $1.953215      $12317065.000000      $52.296665 $8.595566 $4.382100 $     6.08  $     1.96  
56471 $ 53993   $ 12222898985  $  9122899082     $       73029  $    27992629  $    44154197  $     7943968  $       0      $       0      $      97      $           0  $              $1.339804      $73029.000000      $1.787952 $2.820228 $0.507399 $     0.63  $     5.56  
56471 $ 54107   $  1491980334  $  1095370425     $        8732  $     3431179  $     5385719  $      964222  $       0      $       0      $      97      $           0  $              $1.362078      $8732.000000      $1.926276 $3.023561 $0.541318 $     0.64  $     5.59  
56556 $  3122   $   237622155  $   109145376     $      179456  $    11055012  $     1264825  $      940616  $       4      $       0      $      97      $           0  $              $2.177116      $179456.000000      $6.206323 $0.710077 $0.528065 $     8.74  $     1.34  
56471 $ 55074   $ 12607483930  $  9257813765     $       79829  $    28989623  $    45448773  $     8139843  $       0      $       0      $      97      $           0  $              $1.361821      $79829.000000      $1.918651 $3.007985 $0.538728 $     0.64  $     5.58  
56471 $ 55077   $     1873458  $     1380733     $           0  $        1657  $        1245  $        1221  $       0      $       0      $      97      $           0  $              $1.356858      $0.000000      $0.035349 $0.026560 $0.026048 $     1.33  $     1.02  
56471 $ 56079   $ 12669840137  $  9332034452     $       84524  $    29027101  $    45449775  $     8176220  $      39      $       0      $      97      $           0  $              $1.357672      $84524.000000      $1.854026 $2.902980 $0.522234 $     0.64  $     5.56  
56561 $  1003   $  4404425019  $  5268711855     $     1161795  $   167028598  $    33099942  $    15319802  $       0      $       0      $      97      $           0  $              $0.835959      $1161795.000000      $10.657856 $2.112060 $0.977535 $     5.05  $     2.16  
56561 $  2006   $  5964067007  $  5684729883     $     3028452  $   239697357  $    48134839  $    25399559  $      40      $       0      $      97      $           0  $              $1.049138      $3028452.000000      $15.294746 $3.071415 $1.620710 $     4.98  $     1.90  
56471 $ 57082   $ 12069467507  $  8931937205     $       79182  $    27566886  $    43259256  $     7808528  $       0      $       0      $      97      $           0  $              $1.351271      $79182.000000      $1.759004 $2.760311 $0.498251 $     0.64  $     5.54  
56561 $  3008   $ 17234162900  $  9006812228     $    12245637  $   798381334  $   141444450  $    66820924  $      49      $       0      $      97      $           0  $              $1.913459      $12245637.000000      $50.994415 $9.034376 $4.268003 $     5.64  $     2.12  
56471 $ 58085   $ 12224440027  $  9120386258     $       71941  $    27979377  $    44162597  $     7944336  $       0      $       0      $      97      $           0  $              $1.340342      $71941.000000      $1.785324 $2.817952 $0.506917 $     0.63  $     5.56  
56471 $ 58238   $  1972689570  $  1453913605     $       11199  $     4528993  $     7124715  $     1276478  $       0      $       0      $      97      $           0  $              $1.356813      $11199.000000      $1.894481 $2.980273 $0.533952 $     0.64  $     5.58  
56561 $  3161   $   964586292  $   443094254     $      289317  $    44891518  $     5811899  $     3819720  $       5      $       0      $      97      $           0  $              $2.176933      $289317.000000      $18.778152 $2.431121 $1.597791 $     7.72  $     1.52  
56471 $ 59168   $ 12024707072  $  8839343555     $       76105  $    27628018  $    43356639  $     7763567  $       0      $       0      $      97      $           0  $              $1.360362      $76105.000000      $1.901283 $2.983683 $0.534267 $     0.64  $     5.58  
56471 $ 59171   $     1649813  $     1215302     $           0  $        1431  $        1128  $        1110  $       0      $       0      $      97      $           0  $              $1.357533      $0.000000      $0.030528 $0.024064 $0.023680 $     1.27  $     1.02  
56471 $ 60173   $ 12684442439  $  9320607132     $       81848  $    29106343  $    45572696  $     8192582  $      40      $       0      $      97      $           0  $              $1.360903      $81848.000000      $1.859088 $2.910831 $0.523279 $     0.64  $     5.56  
56566 $  1002   $  4401445852  $  5274198264     $     1125725  $   167127792  $    32641922  $    15478952  $       0      $       0      $      97      $           0  $              $0.834524      $1125725.000000      $10.674829 $2.084913 $0.988676 $     5.12  $     2.11  
56566 $  2004   $  6308691817  $  5819894764     $     3153594  $   255697392  $    49682751  $    25717834  $      40      $       0      $      97      $           0  $              $1.083987      $3153594.000000      $16.331968 $3.173349 $1.642656 $     5.15  $     1.93  
56471 $ 61175   $ 11978656273  $  8911015139     $       76060  $    27186014  $    42578054  $     7730863  $       0      $       0      $      97      $           0  $              $1.344253      $76060.000000      $1.736432 $2.719557 $0.493788 $     0.64  $     5.51  
56566 $  3006   $ 17320458495  $  9008307709     $    12190803  $   804157089  $   138758283  $    67939477  $      49      $       0      $      97      $           0  $              $1.922721      $12190803.000000      $51.363331 $8.862804 $4.339448 $     5.80  $     2.04  
56471 $ 62177   $ 12220875682  $  9123553147     $       72840  $    28006228  $    44166882  $     7943632  $       0      $       0      $      97      $           0  $              $1.339486      $72840.000000      $1.788821 $2.821038 $0.507378 $     0.63  $     5.56  
56471 $ 62291   $  1474277657  $  1085333583     $        8709  $     3383042  $     5323432  $      953671  $       0      $       0      $      97      $           0  $              $1.358364      $8709.000000      $1.899252 $2.988593 $0.535394 $     0.64  $     5.58  
56566 $  3120   $   493744348  $   231800097     $      209001  $    22893386  $     2884163  $     1947069  $       4      $       0      $      97      $           0  $              $2.130044      $209001.000000      $12.852427 $1.619179 $1.093091 $     7.94  $     1.48  
56471 $ 63244   $ 12332512746  $  9063944938     $       77708  $    28355588  $    44469483  $     7962465  $       0      $       0      $      97      $           0  $              $1.360612      $77708.000000      $1.904258 $2.986408 $0.534730 $     0.64  $     5.58  
56471 $ 63246   $     1669499  $     1235312     $          58  $        1635  $        1320  $        1145  $       0      $       0      $      97      $           0  $              $1.351480      $58.000000      $0.052320 $0.042240 $0.036640 $     1.24  $     1.15  
56471 $ 64249   $ 12536806016  $  9239007633     $       79839  $    28659517  $    44903118  $     8086707  $      40      $       0      $      97      $           0  $              $1.356943      $79839.000000      $1.828723 $2.865204 $0.516001 $     0.64  $     5.55  
56571 $  1003   $  4403222899  $  5278707817     $     1131959  $   167277321  $    32434151  $    15485968  $       0      $       0      $      97      $           0  $              $0.834148      $1131959.000000      $10.673728 $2.069577 $0.988138 $     5.16  $     2.09  
56571 $  2006   $  6309783814  $  5820275413     $     3136273  $   255606607  $    49259997  $    25753121  $      40      $       0      $      97      $           0  $              $1.084104      $3136273.000000      $16.309893 $3.143210 $1.643270 $     5.19  $     1.91  
56471 $ 65252   $ 12046255216  $  8958232965     $       76054  $    27352149  $    42849652  $     7775406  $       0      $       0      $      97      $           0  $              $1.344713      $76054.000000      $1.745302 $2.734175 $0.496138 $     0.64  $     5.51  
56571 $  3008   $ 17238213728  $  9020210483     $    12047800  $   800370380  $   136825766  $    69342614  $      49      $       0      $      97      $           0  $              $1.911066      $12047800.000000      $51.121460 $8.739370 $4.429070 $     5.85  $     1.97  
56471 $ 66254   $ 12236780784  $  9135938698     $       73086  $    28029243  $    44209826  $     7957189  $       0      $       0      $      97      $           0  $              $1.339411      $73086.000000      $1.790291 $2.823781 $0.508244 $     0.63  $     5.56  
56471 $ 66405   $  1926140247  $  1416209154     $       11601  $     4429909  $     6954231  $     1245745  $       0      $       0      $      97      $           0  $              $1.360068      $11601.000000      $1.877577 $2.947489 $0.527998 $     0.64  $     5.58  
56571 $  3159   $   574205322  $   263764192     $      220538  $    26742742  $     3234344  $     2277458  $       5      $       0      $      97      $           0  $              $2.176965      $220538.000000      $11.334672 $1.370848 $0.965280 $     8.27  $     1.42  
56471 $ 67355   $ 12375536225  $  9090599216     $       77015  $    28437637  $    44608067  $     7989822  $       0      $       0      $      97      $           0  $              $1.361355      $77015.000000      $1.915799 $3.005175 $0.538262 $     0.64  $     5.58  
56471 $ 67358   $     1968625  $     1443517     $           2  $        1743  $        1312  $        1283  $       0      $       0      $      97      $           0  $              $1.363770      $2.000000      $0.037184 $0.027989 $0.027371 $     1.33  $     1.02  
56471 $ 68360   $ 12503646703  $  9231332191     $       79846  $    28567342  $    44728608  $     8060040  $      39      $       0      $      97      $           0  $              $1.354479      $79846.000000      $1.824661 $2.856917 $0.514813 $     0.64  $     5.55  
56576 $  1002   $  4403323777  $  5271639601     $     1127400  $   166878796  $    33420038  $    15383222  $       0      $       0      $      97      $           0  $              $0.835285      $1127400.000000      $10.658925 $2.134613 $0.982561 $     4.99  $     2.17  
56576 $  2005   $  6412592105  $  5839478428     $     3093446  $   259783215  $    51587302  $    26995946  $      40      $       0      $      97      $           0  $              $1.098145      $3093446.000000      $16.576397 $3.291712 $1.722573 $     5.04  $     1.91  
56471 $ 69363   $ 12197574878  $  9032576160     $       78455  $    27788389  $    43596458  $     7889610  $       0      $       0      $      97      $           0  $              $1.350398      $78455.000000      $1.773137 $2.781828 $0.503425 $     0.64  $     5.53  
56576 $  3007   $ 17140101483  $  9008478065     $    12013147  $   795313082  $   141899686  $    68974860  $      49      $       0      $      97      $           0  $              $1.902663      $12013147.000000      $50.798439 $9.063453 $4.405580 $     5.60  $     2.06  
56471 $ 70366   $ 12212539319  $  9123932563     $       73404  $    27951453  $    44097045  $     7937907  $       0      $       0      $      97      $           0  $              $1.338517      $73404.000000      $1.783542 $2.813770 $0.506507 $     0.63  $     5.56  
56471 $ 70524   $  2058323525  $  1514462621     $       11842  $     4726357  $     7430943  $     1330923  $       0      $       0      $      97      $           0  $              $1.359112      $11842.000000      $1.914474 $3.010002 $0.539108 $     0.64  $     5.58  
56576 $  3165   $   605359886  $   283178156     $      212749  $    28078231  $     3809094  $     2389501  $       5      $       0      $      97      $           0  $              $2.137735      $212749.000000      $11.373461 $1.542924 $0.967899 $     7.37  $     1.59  
56471 $ 71472   $ 12550421069  $  9228352694     $       79163  $    28826594  $    45211106  $     8099818  $       0      $       0      $      97      $           0  $              $1.359985      $79163.000000      $1.946099 $3.052227 $0.546823 $     0.64  $     5.58  
56471 $ 71475   $     1753820  $     1283305     $           0  $        1500  $        1194  $        1174  $       0      $       0      $      97      $           0  $              $1.366643      $0.000000      $0.032000 $0.025472 $0.025045 $     1.26  $     1.02  
56471 $ 72478   $  6678867104  $  5418232130     $      381443  $     9896960  $    15348593  $     2798408  $      34      $       0      $      97      $           0  $              $1.232665      $381443.000000      $0.631511 $0.979372 $0.178562 $     0.64  $     5.48  
56582 $  1003   $  4407035148  $  5362610711     $      966589  $   169114057  $    32660435  $    16083230  $       0      $       0      $      97      $           0  $              $0.821808      $966589.000000      $10.790927 $2.084016 $1.026248 $     5.18  $     2.03  
56582 $  2006   $  7265040132  $  6040408306     $     3318652  $   296868567  $    51466113  $    26199706  $      31      $       0      $      97      $           0  $              $1.202740      $3318652.000000      $18.942760 $3.283979 $1.671766 $     5.77  $     1.96  
56471 $ 73481   $  3943661588  $  2368853744     $      334279  $      519401  $      576117  $      161009  $       0      $       0      $      97      $           0  $              $1.664797      $334279.000000      $0.033142 $0.036761 $0.010274 $     0.90  $     3.58  
56471 $ 74451   $  3720513007  $  2268080843     $      478186  $      501126  $      592207  $      299158  $       0      $       0      $      97      $           0  $              $1.640379      $478186.000000      $0.033064 $0.039073 $0.019738 $     0.85  $     1.98  
56582 $  2976   $ 16807981481  $  8538795078     $    12060624  $   784421282  $   129900086  $    65392805  $      37      $       0      $      97      $           0  $              $1.968425      $12060624.000000      $51.755634 $8.570727 $4.314577 $     6.04  $     1.99  
56471 $ 74529   $   310854865  $   184484205     $        9444  $       40525  $       43062  $        6252  $       0      $       0      $      97      $           0  $              $1.684995      $9444.000000      $0.033251 $0.035333 $0.005130 $     0.94  $     6.89  
56471 $ 74531   $     2027778  $     1218625     $           1  $         262  $         266  $          26  $       0      $       0      $      97      $           0  $              $1.663988      $1.000000      $0.008384 $0.008512 $0.000832 $     0.98  $    10.23  
56471 $ 75534   $  3791848849  $  2271032216     $      506225  $      497551  $      546304  $      132775  $      29      $       0      $      97      $           0  $              $1.669659      $506225.000000      $0.031748 $0.034859 $0.008472 $     0.91  $     4.11  
56587 $  1003   $  4385102345  $  5124406983     $      941926  $   166020091  $    31276330  $    14513383  $       0      $       0      $      97      $           0  $              $0.855729      $941926.000000      $10.593506 $1.995698 $0.926078 $     5.31  $     2.15  
56587 $  2006   $  1139557900  $  2745123558     $      721822  $    21607695  $    13443917  $     9148688  $      26      $       0      $      97      $           0  $              $0.415121      $721822.000000      $1.378756 $0.857837 $0.583765 $     1.61  $     1.47  
56471 $ 76537   $  3932045491  $  2344886974     $      131897  $      513530  $      558327  $       89085  $       0      $       0      $      97      $           0  $              $1.676859      $131897.000000      $0.032768 $0.035626 $0.005684 $     0.92  $     6.27  
56587 $  3009   $ 17148789124  $  8767855219     $    11381291  $   796601492  $   130734224  $    63857259  $      39      $       0      $      97      $           0  $              $1.955870      $11381291.000000      $50.830006 $8.341965 $4.074641 $     6.09  $     2.05  
56471 $ 77540   $  3678737855  $  2240241144     $      505380  $      495417  $      582171  $      298509  $       0      $       0      $      97      $           0  $              $1.642117      $505380.000000      $0.031612 $0.037148 $0.019047 $     0.85  $     1.95  
56471 $ 77912   $  1388964628  $   842164563     $      169148  $      186482  $      215243  $      100712  $       0      $       0      $      97      $           0  $              $1.649279      $169148.000000      $0.032083 $0.037031 $0.017327 $     0.87  $     2.14  
56587 $  3381   $  5777419796  $  2791371600     $     3098589  $   266123522  $    40363339  $    19780655  $      13      $       0      $      97      $           0  $              $2.069742      $3098589.000000      $45.784691 $6.944231 $3.403124 $     6.59  $     2.04  
56471 $ 78587   $  2681318098  $  1589743559     $       85157  $      349219  $      374004  $       54033  $       0      $       0      $      97      $           0  $              $1.686636      $85157.000000      $0.033111 $0.035461 $0.005123 $     0.93  $     6.92  
56471 $ 78590   $     2260653  $     1361578     $           0  $         293  $         303  $          37  $       0      $       0      $      97      $           0  $              $1.660318      $0.000000      $0.006251 $0.006464 $0.000789 $     0.97  $     8.19  
56471 $ 79593   $  3797766785  $  2273888455     $      570135  $      498249  $      548465  $      132735  $      29      $       0      $      97      $           0  $              $1.670164      $570135.000000      $0.031793 $0.034997 $0.008470 $     0.91  $     4.13  
56592 $  1003   $  4386307087  $  5135317837     $      945490  $   166350870  $    31405874  $    14658733  $       0      $       0      $      97      $           0  $              $0.854145      $945490.000000      $10.614612 $2.003964 $0.935353 $     5.30  $     2.14  
56592 $  2006   $  6858649729  $  6004129309     $     3265544  $   279935335  $    52039756  $    26597295  $      29      $       0      $      97      $           0  $              $1.142322      $3265544.000000      $17.862274 $3.320583 $1.697136 $     5.38  $     1.96  
56471 $ 80596   $  1743925975  $  1045045430     $      527080  $      228946  $      255153  $       45175  $       0      $       0      $      97      $           0  $              $1.668756      $527080.000000      $0.014609 $0.016281 $0.002883 $     0.90  $     5.65  
56592 $  3009   $ 17238010713  $  8648503829     $    12065533  $   804006944  $   132768356  $    66095732  $      36      $       0      $      97      $           0  $              $1.993178      $12065533.000000      $51.302536 $8.471759 $4.217474 $     6.06  $     2.01  
56471 $ 81599   $           0  $           0     $      740367  $           0  $           0  $           0  $       0      $       0      $      97      $           0  $              $-nan      $740367.000000      $0.000000 $0.000000 $0.000000 $     0.00  $     0.00  
56471 $ 83007   $        4899  $      153111     $      123156  $         586  $        1016  $         242  $       0      $       0      $      97      $           0  $              $0.031996      $123156.000000      $0.000027 $0.000046 $0.000011 $     0.58  $     4.20  
56592 $  4417   $           0  $           0     $      385926  $        3301  $        3299  $        3092  $       7      $       0      $      97      $           0  $              $-nan      $385926.000000      $0.000150 $0.000150 $0.000141 $     1.00  $     1.07  
56471 $ 83071   $       15039  $      298841     $      108298  $         761  $        1685  $         351  $       0      $       0      $      97      $           0  $              $0.050324      $108298.000000      $0.000761 $0.001685 $0.000351 $     0.45  $     4.80  
56597 $  1004   $  4429978591  $  5376475675     $     1225513  $   170208282  $    35676077  $    16545709  $      26      $       0      $      65      $           0  $              $0.823956      $1225513.000000      $10.849931 $2.274172 $1.054707 $     4.77  $     2.16  
56597 $  2028   $  4429978591  $  5376475675     $     1225513  $   170208282  $    35676077  $    16545709  $      26      $       0      $      65      $           0  $              $0.823956      $1225513.000000      $10.638018 $2.229755 $1.034107 $     4.77  $     2.16  
