PID   $time     $Instr Ret     $Unh Clk Cycles   $l2 trans reqs $l1lines       $l2lines       $Per Core bw   $Power         $Power2        $Power3        $bandwidth     $              $IPC           $MEM INTENSIITY$L2->L1 BW (MB)$L3->L2 BW (MB)$MM->L3 BW (MB)$L2 REUSE      $L3 REUSE      
57296 $  1004   $ 17508437449  $  8877538880     $     2962162  $   377184283  $   347486072  $    40888452  $      39      $       0      $      97      $           0  $              $1.972217      $2962162.000000      $24.043619 $22.150507 $2.606435 $     1.09  $     8.50  
57294 $  1003   $  4627491170  $  2218991249     $      529250  $      595834  $      683851  $      199978  $       0      $       0      $      97      $           0  $              $2.085403      $529250.000000      $0.038019 $0.043636 $0.012760 $     0.87  $     3.42  
57296 $  2007   $ 18307710525  $  9161705998     $     3101699  $   395412168  $   364164011  $    42120420  $      41      $       0      $      97      $           0  $              $1.998286      $3101699.000000      $25.230686 $23.236786 $2.687644 $     1.09  $     8.65  
57294 $  2006   $  4675188929  $  2245275967     $      547170  $      601849  $      690712  $      209935  $       0      $       0      $      97      $           0  $              $2.082233      $547170.000000      $0.038403 $0.044073 $0.013396 $     0.87  $     3.29  
57296 $  3010   $ 18307372914  $  9160989600     $     3101686  $   395399092  $   364166610  $    42085899  $      41      $       0      $      97      $           0  $              $1.998406      $3101686.000000      $25.229853 $23.236954 $2.685441 $     1.09  $     8.65  
57294 $  3009   $  4683663982  $  2245506546     $      546331  $      603351  $      695023  $      209781  $       0      $       0      $      97      $           0  $              $2.085794      $546331.000000      $0.038499 $0.044348 $0.013386 $     0.87  $     3.31  
57296 $  4013   $ 18868330917  $  9486831999     $     3193172  $   407519778  $   375218719  $    43702595  $      41      $       0      $      97      $           0  $              $1.988897      $3193172.000000      $26.003256 $23.942171 $2.788600 $     1.09  $     8.59  
57294 $  4012   $  4838333665  $  2324646053     $      550595  $      622648  $      717696  $      216288  $       0      $       0      $      97      $           0  $              $2.081320      $550595.000000      $0.039730 $0.045795 $0.013801 $     0.87  $     3.32  
57296 $  5015   $ 18308509819  $  9161246676     $     3103057  $   395426837  $   364181272  $    42082896  $      41      $       0      $      97      $           0  $              $1.998474      $3103057.000000      $25.256805 $23.261080 $2.687929 $     1.09  $     8.65  
57294 $  5014   $  4677404669  $  2245648049     $      544025  $      602901  $      698005  $      209262  $       0      $       0      $      97      $           0  $              $2.082875      $544025.000000      $0.038509 $0.044583 $0.013366 $     0.86  $     3.34  
57296 $  6018   $ 18306567526  $  9161391561     $     3102234  $   395381950  $   364154559  $    42112817  $      41      $       0      $      97      $           0  $              $1.998230      $3102234.000000      $25.228758 $23.236183 $2.687159 $     1.09  $     8.65  
57294 $  6017   $  4678668868  $  2246023872     $      543275  $      602516  $      699490  $      209190  $       0      $       0      $      97      $           0  $              $2.083089      $543275.000000      $0.038446 $0.044633 $0.013348 $     0.86  $     3.34  
57296 $  7021   $ 18242831714  $  9160325402     $     3081698  $   393914781  $   362779856  $    42273067  $      41      $       0      $      97      $           0  $              $1.991505      $3081698.000000      $25.135141 $23.148464 $2.697384 $     1.09  $     8.58  
57294 $  7020   $  4680338583  $  2245791645     $      542860  $      603535  $      699540  $      210277  $       0      $       0      $      97      $           0  $              $2.084048      $542860.000000      $0.038511 $0.044637 $0.013417 $     0.86  $     3.33  
57296 $  8024   $ 18937984829  $  9492175015     $     3213143  $   409113866  $   376703457  $    43543374  $      41      $       0      $      97      $           0  $              $1.995116      $3213143.000000      $26.104971 $24.036911 $2.778441 $     1.09  $     8.65  
57294 $  8023   $  4850496372  $  2326641575     $      545304  $      623815  $      723828  $      215974  $       0      $       0      $      97      $           0  $              $2.084763      $545304.000000      $0.039805 $0.046186 $0.013781 $     0.86  $     3.35  
57296 $  9027   $ 18306831855  $  9160437244     $     3103557  $   395370843  $   364172083  $    42079373  $      41      $       0      $      97      $           0  $              $1.998467      $3103557.000000      $25.228050 $23.237303 $2.685025 $     1.09  $     8.65  
57294 $  9026   $  4680863289  $  2245920743     $      540929  $      603134  $      698533  $      208974  $       0      $       0      $      97      $           0  $              $2.084162      $540929.000000      $0.038485 $0.044572 $0.013334 $     0.86  $     3.34  
57296 $ 10029   $ 18242763305  $  9161086645     $     3083458  $   393909354  $   362797722  $    42279232  $      41      $       0      $      97      $           0  $              $1.991332      $3083458.000000      $25.159878 $23.172709 $2.700470 $     1.09  $     8.58  
57294 $ 10028   $  4685207963  $  2245857010     $      543482  $      603389  $      699428  $      210779  $       0      $       0      $      97      $           0  $              $2.086156      $543482.000000      $0.038540 $0.044674 $0.013463 $     0.86  $     3.32  
57296 $ 11032   $ 18308493215  $  9160331484     $     3100835  $   395394487  $   364190951  $    42090467  $      41      $       0      $      97      $           0  $              $1.998672      $3100835.000000      $25.229559 $23.238504 $2.685733 $     1.09  $     8.65  
57294 $ 11031   $  4687202153  $  2246037832     $      540478  $      603999  $      700825  $      211103  $       0      $       0      $      97      $           0  $              $2.086876      $540478.000000      $0.038540 $0.044719 $0.013470 $     0.86  $     3.32  
57296 $ 12035   $ 18948092761  $  9497071534     $     3216376  $   409358691  $   376913087  $    43548228  $      41      $       0      $      97      $           0  $              $1.995151      $3216376.000000      $26.120594 $24.050287 $2.778750 $     1.09  $     8.66  
57294 $ 12034   $  4842495310  $  2327813680     $      545922  $      622643  $      722743  $      215485  $       0      $       0      $      97      $           0  $              $2.080276      $545922.000000      $0.039730 $0.046117 $0.013750 $     0.86  $     3.35  
57296 $ 13038   $ 18244594879  $  9161261790     $     3084721  $   393983742  $   362834813  $    42259164  $      41      $       0      $      97      $           0  $              $1.991494      $3084721.000000      $25.139542 $23.151972 $2.696497 $     1.09  $     8.59  
57294 $ 13037   $  4678867836  $  2246127270     $      539692  $      602666  $      699729  $      210942  $       0      $       0      $      97      $           0  $              $2.083082      $539692.000000      $0.038455 $0.044649 $0.013460 $     0.86  $     3.32  
57296 $ 14041   $ 18304896199  $  9161377043     $     3095423  $   395315185  $   364106076  $    42136234  $      41      $       0      $      97      $           0  $              $1.998051      $3095423.000000      $25.224499 $23.233089 $2.688653 $     1.09  $     8.64  
57294 $ 14040   $  4682728883  $  2246298669     $      538897  $      604292  $      700450  $      209588  $       0      $       0      $      97      $           0  $              $2.084642      $538897.000000      $0.038559 $0.044695 $0.013374 $     0.86  $     3.34  
57296 $ 15044   $ 18308363498  $  9161578914     $     3102079  $   395421839  $   364194388  $    42065804  $      41      $       0      $      97      $           0  $              $1.998385      $3102079.000000      $25.231302 $23.238726 $2.684159 $     1.09  $     8.66  
57294 $ 15043   $  4685088801  $  2246466233     $      539706  $      605057  $      702250  $      211421  $       0      $       0      $      97      $           0  $              $2.085537      $539706.000000      $0.038608 $0.044810 $0.013490 $     0.86  $     3.32  
57294 $ 15348   $  1481834358  $   708396865     $      142138  $      189999  $      216279  $       52158  $       0      $       0      $      97      $           0  $              $2.091814      $142138.000000      $0.039869 $0.045383 $0.010945 $     0.88  $     4.15  
57296 $ 15349   $  4434591929  $  2230289527     $      810079  $    95638838  $    88064319  $    10082950  $      11      $       0      $      97      $           0  $              $1.988348      $810079.000000      $20.068478 $18.479071 $2.115767 $     1.09  $     8.73  
57294 $ 16110   $  3897222629  $  1827080014     $      174248  $      490222  $      519898  $         160  $       0      $       0      $      97      $           0  $              $2.133033      $174248.000000      $0.041174 $0.043666 $0.000013 $     0.94  $  3249.36  
57294 $ 16113   $     2667618  $     1262774     $           2  $         348  $         353  $           0  $       0      $       0      $      97      $           0  $              $2.112506      $2.000000      $0.007424 $0.007531 $0.000000 $     0.99  $      inf  
57294 $ 17116   $  4742378505  $  2246870362     $      540882  $      608421  $      675945  $      366897  $      41      $       0      $      97      $           0  $              $2.110660      $540882.000000      $0.038822 $0.043131 $0.023411 $     0.90  $     1.84  
57316 $  1003   $ 17806421152  $  8977638749     $     2423686  $   378816772  $   352311846  $    45332706  $       0      $       0      $      97      $           0  $              $1.983419      $2423686.000000      $24.171759 $22.480516 $2.892615 $     1.08  $     7.77  
57316 $  2005   $ 13438541403  $  6946064776     $     1621037  $   285802497  $   264922482  $    59717419  $      40      $       0      $      97      $           0  $              $1.934699      $1621037.000000      $18.254850 $16.921196 $3.814286 $     1.08  $     4.44  
57294 $ 18118   $  7413515710  $  5018441881     $      134552  $    20569333  $    26706516  $     8450715  $       0      $       0      $      97      $           0  $              $1.477255      $134552.000000      $1.313810 $1.705805 $0.539766 $     0.77  $     3.16  
57316 $  3007   $ 17977125228  $  9132365391     $     2362491  $   384489542  $   356705604  $    52646509  $      51      $       0      $      97      $           0  $              $1.968507      $2362491.000000      $24.558214 $22.783590 $3.362651 $     1.08  $     6.78  
57294 $ 19120   $ 12213803569  $  9119671011     $       69119  $    28059407  $    44124981  $     7796320  $       0      $       0      $      97      $           0  $              $1.339281      $69119.000000      $1.792218 $2.818362 $0.497969 $     0.64  $     5.66  
57316 $  4009   $ 17968356118  $  9133037687     $     2360086  $   384277659  $   356521965  $    52574741  $      51      $       0      $      97      $           0  $              $1.967402      $2360086.000000      $24.544682 $22.771862 $3.358067 $     1.08  $     6.78  
57294 $ 20122   $ 12224910873  $  9128621340     $       68587  $    27980811  $    44212325  $     7946689  $       0      $       0      $      97      $           0  $              $1.339185      $68587.000000      $1.787198 $2.823941 $0.507573 $     0.63  $     5.56  
57316 $  5011   $ 17904149883  $  9134356784     $     2353017  $   382877582  $   355187417  $    52736592  $      51      $       0      $      97      $           0  $              $1.960089      $2353017.000000      $24.455254 $22.686623 $3.368405 $     1.08  $     6.74  
57294 $ 21124   $ 12223577053  $  9130091994     $       68853  $    27997371  $    44210109  $     7945912  $       0      $       0      $      97      $           0  $              $1.338823      $68853.000000      $1.788255 $2.823799 $0.507523 $     0.63  $     5.56  
57316 $  6014   $ 17960399260  $  9134889201     $     2361101  $   384124810  $   356376531  $    52550892  $      51      $       0      $      97      $           0  $              $1.966132      $2361101.000000      $24.510456 $22.739880 $3.353198 $     1.08  $     6.78  
57294 $ 22127   $ 12220098968  $  9130705535     $       68822  $    27993023  $    44200434  $     7943963  $       0      $       0      $      97      $           0  $              $1.338352      $68822.000000      $1.786195 $2.820367 $0.506893 $     0.63  $     5.56  
57316 $  7016   $ 17965348961  $  9135420489     $     2359658  $   384217306  $   356474105  $    52566912  $      51      $       0      $      97      $           0  $              $1.966560      $2359658.000000      $24.540827 $22.768806 $3.357567 $     1.08  $     6.78  
57294 $ 23129   $ 12226062850  $  9130501020     $       68742  $    27993869  $    44227314  $     7947668  $       0      $       0      $      97      $           0  $              $1.339035      $68742.000000      $1.788031 $2.824898 $0.507635 $     0.63  $     5.56  
57316 $  8018   $ 17956104640  $  9134805004     $     2360077  $   384019370  $   356283694  $    52528262  $      51      $       0      $      97      $           0  $              $1.965680      $2360077.000000      $24.528183 $22.756641 $3.355099 $     1.08  $     6.78  
57294 $ 24131   $ 12216580268  $  9130096820     $       68833  $    27970103  $    44181339  $     7940986  $       0      $       0      $      97      $           0  $              $1.338056      $68833.000000      $1.786514 $2.821962 $0.507209 $     0.63  $     5.56  
57316 $  9020   $ 17912452298  $  9135700026     $     2352944  $   383044931  $   355353328  $    52768646  $      51      $       0      $      97      $           0  $              $1.960709      $2352944.000000      $24.465944 $22.697220 $3.370453 $     1.08  $     6.73  
57294 $ 25133   $ 12231514129  $  9130652292     $       68802  $    28004868  $    44238832  $     7950970  $       0      $       0      $      97      $           0  $              $1.339610      $68802.000000      $1.788734 $2.825634 $0.507846 $     0.63  $     5.56  
57316 $ 10022   $ 17963555647  $  9135035070     $     2358657  $   384200421  $   356439155  $    52617601  $      51      $       0      $      97      $           0  $              $1.966446      $2358657.000000      $24.539747 $22.766573 $3.360805 $     1.08  $     6.77  
57294 $ 26135   $ 12224875214  $  9130555221     $       68841  $    28001394  $    44214765  $     7946440  $       0      $       0      $      97      $           0  $              $1.338897      $68841.000000      $1.788512 $2.824097 $0.507557 $     0.63  $     5.56  
57316 $ 11025   $ 17968173950  $  9133902525     $     2361572  $   384274664  $   356521021  $    52566203  $      51      $       0      $      97      $           0  $              $1.967196      $2361572.000000      $24.520018 $22.749098 $3.354175 $     1.08  $     6.78  
57294 $ 27138   $ 12222943936  $  9129996285     $       68959  $    27980911  $    44209828  $     7945635  $       0      $       0      $      97      $           0  $              $1.338768      $68959.000000      $1.785422 $2.820966 $0.507000 $     0.63  $     5.56  
57316 $ 12027   $ 17900758645  $  9134359461     $     2352627  $   382793266  $   355113582  $    52705947  $      51      $       0      $      97      $           0  $              $1.959717      $2352627.000000      $24.449871 $22.681904 $3.366448 $     1.08  $     6.74  
57294 $ 28140   $ 12222924323  $  9129734051     $       68630  $    28000818  $    44216928  $     7945927  $       0      $       0      $      97      $           0  $              $1.338804      $68630.000000      $1.788475 $2.824235 $0.507524 $     0.63  $     5.56  
57316 $ 13029   $ 17964422202  $  9134868423     $     2361317  $   384203454  $   356440214  $    52575032  $      51      $       0      $      97      $           0  $              $1.966577      $2361317.000000      $24.539942 $22.766642 $3.358086 $     1.08  $     6.78  
57294 $ 29142   $ 12224676617  $  9130285994     $       68539  $    27989464  $    44217789  $     7946603  $       0      $       0      $      97      $           0  $              $1.338915      $68539.000000      $1.787750 $2.824290 $0.507567 $     0.63  $     5.56  
57316 $ 14031   $ 17953412618  $  9135186672     $     2361615  $   383966008  $   356227982  $    52480024  $      51      $       0      $      97      $           0  $              $1.965303      $2361615.000000      $24.524775 $22.753084 $3.352017 $     1.08  $     6.79  
57294 $ 30144   $ 12215967586  $  9130429743     $       69242  $    27956078  $    44183914  $     7940693  $       0      $       0      $      97      $           0  $              $1.337940      $69242.000000      $1.785618 $2.822126 $0.507190 $     0.63  $     5.56  
57316 $ 15034   $ 17959085727  $  9135078380     $     2361051  $   384092293  $   356341303  $    52564516  $      51      $       0      $      97      $           0  $              $1.965948      $2361051.000000      $24.508381 $22.737631 $3.354067 $     1.08  $     6.78  
57294 $ 31147   $ 12219160937  $  9131274339     $       68578  $    27970587  $    44189183  $     7943217  $       0      $       0      $      97      $           0  $              $1.338166      $68578.000000      $1.784763 $2.819649 $0.506845 $     0.63  $     5.56  
57294 $ 32099   $ 11705400350  $  8729800713     $       66760  $    26827419  $    42323243  $     7604147  $       0      $       0      $      97      $           0  $              $1.340855      $66760.000000      $1.803524 $2.845260 $0.511203 $     0.63  $     5.57  
57316 $ 15986   $ 15495002238  $  7899170872     $     2100724  $   331231701  $   307282246  $    45356911  $      47      $       0      $      97      $           0  $              $1.961599      $2100724.000000      $22.267677 $20.657629 $3.049204 $     1.08  $     6.77  
57294 $ 32233   $  1735147593  $  1270245839     $       10954  $     4006937  $     6258334  $     1120811  $       0      $       0      $      97      $           0  $              $1.365993      $10954.000000      $1.913761 $2.989055 $0.535313 $     0.64  $     5.58  
57294 $ 32236   $     1906541  $     1389373     $           0  $        1668  $        1276  $        1260  $       0      $       0      $      97      $           0  $              $1.372231      $0.000000      $0.035584 $0.027221 $0.026880 $     1.31  $     1.01  
57294 $ 33239   $ 12145433467  $  9032424064     $       66121  $    27795639  $    43775613  $     7880619  $      51      $       0      $      97      $           0  $              $1.344648      $66121.000000      $1.773600 $2.793259 $0.502851 $     0.63  $     5.55  
57324 $  1003   $ 17328257141  $  8938832271     $     2275897  $   372485260  $   343575540  $    51315543  $       0      $       0      $      97      $           0  $              $1.938537      $2275897.000000      $23.767752 $21.923065 $3.274372 $     1.08  $     6.70  
57324 $  2006   $ 17578118389  $  8964359131     $     2339317  $   378187251  $   349030830  $    53767196  $      50      $       0      $      97      $           0  $              $1.960890      $2339317.000000      $24.131590 $22.271158 $3.430808 $     1.08  $     6.49  
57294 $ 34242   $ 11711303274  $  8834194269     $       64750  $    26627612  $    42002055  $     7585640  $       0      $       0      $      97      $           0  $              $1.325679      $64750.000000      $1.699070 $2.680091 $0.484029 $     0.63  $     5.54  
57324 $  3008   $ 17898931130  $  9120067522     $     2387801  $   385486896  $   355683673  $    52466829  $      51      $       0      $      97      $           0  $              $1.962587      $2387801.000000      $24.621918 $22.718319 $3.351175 $     1.08  $     6.78  
57294 $ 35244   $ 12189477931  $  9116153571     $       68704  $    27885528  $    44037713  $     7914501  $       0      $       0      $      97      $           0  $              $1.337129      $68704.000000      $1.781112 $2.812788 $0.505517 $     0.63  $     5.56  
57324 $  4011   $ 17843365745  $  9120810299     $     2383033  $   384215443  $   354506133  $    52607988  $      51      $       0      $      97      $           0  $              $1.956336      $2383033.000000      $24.516241 $22.620531 $3.356841 $     1.08  $     6.74  
57294 $ 36247   $ 12192613009  $  9116626773     $       67830  $    27907006  $    44050553  $     7917155  $       0      $       0      $      97      $           0  $              $1.337404      $67830.000000      $1.780706 $2.810803 $0.505182 $     0.63  $     5.56  
57324 $  5014   $ 17903107253  $  9119484989     $     2405494  $   385719618  $   355786652  $    52486086  $      51      $       0      $      97      $           0  $              $1.963171      $2405494.000000      $24.612219 $22.702240 $3.349062 $     1.08  $     6.78  
57294 $ 37250   $ 12194052837  $  9115551047     $       68872  $    27906547  $    44056290  $     7916792  $       0      $       0      $      97      $           0  $              $1.337720      $68872.000000      $1.780677 $2.811169 $0.505159 $     0.63  $     5.56  
57324 $  6016   $ 17900043465  $  9120296422     $     2392726  $   385564745  $   355713973  $    52485964  $      51      $       0      $      97      $           0  $              $1.962660      $2392726.000000      $24.626890 $22.720255 $3.352397 $     1.08  $     6.78  
57294 $ 38252   $ 12189428593  $  9116443280     $       68276  $    27889544  $    44040365  $     7914417  $       0      $       0      $      97      $           0  $              $1.337082      $68276.000000      $1.781368 $2.812957 $0.505512 $     0.63  $     5.56  
57324 $  7018   $ 17893939902  $  9119415187     $     2386190  $   385359652  $   355583937  $    52464467  $      51      $       0      $      97      $           0  $              $1.962180      $2386190.000000      $24.613791 $22.711948 $3.351024 $     1.08  $     6.78  
57294 $ 39254   $ 12199058284  $  9115492389     $       68453  $    27924093  $    44100616  $     7923431  $       0      $       0      $      97      $           0  $              $1.338277      $68453.000000      $1.783575 $2.816806 $0.506087 $     0.63  $     5.57  
57324 $  8020   $ 17846797930  $  9120571791     $     2382331  $   384287136  $   354572211  $    52659352  $      51      $       0      $      97      $           0  $              $1.956763      $2382331.000000      $24.545286 $22.647327 $3.363472 $     1.08  $     6.73  
57294 $ 40256   $ 12199382179  $  9116780443     $       68372  $    27911464  $    44076462  $     7921310  $       0      $       0      $      97      $           0  $              $1.338124      $68372.000000      $1.782768 $2.815263 $0.505952 $     0.63  $     5.56  
57324 $  9022   $ 17891679640  $  9119435006     $     2405899  $   385496350  $   355576694  $    52454576  $      51      $       0      $      97      $           0  $              $1.961929      $2405899.000000      $24.622522 $22.711487 $3.350392 $     1.08  $     6.78  
57294 $ 41258   $ 12185390741  $  9114795391     $       68435  $    27864757  $    44025927  $     7912028  $       0      $       0      $      97      $           0  $              $1.336880      $68435.000000      $1.779785 $2.812035 $0.505359 $     0.63  $     5.56  
57324 $ 10024   $ 17897415643  $  9120324505     $     2387085  $   385446630  $   355643922  $    52440046  $      51      $       0      $      97      $           0  $              $1.962366      $2387085.000000      $24.619345 $22.715780 $3.349464 $     1.08  $     6.78  
57294 $ 42260   $ 12189528792  $  9116578169     $       68349  $    27890130  $    44032566  $     7913576  $       0      $       0      $      97      $           0  $              $1.337073      $68349.000000      $1.781406 $2.812459 $0.505458 $     0.63  $     5.56  
57324 $ 11027   $ 17896564403  $  9120311881     $     2387511  $   385425818  $   355639058  $    52454929  $      51      $       0      $      97      $           0  $              $1.962275      $2387511.000000      $24.593472 $22.692822 $3.347074 $     1.08  $     6.78  
57294 $ 43263   $ 12189370623  $  9116207916     $       68391  $    27891169  $    44032296  $     7914049  $       0      $       0      $      97      $           0  $              $1.337110      $68391.000000      $1.779696 $2.809638 $0.504984 $     0.63  $     5.56  
57324 $ 12030   $ 17837812859  $  9121745200     $     2391605  $   384219011  $   354407750  $    52622012  $      51      $       0      $      97      $           0  $              $1.955526      $2391605.000000      $24.516468 $22.614252 $3.357736 $     1.08  $     6.73  
57294 $ 44266   $ 12201970164  $  9117279013     $       68239  $    27938502  $    44109115  $     7925036  $       0      $       0      $      97      $           0  $              $1.338335      $68239.000000      $1.782716 $2.814540 $0.505685 $     0.63  $     5.57  
57324 $ 13032   $ 17895894105  $  9121183288     $     2396848  $   385509418  $   355638315  $    52501649  $      51      $       0      $      97      $           0  $              $1.962015      $2396848.000000      $24.623356 $22.715420 $3.353399 $     1.08  $     6.77  
57294 $ 45269   $ 12190177950  $  9116986603     $       68170  $    27883934  $    44041322  $     7915432  $       0      $       0      $      97      $           0  $              $1.337084      $68170.000000      $1.779234 $2.810214 $0.505072 $     0.63  $     5.56  
57324 $ 14034   $ 17900615580  $  9120198981     $     2389473  $   385494972  $   355717287  $    52413842  $      51      $       0      $      97      $           0  $              $1.962744      $2389473.000000      $24.622433 $22.720465 $3.347790 $     1.08  $     6.79  
57294 $ 46271   $ 12191650739  $  9116330974     $       68678  $    27897531  $    44043959  $     7915612  $       0      $       0      $      97      $           0  $              $1.337342      $68678.000000      $1.781878 $2.813187 $0.505588 $     0.63  $     5.56  
57324 $ 15036   $ 17833520719  $  9120871932     $     2380340  $   383995839  $   354293036  $    52583214  $      51      $       0      $      97      $           0  $              $1.955243      $2380340.000000      $24.526680 $22.629494 $3.358609 $     1.08  $     6.74  
57294 $ 47273   $ 12187703383  $  9116521000     $       69044  $    27890481  $    44029985  $     7913660  $       0      $       0      $      97      $           0  $              $1.336881      $69044.000000      $1.781428 $2.812294 $0.505463 $     0.63  $     5.56  
57294 $ 48060   $  9648544326  $  7199329914     $       55136  $    22077583  $    34860714  $     6262009  $       0      $       0      $      97      $           0  $              $1.340200      $55136.000000      $1.795382 $2.834924 $0.509236 $     0.63  $     5.57  
57324 $ 15823   $ 12670071008  $  6454941522     $     1766549  $   272784404  $   251679219  $    36881218  $      39      $       0      $      97      $           0  $              $1.962848      $1766549.000000      $22.183231 $20.466925 $2.999235 $     1.08  $     6.82  
57294 $ 48351   $  3778966097  $  2775432839     $       24051  $     8679460  $    13601666  $     2438098  $       0      $       0      $      97      $           0  $              $1.361577      $24051.000000      $1.908885 $2.991432 $0.536214 $     0.64  $     5.58  
57294 $ 48354   $     1675491  $     1221112     $           0  $        1483  $        1111  $        1095  $       0      $       0      $      97      $           0  $              $1.372103      $0.000000      $0.031637 $0.023701 $0.023360 $     1.33  $     1.01  
57294 $ 49357   $ 12101890663  $  9023142566     $       75650  $    27607566  $    43532488  $     7852953  $      51      $       0      $      97      $           0  $              $1.341206      $75650.000000      $1.761599 $2.777746 $0.501086 $     0.63  $     5.54  
57329 $  1003   $ 17378756029  $  8954117557     $     2385107  $   375520048  $   344310112  $    50073241  $       0      $       0      $      97      $           0  $              $1.940868      $2385107.000000      $23.961399 $21.969938 $3.195102 $     1.09  $     6.88  
57329 $  2006   $ 17697046250  $  9008300073     $     2436193  $   382996053  $   351226199  $    52636262  $      50      $       0      $      97      $           0  $              $1.964527      $2436193.000000      $24.438433 $22.411243 $3.358645 $     1.09  $     6.67  
57294 $ 50360   $ 11626073100  $  8731436958     $       65391  $    26357804  $    41520025  $     7547826  $       0      $       0      $      97      $           0  $              $1.331519      $65391.000000      $1.681854 $2.649333 $0.481616 $     0.63  $     5.50  
57329 $  3008   $ 17938286329  $  9128404343     $     2505565  $   388365645  $   356179380  $    51194309  $      51      $       0      $      97      $           0  $              $1.965107      $2505565.000000      $24.805788 $22.749981 $3.269896 $     1.09  $     6.96  
57294 $ 51362   $ 12196938341  $  9123539679     $       69473  $    27915899  $    44088683  $     7923861  $       0      $       0      $      97      $           0  $              $1.336865      $69473.000000      $1.783051 $2.816044 $0.506115 $     0.63  $     5.56  
57329 $  4010   $ 17878803479  $  9134668186     $     2486575  $   387013383  $   354922041  $    51370281  $      51      $       0      $      97      $           0  $              $1.957247      $2486575.000000      $24.719418 $22.669672 $3.281136 $     1.09  $     6.91  
57294 $ 52364   $ 12197299376  $  9129174098     $       69030  $    27901711  $    44088249  $     7924020  $       0      $       0      $      97      $           0  $              $1.336079      $69030.000000      $1.782145 $2.816016 $0.506125 $     0.63  $     5.56  
57329 $  5012   $ 17942245401  $  9135120908     $     2518095  $   388567395  $   356305225  $    51229343  $      51      $       0      $      97      $           0  $              $1.964095      $2518095.000000      $24.818676 $22.758018 $3.272134 $     1.09  $     6.96  
57294 $ 53366   $ 12198748982  $  9130574168     $       69058  $    27902929  $    44100044  $     7925530  $       0      $       0      $      97      $           0  $              $1.336033      $69058.000000      $1.782223 $2.816769 $0.506221 $     0.63  $     5.56  
57329 $  6014   $ 17930669590  $  9134206762     $     2514118  $   388354802  $   356086117  $    51162362  $      51      $       0      $      97      $           0  $              $1.963024      $2514118.000000      $24.805098 $22.744022 $3.267855 $     1.09  $     6.96  
57294 $ 54368   $ 12198877161  $  9129441771     $       68332  $    27901577  $    44116716  $     7927677  $       0      $       0      $      97      $           0  $              $1.336213      $68332.000000      $1.782137 $2.817834 $0.506359 $     0.63  $     5.56  
57329 $  7016   $ 17931107125  $  9134402468     $     2497962  $   388189997  $   356023063  $    51178310  $      51      $       0      $      97      $           0  $              $1.963030      $2497962.000000      $24.794569 $22.739996 $3.268874 $     1.09  $     6.96  
57294 $ 55370   $ 12189430036  $  9129704589     $       68570  $    27891260  $    44061260  $     7918857  $       0      $       0      $      97      $           0  $              $1.335140      $68570.000000      $1.781478 $2.814292 $0.505795 $     0.63  $     5.56  
57329 $  8019   $ 17869157194  $  9135187131     $     2489833  $   386815415  $   354726545  $    51340834  $      51      $       0      $      97      $           0  $              $1.956080      $2489833.000000      $24.682140 $22.634596 $3.275985 $     1.09  $     6.91  
57294 $ 56373   $ 12194690677  $  9131067341     $       68767  $    27892784  $    44083149  $     7923299  $       0      $       0      $      97      $           0  $              $1.335516      $68767.000000      $1.779799 $2.812883 $0.505574 $     0.63  $     5.56  
57329 $  9021   $ 17939450887  $  9133889842     $     2524184  $   388604112  $   356282401  $    51213627  $      51      $       0      $      97      $           0  $              $1.964054      $2524184.000000      $24.821020 $22.756561 $3.271130 $     1.09  $     6.96  
57294 $ 57376   $ 12198854443  $  9129287750     $       68876  $    27912416  $    44101393  $     7926205  $       0      $       0      $      97      $           0  $              $1.336233      $68876.000000      $1.781052 $2.814047 $0.505760 $     0.63  $     5.56  
57329 $ 10023   $ 17935342489  $  9136398643     $     2505084  $   388348891  $   356143053  $    51181756  $      51      $       0      $      97      $           0  $              $1.963065      $2505084.000000      $24.804720 $22.747660 $3.269094 $     1.09  $     6.96  
57294 $ 58378   $ 12196547976  $  9131392242     $       68918  $    27897850  $    44092875  $     7924256  $       0      $       0      $      97      $           0  $              $1.335672      $68918.000000      $1.781899 $2.816311 $0.506140 $     0.63  $     5.56  
57329 $ 11025   $ 17878241319  $  9134936896     $     2489566  $   387009645  $   354919675  $    51320671  $      51      $       0      $      97      $           0  $              $1.957128      $2489566.000000      $24.719177 $22.669521 $3.277967 $     1.09  $     6.92  
57294 $ 59380   $ 12207633412  $  9130769586     $       68671  $    27949577  $    44150433  $     7933060  $       0      $       0      $      97      $           0  $              $1.336977      $68671.000000      $1.785203 $2.819988 $0.506702 $     0.63  $     5.57  
57329 $ 12027   $ 17932868382  $  9136164695     $     2510303  $   388357073  $   356116610  $    51206672  $      51      $       0      $      97      $           0  $              $1.962844      $2510303.000000      $24.805243 $22.745972 $3.270686 $     1.09  $     6.95  
57294 $ 60382   $ 12191949059  $  9130920073     $       68792  $    27877657  $    44075234  $     7921209  $       0      $       0      $      97      $           0  $              $1.335238      $68792.000000      $1.780609 $2.815185 $0.505946 $     0.63  $     5.56  
57329 $ 13029   $ 17937228968  $  9134731962     $     2517735  $   388516726  $   356228673  $    51174410  $      51      $       0      $      97      $           0  $              $1.963629      $2517735.000000      $24.815441 $22.753128 $3.268625 $     1.09  $     6.96  
57294 $ 61384   $ 12195894709  $  9130450685     $       68248  $    27897518  $    44086335  $     7923593  $       0      $       0      $      97      $           0  $              $1.335738      $68248.000000      $1.781877 $2.815894 $0.506098 $     0.63  $     5.56  
57329 $ 14032   $ 17941656290  $  9136367150     $     2501588  $   388419282  $   356228757  $    51195521  $      51      $       0      $      97      $           0  $              $1.963762      $2501588.000000      $24.784481 $22.730450 $3.266713 $     1.09  $     6.96  
57294 $ 62387   $ 12201836357  $  9131293857     $       68909  $    27927662  $    44111335  $     7927925  $       0      $       0      $      97      $           0  $              $1.336266      $68909.000000      $1.782024 $2.814682 $0.505870 $     0.63  $     5.56  
57329 $ 15034   $ 17872715657  $  9134958142     $     2486818  $   386873065  $   354790503  $    51325633  $      51      $       0      $      97      $           0  $              $1.956519      $2486818.000000      $24.710455 $22.661270 $3.278284 $     1.09  $     6.91  
57294 $ 63390   $ 12195319241  $  9129027458     $       68760  $    27901737  $    44084912  $     7923458  $       0      $       0      $      97      $           0  $              $1.335884      $68760.000000      $1.780370 $2.812995 $0.505585 $     0.63  $     5.56  
57294 $ 64133   $  9136090316  $  6816339800     $       51786  $    20920578  $    33029305  $     5932614  $       0      $       0      $      97      $           0  $              $1.340322      $51786.000000      $1.802042 $2.845054 $0.511019 $     0.63  $     5.57  
57329 $ 15777   $ 12011209749  $  6106560939     $     1737389  $   260020452  $   238425287  $    34016160  $      37      $       0      $      97      $           0  $              $1.966935      $1737389.000000      $22.397455 $20.537306 $2.930059 $     1.09  $     7.01  
57294 $ 64464   $  4421722471  $  3245608630     $       27447  $    10186149  $    15928948  $     2853644  $       0      $       0      $      97      $           0  $              $1.362371      $27447.000000      $1.969527 $3.079917 $0.551762 $     0.64  $     5.58  
57294 $ 64467   $     1832330  $     1338721     $           0  $        1496  $        1207  $        1190  $       0      $       0      $      97      $           0  $              $1.368717      $0.000000      $0.031915 $0.025749 $0.025387 $     1.24  $     1.01  
57294 $ 65470   $ 12157761250  $  9070501434     $       69416  $    27757119  $    43793116  $     7883491  $      51      $       0      $      97      $           0  $              $1.340363      $69416.000000      $1.771142 $2.794376 $0.503034 $     0.63  $     5.56  
57334 $  1003   $ 17325351336  $  8954747936     $     2355564  $   370734058  $   343374141  $    51536192  $       0      $       0      $      97      $           0  $              $1.934767      $2355564.000000      $23.656012 $21.910215 $3.288451 $     1.08  $     6.66  
57334 $  2006   $ 17563354710  $  8994636630     $     2436906  $   376249180  $   348521083  $    51877472  $      50      $       0      $      97      $           0  $              $1.952648      $2436906.000000      $24.007923 $22.238634 $3.310228 $     1.08  $     6.72  
57294 $ 66473   $ 11437884164  $  8634315872     $       65254  $    25784231  $    40575803  $     7406507  $       0      $       0      $      97      $           0  $              $1.324701      $65254.000000      $1.645255 $2.589084 $0.472599 $     0.64  $     5.48  
57334 $  3008   $ 17900483501  $  9137247248     $     2473595  $   383859312  $   355550603  $    52691264  $      51      $       0      $      97      $           0  $              $1.959067      $2473595.000000      $24.517962 $22.709818 $3.365510 $     1.08  $     6.75  
57294 $ 67475   $ 12203502623  $  9132282952     $       69084  $    27942571  $    44099319  $     7926215  $       0      $       0      $      97      $           0  $              $1.336304      $69084.000000      $1.784755 $2.816723 $0.506265 $     0.63  $     5.56  
57334 $  4010   $ 17825368369  $  9137397403     $     2462738  $   382155950  $   353954019  $    52717300  $      51      $       0      $      97      $           0  $              $1.950814      $2462738.000000      $24.409163 $22.607841 $3.367173 $     1.08  $     6.71  
57294 $ 68477   $ 12197481674  $  9131785739     $       69711  $    27919717  $    44082801  $     7922502  $       0      $       0      $      97      $           0  $              $1.335717      $69711.000000      $1.783295 $2.815668 $0.506028 $     0.63  $     5.56  
57334 $  5012   $ 17880216313  $  9135378859     $     2486853  $   383516344  $   355215513  $    52621953  $      51      $       0      $      97      $           0  $              $1.957250      $2486853.000000      $24.496054 $22.688416 $3.361083 $     1.08  $     6.75  
57294 $ 69479   $ 12195647275  $  9130934937     $       69758  $    27909306  $    44072599  $     7921286  $       0      $       0      $      97      $           0  $              $1.335641      $69758.000000      $1.782630 $2.815016 $0.505950 $     0.63  $     5.56  
57334 $  6014   $ 17888780708  $  9137312422     $     2492514  $   383748903  $   355383656  $    52649338  $      51      $       0      $      97      $           0  $              $1.957773      $2492514.000000      $24.510908 $22.699156 $3.362832 $     1.08  $     6.75  
57294 $ 70481   $ 12210419231  $  9132303385     $       69940  $    27971197  $    44150368  $     7933012  $       0      $       0      $      97      $           0  $              $1.337058      $69940.000000      $1.786583 $2.819983 $0.506699 $     0.63  $     5.57  
57334 $  7017   $ 17899346592  $  9136783535     $     2470821  $   383778891  $   355488983  $    52674299  $      51      $       0      $      97      $           0  $              $1.959042      $2470821.000000      $24.488382 $22.683247 $3.361072 $     1.08  $     6.75  
57294 $ 71483   $ 12207178762  $  9132026920     $       69929  $    27945727  $    44118071  $     7928883  $       0      $       0      $      97      $           0  $              $1.336744      $69929.000000      $1.784957 $2.817921 $0.506436 $     0.63  $     5.56  
57334 $  8020   $ 17829999017  $  9136089637     $     2463910  $   382266405  $   354042018  $    52804395  $      51      $       0      $      97      $           0  $              $1.951601      $2463910.000000      $24.391874 $22.590916 $3.369373 $     1.08  $     6.70  
57294 $ 72486   $ 12200945917  $  9131463921     $       69910  $    27925392  $    44098216  $     7925017  $       0      $       0      $      97      $           0  $              $1.336143      $69910.000000      $1.781879 $2.813844 $0.505684 $     0.63  $     5.56  
57334 $  9023   $ 17996824623  $  9153173117     $     2523098  $   385849073  $   357524362  $    51279772  $      50      $       0      $      97      $           0  $              $1.966184      $2523098.000000      $24.620480 $22.813120 $3.272089 $     1.08  $     6.97  
57294 $ 73489   $ 10502222299  $  8629902348     $      122778  $    22642893  $    35731882  $     6431368  $       0      $       0      $      97      $           0  $              $1.216957      $122778.000000      $1.444811 $2.280000 $0.410376 $     0.63  $     5.56  
57334 $ 10026   $ 18921015524  $  9486244068     $     2682907  $   404705519  $   375627340  $    47335509  $      43      $       0      $      97      $           0  $              $1.994574      $2682907.000000      $25.823681 $23.968245 $3.020411 $     1.08  $     7.94  
57294 $ 74492   $  3808967795  $  2330070622     $      482818  $      505535  $      587965  $      333198  $       0      $       0      $      97      $           0  $              $1.634701      $482818.000000      $0.032257 $0.037517 $0.021261 $     0.86  $     1.76  
57334 $ 11028   $ 18534481421  $  9309713846     $     2626752  $   396187981  $   367812831  $    46426768  $      41      $       0      $      97      $           0  $              $1.990876      $2626752.000000      $25.305420 $23.493034 $2.965382 $     1.08  $     7.92  
57294 $ 75494   $  3734842055  $  2286452829     $      341582  $      494880  $      572666  $      324690  $       0      $       0      $      97      $           0  $              $1.633466      $341582.000000      $0.031609 $0.036577 $0.020739 $     0.86  $     1.76  
57334 $ 12031   $ 18331671525  $  9168460753     $     2631587  $   392018509  $   363977660  $    45167916  $      43      $       0      $      97      $           0  $              $1.999427      $2631587.000000      $25.014141 $23.224895 $2.882100 $     1.08  $     8.06  
57294 $ 76497   $  3670346434  $  2250432125     $       93923  $      484755  $      560438  $      315293  $       0      $       0      $      97      $           0  $              $1.630952      $93923.000000      $0.030932 $0.035761 $0.020118 $     0.86  $     1.78  
57334 $ 13034   $ 18335837078  $  9171053497     $     2622599  $   391968115  $   363984930  $    45147343  $      43      $       0      $      97      $           0  $              $1.999316      $2622599.000000      $25.010927 $23.225359 $2.880788 $     1.08  $     8.06  
57294 $ 77500   $  3670486124  $  2251569993     $       93576  $      484501  $      557337  $      314534  $       0      $       0      $      97      $           0  $              $1.630190      $93576.000000      $0.030915 $0.035563 $0.020070 $     0.87  $     1.77  
57334 $ 14037   $ 18271838838  $  9171068976     $     2604447  $   390468513  $   362595755  $    45286558  $      43      $       0      $      97      $           0  $              $1.992335      $2604447.000000      $24.915239 $23.136717 $2.889671 $     1.08  $     8.01  
57294 $ 78503   $  3666519510  $  2250896853     $       93726  $      484209  $      557782  $      315632  $       0      $       0      $      97      $           0  $              $1.628915      $93726.000000      $0.030897 $0.035591 $0.020140 $     0.87  $     1.77  
57334 $ 15040   $ 18612880081  $  9315419153     $     2668158  $   398039471  $   369538440  $    45823905  $      42      $       0      $      97      $           0  $              $1.998072      $2668158.000000      $25.398331 $23.579720 $2.923958 $     1.08  $     8.06  
57294 $ 79506   $  3723892518  $  2286068322     $       95916  $      491797  $      567290  $      319281  $       0      $       0      $      97      $           0  $              $1.628951      $95916.000000      $0.031381 $0.036198 $0.020373 $     0.87  $     1.78  
57294 $ 80077   $  2127404591  $  1297535635     $       58569  $      280471  $      319534  $      159371  $       0      $       0      $      97      $           0  $              $1.639573      $58569.000000      $0.031436 $0.035815 $0.017863 $     0.88  $     2.00  
57334 $ 15611   $  8856447188  $  4429972593     $     1319569  $   189153885  $   175652475  $    21638814  $      22      $       0      $      97      $           0  $              $1.999210      $1319569.000000      $21.201136 $19.687843 $2.425366 $     1.08  $     8.12  
57294 $ 80594   $  2036175652  $  1204161908     $       61379  $      264522  $      284698  $       41041  $       0      $       0      $      97      $           0  $              $1.690948      $61379.000000      $0.032745 $0.035243 $0.005081 $     0.93  $     6.94  
57294 $ 80597   $     2320030  $     1396501     $        1776  $         336  $         339  $          50  $       0      $       0      $      97      $           0  $              $1.661316      $1776.000000      $0.007168 $0.007232 $0.001067 $     0.99  $     6.78  
57294 $ 81601   $  3866832416  $  2344207678     $      484396  $      518471  $      565626  $      297000  $      42      $       0      $      97      $           0  $              $1.649526      $484396.000000      $0.033050 $0.036056 $0.018932 $     0.92  $     1.90  
57339 $  1004   $ 18555540947  $  9354084222     $     2752644  $   395646795  $   367561462  $    42819743  $       0      $       0      $      97      $           0  $              $1.983683      $2752644.000000      $25.220512 $23.430214 $2.729545 $     1.08  $     8.58  
57339 $  2008   $ 18985004558  $  9448532010     $     2838360  $   405000257  $   376624066  $    42133803  $      40      $       0      $      97      $           0  $              $2.009307      $2838360.000000      $25.816750 $24.007908 $2.685820 $     1.08  $     8.94  
57294 $ 82605   $   538393075  $   328083445     $      772002  $       73325  $       82813  $       46220  $       0      $       0      $      97      $           0  $              $1.641025      $772002.000000      $0.004674 $0.005279 $0.002946 $     0.89  $     1.79  
57339 $  3011   $ 18792086500  $  9354179283     $     2835488  $   401180427  $   373042983  $    40272793  $      39      $       0      $      97      $           0  $              $2.008951      $2835488.000000      $25.598751 $23.803341 $2.569749 $     1.08  $     9.26  
57294 $ 83608   $           0  $           0     $      714435  $           0  $           0  $           0  $       0      $       0      $      97      $           0  $              $-nan      $714435.000000      $0.000000 $0.000000 $0.000000 $     0.00  $     0.00  
57339 $  3490   $  8813488533  $  4368089509     $     1302430  $   188308025  $   175004786  $    20014305  $      18      $       0      $      97      $           0  $              $2.017699      $1302430.000000      $25.160154 $23.382685 $2.674145 $     1.08  $     8.74  
57294 $ 84087   $       15039  $      345758     $      435209  $         759  $        1682  $         360  $       0      $       0      $      97      $           0  $              $0.043496      $435209.000000      $0.000101 $0.000225 $0.000048 $     0.45  $     4.67  
