PID   $time     $Instr Ret     $Unh Clk Cycles   $l2 trans reqs $l1lines       $l2lines       $Per Core bw   $Power         $Power2        $Power3        $bandwidth     $              $IPC           $MEM INTENSIITY$L2->L1 BW (MB)$L3->L2 BW (MB)$MM->L3 BW (MB)$L2 REUSE      $L3 REUSE      
63229 $  1003   $  3619523991  $  7839326258     $      103436  $    40118447  $    36580935  $    30307390  $      45      $       0      $      97      $           0  $              $0.461714      $103436.000000      $2.559901 $2.334177 $1.933871 $     1.10  $     1.21  
63227 $  1003   $ 21473275395  $  8832372253     $     3693423  $   335846255  $   335894816  $    10086697  $       0      $       0      $      97      $           0  $              $2.431201      $3693423.000000      $21.429871 $21.432970 $0.643618 $     1.00  $    33.30  
63229 $  2005   $  4227149196  $  9050982596     $       35352  $    47271657  $    43061094  $    35531266  $      47      $       0      $      97      $           0  $              $0.467038      $35352.000000      $3.019347 $2.750409 $2.269462 $     1.10  $     1.21  
63227 $  2005   $ 22151117671  $  9109126581     $     3799180  $   346318800  $   346335948  $    10856206  $       0      $       0      $      97      $           0  $              $2.431750      $3799180.000000      $22.120161 $22.121258 $0.693410 $     1.00  $    31.90  
63229 $  3007   $  4209422129  $  9050878118     $       34347  $    46394611  $    42495303  $    35131949  $      48      $       0      $      97      $           0  $              $0.465084      $34347.000000      $2.963329 $2.714271 $2.243957 $     1.09  $     1.21  
63227 $  3007   $ 22257236234  $  9115165869     $     3831984  $   348185134  $   348193888  $    10377438  $       0      $       0      $      97      $           0  $              $2.441781      $3831984.000000      $22.239368 $22.239929 $0.662830 $     1.00  $    33.55  
63229 $  4009   $  4187741820  $  9057486383     $       33997  $    45984076  $    41920191  $    34881536  $      48      $       0      $      97      $           0  $              $0.462351      $33997.000000      $2.937107 $2.677537 $2.227962 $     1.10  $     1.20  
63227 $  4009   $ 22170206253  $  9109760867     $     3809253  $   346608788  $   346627159  $    10770818  $       0      $       0      $      97      $           0  $              $2.433676      $3809253.000000      $22.138685 $22.139858 $0.687956 $     1.00  $    32.18  
63229 $  5012   $  4227043178  $  9051156444     $       35405  $    47270373  $    43049083  $    35532011  $      48      $       0      $      97      $           0  $              $0.467017      $35405.000000      $3.016255 $2.746901 $2.267247 $     1.10  $     1.21  
63227 $  5011   $ 22238995514  $  9115574238     $     3823162  $   347905792  $   347915219  $    10543903  $       0      $       0      $      97      $           0  $              $2.439670      $3823162.000000      $22.221527 $22.222130 $0.673463 $     1.00  $    33.00  
63229 $  6015   $  4177002789  $  9058663033     $       34384  $    45481204  $    41607789  $    34652606  $      48      $       0      $      97      $           0  $              $0.461106      $34384.000000      $2.902091 $2.654934 $2.211133 $     1.09  $     1.20  
63227 $  6014   $ 22178657084  $  9111599130     $     3810747  $   346743643  $   346760186  $    10548615  $       0      $       0      $      97      $           0  $              $2.434112      $3810747.000000      $22.125217 $22.126274 $0.673092 $     1.00  $    32.87  
63229 $  7018   $  4221855580  $  9053490511     $       35093  $    47253567  $    43007820  $    35537251  $      48      $       0      $      97      $           0  $              $0.466324      $35093.000000      $3.015183 $2.744268 $2.267581 $     1.10  $     1.21  
63227 $  7017   $ 22250778805  $  9116012848     $     3827578  $   348034194  $   348046166  $    10329001  $       0      $       0      $      97      $           0  $              $2.440845      $3827578.000000      $22.207567 $22.208330 $0.659079 $     1.00  $    33.70  
63227 $  7946   $ 20810946158  $  8516322631     $     3563209  $   325313023  $   325332472  $     8972530  $       0      $       0      $      97      $           0  $              $2.443654      $3563209.000000      $22.411230 $22.412571 $0.618129 $     1.00  $    36.26  
63229 $  7947   $  3463510525  $  7392377292     $      140048  $    38833849  $    35319735  $    29071458  $      43      $       0      $      97      $           0  $              $0.468525      $140048.000000      $2.675313 $2.433222 $2.002770 $     1.10  $     1.21  
63227 $  8126   $  4201873489  $  1639141736     $      720406  $    65807951  $    65799012  $       63336  $       0      $       0      $      97      $           0  $              $2.563459      $720406.000000      $23.398382 $23.395205 $0.022519 $     1.00  $  1038.89  
63227 $  8129   $     3896701  $     1555445     $         499  $       60901  $       60954  $         229  $       0      $       0      $      97      $           0  $              $2.505200      $499.000000      $1.299221 $1.300352 $0.004885 $     1.00  $   266.17  
63227 $  9132   $ 21954544470  $  9051681720     $     3763911  $   342735777  $   342754693  $     9759252  $      46      $       0      $      97      $           0  $              $2.425466      $3763911.000000      $21.869482 $21.870687 $0.622724 $     1.00  $    35.12  
63247 $  1003   $  3637210473  $  7878488840     $       92012  $    40105822  $    36455956  $    30437252  $       0      $       0      $      97      $           0  $              $0.461663      $92012.000000      $2.559095 $2.326203 $1.942158 $     1.10  $     1.20  
63247 $  2005   $  4201878415  $  8989793894     $       35150  $    46960023  $    42772081  $    35224970  $      47      $       0      $      97      $           0  $              $0.467405      $35150.000000      $2.999443 $2.731949 $2.249898 $     1.10  $     1.21  
63227 $ 10134   $ 21494652963  $  8819368548     $     3679920  $   335950740  $   335964853  $    10028402  $       0      $       0      $      97      $           0  $              $2.437210      $3679920.000000      $21.457932 $21.458834 $0.640537 $     1.00  $    33.50  
63247 $  3007   $  4174256134  $  9050151307     $       35205  $    45467649  $    41609453  $    34625974  $      48      $       0      $      97      $           0  $              $0.461236      $35205.000000      $2.904121 $2.657690 $2.211639 $     1.09  $     1.20  
63227 $ 11136   $ 22184097912  $  9102242777     $     3812580  $   346831987  $   346849995  $    10416022  $       0      $       0      $      97      $           0  $              $2.437212      $3812580.000000      $22.152943 $22.154091 $0.665295 $     1.00  $    33.30  
63247 $  4009   $  4224473047  $  9045668682     $       35463  $    47250101  $    43062741  $    35497644  $      48      $       0      $      97      $           0  $              $0.467016      $35463.000000      $3.017971 $2.750514 $2.267315 $     1.10  $     1.21  
63227 $ 12138   $ 22240009699  $  9111510998     $     3825265  $   347920459  $   347922774  $    10428631  $       0      $       0      $      97      $           0  $              $2.440870      $3825265.000000      $22.222464 $22.222612 $0.666100 $     1.00  $    33.36  
63247 $  5011   $  4225432102  $  9047111994     $       36295  $    47275295  $    43076694  $    35503466  $      48      $       0      $      97      $           0  $              $0.467048      $36295.000000      $3.019580 $2.751406 $2.267686 $     1.10  $     1.21  
63227 $ 13140   $ 22151270355  $  9106587734     $     3803034  $   346312950  $   346333956  $    10756396  $       0      $       0      $      97      $           0  $              $2.432445      $3803034.000000      $22.119789 $22.121130 $0.687035 $     1.00  $    32.20  
63247 $  6014   $  4175091742  $  9052962228     $       35002  $    45475435  $    41615209  $    34622690  $      48      $       0      $      97      $           0  $              $0.461185      $35002.000000      $2.901723 $2.655407 $2.209224 $     1.09  $     1.20  
63227 $ 14143   $ 22185698802  $  9106059627     $     3810478  $   346849052  $   346866430  $    10423950  $       0      $       0      $      97      $           0  $              $2.436367      $3810478.000000      $22.131945 $22.133053 $0.665137 $     1.00  $    33.28  
63247 $  7017   $  4226288402  $  9050018895     $       34859  $    47265774  $    43059741  $    35513351  $      48      $       0      $      97      $           0  $              $0.466992      $34859.000000      $3.015962 $2.747581 $2.266056 $     1.10  $     1.21  
63227 $ 15146   $ 22253675473  $  9115150406     $     3830188  $   348128773  $   348138226  $    10396949  $       0      $       0      $      97      $           0  $              $2.441394      $3830188.000000      $22.213600 $22.214205 $0.663414 $     1.00  $    33.48  
63247 $  7538   $  2180853567  $  4698722818     $       19150  $    24121111  $    22022588  $    18221716  $      24      $       0      $      97      $           0  $              $0.464137      $19150.000000      $2.963054 $2.705270 $2.238368 $     1.10  $     1.21  
63227 $ 15667   $ 11486856418  $  4711950098     $     1984406  $   179651504  $   179650323  $     5217473  $       0      $       0      $      97      $           0  $              $2.437814      $1984406.000000      $22.068516 $22.068369 $0.640918 $     1.00  $    34.43  
