PID   $time     $Instr Ret     $Unh Clk Cycles   $l2 trans reqs $l1lines       $l2lines       $Per Core bw   $Power         $Power2        $Power3        $bandwidth     $              $IPC           $MEM INTENSIITY$L2->L1 BW (MB)$L3->L2 BW (MB)$MM->L3 BW (MB)$L2 REUSE      $L3 REUSE      
57694 $  1004   $  3814025642  $  8766383157     $    14028796  $   227860771  $   174892882  $    38345639  $      41      $       0      $      97      $           0  $              $0.435074      $14028796.000000      $14.524989 $11.148550 $2.444344 $     1.30  $     4.56  
57692 $  1004   $  3939270810  $  7240520534     $     3092771  $    79229417  $    62195924  $    59513316  $       0      $       0      $      97      $           0  $              $0.544059      $3092771.000000      $5.050481 $3.964680 $3.793678 $     1.27  $     1.05  
57694 $  2006   $  3999240451  $  9104059095     $    14756184  $   241069890  $   183497919  $    43365965  $      44      $       0      $      97      $           0  $              $0.439281      $14756184.000000      $15.397677 $11.720426 $2.769882 $     1.31  $     4.23  
57692 $  2007   $  4793589773  $  9040959744     $     3583374  $    94470562  $    75282871  $    71906599  $       0      $       0      $      97      $           0  $              $0.530208      $3583374.000000      $6.028032 $4.803693 $4.588258 $     1.25  $     1.05  
57694 $  3008   $  3893737723  $  9101443677     $    16176945  $   262486133  $   203521189  $    43646022  $      44      $       0      $      97      $           0  $              $0.427815      $16176945.000000      $16.765581 $12.999357 $2.787770 $     1.29  $     4.66  
57692 $  3009   $  4855733009  $  9031405599     $     3733667  $    97195209  $    76973529  $    73515790  $       0      $       0      $      97      $           0  $              $0.537650      $3733667.000000      $6.208077 $4.916473 $4.695620 $     1.26  $     1.05  
57694 $  4010   $  4000494064  $  9101921148     $    15000245  $   245191409  $   187029099  $    43484736  $      44      $       0      $      97      $           0  $              $0.439522      $15000245.000000      $15.660929 $11.945971 $2.777468 $     1.31  $     4.30  
57692 $  4011   $  4873192452  $  9039028503     $     3584487  $    96914170  $    76789975  $    73450803  $       0      $       0      $      97      $           0  $              $0.539128      $3584487.000000      $6.190126 $4.904749 $4.691468 $     1.26  $     1.05  
57694 $  5012   $  3914764387  $  9103235122     $    15929858  $   258496159  $   200118243  $    43672582  $      44      $       0      $      97      $           0  $              $0.430041      $15929858.000000      $16.510733 $12.782003 $2.789466 $     1.29  $     4.58  
57692 $  5013   $  4787841307  $  9039729004     $     3627137  $    94635794  $    75453682  $    72065165  $       0      $       0      $      97      $           0  $              $0.529644      $3627137.000000      $6.044601 $4.819396 $4.602965 $     1.25  $     1.05  
57694 $  6014   $  3966224000  $  9102239688     $    15063986  $   245632398  $   187388379  $    43279019  $      44      $       0      $      97      $           0  $              $0.435742      $15063986.000000      $15.689095 $11.968919 $2.764329 $     1.31  $     4.33  
57692 $  6015   $  4905617203  $  9033208919     $     3842640  $    99521715  $    78276541  $    74846718  $       0      $       0      $      97      $           0  $              $0.543065      $3842640.000000      $6.356676 $4.999700 $4.780629 $     1.27  $     1.05  
57694 $  7016   $  3950190133  $  9101308829     $    15884602  $   258068126  $   199771097  $    43869188  $      44      $       0      $      97      $           0  $              $0.434024      $15884602.000000      $16.483393 $12.759831 $2.802024 $     1.29  $     4.55  
57692 $  7017   $  4833763456  $  9039724063     $     3469267  $    94964848  $    75750362  $    72369653  $       0      $       0      $      97      $           0  $              $0.534725      $3469267.000000      $6.065619 $4.838346 $4.622413 $     1.25  $     1.05  
57694 $  7712   $  2816324716  $  6400027585     $    11159119  $   182809436  $   140410241  $    31214564  $      29      $       0      $      97      $           0  $              $0.440049      $11159119.000000      $16.810064 $12.911286 $2.870305 $     1.30  $     4.50  
57692 $  7713   $  2869492726  $  5238716276     $     2264903  $    58311029  $    45590409  $    43606543  $       0      $       0      $      97      $           0  $              $0.547747      $2264903.000000      $5.361934 $4.192222 $4.009797 $     1.28  $     1.05  
57694 $  8127   $  1806826146  $  3780536634     $     6082887  $   105002253  $    78970601  $    19292857  $      13      $       0      $      97      $           0  $              $0.477928      $6082887.000000      $16.193119 $12.178598 $2.975284 $     1.33  $     4.09  
57694 $  8129   $     1194342  $     5192275     $       17493  $      279367  $      241039  $       17487  $       0      $       0      $      97      $           0  $              $0.230023      $17493.000000      $8.939744 $7.713248 $0.559584 $     1.16  $    13.78  
57717 $   977   $  3736665276  $  7048893972     $     2939775  $    73337683  $    58204204  $    55522146  $       0      $       0      $      97      $           0  $              $0.530107      $2939775.000000      $4.804106 $3.812762 $3.637070 $     1.26  $     1.05  
57694 $  9106   $  3845896306  $  8842529956     $    15894770  $   259394569  $   200788960  $    43062632  $      41      $       0      $      97      $           0  $              $0.434932      $15894770.000000      $16.992071 $13.153012 $2.820889 $     1.29  $     4.66  
