PID   $time     $Instr Ret     $Unh Clk Cycles   $l2 trans reqs $l1lines       $l2lines       $Per Core bw   $Power         $Power2        $Power3        $bandwidth     $              $IPC           $MEM INTENSIITY$L2->L1 BW (MB)$L3->L2 BW (MB)$MM->L3 BW (MB)$L2 REUSE      $L3 REUSE      
57910 $  1003   $  4335739966  $  7787146290     $    10046613  $   116713036  $   118625057  $   109478764  $      43      $       0      $      97      $           0  $              $0.556782      $10046613.000000      $7.447293 $7.569296 $6.985684 $     0.98  $     1.08  
57908 $  1003   $  3099880833  $  7054272614     $     3187662  $    51410756  $    41015336  $    39411936  $       0      $       0      $      97      $           0  $              $0.439433      $3187662.000000      $3.280447 $2.617130 $2.514819 $     1.25  $     1.04  
57910 $  2006   $  4854088639  $  9101281473     $    13265531  $   151157951  $   151201606  $   148149642  $      46      $       0      $      97      $           0  $              $0.533341      $13265531.000000      $9.645173 $9.647959 $9.453218 $     1.00  $     1.02  
57908 $  2006   $  4008972118  $  9036887190     $     4224951  $    69001017  $    54525466  $    52445043  $       0      $       0      $      97      $           0  $              $0.443623      $4224951.000000      $4.402856 $3.479192 $3.346443 $     1.27  $     1.04  
57910 $  3009   $  4847394170  $  9099743581     $    13198924  $   150190591  $   150234669  $   147132973  $      46      $       0      $      97      $           0  $              $0.532696      $13198924.000000      $9.583447 $9.586260 $9.388346 $     1.00  $     1.02  
57908 $  3009   $  3960096298  $  9035415606     $     3881019  $    64374714  $    51901103  $    49787390  $       0      $       0      $      97      $           0  $              $0.438286      $3881019.000000      $4.107658 $3.311735 $3.176862 $     1.24  $     1.04  
57910 $  4012   $  4838923713  $  9100465172     $    13337335  $   152221571  $   152263411  $   149207829  $      46      $       0      $      97      $           0  $              $0.531723      $13337335.000000      $9.713041 $9.715711 $9.520739 $     1.00  $     1.02  
57908 $  4011   $  3991697456  $  9044026581     $     4204980  $    68504205  $    54126342  $    52158147  $       0      $       0      $      97      $           0  $              $0.441363      $4204980.000000      $4.375518 $3.457172 $3.331459 $     1.27  $     1.04  
57910 $  5014   $  4804480448  $  9100725349     $    13183655  $   149562904  $   149608223  $   146521309  $      46      $       0      $      97      $           0  $              $0.527923      $13183655.000000      $9.552920 $9.555815 $9.358646 $     1.00  $     1.02  
57908 $  5013   $  3974724550  $  9036359875     $     3982607  $    65811921  $    52764279  $    50648154  $       0      $       0      $      97      $           0  $              $0.439859      $3982607.000000      $4.203556 $3.370173 $3.235012 $     1.25  $     1.04  
57910 $  6016   $  4798919143  $  9100076593     $    13301708  $   151808574  $   151851093  $   148786451  $      46      $       0      $      97      $           0  $              $0.527349      $13301708.000000      $9.696356 $9.699072 $9.503326 $     1.00  $     1.02  
57908 $  6015   $  3977121713  $  9045618613     $     4102556  $    67213531  $    53413132  $    51439343  $       0      $       0      $      97      $           0  $              $0.439674      $4102556.000000      $4.293080 $3.411617 $3.285547 $     1.26  $     1.04  
57910 $  7018   $  4832276250  $  9100200245     $    13287323  $   151170829  $   151213510  $   148131749  $      46      $       0      $      97      $           0  $              $0.531008      $13287323.000000      $9.655622 $9.658347 $9.461509 $     1.00  $     1.02  
57908 $  7017   $  3981169618  $  9035701197     $     4041850  $    66446540  $    53035611  $    50943046  $       0      $       0      $      97      $           0  $              $0.440604      $4041850.000000      $4.244091 $3.387504 $3.253847 $     1.25  $     1.04  
57910 $  8021   $  4838493464  $  9099178878     $    13193383  $   150159932  $   150204604  $   147130074  $      46      $       0      $      97      $           0  $              $0.531751      $13193383.000000      $9.581491 $9.584342 $9.388161 $     1.00  $     1.02  
57908 $  8020   $  3971934750  $  9043042781     $     4042900  $    66521955  $    53078702  $    51088295  $       0      $       0      $      97      $           0  $              $0.439225      $4042900.000000      $4.244671 $3.386876 $3.259871 $     1.25  $     1.04  
57910 $  9024   $  5577923867  $  7312750907     $     8698970  $   107600025  $   107632648  $   105839764  $      43      $       0      $      97      $           0  $              $0.762767      $8698970.000000      $6.865804 $6.867886 $6.753484 $     1.00  $     1.02  
57908 $  9023   $  4456353975  $  9151607243     $     3852212  $    82266119  $    65460358  $    62721128  $       0      $       0      $      97      $           0  $              $0.486948      $3852212.000000      $5.249284 $4.176932 $4.002146 $     1.26  $     1.04  
57908 $  9287   $  1428154608  $  2517709890     $     1010349  $    29724815  $    23354265  $    22256146  $       0      $       0      $      97      $           0  $              $0.567244      $1010349.000000      $7.206016 $5.661640 $5.395429 $     1.27  $     1.05  
57910 $  9289   $   110462109  $    47197351     $       43023  $      865381  $      866986  $      864864  $       8      $       0      $      97      $           0  $              $2.340430      $43023.000000      $0.208998 $0.209385 $0.208873 $     1.00  $     1.00  
57908 $ 10043   $  3954314208  $  7053055099     $     2701260  $    80712307  $    63711162  $    60644606  $       0      $       0      $      97      $           0  $              $0.560653      $2701260.000000      $6.832788 $5.393538 $5.133935 $     1.27  $     1.05  
57928 $  1003   $  5848158674  $  7899134229     $    11678671  $   161344814  $   162963788  $   152841694  $      35      $       0      $      65      $           0  $              $0.740354      $11678671.000000      $10.295182 $10.398487 $9.752611 $     0.99  $     1.07  
