PID   $time     $Instr Ret     $Unh Clk Cycles   $l2 trans reqs $l1lines       $l2lines       $Per Core bw   $Power         $Power2        $Power3        $bandwidth     $              $IPC           $MEM INTENSIITY$L2->L1 BW (MB)$L3->L2 BW (MB)$MM->L3 BW (MB)$L2 REUSE      $L3 REUSE      
58500 $  1003   $  3325568289  $  8787829104     $    40547677  $   236949854  $   200297151  $    34223723  $      47      $       0      $      97      $           0  $              $0.378429      $40547676.000000      $15.119432 $12.780676 $2.183767 $     1.18  $     5.85  
58498 $  1003   $ 14545554949  $  8764546233     $       86089  $  1833821515  $     6384454  $     5131366  $       0      $       0      $      97      $           0  $              $1.659590      $86089.000000      $117.013542 $0.407383 $0.327425 $   287.23  $     1.24  
58500 $  2005   $  3550639047  $  9157728275     $    41148657  $   247911907  $   208780801  $    39759841  $      48      $       0      $      97      $           0  $              $0.387721      $41148656.000000      $15.834692 $13.335300 $2.539551 $     1.19  $     5.25  
58498 $  2005   $ 15198323017  $  9112479973     $       74794  $  1918119301  $     6293257  $     5230346  $       0      $       0      $      97      $           0  $              $1.667858      $74794.000000      $122.514603 $0.401965 $0.334074 $   304.79  $     1.20  
58500 $  3007   $  3377244218  $  9156244124     $    46636622  $   269806691  $   229400439  $    38241585  $      48      $       0      $      97      $           0  $              $0.368846      $46636624.000000      $17.233162 $14.652323 $2.442576 $     1.18  $     6.00  
58498 $  3007   $ 15208466808  $  9111132661     $       74888  $  1919717814  $     6288845  $     5237995  $       0      $       0      $      97      $           0  $              $1.669218      $74888.000000      $122.616707 $0.401683 $0.334563 $   305.26  $     1.20  
58500 $  4010   $  3490619672  $  9155138948     $    44598386  $   263346244  $   222248480  $    39925090  $      48      $       0      $      97      $           0  $              $0.381274      $44598384.000000      $16.803747 $14.181358 $2.547563 $     1.18  $     5.57  
58498 $  4010   $ 15211906705  $  9109924873     $       76028  $  1920323349  $     6287114  $     5252751  $       0      $       0      $      97      $           0  $              $1.669817      $76028.000000      $122.533096 $0.401172 $0.335171 $   305.44  $     1.20  
58500 $  5012   $  3419964787  $  9150488869     $    43375069  $   254226735  $   215799442  $    37997720  $      48      $       0      $      97      $           0  $              $0.373747      $43375068.000000      $16.238035 $13.783597 $2.427000 $     1.18  $     5.68  
58498 $  5013   $ 15171783390  $  9106277000     $       72609  $  1915431977  $     6250630  $     5254947  $       0      $       0      $      97      $           0  $              $1.666080      $72609.000000      $122.220978 $0.398844 $0.335311 $   306.44  $     1.19  
58500 $  6014   $  3445804777  $  9148701815     $    47277113  $   276903468  $   234080334  $    40054924  $      48      $       0      $      97      $           0  $              $0.376644      $47277112.000000      $17.686449 $14.951239 $2.558398 $     1.18  $     5.84  
58498 $  6015   $ 15227451625  $  9107318549     $       75844  $  1926231868  $     5983197  $     5005044  $       0      $       0      $      97      $           0  $              $1.672002      $75844.000000      $123.032768 $0.382160 $0.319683 $   321.94  $     1.20  
58500 $  7016   $  3544343956  $  9148743708     $    41304766  $   248236724  $   209065644  $    39757955  $      48      $       0      $      97      $           0  $              $0.387413      $41304768.000000      $15.855439 $13.353495 $2.539430 $     1.19  $     5.26  
58498 $  7017   $ 15198048320  $  9103334547     $       75600  $  1918534368  $     6288467  $     5238817  $       0      $       0      $      97      $           0  $              $1.669503      $75600.000000      $122.541122 $0.401659 $0.334615 $   305.09  $     1.20  
58500 $  8018   $  3371228208  $  9148923056     $    46697972  $   269366244  $   229013924  $    38191553  $      49      $       0      $      97      $           0  $              $0.368484      $46697972.000000      $17.205029 $14.627636 $2.439381 $     1.18  $     6.00  
58498 $  8019   $ 15202033170  $  9103389586     $       76919  $  1919043436  $     6297434  $     5249200  $       0      $       0      $      97      $           0  $              $1.669931      $76919.000000      $122.573631 $0.402231 $0.335278 $   304.73  $     1.20  
58500 $  9020   $  3489738306  $  9148482839     $    44168155  $   262047654  $   221109104  $    39871915  $      48      $       0      $      97      $           0  $              $0.381455      $44168156.000000      $16.737574 $14.122737 $2.546709 $     1.19  $     5.55  
58498 $  9021   $ 15158561354  $  9101731420     $       75848  $  1912384056  $     6294957  $     5245433  $       0      $       0      $      97      $           0  $              $1.665459      $75848.000000      $122.148277 $0.402073 $0.335038 $   303.80  $     1.20  
58500 $ 10023   $  3422467545  $  9149487821     $    43559142  $   255538672  $   216948863  $    38052668  $      48      $       0      $      97      $           0  $              $0.374061      $43559144.000000      $16.305559 $13.843198 $2.428087 $     1.18  $     5.70  
58498 $ 10024   $ 15184339330  $  9103899763     $       74648  $  1916357323  $     6298012  $     5229216  $       0      $       0      $      97      $           0  $              $1.667894      $74648.000000      $122.280029 $0.401867 $0.333669 $   304.28  $     1.20  
58498 $ 10801   $ 11886934386  $  7105750970     $       58018  $  1502874627  $     4756062  $     3987358  $       0      $       0      $      97      $           0  $              $1.672861      $58018.000000      $123.788902 $0.391748 $0.328431 $   315.99  $     1.19  
58500 $ 10800   $  2417038488  $  6427561632     $    33895511  $   197328248  $   166741158  $    28182541  $      37      $       0      $      97      $           0  $              $0.376043      $33895512.000000      $16.253550 $13.734149 $2.321342 $     1.18  $     5.92  
58498 $ 11096   $  4709085409  $  2804395820     $       21887  $   595660880  $     1895021  $     1328980  $       0      $       0      $      97      $           0  $              $1.679180      $21887.000000      $129.228119 $0.411123 $0.288321 $   314.33  $     1.43  
58498 $ 11098   $     2383604  $     1428484     $           3  $      306234  $         633  $         574  $       0      $       0      $      97      $           0  $              $1.668625      $3.000000      $9.799488 $0.020256 $0.018368 $   483.78  $     1.10  
58498 $ 12101   $ 14264556655  $  8706629912     $      134547  $  1787769342  $     6018856  $     4993653  $      47      $       0      $      97      $           0  $              $1.638356      $134547.000000      $114.075012 $0.384055 $0.318638 $   297.03  $     1.21  
58524 $  1003   $  3388807081  $  8875340416     $    40488857  $   237697659  $   198891632  $    34661208  $       0      $       0      $      97      $           0  $              $0.381823      $40488856.000000      $15.167149 $12.690991 $2.211682 $     1.20  $     5.74  
58524 $  2005   $  3525968981  $  9089263958     $    42358790  $   252534315  $   210601529  $    39638702  $      48      $       0      $      97      $           0  $              $0.387927      $42358792.000000      $16.129936 $13.451595 $2.531813 $     1.20  $     5.31  
58498 $ 13103   $ 14796130148  $  8894536803     $       76034  $  1867880298  $     5850359  $     4916843  $       0      $       0      $      97      $           0  $              $1.663508      $76034.000000      $119.305733 $0.373676 $0.314050 $   319.28  $     1.19  
58524 $  3008   $  3407706969  $  9148858645     $    45766111  $   264992920  $   222856120  $    38298936  $      48      $       0      $      97      $           0  $              $0.372473      $45766112.000000      $16.908821 $14.220132 $2.443800 $     1.19  $     5.82  
58498 $ 14105   $ 15205456250  $  9103613813     $       76637  $  1919576653  $     6284869  $     5253319  $       0      $       0      $      97      $           0  $              $1.670266      $76637.000000      $122.607697 $0.401429 $0.335541 $   305.43  $     1.20  
58524 $  3633   $  2162753994  $  5696103970     $    27041093  $   159602219  $   133715913  $    24221528  $      30      $       0      $      97      $           0  $              $0.379690      $27041092.000000      $16.343267 $13.692510 $2.480284 $     1.19  $     5.52  
58498 $ 14730   $  9380483752  $  5645321036     $       58374  $  1183739458  $     3794519  $     3169384  $       0      $       0      $      97      $           0  $              $1.661639      $58374.000000      $121.214928 $0.388559 $0.324545 $   311.96  $     1.20  
