PID   $time     $Instr Ret     $Unh Clk Cycles   $l2 trans reqs $l1lines       $l2lines       $Per Core bw   $Power         $Power2        $Power3        $bandwidth     $              $IPC           $MEM INTENSIITY$L2->L1 BW (MB)$L3->L2 BW (MB)$MM->L3 BW (MB)$L2 REUSE      $L3 REUSE      
53828 $  1003   $  4396307587  $  5174283140     $    12947899  $   165775510  $    32774098  $    14806252  $      36      $       0      $      97      $           0  $              $0.849646      $12947899.000000      $10.577899 $2.091269 $0.944766 $     5.06  $     2.21  
53826 $  1003   $  6903767076  $  9294685646     $      103228  $    16129418  $    17352566  $     1996438  $       0      $       0      $      97      $           0  $              $0.742765      $103228.000000      $1.029195 $1.107242 $0.127390 $     0.93  $     8.69  
53828 $  2005   $  5702924810  $  5923452692     $    18678191  $   230335280  $    47439487  $    25685007  $      38      $       0      $      97      $           0  $              $0.962770      $18678192.000000      $14.712034 $3.030067 $1.640559 $     4.86  $     1.85  
53826 $  2005   $  6962541015  $  9363222965     $      131727  $    15426980  $    16055726  $     2516306  $       0      $       0      $      97      $           0  $              $0.743605      $131727.000000      $0.985356 $1.025515 $0.160722 $     0.96  $     6.38  
53828 $  3008   $ 17136776342  $  9007706878     $    37367356  $   793532565  $   142056009  $    66003059  $      47      $       0      $      97      $           0  $              $1.902457      $37367356.000000      $50.634182 $9.064392 $4.211561 $     5.59  $     2.15  
53826 $  3008   $  6732464888  $  9124181939     $      431176  $    15066993  $    15804519  $     8751718  $       0      $       0      $      97      $           0  $              $0.737871      $431176.000000      $0.961403 $1.008464 $0.558435 $     0.95  $     1.81  
53826 $  3212   $  1441006869  $  1935268794     $       36122  $     3144606  $     3240956  $      746999  $       0      $       0      $      97      $           0  $              $0.744603      $36122.000000      $0.986543 $1.016770 $0.234353 $     0.97  $     4.34  
53828 $  3212   $  1328711748  $   647926576     $     1356407  $    60474206  $     8726308  $     4611639  $       7      $       0      $      97      $           0  $              $2.050714      $1356407.000000      $18.972301 $2.737665 $1.446789 $     6.93  $     1.89  
53826 $  4119   $  6562310123  $  8786475594     $          49  $    14307897  $    14670163  $         140  $       0      $       0      $      97      $           0  $              $0.746865      $49.000000      $1.009598 $1.035160 $0.000010 $     0.98  $104786.88  
53826 $  4122   $      531136  $     1407562     $           2  $        2083  $        2082  $           0  $       0      $       0      $      97      $           0  $              $0.377345      $2.000000      $0.044437 $0.044416 $0.000000 $     1.00  $      inf  
53826 $  5125   $  5944456048  $  7981760971     $       88573  $    13541772  $    14320239  $     1729351  $      35      $       0      $      97      $           0  $              $0.744755      $88573.000000      $0.864081 $0.913754 $0.110347 $     0.95  $     8.28  
53846 $  1003   $  4234558046  $  5077366359     $    12291873  $   157987271  $    31975661  $    14147532  $       0      $       0      $      97      $           0  $              $0.834007      $12291873.000000      $10.080942 $2.040321 $0.902734 $     4.94  $     2.26  
53846 $  2006   $  5427815443  $  5835670741     $    18470256  $   218286024  $    46494406  $    25408435  $      38      $       0      $      97      $           0  $              $0.930110      $18470256.000000      $13.928519 $2.966742 $1.621276 $     4.69  $     1.83  
53826 $  6128   $  6647260704  $  8940169637     $      121517  $    14916227  $    15686017  $     2359410  $       0      $       0      $      97      $           0  $              $0.743527      $121517.000000      $0.951783 $1.000902 $0.150551 $     0.95  $     6.65  
53846 $  3009   $ 17100642615  $  9008224982     $    36723600  $   791571375  $   143956719  $    65497386  $      47      $       0      $      97      $           0  $              $1.898336      $36723600.000000      $50.509041 $9.185673 $4.179295 $     5.50  $     2.20  
53826 $  7131   $  6730834487  $  9122663863     $      424985  $    15172830  $    16029019  $     8670492  $       0      $       0      $      97      $           0  $              $0.737815      $424985.000000      $0.968157 $1.022789 $0.553252 $     0.95  $     1.85  
53826 $  7318   $  1303570719  $  1758880981     $       43748  $     2889501  $     3011009  $      909853  $       0      $       0      $      97      $           0  $              $0.741136      $43748.000000      $0.988920 $1.030506 $0.311394 $     0.96  $     3.31  
53846 $  3197   $  1828380114  $   872240838     $     2192228  $    82227055  $    12570723  $     5558138  $       7      $       0      $      97      $           0  $              $2.096187      $2192228.000000      $27.992189 $4.279395 $1.892132 $     6.54  $     2.26  
53826 $  8200   $  6424551572  $  8613251941     $          25  $    14306791  $    14954081  $         106  $       0      $       0      $      97      $           0  $              $0.745892      $25.000000      $1.038134 $1.085103 $0.000008 $     0.96  $141076.23  
53826 $  8202   $     1857337  $     2483393     $           8  $        3722  $        3577  $          16  $       0      $       0      $      97      $           0  $              $0.747903      $8.000000      $0.119104 $0.114464 $0.000512 $     1.04  $   223.56  
53826 $  9204   $  6801199695  $  9139140049     $       95965  $    16735276  $    18521467  $     1866928  $      38      $       0      $      97      $           0  $              $0.744184      $95965.000000      $1.068920 $1.183008 $0.119245 $     0.90  $     9.92  
53851 $  1002   $  4245562472  $  5068758915     $    12444316  $   159117292  $    29576212  $    14300639  $       0      $       0      $      97      $           0  $              $0.837594      $12444316.000000      $10.163180 $1.889099 $0.913414 $     5.38  $     2.07  
53851 $  2005   $  5511753930  $  5848417786     $    18741603  $   222763717  $    44590840  $    25685295  $      38      $       0      $      97      $           0  $              $0.942435      $18741604.000000      $14.214235 $2.845278 $1.638942 $     5.00  $     1.74  
53826 $ 10207   $  6679429193  $  8988062543     $      124704  $    15094107  $    15858248  $     2408212  $       0      $       0      $      97      $           0  $              $0.743144      $124704.000000      $0.963133 $1.011892 $0.153665 $     0.95  $     6.59  
53851 $  2315   $  5493663748  $  2695907191     $     9903502  $   251496691  $    36222814  $    17729939  $      14      $       0      $      97      $           0  $              $2.037779      $9903502.000000      $51.921898 $7.478259 $3.660375 $     6.94  $     2.04  
53826 $ 10517   $  1861817317  $  2669324292     $      107107  $     3739886  $     3876711  $     2136251  $       0      $       0      $      97      $           0  $              $0.697486      $107107.000000      $0.772106 $0.800353 $0.441032 $     0.96  $     1.81  
