PID   $time     $Instr Ret     $Unh Clk Cycles   $l2 trans reqs $l1lines       $l2lines       $Per Core bw   $Power         $Power2        $Power3        $bandwidth     $              $IPC           $MEM INTENSIITY$L2->L1 BW (MB)$L3->L2 BW (MB)$MM->L3 BW (MB)$L2 REUSE      $L3 REUSE      
49993 $  1003   $  5788722865  $  7881164932     $      172701  $   159790017  $   161731887  $   151432647  $      37      $       0      $      97      $           0  $              $0.734501      $172701.000000      $10.195973 $10.319881 $9.662701 $     0.99  $     1.07  
49991 $  1003   $  4281518742  $  2123200160     $      559578  $      589002  $      744860  $      448070  $       0      $       0      $      97      $           0  $              $2.016540      $559578.000000      $0.037583 $0.047528 $0.028591 $     0.79  $     1.66  
49993 $  2005   $  6563532294  $  9130403120     $      183610  $   208155311  $   208216220  $   203809467  $      39      $       0      $      97      $           0  $              $0.718866      $183610.000000      $13.295349 $13.299240 $13.017771 $     1.00  $     1.02  
49991 $  2006   $  4238916809  $  2127477888     $      555281  $      593136  $      771841  $      481586  $       0      $       0      $      97      $           0  $              $1.992461      $555281.000000      $0.037847 $0.049250 $0.030729 $     0.77  $     1.60  
49993 $  3008   $  6700882160  $  9308649992     $      193803  $   208360044  $   208418896  $   204035873  $      39      $       0      $      97      $           0  $              $0.719855      $193803.000000      $13.295157 $13.298913 $13.019238 $     1.00  $     1.02  
49991 $  3009   $  4314312170  $  2167422141     $      548711  $      603997  $      784623  $      488227  $       0      $       0      $      97      $           0  $              $1.990527      $548711.000000      $0.038540 $0.050066 $0.031153 $     0.77  $     1.61  
49993 $  4011   $  6587007246  $  9131662646     $      172896  $   205603107  $   205663193  $   201252834  $      39      $       0      $      97      $           0  $              $0.721337      $172896.000000      $13.119241 $13.123075 $12.841657 $     1.00  $     1.02  
49991 $  4012   $  4247658342  $  2130200310     $      553638  $      593726  $      768953  $      480979  $       0      $       0      $      97      $           0  $              $1.994018      $553638.000000      $0.037885 $0.049066 $0.030691 $     0.77  $     1.60  
49993 $  5014   $  6592581571  $  9129568906     $      183140  $   207483098  $   207543367  $   203140451  $      39      $       0      $      97      $           0  $              $0.722113      $183140.000000      $13.239201 $13.243046 $12.962102 $     1.00  $     1.02  
49991 $  5015   $  4240206350  $  2128880444     $      548094  $      593193  $      772648  $      482058  $       0      $       0      $      97      $           0  $              $1.991754      $548094.000000      $0.037851 $0.049302 $0.030759 $     0.77  $     1.60  
49993 $  6017   $  6684205281  $  9128985460     $      190180  $   208486611  $   208545732  $   204143378  $      39      $       0      $      97      $           0  $              $0.732196      $190180.000000      $13.303233 $13.307006 $13.026097 $     1.00  $     1.02  
49991 $  6018   $  4240214321  $  2128608262     $      548281  $      594632  $      774500  $      484587  $       0      $       0      $      97      $           0  $              $1.992013      $548281.000000      $0.037943 $0.049420 $0.030921 $     0.77  $     1.60  
49991 $  6869   $  4092700013  $  1975462969     $      352657  $      538404  $      633084  $      195882  $       0      $       0      $      97      $           0  $              $2.071768      $352657.000000      $0.040491 $0.047611 $0.014731 $     0.85  $     3.23  
49993 $  6869   $  4887486207  $  4864606079     $      331589  $    83298658  $    83324759  $    81946210  $      26      $       0      $      97      $           0  $              $1.004703      $331589.000000      $6.257176 $6.259137 $6.155584 $     1.00  $     1.02  
49991 $  7087   $  1092865340  $   511670538     $       49479  $      138368  $      147909  $          26  $       0      $       0      $      97      $           0  $              $2.135877      $49479.000000      $0.040622 $0.043423 $0.000008 $     0.94  $  5688.81  
49991 $  7090   $     2800212  $     1322941     $           6  $         356  $         345  $           2  $       0      $       0      $      97      $           0  $              $2.116657      $6.000000      $0.007595 $0.007360 $0.000043 $     1.03  $   172.50  
49991 $  8093   $  4339338783  $  2147100643     $      581829  $      593986  $      754036  $      452227  $      38      $       0      $      97      $           0  $              $2.021023      $581829.000000      $0.037901 $0.048114 $0.028856 $     0.79  $     1.67  
50011 $  1003   $  5847307072  $  7943827714     $      150191  $   161160571  $   163016631  $   152929107  $       0      $       0      $      97      $           0  $              $0.736082      $150191.000000      $10.283426 $10.401858 $9.758188 $     0.99  $     1.07  
50011 $  2006   $  5797887872  $  7408978608     $      390066  $   173518997  $   173573064  $   169952903  $      36      $       0      $      97      $           0  $              $0.782549      $390066.000000      $11.072000 $11.075449 $10.844452 $     1.00  $     1.02  
49991 $  9096   $  4390700558  $  2168153906     $      270291  $      600042  $      759363  $      448779  $       0      $       0      $      97      $           0  $              $2.025087      $270291.000000      $0.038288 $0.048454 $0.028636 $     0.79  $     1.69  
50011 $  3008   $  6648957614  $  9115810749     $      153473  $   205728051  $   205788512  $   201375127  $      39      $       0      $      97      $           0  $              $0.729387      $153473.000000      $13.140314 $13.144176 $12.862283 $     1.00  $     1.02  
49991 $ 10098   $  4247561380  $  2128082610     $      552099  $      592741  $      773487  $      478879  $       0      $       0      $      97      $           0  $              $1.995957      $552099.000000      $0.037860 $0.049404 $0.030587 $     0.77  $     1.62  
50011 $  4011   $  6602149216  $  9334826613     $      166734  $   208595442  $   208655746  $   204266647  $      39      $       0      $      97      $           0  $              $0.707260      $166734.000000      $13.310178 $13.314026 $13.033963 $     1.00  $     1.02  
49991 $ 11101   $  4329976310  $  2172634353     $      309213  $      603311  $      784807  $      489754  $       0      $       0      $      97      $           0  $              $1.992961      $309213.000000      $0.038496 $0.050077 $0.031251 $     0.77  $     1.60  
50011 $  5014   $  6633653944  $  9117742931     $      161414  $   207341308  $   207399922  $   202988000  $      40      $       0      $      97      $           0  $              $0.727554      $161414.000000      $13.230153 $13.233893 $12.952374 $     1.00  $     1.02  
49991 $ 12104   $  4235597685  $  2125215276     $      115855  $      590371  $      770379  $      480127  $       0      $       0      $      97      $           0  $              $1.993021      $115855.000000      $0.037671 $0.049157 $0.030636 $     0.77  $     1.60  
50011 $  6016   $  6640996762  $  9119044634     $      151176  $   205548305  $   205607857  $   201195821  $      40      $       0      $      97      $           0  $              $0.728256      $151176.000000      $13.128834 $13.132638 $12.850831 $     1.00  $     1.02  
49991 $ 13106   $  4239900882  $  2126061509     $      116720  $      590656  $      768272  $      479558  $       0      $       0      $      97      $           0  $              $1.994251      $116720.000000      $0.037727 $0.049071 $0.030630 $     0.77  $     1.60  
49991 $ 14133   $  4701140557  $  2281497026     $      164179  $      623531  $      750820  $      274097  $       0      $       0      $      97      $           0  $              $2.060551      $164179.000000      $0.038857 $0.046789 $0.017081 $     0.83  $     2.74  
50011 $  7043   $  5989294738  $  6362723046     $      486603  $   119398938  $   119432103  $   117335288  $      35      $       0      $      97      $           0  $              $0.941310      $486603.000000      $7.440635 $7.442702 $7.312034 $     1.00  $     1.02  
49991 $ 14161   $   136954328  $    63924069     $        6203  $       17295  $       18717  $          20  $       0      $       0      $      97      $           0  $              $2.142453      $6203.000000      $0.039531 $0.042782 $0.000046 $     0.92  $   935.85  
49991 $ 14162   $     2897716  $     1369147     $         166  $         449  $         651  $           3  $       0      $       0      $      97      $           0  $              $2.116439      $166.000000      $0.028736 $0.041664 $0.000192 $     0.69  $   217.00  
49991 $ 15164   $  4502011436  $  2233544787     $      268108  $      614405  $      776520  $      464731  $      38      $       0      $      97      $           0  $              $2.015635      $268108.000000      $0.039243 $0.049598 $0.029683 $     0.79  $     1.67  
50016 $  1002   $  5902203770  $  8301238216     $       81661  $   163332232  $   164859015  $   154860533  $       0      $       0      $      97      $           0  $              $0.711003      $81661.000000      $10.432398 $10.529917 $9.891292 $     0.99  $     1.06  
50016 $  2004   $  3371764924  $  4555396753     $       10638  $    83576204  $    83600505  $    81941376  $      29      $       0      $      97      $           0  $              $0.740169      $10638.000000      $5.338201 $5.339753 $5.233780 $     1.00  $     1.02  
49991 $ 16166   $  4637547145  $  2228027301     $      176047  $      603781  $      707595  $      288186  $       0      $       0      $      97      $           0  $              $2.081459      $176047.000000      $0.038565 $0.045196 $0.018407 $     0.85  $     2.46  
50016 $  3007   $  3424556642  $  4575039738     $       10460  $    81147891  $    81169897  $    79528906  $      31      $       0      $      97      $           0  $              $0.748531      $10460.000000      $5.177931 $5.179335 $5.074626 $     1.00  $     1.02  
49991 $ 17169   $  4644697389  $  2229668861     $      176054  $      603553  $      705845  $      284539  $       0      $       0      $      97      $           0  $              $2.083133      $176054.000000      $0.038512 $0.045039 $0.018156 $     0.86  $     2.48  
50016 $  4010   $  5141984560  $  7076154081     $       36219  $   146692447  $   146736336  $   143590681  $      35      $       0      $      97      $           0  $              $0.726664      $36219.000000      $9.360236 $9.363036 $9.162317 $     1.00  $     1.02  
49991 $ 18172   $  4439810577  $  2176670295     $      385293  $      599749  $      739079  $      382853  $       0      $       0      $      97      $           0  $              $2.039726      $385293.000000      $0.038269 $0.047160 $0.024429 $     0.81  $     1.93  
50016 $  5012   $  6362342780  $  9378290162     $       66504  $   201309747  $   201367609  $   197129749  $      39      $       0      $      97      $           0  $              $0.678412      $66504.000000      $12.858108 $12.861804 $12.591122 $     1.00  $     1.02  
49991 $ 19174   $  3361667646  $  1884825297     $      546592  $     7085791  $     6872707  $     4660945  $       0      $       0      $      97      $           0  $              $1.783543      $546592.000000      $0.452585 $0.438975 $0.297705 $     1.03  $     1.47  
50016 $  6014   $  6386823965  $  9113184926     $       66786  $   199958554  $   200016944  $   195587868  $      48      $       0      $      97      $           0  $              $0.700833      $66786.000000      $12.771804 $12.775534 $12.492639 $     1.00  $     1.02  
49991 $ 20176   $ 11096445331  $  8499907513     $      104124  $    26911881  $    40860034  $     7539665  $       0      $       0      $      97      $           0  $              $1.305478      $104124.000000      $1.718922 $2.609823 $0.481575 $     0.66  $     5.42  
50016 $  7016   $  6445846091  $  9108369071     $       66570  $   201088830  $   201146167  $   196669547  $      49      $       0      $      97      $           0  $              $0.707684      $66570.000000      $12.843997 $12.847659 $12.561728 $     1.00  $     1.02  
49991 $ 21178   $ 11935559067  $  9106328817     $       82528  $    27288530  $    42917173  $     7834548  $       0      $       0      $      97      $           0  $              $1.310688      $82528.000000      $1.742980 $2.741217 $0.500410 $     0.64  $     5.48  
50016 $  8018   $  6576540996  $  9116046636     $       61729  $   188870748  $   188926366  $   184787049  $      48      $       0      $      97      $           0  $              $0.721425      $61729.000000      $12.063601 $12.067153 $11.802766 $     1.00  $     1.02  
49991 $ 22180   $ 11977578585  $  9113771353     $       81789  $    27359100  $    43073180  $     7852548  $       0      $       0      $      97      $           0  $              $1.314229      $81789.000000      $1.747487 $2.751181 $0.501560 $     0.64  $     5.49  
49991 $ 22683   $  6477487019  $  4775374487     $       37799  $    14862614  $    23343619  $     4184941  $       0      $       0      $      97      $           0  $              $1.356435      $37799.000000      $1.891068 $2.970162 $0.532478 $     0.64  $     5.58  
50016 $  8521   $  2178183154  $  1297498500     $      337169  $    15517281  $    15523613  $    15514622  $      18      $       0      $      97      $           0  $              $1.678756      $337169.000000      $1.974366 $1.975171 $1.974027 $     1.00  $     1.00  
49991 $ 23258   $  7227548591  $  5285935472     $       45665  $    16623920  $    26022243  $     4664038  $       0      $       0      $      97      $           0  $              $1.367317      $45665.000000      $1.850315 $2.896389 $0.519128 $     0.64  $     5.58  
49991 $ 23261   $     2138118  $     1563001     $           0  $        1761  $        1428  $        1408  $       0      $       0      $      97      $           0  $              $1.367957      $0.000000      $0.037568 $0.030464 $0.030037 $     1.23  $     1.01  
49991 $ 24264   $ 11644147628  $  8884939812     $       74350  $    26496658  $    41675796  $     7607983  $      48      $       0      $      97      $           0  $              $1.310549      $74350.000000      $1.690714 $2.659273 $0.485455 $     0.64  $     5.48  
50024 $  1003   $  5633838599  $  7899925441     $      167034  $   155955367  $   157715018  $   147576437  $       0      $       0      $      97      $           0  $              $0.713151      $167034.000000      $9.951289 $10.063571 $9.416642 $     0.99  $     1.07  
50024 $  2006   $  6387200981  $  9035094725     $      175588  $   199030643  $   199088689  $   194666083  $      48      $       0      $      97      $           0  $              $0.706932      $175588.000000      $12.699862 $12.703566 $12.421365 $     1.00  $     1.02  
49991 $ 25267   $ 11456106736  $  8760912530     $       77201  $    25966302  $    40738911  $     7511291  $       0      $       0      $      97      $           0  $              $1.307638      $77201.000000      $1.656873 $2.599492 $0.479285 $     0.64  $     5.42  
50024 $  3008   $  6362453585  $  9106447585     $      183092  $   201173519  $   201234876  $   196774007  $      49      $       0      $      97      $           0  $              $0.698676      $183092.000000      $12.849406 $12.853326 $12.568399 $     1.00  $     1.02  
49991 $ 26269   $ 11958523791  $  9104111919     $       82173  $    27375547  $    43058152  $     7854284  $       0      $       0      $      97      $           0  $              $1.313530      $82173.000000      $1.748538 $2.750221 $0.501671 $     0.64  $     5.48  
50024 $  4010   $  6472013344  $  9115057347     $      182387  $   201413927  $   201472126  $   197006253  $      49      $       0      $      97      $           0  $              $0.710035      $182387.000000      $12.864761 $12.868479 $12.583234 $     1.00  $     1.02  
49991 $ 27271   $ 11969857437  $  9112756985     $       81159  $    27409627  $    43097711  $     7862662  $       0      $       0      $      97      $           0  $              $1.313528      $81159.000000      $1.750715 $2.752748 $0.502206 $     0.64  $     5.48  
50024 $  5013   $  6382765550  $  9119066520     $      176044  $   200296469  $   200355775  $   195885488  $      49      $       0      $      97      $           0  $              $0.699936      $176044.000000      $12.780632 $12.784416 $12.499174 $     1.00  $     1.02  
49991 $ 28274   $ 11983620647  $  9116786024     $       81138  $    27439525  $    43160881  $     7871966  $       0      $       0      $      97      $           0  $              $1.314457      $81138.000000      $1.750877 $2.754034 $0.502299 $     0.64  $     5.48  
50024 $  6016   $  6423097721  $  9118371167     $      174118  $   199704489  $   199764786  $   195304118  $      49      $       0      $      97      $           0  $              $0.704413      $174118.000000      $12.742859 $12.746706 $12.462077 $     1.00  $     1.02  
49991 $ 29277   $ 11979447551  $  9116085618     $       80566  $    27427878  $    43134515  $     7868221  $       0      $       0      $      97      $           0  $              $1.314100      $80566.000000      $1.750134 $2.752352 $0.502060 $     0.64  $     5.48  
50024 $  7019   $  6176288219  $  6739901894     $      379945  $   124094034  $   124132538  $   121817156  $      44      $       0      $      97      $           0  $              $0.916377      $379945.000000      $7.918263 $7.920720 $7.772979 $     1.00  $     1.02  
49991 $ 30280   $ 12343822737  $  9248615211     $       77948  $    28287609  $    44493972  $     8046039  $       0      $       0      $      97      $           0  $              $1.334667      $77948.000000      $1.804992 $2.839097 $0.513406 $     0.64  $     5.53  
49991 $ 30372   $  1172641397  $   856185437     $        7272  $     2703990  $     4229608  $      757155  $       0      $       0      $      97      $           0  $              $1.369612      $7272.000000      $1.881037 $2.942336 $0.526717 $     0.64  $     5.59  
50024 $  7111   $        1992  $       92157     $       89192  $         283  $         561  $         123  $       3      $       0      $      97      $           0  $              $0.021615      $89192.000000      $0.000197 $0.000390 $0.000086 $     0.50  $     4.56  
49991 $ 31356   $ 13298896781  $  9721194345     $       79458  $    30610536  $    47919123  $     8583089  $       0      $       0      $      97      $           0  $              $1.368031      $79458.000000      $1.990929 $3.116691 $0.558250 $     0.64  $     5.58  
49991 $ 31358   $     1844756  $     1348866     $           0  $        1533  $        1201  $        1188  $       0      $       0      $      97      $           0  $              $1.367635      $0.000000      $0.049056 $0.038432 $0.038016 $     1.28  $     1.01  
49991 $ 32361   $ 11732401757  $  8926288855     $       74671  $    26673512  $    41941608  $     7665457  $      48      $       0      $      97      $           0  $              $1.314365      $74671.000000      $1.701999 $2.676234 $0.489122 $     0.64  $     5.47  
50029 $  1003   $  5681905534  $  7932106558     $      150259  $   157333063  $   159123775  $   148734391  $       0      $       0      $      97      $           0  $              $0.716317      $150259.000000      $10.039198 $10.153461 $9.490529 $     0.99  $     1.07  
50029 $  2005   $  6395715548  $  9031839520     $      153475  $   200126618  $   200187009  $   195731765  $      48      $       0      $      97      $           0  $              $0.708130      $153475.000000      $12.782538 $12.786396 $12.501829 $     1.00  $     1.02  
49991 $ 33363   $ 11477035050  $  8757072297     $       77402  $    25950572  $    40740662  $     7521892  $       0      $       0      $      97      $           0  $              $1.310602      $77402.000000      $1.657522 $2.602198 $0.480440 $     0.64  $     5.42  
50029 $  3007   $  6422722893  $  9121879877     $      158134  $   202425041  $   202486624  $   197986120  $      49      $       0      $      97      $           0  $              $0.704101      $158134.000000      $12.929344 $12.933277 $12.645820 $     1.00  $     1.02  
49991 $ 34365   $ 12032125796  $  9119721877     $       81886  $    27501090  $    43310799  $     7901354  $       0      $       0      $      97      $           0  $              $1.319352      $81886.000000      $1.756557 $2.766358 $0.504677 $     0.63  $     5.48  
50029 $  4009   $  6505001862  $  9121369048     $      159986  $   202318380  $   202376402  $   197886288  $      49      $       0      $      97      $           0  $              $0.713161      $159986.000000      $12.922531 $12.926237 $12.639443 $     1.00  $     1.02  
49991 $ 35367   $ 12010933167  $  9119162656     $       82332  $    27437517  $    43195678  $     7885026  $       0      $       0      $      97      $           0  $              $1.317109      $82332.000000      $1.752496 $2.759006 $0.503634 $     0.64  $     5.48  
50029 $  5011   $  6357018856  $  9121097111     $      149728  $   200426098  $   200486707  $   195990023  $      49      $       0      $      97      $           0  $              $0.696958      $149728.000000      $12.801667 $12.805538 $12.518325 $     1.00  $     1.02  
49991 $ 36369   $ 12012576211  $  9119045785     $       81760  $    27460993  $    43199511  $     7884888  $       0      $       0      $      97      $           0  $              $1.317306      $81760.000000      $1.753996 $2.759250 $0.503626 $     0.64  $     5.48  
50029 $  6013   $  6505712101  $  9121658094     $      152339  $   200471638  $   200532762  $   196040928  $      49      $       0      $      97      $           0  $              $0.713216      $152339.000000      $12.804575 $12.808480 $12.521576 $     1.00  $     1.02  
49991 $ 37371   $ 12017872564  $  9119411436     $       81795  $    27457590  $    43223080  $     7888818  $       0      $       0      $      97      $           0  $              $1.317834      $81795.000000      $1.753778 $2.760756 $0.503877 $     0.64  $     5.48  
49991 $ 38425   $ 12962348028  $  9684703859     $       82881  $    29695690  $    46672077  $     8437646  $       0      $       0      $      97      $           0  $              $1.338435      $82881.000000      $1.803154 $2.833978 $0.512343 $     0.64  $     5.53  
50029 $  7067   $  5967133684  $  6453231539     $      484011  $   118765035  $   118800015  $   116604494  $      45      $       0      $      97      $           0  $              $0.924674      $484011.000000      $7.211539 $7.213663 $7.080349 $     1.00  $     1.02  
49991 $ 38427   $     5172290  $     3772150     $           3  $       12018  $       18533  $        3313  $       0      $       0      $      97      $           0  $              $1.371178      $3.000000      $0.384576 $0.593056 $0.106016 $     0.65  $     5.59  
49991 $ 38429   $     3622157  $     2678813     $        4139  $        7452  $       10849  $        2323  $       0      $       0      $      97      $           0  $              $1.352150      $4139.000000      $0.238464 $0.347168 $0.074336 $     0.69  $     4.67  
49991 $ 39432   $ 11965154320  $  9068158651     $       76982  $    27341940  $    43025885  $     7824017  $      48      $       0      $      97      $           0  $              $1.319469      $76982.000000      $1.744650 $2.745420 $0.499239 $     0.64  $     5.50  
50034 $  1003   $  5669706717  $  7921187715     $      122661  $   156551199  $   158373380  $   148385567  $       0      $       0      $      97      $           0  $              $0.715765      $122661.000000      $9.989309 $10.105579 $9.468271 $     0.99  $     1.07  
50034 $  2006   $  6387627776  $  9007691491     $      117034  $   199156643  $   199218361  $   194793694  $      48      $       0      $      97      $           0  $              $0.709130      $117034.000000      $12.707901 $12.711840 $12.429508 $     1.00  $     1.02  
49991 $ 40435   $ 11335130703  $  8668991245     $       75336  $    25537129  $    40042834  $     7420001  $       0      $       0      $      97      $           0  $              $1.307549      $75336.000000      $1.629488 $2.555076 $0.473460 $     0.64  $     5.40  
50034 $  3008   $  6416015356  $  9120969515     $      122579  $   202508646  $   202572635  $   198071761  $      49      $       0      $      97      $           0  $              $0.703436      $122579.000000      $12.934684 $12.938771 $12.651290 $     1.00  $     1.02  
49991 $ 41437   $ 12033816933  $  9118432370     $       80796  $    27529696  $    43332159  $     7904730  $       0      $       0      $      97      $           0  $              $1.319724      $80796.000000      $1.758384 $2.767723 $0.504893 $     0.64  $     5.48  
50034 $  4010   $  6514518435  $  9120597384     $      125816  $   202606401  $   202666145  $   198171901  $      49      $       0      $      97      $           0  $              $0.714265      $125816.000000      $12.940928 $12.944744 $12.657686 $     1.00  $     1.02  
49991 $ 42439   $ 12033151123  $  9118109779     $       81285  $    27527506  $    43325991  $     7903947  $       0      $       0      $      97      $           0  $              $1.319698      $81285.000000      $1.758244 $2.767329 $0.504843 $     0.64  $     5.48  
50034 $  5012   $  6371554114  $  9121125128     $      115794  $   200760431  $   200822867  $   196325830  $      49      $       0      $      97      $           0  $              $0.698549      $115794.000000      $12.823022 $12.827009 $12.539773 $     1.00  $     1.02  
49991 $ 43441   $ 12039962111  $  9118835511     $       81696  $    27547513  $    43365130  $     7909365  $       0      $       0      $      97      $           0  $              $1.320340      $81696.000000      $1.759522 $2.769829 $0.505189 $     0.64  $     5.48  
50034 $  6014   $  6500926308  $  9120247518     $      115621  $   200463193  $   200525634  $   196041704  $      49      $       0      $      97      $           0  $              $0.712802      $115621.000000      $12.804037 $12.808024 $12.521626 $     1.00  $     1.02  
49991 $ 44443   $ 12038242018  $  9118027786     $       80882  $    27538542  $    43354123  $     7906568  $       0      $       0      $      97      $           0  $              $1.320268      $80882.000000      $1.758949 $2.769126 $0.505010 $     0.64  $     5.48  
49991 $ 45503   $ 13222926027  $  9860719010     $       83027  $    30320270  $    47667710  $     8610740  $       0      $       0      $      97      $           0  $              $1.340970      $83027.000000      $1.830658 $2.878051 $0.519894 $     0.64  $     5.54  
50034 $  7074   $  5988019665  $  6486965691     $      458949  $   119358672  $   119395017  $   117185834  $      45      $       0      $      97      $           0  $              $0.923085      $458949.000000      $7.206562 $7.208755 $7.075371 $     1.00  $     1.02  
49991 $ 45514   $   114049589  $    83110346     $         726  $      263762  $      411341  $       73757  $       0      $       0      $      97      $           0  $              $1.372267      $726.000000      $1.534615 $2.393257 $0.429132 $     0.64  $     5.58  
49991 $ 45516   $     2991367  $     2193979     $           0  $        6201  $        9218  $        1965  $       0      $       0      $      97      $           0  $              $1.363444      $0.000000      $0.198432 $0.294976 $0.062880 $     0.67  $     4.69  
49991 $ 46519   $ 12043129722  $  9105493741     $       78155  $    27522293  $    43340904  $     7881009  $      48      $       0      $      97      $           0  $              $1.322622      $78155.000000      $1.756158 $2.765521 $0.502876 $     0.64  $     5.50  
50045 $  1003   $  5678391631  $  7935858249     $      163824  $   157270074  $   159179234  $   148567542  $       0      $       0      $      97      $           0  $              $0.715536      $163824.000000      $10.035179 $10.157000 $9.479882 $     0.99  $     1.07  
50045 $  2006   $  6336571238  $  8960567839     $      169826  $   196324513  $   196382726  $   192001911  $      48      $       0      $      97      $           0  $              $0.707162      $169826.000000      $12.527187 $12.530901 $12.251368 $     1.00  $     1.02  
49991 $ 47522   $ 11721315880  $  8950835872     $       78790  $    26688338  $    41928063  $     7670645  $       0      $       0      $      97      $           0  $              $1.309522      $78790.000000      $1.702945 $2.675370 $0.489453 $     0.64  $     5.47  
50045 $  3008   $  6392300669  $  9120328644     $      180336  $   202444861  $   202503102  $   198003958  $      49      $       0      $      97      $           0  $              $0.700885      $180336.000000      $12.930610 $12.934330 $12.646959 $     1.00  $     1.02  
49991 $ 48524   $ 12032482015  $  9118241194     $       80291  $    27542261  $    43329708  $     7904003  $       0      $       0      $      97      $           0  $              $1.319606      $80291.000000      $1.759186 $2.767566 $0.504847 $     0.64  $     5.48  
50045 $  4010   $  6507057428  $  9120675469     $      180763  $   202372119  $   202429052  $   197937910  $      49      $       0      $      97      $           0  $              $0.713440      $180763.000000      $12.925963 $12.929601 $12.642740 $     1.00  $     1.02  
49991 $ 49526   $ 12027241088  $  9118479048     $       80750  $    27533371  $    43296299  $     7898901  $       0      $       0      $      97      $           0  $              $1.318996      $80750.000000      $1.758619 $2.765432 $0.504521 $     0.64  $     5.48  
50045 $  5012   $  6398854677  $  9120775432     $      172641  $   200993878  $   201052176  $   196553009  $      49      $       0      $      97      $           0  $              $0.701569      $172641.000000      $12.837932 $12.841656 $12.554284 $     1.00  $     1.02  
49991 $ 50528   $ 12027035076  $  9118605321     $       80610  $    27535756  $    43291755  $     7898180  $       0      $       0      $      97      $           0  $              $1.318956      $80610.000000      $1.758771 $2.765142 $0.504475 $     0.64  $     5.48  
50045 $  6015   $  6466306732  $  9121349726     $      170818  $   200410462  $   200470395  $   195978767  $      49      $       0      $      97      $           0  $              $0.708920      $170818.000000      $12.787906 $12.791731 $12.505126 $     1.00  $     1.02  
49991 $ 51530   $ 12006029712  $  9119030783     $       81059  $    27475368  $    43163366  $     7879852  $       0      $       0      $      97      $           0  $              $1.316591      $81059.000000      $1.754914 $2.756942 $0.503304 $     0.64  $     5.48  
50045 $  7018   $  6099026685  $  6624065177     $      435920  $   122149393  $   122185636  $   119906369  $      44      $       0      $      97      $           0  $              $0.920738      $435920.000000      $7.794178 $7.796491 $7.651054 $     1.00  $     1.02  
49991 $ 52532   $ 12412397541  $  9277768670     $       77741  $    28462090  $    44729950  $     8087958  $       0      $       0      $      97      $           0  $              $1.337865      $77741.000000      $1.817938 $2.857003 $0.516596 $     0.64  $     5.53  
49991 $ 52609   $   984227675  $   717737978     $        5899  $     2271425  $     3549460  $      635377  $       0      $       0      $      97      $           0  $              $1.371291      $5899.000000      $1.887938 $2.950201 $0.528106 $     0.64  $     5.59  
50045 $  7095   $        1992  $       90832     $       59548  $         243  $         522  $          90  $       2      $       0      $      97      $           0  $              $0.021931      $59548.000000      $0.000202 $0.000434 $0.000075 $     0.47  $     5.80  
49991 $ 53609   $ 12993640456  $  9502643256     $       81814  $    29919265  $    46817652  $     8385610  $       0      $       0      $      97      $           0  $              $1.367371      $81814.000000      $1.914833 $2.996330 $0.536679 $     0.64  $     5.58  
49991 $ 53611   $     1662339  $     1227466     $           0  $        1366  $        1061  $        1045  $       0      $       0      $      97      $           0  $              $1.354285      $0.000000      $0.043712 $0.033952 $0.033440 $     1.29  $     1.02  
49991 $ 54614   $ 11744716160  $  8949360095     $       73770  $    26676371  $    41984286  $     7662217  $      48      $       0      $      97      $           0  $              $1.312353      $73770.000000      $1.702181 $2.678957 $0.488915 $     0.64  $     5.48  
50055 $  1003   $  5664067274  $  7904350464     $      150665  $   156758057  $   158332937  $   148283310  $       0      $       0      $      97      $           0  $              $0.716576      $150665.000000      $10.002508 $10.103000 $9.461747 $     0.99  $     1.07  
50055 $  2006   $  6392341191  $  9015959818     $      150137  $   199764299  $   199824356  $   195369025  $      48      $       0      $      97      $           0  $              $0.709003      $150137.000000      $12.746675 $12.750507 $12.466219 $     1.00  $     1.02  
49991 $ 55617   $ 11538687993  $  8787292425     $       77907  $    26146503  $    41050760  $     7567029  $       0      $       0      $      97      $           0  $              $1.313111      $77907.000000      $1.668371 $2.619390 $0.482841 $     0.64  $     5.42  
50055 $  3008   $  6407279105  $  9107608189     $      154937  $   202147254  $   202209126  $   197715245  $      49      $       0      $      97      $           0  $              $0.703508      $154937.000000      $12.911601 $12.915552 $12.628519 $     1.00  $     1.02  
49991 $ 56619   $ 11993652749  $  9105208001     $       82228  $    27394287  $    43114251  $     7870907  $       0      $       0      $      97      $           0  $              $1.317230      $82228.000000      $1.749735 $2.753804 $0.502733 $     0.64  $     5.48  
50055 $  4010   $  6499799123  $  9107274462     $      157131  $   202200400  $   202260048  $   197761328  $      49      $       0      $      97      $           0  $              $0.713693      $157131.000000      $12.914995 $12.918805 $12.631462 $     1.00  $     1.02  
49991 $ 57621   $ 11989144522  $  9104865560     $       80846  $    27393284  $    43098233  $     7868046  $       0      $       0      $      97      $           0  $              $1.316784      $80846.000000      $1.749671 $2.752781 $0.502550 $     0.64  $     5.48  
50055 $  5012   $  6363988767  $  9108157424     $      147694  $   200382241  $   200443989  $   195946903  $      49      $       0      $      97      $           0  $              $0.698713      $147694.000000      $12.798865 $12.802810 $12.515571 $     1.00  $     1.02  
49991 $ 58623   $ 12015774576  $  9105582130     $       81557  $    27470409  $    43244415  $     7889068  $       0      $       0      $      97      $           0  $              $1.319605      $81557.000000      $1.754597 $2.762118 $0.503893 $     0.64  $     5.48  
50055 $  6015   $  6479280326  $  9106895268     $      149559  $   200115982  $   200178377  $   195692197  $      49      $       0      $      97      $           0  $              $0.711470      $149559.000000      $12.769115 $12.773097 $12.486839 $     1.00  $     1.02  
49991 $ 59626   $ 11999591505  $  9104396556     $       81413  $    27416272  $    43146215  $     7874746  $       0      $       0      $      97      $           0  $              $1.318000      $81413.000000      $1.749393 $2.753098 $0.502476 $     0.64  $     5.48  
50055 $  7018   $  6025719142  $  6530110850     $      391851  $   120339780  $   120377059  $   118144910  $      44      $       0      $      97      $           0  $              $0.922759      $391851.000000      $7.678710 $7.681088 $7.538659 $     1.00  $     1.02  
49991 $ 60629   $ 12240020896  $  9157644134     $       77853  $    28031054  $    44068492  $     7971661  $       0      $       0      $      97      $           0  $              $1.336591      $77853.000000      $1.788622 $2.811948 $0.508660 $     0.64  $     5.53  
49991 $ 60696   $   853725225  $   622815006     $        5120  $     1964959  $     3079211  $      551027  $       0      $       0      $      97      $           0  $              $1.370753      $5120.000000      $1.876976 $2.941336 $0.526354 $     0.64  $     5.59  
50055 $  7085   $        1992  $       92052     $       57017  $         160  $         440  $           6  $       2      $       0      $      97      $           0  $              $0.021640      $57017.000000      $0.000153 $0.000420 $0.000006 $     0.36  $    73.33  
49991 $ 61694   $ 12946082474  $  9479722192     $       81693  $    29788825  $    46605979  $     8352016  $       0      $       0      $      97      $           0  $              $1.365661      $81693.000000      $1.910305 $2.988760 $0.535600 $     0.64  $     5.58  
49991 $ 61697   $     2444485  $     1831490     $         151  $        4753  $        6592  $        1627  $       0      $       0      $      97      $           0  $              $1.334697      $151.000000      $0.101397 $0.140629 $0.034709 $     0.72  $     4.05  
49991 $ 62699   $ 11866722285  $  9032936331     $       75675  $    27015661  $    42516963  $     7747001  $      48      $       0      $      97      $           0  $              $1.313717      $75675.000000      $1.725551 $2.715654 $0.494818 $     0.64  $     5.49  
50070 $  1002   $  5661965241  $  7903178430     $       86136  $   156306778  $   158037715  $   148040931  $       0      $       0      $      97      $           0  $              $0.716416      $86136.000000      $9.983666 $10.094225 $9.455708 $     0.99  $     1.07  
50070 $  2005   $  6387818011  $  9000552515     $       52512  $   199085398  $   199147975  $   194705881  $      48      $       0      $      97      $           0  $              $0.709714      $52512.000000      $12.703355 $12.707348 $12.423905 $     1.00  $     1.02  
49991 $ 63702   $ 11443216336  $  8734144254     $       77221  $    25894136  $    40593502  $     7496286  $       0      $       0      $      97      $           0  $              $1.310170      $77221.000000      $1.652268 $2.590214 $0.478327 $     0.64  $     5.42  
50070 $  3008   $  6401248693  $  9107813112     $       54065  $   201966488  $   202031114  $   197529789  $      49      $       0      $      97      $           0  $              $0.702830      $54065.000000      $12.887195 $12.891317 $12.604095 $     1.00  $     1.02  
49991 $ 64705   $ 12015246580  $  9105737231     $       80515  $    27521838  $    43268643  $     7893552  $       0      $       0      $      97      $           0  $              $1.319525      $80515.000000      $1.756129 $2.760911 $0.503676 $     0.64  $     5.48  
50070 $  4011   $  6499719651  $  9107401403     $       53396  $   202015227  $   202076527  $   197579412  $      49      $       0      $      97      $           0  $              $0.713674      $53396.000000      $12.890304 $12.894216 $12.607261 $     1.00  $     1.02  
49991 $ 65708   $ 12017126176  $  9104980076     $       81845  $    27501960  $    43275856  $     7893754  $       0      $       0      $      97      $           0  $              $1.319841      $81845.000000      $1.754861 $2.761371 $0.503689 $     0.64  $     5.48  
50070 $  5014   $  6380804303  $  9108342613     $       52350  $   200434891  $   200499401  $   195996611  $      49      $       0      $      97      $           0  $              $0.700545      $52350.000000      $12.789465 $12.793581 $12.506264 $     1.00  $     1.02  
49991 $ 66711   $ 12017119032  $  9105905421     $       80996  $    27501865  $    43272191  $     7893329  $       0      $       0      $      97      $           0  $              $1.319706      $80996.000000      $1.754855 $2.761137 $0.503662 $     0.64  $     5.48  
50070 $  6016   $  6469565941  $  9108053615     $       52025  $   200048081  $   200111972  $   195622747  $      49      $       0      $      97      $           0  $              $0.710313      $52025.000000      $12.777522 $12.781603 $12.494866 $     1.00  $     1.02  
49991 $ 67714   $ 12016704810  $  9105762023     $       81297  $    27507290  $    43267952  $     7892632  $       0      $       0      $      97      $           0  $              $1.319681      $81297.000000      $1.755201 $2.760866 $0.503618 $     0.64  $     5.48  
50070 $  7019   $  6082033416  $  6599900196     $      330470  $   121638207  $   121678259  $   119410938  $      44      $       0      $      97      $           0  $              $0.921534      $330470.000000      $7.761560 $7.764116 $7.619442 $     1.00  $     1.02  
49991 $ 68717   $ 12253146436  $  9154701753     $       77346  $    28120342  $    44178715  $     7987052  $       0      $       0      $      97      $           0  $              $1.338454      $77346.000000      $1.794319 $2.818981 $0.509642 $     0.64  $     5.53  
49991 $ 68814   $  1246109576  $   914117428     $        7419  $     2865598  $     4480614  $      803239  $       0      $       0      $      97      $           0  $              $1.363183      $7419.000000      $1.890704 $2.956281 $0.529972 $     0.64  $     5.58  
50070 $  7116   $        1992  $       91270     $       99754  $         165  $         439  $           6  $       3      $       0      $      97      $           0  $              $0.021825      $99754.000000      $0.000109 $0.000290 $0.000004 $     0.38  $    73.17  
49991 $ 69804   $ 12960979413  $  9469777037     $       82011  $    29864544  $    46704538  $     8366043  $       0      $       0      $      97      $           0  $              $1.368668      $82011.000000      $1.930637 $3.019283 $0.540835 $     0.64  $     5.58  
49991 $ 69807   $     2913886  $     2158110     $        2448  $        5828  $        8288  $        1986  $       0      $       0      $      97      $           0  $              $1.350203      $2448.000000      $0.124331 $0.176811 $0.042368 $     0.70  $     4.17  
49991 $ 70809   $ 11863058168  $  8996779522     $       75350  $    27067406  $    42630411  $     7755524  $      48      $       0      $      97      $           0  $              $1.318589      $75350.000000      $1.728856 $2.722901 $0.495363 $     0.63  $     5.50  
50075 $  1003   $  5663728248  $  7913390093     $       83023  $   156664665  $   158420880  $   148246052  $       0      $       0      $      97      $           0  $              $0.715715      $83023.000000      $9.996550 $10.108610 $9.459369 $     0.99  $     1.07  
50075 $  2006   $  6379290847  $  8991421554     $       60222  $   199247760  $   199308370  $   194870074  $      48      $       0      $      97      $           0  $              $0.709486      $60222.000000      $12.713716 $12.717583 $12.434382 $     1.00  $     1.02  
49991 $ 71812   $ 11464154301  $  8726105262     $       77674  $    25980292  $    40751994  $     7519973  $       0      $       0      $      97      $           0  $              $1.313777      $77674.000000      $1.657765 $2.600327 $0.479839 $     0.64  $     5.42  
50075 $  3009   $  6404146434  $  9107543939     $       62254  $   202220315  $   202280908  $   197780598  $      49      $       0      $      97      $           0  $              $0.703169      $62254.000000      $12.903390 $12.907256 $12.620097 $     1.00  $     1.02  
49991 $ 72815   $ 11990819043  $  9105298564     $       81909  $    27401838  $    43115378  $     7871014  $       0      $       0      $      97      $           0  $              $1.316906      $81909.000000      $1.748472 $2.751131 $0.502238 $     0.64  $     5.48  
50075 $  4012   $  6501927492  $  9107565238     $       62921  $   202277996  $   202335812  $   197842340  $      49      $       0      $      97      $           0  $              $0.713904      $62921.000000      $12.907071 $12.910759 $12.624038 $     1.00  $     1.02  
49991 $ 73818   $ 11995796049  $  9105287526     $       82205  $    27428419  $    43142692  $     7875084  $       0      $       0      $      97      $           0  $              $1.317454      $82205.000000      $1.750168 $2.752874 $0.502498 $     0.64  $     5.48  
50075 $  5015   $  6370104077  $  9107896544     $       60354  $   200577133  $   200639368  $   196138137  $      49      $       0      $      97      $           0  $              $0.699405      $60354.000000      $12.798541 $12.802511 $12.515295 $     1.00  $     1.02  
49991 $ 74821   $ 12011609134  $  9105669264     $       81728  $    27471459  $    43225222  $     7886228  $       0      $       0      $      97      $           0  $              $1.319135      $81728.000000      $1.752915 $2.758140 $0.503209 $     0.64  $     5.48  
50075 $  6018   $  6561500510  $  9190422426     $       59646  $   202484719  $   202547399  $   198081915  $      46      $       0      $      97      $           0  $              $0.713950      $59646.000000      $12.920261 $12.924260 $12.639325 $     1.00  $     1.02  
49991 $ 75824   $  9037482576  $  7527823111     $      210010  $    17900339  $    28135218  $     5212499  $       0      $       0      $      97      $           0  $              $1.200544      $210010.000000      $1.142195 $1.795268 $0.332602 $     0.64  $     5.40  
49991 $ 76864   $  3839343111  $  2361639970     $      377715  $      527534  $      675661  $      324289  $       0      $       0      $      97      $           0  $              $1.625711      $377715.000000      $0.032464 $0.041579 $0.019956 $     0.78  $     2.08  
50075 $  7060   $  5946784459  $  6292046872     $      431872  $   118055141  $   118089453  $   116005600  $      34      $       0      $      97      $           0  $              $0.945127      $431872.000000      $7.250988 $7.253095 $7.125104 $     1.00  $     1.02  
49991 $ 76904   $   148168212  $    87609479     $        4602  $       19342  $       21000  $        2986  $       0      $       0      $      97      $           0  $              $1.691235      $4602.000000      $0.030947 $0.033600 $0.004778 $     0.92  $     7.03  
49991 $ 76906   $     1846828  $     1125417     $           0  $         238  $         243  $          26  $       0      $       0      $      97      $           0  $              $1.641017      $0.000000      $0.007616 $0.007776 $0.000832 $     0.98  $     9.35  
49991 $ 77909   $  3520251872  $  2208239813     $      541146  $      499104  $      720518  $      435861  $      38      $       0      $      97      $           0  $              $1.594144      $541146.000000      $0.031847 $0.045975 $0.027812 $     0.69  $     1.65  
50080 $  1003   $  5843100602  $  7940329943     $       77118  $   161207401  $   162951692  $   152764606  $       0      $       0      $      97      $           0  $              $0.735876      $77118.000000      $10.286415 $10.397716 $9.747692 $     0.99  $     1.07  
50080 $  2006   $  6500980945  $  9195256763     $       61201  $   204157578  $   204219232  $   199902361  $      39      $       0      $      97      $           0  $              $0.706993      $61201.000000      $13.027004 $13.030938 $12.755486 $     1.00  $     1.02  
49991 $ 78912   $  3532004445  $  2240021216     $      336959  $      508358  $      764335  $      454396  $       0      $       0      $      97      $           0  $              $1.576773      $336959.000000      $0.032438 $0.048771 $0.028994 $     0.67  $     1.68  
50080 $  3009   $  6706168846  $  9130394403     $       52735  $   208651383  $   208712734  $   204290600  $      41      $       0      $      97      $           0  $              $0.734488      $52735.000000      $13.313746 $13.317662 $13.035491 $     1.00  $     1.02  
49991 $ 79915   $  3460420212  $  2201946622     $       86661  $      499276  $      759321  $      452229  $       0      $       0      $      97      $           0  $              $1.571528      $86661.000000      $0.031858 $0.048451 $0.028856 $     0.66  $     1.68  
50080 $  4012   $  6571625770  $  9129460906     $       48457  $   205760755  $   205824468  $   201391248  $      40      $       0      $      97      $           0  $              $0.719826      $48457.000000      $13.129300 $13.133366 $12.850489 $     1.00  $     1.02  
49991 $ 80918   $  3464641598  $  2201959826     $       88339  $      499225  $      756252  $      450890  $       0      $       0      $      97      $           0  $              $1.573435      $88339.000000      $0.031855 $0.048255 $0.028771 $     0.66  $     1.68  
50080 $  5016   $  6621043164  $  9129522291     $       50354  $   207392976  $   207455739  $   203034040  $      40      $       0      $      97      $           0  $              $0.725234      $50354.000000      $13.220269 $13.224271 $12.942410 $     1.00  $     1.02  
49991 $ 81922   $  3460792185  $  2202021278     $       89543  $      499391  $      756931  $      450798  $       0      $       0      $      97      $           0  $              $1.571643      $89543.000000      $0.031834 $0.048251 $0.028736 $     0.66  $     1.68  
50080 $  6019   $  6686830303  $  9303033006     $       54239  $   208929264  $   208990581  $   204586207  $      39      $       0      $      97      $           0  $              $0.718780      $54239.000000      $13.331478 $13.335391 $13.054355 $     1.00  $     1.02  
49991 $ 82926   $  3522239704  $  2242436782     $       92363  $      507113  $      768400  $      459330  $       0      $       0      $      97      $           0  $              $1.570720      $92363.000000      $0.032326 $0.048982 $0.029280 $     0.66  $     1.67  
49991 $ 83821   $  3365317811  $  2056653626     $      300038  $      457975  $      566908  $      258854  $       0      $       0      $      97      $           0  $              $1.636308      $300038.000000      $0.032749 $0.040539 $0.018510 $     0.81  $     2.19  
50080 $  6914   $  4946361231  $  4932115829     $      411320  $    84983098  $    85010297  $    83587122  $      28      $       0      $      97      $           0  $              $1.002888      $411320.000000      $6.077003 $6.078948 $5.977180 $     1.00  $     1.02  
49991 $ 84016   $   740539109  $   437717122     $       23363  $       96350  $      104069  $       14925  $       0      $       0      $      97      $           0  $              $1.691821      $23363.000000      $0.031623 $0.034156 $0.004898 $     0.93  $     6.97  
49991 $ 84019   $     2056065  $     1227947     $           0  $         267  $         294  $          41  $       0      $       0      $      97      $           0  $              $1.674392      $0.000000      $0.005696 $0.006272 $0.000875 $     0.91  $     7.17  
49991 $ 85022   $  1146966893  $   704794183     $      552119  $      157345  $      203713  $      126246  $      36      $       0      $      97      $           0  $              $1.627379      $552119.000000      $0.010040 $0.012999 $0.008056 $     0.77  $     1.61  
50085 $  1003   $  5846735293  $  7959970314     $      163803  $   161321546  $   163099988  $   152898108  $       0      $       0      $      97      $           0  $              $0.734517      $163803.000000      $10.293698 $10.407177 $9.756210 $     0.99  $     1.07  
50085 $  2006   $  6528825544  $  9314176294     $      204722  $   206280357  $   206425512  $   202007292  $      37      $       0      $      97      $           0  $              $0.700956      $204722.000000      $13.162456 $13.171717 $12.889797 $     1.00  $     1.02  
49991 $ 86025   $           0  $           0     $      556683  $           0  $           0  $           0  $       0      $       0      $      97      $           0  $              $-nan      $556683.000000      $0.000000 $0.000000 $0.000000 $     0.00  $     0.00  
50085 $  2577   $  3749507812  $  5262998317     $      108504  $   115707066  $   115788053  $   113252299  $      21      $       0      $      97      $           0  $              $0.712428      $108504.000000      $12.968918 $12.977996 $12.693777 $     1.00  $     1.02  
49991 $ 86596   $       15039  $      433451     $      354736  $         782  $        1733  $         418  $       0      $       0      $      97      $           0  $              $0.034696      $354736.000000      $0.000088 $0.000194 $0.000047 $     0.45  $     4.15  
50085 $  2646   $           0  $           0     $      198531  $          49  $          48  $          45  $       1      $       0      $      97      $           0  $              $-nan      $198531.000000      $0.000045 $0.000045 $0.000042 $     1.02  $     1.07  
