PID   $time     $Instr Ret     $Unh Clk Cycles   $l2 trans reqs $l1lines       $l2lines       $Per Core bw   $Power         $Power2        $Power3        $bandwidth     $              $IPC           $MEM INTENSIITY$L2->L1 BW (MB)$L3->L2 BW (MB)$MM->L3 BW (MB)$L2 REUSE      $L3 REUSE      
50935 $  1003   $  1465888062  $  4681895333     $    10063460  $    85303551  $    65220334  $     7012795  $      41      $       0      $      97      $           0  $              $0.313097      $10063460.000000      $5.443098 $4.161617 $0.447476 $     1.31  $     9.30  
50933 $  1003   $ 14926466724  $  8947310651     $       88356  $  1884262820  $     6477378  $     5005244  $       0      $       0      $      97      $           0  $              $1.668263      $88356.000000      $120.232124 $0.413312 $0.319377 $   290.90  $     1.29  
50935 $  2006   $   983212112  $  3908834644     $    13320049  $   105936041  $    86306800  $     7176883  $      41      $       0      $      97      $           0  $              $0.251536      $13320049.000000      $6.759628 $5.507114 $0.457947 $     1.23  $    12.03  
50933 $  2006   $ 15551581696  $  9291092804     $       80289  $  1964003609  $     6370591  $     5084236  $       0      $       0      $      97      $           0  $              $1.673816      $80289.000000      $125.320267 $0.406498 $0.324418 $   308.29  $     1.25  
50935 $  3009   $  1720772692  $  5495359975     $    12033215  $   104425277  $    81335250  $    10749316  $      44      $       0      $      97      $           0  $              $0.313132      $12033215.000000      $6.663228 $5.189886 $0.685899 $     1.28  $     7.57  
50933 $  3009   $ 15629632452  $  9342382594     $       80458  $  1973890718  $     6404163  $     5115160  $       0      $       0      $      97      $           0  $              $1.672981      $80458.000000      $125.951149 $0.408641 $0.326391 $   308.22  $     1.25  
50935 $  4012   $  1332569020  $  4561000802     $    12077444  $   101695090  $    83097106  $    10678038  $      42      $       0      $      97      $           0  $              $0.292166      $12077444.000000      $6.489018 $5.302308 $0.681350 $     1.22  $     7.78  
50933 $  4012   $ 15552647168  $  9295572923     $       81585  $  1964077748  $     6390603  $     5091149  $       0      $       0      $      97      $           0  $              $1.673124      $81585.000000      $125.324997 $0.407775 $0.324859 $   307.34  $     1.26  
50935 $  5015   $  1369500552  $  4852188148     $    13375176  $   108943493  $    85545311  $     7271085  $      42      $       0      $      97      $           0  $              $0.282244      $13375176.000000      $6.951529 $5.458524 $0.463958 $     1.27  $    11.77  
50933 $  5015   $ 15729701064  $  9396603385     $       80501  $  1986873372  $     6421630  $     5127921  $       0      $       0      $      97      $           0  $              $1.673977      $80501.000000      $126.779556 $0.409755 $0.327205 $   309.40  $     1.25  
50935 $  6018   $  1693112349  $  5423885248     $    11952727  $   103188579  $    81637426  $    10720799  $      44      $       0      $      97      $           0  $              $0.312159      $11952727.000000      $6.584316 $5.209167 $0.684079 $     1.26  $     7.61  
50933 $  6018   $ 15556211857  $  9292668799     $       80977  $  1964799058  $     6379872  $     5087831  $       0      $       0      $      97      $           0  $              $1.674031      $80977.000000      $125.371033 $0.407091 $0.324647 $   307.97  $     1.25  
50933 $  6518   $  7985093290  $  4775534081     $       41593  $  1006727839  $     3421092  $     2632967  $       0      $       0      $      97      $           0  $              $1.672084      $41593.000000      $128.861160 $0.437900 $0.337020 $   294.27  $     1.30  
50935 $  6518   $   159668632  $  1102193065     $     6132059  $    44676038  $    37607633  $     1493905  $      20      $       0      $      97      $           0  $              $0.144864      $6132059.000000      $5.718533 $4.813777 $0.191220 $     1.19  $    25.17  
50933 $  7104   $  9376432973  $  5582297505     $       47551  $  1185812117  $     3778406  $     2649474  $       0      $       0      $      97      $           0  $              $1.679673      $47551.000000      $129.508484 $0.412659 $0.289362 $   313.84  $     1.43  
50933 $  7107   $     2991886  $     1773293     $           4  $      384205  $         756  $         692  $       0      $       0      $      97      $           0  $              $1.687192      $4.000000      $8.196373 $0.016128 $0.014763 $   508.21  $     1.09  
50933 $  8109   $ 12479594001  $  7723080157     $      254572  $  1556373141  $     5124339  $     4204280  $      39      $       0      $      97      $           0  $              $1.615883      $254572.000000      $99.409065 $0.327303 $0.268537 $   303.72  $     1.22  
50953 $  1003   $  1471718669  $  4707602810     $    10487597  $    87463605  $    63116000  $     7094423  $       0      $       0      $      97      $           0  $              $0.312626      $10487597.000000      $5.580928 $4.027342 $0.452685 $     1.39  $     8.90  
50953 $  2006   $  1037039809  $  4003029870     $    13311220  $   107085491  $    83398334  $     7778990  $      36      $       0      $      97      $           0  $              $0.259064      $13311220.000000      $6.832973 $5.321529 $0.496366 $     1.28  $    10.72  
50933 $  9112   $ 10697293730  $  6520198966     $      112281  $  1341357316  $     4466263  $     3524810  $       0      $       0      $      97      $           0  $              $1.640639      $112281.000000      $85.590096 $0.284986 $0.224913 $   300.33  $     1.27  
50953 $  3009   $  1673644011  $  5398728679     $    12549126  $   107404695  $    79182220  $    10189753  $      43      $       0      $      97      $           0  $              $0.310007      $12549126.000000      $6.853341 $5.052505 $0.650194 $     1.36  $     7.77  
50933 $ 10115   $ 15661582436  $  9359164179     $       81874  $  1978074537  $     6393902  $     5106347  $       0      $       0      $      97      $           0  $              $1.673395      $81874.000000      $126.218117 $0.407986 $0.325829 $   309.37  $     1.25  
50953 $  4012   $  1544850871  $  5055322690     $    12220667  $   104374358  $    79561416  $    10762616  $      43      $       0      $      97      $           0  $              $0.305589      $12220667.000000      $6.659979 $5.076701 $0.686747 $     1.31  $     7.39  
50933 $ 11118   $ 15541264390  $  9288104016     $       80113  $  1962598834  $     6359698  $     5089293  $       0      $       0      $      97      $           0  $              $1.673244      $80113.000000      $125.230629 $0.405803 $0.324741 $   308.60  $     1.25  
50953 $  5015   $  1167442386  $  4364123328     $    13804516  $   110153761  $    84093398  $     7308004  $      42      $       0      $      97      $           0  $              $0.267509      $13804516.000000      $7.028754 $5.365880 $0.466313 $     1.31  $    11.51  
50933 $ 12120   $ 15778959196  $  9425832423     $       81035  $  1993197348  $     6418616  $     5137711  $       0      $       0      $      97      $           0  $              $1.674012      $81035.000000      $127.310005 $0.409971 $0.328157 $   310.53  $     1.25  
50953 $  6017   $  1724714191  $  5490995395     $    12305070  $   106154776  $    78553217  $    10809351  $      43      $       0      $      97      $           0  $              $0.314099      $12305070.000000      $6.780345 $5.017371 $0.690418 $     1.35  $     7.27  
50933 $ 13122   $ 15607353031  $  9328068101     $       80666  $  1971116873  $     6379882  $     5104429  $       0      $       0      $      97      $           0  $              $1.673160      $80666.000000      $125.899681 $0.407497 $0.326031 $   308.96  $     1.25  
50933 $ 13513   $  6062604426  $  3623899440     $       33005  $   764497699  $     2576940  $     1974502  $       0      $       0      $      97      $           0  $              $1.672951      $33005.000000      $125.135178 $0.421801 $0.323192 $   296.67  $     1.31  
50953 $  6408   $   107343115  $   764316553     $     4402562  $    31606413  $    26227541  $     1064512  $      15      $       0      $      97      $           0  $              $0.140443      $4402562.000000      $5.173428 $4.292999 $0.174242 $     1.21  $    24.64  
50933 $ 14206   $ 11067964816  $  6594671227     $       56156  $  1398486852  $     4542182  $     3144046  $       0      $       0      $      97      $           0  $              $1.678319      $56156.000000      $129.153198 $0.419480 $0.290359 $   307.89  $     1.44  
50933 $ 14208   $     2915733  $     1728094     $           7  $      374562  $         731  $         586  $       0      $       0      $      97      $           0  $              $1.687254      $7.000000      $11.985984 $0.023392 $0.018752 $   512.40  $     1.25  
50958 $   556   $   623515386  $  2082842169     $     5156292  $    40806296  $    28605405  $     1885130  $       0      $       0      $      97      $           0  $              $0.299358      $5156292.000000      $4.697128 $3.292708 $0.216993 $     1.43  $    15.17  
50933 $ 14765   $  8340310816  $  5009342473     $       63289  $  1053804568  $     3153814  $     2590764  $      22      $       0      $      97      $           0  $              $1.664951      $63289.000000      $121.083466 $0.362377 $0.297682 $   334.14  $     1.22  
