PID   $time     $Instr Ret     $Unh Clk Cycles   $l2 trans reqs $l1lines       $l2lines       $Per Core bw   $Power         $Power2        $Power3        $bandwidth     $              $IPC           $MEM INTENSIITY$L2->L1 BW (MB)$L3->L2 BW (MB)$MM->L3 BW (MB)$L2 REUSE      $L3 REUSE      
 7167 $  1003   $  1521818247  $  8898755912     $    61719556  $   422904855  $   165019337  $    10395326  $      41      $       0      $      97      $           0  $              $0.171015      $61719556.000000      $26.984957 $10.529649 $0.663311 $     2.56  $    15.87  
 7165 $  1003   $  2420636216  $  6058059373     $    14492861  $    90332425  $   105933974  $    14498389  $       0      $       0      $      97      $           0  $              $0.399573      $14492861.000000      $5.763983 $6.759496 $0.925122 $     0.85  $     7.31  
 7167 $  1310   $   423621011  $  2851377741     $    20836608  $   143055121  $    56275649  $     4379687  $      13      $       0      $      97      $           0  $              $0.148567      $20836608.000000      $29.822565 $11.731731 $0.913029 $     2.54  $    12.85  
 7165 $  1310   $   459070981  $  1871320753     $    12306523  $    62493179  $    82572964  $     4607182  $       0      $       0      $      97      $           0  $              $0.245319      $12306523.000000      $13.027894 $17.213907 $0.960455 $     0.76  $    17.92  
 7167 $  2083   $  1087155070  $  7342611066     $    55760928  $   367081559  $   144897780  $     3333720  $      27      $       0      $      97      $           0  $              $0.148061      $55760928.000000      $30.392263 $11.996711 $0.276013 $     2.53  $    43.46  
 7167 $  2085   $      757320  $     5256707     $       41127  $      256120  $      105332  $        2203  $       0      $       0      $      97      $           0  $              $0.144067      $41127.000000      $8.195840 $3.370624 $0.070496 $     2.43  $    47.81  
 7167 $  3057   $  1322936527  $  9054169213     $    64805947  $   446658085  $   175097398  $    13095440  $      41      $       0      $      97      $           0  $              $0.146114      $64805948.000000      $29.409586 $11.529046 $0.862251 $     2.55  $    13.37  
 7193 $   972   $  1683099497  $  5040118356     $    28070706  $   153234068  $   189053976  $    16970906  $       0      $       0      $      97      $           0  $              $0.333940      $28070706.000000      $10.089486 $12.447999 $1.117426 $     0.81  $    11.14  
 7167 $  3141   $   114935984  $   792696865     $     5880731  $    38796518  $    15089251  $      187922  $       2      $       0      $      97      $           0  $              $0.144994      $5880731.000000      $29.559254 $11.496572 $0.143179 $     2.57  $    80.30  
 7167 $  3142   $      686492  $     4826712     $       35906  $      232036  $       91228  $        1139  $       0      $       0      $      97      $           0  $              $0.142228      $35906.000000      $14.850304 $5.838592 $0.072896 $     2.54  $    80.09  
 7167 $  4119   $  1321567328  $  9114990293     $    63934027  $   446158376  $   172744991  $    11697500  $      41      $       0      $      97      $           0  $              $0.144988      $63934028.000000      $29.226341 $11.315947 $0.766264 $     2.58  $    14.77  
 7198 $   977   $  1682516542  $  5036574832     $    27998198  $   153250068  $   189078754  $    17034690  $       0      $       0      $      97      $           0  $              $0.334060      $27998198.000000      $10.038898 $12.385916 $1.115885 $     0.81  $    11.10  
 7167 $  4203   $   114010693  $   787294295     $     5789709  $    38481812  $    14794484  $      134441  $       2      $       0      $      97      $           0  $              $0.144813      $5789709.000000      $29.319475 $11.271988 $0.102431 $     2.60  $   110.04  
 7167 $  4204   $      687143  $     4756670     $       34417  $      232273  $       88599  $        1376  $       0      $       0      $      97      $           0  $              $0.144459      $34417.000000      $14.865472 $5.670336 $0.088064 $     2.62  $    64.39  
 7167 $  5173   $  1312761807  $  9033345624     $    63730494  $   443070691  $   169962835  $    10620568  $      41      $       0      $      97      $           0  $              $0.145324      $63730496.000000      $29.263699 $11.225616 $0.701462 $     2.61  $    16.00  
 7203 $   969   $  1683371095  $  5036697500     $    28016793  $   153262163  $   189050498  $    17030416  $       0      $       0      $      97      $           0  $              $0.334221      $28016792.000000      $10.122579 $12.486307 $1.124816 $     0.81  $    11.10  
 7167 $  5257   $   119059430  $   797393965     $     6179481  $    40162220  $    15480618  $       61816  $       2      $       0      $      97      $           0  $              $0.149311      $6179481.000000      $30.599787 $11.794757 $0.047098 $     2.59  $   250.43  
 7167 $  5258   $      725973  $     5113032     $       37439  $      245296  $       94833  $         599  $       0      $       0      $      97      $           0  $              $0.141985      $37439.000000      $15.698944 $6.069312 $0.038336 $     2.59  $   158.32  
 7167 $  6231   $  1345863029  $  9068486920     $    66746533  $   454058891  $   173575390  $     8767545  $      42      $       0      $      97      $           0  $              $0.148411      $66746532.000000      $29.866154 $11.417087 $0.576694 $     2.62  $    19.80  
 7208 $   973   $  1682577884  $  5035212687     $    28034187  $   153157776  $   189040158  $    16990629  $       0      $       0      $      97      $           0  $              $0.334162      $28034188.000000      $10.074099 $12.434297 $1.117575 $     0.81  $    11.13  
 7167 $  6315   $   119620150  $   795432750     $     6192558  $    40355528  $    15380995  $       26861  $       2      $       0      $      97      $           0  $              $0.150384      $6192558.000000      $30.747068 $11.718853 $0.020466 $     2.62  $   572.61  
 7167 $  6316   $      735016  $     5193839     $       35663  $      248500  $       90239  $         227  $       0      $       0      $      97      $           0  $              $0.141517      $35663.000000      $15.904000 $5.775296 $0.014528 $     2.75  $   397.53  
 7167 $  7301   $  1403850057  $  9075947473     $    70180667  $   473466451  $   180258226  $     7896873  $      42      $       0      $      97      $           0  $              $0.154678      $70180664.000000      $30.763304 $11.712210 $0.513096 $     2.63  $    22.83  
 7213 $   985   $  1682126190  $  5043346125     $    28043508  $   153256495  $   189055332  $    17002039  $       0      $       0      $      97      $           0  $              $0.333534      $28043508.000000      $9.957783 $12.283798 $1.104701 $     0.81  $    11.12  
 7167 $  7376   $   109125750  $   684106675     $     5743393  $    36782046  $    14054100  $        7740  $       2      $       0      $      97      $           0  $              $0.159516      $5743393.000000      $31.387348 $11.992832 $0.006605 $     2.62  $  1815.78  
 7167 $  7377   $      804078  $     5070298     $       40674  $      271860  $       99618  $          50  $       0      $       0      $      97      $           0  $              $0.158586      $40674.000000      $17.399040 $6.375552 $0.003200 $     2.73  $  1992.36  
 7167 $  8351   $  1600923238  $  9090929692     $    88478728  $   539017938  $   208432084  $     2919353  $      42      $       0      $      97      $           0  $              $0.176101      $88478728.000000      $35.418015 $13.695743 $0.191826 $     2.59  $    71.40  
 7218 $   974   $  1682624468  $  5039695739     $    28183503  $   153266354  $   189078687  $    16979301  $       0      $       0      $      97      $           0  $              $0.333874      $28183504.000000      $10.070889 $12.424062 $1.115683 $     0.81  $    11.14  
 7167 $  8435   $   183439551  $   806488208     $     9175418  $    54039329  $    21078076  $        6490  $       2      $       0      $      97      $           0  $              $0.227455      $9175418.000000      $41.172821 $16.059486 $0.004945 $     2.56  $  3247.78  
 7167 $  8437   $     2063430  $     5033515     $           0  $           8  $          24  $           0  $       0      $       0      $      97      $           0  $              $0.409938      $0.000000      $0.000256 $0.000768 $0.000000 $     0.33  $      inf  
 7223 $    10   $     1197736  $     7958406     $        3340  $          46  $          24  $           1  $       0      $       0      $      33      $           0  $              $0.150499      $3340.000000      $0.000294 $0.000154 $0.000006 $     1.92  $    24.00  
 7167 $  8447   $    22981964  $    56103781     $        8026  $        1061  $        2360  $         230  $       0      $       0      $      97      $           0  $              $0.409633      $8026.000000      $0.006790 $0.015104 $0.001472 $     0.45  $    10.26  
