PID   $time     $Instr Ret     $Unh Clk Cycles   $l2 trans reqs $l1lines       $l2lines       $Per Core bw   $Power         $Power2        $Power3        $bandwidth     $              $IPC           $MEM INTENSIITY$L2->L1 BW (MB)$L3->L2 BW (MB)$MM->L3 BW (MB)$L2 REUSE      $L3 REUSE      
10073 $  1003   $  1456901384  $  8721297923     $    61043615  $   415880466  $   170279992  $     8967356  $      46      $       0      $      97      $           0  $              $0.167051      $61043616.000000      $26.536741 $10.865324 $0.572194 $     2.44  $    18.99  
10071 $  1003   $  3116989146  $  8635664205     $    15140129  $   455963745  $    45204832  $     7516149  $       0      $       0      $      97      $           0  $              $0.360944      $15140129.000000      $29.094397 $2.884456 $0.479595 $    10.09  $     6.01  
10073 $  2005   $  1345211187  $  9129423208     $    62950191  $   453983507  $   185169520  $    15138186  $      49      $       0      $      97      $           0  $              $0.147349      $62950192.000000      $28.996952 $11.827195 $0.966910 $     2.45  $    12.23  
10071 $  2005   $  3264775426  $  9136005253     $    13764836  $   509695465  $    50332878  $    12007649  $       0      $       0      $      97      $           0  $              $0.357353      $13764836.000000      $32.555397 $3.214875 $0.766956 $    10.13  $     4.19  
10073 $  3007   $  1324367650  $  9141223141     $    63689348  $   446897972  $   181944657  $    10778945  $      49      $       0      $      97      $           0  $              $0.144879      $63689348.000000      $28.544382 $11.621216 $0.688476 $     2.46  $    16.88  
10071 $  3007   $  3269840134  $  9147289206     $    15175614  $   510480646  $    50283185  $     9931660  $       0      $       0      $      97      $           0  $              $0.357465      $15175614.000000      $32.605549 $3.211700 $0.634358 $    10.15  $     5.06  
10073 $  4010   $  1314831583  $  9130200834     $    63464943  $   443582839  $   182661922  $    12105361  $      49      $       0      $      97      $           0  $              $0.144009      $63464944.000000      $28.304390 $11.655396 $0.772426 $     2.43  $    15.09  
10071 $  4010   $  3264488785  $  9136751658     $    14724398  $   509645012  $    50450616  $    11166791  $       0      $       0      $      97      $           0  $              $0.357292      $14724398.000000      $32.519722 $3.219182 $0.712537 $    10.10  $     4.52  
10073 $  4436   $   561449096  $  3918200548     $    27546574  $   189418537  $    78680406  $     4473745  $      19      $       0      $      97      $           0  $              $0.143293      $27546574.000000      $28.457247 $11.820531 $0.672112 $     2.41  $    17.59  
10071 $  4436   $  1210823127  $  3303578512     $     4258121  $   153162973  $    15052791  $     3347828  $       0      $       0      $      97      $           0  $              $0.366519      $4258121.000000      $23.010401 $2.261452 $0.502960 $    10.18  $     4.50  
10073 $  5075   $   878763859  $  6107938920     $    46332337  $   296389311  $   122967545  $      756522  $      22      $       0      $      97      $           0  $              $0.143872      $46332336.000000      $29.685314 $12.315998 $0.075771 $     2.41  $   162.54  
10073 $  5077   $      600911  $     4727755     $       30452  $      203023  $       83034  $         286  $       0      $       0      $      97      $           0  $              $0.127103      $30452.000000      $6.496736 $2.657088 $0.009152 $     2.45  $   290.33  
10073 $  6079   $  1338543866  $  9158179459     $    67184044  $   451367604  $   185676970  $     6076494  $      48      $       0      $      97      $           0  $              $0.146158      $67184048.000000      $28.829868 $11.859608 $0.388119 $     2.43  $    30.56  
10099 $  1003   $  3137429469  $  8740372323     $    13663069  $   483722298  $    44974936  $     8105760  $       0      $       0      $      97      $           0  $              $0.358958      $13663069.000000      $30.865631 $2.869787 $0.517217 $    10.76  $     5.55  
10073 $  7081   $  1374089653  $  9157201920     $    70118963  $   463189393  $   189684166  $     4751024  $      49      $       0      $      97      $           0  $              $0.150056      $70118960.000000      $29.584951 $12.115555 $0.303459 $     2.44  $    39.92  
10099 $  2005   $  3280225945  $  9163950585     $    15220855  $   512606407  $    47074960  $     7219897  $       0      $       0      $      97      $           0  $              $0.357949      $15220855.000000      $32.741325 $3.006784 $0.461151 $    10.89  $     6.52  
10073 $  8083   $  1474559881  $  9157913309     $    77693438  $   496670296  $   201758537  $     2275124  $      49      $       0      $      97      $           0  $              $0.161015      $77693440.000000      $31.723452 $12.886773 $0.145317 $     2.46  $    88.68  
10099 $  3007   $  3281575565  $  9164589429     $    16521343  $   512825664  $    47128614  $     5870485  $       0      $       0      $      97      $           0  $              $0.358071      $16521343.000000      $32.755333 $3.010211 $0.374961 $    10.88  $     8.03  
10099 $  3589   $  1906060748  $  5321255755     $    11300368  $   297859936  $    27334226  $     1588898  $       0      $       0      $      97      $           0  $              $0.358198      $11300368.000000      $32.754356 $3.005826 $0.174724 $    10.90  $    17.20  
10073 $  8665   $  1013271163  $  5299623739     $    54800462  $   333352346  $   134630942  $      129720  $      28      $       0      $      97      $           0  $              $0.191197      $54800464.000000      $36.657303 $14.804777 $0.014265 $     2.48  $  1037.86  
