PID   $time     $Instr Ret     $Unh Clk Cycles   $l2 trans reqs $l1lines       $l2lines       $Per Core bw   $Power         $Power2        $Power3        $bandwidth     $              $IPC           $MEM INTENSIITY$L2->L1 BW (MB)$L3->L2 BW (MB)$MM->L3 BW (MB)$L2 REUSE      $L3 REUSE      
10331 $  1003   $  1514137392  $  8936919967     $    62093229  $   413296691  $   173970867  $    11125653  $      40      $       0      $      97      $           0  $              $0.169425      $62093228.000000      $26.371874 $11.100833 $0.709912 $     2.38  $    15.64  
10329 $  1003   $  2417913378  $  4908288498     $     2797700  $    43961368  $    35249079  $    11226997  $       0      $       0      $      97      $           0  $              $0.492618      $2797700.000000      $2.805112 $2.249193 $0.716379 $     1.25  $     3.14  
10331 $  1582   $   780693811  $  5318960756     $    40218727  $   263527938  $   111854852  $     9944383  $      26      $       0      $      97      $           0  $              $0.146776      $40218728.000000      $29.129168 $12.363921 $1.099206 $     2.36  $    11.25  
10329 $  1582   $  1434723154  $  4307699878     $    30656754  $   179927038  $   232395106  $    21650610  $       0      $       0      $      97      $           0  $              $0.333060      $30656754.000000      $19.888308 $25.687887 $2.393159 $     0.77  $    10.73  
10331 $  2081   $   692480217  $  4737444749     $    36901860  $   233714018  $    99359026  $     1732603  $      17      $       0      $      97      $           0  $              $0.146172      $36901860.000000      $29.975346 $12.743442 $0.222218 $     2.35  $    57.35  
10331 $  2083   $      792877  $     5208541     $       42536  $      268015  $      111351  $        1968  $       0      $       0      $      97      $           0  $              $0.152226      $42536.000000      $8.576480 $3.563232 $0.062976 $     2.41  $    56.58  
10331 $  3086   $  1334868039  $  9345680790     $    67371668  $   450521372  $   189820464  $    13713855  $      42      $       0      $      97      $           0  $              $0.142833      $67371664.000000      $28.747128 $12.112173 $0.875062 $     2.37  $    13.84  
10357 $  1003   $  1989013452  $  4993863433     $    19468296  $   128165077  $   151132798  $    16026673  $       0      $       0      $      97      $           0  $              $0.398291      $19468296.000000      $8.178031 $9.643568 $1.022639 $     0.85  $     9.43  
10331 $  3438   $   467800614  $  3267178281     $    24623928  $   157852043  $    67461563  $     4634586  $      15      $       0      $      97      $           0  $              $0.143182      $24623928.000000      $28.700373 $12.265738 $0.842652 $     2.34  $    14.56  
10357 $  1355   $   976834758  $  2113866350     $    15021426  $    95689381  $   115078760  $    14558941  $       0      $       0      $      97      $           0  $              $0.462108      $15021426.000000      $17.398069 $20.923410 $2.647080 $     0.83  $     7.90  
10331 $  4179   $   973399852  $  6793430385     $    53142206  $   328447374  $   140481287  $     1036639  $      25      $       0      $      97      $           0  $              $0.143285      $53142208.000000      $28.367924 $12.133336 $0.089534 $     2.34  $   135.52  
10331 $  4181   $      686175  $     5131274     $       36535  $      231915  $       98184  $         732  $       0      $       0      $      97      $           0  $              $0.133724      $36535.000000      $7.421280 $3.141888 $0.023424 $     2.36  $   134.13  
10331 $  5183   $  1323238453  $  9348974387     $    70542709  $   446409706  $   193692099  $    11671321  $      42      $       0      $      97      $           0  $              $0.141538      $70542712.000000      $28.513195 $12.371552 $0.745474 $     2.30  $    16.60  
10362 $  1002   $  1988442139  $  4986104937     $    19442270  $   128014381  $   149533106  $    16020399  $       0      $       0      $      97      $           0  $              $0.398797      $19442270.000000      $8.176567 $9.551017 $1.023259 $     0.86  $     9.33  
10331 $  5517   $   443299014  $  3083390060     $    24159309  $   149479625  $    64733264  $     4125801  $      15      $       0      $      97      $           0  $              $0.143770      $24159308.000000      $28.642803 $12.403978 $0.790573 $     2.31  $    15.69  
10362 $  1336   $   977312494  $  2119853347     $    15041532  $    95847977  $   115369742  $    14565801  $       0      $       0      $      97      $           0  $              $0.461028      $15041532.000000      $18.366079 $22.106777 $2.791052 $     0.83  $     7.92  
10331 $  6257   $  1028895709  $  7032099098     $    57264118  $   346926982  $   148517557  $      213070  $      26      $       0      $      97      $           0  $              $0.146314      $57264120.000000      $30.004496 $12.844761 $0.018428 $     2.34  $   697.04  
10331 $  6259   $      802602  $     5171213     $       44949  $      271227  $      114801  $         100  $       0      $       0      $      97      $           0  $              $0.155206      $44949.000000      $8.679264 $3.673632 $0.003200 $     2.36  $  1148.01  
10331 $  7262   $  1397972366  $  9352531735     $    75922293  $   471177845  $   201747870  $     7810300  $      42      $       0      $      97      $           0  $              $0.149475      $75922296.000000      $30.065187 $12.873244 $0.498364 $     2.34  $    25.83  
10367 $  1003   $  1983839960  $  4959820962     $    19270915  $   126914604  $   149031154  $    15957586  $       0      $       0      $      97      $           0  $              $0.399982      $19270916.000000      $8.098240 $9.509465 $1.018231 $     0.85  $     9.34  
10331 $  7577   $   451893046  $  2898652433     $    25444904  $   152242906  $    65410483  $     2652134  $      14      $       0      $      97      $           0  $              $0.155898      $25444904.000000      $30.931892 $13.289749 $0.538846 $     2.33  $    24.66  
10367 $  1318   $   981879062  $  2143087913     $    15263456  $    96955873  $   116845381  $    14629493  $       0      $       0      $      97      $           0  $              $0.458161      $15263456.000000      $19.698971 $23.740015 $2.972342 $     0.83  $     7.99  
10331 $  8315   $  1204038940  $  7078446985     $    68938256  $   405180256  $   172963270  $       37356  $      25      $       0      $      97      $           0  $              $0.170099      $68938256.000000      $35.137585 $14.999524 $0.003240 $     2.34  $  4630.13  
10331 $  8317   $     1132926  $     5501125     $       66824  $      369465  $      160183  $          13  $       0      $       0      $      97      $           0  $              $0.205944      $66824.000000      $11.822880 $5.125856 $0.000416 $     2.31  $ 12321.77  
10373 $   304   $   580762593  $  1475211923     $       81420  $      624842  $      620335  $      525786  $       0      $       0      $      97      $           0  $              $0.393681      $81420.000000      $0.131546 $0.130597 $0.110692 $     1.01  $     1.18  
10331 $  8621   $   616453057  $  2797061136     $    29608302  $   167861473  $    70886969  $      131922  $      12      $       0      $      97      $           0  $              $0.220393      $29608302.000000      $35.339256 $14.923573 $0.027773 $     2.37  $   537.34  
