PID   $time     $Instr Ret     $Unh Clk Cycles   $l2 trans reqs $l1lines       $l2lines       $Per Core bw   $Power         $Power2        $Power3        $bandwidth     $              $IPC           $MEM INTENSIITY$L2->L1 BW (MB)$L3->L2 BW (MB)$MM->L3 BW (MB)$L2 REUSE      $L3 REUSE      
11053 $   653   $  1716418091  $  5474392330     $     5731116  $   244739779  $    24039322  $     7501263  $      27      $       0      $      97      $           0  $              $0.313536      $5731116.000000      $23.986748 $2.356074 $0.735193 $    10.18  $     3.20  
11051 $   653   $  2388444415  $  4816443077     $     1601338  $    60825320  $    40576245  $    39406522  $       0      $       0      $      97      $           0  $              $0.495894      $1601338.000000      $5.961440 $3.976845 $3.862201 $     1.50  $     1.03  
11053 $  1087   $  1472140765  $  4116857789     $     9550615  $   229952590  $    22036568  $      315826  $      15      $       0      $      97      $           0  $              $0.357588      $9550615.000000      $33.910061 $3.249632 $0.046573 $    10.44  $    69.77  
11053 $  1089   $     1896698  $     5338145     $       12090  $      296335  $       27977  $         395  $       0      $       0      $      97      $           0  $              $0.355310      $12090.000000      $9.482720 $0.895264 $0.012640 $    10.59  $    70.83  
11053 $  1488   $  1000736590  $  3652063271     $     3455618  $   156321817  $    15043047  $     4930991  $      17      $       0      $      97      $           0  $              $0.274020      $3455618.000000      $25.074177 $2.412920 $0.790936 $    10.39  $     3.05  
11079 $   399   $  1457748162  $  2669231209     $     1617584  $    60813545  $    40514734  $    39421428  $       0      $       0      $      97      $           0  $              $0.546130      $1617584.000000      $9.754554 $6.498604 $6.323236 $     1.50  $     1.03  
11053 $  2167   $  2384776719  $  6667485167     $    15451546  $   372509723  $    35489786  $      466297  $      23      $       0      $      97      $           0  $              $0.357673      $15451546.000000      $35.111374 $3.345134 $0.043951 $    10.50  $    76.11  
11053 $  2169   $     1773977  $     4983534     $       11406  $      277154  $       26057  $          56  $       0      $       0      $      97      $           0  $              $0.355968      $11406.000000      $8.868928 $0.833824 $0.001792 $    10.64  $   465.30  
11053 $  2608   $  1116883644  $  4047812355     $     4036137  $   174450232  $    16748351  $     6187807  $      18      $       0      $      97      $           0  $              $0.275923      $4036137.000000      $25.432381 $2.441673 $0.902095 $    10.42  $     2.71  
11084 $   438   $  1458294662  $  2717368373     $     1602330  $    60812045  $    40584475  $    39469217  $       0      $       0      $      97      $           0  $              $0.536657      $1602330.000000      $8.885778 $5.930152 $5.767191 $     1.50  $     1.03  
11053 $  3251   $  2199077901  $  6144010776     $    14088192  $   343486526  $    32223530  $      396270  $      22      $       0      $      97      $           0  $              $0.357922      $14088192.000000      $34.188396 $3.207319 $0.039442 $    10.66  $    81.32  
11053 $  3253   $     1856700  $     5212986     $       11923  $      290023  $       26858  $         367  $       0      $       0      $      97      $           0  $              $0.356168      $11923.000000      $9.280736 $0.859456 $0.011744 $    10.80  $    73.18  
11053 $  3648   $   977420383  $  3627844987     $     3088016  $   152664294  $    14555576  $     5721195  $      17      $       0      $      97      $           0  $              $0.269422      $3088016.000000      $24.735479 $2.358372 $0.926978 $    10.49  $     2.54  
11089 $   395   $  1459138039  $  2701907518     $     1594685  $    60801862  $    40576864  $    39452013  $       0      $       0      $      97      $           0  $              $0.540040      $1594685.000000      $9.851441 $6.574479 $6.392225 $     1.50  $     1.03  
11053 $  4323   $  2348148184  $  6458868758     $    13240212  $   323050668  $    30590261  $      533970  $      22      $       0      $      97      $           0  $              $0.363554      $13240212.000000      $30.629988 $2.900410 $0.050628 $    10.56  $    57.29  
11053 $  4325   $     1747400  $     4922418     $       11061  $      272870  $       25411  $         313  $       0      $       0      $      97      $           0  $              $0.354988      $11061.000000      $8.731840 $0.813152 $0.010016 $    10.74  $    81.19  
11053 $  4703   $  1061811354  $  3465787095     $     2262810  $   114937664  $    10916928  $     4375959  $      16      $       0      $      97      $           0  $              $0.306369      $2262810.000000      $19.460344 $1.848369 $0.740903 $    10.53  $     2.49  
11094 $   378   $  1458087818  $  2642012411     $     1573158  $    60813214  $    40482309  $    39427690  $       0      $       0      $      97      $           0  $              $0.551885      $1573158.000000      $10.296417 $6.854147 $6.675587 $     1.50  $     1.03  
11053 $  4794   $   323493248  $   837056947     $      867607  $    21565683  $     2014544  $       61992  $       3      $       0      $      97      $           0  $              $0.386465      $867607.000000      $15.167074 $1.416822 $0.043599 $    10.70  $    32.50  
