PID   $time     $Instr Ret     $Unh Clk Cycles   $l2 trans reqs $l1lines       $l2lines       $Per Core bw   $Power         $Power2        $Power3        $bandwidth     $              $IPC           $MEM INTENSIITY$L2->L1 BW (MB)$L3->L2 BW (MB)$MM->L3 BW (MB)$L2 REUSE      $L3 REUSE      
10476 $  1003   $  1481735594  $  3762527614     $      195763  $      596518  $      610753  $      529167  $      34      $       0      $      97      $           0  $              $0.393814      $195763.000000      $0.038063 $0.038971 $0.033765 $     0.98  $     1.15  
10474 $  1003   $  4005094155  $  9113583809     $     1036432  $    41486315  $    27353934  $    26638447  $       0      $       0      $      97      $           0  $              $0.439464      $1036432.000000      $2.647183 $1.745416 $1.699761 $     1.52  $     1.03  
10476 $  1713   $   353550027  $  1019399036     $       25821  $       16226  $        8159  $        1966  $      22      $       0      $      97      $           0  $              $0.346822      $25821.000000      $0.001463 $0.000735 $0.000177 $     1.99  $     4.15  
10474 $  1713   $  2542106613  $  5863965212     $      571376  $    19161671  $    12933369  $    12697779  $       0      $       0      $      97      $           0  $              $0.433513      $571376.000000      $1.727249 $1.165825 $1.144588 $     1.48  $     1.02  
10476 $  2070   $   187711159  $   540552169     $        2091  $        8197  $        3180  $         382  $       7      $       0      $      97      $           0  $              $0.347258      $2091.000000      $0.001469 $0.000570 $0.000068 $     2.58  $     8.32  
10476 $  2072   $      394189  $     1143202     $           3  $          17  $          10  $           0  $       0      $       0      $      97      $           0  $              $0.344811      $3.000000      $0.000544 $0.000320 $0.000000 $     1.70  $      inf  
10476 $  2488   $   170575779  $   494714207     $        2482  $        8712  $        6170  $        3769  $      13      $       0      $      97      $           0  $              $0.344797      $2482.000000      $0.001340 $0.000949 $0.000580 $     1.41  $     1.64  
10502 $   416   $  1457527174  $  2637830486     $     1611662  $    60807708  $    40390030  $    39475131  $       0      $       0      $      97      $           0  $              $0.552548      $1611662.000000      $9.355032 $6.213851 $6.073097 $     1.51  $     1.02  
10476 $  3171   $  2614606256  $  2367078318     $      622730  $    83287306  $    72129375  $    40965784  $      18      $       0      $      97      $           0  $              $1.104571      $622730.000000      $7.804374 $6.758829 $3.838668 $     1.15  $     1.76  
10476 $  3172   $      584534  $     4789798     $       24825  $      156234  $      224015  $       15305  $       0      $       0      $      97      $           0  $              $0.122037      $24825.000000      $9.998976 $14.336960 $0.979520 $     0.70  $    14.64  
10476 $  3614   $   257430416  $  4077938715     $     8485808  $    68804988  $    97882254  $    17649724  $      18      $       0      $      97      $           0  $              $0.063128      $8485808.000000      $9.962714 $14.172997 $2.555616 $     0.70  $     5.55  
10507 $   442   $  1461110846  $  2892134569     $     1582887  $    60821959  $    40445366  $    39613970  $       0      $       0      $      97      $           0  $              $0.505202      $1582887.000000      $8.806800 $5.856343 $5.735959 $     1.50  $     1.02  
10476 $  4268   $   772489067  $  6426992454     $    29845478  $   206442681  $   295976769  $    27148101  $      21      $       0      $      97      $           0  $              $0.120194      $29845478.000000      $20.202343 $28.964087 $2.656695 $     0.70  $    10.90  
10476 $  4270   $      562792  $     4807754     $       22370  $      150452  $      215719  $       18991  $       0      $       0      $      97      $           0  $              $0.117059      $22370.000000      $4.814464 $6.903008 $0.607712 $     0.70  $    11.36  
10476 $  4697   $   226369801  $  3916715850     $     6877269  $    60507101  $    85883199  $    18057247  $      17      $       0      $      97      $           0  $              $0.057796      $6877269.000000      $9.068980 $12.872423 $2.706473 $     0.70  $     4.76  
10513 $   427   $  1462274375  $  2951768496     $     1533561  $    60822640  $    40423283  $    39640398  $       0      $       0      $      97      $           0  $              $0.495389      $1533561.000000      $9.116274 $6.058759 $5.941418 $     1.50  $     1.02  
10476 $  5344   $   766674167  $  6337466058     $    29911650  $   204887940  $   293775022  $    25694551  $      21      $       0      $      97      $           0  $              $0.120975      $29911650.000000      $20.267122 $29.059660 $2.541656 $     0.70  $    11.43  
10476 $  5346   $      613775  $     5039201     $       20921  $      164077  $      235250  $       28203  $       0      $       0      $      97      $           0  $              $0.121800      $20921.000000      $5.250464 $7.528000 $0.902496 $     0.70  $     8.34  
10476 $  5800   $   264545275  $  4183390865     $     8540507  $    70708393  $   100533784  $    18649931  $      18      $       0      $      97      $           0  $              $0.063237      $8540507.000000      $9.967703 $14.172163 $2.629065 $     0.70  $     5.39  
10518 $   454   $  1462283491  $  2924873597     $     1547383  $    60816289  $    40553651  $    39613573  $       0      $       0      $      97      $           0  $              $0.499948      $1547383.000000      $8.573221 $5.716815 $5.584292 $     1.50  $     1.02  
10476 $  6276   $   831712830  $  3612971651     $    11876859  $    76112091  $   109162243  $     7466912  $      13      $       0      $      97      $           0  $              $0.230202      $11876859.000000      $10.233558 $14.677276 $1.003955 $     0.70  $    14.62  
