PID   $time     $Instr Ret     $Unh Clk Cycles   $l2 trans reqs $l1lines       $l2lines       $Per Core bw   $Power         $Power2        $Power3        $bandwidth     $              $IPC           $MEM INTENSIITY$L2->L1 BW (MB)$L3->L2 BW (MB)$MM->L3 BW (MB)$L2 REUSE      $L3 REUSE      
13714 $   702   $  1353496359  $  3396995903     $      177628  $      598954  $      618480  $      529098  $      27      $       0      $      97      $           0  $              $0.398439      $177628.000000      $0.054605 $0.056386 $0.048237 $     0.97  $     1.17  
13712 $   702   $ 10011168462  $  5837414866     $     1550372  $   195186643  $   187133308  $    13200703  $       0      $       0      $      97      $           0  $              $1.715000      $1550372.000000      $17.794794 $17.060587 $1.203483 $     1.04  $    14.18  
13714 $  1046   $   182104245  $   524595720     $      169321  $        9440  $        3461  $         310  $       7      $       0      $      97      $           0  $              $0.347133      $169321.000000      $0.001756 $0.000644 $0.000058 $     2.73  $    11.16  
13714 $  1049   $      254845  $      738194     $           0  $          19  $          21  $           0  $       0      $       0      $      97      $           0  $              $0.345228      $0.000000      $0.000405 $0.000448 $0.000000 $     0.90  $      inf  
13714 $  1682   $   322553197  $   932016773     $       21850  $       16832  $        7828  $        2383  $      24      $       0      $      97      $           0  $              $0.346081      $21850.000000      $0.001702 $0.000791 $0.000241 $     2.15  $     3.28  
13740 $   633   $  9578198389  $  4870922249     $     1537204  $   196395376  $   187218026  $    12890452  $       0      $       0      $      97      $           0  $              $1.966403      $1537204.000000      $19.856720 $18.928837 $1.303300 $     1.05  $    14.52  
13714 $  2126   $   251031862  $   723257379     $        3529  $       12917  $        5726  $         527  $       8      $       0      $      97      $           0  $              $0.347085      $3529.000000      $0.001862 $0.000825 $0.000076 $     2.26  $    10.87  
13714 $  2128   $      255424  $      744693     $           2  $          18  $          20  $           0  $       0      $       0      $      97      $           0  $              $0.342992      $2.000000      $0.000576 $0.000640 $0.000000 $     0.90  $      inf  
13714 $  2737   $   313367730  $   904618210     $      283475  $       16577  $        9021  $        3935  $      23      $       0      $      97      $           0  $              $0.346409      $283475.000000      $0.001742 $0.000948 $0.000414 $     1.84  $     2.29  
13745 $   609   $  9577889203  $  4886573083     $     1441868  $   196171258  $   186886884  $    17386557  $       0      $       0      $      97      $           0  $              $1.960042      $1441868.000000      $20.615700 $19.640001 $1.827159 $     1.05  $    10.75  
13714 $  3182   $  2715792961  $  3594964135     $     8153781  $   134608255  $   143174783  $    47299815  $      14      $       0      $      97      $           0  $              $0.755444      $8153781.000000      $19.359390 $20.591429 $6.802670 $     0.94  $     3.03  
13714 $  3184   $      677926  $     5688999     $       24539  $      181208  $      259906  $       28097  $       0      $       0      $      97      $           0  $              $0.119164      $24539.000000      $5.798656 $8.316992 $0.899104 $     0.70  $     9.25  
13714 $  3873   $   643075496  $  6320737826     $    21818414  $   171854091  $   245924143  $    40842454  $      33      $       0      $      97      $           0  $              $0.101741      $21818414.000000      $15.963225 $22.843462 $3.793784 $     0.70  $     6.02  
13750 $   689   $  9580261398  $  5130700170     $     1441079  $   195959338  $   187023554  $    42825314  $       0      $       0      $      97      $           0  $              $1.867242      $1441079.000000      $18.202320 $17.372290 $3.977968 $     1.05  $     4.37  
13714 $  4287   $   475444936  $  3936352043     $    18767484  $   127050911  $   182168660  $    15654479  $      13      $       0      $      97      $           0  $              $0.120783      $18767484.000000      $19.640720 $28.161339 $2.420016 $     0.70  $    11.64  
13714 $  4289   $      716686  $     5855796     $       23707  $      191567  $      274522  $       34006  $       0      $       0      $      97      $           0  $              $0.122389      $23707.000000      $6.130144 $8.784704 $1.088192 $     0.70  $     8.07  
13714 $  4944   $   615800013  $  5987968508     $    21210009  $   164567509  $   235598431  $    37851490  $      32      $       0      $      97      $           0  $              $0.102840      $21210008.000000      $16.079878 $23.020306 $3.698466 $     0.70  $     6.22  
13755 $   655   $  9579786023  $  5184548282     $     1213708  $   194429476  $   186868192  $    42917884  $       0      $       0      $      97      $           0  $              $1.847757      $1213708.000000      $18.997688 $18.258877 $4.193503 $     1.04  $     4.35  
13714 $  5353   $   465358572  $  3851520120     $    17991236  $   124362448  $   178305378  $    16131758  $      13      $       0      $      97      $           0  $              $0.120825      $17991236.000000      $19.460138 $27.901085 $2.524285 $     0.70  $    11.05  
13714 $  5355   $      694722  $     5485013     $       33162  $      185690  $      266273  $        6890  $       0      $       0      $      97      $           0  $              $0.126658      $33162.000000      $5.942080 $8.520736 $0.220480 $     0.70  $    38.65  
13760 $   349   $  5629753804  $  3015964406     $      810730  $   113925550  $   109525407  $    15634915  $       0      $       0      $      97      $           0  $              $1.866651      $810730.000000      $20.891792 $20.084888 $2.867148 $     1.04  $     7.01  
13714 $  5704   $   295624682  $  2215946941     $     5466977  $    48328853  $    69043461  $    14507840  $      16      $       0      $      97      $           0  $              $0.133408      $5466977.000000      $8.862597 $12.661265 $2.660464 $     0.70  $     4.76  
