PID   $time     $Instr Ret     $Unh Clk Cycles   $l2 trans reqs $l1lines       $l2lines       $Per Core bw   $Power         $Power2        $Power3        $bandwidth     $              $IPC           $MEM INTENSIITY$L2->L1 BW (MB)$L3->L2 BW (MB)$MM->L3 BW (MB)$L2 REUSE      $L3 REUSE      
63856 $    64   $    26846505  $    80997774     $         103  $        7337  $        1103  $         127  $       0      $       0      $      97      $           0  $              $0.331447      $103.000000      $0.007337 $0.001103 $0.000127 $     6.65  $     8.69  
63858 $    65   $        2107  $       31165     $         136  $         189  $         507  $          15  $       1      $       0      $      97      $           0  $              $0.067608      $136.000000      $0.000186 $0.000499 $0.000015 $     0.37  $    33.80  
63856 $  1066   $  3877175397  $  8306743576     $     3367122  $    43451539  $    39505386  $    32964085  $       0      $       0      $      97      $           0  $              $0.466750      $3367122.000000      $2.775348 $2.523298 $2.105490 $     1.10  $     1.20  
63856 $  1069   $      508834  $     1420028     $         776  $       15987  $       15928  $       15540  $       0      $       0      $      97      $           0  $              $0.358327      $776.000000      $0.341056 $0.339797 $0.331520 $     1.00  $     1.02  
63856 $  1138   $   276084362  $   561773497     $      276164  $     3391513  $     3033550  $     2452586  $       1      $       0      $      97      $           0  $              $0.491451      $276164.000000      $3.145751 $2.813728 $2.274862 $     1.12  $     1.24  
63870 $    69   $        2107  $       69812     $         297  $         221  $         510  $          49  $       0      $       0      $      97      $           0  $              $0.030181      $297.000000      $0.000205 $0.000473 $0.000045 $     0.43  $    10.41  
63856 $  2138   $  4531983772  $  9821555185     $     3811131  $    49315545  $    44968029  $    37725032  $      31      $       0      $      97      $           0  $              $0.461432      $3811131.000000      $3.156195 $2.877954 $2.414402 $     1.10  $     1.19  
63856 $  2140   $     2289250  $     5794341     $        1065  $       18357  $       18290  $       17826  $       0      $       0      $      97      $           0  $              $0.395084      $1065.000000      $0.587424 $0.585280 $0.570432 $     1.00  $     1.03  
63856 $  2200   $   272819708  $   552994730     $      275087  $     3361053  $     3002455  $     2422753  $       1      $       0      $      97      $           0  $              $0.493350      $275087.000000      $3.585123 $3.202619 $2.584270 $     1.12  $     1.24  
63875 $    60   $        2107  $       68744     $         276  $         197  $         492  $          32  $       0      $       0      $      97      $           0  $              $0.030650      $276.000000      $0.000210 $0.000525 $0.000034 $     0.40  $    15.38  
63856 $  3201   $  4377348843  $  9416199249     $     3701110  $    48167354  $    43820871  $    36630156  $      31      $       0      $      97      $           0  $              $0.464874      $3701110.000000      $3.079631 $2.801734 $2.341988 $     1.10  $     1.20  
63856 $  3203   $     2567288  $     6491015     $        1461  $       20350  $       20276  $       19708  $       0      $       0      $      97      $           0  $              $0.395514      $1461.000000      $0.651200 $0.648832 $0.630656 $     1.00  $     1.03  
63856 $  3270   $   300853331  $   623901721     $      284140  $     3561809  $     3202981  $     2614962  $       2      $       0      $      97      $           0  $              $0.482213      $284140.000000      $3.402325 $3.059564 $2.497874 $     1.11  $     1.22  
63877 $    68   $        2107  $       72576     $         249  $         169  $         455  $           1  $       0      $       0      $      97      $           0  $              $0.029032      $249.000000      $0.000159 $0.000428 $0.000001 $     0.37  $   455.00  
63856 $  4271   $  4384119020  $  9432368334     $     3705032  $    48247972  $    43918212  $    36679410  $      32      $       0      $      97      $           0  $              $0.464795      $3705032.000000      $3.084785 $2.807958 $2.345137 $     1.10  $     1.20  
63856 $  4273   $     2265793  $     5728527     $        1320  $       18154  $       18078  $       17537  $       0      $       0      $      97      $           0  $              $0.395528      $1320.000000      $0.580928 $0.578496 $0.561184 $     1.00  $     1.03  
63856 $  4389   $   535312437  $  1080771053     $      546098  $     6652598  $     5936403  $     4770973  $       3      $       0      $      97      $           0  $              $0.495306      $546098.000000      $3.670399 $3.275257 $2.632261 $     1.12  $     1.24  
63879 $   116   $        2107  $       74293     $         265  $         191  $         476  $          23  $       0      $       0      $      65      $           0  $              $0.028361      $265.000000      $0.000105 $0.000263 $0.000013 $     0.40  $    20.70  
63856 $  5389   $  4298659550  $  9203236588     $     3642805  $    47604336  $    43263410  $    36150175  $      30      $       0      $      97      $           0  $              $0.467081      $3642805.000000      $3.046678 $2.768858 $2.313611 $     1.10  $     1.20  
63856 $  5390   $     2363412  $     5978392     $         948  $       18899  $       18818  $       18559  $       0      $       0      $      97      $           0  $              $0.395326      $948.000000      $1.209536 $1.204352 $1.187776 $     1.00  $     1.01  
63856 $  5442   $   194114847  $   486862309     $       72550  $     1382571  $     1376174  $     1335253  $       1      $       0      $      97      $           0  $              $0.398706      $72550.000000      $1.701626 $1.693753 $1.643388 $     1.00  $     1.03  
63881 $    53   $        2107  $       73669     $         265  $         192  $         486  $          15  $       0      $       0      $      65      $           0  $              $0.028601      $265.000000      $0.000232 $0.000587 $0.000018 $     0.40  $    32.40  
63856 $  6443   $  4404244819  $  9478577247     $     3715282  $    48377608  $    44031805  $    36808496  $      30      $       0      $      97      $           0  $              $0.464653      $3715282.000000      $3.093074 $2.815220 $2.353390 $     1.10  $     1.20  
63856 $  6445   $     5243087  $     4527606     $           8  $       13579  $       26240  $           2  $       0      $       0      $      97      $           0  $              $1.158026      $8.000000      $0.434528 $0.839680 $0.000064 $     0.52  $ 13120.00  
63856 $  6520   $   320682357  $   703203893     $      294938  $     3785058  $     3382805  $     2878277  $       2      $       0      $      97      $           0  $              $0.456030      $294938.000000      $3.229916 $2.886660 $2.456130 $     1.12  $     1.18  
63883 $    75   $        2107  $       97951     $         376  $         213  $         496  $          52  $       0      $       0      $      65      $           0  $              $0.021511      $376.000000      $0.000182 $0.000423 $0.000044 $     0.43  $     9.54  
63856 $  7518   $  4442525476  $  9443018334     $     3896358  $    50019289  $    45327953  $    37572780  $      31      $       0      $      97      $           0  $              $0.470456      $3896358.000000      $3.207650 $2.906802 $2.409477 $     1.10  $     1.21  
63856 $  7519   $     1622522  $     3957575     $           6  $           6  $          18  $           0  $       0      $       0      $      97      $           0  $              $0.409979      $6.000000      $0.000384 $0.001152 $0.000000 $     0.33  $      inf  
63885 $     3   $        4214  $      106722     $         393  $         368  $         968  $         114  $       0      $       0      $      97      $           0  $              $0.039486      $393.000000      $0.007851 $0.020651 $0.002432 $     0.38  $     8.49  
63856 $  7523   $     2161821  $     5311141     $         341  $         610  $        1210  $         144  $       0      $       0      $      97      $           0  $              $0.407035      $341.000000      $0.009760 $0.019360 $0.002304 $     0.50  $     8.40  
