PID   $time     $Instr Ret     $Unh Clk Cycles   $l2 trans reqs $l1lines       $l2lines       $Per Core bw   $Power         $Power2        $Power3        $bandwidth     $              $IPC           $MEM INTENSIITY$L2->L1 BW (MB)$L3->L2 BW (MB)$MM->L3 BW (MB)$L2 REUSE      $L3 REUSE      
55914 $  1003   $  3442731431  $  9130216575     $    12102109  $   378275215  $   374589527  $      805760  $      36      $       0      $      97      $           0  $              $0.377070      $12102109.000000      $24.137201 $23.902023 $0.051414 $     1.01  $   464.89  
55912 $  1003   $  4893444760  $  2294723352     $      717217  $      619372  $      651801  $        4819  $       0      $       0      $      97      $           0  $              $2.132477      $717217.000000      $0.039521 $0.041590 $0.000307 $     0.95  $   135.26  
55914 $  2005   $  3443685080  $  9200234459     $    12448207  $   388346962  $   384607104  $      117519  $      37      $       0      $      97      $           0  $              $0.374304      $12448207.000000      $24.804598 $24.565723 $0.007506 $     1.01  $  3272.72  
55912 $  2005   $  4853963692  $  2269940225     $      724958  $      614127  $      644244  $        2521  $       0      $       0      $      97      $           0  $              $2.138366      $724958.000000      $0.039226 $0.041149 $0.000161 $     0.95  $   255.55  
55914 $  3008   $  3409692817  $  9200745168     $    12113881  $   390308546  $   385392489  $      282657  $      37      $       0      $      97      $           0  $              $0.370589      $12113881.000000      $24.905031 $24.591345 $0.018036 $     1.01  $  1363.46  
55912 $  3008   $  4841488344  $  2269896444     $      728025  $      612206  $      641211  $        3127  $       0      $       0      $      97      $           0  $              $2.132912      $728025.000000      $0.039064 $0.040915 $0.000200 $     0.95  $   205.06  
55914 $  4011   $  3236356392  $  9204464768     $    10628265  $   408038029  $   397293529  $      210421  $      36      $       0      $      97      $           0  $              $0.351607      $10628265.000000      $26.036324 $25.350735 $0.013427 $     1.03  $  1888.09  
55912 $  4011   $  4831772490  $  2270056779     $      719204  $      611014  $      643088  $        3240  $       0      $       0      $      97      $           0  $              $2.128481      $719204.000000      $0.038988 $0.041035 $0.000207 $     0.95  $   198.48  
55914 $  5014   $  3304419168  $  9396070443     $    10840236  $   416544133  $   405676313  $      151420  $      36      $       0      $      97      $           0  $              $0.351681      $10840236.000000      $26.579086 $25.885628 $0.009662 $     1.03  $  2679.15  
55912 $  5014   $  4930424654  $  2316580202     $      714240  $      623974  $      659295  $        3548  $       0      $       0      $      97      $           0  $              $2.128320      $714240.000000      $0.039815 $0.042069 $0.000226 $     0.95  $   185.82  
55914 $  6017   $  3360946631  $  9203254621     $    11455401  $   394385754  $   387326162  $      785211  $      37      $       0      $      97      $           0  $              $0.365191      $11455401.000000      $25.165194 $24.714731 $0.050103 $     1.02  $   493.28  
55912 $  6017   $  4846806702  $  2268864240     $      715081  $      613748  $      650207  $        6251  $       0      $       0      $      97      $           0  $              $2.136226      $715081.000000      $0.039162 $0.041489 $0.000399 $     0.94  $   104.02  
55914 $  7020   $  3445854689  $  9205349520     $    12427618  $   388543237  $   384853298  $      171390  $      37      $       0      $      97      $           0  $              $0.374332      $12427618.000000      $24.792389 $24.556942 $0.010936 $     1.01  $  2245.48  
55912 $  7020   $  4843684682  $  2270286763     $      732260  $      612603  $      644324  $        2402  $       0      $       0      $      97      $           0  $              $2.133512      $732260.000000      $0.039089 $0.041113 $0.000153 $     0.95  $   268.24  
55914 $  8022   $  3445323809  $  9203879739     $    12437284  $   388433922  $   384792313  $      156785  $      37      $       0      $      97      $           0  $              $0.374334      $12437284.000000      $24.810150 $24.577553 $0.010014 $     1.01  $  2454.27  
55912 $  8022   $  4844088000  $  2270162976     $      727874  $      615444  $      649696  $        2550  $       0      $       0      $      97      $           0  $              $2.133806      $727874.000000      $0.039310 $0.041498 $0.000163 $     0.95  $   254.78  
55914 $  9025   $  3366422836  $  9401258570     $    11327940  $   409876340  $   400889533  $      377853  $      36      $       0      $      97      $           0  $              $0.358082      $11327940.000000      $26.153625 $25.580191 $0.024110 $     1.02  $  1060.97  
55912 $  9025   $  4939789218  $  2318351902     $      720843  $      623142  $      656103  $        3483  $       0      $       0      $      97      $           0  $              $2.130733      $720843.000000      $0.039762 $0.041865 $0.000222 $     0.95  $   188.37  
55914 $ 10028   $  3236510220  $  9204273202     $    10653371  $   407990092  $   397346353  $      147728  $      36      $       0      $      97      $           0  $              $0.351631      $10653371.000000      $26.033266 $25.354105 $0.009426 $     1.03  $  2689.72  
55912 $ 10028   $  4847234092  $  2269883818     $      501489  $      612448  $      645178  $        2244  $       0      $       0      $      97      $           0  $              $2.135455      $501489.000000      $0.039079 $0.041168 $0.000143 $     0.95  $   287.51  
55912 $ 11012   $  4943832007  $  2323498051     $      636179  $      626214  $      659035  $        3062  $       0      $       0      $      97      $           0  $              $2.127754      $636179.000000      $0.040729 $0.042864 $0.000199 $     0.95  $   215.23  
55914 $ 11012   $  3034751200  $  8618984274     $     9893685  $   379192703  $   369312530  $      129665  $      35      $       0      $      97      $           0  $              $0.352101      $9893685.000000      $24.662941 $24.020329 $0.008433 $     1.03  $  2848.21  
55912 $ 11108   $   455785358  $   213469668     $       21463  $       57962  $       61831  $          14  $       0      $       0      $      97      $           0  $              $2.135129      $21463.000000      $0.038641 $0.041221 $0.000009 $     0.94  $  4416.50  
55912 $ 11111   $     3633652  $     1713788     $           4  $         460  $         452  $           0  $       0      $       0      $      97      $           0  $              $2.120246      $4.000000      $0.009813 $0.009643 $0.000000 $     1.02  $      inf  
55912 $ 12114   $  4828743760  $  2264666910     $      694819  $      609971  $      645628  $        6306  $      36      $       0      $      97      $           0  $              $2.132209      $694819.000000      $0.038921 $0.041197 $0.000402 $     0.94  $   102.38  
55929 $  1003   $  3390369612  $  8991779044     $    11895296  $   372343225  $   368798710  $      862280  $       0      $       0      $      97      $           0  $              $0.377052      $11895296.000000      $23.758690 $23.532520 $0.055021 $     1.01  $   427.70  
55929 $  2006   $  3486574407  $  9314595638     $    12581831  $   393024776  $   389404699  $      165600  $      37      $       0      $      97      $           0  $              $0.374313      $12581831.000000      $25.078350 $24.847359 $0.010567 $     1.01  $  2351.48  
55912 $ 13117   $  4964516929  $  2327404036     $      693681  $      628638  $      660661  $        4964  $       0      $       0      $      97      $           0  $              $2.133070      $693681.000000      $0.040112 $0.042156 $0.000317 $     0.95  $   133.09  
55929 $  3009   $  3407542955  $  9199339767     $    12190736  $   389917158  $   386461541  $      333324  $      37      $       0      $      97      $           0  $              $0.370412      $12190736.000000      $24.880058 $24.659559 $0.021269 $     1.01  $  1159.42  
55912 $ 14120   $  4855323860  $  2269768538     $      703617  $      616230  $      649209  $        9407  $       0      $       0      $      97      $           0  $              $2.139127      $703617.000000      $0.039321 $0.041425 $0.000600 $     0.95  $    69.01  
55929 $  4012   $  3218431027  $  9204058437     $    11304921  $   407306578  $   404343526  $      211759  $      36      $       0      $      97      $           0  $              $0.349675      $11304921.000000      $25.989653 $25.800583 $0.013512 $     1.01  $  1909.45  
55912 $ 15123   $  4849439634  $  2270119909     $      721512  $      614316  $      645811  $        3294  $       0      $       0      $      97      $           0  $              $2.136204      $721512.000000      $0.039199 $0.041208 $0.000210 $     0.95  $   196.06  
55929 $  5015   $  3222882861  $  9203624409     $    11169300  $   407812141  $   404903747  $      177505  $      36      $       0      $      97      $           0  $              $0.350175      $11169300.000000      $26.021910 $25.836330 $0.011326 $     1.01  $  2281.08  
55912 $ 16126   $  4842625933  $  2269761208     $      706921  $      616446  $      648577  $        4545  $       0      $       0      $      97      $           0  $              $2.133540      $706921.000000      $0.039335 $0.041385 $0.000290 $     0.95  $   142.70  
55929 $  6018   $  3409087545  $  9434864287     $    12199417  $   402251509  $   398718354  $     2099493  $      37      $       0      $      97      $           0  $              $0.361329      $12199417.000000      $25.667095 $25.441650 $0.133966 $     1.01  $   189.91  
55912 $ 17128   $  4541994917  $  2184880146     $      685198  $     6830165  $     6483778  $     4151551  $       0      $       0      $      97      $           0  $              $2.078830      $685198.000000      $0.436258 $0.414134 $0.265169 $     1.05  $     1.56  
55929 $  7021   $  3412049194  $  9177454513     $    12287733  $   385310052  $   381158009  $     2274334  $      47      $       0      $      97      $           0  $              $0.371786      $12287733.000000      $24.586084 $24.321150 $0.145122 $     1.01  $   167.59  
55912 $ 18131   $ 11963680897  $  8868451249     $       89076  $    29548076  $    44465998  $     8287216  $       0      $       0      $      97      $           0  $              $1.349016      $89076.000000      $1.885421 $2.837312 $0.528795 $     0.66  $     5.37  
55929 $  8023   $  3416729667  $  9177991541     $    12253541  $   385720677  $   381656918  $     1495115  $      47      $       0      $      97      $           0  $              $0.372274      $12253541.000000      $24.636848 $24.377289 $0.095496 $     1.01  $   255.27  
55912 $ 19133   $ 12352624675  $  9174553441     $       80941  $    28415410  $    44439884  $     7968274  $       0      $       0      $      97      $           0  $              $1.346401      $80941.000000      $1.814956 $2.838476 $0.508952 $     0.64  $     5.58  
55929 $  9025   $  3269968527  $  9176471679     $    11173215  $   398656018  $   394575302  $     1882324  $      47      $       0      $      97      $           0  $              $0.356343      $11173215.000000      $25.463060 $25.202414 $0.120228 $     1.01  $   209.62  
55912 $ 20135   $ 12365820967  $  9173218677     $       80609  $    28414529  $    44480656  $     7976816  $       0      $       0      $      97      $           0  $              $1.348035      $80609.000000      $1.814900 $2.841080 $0.509497 $     0.64  $     5.58  
55929 $ 10027   $  3198375968  $  9175858036     $    10784187  $   405657347  $   401867963  $     1525125  $      46      $       0      $      97      $           0  $              $0.348564      $10784187.000000      $25.910250 $25.668213 $0.097413 $     1.01  $   263.50  
55912 $ 21137   $ 12367855799  $  9172099654     $       79625  $    28451376  $    44491248  $     7979724  $       0      $       0      $      97      $           0  $              $1.348421      $79625.000000      $1.817254 $2.841756 $0.509683 $     0.64  $     5.58  
55929 $ 11029   $  3200190294  $  9175841949     $    10888290  $   405686547  $   402090660  $     1231911  $      46      $       0      $      97      $           0  $              $0.348763      $10888290.000000      $25.912115 $25.682438 $0.078685 $     1.01  $   326.40  
55912 $ 22139   $ 12368491074  $  9172673762     $       80865  $    28437357  $    44495914  $     7980427  $       0      $       0      $      97      $           0  $              $1.348406      $80865.000000      $1.816358 $2.842054 $0.509728 $     0.64  $     5.58  
55912 $ 22244   $  1383632780  $  1018267066     $        8339  $     3193261  $     4995982  $      893930  $       0      $       0      $      97      $           0  $              $1.358811      $8339.000000      $1.946369 $3.045170 $0.544872 $     0.64  $     5.59  
55929 $ 11136   $    81545546  $   227665709     $      291511  $     8440477  $     8347754  $       20973  $       3      $       0      $      97      $           0  $              $0.358181      $291511.000000      $5.048510 $4.993049 $0.012545 $     1.01  $   398.02  
55912 $ 23220   $ 12627838963  $  9338165938     $       80463  $    29076019  $    45416945  $     8140597  $       0      $       0      $      97      $           0  $              $1.352283      $80463.000000      $1.906624 $2.978160 $0.533810 $     0.64  $     5.58  
55912 $ 23222   $     1597093  $     1172192     $           0  $        1317  $        1037  $        1023  $       0      $       0      $      97      $           0  $              $1.362484      $0.000000      $0.042144 $0.033184 $0.032736 $     1.27  $     1.01  
55912 $ 24225   $ 12406865948  $  9097076963     $       78224  $    28599916  $    44646913  $     8013852  $      47      $       0      $      97      $           0  $              $1.363830      $78224.000000      $1.824920 $2.848856 $0.511352 $     0.64  $     5.57  
55937 $  1003   $  3376331871  $  8973977485     $    11199419  $   369431934  $   365889204  $     2160758  $       0      $       0      $      97      $           0  $              $0.376236      $11199419.000000      $23.572926 $23.346869 $0.137875 $     1.01  $   169.33  
55937 $  2006   $  3403727060  $  9111676427     $    12038817  $   382160666  $   378887513  $      852777  $      47      $       0      $      97      $           0  $              $0.373557      $12038817.000000      $24.385128 $24.176273 $0.054414 $     1.01  $   444.30  
55912 $ 25227   $ 12001868509  $  8935493011     $       75666  $    27439840  $    42901486  $     7736961  $       0      $       0      $      97      $           0  $              $1.343168      $75666.000000      $1.752644 $2.740215 $0.494177 $     0.64  $     5.55  
55937 $  3009   $  3398008697  $  9170613955     $    11766607  $   384623910  $   381109492  $     1130597  $      47      $       0      $      97      $           0  $              $0.370532      $11766607.000000      $24.542303 $24.318054 $0.072142 $     1.01  $   337.09  
55912 $ 26230   $ 12344995930  $  9174980296     $       76523  $    28362574  $    44378773  $     7964846  $       0      $       0      $      97      $           0  $              $1.345506      $76523.000000      $1.809775 $2.831746 $0.508225 $     0.64  $     5.57  
55937 $  4012   $  3207066968  $  9168954074     $    10410004  $   405176342  $   401983134  $     1357133  $      47      $       0      $      97      $           0  $              $0.349775      $10410004.000000      $25.853725 $25.649971 $0.086597 $     1.01  $   296.20  
55912 $ 27233   $ 12341270599  $  9165619044     $       79055  $    28365599  $    44371353  $     7963111  $       0      $       0      $      97      $           0  $              $1.346474      $79055.000000      $1.809968 $2.831273 $0.508115 $     0.64  $     5.57  
55937 $  5014   $  3206201872  $  9165396781     $    10536470  $   404804726  $   401862660  $     1023838  $      47      $       0      $      97      $           0  $              $0.349816      $10536470.000000      $25.855791 $25.667873 $0.065395 $     1.01  $   392.51  
55912 $ 28235   $ 12334169685  $  9162470584     $       79005  $    28354064  $    44351423  $     7961147  $       0      $       0      $      97      $           0  $              $1.346162      $79005.000000      $1.811038 $2.832825 $0.508496 $     0.64  $     5.57  
55937 $  6016   $  3317190001  $  9169767631     $    11066447  $   393192102  $   389885640  $     1842727  $      47      $       0      $      97      $           0  $              $0.361753      $11066447.000000      $25.114065 $24.902874 $0.117699 $     1.01  $   211.58  
55912 $ 29237   $ 12341065542  $  9167484023     $       77119  $    28374487  $    44367747  $     7963801  $       0      $       0      $      97      $           0  $              $1.346178      $77119.000000      $1.812343 $2.833868 $0.508666 $     0.64  $     5.57  
55937 $  7018   $  3426734502  $  9176358378     $    11985678  $   384923290  $   381468264  $     1237970  $      47      $       0      $      97      $           0  $              $0.373431      $11985678.000000      $24.585918 $24.365238 $0.079072 $     1.01  $   308.14  
55912 $ 30239   $ 12384621704  $  9174624285     $       77661  $    28520956  $    44620352  $     7998241  $       0      $       0      $      97      $           0  $              $1.349878      $77661.000000      $1.821698 $2.850003 $0.510866 $     0.64  $     5.58  
55937 $  8020   $  3425927822  $  9175766239     $    12066856  $   384733036  $   381348286  $      985473  $      47      $       0      $      97      $           0  $              $0.373367      $12066856.000000      $24.573767 $24.357574 $0.062944 $     1.01  $   386.97  
55912 $ 31241   $ 12344223290  $  9174575423     $       77248  $    28360482  $    44371566  $     7962770  $       0      $       0      $      97      $           0  $              $1.345482      $77248.000000      $1.811448 $2.834112 $0.508600 $     0.64  $     5.57  
55937 $  9023   $  3293607482  $  9171725188     $    10973352  $   395876741  $   392468967  $     1536956  $      47      $       0      $      97      $           0  $              $0.359104      $10973352.000000      $25.260330 $25.042885 $0.098071 $     1.01  $   255.35  
55912 $ 32244   $ 12343022653  $  9169174740     $       78454  $    28370942  $    44369218  $     7962798  $       0      $       0      $      97      $           0  $              $1.346143      $78454.000000      $1.810309 $2.831136 $0.508095 $     0.64  $     5.57  
55937 $ 10025   $  3207043497  $  9166915495     $    10502280  $   404963362  $   401953504  $     1145467  $      47      $       0      $      97      $           0  $              $0.349850      $10502280.000000      $25.865923 $25.673677 $0.073164 $     1.01  $   350.91  
55912 $ 33247   $ 12340357236  $  9165134860     $       79328  $    28340094  $    44373039  $     7963689  $       0      $       0      $      97      $           0  $              $1.346446      $79328.000000      $1.808341 $2.831380 $0.508152 $     0.64  $     5.57  
55937 $ 11027   $  3205320674  $  9163997495     $    10559527  $   404672900  $   401764985  $      937704  $      47      $       0      $      97      $           0  $              $0.349773      $10559527.000000      $25.847370 $25.661636 $0.059893 $     1.01  $   428.46  
55912 $ 34249   $ 12329449439  $  9160874629     $       77709  $    28332377  $    44336140  $     7959168  $       0      $       0      $      97      $           0  $              $1.345881      $77709.000000      $1.809653 $2.831849 $0.508370 $     0.64  $     5.57  
55912 $ 34447   $  2554350132  $  1880921054     $       15815  $     5893525  $     9223359  $     1650773  $       0      $       0      $      97      $           0  $              $1.358032      $15815.000000      $1.904978 $2.981288 $0.533583 $     0.64  $     5.59  
55937 $ 11225   $   278077893  $   784766500     $      924740  $    32274583  $    32043768  $       66116  $       7      $       0      $      97      $           0  $              $0.354345      $924740.000000      $10.432189 $10.357581 $0.021371 $     1.01  $   484.66  
55912 $ 35362   $ 11334954725  $  8389853247     $       71915  $    26051483  $    40726853  $     7304252  $       0      $       0      $      97      $           0  $              $1.351031      $71915.000000      $1.822180 $2.848654 $0.510898 $     0.64  $     5.58  
55912 $ 35365   $     1824159  $     1369524     $           2  $        1610  $        1212  $        1181  $       0      $       0      $      97      $           0  $              $1.331966      $2.000000      $0.034347 $0.025856 $0.025195 $     1.33  $     1.03  
55912 $ 36367   $ 12367526856  $  9103531167     $       78858  $    28463364  $    44428387  $     7975053  $      47      $       0      $      97      $           0  $              $1.358542      $78858.000000      $1.818019 $2.837741 $0.509385 $     0.64  $     5.57  
55942 $  1002   $  3365569105  $  8956006814     $    11216275  $   370185808  $   364699140  $     1999424  $       0      $       0      $      97      $           0  $              $0.375789      $11216275.000000      $23.644602 $23.294157 $0.127708 $     1.02  $   182.40  
55942 $  2004   $  3388865330  $  9078109930     $    12160886  $   382319637  $   377210511  $      273956  $      47      $       0      $      97      $           0  $              $0.373301      $12160886.000000      $24.419619 $24.093285 $0.017498 $     1.01  $  1376.90  
55912 $ 37370   $ 11841228156  $  8812429117     $       77118  $    26999010  $    42145019  $     7631287  $       0      $       0      $      97      $           0  $              $1.343696      $77118.000000      $1.722768 $2.689214 $0.486942 $     0.64  $     5.52  
55942 $  3006   $  3395952204  $  9165879116     $    11964620  $   386393257  $   381363742  $      667832  $      47      $       0      $      97      $           0  $              $0.370499      $11964620.000000      $24.679808 $24.358562 $0.042656 $     1.01  $   571.05  
55912 $ 38372   $ 12325829408  $  9174963633     $       77463  $    28297617  $    44232823  $     7944424  $       0      $       0      $      97      $           0  $              $1.343420      $77463.000000      $1.807433 $2.825250 $0.507428 $     0.64  $     5.57  
55942 $  4008   $  3208777577  $  9172216150     $    10421147  $   405411719  $   402221183  $     1378408  $      46      $       0      $      97      $           0  $              $0.349837      $10421147.000000      $25.894560 $25.690775 $0.088042 $     1.01  $   291.80  
55912 $ 39374   $ 12325169358  $  9169963949     $       78288  $    28295152  $    44243159  $     7947511  $       0      $       0      $      97      $           0  $              $1.344080      $78288.000000      $1.807275 $2.825910 $0.507625 $     0.64  $     5.57  
55942 $  5010   $  3208359822  $  9171271715     $    10542604  $   405063697  $   402130624  $      980288  $      46      $       0      $      97      $           0  $              $0.349827      $10542604.000000      $25.872334 $25.684990 $0.062613 $     1.01  $   410.22  
55912 $ 40376   $ 12320748802  $  9169518719     $       78857  $    28292589  $    44228920  $     7945988  $       0      $       0      $      97      $           0  $              $1.343664      $78857.000000      $1.807111 $2.825001 $0.507528 $     0.64  $     5.57  
55942 $  6012   $  3316133484  $  9173299745     $    11093249  $   394141215  $   389974156  $     1753276  $      47      $       0      $      97      $           0  $              $0.361498      $11093249.000000      $25.174688 $24.908527 $0.111986 $     1.01  $   222.43  
55912 $ 41378   $ 12323751172  $  9171714398     $       77505  $    28292983  $    44244472  $     7946450  $       0      $       0      $      97      $           0  $              $1.343669      $77505.000000      $1.807137 $2.825994 $0.507558 $     0.64  $     5.57  
55942 $  7015   $  3424726765  $  9174797173     $    12060225  $   386731085  $   381235569  $     1164093  $      47      $       0      $      97      $           0  $              $0.373275      $12060225.000000      $24.676758 $24.326099 $0.074279 $     1.01  $   327.50  
55912 $ 42381   $ 12379210188  $  9172969688     $       79171  $    28487111  $    44566489  $     7990094  $       0      $       0      $      97      $           0  $              $1.349531      $79171.000000      $1.817722 $2.843724 $0.509836 $     0.64  $     5.58  
55942 $  8018   $  3423974073  $  9176298474     $    12094488  $   386594571  $   381149921  $     1014106  $      47      $       0      $      97      $           0  $              $0.373132      $12094488.000000      $24.668047 $24.320633 $0.064709 $     1.01  $   375.85  
55912 $ 43384   $ 12325320876  $  9174244011     $       79076  $    28276836  $    44243962  $     7943646  $       0      $       0      $      97      $           0  $              $1.343470      $79076.000000      $1.804305 $2.823144 $0.506873 $     0.64  $     5.57  
55942 $  9020   $  3293728066  $  9175756477     $    11040793  $   397269815  $   393085602  $     1542256  $      47      $       0      $      97      $           0  $              $0.358960      $11040793.000000      $25.374519 $25.107264 $0.098507 $     1.01  $   254.88  
55912 $ 44386   $ 12328299268  $  9175054386     $       79201  $    28294738  $    44254646  $     7947442  $       0      $       0      $      97      $           0  $              $1.343676      $79201.000000      $1.807249 $2.826644 $0.507621 $     0.64  $     5.57  
55942 $ 10022   $  3209332608  $  9173186256     $    10503392  $   405275627  $   402257866  $     1171960  $      46      $       0      $      97      $           0  $              $0.349860      $10503392.000000      $25.885868 $25.693117 $0.074856 $     1.01  $   343.24  
55912 $ 45388   $ 12323829236  $  9171033338     $       77950  $    28290016  $    44242772  $     7947323  $       0      $       0      $      97      $           0  $              $1.343778      $77950.000000      $1.806947 $2.825886 $0.507613 $     0.64  $     5.57  
55942 $ 11024   $  3207949364  $  9171325832     $    10565579  $   404981053  $   402078437  $      867842  $      46      $       0      $      97      $           0  $              $0.349780      $10565579.000000      $25.867054 $25.681656 $0.055431 $     1.01  $   463.31  
55912 $ 46390   $ 12321081700  $  9169157793     $       79617  $    28284901  $    44229978  $     7946304  $       0      $       0      $      97      $           0  $              $1.343753      $79617.000000      $1.806620 $2.825068 $0.507548 $     0.64  $     5.57  
55912 $ 46556   $  2120182403  $  1562439252     $       13067  $     4887698  $     7655571  $     1370530  $       0      $       0      $      97      $           0  $              $1.356969      $13067.000000      $1.884414 $2.951545 $0.528397 $     0.64  $     5.59  
55942 $ 11190   $   286493723  $   809169492     $      933416  $    33405312  $    33159907  $       76781  $       6      $       0      $      97      $           0  $              $0.354059      $933416.000000      $12.879156 $12.784543 $0.029602 $     1.01  $   431.88  
55912 $ 47468   $ 12156724686  $  9021209018     $       75255  $    27919398  $    43617501  $     7826372  $       0      $       0      $      97      $           0  $              $1.347572      $75255.000000      $1.959256 $3.060877 $0.549219 $     0.64  $     5.57  
55912 $ 47470   $     2494419  $     1815930     $           2  $        2132  $        1663  $        1644  $       0      $       0      $      97      $           0  $              $1.373632      $2.000000      $0.068224 $0.053216 $0.052608 $     1.28  $     1.01  
55912 $ 48473   $ 12416066060  $  9124080755     $       77789  $    28610163  $    44632552  $     8012206  $      47      $       0      $      97      $           0  $              $1.360802      $77789.000000      $1.825574 $2.847939 $0.511247 $     0.64  $     5.57  
55947 $  1003   $  3369856437  $  8968847849     $    11212094  $   370780290  $   365343210  $     2099149  $       0      $       0      $      97      $           0  $              $0.375729      $11212094.000000      $23.658962 $23.312029 $0.133944 $     1.01  $   174.04  
55947 $  2006   $  3389143566  $  9082836568     $    12094037  $   382479012  $   377393790  $      513172  $      47      $       0      $      97      $           0  $              $0.373137      $12094037.000000      $24.405439 $24.080959 $0.032745 $     1.01  $   735.41  
55912 $ 49476   $ 12088853458  $  8970447415     $       74323  $    27746792  $    43317551  $     7804470  $       0      $       0      $      97      $           0  $              $1.347631      $74323.000000      $1.770483 $2.764031 $0.497992 $     0.64  $     5.55  
55947 $  3009   $  3396650811  $  9170019086     $    11909973  $   386455214  $   381460140  $      826780  $      47      $       0      $      97      $           0  $              $0.370408      $11909973.000000      $24.659155 $24.340427 $0.052756 $     1.01  $   461.38  
55912 $ 50478   $ 12326277604  $  9174334003     $       74657  $    28304686  $    44247895  $     7947911  $       0      $       0      $      97      $           0  $              $1.343561      $74657.000000      $1.807884 $2.826213 $0.507651 $     0.64  $     5.57  
55947 $  4012   $  3208549033  $  9173386606     $    10367673  $   405512650  $   402042087  $     1430146  $      46      $       0      $      97      $           0  $              $0.349767      $10367673.000000      $25.875183 $25.653732 $0.091256 $     1.01  $   281.12  
55912 $ 51481   $ 12330509291  $  9171637799     $       78638  $    28315243  $    44265985  $     7952176  $       0      $       0      $      97      $           0  $              $1.344417      $78638.000000      $1.806755 $2.824549 $0.507417 $     0.64  $     5.57  
55947 $  5014   $  3208553672  $  9172115774     $    10493525  $   405204995  $   402008063  $     1055583  $      47      $       0      $      97      $           0  $              $0.349816      $10493525.000000      $25.881357 $25.677162 $0.067422 $     1.01  $   380.84  
55912 $ 52483   $ 12323449742  $  9170800366     $       78356  $    28302190  $    44241934  $     7948487  $       0      $       0      $      97      $           0  $              $1.343770      $78356.000000      $1.807725 $2.825832 $0.507688 $     0.64  $     5.57  
55947 $  6016   $  3317535828  $  9174112591     $    11046114  $   394476292  $   390188927  $     1862560  $      47      $       0      $      97      $           0  $              $0.361619      $11046114.000000      $25.196091 $24.922247 $0.118966 $     1.01  $   209.49  
55912 $ 53485   $ 12330198028  $  9172515178     $       77839  $    28335878  $    44264632  $     7950608  $       0      $       0      $      97      $           0  $              $1.344255      $77839.000000      $1.809876 $2.827282 $0.507823 $     0.64  $     5.57  
55947 $  7018   $  3423182154  $  9174787868     $    11977553  $   386742763  $   381201062  $     1302847  $      47      $       0      $      97      $           0  $              $0.373107      $11977553.000000      $24.702131 $24.348171 $0.083216 $     1.01  $   292.59  
55912 $ 54487   $ 12330837039  $  9173095640     $       77569  $    28325608  $    44273133  $     7949399  $       0      $       0      $      97      $           0  $              $1.344239      $77569.000000      $1.809220 $2.827825 $0.507746 $     0.64  $     5.57  
55947 $  8021   $  3422659914  $  9173630541     $    12008988  $   386599266  $   381138291  $     1127313  $      47      $       0      $      97      $           0  $              $0.373098      $12008988.000000      $24.668348 $24.319891 $0.071932 $     1.01  $   338.09  
55912 $ 55490   $ 12370627081  $  9171453955     $       78073  $    28501786  $    44537174  $     7985677  $       0      $       0      $      97      $           0  $              $1.348819      $78073.000000      $1.818658 $2.841854 $0.509555 $     0.64  $     5.58  
55947 $  9024   $  3293198582  $  9174185275     $    10969042  $   397274907  $   392934946  $     1595000  $      47      $       0      $      97      $           0  $              $0.358964      $10969042.000000      $25.349546 $25.072618 $0.101775 $     1.01  $   246.35  
55912 $ 56493   $ 12330659384  $  9172838499     $       78453  $    28310976  $    44264921  $     7949690  $       0      $       0      $      97      $           0  $              $1.344258      $78453.000000      $1.806483 $2.824481 $0.507258 $     0.64  $     5.57  
55947 $ 10026   $  3209951893  $  9174524339     $    10459230  $   405483276  $   402192761  $     1239662  $      46      $       0      $      97      $           0  $              $0.349877      $10459230.000000      $25.899130 $25.688959 $0.079180 $     1.01  $   324.44  
55912 $ 57495   $ 12333180216  $  9173416655     $       78986  $    28315771  $    44275917  $     7954277  $       0      $       0      $      97      $           0  $              $1.344448      $78986.000000      $1.808592 $2.828003 $0.508058 $     0.64  $     5.57  
55947 $ 11028   $  3208515425  $  9171637585     $    10514750  $   405198042  $   402015232  $      994996  $      46      $       0      $      97      $           0  $              $0.349830      $10514750.000000      $25.880913 $25.677620 $0.063553 $     1.01  $   404.04  
55912 $ 58497   $ 12326173330  $  9170439010     $       79684  $    28295642  $    44254581  $     7950548  $       0      $       0      $      97      $           0  $              $1.344120      $79684.000000      $1.807307 $2.826640 $0.507819 $     0.64  $     5.57  
55912 $ 58667   $  2141471922  $  1578402677     $       13409  $     4944351  $     7732231  $     1384522  $       0      $       0      $      97      $           0  $              $1.356734      $13409.000000      $1.861403 $2.910958 $0.521232 $     0.64  $     5.58  
55947 $ 11198   $   281705424  $   797129484     $      916780  $    33070854  $    32810888  $       86702  $       6      $       0      $      97      $           0  $              $0.353400      $916780.000000      $12.450204 $12.352334 $0.032641 $     1.01  $   378.43  
55912 $ 59580   $ 11787856477  $  8740742991     $       74737  $    27071613  $    42287111  $     7589686  $       0      $       0      $      97      $           0  $              $1.348610      $74737.000000      $1.897681 $2.964266 $0.532026 $     0.64  $     5.57  
55912 $ 59582   $     2761323  $     2035800     $         144  $        5111  $        6919  $        1866  $       0      $       0      $      97      $           0  $              $1.356382      $144.000000      $0.163552 $0.221408 $0.059712 $     0.74  $     3.71  
55912 $ 60584   $ 12393557933  $  9127868743     $       78486  $    28525185  $    44531644  $     7991541  $      47      $       0      $      97      $           0  $              $1.357771      $78486.000000      $1.821968 $2.844337 $0.510438 $     0.64  $     5.57  
55952 $  1002   $  3369312686  $  8969399249     $    11234956  $   370268704  $   365237266  $     2116104  $       0      $       0      $      97      $           0  $              $0.375645      $11234956.000000      $23.649897 $23.328529 $0.135160 $     1.01  $   172.60  
55952 $  2005   $  3388406603  $  9086751338     $    12019292  $   382305146  $   377353645  $      789561  $      46      $       0      $      97      $           0  $              $0.372895      $12019292.000000      $24.394346 $24.078398 $0.050381 $     1.01  $   477.93  
55912 $ 61587   $ 11935930021  $  8883144270     $       77620  $    27274484  $    42590694  $     7695785  $       0      $       0      $      97      $           0  $              $1.343660      $77620.000000      $1.740346 $2.717652 $0.491057 $     0.64  $     5.53  
55952 $  3008   $  3392243853  $  9170494834     $    11813158  $   386855199  $   381828898  $     1103940  $      47      $       0      $      97      $           0  $              $0.369909      $11813158.000000      $24.684679 $24.363958 $0.070441 $     1.01  $   345.88  
55912 $ 62590   $ 12335648222  $  9175529349     $       78449  $    28360476  $    44352054  $     7956258  $       0      $       0      $      97      $           0  $              $1.344407      $78449.000000      $1.809641 $2.830041 $0.507677 $     0.64  $     5.57  
55952 $  4010   $  3205733637  $  9171988936     $    10055917  $   406484737  $   402104061  $     2267380  $      46      $       0      $      97      $           0  $              $0.349513      $10055917.000000      $25.963097 $25.683294 $0.144823 $     1.01  $   177.34  
55912 $ 63592   $ 12347637041  $  9169620078     $       79841  $    28365244  $    44396133  $     7968144  $       0      $       0      $      97      $           0  $              $1.346581      $79841.000000      $1.811752 $2.835681 $0.508943 $     0.64  $     5.57  
55952 $  5012   $  3207070184  $  9172812512     $    10190461  $   406309562  $   402246482  $     1988370  $      46      $       0      $      97      $           0  $              $0.349628      $10190461.000000      $25.951908 $25.692390 $0.127002 $     1.01  $   202.30  
55912 $ 64594   $ 12347830693  $  9170410074     $       79400  $    28367783  $    44397234  $     7969498  $       0      $       0      $      97      $           0  $              $1.346486      $79400.000000      $1.811914 $2.835751 $0.509030 $     0.64  $     5.57  
55952 $  6014   $  3315072524  $  9173532294     $    10882958  $   394695703  $   390115619  $     2433189  $      47      $       0      $      97      $           0  $              $0.361374      $10882958.000000      $25.210106 $24.917564 $0.155413 $     1.01  $   160.33  
55912 $ 65596   $ 12342880773  $  9171088273     $       77783  $    28365986  $    44379092  $     7964390  $       0      $       0      $      97      $           0  $              $1.345847      $77783.000000      $1.811800 $2.834593 $0.508704 $     0.64  $     5.57  
55952 $  7017   $  3422779432  $  9174964525     $    12056955  $   386161863  $   381151113  $     1215457  $      47      $       0      $      97      $           0  $              $0.373056      $12056955.000000      $24.640438 $24.320709 $0.077557 $     1.01  $   313.59  
55912 $ 66599   $ 12338071793  $  9173516915     $       78203  $    28357287  $    44364821  $     7957554  $       0      $       0      $      97      $           0  $              $1.344966      $78203.000000      $1.809438 $2.830856 $0.507760 $     0.64  $     5.58  
55952 $  8019   $  3421469941  $  9174723786     $    12098141  $   385983988  $   381027117  $     1051302  $      47      $       0      $      97      $           0  $              $0.372923      $12098141.000000      $24.653669 $24.337061 $0.067149 $     1.01  $   362.43  
55912 $ 67602   $ 12370860405  $  9172697867     $       78679  $    28504368  $    44585073  $     7988563  $       0      $       0      $      97      $           0  $              $1.348661      $78679.000000      $1.818823 $2.844910 $0.509739 $     0.64  $     5.58  
55952 $  9021   $  3291138889  $  9172925948     $    10761909  $   397414511  $   392598810  $     1991164  $      47      $       0      $      97      $           0  $              $0.358788      $10761909.000000      $25.383760 $25.076172 $0.127180 $     1.01  $   197.17  
55912 $ 68604   $ 12345464888  $  9170707255     $       80119  $    28361673  $    44397599  $     7965466  $       0      $       0      $      97      $           0  $              $1.346185      $80119.000000      $1.811524 $2.835775 $0.508772 $     0.64  $     5.57  
55952 $ 10023   $  3207817537  $  9172391008     $    10134501  $   406562057  $   402347293  $     2111472  $      46      $       0      $      97      $           0  $              $0.349725      $10134501.000000      $25.968035 $25.698830 $0.134864 $     1.01  $   190.55  
55912 $ 69606   $ 12356322302  $  9169986129     $       78346  $    28395590  $    44435795  $     7975486  $       0      $       0      $      97      $           0  $              $1.347474      $78346.000000      $1.813690 $2.838214 $0.509412 $     0.64  $     5.57  
55952 $ 11025   $  3206647804  $  9171595474     $    10151502  $   406586369  $   402324713  $     2173249  $      46      $       0      $      97      $           0  $              $0.349628      $10151502.000000      $25.969589 $25.697386 $0.138810 $     1.01  $   185.13  
55912 $ 70608   $ 12350498011  $  9169827354     $       78543  $    28403208  $    44417896  $     7973599  $       0      $       0      $      97      $           0  $              $1.346863      $78543.000000      $1.814177 $2.837071 $0.509292 $     0.64  $     5.57  
55912 $ 70793   $  2341328817  $  1724748251     $       14149  $     5398436  $     8454481  $     1513742  $       0      $       0      $      97      $           0  $              $1.357490      $14149.000000      $1.867567 $2.924793 $0.523673 $     0.64  $     5.59  
55952 $ 11210   $   298367410  $   844221414     $      940093  $    35199310  $    34816834  $      206142  $       7      $       0      $      97      $           0  $              $0.353423      $940093.000000      $12.177059 $12.044742 $0.071314 $     1.01  $   168.90  
55912 $ 71701   $ 11656550163  $  8630936576     $       74239  $    26802004  $    41895389  $     7511550  $       0      $       0      $      97      $           0  $              $1.350554      $74239.000000      $1.889128 $2.952979 $0.529448 $     0.64  $     5.58  
55912 $ 71704   $     1623537  $     1190381     $           0  $        1356  $        1077  $        1062  $       0      $       0      $      97      $           0  $              $1.363880      $0.000000      $0.028928 $0.022976 $0.022656 $     1.26  $     1.01  
55912 $ 72707   $  6364418414  $  5159859389     $      365603  $     9088004  $    14048125  $     2518282  $      40      $       0      $      97      $           0  $              $1.233448      $365603.000000      $0.579893 $0.896391 $0.160688 $     0.65  $     5.58  
55957 $  1003   $  3427584062  $  9090488158     $    11658340  $   376706439  $   371513203  $     1279997  $       0      $       0      $      97      $           0  $              $0.377052      $11658340.000000      $24.037100 $23.705729 $0.081675 $     1.01  $   290.25  
55957 $  2006   $  3429585617  $  9143723774     $    12097025  $   386815202  $   381698909  $       95467  $      37      $       0      $      97      $           0  $              $0.375075      $12097025.000000      $24.682127 $24.355663 $0.006092 $     1.01  $  3998.23  
55912 $ 73711   $  3826761401  $  2270384136     $      513064  $      498612  $      537020  $       78909  $       0      $       0      $      97      $           0  $              $1.685513      $513064.000000      $0.031784 $0.034232 $0.005030 $     0.93  $     6.81  
55957 $  3009   $  3492025417  $  9421791609     $    11945758  $   401040618  $   395544997  $      965342  $      38      $       0      $      97      $           0  $              $0.370633      $11945758.000000      $25.589828 $25.239162 $0.061597 $     1.01  $   409.75  
55912 $ 74714   $  3921416252  $  2325336148     $      435471  $      510231  $      550755  $       83885  $       0      $       0      $      97      $           0  $              $1.686387      $435471.000000      $0.032557 $0.035143 $0.005353 $     0.93  $     6.57  
55957 $  4011   $  3296062708  $  9407172547     $     9357605  $   422749441  $   414892978  $     7178778  $      37      $       0      $      97      $           0  $              $0.350378      $9357605.000000      $27.001961 $26.500151 $0.458525 $     1.02  $    57.79  
55912 $ 75716   $  3906107732  $  2317530380     $      602256  $      508484  $      544655  $       97878  $       0      $       0      $      97      $           0  $              $1.685461      $602256.000000      $0.032478 $0.034788 $0.006252 $     0.93  $     5.56  
55957 $  5014   $  3250368794  $  9274624040     $     9183593  $   417072584  $   409208787  $     7609640  $      36      $       0      $      97      $           0  $              $0.350458      $9183593.000000      $26.612806 $26.111031 $0.485560 $     1.02  $    53.78  
55912 $ 76719   $  3853498089  $  2285005008     $      590976  $      502046  $      536902  $      101104  $       0      $       0      $      97      $           0  $              $1.686429      $590976.000000      $0.032035 $0.034259 $0.006451 $     0.94  $     5.31  
55957 $  6017   $  3359354188  $  9193026025     $    10741885  $   396887276  $   390864589  $     3671875  $      37      $       0      $      97      $           0  $              $0.365424      $10741885.000000      $25.324810 $24.940512 $0.234297 $     1.02  $   106.45  
55912 $ 77722   $  3819334412  $  2266065227     $      587144  $      497438  $      534846  $       91819  $       0      $       0      $      97      $           0  $              $1.685448      $587144.000000      $0.031741 $0.034128 $0.005859 $     0.93  $     5.83  
55957 $  7019   $  3452350724  $  9203172853     $    12159674  $   389300427  $   384240869  $      157298  $      37      $       0      $      97      $           0  $              $0.375126      $12159674.000000      $24.865496 $24.542330 $0.010047 $     1.01  $  2442.76  
55912 $ 78725   $  3824216342  $  2268706067     $      594691  $      498184  $      537039  $       78303  $       0      $       0      $      97      $           0  $              $1.685638      $594691.000000      $0.031788 $0.034268 $0.004996 $     0.93  $     6.86  
55957 $  8022   $  3451777029  $  9201962242     $    12167645  $   389239268  $   384186141  $      153563  $      37      $       0      $      97      $           0  $              $0.375113      $12167645.000000      $24.836803 $24.514370 $0.009799 $     1.01  $  2501.81  
55912 $ 79728   $  3823269026  $  2268588782     $      592336  $      498208  $      534883  $       78865  $       0      $       0      $      97      $           0  $              $1.685307      $592336.000000      $0.031790 $0.034130 $0.005032 $     0.93  $     6.78  
55957 $  9025   $  3317215969  $  9290530702     $    10151376  $   409330178  $   402716846  $     4583933  $      35      $       0      $      97      $           0  $              $0.357053      $10151376.000000      $26.118774 $25.696787 $0.292494 $     1.02  $    87.85  
55912 $ 80731   $  1987657845  $  1179364603     $      688148  $      258858  $      279642  $       44923  $       0      $       0      $      97      $           0  $              $1.685363      $688148.000000      $0.016517 $0.017844 $0.002866 $     0.93  $     6.22  
55957 $ 10028   $  3220697111  $  9188633471     $     9088623  $   413389850  $   405551112  $     7513947  $      35      $       0      $      97      $           0  $              $0.350509      $9088623.000000      $26.377817 $25.877638 $0.479454 $     1.02  $    53.97  
55912 $ 81734   $           0  $           0     $      803811  $           0  $           0  $           0  $       0      $       0      $      97      $           0  $              $-nan      $803811.000000      $0.000000 $0.000000 $0.000000 $     0.00  $     0.00  
55957 $ 11031   $  3022589872  $  8612685543     $     8415979  $   385249074  $   377804665  $     7373960  $      32      $       0      $      97      $           0  $              $0.350946      $8415979.000000      $24.582195 $24.107178 $0.470522 $     1.02  $    51.23  
55912 $ 82737   $           0  $           0     $      453892  $           0  $           0  $           0  $       0      $       0      $      97      $           0  $              $-nan      $453892.000000      $0.000000 $0.000000 $0.000000 $     0.00  $     0.00  
55912 $ 86333   $           0  $           0     $      103533  $         136  $         136  $         128  $       0      $       0      $      97      $           0  $              $-nan      $103533.000000      $0.000002 $0.000002 $0.000002 $     1.00  $     1.06  
55957 $ 14627   $        2107  $       84468     $     1414541  $       11344  $       11643  $       10463  $      15      $       0      $      97      $           0  $              $0.024944      $1414541.000000      $0.000202 $0.000207 $0.000186 $     0.97  $     1.11  
55912 $ 86673   $           0  $           0     $          20  $           0  $           0  $           0  $       0      $       0      $      97      $           0  $              $-nan      $20.000000      $0.000000 $0.000000 $0.000000 $     0.00  $     0.00  
55912 $ 86677   $           0  $           0     $        2771  $          16  $          16  $          15  $       0      $       0      $      97      $           0  $              $-nan      $2771.000000      $0.000256 $0.000256 $0.000240 $     1.00  $     1.07  
55962 $   952   $  3208616655  $  8489583193     $    10647360  $   353021088  $   347393074  $     2091840  $       0      $       0      $      97      $           0  $              $0.377948      $10647360.000000      $23.732510 $23.354156 $0.140628 $     1.02  $   166.07  
55912 $ 87629   $       15039  $      389691     $      598883  $         747  $        1649  $         310  $      31      $       0      $      97      $           0  $              $0.038592      $598883.000000      $0.000050 $0.000111 $0.000021 $     0.45  $     5.32  
55962 $   963   $           0  $           0     $        5151  $           0  $           0  $           0  $       0      $       0      $      97      $           0  $              $-nan      $5151.000000      $0.000000 $0.000000 $0.000000 $     0.00  $     0.00  
