PID   $time     $Instr Ret     $Unh Clk Cycles   $l2 trans reqs $l1lines       $l2lines       $Per Core bw   $Power         $Power2        $Power3        $bandwidth     $              $IPC           $MEM INTENSIITY$L2->L1 BW (MB)$L3->L2 BW (MB)$MM->L3 BW (MB)$L2 REUSE      $L3 REUSE      
54631 $  1003   $  3075900877  $  8749621301     $    10085564  $   383936882  $   381370600  $     4399055  $      46      $       0      $      97      $           0  $              $0.351547      $10085564.000000      $24.498466 $24.334713 $0.280697 $     1.01  $    86.69  
54629 $  1003   $  3335705792  $  8870534294     $    11616589  $   366816627  $   362519954  $     4399449  $       0      $       0      $      97      $           0  $              $0.376043      $11616589.000000      $23.406046 $23.131882 $0.280723 $     1.01  $    82.40  
54631 $  2006   $  3204916664  $  9166896785     $    10677351  $   405639880  $   403006096  $     3898176  $      48      $       0      $      97      $           0  $              $0.349618      $10677351.000000      $25.883303 $25.715244 $0.248737 $     1.01  $   103.38  
54629 $  2006   $  3425971280  $  9166585041     $    12308610  $   387275036  $   382854898  $     3944316  $       0      $       0      $      97      $           0  $              $0.373746      $12308610.000000      $24.711468 $24.429426 $0.251681 $     1.01  $    97.06  
54631 $  3008   $  3200777109  $  9163280293     $    10610602  $   405288485  $   402487162  $     4103732  $      47      $       0      $      97      $           0  $              $0.349305      $10610602.000000      $25.886690 $25.707764 $0.262115 $     1.01  $    98.08  
54629 $  3008   $  3396712306  $  9165477748     $    12081920  $   389198014  $   385007401  $     4134151  $       0      $       0      $      97      $           0  $              $0.370598      $12081920.000000      $24.858955 $24.591291 $0.264058 $     1.01  $    93.13  
54631 $  4010   $  3195395788  $  9151582840     $    10555981  $   404698859  $   401825129  $     3633587  $      47      $       0      $      97      $           0  $              $0.349163      $10555981.000000      $25.849028 $25.665476 $0.232085 $     1.01  $   110.59  
54629 $  4010   $  3196958795  $  9166462346     $    10375019  $   404942653  $   401983924  $     4055203  $       0      $       0      $      97      $           0  $              $0.348767      $10375019.000000      $25.864601 $25.675621 $0.259015 $     1.01  $    99.13  
54631 $  5012   $  3196606036  $  9153746613     $    10601045  $   404788061  $   401973782  $     3625706  $      47      $       0      $      97      $           0  $              $0.349213      $10601045.000000      $25.854727 $25.674973 $0.231582 $     1.01  $   110.87  
54629 $  5012   $  3198169305  $  9166936016     $    10427276  $   405008372  $   402129777  $     3975707  $       0      $       0      $      97      $           0  $              $0.348881      $10427276.000000      $25.868799 $25.684937 $0.253937 $     1.01  $   101.15  
54631 $  6015   $  3191156032  $  9155718485     $    10544575  $   404230786  $   401281930  $     4033084  $      47      $       0      $      97      $           0  $              $0.348542      $10544575.000000      $25.793390 $25.605227 $0.257345 $     1.01  $    99.50  
54629 $  6015   $  3309098220  $  9166661877     $    11188668  $   395688120  $   392113467  $     4659027  $       0      $       0      $      97      $           0  $              $0.360993      $11188668.000000      $25.248295 $25.020201 $0.297286 $     1.01  $    84.16  
54631 $  7017   $  3196363282  $  9160661384     $    10408532  $   405049789  $   401942406  $     3866515  $      48      $       0      $      97      $           0  $              $0.348923      $10408532.000000      $25.871445 $25.672968 $0.246963 $     1.01  $   103.95  
54629 $  7017   $  3425955605  $  9165492687     $    12303665  $   387086353  $   382854308  $     4042887  $       0      $       0      $      97      $           0  $              $0.373789      $12303665.000000      $24.724079 $24.453768 $0.258228 $     1.01  $    94.70  
54631 $  8019   $  3195175463  $  9159047276     $    10369070  $   404954824  $   401798834  $     4009144  $      48      $       0      $      97      $           0  $              $0.348855      $10369070.000000      $25.865377 $25.663799 $0.256073 $     1.01  $   100.22  
54629 $  8019   $  3425405782  $  9164072335     $    12310494  $   386963650  $   382794129  $     3985257  $       0      $       0      $      97      $           0  $              $0.373786      $12310494.000000      $24.716242 $24.449924 $0.254547 $     1.01  $    96.05  
54631 $  9021   $  3227376648  $  9156240014     $    10423565  $   402651170  $   399680460  $     4532322  $      47      $       0      $      97      $           0  $              $0.352478      $10423565.000000      $25.718239 $25.528492 $0.289490 $     1.01  $    88.18  
54629 $  9021   $  3285687135  $  9162575321     $    11174595  $   397520936  $   394145209  $     4306278  $       0      $       0      $      97      $           0  $              $0.358599      $11174595.000000      $25.390558 $25.174944 $0.275052 $     1.01  $    91.53  
54631 $ 10023   $  3202710398  $  9163325779     $    10554920  $   405641635  $   402740450  $     3812348  $      47      $       0      $      97      $           0  $              $0.349514      $10554920.000000      $25.909246 $25.723940 $0.243503 $     1.01  $   105.64  
54629 $ 10023   $  3200851347  $  9162727876     $    10508997  $   405175058  $   402461236  $     4001234  $       0      $       0      $      97      $           0  $              $0.349334      $10508997.000000      $25.879446 $25.706108 $0.255568 $     1.01  $   100.58  
54631 $ 11026   $  3200259820  $  9161775202     $    10532271  $   405394405  $   402427468  $     3982931  $      47      $       0      $      97      $           0  $              $0.349306      $10532271.000000      $25.867640 $25.678322 $0.254145 $     1.01  $   101.04  
54629 $ 11026   $  3199798836  $  9160825861     $    10486923  $   405054327  $   402327650  $     4006189  $       0      $       0      $      97      $           0  $              $0.349292      $10486923.000000      $25.845940 $25.671953 $0.255629 $     1.01  $   100.43  
54631 $ 11208   $   601466813  $  1719170658     $     2019026  $    75986035  $    75623807  $      367040  $       7      $       0      $      97      $           0  $              $0.349859      $2019026.000000      $26.720364 $26.592987 $0.129069 $     1.00  $   206.04  
54629 $ 11208   $   276101117  $   788399891     $      936601  $    34052084  $    33795837  $      329958  $       0      $       0      $      97      $           0  $              $0.350204      $936601.000000      $11.974360 $11.884250 $0.116029 $     1.01  $   102.42  
54631 $ 12122   $  3061380335  $  8754035291     $    10801703  $   385936990  $   384848487  $      120832  $      29      $       0      $      97      $           0  $              $0.349711      $10801703.000000      $27.024035 $26.947815 $0.008461 $     1.00  $  3184.99  
54631 $ 12124   $     1945445  $     5594497     $        6849  $      245329  $      244609  $          60  $       0      $       0      $      97      $           0  $              $0.347743      $6849.000000      $7.850528 $7.827488 $0.001920 $     1.00  $  4076.82  
54631 $ 13126   $  3193791912  $  9160510755     $    10553277  $   404436627  $   401673257  $     4549777  $      47      $       0      $      97      $           0  $              $0.348648      $10553277.000000      $25.832281 $25.655777 $0.290605 $     1.01  $    88.28  
54649 $  1002   $  3379378773  $  8952051981     $    11385383  $   370364633  $   366116678  $     3889871  $       0      $       0      $      97      $           0  $              $0.377498      $11385383.000000      $23.656025 $23.384697 $0.248455 $     1.01  $    94.12  
54631 $ 14128   $  3190179963  $  9159692521     $    10327735  $   404413066  $   401206821  $     4588971  $      48      $       0      $      97      $           0  $              $0.348285      $10327735.000000      $25.830774 $25.625984 $0.293108 $     1.01  $    87.43  
54649 $  2004   $  3424786764  $  9142292073     $    11786674  $   385833442  $   381323044  $     3348833  $       0      $       0      $      97      $           0  $              $0.374609      $11786674.000000      $24.644053 $24.355963 $0.213898 $     1.01  $   113.87  
54631 $ 15130   $  3188847469  $  9159220784     $    10198817  $   404484864  $   401066215  $     4519920  $      48      $       0      $      97      $           0  $              $0.348157      $10198817.000000      $25.835361 $25.617002 $0.288697 $     1.01  $    88.73  
54649 $  3006   $  3392166214  $  9140605725     $    11501587  $   388426397  $   383702380  $     3606501  $       0      $       0      $      97      $           0  $              $0.371110      $11501587.000000      $24.809669 $24.507936 $0.230355 $     1.01  $   106.39  
54631 $ 16133   $  3193421954  $  9168777543     $     9814506  $   406283935  $   401819310  $     5754414  $      47      $       0      $      97      $           0  $              $0.348293      $9814506.000000      $25.924398 $25.639517 $0.367181 $     1.01  $    69.83  
54649 $  4009   $  3211250661  $  9160643754     $    10282701  $   407206716  $   402804898  $     3958141  $       0      $       0      $      97      $           0  $              $0.350549      $10282701.000000      $25.983280 $25.702406 $0.252563 $     1.01  $   101.77  
54649 $  4071   $   192726367  $   549385824     $      640605  $    24339584  $    24154661  $      174629  $       0      $       0      $      97      $           0  $              $0.350803      $640605.000000      $25.124731 $24.933842 $0.180262 $     1.01  $   138.32  
54631 $ 16195   $   184265497  $   524603142     $      577974  $    22119562  $    21929302  $      227096  $       2      $       0      $      97      $           0  $              $0.351247      $577974.000000      $22.833096 $22.636700 $0.234422 $     1.01  $    96.56  
