PID   $time     $Instr Ret     $Unh Clk Cycles   $l2 trans reqs $l1lines       $l2lines       $Per Core bw   $Power         $Power2        $Power3        $bandwidth     $              $IPC           $MEM INTENSIITY$L2->L1 BW (MB)$L3->L2 BW (MB)$MM->L3 BW (MB)$L2 REUSE      $L3 REUSE      
57780 $  1003   $  3323776430  $  8842431150     $    12231820  $   371114617  $   367242119  $     2205270  $      48      $       0      $      97      $           0  $              $0.375889      $12231820.000000      $23.680296 $23.433195 $0.140715 $     1.01  $   166.53  
57778 $  1003   $ 17075711761  $  8941531727     $     9771167  $   378822071  $   502323899  $     2164293  $       0      $       0      $      97      $           0  $              $1.909708      $9771167.000000      $24.172096 $32.052570 $0.138100 $     0.75  $   232.10  
57780 $  2005   $  3435152394  $  9186806898     $    12807431  $   387833978  $   383826890  $     1581692  $      49      $       0      $      97      $           0  $              $0.373922      $12807431.000000      $24.771832 $24.515888 $0.101026 $     1.01  $   242.67  
57778 $  2005   $ 17674164452  $  9183674140     $     9957815  $   391908181  $   518050958  $     1672092  $       0      $       0      $      97      $           0  $              $1.924520      $9957815.000000      $25.032061 $33.089081 $0.106800 $     0.76  $   309.82  
57780 $  3007   $  3457157308  $  9178320435     $    12704580  $   385432188  $   381481060  $     1967013  $      49      $       0      $      97      $           0  $              $0.376666      $12704580.000000      $24.618423 $24.366055 $0.125638 $     1.01  $   193.94  
57778 $  3007   $ 17655418279  $  9182376241     $    10161991  $   392009980  $   521035760  $     1769511  $       0      $       0      $      97      $           0  $              $1.922751      $10161991.000000      $25.038563 $33.279732 $0.113023 $     0.75  $   294.45  
57780 $  4009   $  3434819120  $  9184754093     $    12810617  $   387765372  $   383788912  $     1597789  $      49      $       0      $      97      $           0  $              $0.373970      $12810617.000000      $24.767448 $24.513464 $0.102054 $     1.01  $   240.20  
57778 $  4009   $ 17671162239  $  9182687064     $    10002466  $   392004455  $   517959933  $     1665837  $       0      $       0      $      97      $           0  $              $1.924400      $10002466.000000      $25.038208 $33.083271 $0.106401 $     0.76  $   310.93  
57780 $  5011   $  3435097925  $  9186008343     $    12818389  $   387786829  $   383819565  $     1577911  $      49      $       0      $      97      $           0  $              $0.373949      $12818389.000000      $24.768818 $24.515421 $0.100785 $     1.01  $   243.25  
57778 $  5011   $ 17673034193  $  9183838457     $    10004222  $   392257554  $   519048927  $     1694960  $       0      $       0      $      97      $           0  $              $1.924363      $10004222.000000      $25.054375 $33.152824 $0.108261 $     0.76  $   306.23  
57780 $  6013   $  3457386488  $  9178949116     $    12696915  $   385301787  $   381339245  $     1958752  $      49      $       0      $      97      $           0  $              $0.376665      $12696915.000000      $24.610094 $24.356997 $0.125110 $     1.01  $   194.68  
57778 $  6013   $ 17655514043  $  9182769914     $    10106493  $   391723434  $   519264184  $     1795834  $       0      $       0      $      97      $           0  $              $1.922678      $10106493.000000      $25.020258 $33.166576 $0.114704 $     0.75  $   289.15  
57780 $  6279   $   929940999  $  2487086551     $     3430282  $   104916997  $   103901716  $      272211  $      11      $       0      $      97      $           0  $              $0.373908      $3430282.000000      $25.243189 $24.998909 $0.065494 $     1.01  $   381.70  
57778 $  6279   $  3100604737  $  1613569004     $     1693216  $    68280708  $    88781600  $      243231  $       0      $       0      $      97      $           0  $              $1.921582      $1693216.000000      $16.428440 $21.360987 $0.058522 $     0.77  $   365.01  
57780 $  7104   $  2956169413  $  7898786430     $    10675725  $   333264047  $   330248154  $       98548  $      28      $       0      $      97      $           0  $              $0.374256      $10675725.000000      $25.853210 $25.619251 $0.007645 $     1.01  $  3351.14  
57780 $  7106   $     1927571  $     5178684     $        6946  $      216156  $      215444  $         180  $       0      $       0      $      97      $           0  $              $0.372213      $6946.000000      $6.916992 $6.894208 $0.005760 $     1.00  $  1196.91  
57780 $  8109   $  3433294246  $  9186573094     $    12661294  $   387815735  $   383653539  $     2277615  $      49      $       0      $      97      $           0  $              $0.373730      $12661294.000000      $24.745970 $24.480385 $0.145331 $     1.01  $   168.45  
57798 $  1003   $ 17214560187  $  9012358968     $     9849678  $   382865213  $   507399317  $     2271425  $       0      $       0      $      97      $           0  $              $1.910106      $9849678.000000      $24.430084 $32.376427 $0.144936 $     0.75  $   223.38  
57780 $  9112   $  3456865645  $  9180768929     $    12568721  $   385091437  $   380965586  $     2486814  $      49      $       0      $      97      $           0  $              $0.376533      $12568721.000000      $24.572134 $24.308872 $0.158680 $     1.01  $   153.19  
57798 $  2006   $ 17628112730  $  9181800051     $    10070323  $   391875282  $   518587803  $     1903768  $       0      $       0      $      97      $           0  $              $1.919897      $10070323.000000      $25.005005 $33.090347 $0.121477 $     0.76  $   272.40  
57780 $ 10114   $  3434462649  $  9185621967     $    12670355  $   387943690  $   383781141  $     2148919  $      49      $       0      $      97      $           0  $              $0.373895      $12670355.000000      $24.778837 $24.512968 $0.137256 $     1.01  $   178.59  
57798 $  3008   $ 17657336571  $  9182385296     $    10067629  $   392434257  $   520104174  $     1755997  $       0      $       0      $      97      $           0  $              $1.922957      $10067629.000000      $25.065662 $33.220226 $0.112159 $     0.75  $   296.19  
57780 $ 11116   $  3433646634  $  9186441141     $    12673963  $   387864540  $   383688751  $     2107941  $      49      $       0      $      97      $           0  $              $0.373773      $12673963.000000      $24.773783 $24.507065 $0.134639 $     1.01  $   182.02  
57798 $  4010   $ 17651103036  $  9181318893     $    10006833  $   392806564  $   519146746  $     1767233  $       0      $       0      $      97      $           0  $              $1.922502      $10006833.000000      $25.089441 $33.159073 $0.112877 $     0.76  $   293.76  
57780 $ 12118   $  3456771589  $  9179801521     $    12573105  $   385491185  $   381333041  $     2492009  $      49      $       0      $      97      $           0  $              $0.376563      $12573105.000000      $24.622192 $24.356602 $0.159170 $     1.01  $   153.02  
57798 $  5012   $ 17656249056  $  9181965908     $     9993664  $   392233085  $   518357253  $     1781387  $       0      $       0      $      97      $           0  $              $1.922927      $9993664.000000      $25.052813 $33.108646 $0.113781 $     0.76  $   290.99  
57780 $ 13121   $  3434266685  $  9186966080     $    12668632  $   387921642  $   383756028  $     2144746  $      49      $       0      $      97      $           0  $              $0.373819      $12668632.000000      $24.752726 $24.486925 $0.136853 $     1.01  $   178.93  
57798 $  6015   $ 17635870317  $  9182390443     $    10141259  $   392659962  $   521450084  $     1790591  $       0      $       0      $      97      $           0  $              $1.920619      $10141259.000000      $25.055073 $33.272987 $0.114255 $     0.75  $   291.22  
57780 $ 13372   $   879065590  $  2351322307     $     3224031  $    99241038  $    98220420  $      345158  $      11      $       0      $      97      $           0  $              $0.373860      $3224031.000000      $25.304489 $25.044249 $0.088008 $     1.01  $   284.57  
57798 $  6267   $  3051533013  $  1588945107     $     1655870  $    67239228  $    86910140  $      246497  $       0      $       0      $      97      $           0  $              $1.920477      $1655870.000000      $17.076630 $22.072418 $0.062602 $     0.77  $   352.58  
57780 $ 14146   $  2649159544  $  7077145744     $     9536899  $   297552141  $   294859588  $       74096  $      26      $       0      $      97      $           0  $              $0.374326      $9536899.000000      $24.603794 $24.381155 $0.006127 $     1.01  $  3979.43  
57803 $  1003   $ 17283775715  $  8998656432     $     9365358  $   382938650  $   506607614  $      578582  $      34      $       0      $      65      $           0  $              $1.920706      $9365358.000000      $24.434771 $32.325909 $0.036918 $     0.76  $   875.60  
