PID   $time     $Instr Ret     $Unh Clk Cycles   $l2 trans reqs $l1lines       $l2lines       $Per Core bw   $Power         $Power2        $Power3        $bandwidth     $              $IPC           $MEM INTENSIITY$L2->L1 BW (MB)$L3->L2 BW (MB)$MM->L3 BW (MB)$L2 REUSE      $L3 REUSE      
55006 $  1003   $  1245659193  $  6934024513     $    76421614  $   244460803  $   243230487  $      908108  $      44      $       0      $      97      $           0  $              $0.179644      $76421616.000000      $15.598695 $15.520190 $0.057945 $     1.01  $   267.84  
55004 $  1003   $  3396616043  $  9001897620     $    11578457  $   373974308  $   368024240  $     1946614  $       0      $       0      $      97      $           0  $              $0.377322      $11578457.000000      $23.862766 $23.483103 $0.124211 $     1.02  $   189.06  
55006 $  2005   $  1191345975  $  6442814422     $    69986751  $   223023501  $   221869210  $      424706  $      44      $       0      $      97      $           0  $              $0.184911      $69986752.000000      $14.245014 $14.171288 $0.027127 $     1.01  $   522.41  
55004 $  2005   $  3473042520  $  9266126977     $    12010379  $   393438916  $   386843599  $     2134525  $       0      $       0      $      97      $           0  $              $0.374811      $12010379.000000      $25.129831 $24.708572 $0.136337 $     1.02  $   181.23  
55006 $  3007   $  1099204599  $  5937513401     $    64133271  $   205942265  $   204828351  $      453674  $      43      $       0      $      97      $           0  $              $0.185129      $64133272.000000      $13.153997 $13.082849 $0.028977 $     1.01  $   451.49  
55004 $  3007   $  3481650146  $  9397503745     $    11910732  $   401605082  $   395382266  $     2094820  $       0      $       0      $      97      $           0  $              $0.370487      $11910732.000000      $25.651423 $25.253958 $0.133801 $     1.02  $   188.74  
55006 $  4009   $   993405551  $  5378730431     $    58646713  $   186180978  $   185177847  $      588553  $      42      $       0      $      97      $           0  $              $0.184691      $58646712.000000      $11.891799 $11.827726 $0.037592 $     1.01  $   314.63  
55004 $  4009   $  3301749791  $  9401856192     $    10819500  $   417557510  $   413824938  $     1455950  $       0      $       0      $      97      $           0  $              $0.351181      $10819500.000000      $26.670340 $26.431932 $0.092995 $     1.01  $   284.23  
55006 $  5012   $  1235584558  $  6573134401     $    69617942  $   221038101  $   219809432  $      651658  $      43      $       0      $      97      $           0  $              $0.187975      $69617944.000000      $14.104126 $14.025727 $0.041581 $     1.01  $   337.31  
55004 $  5012   $  3273973325  $  9324775783     $    10708790  $   414332258  $   410427566  $     1704969  $       0      $       0      $      97      $           0  $              $0.351105      $10708790.000000      $26.437950 $26.188797 $0.108792 $     1.01  $   240.72  
55006 $  6014   $  1168784069  $  6574296199     $    73560685  $   234385933  $   233150264  $      551013  $      44      $       0      $      97      $           0  $              $0.177781      $73560688.000000      $14.970758 $14.891833 $0.035194 $     1.01  $   423.13  
55004 $  6014   $  3375535746  $  9225079611     $    11383232  $   395529374  $   390537091  $     1995629  $       0      $       0      $      97      $           0  $              $0.365909      $11383232.000000      $25.263353 $24.944485 $0.127465 $     1.01  $   195.70  
55006 $  7016   $  1097268613  $  6087661701     $    67378624  $   214937264  $   213856601  $      371353  $      43      $       0      $      97      $           0  $              $0.180245      $67378624.000000      $13.728528 $13.659504 $0.023719 $     1.01  $   575.88  
55004 $  7016   $  3494985964  $  9320903213     $    12195990  $   395339616  $   389194225  $     1514898  $       0      $       0      $      97      $           0  $              $0.374962      $12195990.000000      $25.251232 $24.858713 $0.096760 $     1.02  $   256.91  
55006 $  8018   $  1052517052  $  5664540258     $    61260021  $   195510870  $   194532858  $      372884  $      43      $       0      $      97      $           0  $              $0.185808      $61260020.000000      $12.487720 $12.425253 $0.023817 $     1.01  $   521.70  
55004 $  8018   $  3524608752  $  9402461233     $    12243400  $   398792621  $   392519318  $     1686652  $       0      $       0      $      97      $           0  $              $0.374860      $12243400.000000      $25.471783 $25.071095 $0.107730 $     1.02  $   232.72  
55006 $  9020   $  1095462627  $  5738919442     $    60225315  $   189640873  $   188750640  $      440373  $      42      $       0      $      97      $           0  $              $0.190883      $60225316.000000      $12.112791 $12.055929 $0.028128 $     1.00  $   428.62  
55004 $  9020   $  3340538585  $  9376414820     $    11139128  $   411720645  $   407534828  $     1337895  $       0      $       0      $      97      $           0  $              $0.356270      $11139128.000000      $26.297525 $26.030169 $0.085454 $     1.01  $   304.61  
55006 $ 10022   $  1215396447  $  6890149349     $    77234363  $   247384738  $   245977640  $      733486  $      44      $       0      $      97      $           0  $              $0.176396      $77234360.000000      $15.801021 $15.711146 $0.046849 $     1.01  $   335.35  
55004 $ 10023   $  3253818647  $  9267832142     $    10702244  $   411762303  $   407882968  $     1719192  $       0      $       0      $      97      $           0  $              $0.351087      $10702244.000000      $26.273966 $26.026432 $0.109699 $     1.01  $   237.25  
55006 $ 10965   $  1093056353  $  5992237145     $    65337964  $   210347792  $   209156989  $      582342  $      39      $       0      $      97      $           0  $              $0.182412      $65337964.000000      $14.275990 $14.195172 $0.039523 $     1.01  $   359.17  
55004 $ 10966   $  2806714227  $  7980990865     $     9145735  $   351352345  $   348120453  $     1360149  $       0      $       0      $      97      $           0  $              $0.351675      $9145735.000000      $23.845758 $23.626413 $0.092311 $     1.01  $   255.94  
55006 $ 11105   $   216455064  $   936838624     $     7610925  $    25290950  $    25209943  $        3160  $       4      $       0      $      97      $           0  $              $0.231048      $7610925.000000      $11.561577 $11.524546 $0.001445 $     1.00  $  7977.83  
55006 $ 11107   $      487540  $     3339094     $       38340  $      130758  $      130371  $           5  $       0      $       0      $      97      $           0  $              $0.146010      $38340.000000      $4.184256 $4.171872 $0.000160 $     1.00  $ 26074.20  
55006 $ 12110   $  1064413505  $  5866975598     $    64314929  $   206666784  $   205589914  $      435569  $      43      $       0      $      97      $           0  $              $0.181425      $64314928.000000      $13.187113 $13.118400 $0.027793 $     1.01  $   472.00  
55024 $  1003   $  3429133377  $  9084374947     $    11678918  $   378030007  $   372161950  $     2251253  $       0      $       0      $      97      $           0  $              $0.377476      $11678918.000000      $24.121557 $23.747124 $0.143649 $     1.02  $   165.31  
55024 $  1872   $  3062002341  $  8171791100     $    10538935  $   347071610  $   341224222  $     1929360  $       0      $       0      $      97      $           0  $              $0.374704      $10538935.000000      $25.561085 $25.130438 $0.142093 $     1.02  $   176.86  
55006 $ 12979   $   803091502  $  4232960122     $    44746886  $   140260510  $   139667514  $      275501  $      36      $       0      $      97      $           0  $              $0.189723      $44746888.000000      $10.329888 $10.286216 $0.020290 $     1.00  $   506.96  
