PID   $time     $Instr Ret     $Unh Clk Cycles   $l2 trans reqs $l1lines       $l2lines       $Per Core bw   $Power         $Power2        $Power3        $bandwidth     $              $IPC           $MEM INTENSIITY$L2->L1 BW (MB)$L3->L2 BW (MB)$MM->L3 BW (MB)$L2 REUSE      $L3 REUSE      
57374 $  1004   $ 22331135682  $  8850803338     $     3932789  $   349423731  $   349492066  $     2401424  $      37      $       0      $      97      $           0  $              $2.523063      $3932789.000000      $22.274023 $22.278379 $0.153079 $     1.00  $   145.54  
57372 $  1004   $  4750149627  $  2231472072     $      638634  $      596722  $      633109  $       10677  $       0      $       0      $      97      $           0  $              $2.128707      $638634.000000      $0.038038 $0.040358 $0.000681 $     0.94  $    59.30  
57374 $  2007   $ 23441845699  $  9243732599     $     4104372  $   366607964  $   366659424  $     1784913  $      39      $       0      $      97      $           0  $              $2.535972      $4104372.000000      $23.392733 $23.396015 $0.113893 $     1.00  $   205.42  
57372 $  2007   $  4860580109  $  2283221848     $      657381  $      610148  $      648388  $        7670  $       0      $       0      $      97      $           0  $              $2.128825      $657381.000000      $0.038933 $0.041373 $0.000489 $     0.94  $    84.54  
57374 $  3010   $ 23364673737  $  9188786408     $     4096990  $   365588902  $   365617618  $     1599653  $      39      $       0      $      97      $           0  $              $2.542738      $4096990.000000      $23.327705 $23.329540 $0.102072 $     1.00  $   228.56  
57372 $  3010   $  4838975170  $  2268030241     $      652366  $      607331  $      644681  $        8671  $       0      $       0      $      97      $           0  $              $2.133559      $652366.000000      $0.038753 $0.041136 $0.000553 $     0.94  $    74.35  
57374 $  4013   $ 23305693032  $  9181363437     $     4080513  $   364443938  $   364526588  $     1710820  $      39      $       0      $      97      $           0  $              $2.538370      $4080513.000000      $23.254648 $23.259922 $0.109165 $     1.00  $   213.07  
57372 $  4013   $  4839159500  $  2267734177     $      662937  $      607022  $      645700  $        7064  $       0      $       0      $      97      $           0  $              $2.133918      $662937.000000      $0.038733 $0.041201 $0.000451 $     0.94  $    91.41  
57374 $  5016   $ 23287495723  $  9181421291     $     4074242  $   364192350  $   364240771  $     1748277  $      39      $       0      $      97      $           0  $              $2.536371      $4074242.000000      $23.238594 $23.241684 $0.111555 $     1.00  $   208.34  
57372 $  5016   $  4837162733  $  2267613278     $      654939  $      608085  $      648410  $        9021  $       0      $       0      $      97      $           0  $              $2.133152      $654939.000000      $0.038801 $0.041374 $0.000576 $     0.94  $    71.88  
57374 $  6019   $ 23463909975  $  9250285660     $     4109080  $   366954835  $   367006623  $     1742292  $      39      $       0      $      97      $           0  $              $2.536561      $4109080.000000      $23.414865 $23.418169 $0.111173 $     1.00  $   210.65  
57372 $  6019   $  4872403956  $  2285101481     $      654433  $      611315  $      650438  $        8913  $       0      $       0      $      97      $           0  $              $2.132248      $654433.000000      $0.039007 $0.041504 $0.000569 $     0.94  $    72.98  
57374 $  7021   $ 23363945043  $  9186886698     $     4096656  $   365577164  $   365612917  $     1588306  $      39      $       0      $      97      $           0  $              $2.543184      $4096656.000000      $23.350237 $23.352522 $0.101449 $     1.00  $   230.19  
57372 $  7021   $  4837305604  $  2268225878     $      651028  $      608595  $      647724  $        7997  $       0      $       0      $      97      $           0  $              $2.132639      $651028.000000      $0.038872 $0.041372 $0.000511 $     0.94  $    81.00  
57374 $  8024   $ 23286431425  $  9181117255     $     4073131  $   364174839  $   364224784  $     1732364  $      39      $       0      $      97      $           0  $              $2.536340      $4073131.000000      $23.237478 $23.240664 $0.110540 $     1.00  $   210.25  
57372 $  8024   $  4834840438  $  2268116958     $      651043  $      606639  $      644021  $        9388  $       0      $       0      $      97      $           0  $              $2.131654      $651043.000000      $0.038709 $0.041094 $0.000599 $     0.94  $    68.60  
57374 $  9027   $ 23285267263  $  9180878571     $     4076386  $   364157450  $   364206893  $     1752831  $      39      $       0      $      97      $           0  $              $2.536278      $4076386.000000      $23.236366 $23.239521 $0.111846 $     1.00  $   207.78  
57372 $  9027   $  4836855312  $  2267989738     $      655455  $      607067  $      649141  $        8448  $       0      $       0      $      97      $           0  $              $2.132662      $655455.000000      $0.038736 $0.041421 $0.000539 $     0.94  $    76.84  
57374 $ 10030   $ 23553537529  $  9261527662     $     4124882  $   368542944  $   368577582  $     1605091  $      39      $       0      $      97      $           0  $              $2.543159      $4124882.000000      $23.516199 $23.518410 $0.102419 $     1.00  $   229.63  
57372 $ 10030   $  4868712837  $  2286522085     $      655006  $      611052  $      649051  $        7919  $       0      $       0      $      97      $           0  $              $2.129309      $655006.000000      $0.038990 $0.041415 $0.000505 $     0.94  $    81.96  
57374 $ 11033   $ 23288062492  $  9181128255     $     4074107  $   364196365  $   364250028  $     1717172  $      39      $       0      $      97      $           0  $              $2.536514      $4074107.000000      $23.238850 $23.242273 $0.109570 $     1.00  $   212.12  
57372 $ 11033   $  4835961510  $  2267702595     $      651994  $      607309  $      648728  $       10126  $       0      $       0      $      97      $           0  $              $2.132538      $651994.000000      $0.038752 $0.041394 $0.000646 $     0.94  $    64.07  
57374 $ 12035   $ 23284757675  $  9181001596     $     4074808  $   364147048  $   364197640  $     1731425  $      39      $       0      $      97      $           0  $              $2.536189      $4074808.000000      $23.258892 $23.262125 $0.110590 $     1.00  $   210.35  
57372 $ 12036   $  4833038122  $  2268082700     $      657839  $      605969  $      647728  $        8714  $       0      $       0      $      97      $           0  $              $2.130892      $657839.000000      $0.038666 $0.041331 $0.000556 $     0.94  $    74.33  
57374 $ 13038   $ 23286985751  $  9181835953     $     4076185  $   364184951  $   364235502  $     1747277  $      39      $       0      $      97      $           0  $              $2.536201      $4076185.000000      $23.238123 $23.241346 $0.111491 $     1.00  $   208.46  
57372 $ 13039   $  4832029233  $  2268330170     $      653134  $      606235  $      647159  $        7629  $       0      $       0      $      97      $           0  $              $2.130214      $653134.000000      $0.038683 $0.041294 $0.000487 $     0.94  $    84.83  
57374 $ 14040   $ 23568863608  $  9267569048     $     4133324  $   368782301  $   368820087  $     1583708  $      39      $       0      $      97      $           0  $              $2.543155      $4133324.000000      $23.554958 $23.557371 $0.101155 $     1.00  $   232.88  
57372 $ 14041   $  4871435226  $  2288154118     $      649976  $      610944  $      649249  $        8933  $       0      $       0      $      97      $           0  $              $2.128980      $649976.000000      $0.039022 $0.041469 $0.000571 $     0.94  $    72.68  
57372 $ 14954   $  4432556812  $  2077729686     $      557112  $      556832  $      591391  $        8104  $       0      $       0      $      97      $           0  $              $2.133366      $557112.000000      $0.039033 $0.041456 $0.000568 $     0.94  $    72.98  
57374 $ 14953   $ 19481747231  $  7676014814     $     3471591  $   304712154  $   304745676  $     1364827  $      34      $       0      $      97      $           0  $              $2.538003      $3471591.000000      $21.359888 $21.362238 $0.095672 $     1.00  $   223.29  
57372 $ 15118   $   794085083  $   371903955     $       35317  $       99876  $      106629  $          15  $       0      $       0      $      97      $           0  $              $2.135188      $35317.000000      $0.038976 $0.041611 $0.000006 $     0.94  $  7108.60  
57372 $ 15120   $     4047083  $     1918924     $           5  $         508  $         493  $           1  $       0      $       0      $      97      $           0  $              $2.109038      $5.000000      $0.016256 $0.015776 $0.000032 $     1.03  $   493.00  
57372 $ 16123   $  4839229322  $  2264322435     $      689644  $      605492  $      640091  $        8507  $      38      $       0      $      97      $           0  $              $2.137164      $689644.000000      $0.038636 $0.040843 $0.000543 $     0.95  $    75.24  
57389 $  1003   $ 22648576562  $  8936417787     $     4015734  $   354482516  $   354517262  $     1667947  $       0      $       0      $      97      $           0  $              $2.534413      $4015734.000000      $22.619024 $22.621241 $0.106429 $     1.00  $   212.55  
57389 $  2006   $ 22985567427  $  9075146568     $     4069838  $   359231821  $   359230831  $      979991  $      38      $       0      $      97      $           0  $              $2.532804      $4069838.000000      $22.922070 $22.922007 $0.062532 $     1.00  $   366.57  
57372 $ 17126   $  4850897779  $  2268531805     $      642834  $      608844  $      642808  $        6099  $       0      $       0      $      97      $           0  $              $2.138343      $642834.000000      $0.038849 $0.041017 $0.000389 $     0.95  $   105.40  
57389 $  3008   $ 22847753727  $  9158911511     $     4109684  $   357559397  $   357564127  $     4943152  $      47      $       0      $      97      $           0  $              $2.494593      $4109684.000000      $22.838125 $22.838427 $0.315730 $     1.00  $    72.34  
57372 $ 18128   $ 10448691619  $  7719725586     $      139130  $    31801967  $    44023588  $    11327188  $       0      $       0      $      97      $           0  $              $1.353505      $139130.000000      $2.031263 $2.811886 $0.723493 $     0.72  $     3.89  
57389 $  4010   $ 22979810098  $  9159129815     $     4141589  $   359418930  $   359427319  $     1697449  $      48      $       0      $      97      $           0  $              $2.508951      $4141589.000000      $22.956898 $22.957434 $0.108420 $     1.00  $   211.75  
57372 $ 19130   $ 12365074011  $  9176361025     $       76143  $    28360528  $    44467295  $     7979741  $       0      $       0      $      97      $           0  $              $1.347492      $76143.000000      $1.811451 $2.840226 $0.509684 $     0.64  $     5.57  
57389 $  5012   $ 22987923862  $  9158534601     $     4145104  $   359546746  $   359554069  $     1686050  $      48      $       0      $      97      $           0  $              $2.510000      $4145104.000000      $22.965061 $22.965530 $0.107692 $     1.00  $   213.25  
57372 $ 20132   $ 12370194930  $  9175746146     $       75602  $    28385385  $    44493951  $     7984389  $       0      $       0      $      97      $           0  $              $1.348140      $75602.000000      $1.813038 $2.841929 $0.509981 $     0.64  $     5.57  
57389 $  6014   $ 23055121128  $  9166014435     $     4165092  $   360798662  $   360796024  $     1443901  $      48      $       0      $      97      $           0  $              $2.515283      $4165092.000000      $23.045025 $23.044857 $0.092225 $     1.00  $   249.88  
57372 $ 21134   $ 12384914987  $  9177063533     $       77021  $    28447627  $    44608874  $     7998904  $       0      $       0      $      97      $           0  $              $1.349551      $77021.000000      $1.817014 $2.849269 $0.510908 $     0.64  $     5.58  
57389 $  7016   $ 22977117359  $  9159024722     $     4145285  $   359374638  $   359383458  $     1689876  $      49      $       0      $      97      $           0  $              $2.508686      $4145285.000000      $22.954067 $22.954632 $0.107936 $     1.00  $   212.67  
57372 $ 22136   $ 12365049225  $  9175743456     $       76106  $    28359819  $    44471652  $     7980282  $       0      $       0      $      97      $           0  $              $1.347580      $76106.000000      $1.811406 $2.840505 $0.509719 $     0.64  $     5.57  
57389 $  8019   $ 22987975099  $  9160341636     $     4145020  $   359543125  $   359548534  $     1683112  $      48      $       0      $      97      $           0  $              $2.509511      $4145020.000000      $22.941935 $22.942280 $0.107397 $     1.00  $   213.62  
57372 $ 23139   $ 12368473062  $  9177782886     $       75671  $    28383584  $    44484190  $     7982907  $       0      $       0      $      97      $           0  $              $1.347654      $75671.000000      $1.811116 $2.838473 $0.509378 $     0.64  $     5.57  
57389 $  9022   $ 23054947282  $  9164553400     $     4163505  $   360797451  $   360794749  $     1435733  $      48      $       0      $      97      $           0  $              $2.515665      $4163505.000000      $23.021971 $23.021799 $0.091612 $     1.00  $   251.30  
57372 $ 24142   $ 12359680732  $  9175446567     $       76004  $    28356275  $    44454755  $     7977328  $       0      $       0      $      97      $           0  $              $1.347039      $76004.000000      $1.809373 $2.836595 $0.509022 $     0.64  $     5.57  
57389 $ 10024   $ 22982521996  $  9158997636     $     4146350  $   359462764  $   359471685  $     1683524  $      48      $       0      $      97      $           0  $              $2.509284      $4146350.000000      $22.959696 $22.960266 $0.107530 $     1.00  $   213.52  
57372 $ 25145   $ 12366623793  $  9175623496     $       76059  $    28364976  $    44476881  $     7981622  $       0      $       0      $      97      $           0  $              $1.347769      $76059.000000      $1.809929 $2.838006 $0.509296 $     0.64  $     5.57  
57389 $ 11026   $ 22975451968  $  9157089288     $     4141334  $   359347913  $   359353114  $     1683974  $      48      $       0      $      97      $           0  $              $2.509034      $4141334.000000      $22.952362 $22.952694 $0.107559 $     1.00  $   213.40  
57372 $ 26147   $ 12362531034  $  9173776091     $       75593  $    28371308  $    44465906  $     7979190  $       0      $       0      $      97      $           0  $              $1.347594      $75593.000000      $1.812139 $2.840137 $0.509649 $     0.64  $     5.57  
57389 $ 12028   $ 23076385745  $  9165797360     $     4163514  $   361133638  $   361133240  $     1431851  $      48      $       0      $      97      $           0  $              $2.517663      $4163514.000000      $23.066420 $23.066395 $0.091456 $     1.00  $   252.21  
57372 $ 27149   $ 12396980690  $  9177204740     $       77068  $    28472033  $    44652487  $     8006676  $       0      $       0      $      97      $           0  $              $1.350845      $77068.000000      $1.818573 $2.852055 $0.511404 $     0.64  $     5.58  
57389 $ 13030   $ 22983721595  $  9158589729     $     4141022  $   359477765  $   359485217  $     1685154  $      48      $       0      $      97      $           0  $              $2.509526      $4141022.000000      $22.960655 $22.961132 $0.107635 $     1.00  $   213.32  
57372 $ 28151   $ 12364863577  $  9175471678     $       77265  $    28364415  $    44473701  $     7980448  $       0      $       0      $      97      $           0  $              $1.347600      $77265.000000      $1.811699 $2.840636 $0.509729 $     0.64  $     5.57  
57389 $ 14032   $ 22961380587  $  9161198565     $     4140758  $   359127961  $   359131335  $     1674581  $      48      $       0      $      97      $           0  $              $2.506373      $4140758.000000      $22.938313 $22.938528 $0.106959 $     1.00  $   214.46  
57372 $ 29153   $ 12357168978  $  9178607262     $       78004  $    28345366  $    44445268  $     7975344  $       0      $       0      $      97      $           0  $              $1.346301      $78004.000000      $1.810483 $2.838820 $0.509403 $     0.64  $     5.57  
57389 $ 15035   $ 23065934182  $  9164375792     $     4168225  $   360972443  $   360971094  $     1447113  $      48      $       0      $      97      $           0  $              $2.516913      $4168225.000000      $23.033136 $23.033052 $0.092338 $     1.00  $   249.44  
57372 $ 30156   $ 12365524355  $  9174486368     $       76162  $    28373057  $    44475378  $     7980652  $       0      $       0      $      97      $           0  $              $1.347817      $76162.000000      $1.810444 $2.837910 $0.509234 $     0.64  $     5.57  
57372 $ 30297   $  1785890378  $  1308836477     $       10946  $     4110013  $     6440157  $     1153509  $       0      $       0      $      97      $           0  $              $1.364487      $10946.000000      $1.865538 $2.923192 $0.523579 $     0.64  $     5.58  
57389 $ 15176   $  1136987613  $   455594746     $      271059  $    17760734  $    17757659  $       45377  $       5      $       0      $      97      $           0  $              $2.495612      $271059.000000      $8.061610 $8.060214 $0.020597 $     1.00  $   391.34  
57372 $ 31248   $ 12321932647  $  9035209076     $       77251  $    28312033  $    44277872  $     7943612  $       0      $       0      $      97      $           0  $              $1.363768      $77251.000000      $1.905331 $2.979794 $0.534586 $     0.64  $     5.57  
57372 $ 31251   $     2165382  $     1591298     $           0  $        1892  $        1444  $        1416  $       0      $       0      $      97      $           0  $              $1.360765      $0.000000      $0.040363 $0.030805 $0.030208 $     1.31  $     1.02  
57372 $ 32254   $ 12124983130  $  9009461949     $       92508  $    27725112  $    43495261  $     7830283  $      48      $       0      $      97      $           0  $              $1.345805      $92508.000000      $1.769100 $2.775371 $0.499639 $     0.64  $     5.55  
57397 $  1003   $ 22248323699  $  8923789214     $     3945842  $   348178243  $   348247449  $     2896173  $       0      $       0      $      97      $           0  $              $2.493148      $3945842.000000      $22.216757 $22.221174 $0.184801 $     1.00  $   120.24  
57397 $  2005   $ 22651231656  $  9062070471     $     4057433  $   354091801  $   354126414  $     2220201  $      47      $       0      $      97      $           0  $              $2.499565      $4057433.000000      $22.616642 $22.618853 $0.141809 $     1.00  $   159.50  
57372 $ 33256   $ 11663656137  $  8740291768     $      117977  $    26476365  $    41413224  $     7498063  $       0      $       0      $      97      $           0  $              $1.334470      $117977.000000      $1.691105 $2.645156 $0.478918 $     0.64  $     5.52  
57397 $  3007   $ 22973563369  $  9158776346     $     4130355  $   359482929  $   359511033  $     2105199  $      48      $       0      $      97      $           0  $              $2.508366      $4130355.000000      $22.960987 $22.962782 $0.134464 $     1.00  $   170.77  
57372 $ 34258   $ 12372689441  $  9168985162     $       77183  $    28424753  $    44567303  $     7993331  $       0      $       0      $      97      $           0  $              $1.349407      $77183.000000      $1.815553 $2.846614 $0.510552 $     0.64  $     5.58  
57397 $  4009   $ 22891384059  $  9152316178     $     4109388  $   357997964  $   358034664  $     2353169  $      48      $       0      $      97      $           0  $              $2.501158      $4109388.000000      $22.866137 $22.868481 $0.150302 $     1.00  $   152.15  
57372 $ 35260   $ 12350469703  $  9169545732     $       75803  $    28361372  $    44414765  $     7973345  $       0      $       0      $      97      $           0  $              $1.346901      $75803.000000      $1.811505 $2.836871 $0.509276 $     0.64  $     5.57  
57397 $  5011   $ 22895656198  $  9152302613     $     4107799  $   358062706  $   358097986  $     2329490  $      48      $       0      $      97      $           0  $              $2.501628      $4107799.000000      $22.870274 $22.872526 $0.148790 $     1.00  $   153.72  
57372 $ 36262   $ 12353500002  $  9168269220     $       76552  $    28354039  $    44423146  $     7975263  $       0      $       0      $      97      $           0  $              $1.347419      $76552.000000      $1.811036 $2.837406 $0.509398 $     0.64  $     5.57  
57397 $  6014   $ 22981998273  $  9158592604     $     4135437  $   359615494  $   359646090  $     2111233  $      48      $       0      $      97      $           0  $              $2.509337      $4135437.000000      $22.946552 $22.948503 $0.134715 $     1.00  $   170.35  
57372 $ 37265   $ 12348524497  $  9167951649     $       75352  $    28315460  $    44406356  $     7971239  $       0      $       0      $      97      $           0  $              $1.346923      $75352.000000      $1.806769 $2.833506 $0.508633 $     0.64  $     5.57  
57397 $  7017   $ 22894271320  $  9152095950     $     4116564  $   358037815  $   358076671  $     2339220  $      48      $       0      $      97      $           0  $              $2.501533      $4116564.000000      $22.845882 $22.848362 $0.149262 $     1.00  $   153.08  
57372 $ 38268   $ 12348105560  $  9168883417     $       76595  $    28322061  $    44401631  $     7971177  $       0      $       0      $      97      $           0  $              $1.346740      $76595.000000      $1.807190 $2.833205 $0.508629 $     0.64  $     5.57  
57397 $  8020   $ 22889963970  $  9152660831     $     4112063  $   357972046  $   358007229  $     2332067  $      48      $       0      $      97      $           0  $              $2.500908      $4112063.000000      $22.841684 $22.843931 $0.148806 $     1.00  $   153.51  
57372 $ 39271   $ 12361450421  $  9169184501     $       75473  $    28397282  $    44494620  $     7983951  $       0      $       0      $      97      $           0  $              $1.348152      $75473.000000      $1.811990 $2.839138 $0.509445 $     0.64  $     5.57  
57397 $  9022   $ 22975449333  $  9157832468     $     4129704  $   359512570  $   359542065  $     2101976  $      48      $       0      $      97      $           0  $              $2.508830      $4129704.000000      $22.962879 $22.964764 $0.134258 $     1.00  $   171.05  
57372 $ 40274   $ 12366775619  $  9170211026     $       76106  $    28388767  $    44520488  $     7987582  $       0      $       0      $      97      $           0  $              $1.348581      $76106.000000      $1.811447 $2.840789 $0.509676 $     0.64  $     5.57  
57397 $ 10024   $ 22885229541  $  9151270639     $     4111516  $   357896619  $   357933116  $     2350739  $      48      $       0      $      97      $           0  $              $2.500771      $4111516.000000      $22.859663 $22.861996 $0.150147 $     1.00  $   152.26  
57372 $ 41276   $ 12343856669  $  9168251561     $       76702  $    28315967  $    44390010  $     7968315  $       0      $       0      $      97      $           0  $              $1.346370      $76702.000000      $1.808605 $2.835290 $0.508954 $     0.64  $     5.57  
57397 $ 11026   $ 22888529245  $  9151398134     $     4111948  $   357950648  $   357985886  $     2314567  $      48      $       0      $      97      $           0  $              $2.501096      $4111948.000000      $22.863115 $22.865366 $0.147837 $     1.00  $   154.67  
57372 $ 42278   $ 12343210589  $  9168547118     $       76842  $    28308612  $    44382870  $     7968002  $       0      $       0      $      97      $           0  $              $1.346256      $76842.000000      $1.808135 $2.834834 $0.508934 $     0.64  $     5.57  
57397 $ 12028   $ 22988431372  $  9159891452     $     4129283  $   359716392  $   359743424  $     2118025  $      49      $       0      $      97      $           0  $              $2.509684      $4129283.000000      $22.975897 $22.977623 $0.135283 $     1.00  $   169.85  
57372 $ 43280   $ 12354640030  $  9169888047     $       75810  $    28361378  $    44421021  $     7974771  $       0      $       0      $      97      $           0  $              $1.347305      $75810.000000      $1.811505 $2.837271 $0.509367 $     0.64  $     5.57  
57397 $ 13030   $ 22898583912  $  9151729822     $     4117529  $   358105759  $   358140684  $     2342449  $      49      $       0      $      97      $           0  $              $2.502105      $4117529.000000      $22.873022 $22.875252 $0.149618 $     1.00  $   152.89  
57372 $ 44282   $ 12349281726  $  9168028101     $       75591  $    28340574  $    44404529  $     7972059  $       0      $       0      $      97      $           0  $              $1.346994      $75591.000000      $1.810176 $2.836217 $0.509193 $     0.64  $     5.57  
57397 $ 14033   $ 22891499476  $  9151708582     $     4112613  $   357998698  $   358032326  $     2308410  $      49      $       0      $      97      $           0  $              $2.501336      $4112613.000000      $22.843386 $22.845531 $0.147296 $     1.00  $   155.10  
57372 $ 45285   $ 12373058559  $  9168269503     $       76769  $    28442022  $    44563163  $     7993772  $       0      $       0      $      97      $           0  $              $1.349552      $76769.000000      $1.814845 $2.843512 $0.510071 $     0.64  $     5.57  
57397 $ 15036   $ 22978769340  $  9159233249     $     4134914  $   359563761  $   359595711  $     2137510  $      49      $       0      $      97      $           0  $              $2.508809      $4134914.000000      $22.943253 $22.945290 $0.136391 $     1.00  $   168.23  
57372 $ 46288   $ 12348969080  $  9169009811     $       77004  $    28332542  $    44405012  $     7971442  $       0      $       0      $      97      $           0  $              $1.346816      $77004.000000      $1.807859 $2.833421 $0.508646 $     0.64  $     5.57  
57372 $ 46490   $  2503610970  $  1862074477     $       15563  $     5717778  $     8956755  $     1611472  $       0      $       0      $      97      $           0  $              $1.344528      $15563.000000      $1.811573 $2.837784 $0.510565 $     0.64  $     5.56  
57397 $ 15238   $  2770613186  $  1105102894     $      557670  $    43352463  $    43350243  $      185409  $       8      $       0      $      97      $           0  $              $2.507109      $557670.000000      $13.735435 $13.734731 $0.058743 $     1.00  $   233.81  
57372 $ 47369   $ 11403397238  $  8356906947     $       72371  $    26240282  $    41036137  $     7356249  $       0      $       0      $      97      $           0  $              $1.364548      $72371.000000      $1.910555 $2.987842 $0.535609 $     0.64  $     5.58  
57372 $ 47371   $     1582899  $     1182790     $           1  $        1259  $        1045  $        1021  $       0      $       0      $      97      $           0  $              $1.338276      $1.000000      $0.040288 $0.033440 $0.032672 $     1.20  $     1.02  
57372 $ 48374   $ 12125615980  $  9116051999     $       82581  $    27714050  $    43390867  $     7806083  $      48      $       0      $      97      $           0  $              $1.330139      $82581.000000      $1.768394 $2.768709 $0.498095 $     0.64  $     5.56  
57402 $  1003   $ 22100083742  $  8928965177     $     3838236  $   345803578  $   345938511  $     4558608  $       0      $       0      $      97      $           0  $              $2.475100      $3838236.000000      $22.065233 $22.073843 $0.290878 $     1.00  $    75.89  
57402 $  2006   $ 22566155337  $  9109478651     $     3961402  $   352678776  $   352816094  $     3917421  $      48      $       0      $      97      $           0  $              $2.477217      $3961402.000000      $22.503931 $22.512691 $0.249965 $     1.00  $    90.06  
57372 $ 49377   $ 12016493479  $  8963214541     $       74803  $    27445629  $    42979533  $     7754243  $       0      $       0      $      97      $           0  $              $1.340646      $74803.000000      $1.751266 $2.742463 $0.494787 $     0.64  $     5.54  
57402 $  3009   $ 22825214673  $  9165900237     $     4033456  $   357142650  $   357268677  $     3819189  $      49      $       0      $      97      $           0  $              $2.490232      $4033456.000000      $22.788763 $22.796804 $0.243697 $     1.00  $    93.55  
57372 $ 50380   $ 12324065781  $  9177247993     $       78158  $    28267757  $    44325682  $     7955964  $       0      $       0      $      97      $           0  $              $1.342893      $78158.000000      $1.803725 $2.828358 $0.507659 $     0.64  $     5.57  
57402 $  4012   $ 22745983434  $  9159274926     $     4013186  $   355708093  $   355845484  $     4043388  $      49      $       0      $      97      $           0  $              $2.483383      $4013186.000000      $22.697226 $22.705992 $0.258003 $     1.00  $    88.01  
57372 $ 51383   $ 12325057746  $  9176895212     $       76141  $    28284786  $    44334484  $     7956685  $       0      $       0      $      97      $           0  $              $1.343053      $76141.000000      $1.804812 $2.828920 $0.507705 $     0.64  $     5.57  
57402 $  5014   $ 22727442545  $  9159895386     $     4009064  $   355418751  $   355556032  $     4030122  $      49      $       0      $      97      $           0  $              $2.481190      $4009064.000000      $22.701397 $22.710165 $0.257413 $     1.00  $    88.22  
57372 $ 52386   $ 12340424722  $  9177340144     $       77621  $    28333243  $    44452255  $     7973025  $       0      $       0      $      97      $           0  $              $1.344662      $77621.000000      $1.807904 $2.836435 $0.508747 $     0.64  $     5.58  
57402 $  6016   $ 22822225765  $  9166549741     $     4031568  $   357097273  $   357224876  $     3838218  $      49      $       0      $      97      $           0  $              $2.489729      $4031568.000000      $22.808609 $22.816757 $0.245156 $     1.00  $    93.07  
57372 $ 53388   $ 12325266047  $  9177612204     $       76150  $    28277967  $    44329315  $     7956438  $       0      $       0      $      97      $           0  $              $1.342971      $76150.000000      $1.806178 $2.831414 $0.508196 $     0.64  $     5.57  
57402 $  7018   $ 22732005462  $  9159993504     $     4011068  $   355488356  $   355626572  $     4043878  $      49      $       0      $      97      $           0  $              $2.481662      $4011068.000000      $22.705843 $22.714670 $0.258292 $     1.00  $    87.94  
57372 $ 54390   $ 12318527912  $  9177410188     $       77574  $    28263642  $    44307228  $     7952627  $       0      $       0      $      97      $           0  $              $1.342266      $77574.000000      $1.805263 $2.830003 $0.507952 $     0.64  $     5.57  
57402 $  8020   $ 22807930396  $  9165313483     $     4027463  $   356876220  $   356998360  $     3808401  $      49      $       0      $      97      $           0  $              $2.488505      $4027463.000000      $22.794489 $22.802292 $0.243251 $     1.00  $    93.74  
57372 $ 55392   $ 12315373160  $  9177872233     $       77268  $    28234646  $    44294216  $     7950256  $       0      $       0      $      97      $           0  $              $1.341855      $77268.000000      $1.803411 $2.829171 $0.507801 $     0.64  $     5.57  
57402 $  9022   $ 22725050126  $  9160782098     $     4006229  $   355381406  $   355524242  $     4055191  $      49      $       0      $      97      $           0  $              $2.480689      $4006229.000000      $22.699013 $22.708136 $0.259014 $     1.00  $    87.67  
57372 $ 56394   $ 12314604159  $  9178356650     $       77446  $    28253078  $    44291410  $     7949823  $       0      $       0      $      97      $           0  $              $1.341700      $77446.000000      $1.804588 $2.828992 $0.507773 $     0.64  $     5.57  
57402 $ 10025   $ 22730373063  $  9158837889     $     4009256  $   355464462  $   355603769  $     4032995  $      49      $       0      $      97      $           0  $              $2.481797      $4009256.000000      $22.681679 $22.690571 $0.257340 $     1.00  $    88.17  
57372 $ 57396   $ 12342193888  $  9176278726     $       76395  $    28350602  $    44460954  $     7973942  $       0      $       0      $      97      $           0  $              $1.345011      $76395.000000      $1.810817 $2.839821 $0.509314 $     0.64  $     5.58  
57402 $ 11028   $ 22826051543  $  9167734136     $     4028985  $   357156498  $   357280216  $     3813033  $      49      $       0      $      97      $           0  $              $2.489825      $4028985.000000      $22.789648 $22.797543 $0.243304 $     1.00  $    93.70  
57372 $ 58399   $ 12321880724  $  9179064009     $       77262  $    28263319  $    44321321  $     7954411  $       0      $       0      $      97      $           0  $              $1.342390      $77262.000000      $1.803442 $2.828080 $0.507560 $     0.64  $     5.57  
57402 $ 12031   $ 22749826478  $  9160069567     $     4008014  $   355772051  $   355909581  $     4006983  $      49      $       0      $      97      $           0  $              $2.483587      $4008014.000000      $22.701307 $22.710083 $0.255680 $     1.00  $    88.82  
57372 $ 59402   $ 12323408934  $  9178160638     $       77703  $    28263122  $    44327766  $     7956244  $       0      $       0      $      97      $           0  $              $1.342688      $77703.000000      $1.803429 $2.828492 $0.507677 $     0.64  $     5.57  
57402 $ 13033   $ 22733628385  $  9159996881     $     4011984  $   355516959  $   355653565  $     4032378  $      49      $       0      $      97      $           0  $              $2.481838      $4011984.000000      $22.707670 $22.716396 $0.257557 $     1.00  $    88.20  
57372 $ 60404   $ 12317945492  $  9177502149     $       76411  $    28241177  $    44314587  $     7952859  $       0      $       0      $      97      $           0  $              $1.342189      $76411.000000      $1.803828 $2.830473 $0.507967 $     0.64  $     5.57  
57402 $ 14035   $ 22807582501  $  9168585460     $     4029870  $   356866240  $   356990454  $     3814430  $      49      $       0      $      97      $           0  $              $2.487579      $4029870.000000      $22.793852 $22.801786 $0.243636 $     1.00  $    93.59  
57372 $ 61406   $ 12316102969  $  9179802168     $       78213  $    28253656  $    44305271  $     7951790  $       0      $       0      $      97      $           0  $              $1.341652      $78213.000000      $1.804625 $2.829878 $0.507899 $     0.64  $     5.57  
57402 $ 15037   $ 22734813799  $  9159492488     $     4010478  $   355531059  $   355670763  $     4041295  $      49      $       0      $      97      $           0  $              $2.482104      $4010478.000000      $22.708572 $22.717493 $0.258127 $     1.00  $    88.01  
57372 $ 62408   $ 12317941912  $  9176760080     $       76471  $    28262275  $    44309252  $     7952255  $       0      $       0      $      97      $           0  $              $1.342297      $76471.000000      $1.805175 $2.830132 $0.507928 $     0.64  $     5.57  
57372 $ 62706   $  3748810735  $  2770270019     $       23316  $     8623996  $    13521888  $     2423089  $       0      $       0      $      97      $           0  $              $1.353229      $23316.000000      $1.852133 $2.904030 $0.520395 $     0.64  $     5.58  
57402 $ 15335   $  5071093593  $  2032867614     $      938085  $    79380928  $    79398090  $      734165  $      13      $       0      $      97      $           0  $              $2.494552      $938085.000000      $17.048252 $17.051939 $0.157673 $     1.00  $   108.15  
57372 $ 63484   $ 10147023237  $  7449125048     $       64291  $    23280055  $    36443670  $     6540187  $       0      $       0      $      97      $           0  $              $1.362177      $64291.000000      $1.915069 $2.997937 $0.538010 $     0.64  $     5.57  
57372 $ 63487   $     2041266  $     1510571     $           0  $        1790  $        1353  $        1322  $       0      $       0      $      97      $           0  $              $1.351321      $0.000000      $0.038187 $0.028864 $0.028203 $     1.32  $     1.02  
57372 $ 64490   $ 12318104297  $  9127140385     $       80767  $    28260835  $    44287472  $     7948937  $      48      $       0      $      97      $           0  $              $1.349613      $80767.000000      $1.803284 $2.825920 $0.507210 $     0.64  $     5.57  
57418 $  1003   $ 22263360966  $  8922109572     $     3971212  $   348387656  $   348495621  $     3877954  $       0      $       0      $      97      $           0  $              $2.495302      $3971212.000000      $22.230120 $22.237009 $0.247447 $     1.00  $    89.87  
57418 $  2005   $ 22693630727  $  9098797374     $     4065613  $   354539582  $   354612164  $     3241286  $      48      $       0      $      97      $           0  $              $2.494135      $4065613.000000      $22.645243 $22.649878 $0.207028 $     1.00  $   109.40  
57372 $ 65492   $ 12039383691  $  8925025947     $       76228  $    27392541  $    42882517  $     7760329  $       0      $       0      $      97      $           0  $              $1.348947      $76228.000000      $1.749623 $2.739003 $0.495670 $     0.64  $     5.53  
57418 $  3007   $ 23009043618  $  9163110524     $     4143387  $   360005721  $   360071724  $     3119332  $      49      $       0      $      97      $           0  $              $2.511052      $4143387.000000      $22.994377 $22.998592 $0.199239 $     1.00  $   115.43  
57372 $ 66494   $ 12424514006  $  9175399728     $       77238  $    28469319  $    44668329  $     8020867  $       0      $       0      $      97      $           0  $              $1.354111      $77238.000000      $1.818400 $2.853067 $0.512311 $     0.64  $     5.57  
57418 $  4010   $ 22925942208  $  9154666999     $     4122468  $   358496110  $   358570886  $     3360140  $      49      $       0      $      97      $           0  $              $2.504290      $4122468.000000      $22.875124 $22.879896 $0.214406 $     1.00  $   106.71  
57372 $ 67497   $ 12424950117  $  9173035881     $       76095  $    28494837  $    44673940  $     8021196  $       0      $       0      $      97      $           0  $              $1.354508      $76095.000000      $1.818215 $2.850580 $0.511821 $     0.64  $     5.57  
57418 $  5013   $ 22920840046  $  9154619186     $     4125035  $   358423111  $   358499644  $     3350538  $      49      $       0      $      97      $           0  $              $2.503746      $4125035.000000      $22.870468 $22.875351 $0.213793 $     1.00  $   107.00  
57372 $ 68500   $ 12421770045  $  9172313063     $       76203  $    28488771  $    44659357  $     8019034  $       0      $       0      $      97      $           0  $              $1.354268      $76203.000000      $1.817828 $2.849650 $0.511683 $     0.64  $     5.57  
57418 $  6015   $ 23013756105  $  9162202376     $     4145170  $   360077258  $   360145052  $     3122514  $      49      $       0      $      97      $           0  $              $2.511815      $4145170.000000      $22.998945 $23.003277 $0.199442 $     1.00  $   115.34  
57372 $ 69503   $ 12425294538  $  9173701506     $       76180  $    28514562  $    44677443  $     8021300  $       0      $       0      $      97      $           0  $              $1.354447      $76180.000000      $1.819474 $2.850804 $0.511828 $     0.64  $     5.57  
57418 $  7017   $ 22921216772  $  9154941158     $     4125342  $   358424868  $   358502248  $     3339166  $      49      $       0      $      97      $           0  $              $2.503699      $4125342.000000      $22.893404 $22.898346 $0.213280 $     1.00  $   107.36  
57372 $ 70505   $ 12447270738  $  9173683514     $       77150  $    28604245  $    44818022  $     8041455  $       0      $       0      $      97      $           0  $              $1.356845      $77150.000000      $1.827018 $2.862628 $0.513626 $     0.64  $     5.57  
57418 $  8019   $ 22913045596  $  9154154306     $     4121968  $   358296915  $   358372106  $     3339572  $      49      $       0      $      97      $           0  $              $2.503022      $4121968.000000      $22.885233 $22.890034 $0.213306 $     1.00  $   107.31  
57372 $ 71507   $ 12418563943  $  9172498453     $       77367  $    28477077  $    44648902  $     8016834  $       0      $       0      $      97      $           0  $              $1.353891      $77367.000000      $1.818895 $2.851826 $0.512053 $     0.64  $     5.57  
57418 $  9021   $ 23282369277  $  9238793860     $     4168042  $   364285884  $   364351754  $     2800786  $      46      $       0      $      97      $           0  $              $2.520066      $4168042.000000      $23.267761 $23.271967 $0.178893 $     1.00  $   130.09  
57372 $ 72509   $  9492357977  $  7659835461     $      214526  $    19223689  $    30089532  $     5406483  $       0      $       0      $      97      $           0  $              $1.239238      $214526.000000      $1.227860 $1.921886 $0.345324 $     0.64  $     5.57  
57418 $ 10023   $ 23247877296  $  9181693985     $     4110018  $   363550558  $   363608271  $     2226311  $      39      $       0      $      97      $           0  $              $2.531981      $4110018.000000      $23.220795 $23.224480 $0.142200 $     1.00  $   163.32  
57372 $ 73511   $  3825900448  $  2267213519     $      569455  $      503288  $      533870  $       93607  $       0      $       0      $      97      $           0  $              $1.687490      $569455.000000      $0.032146 $0.034099 $0.005979 $     0.94  $     5.70  
57418 $ 11026   $ 23964269323  $  9461896085     $     4228320  $   374772318  $   374831217  $     2267573  $      39      $       0      $      97      $           0  $              $2.532713      $4228320.000000      $23.913687 $23.917446 $0.144691 $     1.00  $   165.30  
57372 $ 74514   $  3940297954  $  2335078076     $      567310  $      517613  $      549770  $       95689  $       0      $       0      $      97      $           0  $              $1.687437      $567310.000000      $0.033028 $0.035080 $0.006106 $     0.94  $     5.75  
57418 $ 12029   $ 23330275338  $  9187633553     $     4126877  $   365038972  $   365089211  $     2080260  $      39      $       0      $      97      $           0  $              $2.539313      $4126877.000000      $23.292616 $23.295822 $0.132738 $     1.00  $   175.50  
57372 $ 75517   $  3827390936  $  2268524064     $      566689  $      503323  $      534314  $       92470  $       0      $       0      $      97      $           0  $              $1.687172      $566689.000000      $0.032116 $0.034094 $0.005900 $     0.94  $     5.78  
57418 $ 13032   $ 23251770101  $  9182001584     $     4105768  $   363612354  $   363678241  $     2220966  $      39      $       0      $      97      $           0  $              $2.532320      $4105768.000000      $23.201586 $23.205790 $0.141717 $     1.00  $   163.75  
57372 $ 76520   $  3827398318  $  2268133968     $      564101  $      503315  $      534295  $       92163  $       0      $       0      $      97      $           0  $              $1.687466      $564101.000000      $0.032116 $0.034093 $0.005881 $     0.94  $     5.80  
57418 $ 14035   $ 23250698029  $  9181160673     $     4109712  $   363592918  $   363653122  $     2213018  $      39      $       0      $      97      $           0  $              $2.532436      $4109712.000000      $23.200346 $23.204187 $0.141210 $     1.00  $   164.32  
57372 $ 77523   $  3827836698  $  2268711116     $      565672  $      503810  $      533908  $       93206  $       0      $       0      $      97      $           0  $              $1.687230      $565672.000000      $0.032147 $0.034068 $0.005947 $     0.94  $     5.73  
57372 $ 78537   $  4010813699  $  2376647128     $      541916  $      526796  $      559538  $       95571  $       0      $       0      $      97      $           0  $              $1.687593      $541916.000000      $0.033249 $0.035316 $0.006032 $     0.94  $     5.85  
57418 $ 15049   $ 22689368298  $  8945220389     $     4064268  $   354952230  $   355004793  $     2034114  $      38      $       0      $      97      $           0  $              $2.536479      $4064268.000000      $22.403296 $22.406614 $0.128386 $     1.00  $   174.53  
57372 $ 78591   $   208459446  $   123341465     $        7661  $       27192  $       29408  $        4181  $       0      $       0      $      97      $           0  $              $1.690100      $7661.000000      $0.032228 $0.034854 $0.004955 $     0.92  $     7.03  
57372 $ 78593   $     2622646  $     1602607     $           0  $         342  $         372  $          40  $       0      $       0      $      97      $           0  $              $1.636487      $0.000000      $0.010944 $0.011904 $0.001280 $     0.92  $     9.30  
57372 $ 79596   $  3824228219  $  2268709871     $      573278  $      497011  $      535866  $       83187  $      38      $       0      $      97      $           0  $              $1.685640      $573278.000000      $0.031714 $0.034193 $0.005308 $     0.93  $     6.44  
57423 $  1003   $ 22686291613  $  8957913611     $     3997926  $   355062575  $   355074588  $     1505186  $       0      $       0      $      97      $           0  $              $2.532542      $3997926.000000      $22.656036 $22.656803 $0.096044 $     1.00  $   235.90  
57423 $  2006   $ 22881974266  $  9085911049     $     4023774  $   357265803  $   357247846  $      877882  $      38      $       0      $      97      $           0  $              $2.518402      $4023774.000000      $22.796621 $22.795475 $0.056016 $     1.00  $   406.94  
57372 $ 80599   $  3040039019  $  1802786217     $      596340  $      397035  $      427615  $       65492  $       0      $       0      $      97      $           0  $              $1.686300      $596340.000000      $0.025334 $0.027286 $0.004179 $     0.93  $     6.53  
57423 $  3008   $ 23492531160  $  9213826009     $     4136802  $   367663951  $   367682950  $      442535  $      37      $       0      $      97      $           0  $              $2.549704      $4136802.000000      $23.483524 $23.484739 $0.028266 $     1.00  $   830.86  
57372 $ 81601   $           0  $           0     $      731904  $           0  $           0  $           0  $       0      $       0      $      97      $           0  $              $-nan      $731904.000000      $0.000000 $0.000000 $0.000000 $     0.00  $     0.00  
57423 $  4011   $ 24192254490  $  9510808742     $     4260164  $   378430955  $   378483543  $      519668  $      36      $       0      $      97      $           0  $              $2.543659      $4260164.000000      $24.147139 $24.150496 $0.033159 $     1.00  $   728.32  
57372 $ 82604   $           0  $           0     $      781793  $          17  $          17  $          16  $       0      $       0      $      97      $           0  $              $-nan      $781793.000000      $0.000001 $0.000001 $0.000001 $     1.00  $     1.06  
57423 $  4165   $  3523567083  $  1407117070     $      620147  $    55012435  $    55013974  $      327172  $       5      $       0      $      97      $           0  $              $2.504104      $620147.000000      $22.862310 $22.862951 $0.135968 $     1.00  $   168.15  
57372 $ 82758   $       15039  $      331345     $      239391  $         789  $        1725  $         352  $       0      $       0      $      97      $           0  $              $0.045388      $239391.000000      $0.000328 $0.000717 $0.000146 $     0.46  $     4.90  
