PID   $time     $Instr Ret     $Unh Clk Cycles   $l2 trans reqs $l1lines       $l2lines       $Per Core bw   $Power         $Power2        $Power3        $bandwidth     $              $IPC           $MEM INTENSIITY$L2->L1 BW (MB)$L3->L2 BW (MB)$MM->L3 BW (MB)$L2 REUSE      $L3 REUSE      
61736 $  1003   $  4239374792  $  5118929663     $     1090137  $   158848947  $    29570356  $    14631099  $      37      $       0      $      97      $           0  $              $0.828176      $1090137.000000      $10.135924 $1.886842 $0.933590 $     5.37  $     2.02  
61734 $  1003   $  3337692182  $  8749525042     $    39110199  $   229234398  $   184406257  $    33839754  $       0      $       0      $      97      $           0  $              $0.381471      $39110200.000000      $14.627120 $11.766701 $2.159266 $     1.24  $     5.45  
61736 $  2005   $  4914262090  $  5870115355     $     2646197  $   195849431  $    41060424  $    24695208  $      39      $       0      $      97      $           0  $              $0.837166      $2646197.000000      $12.509344 $2.622622 $1.577339 $     4.77  $     1.66  
61734 $  2005   $  3452738677  $  9340038075     $    42546147  $   248194411  $   200657516  $    38020329  $       0      $       0      $      97      $           0  $              $0.369671      $42546148.000000      $15.852737 $12.816448 $2.428444 $     1.24  $     5.28  
61736 $  3007   $ 16559045976  $  9002616351     $    11874146  $   771034323  $   127890133  $    64863814  $      48      $       0      $      97      $           0  $              $1.839359      $11874146.000000      $49.247700 $8.168632 $4.142998 $     6.03  $     1.97  
61734 $  3007   $  3328334517  $  9125194948     $    46309245  $   259400235  $   208370826  $    39025055  $       0      $       0      $      97      $           0  $              $0.364741      $46309244.000000      $16.568478 $13.309115 $2.492618 $     1.24  $     5.34  
61734 $  3275   $   961053652  $  2487090927     $    10285283  $    61720279  $    49569609  $    10522410  $       0      $       0      $      97      $           0  $              $0.386417      $10285283.000000      $14.739171 $11.837519 $2.512814 $     1.25  $     4.71  
61736 $  3275   $  2743991138  $  1298103507     $      807959  $   123934378  $    15974548  $     7505970  $      10      $       0      $      97      $           0  $              $2.113846      $807959.000000      $29.596270 $3.814817 $1.792470 $     7.76  $     2.13  
61734 $  4111   $  3022853260  $  8162190704     $    40279597  $   234601937  $   190363085  $    33532267  $       0      $       0      $      97      $           0  $              $0.370348      $40279596.000000      $17.959957 $14.573251 $2.567064 $     1.23  $     5.68  
61734 $  4113   $      538231  $     1502413     $           5  $       17011  $       16858  $       16432  $       0      $       0      $      97      $           0  $              $0.358244      $5.000000      $0.544352 $0.539456 $0.525824 $     1.01  $     1.03  
61734 $  5115   $  3339342949  $  8751458667     $    42393176  $   247248142  $   198277330  $    38019124  $      39      $       0      $      97      $           0  $              $0.381576      $42393176.000000      $15.792296 $12.664420 $2.428367 $     1.25  $     5.22  
61754 $  1002   $  3796175176  $  5034324770     $     1115671  $   136976016  $    36047507  $    13613249  $       0      $       0      $      97      $           0  $              $0.754058      $1115671.000000      $8.748967 $2.302436 $0.869509 $     3.80  $     2.65  
61754 $  2005   $  4970113308  $  5706871308     $     1825631  $   192126670  $    45283195  $    19915682  $      39      $       0      $      97      $           0  $              $0.870900      $1825631.000000      $12.259329 $2.889456 $1.270791 $     4.24  $     2.27  
61734 $  6118   $  3284144325  $  8928417682     $    46392638  $   264701019  $   214074391  $    37299740  $       0      $       0      $      97      $           0  $              $0.367831      $46392640.000000      $16.890196 $13.659781 $2.380043 $     1.24  $     5.74  
61754 $  3008   $ 15486499554  $  8993321825     $    11514888  $   713679864  $   162206800  $    60879640  $      48      $       0      $      97      $           0  $              $1.722000      $11514888.000000      $45.538895 $10.350184 $3.884643 $     4.40  $     2.66  
61734 $  7121   $  3306731504  $  9112929786     $    43316342  $   242174364  $   195507602  $    37104788  $       0      $       0      $      97      $           0  $              $0.362862      $43316344.000000      $15.452801 $12.475061 $2.367604 $     1.24  $     5.27  
61734 $  7508   $  1352918451  $  3572667865     $    17851299  $   100823936  $    80665999  $    15824863  $       0      $       0      $      97      $           0  $              $0.378686      $17851300.000000      $16.673725 $13.340114 $2.617032 $     1.25  $     5.10  
61754 $  3395   $  4531140184  $  2580838062     $     2994283  $   207680019  $    48083695  $    17579245  $      17      $       0      $      97      $           0  $              $1.755685      $2994283.000000      $34.345016 $7.951826 $2.907162 $     4.32  $     2.74  
61734 $  8202   $  2615664480  $  6873395440     $    33380288  $   197972652  $   159593030  $    29590978  $       0      $       0      $      97      $           0  $              $0.380549      $33380288.000000      $18.256844 $14.717512 $2.728851 $     1.24  $     5.39  
61734 $  8204   $      300721  $     1383475     $       15192  $       79196  $       65986  $        4002  $       0      $       0      $      97      $           0  $              $0.217366      $15192.000000      $2.534272 $2.111552 $0.128064 $     1.20  $    16.49  
61734 $  9207   $  3331121208  $  9064196047     $    44473588  $   256402266  $   207297058  $    37306822  $      39      $       0      $      97      $           0  $              $0.367503      $44473588.000000      $16.360664 $13.227329 $2.380495 $     1.24  $     5.56  
61759 $  1003   $  3745137690  $  5057320601     $     1064272  $   135883547  $    29904689  $    13439548  $       0      $       0      $      97      $           0  $              $0.740538      $1064272.000000      $8.670536 $1.908175 $0.857558 $     4.54  $     2.23  
61759 $  2005   $  5036546499  $  5739823141     $     1850788  $   196822797  $    40224895  $    20475194  $      39      $       0      $      97      $           0  $              $0.877474      $1850788.000000      $12.571516 $2.569255 $1.307797 $     4.89  $     1.96  
61734 $ 10209   $  3311325052  $  8974222848     $    41282132  $   239832547  $   193592671  $    36766317  $       0      $       0      $      97      $           0  $              $0.368982      $41282132.000000      $15.318645 $12.365201 $2.348347 $     1.24  $     5.27  
61759 $  2740   $ 11661643391  $  6548431083     $     8757307  $   541773899  $   102742711  $    45932461  $      35      $       0      $      97      $           0  $              $1.780830      $8757307.000000      $47.174870 $8.946304 $3.999561 $     5.27  $     2.24  
61734 $ 10944   $  2392774756  $  6644709254     $    35540523  $   197110277  $   158591722  $    28206974  $       0      $       0      $      97      $           0  $              $0.360102      $35540524.000000      $17.163343 $13.809348 $2.456117 $     1.24  $     5.62  
