PID   $time     $Instr Ret     $Unh Clk Cycles   $l2 trans reqs $l1lines       $l2lines       $Per Core bw   $Power         $Power2        $Power3        $bandwidth     $              $IPC           $MEM INTENSIITY$L2->L1 BW (MB)$L3->L2 BW (MB)$MM->L3 BW (MB)$L2 REUSE      $L3 REUSE      
60067 $  1003   $  3952417950  $  7263953642     $      154012  $    79438747  $    62349673  $    59585391  $      41      $       0      $      97      $           0  $              $0.544114      $154012.000000      $5.068873 $3.978444 $3.802059 $     1.27  $     1.05  
60065 $  1003   $  3837415608  $  8781238714     $    34256800  $   228039057  $   171829400  $    38524362  $       0      $       0      $      97      $           0  $              $0.437002      $34256800.000000      $14.550847 $10.964190 $2.458184 $     1.33  $     4.46  
60067 $  2005   $  4802201680  $  9059615962     $       55592  $    94582946  $    75322681  $    71852646  $      44      $       0      $      97      $           0  $              $0.530067      $55592.000000      $6.041226 $4.811029 $4.589391 $     1.26  $     1.05  
60065 $  2005   $  3992038630  $  9119932980     $    36207639  $   245406072  $   183801464  $    43483681  $       0      $       0      $      97      $           0  $              $0.437727      $36207640.000000      $15.674640 $11.739815 $2.777401 $     1.34  $     4.23  
60067 $  3007   $  4937048848  $  9051179106     $       58138  $   100100578  $    78774087  $    75221475  $      44      $       0      $      97      $           0  $              $0.545459      $58138.000000      $6.393650 $5.031479 $4.804565 $     1.27  $     1.05  
60065 $  3007   $  3948082266  $  9119056635     $    39383097  $   258403110  $   196348097  $    43886208  $       0      $       0      $      97      $           0  $              $0.432949      $39383096.000000      $16.504789 $12.541196 $2.803111 $     1.32  $     4.47  
60067 $  4010   $  4785936389  $  9060785848     $       56319  $    94455182  $    75221583  $    71718372  $      44      $       0      $      97      $           0  $              $0.528203      $56319.000000      $6.027050 $4.799782 $4.576247 $     1.26  $     1.05  
60065 $  4010   $  3958933855  $  9120133651     $    37833393  $   252871513  $   190040045  $    43508944  $       0      $       0      $      97      $           0  $              $0.434087      $37833392.000000      $16.135370 $12.126184 $2.776244 $     1.33  $     4.37  
60067 $  5013   $  4890161224  $  9052916610     $       55391  $    96736878  $    76831502  $    73241990  $      44      $       0      $      97      $           0  $              $0.540175      $55391.000000      $6.172642 $4.902509 $4.673467 $     1.26  $     1.05  
60065 $  5013   $  3993358511  $  9120774213     $    37772160  $   250995048  $   190168386  $    43950149  $       0      $       0      $      97      $           0  $              $0.437831      $37772160.000000      $16.015636 $12.134374 $2.804396 $     1.32  $     4.33  
60067 $  6016   $  4856195189  $  9058471435     $       59019  $    97827068  $    77215764  $    73769847  $      44      $       0      $      97      $           0  $              $0.536094      $59019.000000      $6.242206 $4.927028 $4.707149 $     1.27  $     1.05  
60065 $  6016   $  3920781339  $  9119433856     $    39791981  $   261975083  $   197652516  $    43532290  $       0      $       0      $      97      $           0  $              $0.429937      $39791980.000000      $16.716257 $12.611925 $2.777733 $     1.33  $     4.54  
60067 $  7018   $  4833803682  $  9059462779     $       55725  $    95010686  $    75723857  $    72230772  $      44      $       0      $      97      $           0  $              $0.533564      $55725.000000      $6.068547 $4.836654 $4.613542 $     1.25  $     1.05  
60065 $  7018   $  4001745114  $  9119610543     $    35777557  $   241681082  $   182363584  $    43712649  $       0      $       0      $      97      $           0  $              $0.438807      $35777556.000000      $15.436716 $11.647973 $2.792025 $     1.33  $     4.17  
60065 $  7727   $  2865196096  $  6537758892     $    27219801  $   183186638  $   138177105  $    31612310  $       0      $       0      $      97      $           0  $              $0.438254      $27219800.000000      $16.535889 $12.472968 $2.853580 $     1.33  $     4.37  
60067 $  7727   $  2846253950  $  5262833170     $      154586  $    57906856  $    45165705  $    43141230  $      30      $       0      $      97      $           0  $              $0.540822      $154586.000000      $5.227135 $4.077017 $3.894272 $     1.28  $     1.05  
60065 $  8141   $  1852370101  $  3909450413     $    19596988  $   134620703  $   101256577  $    21291410  $       0      $       0      $      97      $           0  $              $0.473819      $19596988.000000      $20.810930 $15.653191 $3.291426 $     1.33  $     4.76  
60065 $  8144   $     2601003  $     1153895     $          11  $       81478  $       40756  $       40701  $       0      $       0      $      97      $           0  $              $2.254107      $11.000000      $1.738197 $0.869461 $0.868288 $     2.00  $     1.00  
60085 $   941   $  3600563802  $  6744827739     $       71761  $    71262140  $    56328871  $    53793787  $       0      $       0      $      97      $           0  $              $0.533826      $71761.000000      $4.846735 $3.831082 $3.658664 $     1.27  $     1.05  
60065 $  9085   $  3610496975  $  8168533730     $    34395829  $   229273134  $   172882760  $    39652269  $      39      $       0      $      97      $           0  $              $0.442001      $34395828.000000      $15.593497 $11.758232 $2.696860 $     1.33  $     4.36  
