PID   $time     $Instr Ret     $Unh Clk Cycles   $l2 trans reqs $l1lines       $l2lines       $Per Core bw   $Power         $Power2        $Power3        $bandwidth     $              $IPC           $MEM INTENSIITY$L2->L1 BW (MB)$L3->L2 BW (MB)$MM->L3 BW (MB)$L2 REUSE      $L3 REUSE      
54426 $  1003   $  3301604064  $  9026296302     $     3302378  $   357255889  $   353045981  $     3720480  $      40      $       0      $      97      $           0  $              $0.365776      $3302378.000000      $22.795990 $22.527361 $0.237399 $     1.01  $    94.89  
54424 $  1004   $  4383908306  $  5176482502     $    12774457  $   165882946  $    31051618  $    14668810  $       0      $       0      $      97      $           0  $              $0.846889      $12774457.000000      $10.574211 $1.979386 $0.935064 $     5.34  $     2.12  
54426 $  2005   $  3340141259  $  9343083752     $     4031874  $   377584664  $   372279968  $     4031990  $      42      $       0      $      97      $           0  $              $0.357499      $4031874.000000      $24.117184 $23.778360 $0.257532 $     1.01  $    92.33  
54424 $  2006   $  5817560527  $  5912792849     $    18071038  $   235978247  $    46361618  $    25187825  $       0      $       0      $      97      $           0  $              $0.983894      $18071038.000000      $15.072462 $2.961221 $1.608803 $     5.09  $     1.84  
54426 $  3007   $  3004050849  $  9095949156     $    11072761  $   342204712  $   335333865  $    11072503  $      51      $       0      $      97      $           0  $              $0.330263      $11072761.000000      $21.857386 $21.418530 $0.707226 $     1.02  $    30.29  
54424 $  3008   $ 17459464931  $  9002242896     $    35942946  $   811452501  $   134107273  $    65425716  $       0      $       0      $      97      $           0  $              $1.939457      $35942944.000000      $51.829300 $8.565734 $4.178888 $     6.05  $     2.05  
54426 $  3150   $   478127691  $  1368548675     $      722452  $    58194370  $    57615253  $      722435  $       5      $       0      $      97      $           0  $              $0.349368      $722452.000000      $26.045033 $25.785847 $0.323328 $     1.01  $    79.75  
54424 $  3152   $   778110824  $   351230385     $      623789  $    36243661  $     4048049  $     3086573  $       0      $       0      $      97      $           0  $              $2.215386      $623789.000000      $16.108294 $1.799133 $1.371810 $     8.95  $     1.31  
54426 $  4090   $  3031287292  $  8630953487     $      106022  $   382152813  $   379765155  $      106032  $      31      $       0      $      97      $           0  $              $0.351211      $106022.000000      $26.018913 $25.856350 $0.007219 $     1.01  $  3581.61  
54426 $  4092   $     1970964  $     5649966     $          36  $      248381  $      247085  $          30  $       0      $       0      $      97      $           0  $              $0.348845      $36.000000      $7.948192 $7.906720 $0.000960 $     1.01  $  8236.17  
54426 $  5094   $  3117432968  $  9177193406     $     4242246  $   394538491  $   390962608  $     4242196  $      40      $       0      $      97      $           0  $              $0.339694      $4242246.000000      $25.200064 $24.971664 $0.270959 $     1.01  $    92.16  
54444 $  1002   $  4212197774  $  5058535209     $    12283780  $   157563744  $    28999535  $    14229435  $       0      $       0      $      97      $           0  $              $0.832691      $12283780.000000      $10.063951 $1.852266 $0.908866 $     5.43  $     2.04  
54426 $  6096   $  3212364576  $  9361894201     $     4246515  $   388974730  $   384546063  $     4531585  $      42      $       0      $      97      $           0  $              $0.343132      $4246515.000000      $24.844692 $24.561823 $0.289443 $     1.01  $    84.86  
54444 $  2004   $  5626606719  $  5900640240     $    18892302  $   228292035  $    45119167  $    25956437  $       0      $       0      $      97      $           0  $              $0.953559      $18892302.000000      $14.581527 $2.881863 $1.657896 $     5.06  $     1.74  
54426 $  7098   $  3035927913  $  9124133553     $    11057476  $   345562592  $   338997757  $    11057423  $      51      $       0      $      97      $           0  $              $0.332736      $11057476.000000      $22.071861 $21.652552 $0.706263 $     1.02  $    30.66  
54444 $  3006   $ 17407622575  $  9005627264     $    37730764  $   807939510  $   131593102  $    66612077  $       0      $       0      $      97      $           0  $              $1.932972      $37730764.000000      $51.604919 $8.405149 $4.254663 $     6.14  $     1.98  
54426 $  7253   $   534224301  $  1472251643     $      902521  $    60322216  $    59535683  $      902535  $       6      $       0      $      97      $           0  $              $0.362862      $902521.000000      $24.907238 $24.582476 $0.372660 $     1.01  $    65.96  
54444 $  3161   $  1198577900  $   548389723     $     1132565  $    55349000  $     6511334  $     4400552  $       0      $       0      $      97      $           0  $              $2.185632      $1132565.000000      $22.853781 $2.688551 $1.817002 $     8.50  $     1.48  
54426 $  8170   $  3271831538  $  8723048248     $      416600  $   367329782  $   364391185  $      416584  $      33      $       0      $      97      $           0  $              $0.375079      $416600.000000      $25.636976 $25.431883 $0.029075 $     1.01  $   874.71  
54426 $  8172   $     2078454  $     5567921     $         753  $      233965  $      231880  $         747  $       0      $       0      $      97      $           0  $              $0.373291      $753.000000      $7.486880 $7.420160 $0.023904 $     1.01  $   310.42  
54426 $  9175   $  3213756109  $  9176112933     $     3587038  $   382396873  $   378183692  $     3586921  $      41      $       0      $      97      $           0  $              $0.350231      $3587038.000000      $24.400198 $24.131361 $0.228876 $     1.01  $   105.43  
54449 $  1003   $  4153464563  $  5065740314     $    12261564  $   154238044  $    35045166  $    14166419  $       0      $       0      $      97      $           0  $              $0.819913      $12261564.000000      $9.841710 $2.236182 $0.903939 $     4.40  $     2.47  
54426 $ 10178   $  3126482344  $  9359311279     $     3922333  $   396175044  $   392216432  $     3922319  $      42      $       0      $      97      $           0  $              $0.334051      $3922333.000000      $25.279364 $25.026772 $0.250278 $     1.01  $   100.00  
54449 $  2006   $  5453853633  $  5888392847     $    18674153  $   219578113  $    50384937  $    25663447  $       0      $       0      $      97      $           0  $              $0.926204      $18674152.000000      $14.010966 $3.214991 $1.637548 $     4.36  $     1.96  
54426 $ 11181   $  2791071972  $  9124925383     $    11097249  $   355780458  $   350740456  $    11096979  $      50      $       0      $      97      $           0  $              $0.305873      $11097249.000000      $22.701843 $22.380247 $0.708082 $     1.01  $    31.61  
54449 $  3009   $ 16591425446  $  9002887180     $    36538030  $   769154577  $   158746881  $    65215891  $       0      $       0      $      97      $           0  $              $1.842901      $36538032.000000      $49.078655 $10.129412 $4.161333 $     4.85  $     2.43  
54426 $ 11401   $   667813633  $  2035379661     $     1615827  $    84681597  $    83789657  $     1615798  $       9      $       0      $      97      $           0  $              $0.328103      $1615827.000000      $24.634647 $24.375174 $0.470050 $     1.01  $    51.86  
54449 $  3229   $  2383347064  $  1165756069     $     3206125  $   106617268  $    19713712  $     6644300  $       0      $       0      $      97      $           0  $              $2.044465      $3206125.000000      $31.015932 $5.734898 $1.932887 $     5.41  $     2.97  
54426 $ 11584   $   579736740  $  1647652144     $       20201  $    72004307  $    71556345  $       19482  $       6      $       0      $      97      $           0  $              $0.351856      $20201.000000      $25.181833 $25.025169 $0.006813 $     1.01  $  3672.95  
54454 $  1004   $  4419208851  $  5401846253     $    14910963  $   170191532  $    33385270  $    16763514  $      26      $       0      $      65      $           0  $              $0.818092      $14910963.000000      $10.848863 $2.128145 $1.068591 $     5.10  $     1.99  
