PID   $time     $Instr Ret     $Unh Clk Cycles   $l2 trans reqs $l1lines       $l2lines       $Per Core bw   $Power         $Power2        $Power3        $bandwidth     $              $IPC           $MEM INTENSIITY$L2->L1 BW (MB)$L3->L2 BW (MB)$MM->L3 BW (MB)$L2 REUSE      $L3 REUSE      
64847 $  1003   $ 14665126222  $  8796358043     $      671112  $  1849577906  $     6440083  $     5011010  $      50      $       0      $      97      $           0  $              $1.667182      $671112.000000      $118.018929 $0.410933 $0.319745 $   287.20  $     1.29  
64845 $  1003   $ 21418253679  $  8832555414     $      414687  $   347114927  $   424608985  $     2789715  $       0      $       0      $      97      $           0  $              $2.424922      $414687.000000      $22.148907 $27.093695 $0.178008 $     0.82  $   152.21  
64847 $  2005   $ 15279149348  $  9126572778     $      661315  $  1928085579  $     6325216  $     5098560  $      52      $       0      $      97      $           0  $              $1.674139      $661315.000000      $123.151176 $0.404006 $0.325657 $   304.83  $     1.24  
64845 $  2005   $ 22132773053  $  9132746809     $      307279  $   358160829  $   436922576  $     2486488  $       0      $       0      $      97      $           0  $              $2.423452      $307279.000000      $22.876539 $27.907228 $0.158818 $     0.82  $   175.72  
64847 $  3008   $ 15283409685  $  9129368348     $      661724  $  1928675145  $     6334939  $     5085241  $      52      $       0      $      97      $           0  $              $1.674093      $661724.000000      $123.066017 $0.404223 $0.324482 $   304.45  $     1.25  
64845 $  3008   $ 22251875679  $  9139821902     $      284636  $   360532508  $   443001217  $     2274379  $       0      $       0      $      97      $           0  $              $2.434607      $284636.000000      $23.005066 $28.267277 $0.145125 $     0.81  $   194.78  
64847 $  4011   $ 15283042359  $  9128584426     $      659667  $  1928573612  $     6324365  $     5085954  $      52      $       0      $      97      $           0  $              $1.674196      $659667.000000      $123.059532 $0.403549 $0.324527 $   304.94  $     1.24  
64845 $  4011   $ 22272150096  $  9140117332     $      280302  $   360602615  $   439092878  $     2244231  $       0      $       0      $      97      $           0  $              $2.436747      $280302.000000      $23.009539 $28.017889 $0.143201 $     0.82  $   195.65  
64847 $  5013   $ 15279687862  $  9127330259     $      660394  $  1928135269  $     6334575  $     5090945  $      52      $       0      $      97      $           0  $              $1.674059      $660394.000000      $123.154350 $0.404604 $0.325170 $   304.38  $     1.24  
64845 $  5014   $ 22251357742  $  9139441798     $      298566  $   360188540  $   439668984  $     2350414  $       0      $       0      $      97      $           0  $              $2.434652      $298566.000000      $22.983118 $28.054651 $0.149977 $     0.82  $   187.06  
64847 $  6015   $ 15279475548  $  9127812443     $      666900  $  1928132425  $     6315707  $     5119875  $      52      $       0      $      97      $           0  $              $1.673947      $666900.000000      $123.154167 $0.403398 $0.327018 $   305.29  $     1.23  
64845 $  6016   $ 22253127327  $  9139985523     $      296848  $   360179799  $   439837993  $     2392363  $       0      $       0      $      97      $           0  $              $2.434700      $296848.000000      $23.005497 $28.093445 $0.152806 $     0.82  $   183.85  
64847 $  7017   $ 15287821946  $  9132285550     $      664413  $  1929300783  $     6326801  $     5102640  $      52      $       0      $      97      $           0  $              $1.674041      $664413.000000      $123.228790 $0.404107 $0.325917 $   304.94  $     1.24  
64845 $  7018   $ 22265814483  $  9142681875     $      278943  $   360355290  $   439848863  $     2255302  $       0      $       0      $      97      $           0  $              $2.435370      $278943.000000      $23.016706 $28.094139 $0.144051 $     0.82  $   195.03  
64847 $  8019   $ 15330930559  $  9134374747     $      607045  $  1939465521  $     5996497  $     4872203  $      52      $       0      $      97      $           0  $              $1.678378      $607045.000000      $123.878036 $0.383010 $0.311199 $   323.43  $     1.23  
64845 $  8020   $ 22274161836  $  9139705148     $      276985  $   360490325  $   439402053  $     2267232  $       0      $       0      $      97      $           0  $              $2.437077      $276985.000000      $23.025331 $28.065599 $0.144813 $     0.82  $   193.81  
64847 $  9021   $ 15282826640  $  9128697558     $      661596  $  1928562021  $     6335047  $     5091113  $      52      $       0      $      97      $           0  $              $1.674152      $661596.000000      $123.181610 $0.404634 $0.325181 $   304.43  $     1.24  
64845 $  9022   $ 22275019813  $  9140581752     $      280111  $   360500837  $   438627138  $     2256304  $       0      $       0      $      97      $           0  $              $2.436937      $280111.000000      $23.026001 $28.016104 $0.144115 $     0.82  $   194.40  
64847 $ 10024   $ 15280224202  $  9129285858     $      662863  $  1928165847  $     6322969  $     5108776  $      52      $       0      $      97      $           0  $              $1.673759      $662863.000000      $123.033516 $0.403460 $0.325984 $   304.95  $     1.24  
64845 $ 10025   $ 22138644148  $  9133853026     $      334792  $   358162698  $   436271493  $     2689142  $       0      $       0      $      97      $           0  $              $2.423801      $334792.000000      $22.853851 $27.837862 $0.171590 $     0.82  $   162.23  
64847 $ 11027   $ 15281309476  $  9128052698     $      661089  $  1928327546  $     6335739  $     5101842  $      52      $       0      $      97      $           0  $              $1.674104      $661089.000000      $123.043831 $0.404274 $0.325541 $   304.36  $     1.24  
64845 $ 11028   $ 22249904270  $  9140252045     $      288408  $   360547666  $   443477836  $     2303134  $       0      $       0      $      97      $           0  $              $2.434277      $288408.000000      $23.006033 $28.297688 $0.146960 $     0.81  $   192.55  
64847 $ 12029   $ 15280635983  $  9128132022     $      661676  $  1928230700  $     6316328  $     5087493  $      52      $       0      $      97      $           0  $              $1.674016      $661676.000000      $123.160439 $0.403438 $0.324950 $   305.28  $     1.24  
64845 $ 12031   $ 22268154539  $  9138852490     $      287088  $   360542154  $   439086753  $     2269166  $       0      $       0      $      97      $           0  $              $2.436646      $287088.000000      $23.005680 $28.017500 $0.144792 $     0.82  $   193.50  
64847 $ 13031   $ 15283138917  $  9128542514     $      663291  $  1928667591  $     6325152  $     5084020  $      52      $       0      $      97      $           0  $              $1.674215      $663291.000000      $123.188354 $0.404002 $0.324728 $   304.92  $     1.24  
64845 $ 13033   $ 22251096803  $  9139527823     $      280581  $   360180952  $   439601289  $     2271889  $       0      $       0      $      97      $           0  $              $2.434600      $280581.000000      $23.005569 $28.078325 $0.145111 $     0.82  $   193.50  
64847 $ 13830   $ 12285735496  $  7344775516     $      544301  $  1548752293  $     5207278  $     4147523  $      40      $       0      $      97      $           0  $              $1.672718      $544301.000000      $124.055252 $0.417104 $0.332217 $   297.42  $     1.26  
64845 $ 13833   $ 15641134722  $  6401039818     $      199231  $   252741792  $   305525616  $     1571243  $       0      $       0      $      97      $           0  $              $2.443530      $199231.000000      $20.219343 $24.442051 $0.125699 $     0.83  $   194.45  
64847 $ 14128   $  4555051321  $  2712416733     $      159230  $   575475084  $     1855041  $     1277382  $      10      $       0      $      97      $           0  $              $1.679333      $159230.000000      $123.591965 $0.398398 $0.274337 $   310.22  $     1.45  
64847 $ 14130   $     8710763  $     5143858     $          89  $     1115819  $        2347  $        1476  $       0      $       0      $      97      $           0  $              $1.693430      $89.000000      $35.706207 $0.075104 $0.047232 $   475.42  $     1.59  
64865 $   427   $  8279158881  $  3639349483     $     1375633  $   134545853  $   162842562  $     9762862  $       0      $       0      $      97      $           0  $              $2.274901      $1375633.000000      $20.166124 $24.407316 $1.463286 $     0.83  $    16.68  
64847 $ 14557   $  6429066268  $  3852003444     $      220787  $   814568535  $     2362424  $     1913883  $      22      $       0      $      97      $           0  $              $1.669019      $220787.000000      $122.089897 $0.354087 $0.286858 $   344.80  $     1.23  
