PID   $time     $Instr Ret     $Unh Clk Cycles   $l2 trans reqs $l1lines       $l2lines       $Per Core bw   $Power         $Power2        $Power3        $bandwidth     $              $IPC           $MEM INTENSIITY$L2->L1 BW (MB)$L3->L2 BW (MB)$MM->L3 BW (MB)$L2 REUSE      $L3 REUSE      
60073 $    77   $   176951611  $   422585722     $       93346  $      582481  $      600097  $      524702  $       0      $       0      $      97      $           0  $              $0.418735      $93346.000000      $0.484140 $0.498782 $0.436116 $     0.97  $     1.14  
60075 $    77   $        2107  $       18403     $         114  $         233  $         525  $          52  $       1      $       0      $      97      $           0  $              $0.114492      $114.000000      $0.000194 $0.000436 $0.000043 $     0.44  $    10.10  
60073 $  1079   $  3656658084  $  9571764283     $    16757917  $   272937247  $   216825275  $    39376166  $       0      $       0      $      97      $           0  $              $0.382026      $16757917.000000      $17.433117 $13.849120 $2.515045 $     1.26  $     5.51  
60073 $  1081   $      301129  $     1371679     $        4005  $       79316  $       64913  $        4003  $       0      $       0      $      97      $           0  $              $0.219533      $4005.000000      $2.538112 $2.077216 $0.128096 $     1.22  $    16.22  
60073 $  1131   $    61267621  $   173565909     $      172323  $     3022880  $     2494366  $      231504  $       1      $       0      $      97      $           0  $              $0.352993      $172323.000000      $3.869286 $3.192788 $0.296325 $     1.21  $    10.77  
60087 $    50   $        2107  $       65160     $         295  $         217  $         506  $          48  $       0      $       0      $      97      $           0  $              $0.032336      $295.000000      $0.000278 $0.000648 $0.000061 $     0.43  $    10.54  
60073 $  2132   $  3197504516  $  8275615058     $    14050442  $   230718566  $   183473822  $    35043721  $      31      $       0      $      97      $           0  $              $0.386377      $14050442.000000      $14.751237 $11.730594 $2.240557 $     1.26  $     5.24  
60073 $  2134   $     1336811  $     6207110     $       27298  $      352187  $      292918  $       27295  $       0      $       0      $      97      $           0  $              $0.215368      $27298.000000      $11.269984 $9.373376 $0.873440 $     1.20  $    10.73  
60073 $  2213   $   277111575  $   744021848     $      462400  $     8179636  $     7016701  $     2093318  $       2      $       0      $      97      $           0  $              $0.372451      $462400.000000      $6.626541 $5.684416 $1.695853 $     1.17  $     3.35  
60092 $    79   $        2108  $       69572     $         309  $         239  $         519  $          64  $       0      $       0      $      97      $           0  $              $0.030300      $309.000000      $0.000194 $0.000420 $0.000052 $     0.46  $     8.11  
60073 $  3214   $  3621513943  $  9493084473     $    17014539  $   278166936  $   221403101  $    41209600  $      34      $       0      $      97      $           0  $              $0.381490      $17014540.000000      $17.784899 $14.155643 $2.634780 $     1.26  $     5.37  
60073 $  3216   $     1966682  $     4939522     $         678  $       13548  $       13449  $       13024  $       0      $       0      $      97      $           0  $              $0.398152      $678.000000      $0.433536 $0.430368 $0.416768 $     1.01  $     1.03  
60073 $  3292   $   278601711  $   710741415     $     2012568  $    32387124  $    25337120  $     4073163  $       2      $       0      $      97      $           0  $              $0.391987      $2012568.000000      $27.273367 $21.336523 $3.430032 $     1.28  $     6.22  
60094 $    76   $        2107  $       66819     $         291  $         214  $         504  $          47  $       0      $       0      $      97      $           0  $              $0.031533      $291.000000      $0.000180 $0.000424 $0.000040 $     0.42  $    10.72  
60073 $  4293   $  3574122688  $  9159379444     $    15526161  $   254273729  $   201885319  $    40119957  $      31      $       0      $      97      $           0  $              $0.390215      $15526161.000000      $16.257261 $12.907752 $2.565112 $     1.26  $     5.03  
60073 $  4295   $     1214144  $     5580148     $       15911  $      319823  $      261467  $       15906  $       0      $       0      $      97      $           0  $              $0.217583      $15911.000000      $10.234336 $8.366944 $0.508992 $     1.22  $    16.44  
60073 $  4383   $   243019153  $   828791404     $     1700964  $    28947112  $    23890254  $     2574903  $       2      $       0      $      97      $           0  $              $0.293221      $1700964.000000      $21.052444 $17.374731 $1.872657 $     1.21  $     9.28  
60096 $    88   $        2107  $       66879     $         311  $         233  $         522  $          64  $       0      $       0      $      65      $           0  $              $0.031505      $311.000000      $0.000169 $0.000380 $0.000047 $     0.45  $     8.16  
60073 $  5384   $  3720343766  $  9747857197     $    17089223  $   278871104  $   222102989  $    41881070  $      32      $       0      $      97      $           0  $              $0.381658      $17089224.000000      $17.829920 $14.200391 $2.677711 $     1.26  $     5.30  
60073 $  5386   $     2133004  $     5367920     $         874  $       14628  $       14513  $       14116  $       0      $       0      $      97      $           0  $              $0.397361      $874.000000      $0.468096 $0.464416 $0.451712 $     1.01  $     1.03  
60073 $  5470   $   302935092  $   787891218     $     2130178  $    34450188  $    27050678  $     4301594  $       2      $       0      $      97      $           0  $              $0.384488      $2130178.000000      $26.247763 $20.610041 $3.277405 $     1.27  $     6.29  
60098 $    85   $        2107  $       74872     $         314  $         241  $         525  $          66  $       0      $       0      $      65      $           0  $              $0.028141      $314.000000      $0.000181 $0.000395 $0.000050 $     0.46  $     7.95  
60073 $  6471   $  3638536042  $  9479883207     $    16607344  $   271301640  $   215844702  $    41097365  $      33      $       0      $      97      $           0  $              $0.383817      $16607344.000000      $17.345959 $13.800261 $2.627604 $     1.26  $     5.25  
60073 $  6473   $     1264901  $     5796906     $       16038  $      333201  $      272432  $       16033  $       0      $       0      $      97      $           0  $              $0.218203      $16038.000000      $10.662432 $8.717824 $0.513056 $     1.22  $    16.99  
60073 $  6561   $   300982665  $   824378300     $      627623  $    10874466  $     9240975  $     2350227  $       2      $       0      $      97      $           0  $              $0.365103      $627623.000000      $7.908702 $6.720709 $1.709256 $     1.18  $     3.93  
60100 $    88   $        2107  $       73400     $         368  $         299  $         574  $         109  $       0      $       0      $      65      $           0  $              $0.028706      $368.000000      $0.000217 $0.000417 $0.000079 $     0.52  $     5.27  
60073 $  7562   $  3617085183  $  9478185906     $    16996074  $   278124463  $   221367494  $    41170478  $      34      $       0      $      97      $           0  $              $0.381622      $16996074.000000      $17.782183 $14.153366 $2.632278 $     1.26  $     5.38  
60073 $  7564   $     2156956  $     5416613     $         713  $       14806  $       14689  $       14249  $       0      $       0      $      97      $           0  $              $0.398211      $713.000000      $0.473792 $0.470048 $0.455968 $     1.01  $     1.03  
60073 $  7656   $   320313332  $   861236141     $     2355893  $    38319065  $    30224908  $     4527721  $       3      $       0      $      97      $           0  $              $0.371923      $2355893.000000      $26.656740 $21.026024 $3.149719 $     1.27  $     6.68  
60102 $    93   $        2107  $       74609     $         332  $         256  $         551  $          84  $       0      $       0      $      97      $           0  $              $0.028241      $332.000000      $0.000176 $0.000379 $0.000058 $     0.46  $     6.56  
60073 $  8657   $  3563594899  $  9181643904     $    15879916  $   260021186  $   206550423  $    40258558  $      31      $       0      $      97      $           0  $              $0.388122      $15879916.000000      $16.624731 $13.206020 $2.573974 $     1.26  $     5.13  
60073 $  8659   $     1250298  $     5741612     $       20974  $      329361  $      269587  $       20966  $       0      $       0      $      97      $           0  $              $0.217761      $20974.000000      $10.539552 $8.626784 $0.670912 $     1.22  $    12.86  
60073 $  8735   $   231039962  $   709572791     $     1038944  $    17841235  $    14828092  $     2115235  $       2      $       0      $      97      $           0  $              $0.325604      $1038944.000000      $15.024199 $12.486814 $1.781250 $     1.20  $     7.01  
60104 $    76   $        2107  $       68294     $         283  $         211  $         499  $          32  $       0      $       0      $     113      $           0  $              $0.030852      $283.000000      $0.000178 $0.000420 $0.000027 $     0.42  $    15.59  
60073 $  9736   $  3643875597  $  9545396774     $    17027478  $   278327649  $   221565213  $    41361190  $      31      $       0      $      97      $           0  $              $0.381742      $17027478.000000      $17.795174 $14.166008 $2.644472 $     1.26  $     5.36  
60073 $  9738   $     2287998  $     5755450     $         765  $       15710  $       15593  $       15130  $       0      $       0      $      97      $           0  $              $0.397536      $765.000000      $0.502720 $0.498976 $0.484160 $     1.01  $     1.03  
60073 $  9802   $   281372475  $   596586191     $     1108217  $    17299660  $    13047415  $     3570515  $       2      $       0      $      97      $           0  $              $0.471638      $1108217.000000      $17.299660 $13.047415 $3.570515 $     1.33  $     3.65  
60106 $    65   $        2107  $       75024     $         276  $         198  $         477  $          17  $       0      $       0      $       0      $           0  $              $0.028084      $276.000000      $0.000195 $0.000470 $0.000017 $     0.42  $    28.06  
60073 $ 10430   $  2196484890  $  5904081165     $    10953173  $   179794884  $   143638776  $    24941328  $      21      $       0      $      97      $           0  $              $0.372028      $10953173.000000      $18.323046 $14.638348 $2.541791 $     1.25  $     5.76  
