PID   $time     $Instr Ret     $Unh Clk Cycles   $l2 trans reqs $l1lines       $l2lines       $Per Core bw   $Power         $Power2        $Power3        $bandwidth     $              $IPC           $MEM INTENSIITY$L2->L1 BW (MB)$L3->L2 BW (MB)$MM->L3 BW (MB)$L2 REUSE      $L3 REUSE      
62552 $  1002   $ 12016654586  $  8836375431     $     1765352  $   264637985  $   236684383  $    57038842  $      51      $       0      $      97      $           0  $              $1.359908      $1765352.000000      $16.903025 $15.117565 $3.643199 $     1.12  $     4.15  
62550 $  1002   $  4859541260  $  7728815744     $      153265  $   132209838  $   133903963  $   123575392  $       0      $       0      $      97      $           0  $              $0.628756      $153265.000000      $8.444541 $8.552748 $7.893039 $     0.99  $     1.08  
62552 $  2004   $ 11423469098  $  9118010280     $     1668152  $   252896954  $   225389039  $    54403077  $      52      $       0      $      97      $           0  $              $1.252847      $1668152.000000      $16.153099 $14.396107 $3.474847 $     1.12  $     4.14  
62550 $  2004   $  5425393358  $  9115902097     $      143721  $   170472292  $   170521103  $   165575525  $       0      $       0      $      97      $           0  $              $0.595157      $143721.000000      $10.888450 $10.891567 $10.575682 $     1.00  $     1.03  
62552 $  3006   $ 11415883750  $  9118677562     $     1695383  $   252710785  $   225170329  $    54345044  $      51      $       0      $      97      $           0  $              $1.251923      $1695383.000000      $16.141209 $14.382137 $3.471141 $     1.12  $     4.14  
62550 $  3006   $  5535328039  $  9116946927     $      137442  $   170679176  $   170728059  $   165773972  $       0      $       0      $      97      $           0  $              $0.607147      $137442.000000      $10.901664 $10.904786 $10.588357 $     1.00  $     1.03  
62552 $  4008   $ 11363230204  $  9118109912     $     1671264  $   251601637  $   224190436  $    54125820  $      51      $       0      $      97      $           0  $              $1.246226      $1671264.000000      $16.070364 $14.319549 $3.457138 $     1.12  $     4.14  
62550 $  4009   $  5444685257  $  9116567309     $      149740  $   172875483  $   172922337  $   167943007  $       0      $       0      $      97      $           0  $              $0.597230      $149740.000000      $11.030938 $11.033928 $10.716204 $     1.00  $     1.03  
62552 $  5011   $ 11383073804  $  9119884407     $     1685686  $   251971246  $   224520636  $    54202657  $      51      $       0      $      97      $           0  $              $1.248160      $1685686.000000      $16.077927 $14.326342 $3.458594 $     1.12  $     4.14  
62550 $  5012   $  5520313770  $  9117593106     $      147646  $   172027351  $   172076095  $   167115931  $       0      $       0      $      97      $           0  $              $0.605457      $147646.000000      $10.976820 $10.979930 $10.663429 $     1.00  $     1.03  
62552 $  6014   $ 11512752569  $  9118659299     $     1703089  $   255370842  $   227517387  $    54558213  $      51      $       0      $      97      $           0  $              $1.262549      $1703089.000000      $16.294849 $14.517560 $3.481282 $     1.12  $     4.17  
62550 $  6015   $  5449877871  $  9116379632     $      142892  $   170766931  $   170815617  $   165843722  $       0      $       0      $      97      $           0  $              $0.597812      $142892.000000      $10.896394 $10.899501 $10.582252 $     1.00  $     1.03  
62552 $  7017   $ 11406495843  $  9112022383     $     1675046  $   252486136  $   224991519  $    54310537  $      51      $       0      $      97      $           0  $              $1.251807      $1675046.000000      $16.110781 $14.356388 $3.465478 $     1.12  $     4.14  
62550 $  7018   $  5515614867  $  9110147893     $      139192  $   170779242  $   170827916  $   165883680  $       0      $       0      $      97      $           0  $              $0.605436      $139192.000000      $10.897181 $10.900286 $10.584801 $     1.00  $     1.03  
62552 $  8020   $ 14145433057  $  9220302565     $     2035494  $   310429224  $   279893811  $    63946283  $      49      $       0      $      97      $           0  $              $1.534161      $2035494.000000      $19.808046 $17.859627 $4.080321 $     1.11  $     4.38  
62550 $  8021   $  5964612993  $  7349933158     $      207433  $   120633246  $   120668331  $   117728375  $       0      $       0      $      97      $           0  $              $0.811519      $207433.000000      $7.697435 $7.699674 $7.512080 $     1.00  $     1.02  
62552 $  8282   $  4933193179  $  2510506580     $      763827  $   106761118  $    98050342  $    14512230  $      10      $       0      $      97      $           0  $              $1.965019      $763827.000000      $26.079052 $23.951229 $3.544972 $     1.09  $     6.76  
62550 $  8283   $    99870643  $    42295799     $      283938  $      782437  $      783890  $      782075  $       0      $       0      $      97      $           0  $              $2.361243      $283938.000000      $0.191130 $0.191485 $0.191041 $     1.00  $     1.00  
62552 $  9167   $ 16937203309  $  8433194293     $     2742291  $   364952012  $   336882483  $    38809464  $      34      $       0      $      97      $           0  $              $2.008397      $2742291.000000      $26.392010 $24.362123 $2.806560 $     1.08  $     8.68  
62552 $  9169   $    10491517  $     5220146     $        1712  $      226262  $      208596  $       22032  $       0      $       0      $      97      $           0  $              $2.009813      $1712.000000      $7.240384 $6.675072 $0.705024 $     1.08  $     9.47  
62552 $ 10171   $ 12671678655  $  9094559992     $     1861756  $   279805837  $   250266921  $    60127909  $      52      $       0      $      97      $           0  $              $1.393325      $1861756.000000      $17.871830 $15.985113 $3.840505 $     1.12  $     4.16  
62576 $  1002   $  4856118669  $  7739825736     $      106257  $   132252680  $   133957161  $   123448857  $       0      $       0      $      97      $           0  $              $0.627420      $106257.000000      $8.447277 $8.556146 $7.884957 $     0.99  $     1.09  
62552 $ 11173   $ 11422231851  $  9093331558     $     1697357  $   252854183  $   225295081  $    54374379  $      51      $       0      $      97      $           0  $              $1.256111      $1697357.000000      $16.150366 $14.390105 $3.473014 $     1.12  $     4.14  
62576 $  2004   $  5416588873  $  9091348293     $       74068  $   170080415  $   170131086  $   165182312  $       0      $       0      $      97      $           0  $              $0.595796      $74068.000000      $10.863420 $10.866656 $10.550567 $     1.00  $     1.03  
62552 $ 12175   $ 11511615763  $  9094265378     $     1693342  $   255330299  $   227492585  $    54553377  $      52      $       0      $      97      $           0  $              $1.265810      $1693342.000000      $16.308523 $14.530465 $3.484447 $     1.12  $     4.17  
62576 $  3006   $  5529467139  $  9092512127     $       77156  $   170644848  $   170695504  $   165711920  $       0      $       0      $      97      $           0  $              $0.608134      $77156.000000      $10.899471 $10.902707 $10.584394 $     1.00  $     1.03  
62552 $ 13178   $ 11360122975  $  9093336406     $     1658669  $   251424966  $   224070808  $    54092771  $      52      $       0      $      97      $           0  $              $1.249280      $1658669.000000      $16.043068 $14.297639 $3.451583 $     1.12  $     4.14  
62576 $  4009   $  5442845707  $  9091631518     $       80415  $   172483017  $   172531018  $   167556490  $       0      $       0      $      97      $           0  $              $0.598665      $80415.000000      $11.005896 $11.008959 $10.691541 $     1.00  $     1.03  
62552 $ 14181   $ 11393414617  $  9093750592     $     1689506  $   252286049  $   224793171  $    54254558  $      51      $       0      $      97      $           0  $              $1.252884      $1689506.000000      $16.098013 $14.343732 $3.461906 $     1.12  $     4.14  
62576 $  5012   $  5492608335  $  9091821639     $       76440  $   171387516  $   171437509  $   166467553  $       0      $       0      $      97      $           0  $              $0.604126      $76440.000000      $10.935993 $10.939182 $10.622057 $     1.00  $     1.03  
62552 $ 15184   $ 11412648643  $  9093678025     $     1675646  $   252603910  $   225108578  $    54327625  $      51      $       0      $      97      $           0  $              $1.255009      $1675646.000000      $16.118296 $14.363857 $3.466568 $     1.12  $     4.14  
62576 $  6015   $  5447227598  $  9091933033     $       74304  $   170173741  $   170223623  $   165267357  $       0      $       0      $      97      $           0  $              $0.599128      $74304.000000      $10.858544 $10.861726 $10.545475 $     1.00  $     1.03  
62552 $ 16187   $ 11401349084  $  9093379016     $     1691975  $   252396835  $   224886015  $    54286047  $      52      $       0      $      97      $           0  $              $1.253808      $1691975.000000      $16.105082 $14.349656 $3.463915 $     1.12  $     4.14  
62576 $  7018   $  5488811077  $  9091675609     $       77458  $   170858319  $   170906762  $   165943656  $       0      $       0      $      97      $           0  $              $0.603718      $77458.000000      $10.902225 $10.905317 $10.588628 $     1.00  $     1.03  
62552 $ 17190   $ 13924296109  $  9106119947     $     1998079  $   306030250  $   275805167  $    63111810  $      50      $       0      $      97      $           0  $              $1.529114      $1998079.000000      $19.527353 $17.598734 $4.027074 $     1.11  $     4.37  
62576 $  8021   $  5920047115  $  7398455797     $      158156  $   121777061  $   121813269  $   118780460  $       0      $       0      $      97      $           0  $              $0.800173      $158156.000000      $7.770421 $7.772731 $7.579212 $     1.00  $     1.03  
62552 $ 17439   $  4659723892  $  2347542537     $      703705  $   100991092  $    92666582  $    14479070  $      10      $       0      $      97      $           0  $              $1.984937      $703705.000000      $25.957548 $23.817917 $3.721528 $     1.09  $     6.40  
62576 $  8270   $   232927546  $    98196359     $      302690  $     1824064  $     1826106  $     1823388  $       0      $       0      $      97      $           0  $              $2.372059      $302690.000000      $0.468836 $0.469361 $0.468662 $     1.00  $     1.00  
62552 $ 18298   $ 16447895229  $  8190936495     $     2663942  $   354419526  $   327142665  $    37736957  $      33      $       0      $      97      $           0  $              $2.008060      $2663942.000000      $26.406111 $24.373842 $2.811601 $     1.08  $     8.67  
62552 $ 18300   $     9791016  $     4849343     $        1564  $      210311  $      194526  $       21241  $       0      $       0      $      97      $           0  $              $2.019040      $1564.000000      $6.729952 $6.224832 $0.679712 $     1.08  $     9.16  
62552 $ 19302   $ 12700089414  $  9103983748     $     1862332  $   280427615  $   250840482  $    60259623  $      52      $       0      $      97      $           0  $              $1.395004      $1862332.000000      $17.911545 $16.021748 $3.848918 $     1.12  $     4.16  
62581 $  1002   $  4850358623  $  7729744756     $      107142  $   132014526  $   133785419  $   123327975  $       0      $       0      $      97      $           0  $              $0.627493      $107142.000000      $8.432066 $8.545177 $7.877236 $     0.99  $     1.08  
62552 $ 20304   $ 11428448237  $  9103308140     $     1686153  $   252976590  $   225421636  $    54403092  $      51      $       0      $      97      $           0  $              $1.255417      $1686153.000000      $16.158186 $14.398188 $3.474848 $     1.12  $     4.14  
62581 $  2004   $  5422486363  $  9101079805     $       70045  $   170325475  $   170375020  $   165418655  $       0      $       0      $      97      $           0  $              $0.595807      $70045.000000      $10.879072 $10.882237 $10.565662 $     1.00  $     1.03  
62552 $ 21306   $ 11422639107  $  9103552909     $     1688840  $   252859194  $   225302626  $    54380495  $      51      $       0      $      97      $           0  $              $1.254745      $1688840.000000      $16.150688 $14.390587 $3.473405 $     1.12  $     4.14  
62581 $  3006   $  5525530977  $  9101406660     $       71263  $   170605641  $   170654411  $   165692665  $       0      $       0      $      97      $           0  $              $0.607107      $71263.000000      $10.896968 $10.900083 $10.583164 $     1.00  $     1.03  
62552 $ 22308   $ 11460156313  $  9102084876     $     1706051  $   254241710  $   226472622  $    54322272  $      52      $       0      $      97      $           0  $              $1.259069      $1706051.000000      $16.238991 $14.465318 $3.469686 $     1.12  $     4.17  
62581 $  4008   $  5450571910  $  9100308274     $       75333  $   172926316  $   172973010  $   167961377  $       0      $       0      $      97      $           0  $              $0.598944      $75333.000000      $11.045194 $11.048176 $10.728072 $     1.00  $     1.03  
62581 $  4043   $   176197235  $   305328852     $        4685  $     5458641  $     5461372  $     5301638  $       0      $       0      $      97      $           0  $              $0.577074      $4685.000000      $9.981515 $9.986508 $9.694424 $     1.00  $     1.03  
62552 $ 22343   $   338008401  $   278867621     $       58113  $     7247095  $     6448878  $     1544816  $       1      $       0      $      97      $           0  $              $1.212075      $58113.000000      $13.251831 $11.792234 $2.824806 $     1.12  $     4.17  
