PID   $time     $Instr Ret     $Unh Clk Cycles   $l2 trans reqs $l1lines       $l2lines       $Per Core bw   $Power         $Power2        $Power3        $bandwidth     $              $IPC           $MEM INTENSIITY$L2->L1 BW (MB)$L3->L2 BW (MB)$MM->L3 BW (MB)$L2 REUSE      $L3 REUSE      
58864 $  1003   $ 17552907258  $  8964890575     $     2963744  $   378543328  $   348128760  $    47576994  $      48      $       0      $      97      $           0  $              $1.957961      $2963744.000000      $24.154310 $22.213600 $3.035820 $     1.09  $     7.32  
58862 $  1003   $  1230937602  $  6917838733     $     3103784  $   243401379  $   242131904  $     3535674  $       0      $       0      $      97      $           0  $              $0.177937      $3103784.000000      $15.531095 $15.450091 $0.225606 $     1.01  $    68.48  
58864 $  2006   $ 18330896770  $  9224058468     $     2980343  $   396222838  $   364474454  $    48340183  $      48      $       0      $      97      $           0  $              $1.987292      $2980343.000000      $25.282415 $23.256596 $3.084518 $     1.09  $     7.54  
58862 $  2005   $  1168360130  $  6367596850     $     2798571  $   219455486  $   218312293  $     2862782  $       0      $       0      $      97      $           0  $              $0.183485      $2798571.000000      $14.017117 $13.944098 $0.182852 $     1.01  $    76.26  
58864 $  3008   $ 18596122958  $  9357083754     $     3000889  $   401825664  $   369786934  $    48483045  $      48      $       0      $      97      $           0  $              $1.987384      $3000889.000000      $25.665512 $23.619125 $3.096721 $     1.09  $     7.63  
58862 $  3007   $  1098891508  $  5879322076     $     2776370  $   199155932  $   198179256  $     2840571  $       0      $       0      $      97      $           0  $              $0.186908      $2776370.000000      $12.720539 $12.658156 $0.181434 $     1.00  $    69.77  
58864 $  4010   $ 18555855116  $  9363412487     $     2984023  $   400984783  $   368833523  $    48534909  $      47      $       0      $      97      $           0  $              $1.981740      $2984023.000000      $25.611801 $23.558229 $3.100034 $     1.09  $     7.60  
58862 $  4009   $   964128803  $  5210169522     $     2748323  $   178440303  $   177545769  $     2812900  $       0      $       0      $      97      $           0  $              $0.185048      $2748323.000000      $11.397385 $11.340249 $0.179666 $     1.01  $    63.12  
58864 $  5012   $ 18393164356  $  9258469626     $     2977223  $   397655340  $   365709924  $    48964159  $      49      $       0      $      97      $           0  $              $1.986631      $2977223.000000      $25.399143 $23.358717 $3.127451 $     1.09  $     7.47  
58862 $  5011   $  1245688318  $  6832639249     $     3017218  $   232888526  $   231756880  $     3014847  $       0      $       0      $      97      $           0  $              $0.182314      $3017218.000000      $14.875115 $14.802835 $0.192565 $     1.00  $    76.87  
58864 $  6014   $ 18345444987  $  9231270462     $     2986368  $   396442971  $   364793421  $    48550123  $      49      $       0      $      97      $           0  $              $1.987315      $2986368.000000      $25.321707 $23.300179 $3.101006 $     1.09  $     7.51  
58862 $  6013   $  1176529857  $  6514491423     $     2882126  $   227222602  $   226057589  $     2946363  $       0      $       0      $      97      $           0  $              $0.180602      $2882126.000000      $14.513221 $14.438807 $0.188191 $     1.01  $    76.72  
58864 $  7016   $ 18271795078  $  9221199357     $     3016817  $   394804349  $   363213314  $    48148269  $      48      $       0      $      97      $           0  $              $1.981499      $3016817.000000      $25.217045 $23.199253 $3.075338 $     1.09  $     7.54  
58862 $  7015   $  1054731662  $  5833033192     $     2759474  $   203376374  $   202335958  $     2824164  $       0      $       0      $      97      $           0  $              $0.180820      $2759474.000000      $12.990108 $12.923654 $0.180386 $     1.01  $    71.64  
58864 $  8018   $ 18611208134  $  9359829091     $     2955633  $   402277812  $   370038610  $    48335804  $      47      $       0      $      97      $           0  $              $1.988413      $2955633.000000      $25.694391 $23.635202 $3.087317 $     1.09  $     7.66  
58862 $  8017   $   987654264  $  5370853440     $     2723271  $   184468734  $   183591921  $     2787943  $       0      $       0      $      97      $           0  $              $0.183892      $2723271.000000      $11.782434 $11.726430 $0.178072 $     1.00  $    65.85  
58864 $  9021   $ 18456189605  $  9286535429     $     2952671  $   398896631  $   366981588  $    48695881  $      49      $       0      $      97      $           0  $              $1.987414      $2952671.000000      $25.453026 $23.416573 $3.107215 $     1.09  $     7.54  
58862 $  9020   $  1210064287  $  6436408083     $     2945045  $   214036003  $   212976482  $     2942759  $       0      $       0      $      97      $           0  $              $0.188003      $2945045.000000      $13.657332 $13.589725 $0.187773 $     1.00  $    72.37  
58864 $ 10024   $ 18188607410  $  9184185623     $     3020767  $   393025408  $   361562814  $    48709339  $      49      $       0      $      97      $           0  $              $1.980427      $3020767.000000      $25.078390 $23.070808 $3.108073 $     1.09  $     7.42  
58862 $ 10023   $  1164317635  $  6579950794     $     2951210  $   232891008  $   231716175  $     3016205  $       0      $       0      $      97      $           0  $              $0.176949      $2951210.000000      $14.860443 $14.785479 $0.192460 $     1.01  $    76.82  
58864 $ 11026   $ 18333712839  $  9219859986     $     2974628  $   396312050  $   364519715  $    48092612  $      48      $       0      $      97      $           0  $              $1.988502      $2974628.000000      $25.313345 $23.282696 $3.071784 $     1.09  $     7.58  
58862 $ 11025   $  1077878525  $  5990352140     $     2772703  $   210202163  $   209070515  $     2837430  $       0      $       0      $      97      $           0  $              $0.179936      $2772703.000000      $13.426086 $13.353806 $0.181233 $     1.01  $    73.68  
58864 $ 12028   $ 18612264121  $  9361669042     $     2979899  $   402180015  $   370087741  $    48397357  $      47      $       0      $      97      $           0  $              $1.988135      $2979899.000000      $25.688143 $23.638338 $3.091248 $     1.09  $     7.65  
58862 $ 12027   $  1010665017  $  5529482195     $     2707287  $   190932585  $   190001967  $     2771845  $       0      $       0      $      97      $           0  $              $0.182778      $2707287.000000      $12.195295 $12.135854 $0.177044 $     1.00  $    68.55  
58864 $ 13030   $ 18457540544  $  9314244012     $     2982414  $   398784925  $   366919124  $    48669225  $      48      $       0      $      97      $           0  $              $1.981647      $2982414.000000      $25.471292 $23.435953 $3.108613 $     1.09  $     7.54  
58862 $ 13029   $  1141982546  $  5968651941     $     2887306  $   194877350  $   193979621  $     2885050  $       0      $       0      $      97      $           0  $              $0.191330      $2887306.000000      $12.447255 $12.389915 $0.184275 $     1.00  $    67.24  
58864 $ 13301   $  5160829395  $  2577650362     $      773269  $   111453729  $   102608170  $    12056482  $      11      $       0      $      97      $           0  $              $2.002145      $773269.000000      $26.321177 $24.232187 $2.847287 $     1.09  $     8.51  
58862 $ 13300   $    41782733  $   277079009     $      233173  $    10627416  $    10587431  $      232105  $       0      $       0      $      97      $           0  $              $0.150797      $233173.000000      $2.509796 $2.500353 $0.054814 $     1.00  $    45.61  
58864 $ 14182   $ 16662944101  $  8337791606     $     2509858  $   359062090  $   331236668  $    37557694  $      35      $       0      $      97      $           0  $              $1.998484      $2509858.000000      $26.083965 $24.062595 $2.728368 $     1.08  $     8.82  
58864 $ 14184   $    10400041  $     5079252     $        1407  $      226901  $      207342  $       19633  $       0      $       0      $      97      $           0  $              $2.047554      $1407.000000      $7.260832 $6.634944 $0.628256 $     1.09  $    10.56  
58864 $ 15186   $ 18291513101  $  9227888948     $     2994448  $   395310027  $   363699874  $    48941716  $      49      $       0      $      97      $           0  $              $1.982199      $2994448.000000      $25.249342 $23.230331 $3.126018 $     1.09  $     7.43  
58882 $  1002   $  1235313224  $  6960518847     $     3191874  $   243603259  $   242317604  $     3602988  $       0      $       0      $      97      $           0  $              $0.177474      $3191874.000000      $15.559490 $15.477371 $0.230131 $     1.01  $    67.25  
58882 $  1067   $    81262822  $   292438832     $      126964  $     5702909  $     5680306  $      126482  $       0      $       0      $      97      $           0  $              $0.277880      $126964.000000      $5.615172 $5.592916 $0.124536 $     1.00  $    44.91  
58864 $ 15252   $  1087228223  $   562149027     $      164627  $    23239410  $    21415078  $     2641841  $       2      $       0      $      97      $           0  $              $1.934057      $164627.000000      $22.535185 $20.766136 $2.561785 $     1.09  $     8.11  
