PID   $time     $Instr Ret     $Unh Clk Cycles   $l2 trans reqs $l1lines       $l2lines       $Per Core bw   $Power         $Power2        $Power3        $bandwidth     $              $IPC           $MEM INTENSIITY$L2->L1 BW (MB)$L3->L2 BW (MB)$MM->L3 BW (MB)$L2 REUSE      $L3 REUSE      
53136 $  1004   $  4958953910  $  9082942051     $    28078502  $   218118052  $   145239702  $   142001023  $      38      $       0      $      97      $           0  $              $0.545963      $28078502.000000      $13.903939 $9.258307 $9.051858 $     1.50  $     1.02  
53134 $  1004   $   732378838  $  2996811544     $     2663209  $    62933261  $    47608256  $     3558972  $       0      $       0      $      97      $           0  $              $0.244386      $2663209.000000      $4.011682 $3.034789 $0.226867 $     1.32  $    13.38  
53136 $  2007   $  4998692651  $  9316886779     $    28979990  $   226226943  $   150938573  $   147655901  $      41      $       0      $      97      $           0  $              $0.536520      $28979990.000000      $14.435219 $9.631175 $9.421713 $     1.50  $     1.02  
53134 $  2007   $  1755628251  $  5740517743     $     3349877  $    79627021  $    59817780  $    10126183  $       0      $       0      $      97      $           0  $              $0.305831      $3349877.000000      $5.080887 $3.816887 $0.646137 $     1.33  $     5.91  
53136 $  3010   $  5113242259  $  9379688373     $    29661059  $   231961616  $   154744374  $   151343023  $      41      $       0      $      97      $           0  $              $0.545140      $29661060.000000      $14.801140 $9.874018 $9.656982 $     1.50  $     1.02  
53134 $  3010   $  1259111167  $  4708433799     $     3549550  $    86302729  $    65670290  $     7189416  $       0      $       0      $      97      $           0  $              $0.267416      $3549550.000000      $5.506854 $4.190328 $0.458746 $     1.31  $     9.13  
53136 $  4013   $  5172657244  $  9263876142     $    30776577  $   240467933  $   159972782  $   156483137  $      40      $       0      $      97      $           0  $              $0.558369      $30776576.000000      $15.343916 $10.207635 $9.984966 $     1.50  $     1.02  
53134 $  4013   $  1090658481  $  4282187486     $     3524471  $    84110629  $    65309670  $     7166511  $       0      $       0      $      97      $           0  $              $0.254697      $3524471.000000      $5.366980 $4.167317 $0.457285 $     1.29  $     9.11  
53136 $  5016   $  5054117537  $  9322567994     $    29333549  $   229616922  $   153007123  $   149667716  $      40      $       0      $      97      $           0  $              $0.542138      $29333548.000000      $14.651528 $9.763166 $9.550083 $     1.50  $     1.02  
53134 $  5016   $  1326553766  $  4796251001     $     3403881  $    80653183  $    63295327  $     8969739  $       0      $       0      $      97      $           0  $              $0.276581      $3403881.000000      $5.146365 $4.038785 $0.572346 $     1.27  $     7.06  
53136 $  6018   $  5056351303  $  9322146930     $    29222333  $   229080218  $   152540432  $   149202231  $      42      $       0      $      97      $           0  $              $0.542402      $29222332.000000      $14.631870 $9.743101 $9.529882 $     1.50  $     1.02  
53134 $  6018   $  1738216062  $  5752696208     $     3458802  $    83037471  $    61749359  $     8773144  $       0      $       0      $      97      $           0  $              $0.302157      $3458802.000000      $5.303791 $3.944071 $0.560360 $     1.34  $     7.04  
53136 $  7021   $  5123806278  $  9406787136     $    29623442  $   232485200  $   154853395  $   151447792  $      40      $       0      $      97      $           0  $              $0.544692      $29623442.000000      $14.834549 $9.880974 $9.663668 $     1.50  $     1.02  
53134 $  7021   $  1103873733  $  4337150177     $     3554934  $    86160951  $    66020437  $     7195303  $       0      $       0      $      97      $           0  $              $0.254516      $3554934.000000      $5.497808 $4.212670 $0.459122 $     1.31  $     9.18  
53136 $  8024   $  5116698390  $  9291010439     $    29528465  $   232128293  $   154581388  $   151171900  $      40      $       0      $      97      $           0  $              $0.550715      $29528464.000000      $14.811775 $9.863618 $9.646064 $     1.50  $     1.02  
53134 $  8025   $  1095493022  $  4296048769     $     3534078  $    84837330  $    66112850  $     7175194  $       0      $       0      $      97      $           0  $              $0.255000      $3534078.000000      $5.407957 $4.214365 $0.457383 $     1.28  $     9.21  
53136 $  8280   $  1361409532  $  2413178137     $     8168071  $    62130984  $    41636528  $    40721501  $       9      $       0      $      97      $           0  $              $0.564156      $8168071.000000      $15.532746 $10.409132 $10.180375 $     1.49  $     1.02  
53134 $  8282   $   128983032  $   463920789     $      314406  $     6949843  $     5869906  $      314274  $       0      $       0      $      97      $           0  $              $0.278028      $314406.000000      $1.730700 $1.461766 $0.078263 $     1.18  $    18.68  
53136 $  9157   $  4885415659  $  8324368263     $    30154783  $   226497128  $   150475803  $   147231898  $      30      $       0      $      97      $           0  $              $0.586881      $30154784.000000      $16.528866 $10.981131 $10.744404 $     1.51  $     1.02  
53136 $  9159   $     4341164  $     6013859     $       21523  $      215077  $      123906  $      119869  $       0      $       0      $      97      $           0  $              $0.721860      $21523.000000      $6.882464 $3.964992 $3.835808 $     1.74  $     1.03  
53136 $ 10162   $  5191886271  $  9329660274     $    30285554  $   235896525  $   157217985  $   153793881  $      39      $       0      $      97      $           0  $              $0.556493      $30285554.000000      $15.052221 $10.031856 $9.813369 $     1.50  $     1.02  
53154 $  1002   $   696252038  $  2895868667     $     2669896  $    62616787  $    46147611  $     3278449  $       0      $       0      $      97      $           0  $              $0.240429      $2669896.000000      $3.999475 $2.947552 $0.209402 $     1.36  $    14.08  
53136 $ 11164   $  5061117960  $  9317121971     $    29219236  $   229334440  $   152731172  $   149395293  $      42      $       0      $      97      $           0  $              $0.543206      $29219236.000000      $14.648108 $9.755284 $9.542214 $     1.50  $     1.02  
53154 $  2004   $  1770710543  $  5750134013     $     3384576  $    81708816  $    59792112  $    10465789  $       0      $       0      $      97      $           0  $              $0.307942      $3384576.000000      $5.218926 $3.819057 $0.668474 $     1.37  $     5.71  
53136 $ 12167   $  5131655570  $  9394980714     $    29692044  $   232861428  $   155216549  $   151805628  $      40      $       0      $      97      $           0  $              $0.546212      $29692044.000000      $14.858556 $9.904146 $9.686501 $     1.50  $     1.02  
53154 $  3007   $  1188259721  $  4531390021     $     3586581  $    87484854  $    65023313  $     7230807  $       0      $       0      $      97      $           0  $              $0.262229      $3586581.000000      $5.582284 $4.149045 $0.461387 $     1.35  $     8.99  
53154 $  3975   $  1077304648  $  4180461688     $     3413254  $    81881931  $    62297660  $     7054933  $       0      $       0      $      97      $           0  $              $0.257700      $3413254.000000      $5.413681 $4.118854 $0.466442 $     1.31  $     8.83  
53136 $ 13135   $  4957166033  $  8905921996     $    29365782  $   229324340  $   152683825  $   149357099  $      38      $       0      $      97      $           0  $              $0.556615      $29365782.000000      $15.161940 $10.094798 $9.874850 $     1.50  $     1.02  
