PID   $time     $Instr Ret     $Unh Clk Cycles   $l2 trans reqs $l1lines       $l2lines       $Per Core bw   $Power         $Power2        $Power3        $bandwidth     $              $IPC           $MEM INTENSIITY$L2->L1 BW (MB)$L3->L2 BW (MB)$MM->L3 BW (MB)$L2 REUSE      $L3 REUSE      
49888 $    92   $   556361727  $   749712357     $        2718  $     1545919  $     1786987  $       31892  $       2      $       0      $      97      $           0  $              $0.742100      $2718.000000      $1.075422 $1.243121 $0.022186 $     0.87  $    56.03  
49885 $    92   $        2107  $       19684     $          99  $         237  $         553  $          55  $       0      $       0      $      97      $           0  $              $0.107041      $99.000000      $0.000165 $0.000385 $0.000038 $     0.43  $    10.05  
49888 $  1095   $  7094937559  $  9519514921     $          10  $    17733713  $    19713170  $          27  $      31      $       0      $      97      $           0  $              $0.745305      $10.000000      $1.131563 $1.257869 $0.000002 $     0.90  $730117.44  
49888 $  1097   $     5096305  $     5713800     $           8  $       11867  $       13611  $           0  $       0      $       0      $      97      $           0  $              $0.891929      $8.000000      $0.379744 $0.435552 $0.000000 $     0.87  $      inf  
49888 $  1171   $   518303922  $   697797506     $           8  $     1226138  $     1321378  $          37  $       2      $       0      $      97      $           0  $              $0.742771      $8.000000      $1.060444 $1.142813 $0.000032 $     0.93  $ 35712.92  
49905 $    75   $        2107  $       36273     $         175  $         220  $         519  $          29  $       0      $       0      $      97      $           0  $              $0.058087      $175.000000      $0.000188 $0.000443 $0.000025 $     0.42  $    17.90  
49888 $  2171   $  7231791748  $  9689651263     $           8  $    16282623  $    17091782  $          13  $      30      $       0      $      97      $           0  $              $0.746342      $8.000000      $1.042088 $1.093874 $0.000001 $     0.95  $1314752.50  
49888 $  2173   $     5122130  $     5908308     $           6  $       14080  $       17349  $           0  $       0      $       0      $      97      $           0  $              $0.866937      $6.000000      $0.450560 $0.555168 $0.000000 $     0.81  $      inf  
49888 $  2237   $   450805120  $   600892795     $           9  $      983423  $     1015746  $          40  $       2      $       0      $      97      $           0  $              $0.750226      $9.000000      $0.983423 $1.015746 $0.000040 $     0.97  $ 25393.65  
49907 $    65   $       14275  $       87822     $         318  $         566  $        1099  $          94  $       0      $       0      $      97      $           0  $              $0.162545      $318.000000      $0.000557 $0.001082 $0.000093 $     0.52  $    11.69  
49888 $  3238   $  7122188766  $  9534494058     $          10  $    15311674  $    15620677  $          16  $      31      $       0      $      97      $           0  $              $0.746992      $10.000000      $0.978968 $0.998725 $0.000001 $     0.98  $976292.31  
49888 $  3240   $     3425475  $     6139627     $           8  $        9132  $        8890  $           0  $       0      $       0      $      97      $           0  $              $0.557929      $8.000000      $0.292224 $0.284480 $0.000000 $     1.03  $      inf  
49888 $  3300   $   416048506  $   558042505     $           8  $      886454  $      898584  $          21  $       1      $       0      $      97      $           0  $              $0.745550      $8.000000      $0.945551 $0.958490 $0.000022 $     0.99  $ 42789.71  
49909 $    61   $        2107  $       45096     $         207  $         260  $         576  $          54  $       0      $       0      $      97      $           0  $              $0.046723      $207.000000      $0.000273 $0.000604 $0.000057 $     0.45  $    10.67  
49888 $  4300   $  7113250273  $  9518091057     $           8  $    15268381  $    15550537  $          18  $      32      $       0      $      97      $           0  $              $0.747340      $8.000000      $0.977176 $0.995234 $0.000001 $     0.98  $863918.75  
49888 $  4301   $     3233469  $     5775103     $           7  $        8569  $        8450  $           0  $       0      $       0      $      97      $           0  $              $0.559898      $7.000000      $0.548416 $0.540800 $0.000000 $     1.01  $      inf  
49888 $  4365   $   456571705  $   602740358     $           9  $      981872  $     1009421  $          12  $       2      $       0      $      97      $           0  $              $0.757493      $9.000000      $0.981872 $1.009421 $0.000012 $     0.97  $ 84118.41  
49911 $    65   $        2107  $       44795     $         169  $         217  $         530  $          29  $       0      $       0      $      65      $           0  $              $0.047036      $169.000000      $0.000214 $0.000522 $0.000029 $     0.41  $    18.28  
49888 $  5365   $  7096110823  $  9514041698     $          10  $    15738233  $    16327685  $          28  $      31      $       0      $      97      $           0  $              $0.745857      $10.000000      $1.007247 $1.044972 $0.000002 $     0.96  $583131.62  
49888 $  5366   $     5199931  $     5916332     $           8  $       10141  $       10572  $           0  $       0      $       0      $      97      $           0  $              $0.878911      $8.000000      $0.649024 $0.676608 $0.000000 $     0.96  $      inf  
49888 $  5442   $   536032660  $   722977186     $          10  $     1231044  $     1298585  $          35  $       2      $       0      $      97      $           0  $              $0.741424      $10.000000      $1.036669 $1.093545 $0.000029 $     0.95  $ 37102.43  
49913 $    77   $        2107  $       43733     $         168  $         218  $         540  $          32  $       0      $       0      $      65      $           0  $              $0.048179      $168.000000      $0.000181 $0.000449 $0.000027 $     0.40  $    16.88  
49888 $  6443   $  7257875159  $  9721663447     $          10  $    16305284  $    17051212  $           9  $      30      $       0      $      97      $           0  $              $0.746567      $10.000000      $1.042496 $1.090187 $0.000001 $     0.96  $1894579.12  
49888 $  6445   $     5037256  $     5753087     $           8  $       10031  $       10352  $           0  $       0      $       0      $      97      $           0  $              $0.875574      $8.000000      $0.320992 $0.331264 $0.000000 $     0.97  $      inf  
49888 $  6542   $   672793469  $   904740288     $           9  $     1489946  $     1545666  $          32  $       2      $       0      $      97      $           0  $              $0.743632      $9.000000      $0.983057 $1.019821 $0.000021 $     0.96  $ 48302.06  
49926 $    97   $        2107  $       43924     $         204  $         259  $         573  $          57  $       0      $       0      $      97      $           0  $              $0.047969      $204.000000      $0.000171 $0.000378 $0.000038 $     0.45  $    10.05  
49888 $  7543   $  6866851706  $  9191783879     $           7  $    14883711  $    15228337  $          12  $      30      $       0      $      97      $           0  $              $0.747064      $7.000000      $0.951606 $0.973640 $0.000001 $     0.98  $1269028.12  
49888 $  7545   $     3453377  $     6170630     $           6  $        9315  $        8990  $           0  $       0      $       0      $      97      $           0  $              $0.559647      $6.000000      $0.298080 $0.287680 $0.000000 $     1.04  $      inf  
49888 $  7629   $   588344360  $   782737382     $          11  $     1245782  $     1262027  $          20  $       2      $       0      $      97      $           0  $              $0.751650      $11.000000      $0.949167 $0.961544 $0.000015 $     0.99  $ 63101.35  
49928 $    84   $        2107  $       43758     $         169  $         223  $         538  $          29  $       0      $       0      $      33      $           0  $              $0.048151      $169.000000      $0.000170 $0.000410 $0.000022 $     0.41  $    18.55  
49888 $  8630   $  7114624195  $  9525949099     $           9  $    15084300  $    15232515  $          13  $      32      $       0      $      97      $           0  $              $0.746868      $9.000000      $0.964431 $0.973907 $0.000001 $     0.99  $1171731.88  
49888 $  8632   $     5274640  $     6958484     $           8  $       11541  $       11520  $           0  $       0      $       0      $      97      $           0  $              $0.758016      $8.000000      $0.369312 $0.368640 $0.000000 $     1.00  $      inf  
49888 $  8715   $   577907694  $   781369170     $           8  $     1250329  $     1275649  $          11  $       2      $       0      $      97      $           0  $              $0.739609      $8.000000      $0.964109 $0.983633 $0.000008 $     0.98  $115968.09  
49930 $    84   $        2107  $       43142     $         173  $         220  $         534  $          30  $       0      $       0      $     113      $           0  $              $0.048839      $173.000000      $0.000168 $0.000407 $0.000023 $     0.41  $    17.80  
49888 $  9716   $  6881297787  $  9202701321     $           9  $    15026416  $    15475596  $          17  $      30      $       0      $      97      $           0  $              $0.747748      $9.000000      $0.960730 $0.989449 $0.000001 $     0.97  $910329.19  
49888 $  9718   $     4612038  $     6151119     $           8  $       12587  $       14453  $           0  $       0      $       0      $      97      $           0  $              $0.749788      $8.000000      $0.402784 $0.462496 $0.000000 $     0.87  $      inf  
49888 $  9773   $   389677305  $   520622519     $           9  $      872829  $      915902  $          17  $       1      $       0      $      97      $           0  $              $0.748483      $9.000000      $1.015656 $1.065777 $0.000020 $     0.95  $ 53876.59  
49932 $    56   $        2107  $       41425     $         116  $         168  $         481  $           0  $       0      $       0      $      33      $           0  $              $0.050863      $116.000000      $0.000192 $0.000550 $0.000000 $     0.35  $      inf  
49888 $ 10032   $  1788927156  $  2444961728     $         191  $     3954577  $     4190394  $          62  $       7      $       0      $      97      $           0  $              $0.731679      $191.000000      $0.977193 $1.035464 $0.000015 $     0.94  $ 67587.00  
