PID   $time     $Instr Ret     $Unh Clk Cycles   $l2 trans reqs $l1lines       $l2lines       $Per Core bw   $Power         $Power2        $Power3        $bandwidth     $              $IPC           $MEM INTENSIITY$L2->L1 BW (MB)$L3->L2 BW (MB)$MM->L3 BW (MB)$L2 REUSE      $L3 REUSE      
50008 $    69   $   130546003  $   303876381     $      233973  $    10546750  $    10453495  $      659318  $       1      $       0      $      97      $           0  $              $0.429602      $233973.000000      $9.782493 $9.695995 $0.611541 $     1.01  $    15.86  
50006 $    69   $        2107  $       18263     $         148  $         271  $         583  $          94  $       0      $       0      $      97      $           0  $              $0.115370      $148.000000      $0.000251 $0.000541 $0.000087 $     0.46  $     6.20  
50008 $  1071   $  3576249693  $  9532729481     $       99974  $   403169626  $   398033566  $       99962  $      35      $       0      $      97      $           0  $              $0.375155      $99974.000000      $25.751354 $25.423302 $0.006385 $     1.01  $  3981.85  
50008 $  1072   $     2121435  $     5686269     $         172  $      238587  $      236401  $         164  $       0      $       0      $      97      $           0  $              $0.373080      $172.000000      $15.269568 $15.129664 $0.010496 $     1.01  $  1441.47  
50008 $  1178   $   377663282  $  1006695498     $       16542  $    42534943  $    42034461  $       16536  $       3      $       0      $      97      $           0  $              $0.375151      $16542.000000      $25.681475 $25.379297 $0.009984 $     1.01  $  2542.00  
50020 $   106   $        2107  $       73947     $         247  $         176  $         466  $           0  $       0      $       0      $      97      $           0  $              $0.028493      $247.000000      $0.000106 $0.000281 $0.000000 $     0.38  $      inf  
50008 $  2178   $  3446766608  $  9187155280     $      115094  $   388489174  $   383628560  $      115077  $      34      $       0      $      97      $           0  $              $0.375172      $115094.000000      $24.863308 $24.552227 $0.007365 $     1.01  $  3333.67  
50008 $  2180   $     2165785  $     5801293     $          97  $      243336  $      240899  $          89  $       0      $       0      $      97      $           0  $              $0.373328      $97.000000      $7.786752 $7.708768 $0.002848 $     1.01  $  2706.73  
50008 $  2272   $   324468813  $   865647936     $       13693  $    36540627  $    36115599  $       13695  $       3      $       0      $      97      $           0  $              $0.374828      $13693.000000      $25.419567 $25.123896 $0.009527 $     1.01  $  2637.14  
50025 $    93   $        2107  $       62041     $         208  $         177  $         461  $           0  $       0      $       0      $      97      $           0  $              $0.033961      $208.000000      $0.000122 $0.000317 $0.000000 $     0.38  $      inf  
50008 $  3273   $  3472115105  $  9185998360     $      224984  $   385750161  $   380842025  $      402611  $      34      $       0      $      97      $           0  $              $0.377979      $224984.000000      $24.663347 $24.349539 $0.025741 $     1.01  $   945.93  
50008 $  3275   $     2428130  $     6544018     $         120  $      274770  $      270591  $         112  $       0      $       0      $      97      $           0  $              $0.371046      $120.000000      $8.792640 $8.658912 $0.003584 $     1.02  $  2415.99  
50008 $  3390   $   409235003  $  1091284659     $       14033  $    46106164  $    45547527  $       14031  $       3      $       0      $      97      $           0  $              $0.375003      $14033.000000      $25.659082 $25.348190 $0.007809 $     1.01  $  3246.21  
50027 $   116   $        2107  $       74146     $         250  $         176  $         477  $           1  $       0      $       0      $      97      $           0  $              $0.028417      $250.000000      $0.000097 $0.000263 $0.000001 $     0.37  $   477.00  
50008 $  4390   $  3446120736  $  9185871951     $       99623  $   388489155  $   383557390  $       99607  $      34      $       0      $      97      $           0  $              $0.375154      $99623.000000      $24.863306 $24.547672 $0.006375 $     1.01  $  3850.71  
50008 $  4391   $     1987210  $     5316085     $          42  $      222720  $      221287  $          34  $       0      $       0      $      97      $           0  $              $0.373811      $42.000000      $14.254080 $14.162368 $0.002176 $     1.01  $  6508.44  
50008 $  4440   $   169869023  $   452802599     $        7993  $    19114843  $    18906273  $        7992  $       1      $       0      $      97      $           0  $              $0.375150      $7993.000000      $24.966328 $24.693907 $0.010439 $     1.01  $  2365.65  
50029 $    49   $        2108  $       73391     $         227  $         182  $         464  $           0  $       0      $       0      $      65      $           0  $              $0.028723      $227.000000      $0.000238 $0.000606 $0.000000 $     0.39  $      inf  
50008 $  5440   $  3553717237  $  9475628843     $      104782  $   400593646  $   395533644  $      104772  $      35      $       0      $      97      $           0  $              $0.375038      $104782.000000      $25.637993 $25.314152 $0.006705 $     1.01  $  3775.18  
50008 $  5442   $     2109461  $     5652670     $          37  $      236456  $      234872  $          29  $       0      $       0      $      97      $           0  $              $0.373180      $37.000000      $7.566592 $7.515904 $0.000928 $     1.01  $  8099.03  
50008 $  5531   $   313291510  $   835501178     $       11437  $    35266594  $    34870358  $       11432  $       3      $       0      $      97      $           0  $              $0.374974      $11437.000000      $25.360247 $25.075315 $0.008221 $     1.01  $  3050.24  
50031 $    90   $        2107  $       64997     $         260  $         216  $         498  $          43  $       0      $       0      $      65      $           0  $              $0.032417      $260.000000      $0.000154 $0.000354 $0.000031 $     0.43  $    11.58  
50008 $  6532   $  3513836976  $  9299838445     $      194961  $   390469768  $   385470072  $      373511  $      35      $       0      $      97      $           0  $              $0.377839      $194961.000000      $24.965099 $24.645439 $0.023881 $     1.01  $  1032.02  
50008 $  6534   $     2384496  $     6403207     $          46  $      269421  $      265536  $          38  $       0      $       0      $      97      $           0  $              $0.372391      $46.000000      $8.621472 $8.497152 $0.001216 $     1.01  $  6987.79  
50008 $  6626   $   324011742  $   863643137     $       12715  $    36492306  $    36061687  $       12716  $       3      $       0      $      97      $           0  $              $0.375169      $12715.000000      $25.385950 $25.086391 $0.008846 $     1.01  $  2835.93  
50033 $    92   $        2108  $       77589     $         264  $         189  $         474  $          16  $       0      $       0      $      97      $           0  $              $0.027169      $264.000000      $0.000131 $0.000330 $0.000011 $     0.40  $    29.62  
50008 $  7626   $  3661295850  $  9759781695     $       91812  $   412772498  $   407502682  $       91794  $      35      $       0      $      97      $           0  $              $0.375141      $91812.000000      $26.417440 $26.080172 $0.005875 $     1.01  $  4439.32  
50008 $  7628   $     2255141  $     6040442     $          40  $      252709  $      251026  $          32  $       0      $       0      $      97      $           0  $              $0.373340      $40.000000      $8.086688 $8.032832 $0.001024 $     1.01  $  7844.56  
50008 $  7712   $   296334078  $   790503450     $       12038  $    33377723  $    32982729  $       12039  $       2      $       0      $      97      $           0  $              $0.374868      $12038.000000      $25.430647 $25.129698 $0.009173 $     1.01  $  2739.66  
50035 $    84   $        2107  $       67599     $         337  $         285  $         565  $          95  $       0      $       0      $      33      $           0  $              $0.031169      $337.000000      $0.000217 $0.000430 $0.000072 $     0.50  $     5.95  
50008 $  8712   $  3468585765  $  9176254864     $      210062  $   385285774  $   380424605  $      383098  $      34      $       0      $      97      $           0  $              $0.377996      $210062.000000      $24.658289 $24.347176 $0.024518 $     1.01  $   993.02  
50008 $  8714   $     2007369  $     5364321     $          53  $      225589  $      223344  $          45  $       0      $       0      $      97      $           0  $              $0.374207      $53.000000      $7.218848 $7.147008 $0.001440 $     1.01  $  4963.20  
50008 $  8799   $   299280103  $   798161266     $       10271  $    33710782  $    33311237  $       10268  $       3      $       0      $      97      $           0  $              $0.374962      $10271.000000      $25.382236 $25.081402 $0.007731 $     1.01  $  3244.18  
50037 $    85   $        2108  $       75596     $         256  $         181  $         469  $           0  $       0      $       0      $     113      $           0  $              $0.027885      $256.000000      $0.000136 $0.000353 $0.000000 $     0.39  $      inf  
50008 $  9799   $  3626330944  $  9670352817     $      102202  $   408758547  $   403618237  $      102191  $      34      $       0      $      97      $           0  $              $0.374995      $102202.000000      $26.160547 $25.831568 $0.006540 $     1.01  $  3949.65  
50008 $  9801   $     2137116  $     5721572     $         106  $      239679  $      237678  $          98  $       0      $       0      $      97      $           0  $              $0.373519      $106.000000      $7.669728 $7.605696 $0.003136 $     1.01  $  2425.29  
50008 $  9865   $   224520919  $   599022120     $        9502  $    25291919  $    24990248  $        9495  $       2      $       0      $      97      $           0  $              $0.374812      $9502.000000      $25.291920 $24.990248 $0.009495 $     1.01  $  2631.94  
50039 $    64   $        2107  $       64704     $         235  $         187  $         475  $          16  $       0      $       0      $      33      $           0  $              $0.032564      $235.000000      $0.000187 $0.000475 $0.000016 $     0.39  $    29.69  
50008 $ 10866   $  3569933487  $  9522086624     $      114762  $   402357836  $   397343465  $      114751  $      36      $       0      $      97      $           0  $              $0.374911      $114762.000000      $25.725176 $25.404577 $0.007337 $     1.01  $  3462.66  
50008 $ 10868   $     2400407  $     6430448     $          90  $      270159  $      267104  $          82  $       0      $       0      $      97      $           0  $              $0.373288      $90.000000      $8.645088 $8.547328 $0.002624 $     1.01  $  3257.37  
50008 $ 10947   $   280121030  $   747165564     $       10487  $    31543083  $    31177894  $       10479  $       2      $       0      $      97      $           0  $              $0.374912      $10487.000000      $25.553890 $25.258041 $0.008489 $     1.01  $  2975.27  
50041 $    80   $        2107  $       72828     $         237  $         185  $         459  $          16  $       0      $       0      $      49      $           0  $              $0.028931      $237.000000      $0.000148 $0.000367 $0.000013 $     0.40  $    28.69  
50008 $ 11947   $  3469169404  $  9178183135     $      199306  $   385364557  $   380471586  $      374525  $      34      $       0      $      97      $           0  $              $0.377980      $199306.000000      $24.663330 $24.350182 $0.023970 $     1.01  $  1015.88  
50008 $ 11948   $     1923366  $     5140354     $          79  $      215835  $      214012  $          71  $       0      $       0      $      97      $           0  $              $0.374170      $79.000000      $13.813440 $13.696768 $0.004544 $     1.01  $  3014.25  
50008 $ 12016   $   240523521  $   641538001     $       11108  $    27106313  $    26770470  $       11106  $       2      $       0      $      97      $           0  $              $0.374917      $11108.000000      $25.511824 $25.195736 $0.010453 $     1.01  $  2410.45  
50048 $    68   $        2107  $       80416     $         253  $         169  $         462  $           2  $       0      $       0      $      97      $           0  $              $0.026201      $253.000000      $0.000159 $0.000435 $0.000002 $     0.37  $   231.00  
50008 $ 13016   $  3445343095  $  9184005009     $       85313  $   388418735  $   383468557  $       85295  $      34      $       0      $      97      $           0  $              $0.375146      $85313.000000      $24.858799 $24.541986 $0.005459 $     1.01  $  4495.79  
50008 $ 13018   $     2124349  $     5717138     $          34  $      238081  $      236510  $          26  $       0      $       0      $      97      $           0  $              $0.371576      $34.000000      $7.618592 $7.568320 $0.000832 $     1.01  $  9096.54  
50008 $ 13087   $   241233670  $   643170300     $       10275  $    27162658  $    26849268  $       10270  $       2      $       0      $      97      $           0  $              $0.375070      $10275.000000      $25.194349 $24.903669 $0.009526 $     1.01  $  2614.34  
50050 $    69   $        2107  $       64741     $         220  $         169  $         449  $           0  $       0      $       0      $      49      $           0  $              $0.032545      $220.000000      $0.000157 $0.000416 $0.000000 $     0.38  $      inf  
50008 $ 13803   $  2631599772  $  7015300393     $       85324  $   294734885  $   291039538  $       84750  $      25      $       0      $      97      $           0  $              $0.375123      $85324.000000      $26.345016 $26.014709 $0.007575 $     1.01  $  3434.09  
