PID   $time     $Instr Ret     $Unh Clk Cycles   $l2 trans reqs $l1lines       $l2lines       $Per Core bw   $Power         $Power2        $Power3        $bandwidth     $              $IPC           $MEM INTENSIITY$L2->L1 BW (MB)$L3->L2 BW (MB)$MM->L3 BW (MB)$L2 REUSE      $L3 REUSE      
50348 $    97   $   242086066  $   586589724     $       93422  $      587938  $      604014  $      524774  $       2      $       0      $      97      $           0  $              $0.412701      $93422.000000      $0.387918 $0.398525 $0.346243 $     0.97  $     1.15  
50346 $    97   $        2108  $       19962     $         182  $         328  $         637  $         110  $       0      $       0      $      97      $           0  $              $0.105601      $182.000000      $0.000216 $0.000420 $0.000073 $     0.51  $     5.79  
50348 $  1099   $  3538376717  $  9096724777     $    15824345  $   259123432  $   207428147  $    38555940  $      31      $       0      $      97      $           0  $              $0.388973      $15824345.000000      $16.550798 $13.248903 $2.462655 $     1.25  $     5.38  
50348 $  1101   $     1165382  $     5297526     $       20014  $      306882  $      253913  $       20012  $       0      $       0      $      97      $           0  $              $0.219986      $20014.000000      $9.820224 $8.125216 $0.640384 $     1.21  $    12.69  
50348 $  1171   $   213120502  $   655932721     $      986151  $    16903136  $    14180698  $     1963273  $       2      $       0      $      97      $           0  $              $0.324912      $986151.000000      $15.454296 $12.965210 $1.794992 $     1.19  $     7.22  
50360 $    70   $        2107  $       75054     $         280  $         205  $         490  $          31  $       0      $       0      $      97      $           0  $              $0.028073      $280.000000      $0.000187 $0.000448 $0.000028 $     0.42  $    15.81  
50348 $  2173   $  3621636546  $  9457106407     $    17002256  $   278143172  $   223474918  $    41190607  $      32      $       0      $      97      $           0  $              $0.382954      $17002256.000000      $17.765631 $14.273847 $2.630937 $     1.24  $     5.43  
50348 $  2175   $     2398043  $     6059701     $         972  $       19315  $       19187  $       18501  $       0      $       0      $      97      $           0  $              $0.395736      $972.000000      $0.618080 $0.613984 $0.592032 $     1.01  $     1.04  
50348 $  2255   $   331312838  $   747373657     $     1331231  $    21073522  $    16331281  $     4033315  $       2      $       0      $      97      $           0  $              $0.443303      $1331231.000000      $16.858818 $13.065024 $3.226652 $     1.29  $     4.05  
50365 $    80   $        2107  $       72521     $         283  $         205  $         491  $          32  $       0      $       0      $      97      $           0  $              $0.029054      $283.000000      $0.000164 $0.000393 $0.000026 $     0.42  $    15.34  
50348 $  3255   $  3660938811  $  9548446194     $    16970528  $   277482655  $   222970676  $    41416295  $      31      $       0      $      97      $           0  $              $0.383407      $16970528.000000      $17.758890 $14.270123 $2.650643 $     1.24  $     5.38  
50348 $  3257   $     1298650  $     5932824     $       24265  $      341976  $      283422  $       24259  $       0      $       0      $      97      $           0  $              $0.218892      $24265.000000      $10.943232 $9.069504 $0.776288 $     1.21  $    11.68  
50348 $  3321   $   187089058  $   596528543     $     1023459  $    17446189  $    14596162  $     1811386  $       2      $       0      $      97      $           0  $              $0.313630      $1023459.000000      $17.446188 $14.596162 $1.811386 $     1.20  $     8.06  
50367 $    64   $        2107  $       76250     $         270  $         189  $         485  $          16  $       0      $       0      $      97      $           0  $              $0.027633      $270.000000      $0.000189 $0.000485 $0.000016 $     0.39  $    30.31  
50348 $  4322   $  3659301513  $  9550289027     $    17032779  $   278398927  $   223718323  $    41439816  $      31      $       0      $      97      $           0  $              $0.383161      $17032780.000000      $17.799730 $14.303669 $2.649499 $     1.24  $     5.40  
50348 $  4324   $     2084964  $     5274755     $         844  $       16961  $       16849  $       16268  $       0      $       0      $      97      $           0  $              $0.395272      $844.000000      $0.542752 $0.539168 $0.520576 $     1.01  $     1.04  
50348 $  4412   $   344139637  $   823040523     $     1663322  $    26617935  $    20910910  $     4308173  $       2      $       0      $      97      $           0  $              $0.418132      $1663322.000000      $19.358500 $15.207934 $3.133217 $     1.27  $     4.85  
50369 $    88   $     4287117  $     3454409     $        2373  $        5809  $        5593  $         426  $       0      $       0      $      65      $           0  $              $1.241057      $2373.000000      $0.004225 $0.004068 $0.000310 $     1.04  $    13.13  
50348 $  5412   $  3661429699  $  9548861047     $    16978154  $   277494682  $   222984723  $    41421598  $      31      $       0      $      97      $           0  $              $0.383442      $16978154.000000      $17.759661 $14.271022 $2.650982 $     1.24  $     5.38  
50348 $  5413   $      756051  $     3449126     $       13814  $      199112  $      165110  $       13815  $       0      $       0      $      97      $           0  $              $0.219201      $13814.000000      $12.743168 $10.567040 $0.884160 $     1.21  $    11.95  
50348 $  5483   $   225125009  $   657083924     $      775178  $    13350331  $    11268509  $     1918963  $       2      $       0      $      97      $           0  $              $0.342612      $775178.000000      $12.206017 $10.302637 $1.754480 $     1.18  $     5.87  
50371 $    70   $     3849540  $     2747553     $         821  $        8177  $        4574  $         139  $       0      $       0      $      65      $           0  $              $1.401079      $821.000000      $0.007476 $0.004182 $0.000127 $     1.79  $    32.91  
50348 $  6483   $  3707944903  $  9681793943     $    17071105  $   278742563  $   224065281  $    41779199  $      31      $       0      $      97      $           0  $              $0.382981      $17071104.000000      $17.839523 $14.340178 $2.673869 $     1.24  $     5.36  
50348 $  6485   $     2325631  $     5880380     $         924  $       18842  $       18703  $       18093  $       0      $       0      $      97      $           0  $              $0.395490      $924.000000      $0.602944 $0.598496 $0.578976 $     1.01  $     1.03  
50348 $  6561   $   273297169  $   712127508     $     2140544  $    34564859  $    27369614  $     4110548  $       2      $       0      $      97      $           0  $              $0.383776      $2140544.000000      $29.107250 $23.048096 $3.461514 $     1.26  $     6.66  
50373 $    77   $        2107  $       74437     $         265  $         192  $         487  $          18  $       0      $       0      $      97      $           0  $              $0.028306      $265.000000      $0.000160 $0.000405 $0.000015 $     0.39  $    27.06  
50348 $  7562   $  3660641960  $  9546449870     $    16944672  $   276961592  $   222545884  $    41388250  $      31      $       0      $      97      $           0  $              $0.383456      $16944672.000000      $17.707834 $14.228708 $2.646202 $     1.24  $     5.38  
50348 $  7564   $     1342787  $     6132328     $       18373  $      353687  $      295041  $       18366  $       0      $       0      $      97      $           0  $              $0.218969      $18373.000000      $11.317984 $9.441312 $0.587712 $     1.20  $    16.06  
50348 $  7628   $   227597459  $   591542075     $      238824  $     4306919  $     3821257  $     1634169  $       1      $       0      $      97      $           0  $              $0.384753      $238824.000000      $4.306919 $3.821257 $1.634169 $     1.13  $     2.34  
50375 $    64   $        2107  $       73849     $         267  $         186  $         481  $          16  $       0      $       0      $      33      $           0  $              $0.028531      $267.000000      $0.000186 $0.000481 $0.000016 $     0.39  $    30.06  
50348 $  8628   $  3714198783  $  9701524382     $    17081823  $   278791322  $   224109717  $    41825029  $281474976645151      $       0      $      97      $           0  $              $0.382847      $17081824.000000      $17.842646 $14.343021 $2.676802 $     1.24  $     5.36  
50348 $  8630   $     2204077  $     5559679     $         882  $       17816  $       17686  $       17123  $       0      $       0      $      97      $           0  $              $0.396440      $882.000000      $0.570112 $0.565952 $0.547936 $     1.01  $     1.03  
50348 $  8706   $   270208020  $   730990084     $     2336131  $    37956695  $    30161090  $     4186153  $       2      $       0      $      97      $           0  $              $0.369647      $2336131.000000      $31.963533 $25.398813 $3.525182 $     1.26  $     7.20  
50377 $    77   $        2107  $       94878     $         325  $         165  $         449  $           9  $       0      $       0      $     113      $           0  $              $0.022207      $325.000000      $0.000137 $0.000373 $0.000007 $     0.37  $    49.89  
50348 $  9706   $  3566221334  $  9160839903     $    15884133  $   260379747  $   208772780  $    40255852  $      31      $       0      $      97      $           0  $              $0.389290      $15884133.000000      $16.664303 $13.361458 $2.576375 $     1.25  $     5.19  
50348 $  9708   $     1255044  $     5726472     $       20663  $      330582  $      274083  $       20657  $       0      $       0      $      97      $           0  $              $0.219165      $20663.000000      $10.578624 $8.770656 $0.661024 $     1.21  $    13.27  
50348 $  9784   $   236047464  $   718008971     $     1029668  $    17662357  $    14833062  $     2140168  $       2      $       0      $      97      $           0  $              $0.328753      $1029668.000000      $14.873563 $12.490999 $1.802247 $     1.19  $     6.93  
50379 $    76   $        2108  $       73707     $         244  $         180  $         467  $           0  $       0      $       0      $      33      $           0  $              $0.028600      $244.000000      $0.000152 $0.000393 $0.000000 $     0.39  $      inf  
50348 $ 10181   $  1416705247  $  3711474068     $     7223973  $   118064033  $    94642895  $    16575792  $      12      $       0      $      97      $           0  $              $0.381710      $7223973.000000      $19.032993 $15.257293 $2.672168 $     1.25  $     5.71  
