PID   $time     $Instr Ret     $Unh Clk Cycles   $l2 trans reqs $l1lines       $l2lines       $Per Core bw   $Power         $Power2        $Power3        $bandwidth     $              $IPC           $MEM INTENSIITY$L2->L1 BW (MB)$L3->L2 BW (MB)$MM->L3 BW (MB)$L2 REUSE      $L3 REUSE      
58414 $  1003   $  4088796974  $  7405544847     $      142317  $    82401098  $    65292890  $    62151898  $      45      $       0      $      97      $           0  $              $0.552126      $142317.000000      $5.257896 $4.166246 $3.965824 $     1.26  $     1.05  
58412 $  1003   $ 14564384615  $  8827475229     $       90356  $  1834156903  $     6529450  $     5166838  $       0      $       0      $      97      $           0  $              $1.649892      $90356.000000      $117.034935 $0.416635 $0.329689 $   280.91  $     1.26  
58414 $  2005   $  5057732112  $  9076674104     $       53157  $   103089192  $    81721543  $    77785667  $      48      $       0      $      97      $           0  $              $0.557223      $53157.000000      $6.584539 $5.219739 $4.968346 $     1.26  $     1.05  
58412 $  2005   $ 15078064035  $  9092255581     $       81538  $  1900623006  $     6370511  $     5263071  $       0      $       0      $      97      $           0  $              $1.658341      $81538.000000      $121.397079 $0.406899 $0.336164 $   298.35  $     1.21  
58414 $  3008   $  5060426449  $  9075010548     $       54468  $   103091104  $    81725209  $    77798953  $      48      $       0      $      97      $           0  $              $0.557622      $54468.000000      $6.578096 $5.214769 $4.964240 $     1.26  $     1.05  
58412 $  3008   $ 15094368642  $  9091078069     $       83399  $  1903129940  $     6376495  $     5266698  $       0      $       0      $      97      $           0  $              $1.660350      $83399.000000      $121.436012 $0.406875 $0.336060 $   298.46  $     1.21  
58414 $  4011   $  5060480231  $  9068274450     $       55157  $   103120211  $    81716813  $    77706033  $      48      $       0      $      97      $           0  $              $0.558042      $55157.000000      $6.579954 $5.214233 $4.958311 $     1.26  $     1.05  
58412 $  4011   $ 15100123496  $  9094480310     $       80794  $  1907473908  $     6079913  $     5047334  $       0      $       0      $      97      $           0  $              $1.660361      $80794.000000      $121.713188 $0.387951 $0.322063 $   313.73  $     1.20  
58414 $  5014   $  5067562402  $  9068243924     $       55464  $   103780981  $    82121421  $    78182541  $      48      $       0      $      97      $           0  $              $0.558825      $55464.000000      $6.622117 $5.240051 $4.988717 $     1.26  $     1.05  
58412 $  5014   $ 15037026895  $  9082560843     $       80750  $  1894563192  $     6389114  $     5261181  $       0      $       0      $      97      $           0  $              $1.655593      $80750.000000      $120.889374 $0.407680 $0.335708 $   296.53  $     1.21  
58414 $  6016   $  5084753280  $  9075270198     $       54984  $   104330284  $    82458215  $    78555347  $      48      $       0      $      97      $           0  $              $0.560287      $54984.000000      $6.663811 $5.266792 $5.017507 $     1.27  $     1.05  
58412 $  6017   $ 15086834243  $  9090814527     $       82894  $  1902026219  $     6391816  $     5265460  $       0      $       0      $      97      $           0  $              $1.659569      $82894.000000      $121.365585 $0.407853 $0.335981 $   297.57  $     1.21  
58414 $  7018   $  5073491554  $  9076114183     $       55568  $   103982185  $    82249668  $    78304097  $      48      $       0      $      97      $           0  $              $0.558994      $55568.000000      $6.641577 $5.253471 $5.001459 $     1.26  $     1.05  
58412 $  7019   $ 15053273668  $  9090764394     $       81795  $  1896749812  $     6405056  $     5270456  $       0      $       0      $      97      $           0  $              $1.655886      $81795.000000      $121.149689 $0.409105 $0.336636 $   296.13  $     1.22  
58412 $  7236   $  3387479224  $  2032758360     $       16170  $   429342273  $     1241871  $     1050097  $       0      $       0      $      97      $           0  $              $1.666445      $16170.000000      $126.626289 $0.366266 $0.309706 $   345.72  $     1.18  
58414 $  7235   $   588252626  $  1049867265     $      113283  $    11754986  $     9111209  $     8706776  $       9      $       0      $      97      $           0  $              $0.560311      $113283.000000      $3.466908 $2.687177 $2.567897 $     1.29  $     1.05  
58412 $  8118   $ 13961396263  $  8336180610     $       69103  $  1760989023  $     6003995  $     4058212  $       0      $       0      $      97      $           0  $              $1.674795      $69103.000000      $127.781517 $0.435664 $0.294473 $   293.30  $     1.48  
58412 $  8121   $     2361874  $     1407618     $           8  $      303081  $         662  $         459  $       0      $       0      $      97      $           0  $              $1.677923      $8.000000      $6.465728 $0.014123 $0.009792 $   457.83  $     1.44  
58412 $  9124   $ 14836462841  $  8971749161     $       91984  $  1870732184  $     5982872  $     4962004  $      46      $       0      $      97      $           0  $              $1.653687      $91984.000000      $119.368752 $0.381759 $0.316618 $   312.68  $     1.21  
58432 $  1003   $  4093723122  $  7410457221     $      116560  $    82470775  $    65361750  $    62291021  $       0      $       0      $      97      $           0  $              $0.552425      $116560.000000      $5.262342 $4.170640 $3.974701 $     1.26  $     1.05  
58432 $  2006   $  5031977059  $  9010129198     $       53307  $   102569511  $    81201050  $    77309903  $      47      $       0      $      97      $           0  $              $0.558480      $53307.000000      $6.544814 $5.181323 $4.933035 $     1.26  $     1.05  
58412 $ 10127   $ 14317929452  $  8734659877     $       78878  $  1796439585  $     6140320  $     5071156  $       0      $       0      $      97      $           0  $              $1.639209      $78878.000000      $114.628250 $0.391805 $0.323583 $   292.56  $     1.21  
58432 $  3008   $  5058660729  $  9072758190     $       53374  $   103049949  $    81689777  $    77755602  $      48      $       0      $      97      $           0  $              $0.557566      $53374.000000      $6.582033 $5.217710 $4.966425 $     1.26  $     1.05  
58412 $ 11129   $ 15099485372  $  9089313685     $       81702  $  1903942332  $     6384517  $     5265021  $       0      $       0      $      97      $           0  $              $1.661235      $81702.000000      $121.609085 $0.407793 $0.336289 $   298.21  $     1.21  
58432 $  4010   $  5050500532  $  9071855908     $       53202  $   102970234  $    81598302  $    77645728  $      48      $       0      $      97      $           0  $              $0.556722      $53202.000000      $6.576941 $5.211868 $4.959408 $     1.26  $     1.05  
58412 $ 12131   $ 15082829134  $  9093651328     $       78307  $  1904727188  $     6063197  $     5043882  $       0      $       0      $      97      $           0  $              $1.658611      $78307.000000      $121.659218 $0.387270 $0.322164 $   314.15  $     1.20  
58432 $  5013   $  5056000183  $  9071471671     $       53037  $   103021077  $    81665105  $    77713823  $      48      $       0      $      97      $           0  $              $0.557352      $53037.000000      $6.573628 $5.210934 $4.958808 $     1.26  $     1.05  
58412 $ 13134   $ 15069951576  $  9086859933     $       81946  $  1899436907  $     6361203  $     5259153  $       0      $       0      $      97      $           0  $              $1.658433      $81946.000000      $121.200363 $0.405899 $0.335579 $   298.60  $     1.21  
58432 $  6016   $  5071549726  $  9066573699     $       54094  $   103171513  $    81775500  $    77747385  $      48      $       0      $      97      $           0  $              $0.559368      $54094.000000      $6.583227 $5.217978 $4.960950 $     1.26  $     1.05  
58412 $ 14137   $ 15094610069  $  9089129772     $       81687  $  1903225607  $     6388049  $     5265369  $       0      $       0      $      97      $           0  $              $1.660732      $81687.000000      $121.442116 $0.407612 $0.335976 $   297.94  $     1.21  
58432 $  6674   $  3348488015  $  5957349962     $       37383  $    69482368  $    54688412  $    52164557  $      31      $       0      $      97      $           0  $              $0.562077      $37383.000000      $6.758163 $5.319238 $5.073756 $     1.27  $     1.05  
58412 $ 14796   $  9834582169  $  5944680367     $       63378  $  1240601936  $     3989871  $     3308483  $       0      $       0      $      97      $           0  $              $1.654350      $63378.000000      $120.483353 $0.387484 $0.321309 $   310.94  $     1.21  
