PID   $time     $Instr Ret     $Unh Clk Cycles   $l2 trans reqs $l1lines       $l2lines       $Per Core bw   $Power         $Power2        $Power3        $bandwidth     $              $IPC           $MEM INTENSIITY$L2->L1 BW (MB)$L3->L2 BW (MB)$MM->L3 BW (MB)$L2 REUSE      $L3 REUSE      
54817 $  1004   $  3230210109  $  8866949097     $     3015020  $   358822372  $   356528396  $     3429938  $      40      $       0      $      97      $           0  $              $0.364298      $3015020.000000      $22.873138 $22.726910 $0.218641 $     1.01  $   103.95  
54815 $  1003   $  4390250872  $  5192670865     $    13065099  $   165949705  $    31973147  $    14934638  $       0      $       0      $      97      $           0  $              $0.845471      $13065099.000000      $10.589014 $2.040161 $0.952958 $     5.19  $     2.14  
54817 $  2006   $  3360892696  $  9358744128     $     3769631  $   378615999  $   375780169  $     3769512  $      42      $       0      $      97      $           0  $              $0.359118      $3769631.000000      $24.183058 $24.001926 $0.240767 $     1.01  $    99.69  
54815 $  2006   $  5793712985  $  5918914240     $    18818395  $   234515162  $    47351061  $    25812823  $       0      $       0      $      97      $           0  $              $0.978847      $18818396.000000      $14.964079 $3.021404 $1.647079 $     4.95  $     1.83  
54817 $  3008   $  3035055932  $  9110988459     $    10658401  $   342933255  $   339692756  $    10658134  $      51      $       0      $      97      $           0  $              $0.333120      $10658401.000000      $21.903919 $21.696943 $0.680759 $     1.01  $    31.87  
54815 $  3008   $ 17195330683  $  8988976493     $    37932491  $   797887814  $   136944562  $    66558465  $       0      $       0      $      97      $           0  $              $1.912935      $37932492.000000      $50.962894 $8.746958 $4.251239 $     5.83  $     2.06  
54817 $  3188   $   646659951  $  1716706150     $      875447  $    67738467  $    67317148  $     1102587  $       7      $       0      $      97      $           0  $              $0.376686      $875447.000000      $24.084787 $23.934988 $0.392031 $     1.01  $    61.05  
54815 $  3188   $  1114277907  $   534623162     $     1034523  $    51562553  $     6804179  $     4228275  $       0      $       0      $      97      $           0  $              $2.084230      $1034523.000000      $18.333351 $2.419264 $1.503387 $     7.58  $     1.61  
54817 $  4107   $  3163197801  $  8441989146     $      113702  $   354965780  $   353368756  $      113690  $      31      $       0      $      97      $           0  $              $0.374698      $113702.000000      $24.720142 $24.608925 $0.007917 $     1.00  $  3108.18  
54817 $  4109   $     1885942  $     5069274     $          55  $      212182  $      210746  $          55  $       0      $       0      $      97      $           0  $              $0.372034      $55.000000      $6.789824 $6.743872 $0.001760 $     1.01  $  3831.75  
54817 $  5112   $  3331497807  $  9175424294     $     3146003  $   375055936  $   372416125  $     3145943  $      41      $       0      $      97      $           0  $              $0.363089      $3146003.000000      $23.931784 $23.763342 $0.200738 $     1.01  $   118.38  
54835 $  1002   $  4263221573  $  5057208984     $    12385914  $   159881259  $    29360692  $    14246604  $       0      $       0      $      97      $           0  $              $0.842999      $12385914.000000      $10.211977 $1.875334 $0.909963 $     5.45  $     2.06  
54817 $  6114   $  3378933870  $  9351331770     $     3892921  $   375753479  $   372979572  $     4116873  $      42      $       0      $      97      $           0  $              $0.361332      $3892921.000000      $24.000221 $23.823048 $0.262954 $     1.01  $    90.60  
54835 $  2004   $  5626964360  $  5907229979     $    18999411  $   228083195  $    44913782  $    25969755  $       0      $       0      $      97      $           0  $              $0.952555      $18999412.000000      $14.568189 $2.868745 $1.658747 $     5.08  $     1.73  
54817 $  7117   $  3046907879  $  9113039477     $    10694634  $   344330621  $   341031150  $    10694485  $      51      $       0      $      97      $           0  $              $0.334346      $10694634.000000      $21.971247 $21.760710 $0.682400 $     1.01  $    31.89  
54835 $  3007   $ 17308294757  $  8994701679     $    38731265  $   803033878  $   130242388  $    67565446  $       0      $       0      $      97      $           0  $              $1.924277      $38731264.000000      $51.240444 $8.310581 $4.311255 $     6.17  $     1.93  
54817 $  7270   $   523660971  $  1446650783     $      895611  $    58951642  $    58541174  $      895600  $       6      $       0      $      97      $           0  $              $0.361982      $895611.000000      $24.659510 $24.487812 $0.374630 $     1.01  $    65.37  
54835 $  3160   $  1270840157  $   579135009     $     1259749  $    58536940  $     6939211  $     4535068  $       0      $       0      $      97      $           0  $              $2.194376      $1259749.000000      $24.486040 $2.902677 $1.897022 $     8.44  $     1.53  
54817 $  8184   $  3280247291  $  8754711161     $      116988  $   368091636  $   366444895  $      116973  $      31      $       0      $      97      $           0  $              $0.374684      $116988.000000      $25.774469 $25.659161 $0.008191 $     1.00  $  3132.73  
54817 $  8186   $     1852648  $     4979894     $         167  $      208228  $      207082  $         167  $       0      $       0      $      97      $           0  $              $0.372026      $167.000000      $6.663296 $6.626624 $0.005344 $     1.01  $  1240.01  
54817 $  9189   $  3351362162  $  9171514058     $     3515424  $   372808099  $   370101526  $     3719143  $      41      $       0      $      97      $           0  $              $0.365410      $3515424.000000      $23.788353 $23.615652 $0.237313 $     1.01  $    99.51  
54840 $  1003   $  4222000893  $  5069886429     $    12336704  $   157536236  $    31180959  $    14219049  $       0      $       0      $      97      $           0  $              $0.832760      $12336704.000000      $10.052163 $1.989613 $0.907297 $     5.05  $     2.19  
54817 $ 10191   $  3353441084  $  9360570520     $     3999094  $   377878739  $   374960816  $     3999020  $      42      $       0      $      97      $           0  $              $0.358252      $3999094.000000      $24.135967 $23.949594 $0.255426 $     1.01  $    93.76  
54840 $  2006   $  5518947609  $  5897539190     $    18989125  $   222751126  $    46459978  $    25970006  $       0      $       0      $      97      $           0  $              $0.935805      $18989124.000000      $14.213431 $2.964545 $1.657109 $     4.79  $     1.79  
54817 $ 11193   $  3027167142  $  9121757795     $    10603152  $   342115117  $   338821560  $    10602904  $      51      $       0      $      97      $           0  $              $0.331862      $10603152.000000      $21.851664 $21.641298 $0.677231 $     1.01  $    31.96  
54840 $  3008   $ 16773696057  $  9004134629     $    38379942  $   777434133  $   138180989  $    67078139  $       0      $       0      $      97      $           0  $              $1.862888      $38379944.000000      $49.656471 $8.825932 $4.284432 $     5.63  $     2.06  
54817 $ 11423   $   780059614  $  2180453600     $     1326447  $    87777508  $    87199043  $     1326449  $       9      $       0      $      97      $           0  $              $0.357751      $1326447.000000      $24.425045 $24.264080 $0.369099 $     1.01  $    65.74  
54840 $  3238   $  2044033043  $   964200869     $     2587776  $    91828783  $    13339864  $     5971540  $       0      $       0      $      97      $           0  $              $2.119924      $2587776.000000      $25.552357 $3.711962 $1.661646 $     6.88  $     2.23  
54817 $ 12295   $  3020585329  $  7994685343     $      215644  $   334337039  $   332825693  $      407419  $      31      $       0      $      97      $           0  $              $0.377824      $215644.000000      $24.538498 $24.427574 $0.029902 $     1.00  $   816.91  
54817 $ 12297   $     1930436  $     5191644     $         297  $      217652  $      215897  $         297  $       0      $       0      $      97      $           0  $              $0.371835      $297.000000      $6.964864 $6.908704 $0.009504 $     1.01  $   726.93  
54817 $ 13300   $  3331126534  $  9181366193     $     3046737  $   375004615  $   372375837  $     3046708  $      41      $       0      $      97      $           0  $              $0.362814      $3046737.000000      $23.928509 $23.760771 $0.194406 $     1.01  $   122.22  
54845 $  1003   $  4265571677  $  5055895430     $    12395943  $   160014137  $    29455942  $    14256100  $       0      $       0      $      97      $           0  $              $0.843683      $12395943.000000      $10.210275 $1.879542 $0.909661 $     5.43  $     2.07  
54817 $ 14302   $  3358098297  $  9363612690     $     3759843  $   378211704  $   375469391  $     3759731  $      42      $       0      $      97      $           0  $              $0.358633      $3759843.000000      $24.157234 $23.982077 $0.240142 $     1.01  $    99.87  
54845 $  2005   $  5636416671  $  5910476887     $    19018384  $   228484481  $    45152016  $    26021230  $       0      $       0      $      97      $           0  $              $0.953631      $19018384.000000      $14.593819 $2.883961 $1.662035 $     5.06  $     1.74  
54845 $  2454   $  7691837234  $  3958176656     $    16487175  $   353698570  $    55419358  $    27434791  $       0      $       0      $      97      $           0  $              $1.943278      $16487175.000000      $50.415829 $7.899419 $3.910527 $     6.38  $     2.02  
54817 $ 14751   $  1360892716  $  4053785594     $     4744977  $   153179734  $   151745017  $     4743942  $      22      $       0      $      97      $           0  $              $0.335709      $4744977.000000      $21.834082 $21.629580 $0.676197 $     1.01  $    31.99  
