PID   $time     $Instr Ret     $Unh Clk Cycles   $l2 trans reqs $l1lines       $l2lines       $Per Core bw   $Power         $Power2        $Power3        $bandwidth     $              $IPC           $MEM INTENSIITY$L2->L1 BW (MB)$L3->L2 BW (MB)$MM->L3 BW (MB)$L2 REUSE      $L3 REUSE      
49356 $  1004   $  4445458834  $  5578491168     $     1267053  $   172524262  $    38710031  $    17545551  $      28      $       0      $      97      $           0  $              $0.796893      $1267053.000000      $10.997562 $2.467572 $1.118442 $     4.46  $     2.21  
49354 $  1004   $  5016915681  $  2367907075     $      440227  $      640032  $      702338  $       59887  $       0      $       0      $      97      $           0  $              $2.118713      $440227.000000      $0.040799 $0.044771 $0.003817 $     0.91  $    11.73  
49356 $  2007   $  6822659885  $  5952425860     $     3316770  $   274731878  $    55386279  $    23799232  $      30      $       0      $      97      $           0  $              $1.146198      $3316770.000000      $17.530249 $3.534120 $1.518595 $     4.96  $     2.33  
49354 $  2007   $  4886413589  $  2306026749     $      445565  $      623504  $      686252  $       68878  $       0      $       0      $      97      $           0  $              $2.118975      $445565.000000      $0.039785 $0.043789 $0.004395 $     0.91  $     9.96  
49356 $  3010   $ 17302202190  $  8988906729     $    12189182  $   803251261  $   154754980  $    66105120  $      39      $       0      $      97      $           0  $              $1.924839      $12189182.000000      $51.254318 $9.874695 $4.218073 $     5.19  $     2.34  
49354 $  3010   $  4658739110  $  2228028547     $      625871  $      606555  $      699851  $      222708  $       0      $       0      $      97      $           0  $              $2.090969      $625871.000000      $0.038703 $0.044656 $0.014211 $     0.87  $     3.14  
49354 $  3089   $   403380488  $   189362219     $       26760  $       51521  $       55950  $         270  $       0      $       0      $      97      $           0  $              $2.130206      $26760.000000      $0.041739 $0.045327 $0.000219 $     0.92  $   207.22  
49356 $  3090   $           0  $           0     $       80662  $          49  $          49  $          46  $       1      $       0      $      97      $           0  $              $-nan      $80662.000000      $0.000039 $0.000039 $0.000037 $     1.00  $     1.07  
49354 $  4081   $  5177633648  $  2425275731     $      236961  $      655233  $      696768  $         175  $       0      $       0      $      97      $           0  $              $2.134864      $236961.000000      $0.042273 $0.044953 $0.000011 $     0.94  $  3981.53  
49354 $  4083   $     2652031  $     1250450     $           3  $         336  $         339  $           0  $       0      $       0      $      97      $           0  $              $2.120861      $3.000000      $0.010752 $0.010848 $0.000000 $     0.99  $      inf  
49354 $  5086   $  5082674248  $  2403507269     $      718205  $      648068  $      708240  $       62176  $      29      $       0      $      97      $           0  $              $2.114691      $718205.000000      $0.041352 $0.045192 $0.003967 $     0.92  $    11.39  
49372 $  1003   $  4448158696  $  5708296572     $      937828  $   174993859  $    35630535  $    18620221  $       0      $       0      $      97      $           0  $              $0.779244      $937828.000000      $11.166108 $2.273534 $1.188130 $     4.91  $     1.91  
49372 $  2006   $  7203247223  $  5758740647     $     3326903  $   290772596  $    48654135  $    23375712  $      31      $       0      $      97      $           0  $              $1.250837      $3326903.000000      $18.553785 $3.104551 $1.491571 $     5.98  $     2.08  
49354 $  6089   $  4874256454  $  2300220649     $      427320  $      621582  $      680915  $       73639  $       0      $       0      $      97      $           0  $              $2.119039      $427320.000000      $0.039662 $0.043448 $0.004699 $     0.91  $     9.25  
49354 $  7086   $  4657592993  $  2225730297     $      595257  $      605668  $      695801  $      220930  $       0      $       0      $      97      $           0  $              $2.092613      $595257.000000      $0.038879 $0.044665 $0.014182 $     0.87  $     3.15  
49372 $  3003   $ 16817048828  $  8476491099     $    11831998  $   784684333  $   130861264  $    65292068  $      38      $       0      $      97      $           0  $              $1.983963      $11831998.000000      $50.370911 $8.400322 $4.191266 $     6.00  $     2.00  
49354 $  7133   $   232208039  $   108918783     $       10919  $       29535  $       31713  $          20  $       0      $       0      $      97      $           0  $              $2.131938      $10919.000000      $0.040218 $0.043184 $0.000027 $     0.93  $  1585.65  
49354 $  7135   $     2266632  $     1092471     $           1  $         289  $         308  $           0  $       0      $       0      $      97      $           0  $              $2.074775      $1.000000      $0.009248 $0.009856 $0.000000 $     0.94  $      inf  
49354 $  8138   $  4780602591  $  2252242245     $      705981  $      607890  $      666973  $       49785  $      29      $       0      $      97      $           0  $              $2.122597      $705981.000000      $0.038789 $0.042559 $0.003177 $     0.91  $    13.40  
49377 $  1003   $  4379656276  $  5081473235     $      949576  $   165136638  $    30837201  $    14122204  $       0      $       0      $      97      $           0  $              $0.861887      $949576.000000      $10.537133 $1.967678 $0.901118 $     5.36  $     2.18  
49377 $  2006   $  7119133304  $  6106651033     $     3276502  $   292402368  $    53558399  $    27692275  $      30      $       0      $      97      $           0  $              $1.165800      $3276502.000000      $18.657778 $3.417485 $1.767005 $     5.46  $     1.93  
49354 $  9141   $  5055077360  $  2393218279     $      438435  $      645508  $      712665  $       72284  $       0      $       0      $      97      $           0  $              $2.112251      $438435.000000      $0.041189 $0.045474 $0.004612 $     0.91  $     9.86  
49354 $ 10155   $  4742913905  $  2265718394     $      608509  $      617337  $      711530  $      214269  $       0      $       0      $      97      $           0  $              $2.093338      $608509.000000      $0.038964 $0.044909 $0.013524 $     0.87  $     3.32  
49377 $  3020   $ 16996020620  $  8563909364     $    11894688  $   792858182  $   132570164  $    65640363  $      39      $       0      $      97      $           0  $              $1.984610      $11894688.000000      $50.042332 $8.367348 $4.142982 $     5.98  $     2.02  
49354 $ 10192   $   175626173  $    82019876     $        7807  $       22397  $       24024  $          12  $       0      $       0      $      97      $           0  $              $2.141264      $7807.000000      $0.038741 $0.041555 $0.000021 $     0.93  $  2002.00  
49354 $ 10195   $     2277287  $     1097965     $        1157  $         398  $         557  $           0  $       0      $       0      $      97      $           0  $              $2.074098      $1157.000000      $0.008491 $0.011883 $0.000000 $     0.71  $      inf  
49354 $ 11198   $  4963766344  $  2344711630     $      697726  $      631406  $      690977  $       60568  $      29      $       0      $      97      $           0  $              $2.117005      $697726.000000      $0.040289 $0.044090 $0.003865 $     0.91  $    11.41  
49382 $  1003   $  4416978188  $  5465413404     $      939434  $   170536311  $    33552225  $    16636927  $       0      $       0      $      97      $           0  $              $0.808169      $939434.000000      $10.881679 $2.140920 $1.061579 $     5.08  $     2.02  
49382 $  2006   $  7254639476  $  5846703541     $     3331996  $   295129249  $    51137548  $    25438737  $      31      $       0      $      97      $           0  $              $1.240808      $3331996.000000      $18.831776 $3.263014 $1.623209 $     5.77  $     2.01  
49354 $ 12201   $  4948069915  $  2335378604     $      432244  $      631460  $      695266  $       77452  $       0      $       0      $      97      $           0  $              $2.118744      $432244.000000      $0.040293 $0.044364 $0.004942 $     0.91  $     8.98  
49354 $ 13171   $  4669529454  $  2236335937     $      257492  $      605363  $      697237  $      220767  $       0      $       0      $      97      $           0  $              $2.088027      $257492.000000      $0.039941 $0.046003 $0.014566 $     0.87  $     3.16  
49382 $  2976   $ 16815746026  $  8514583576     $    11839165  $   784765126  $   130876680  $    65301827  $      37      $       0      $      97      $           0  $              $1.974935      $11839165.000000      $51.778316 $8.635162 $4.308574 $     6.00  $     2.00  
49354 $ 13247   $   377069406  $   176105228     $       17075  $       47735  $       51347  $          17  $       0      $       0      $      97      $           0  $              $2.141160      $17075.000000      $0.040198 $0.043240 $0.000014 $     0.93  $  3020.41  
49354 $ 13250   $     2693543  $     1278153     $           4  $         352  $         347  $           0  $       0      $       0      $      97      $           0  $              $2.107371      $4.000000      $0.007509 $0.007403 $0.000000 $     1.01  $      inf  
49354 $ 14253   $  4954743369  $  2338403870     $      701598  $      630460  $      689177  $       53535  $      31      $       0      $      97      $           0  $              $2.118857      $701598.000000      $0.040229 $0.043975 $0.003416 $     0.91  $    12.87  
49387 $  1003   $  4429684165  $  5430822879     $     1015266  $   168537453  $    38841599  $    15652880  $       0      $       0      $      97      $           0  $              $0.815656      $1015266.000000      $10.754135 $2.478427 $0.998788 $     4.34  $     2.48  
49387 $  2006   $  7051396521  $  6051677306     $     3413721  $   284966192  $    61950045  $    25888644  $      30      $       0      $      97      $           0  $              $1.165197      $3413721.000000      $18.183287 $3.952944 $1.651917 $     4.60  $     2.39  
49354 $ 15257   $  5094027340  $  2409326651     $      446439  $      649129  $      714423  $       70048  $       0      $       0      $      97      $           0  $              $2.114295      $446439.000000      $0.041379 $0.045541 $0.004465 $     0.91  $    10.20  
49387 $  3009   $ 17191350516  $  9075106398     $    12114628  $   795784029  $   165204672  $    65658637  $      39      $       0      $      97      $           0  $              $1.894341      $12114628.000000      $50.777843 $10.541474 $4.189584 $     4.82  $     2.52  
49354 $ 16260   $  4656464003  $  2225550309     $      637238  $      605018  $      695524  $      231186  $       0      $       0      $      97      $           0  $              $2.092275      $637238.000000      $0.038605 $0.044380 $0.014752 $     0.87  $     3.01  
49354 $ 16327   $   334442420  $   157336222     $       17611  $       42540  $       45807  $        1976  $       0      $       0      $      97      $           0  $              $2.125654      $17611.000000      $0.040635 $0.043756 $0.001888 $     0.93  $    23.18  
49387 $  3076   $    41157993  $    50399482     $       87815  $     1207662  $      406264  $      102541  $       1      $       0      $      97      $           0  $              $0.816635      $87815.000000      $1.153588 $0.388073 $0.097950 $     2.97  $     3.96  
49354 $ 17302   $  6531465191  $  4004178041     $      164078  $    16338836  $    19952120  $     7242119  $       0      $       0      $      97      $           0  $              $1.631163      $164078.000000      $1.072498 $1.309678 $0.475380 $     0.82  $     2.76  
49354 $ 17304   $     1780612  $     1311063     $           0  $        1529  $        1091  $         983  $       0      $       0      $      97      $           0  $              $1.358144      $0.000000      $0.048928 $0.034912 $0.031456 $     1.40  $     1.11  
49354 $ 18306   $ 12173820713  $  9013548408     $       82160  $    28026444  $    43658659  $     7541275  $      39      $       0      $      97      $           0  $              $1.350614      $82160.000000      $1.790112 $2.788577 $0.481678 $     0.64  $     5.79  
49392 $  1002   $  4199079488  $  5091427105     $      942296  $   156997501  $    29168422  $    14505374  $       0      $       0      $      97      $           0  $              $0.824735      $942296.000000      $10.027784 $1.863053 $0.926491 $     5.38  $     2.01  
49392 $  2004   $  5261683775  $  5824872033     $     2522427  $   211129338  $    42702215  $    26007158  $      34      $       0      $      97      $           0  $              $0.903313      $2522427.000000      $13.485308 $2.727487 $1.661136 $     4.94  $     1.64  
49354 $ 19309   $  6405958784  $  4746055102     $      184383  $    12732170  $    19042253  $     4137682  $       0      $       0      $      97      $           0  $              $1.349744      $184383.000000      $0.812422 $1.215059 $0.264020 $     0.67  $     4.60  
49392 $  3006   $ 17471177872  $  9019709651     $    11744183  $   811784062  $   129751373  $    68482558  $      49      $       0      $      97      $           0  $              $1.937000      $11744183.000000      $51.850479 $8.287513 $4.374135 $     6.26  $     1.89  
49354 $ 20311   $ 12296943813  $  9127904848     $       76131  $    28242928  $    44478492  $     7991623  $       0      $       0      $      97      $           0  $              $1.347181      $76131.000000      $1.803939 $2.840942 $0.510443 $     0.63  $     5.57  
49354 $ 20474   $  2100579608  $  1540971812     $       12323  $     4831448  $     7595649  $     1359106  $       0      $       0      $      97      $           0  $              $1.363153      $12323.000000      $1.897010 $2.982341 $0.533637 $     0.64  $     5.59  
49392 $  3169   $  1527570836  $   680332349     $      406658  $    69917660  $     8487325  $     5016253  $       6      $       0      $      97      $           0  $              $2.245330      $406658.000000      $27.452333 $3.332447 $1.969572 $     8.24  $     1.69  
49354 $ 21379   $ 12019134998  $  8779425673     $       74254  $    27677564  $    43349510  $     7755244  $       0      $       0      $      97      $           0  $              $1.369012      $74254.000000      $1.957308 $3.065601 $0.548437 $     0.64  $     5.59  
49354 $ 21381   $     3446635  $     2523107     $           0  $        7291  $       10779  $        2253  $       0      $       0      $      97      $           0  $              $1.366028      $0.000000      $0.233312 $0.344928 $0.072096 $     0.68  $     4.78  
49354 $ 22384   $ 12143208076  $  8991911243     $      101234  $    27829423  $    43616573  $     7835778  $      39      $       0      $      97      $           0  $              $1.350459      $101234.000000      $1.775756 $2.783111 $0.499990 $     0.64  $     5.57  
49400 $  1003   $  4169936235  $  5095598539     $      938219  $   155531726  $    30062323  $    14636870  $       0      $       0      $      97      $           0  $              $0.818341      $938219.000000      $9.924258 $1.918234 $0.933958 $     5.17  $     2.05  
49400 $  2005   $  5132174938  $  5839353500     $     2448082  $   205218754  $    43234662  $    26281041  $      40      $       0      $      97      $           0  $              $0.878894      $2448082.000000      $13.107784 $2.761496 $1.678629 $     4.75  $     1.65  
49354 $ 23386   $ 12277573944  $  9060939438     $       80403  $    28053976  $    43903966  $     7936697  $       0      $       0      $      97      $           0  $              $1.355000      $80403.000000      $1.791871 $2.804245 $0.506935 $     0.64  $     5.53  
49400 $  3007   $ 16794473150  $  9020343912     $    11386925  $   780922475  $   133079060  $    73154486  $      49      $       0      $      97      $           0  $              $1.861844      $11386925.000000      $49.879280 $8.500059 $4.672542 $     5.87  $     1.82  
49354 $ 24388   $ 12309946548  $  9132231640     $       79286  $    28323146  $    44610456  $     8022953  $       0      $       0      $      97      $           0  $              $1.347967      $79286.000000      $1.809063 $2.849370 $0.512444 $     0.63  $     5.56  
49354 $ 24601   $  2717337413  $  1997105345     $       16237  $     6263939  $     9831421  $     1759998  $       0      $       0      $      97      $           0  $              $1.360638      $16237.000000      $1.882123 $2.954042 $0.528826 $     0.64  $     5.59  
49400 $  3220   $  2406859771  $  1119016832     $      679600  $   108454911  $    14687870  $     7053098  $       9      $       0      $      97      $           0  $              $2.150870      $679600.000000      $32.587391 $4.413257 $2.119241 $     7.38  $     2.08  
49354 $ 25458   $ 11250719874  $  8206179940     $       70360  $    25940260  $    40611270  $     7263481  $       0      $       0      $      97      $           0  $              $1.371006      $70360.000000      $1.937196 $3.032814 $0.542430 $     0.64  $     5.59  
49354 $ 25460   $     1720340  $     1261370     $           2  $        1465  $        1209  $        1180  $       0      $       0      $      97      $           0  $              $1.363866      $2.000000      $0.046880 $0.038688 $0.037760 $     1.21  $     1.02  
49354 $ 26463   $ 12275758346  $  9073084901     $       90024  $    28164410  $    44177112  $     7927013  $      39      $       0      $      97      $           0  $              $1.352986      $90024.000000      $1.797131 $2.818879 $0.505811 $     0.64  $     5.57  
49405 $  1003   $  4218260048  $  5087636598     $      921509  $   157870495  $    29367696  $    14750230  $       0      $       0      $      97      $           0  $              $0.829120      $921509.000000      $10.073491 $1.873911 $0.941191 $     5.38  $     1.99  
49405 $  2005   $  5213352078  $  5845180254     $     2442895  $   209254717  $    42743207  $    26692195  $      40      $       0      $      97      $           0  $              $0.891906      $2442895.000000      $13.365571 $2.730105 $1.704891 $     4.90  $     1.60  
49354 $ 27465   $ 12202061406  $  9005432761     $       80355  $    27858481  $    43570851  $     7883594  $       0      $       0      $      97      $           0  $              $1.354967      $80355.000000      $1.779384 $2.782969 $0.503543 $     0.64  $     5.53  
49405 $  3007   $ 16956904009  $  9026854046     $    11312402  $   789146896  $   129610891  $    74148782  $      49      $       0      $      97      $           0  $              $1.878495      $11312402.000000      $50.404591 $8.278540 $4.736050 $     6.09  $     1.75  
49354 $ 28467   $ 12327552249  $  9135295695     $       79924  $    28327136  $    44624521  $     8027165  $       0      $       0      $      97      $           0  $              $1.349442      $79924.000000      $1.809318 $2.850269 $0.512713 $     0.63  $     5.56  
49354 $ 28684   $  2790566067  $  2045054350     $       16511  $     6419777  $    10090170  $     1805308  $       0      $       0      $      97      $           0  $              $1.364544      $16511.000000      $1.893390 $2.975903 $0.532441 $     0.64  $     5.59  
49405 $  3225   $  2069669733  $   921695352     $      581980  $    93585148  $    11719032  $     6031063  $       8      $       0      $      97      $           0  $              $2.245503      $581980.000000      $27.474541 $3.440450 $1.770587 $     7.99  $     1.94  
49354 $ 29563   $ 11490949571  $  8391250333     $       71972  $    26458238  $    41438888  $     7414460  $       0      $       0      $      97      $           0  $              $1.369397      $71972.000000      $1.926425 $3.017166 $0.539847 $     0.64  $     5.59  
49354 $ 29565   $     1804409  $     1316923     $           0  $        1503  $        1256  $        1240  $       0      $       0      $      97      $           0  $              $1.370170      $0.000000      $0.048096 $0.040192 $0.039680 $     1.20  $     1.01  
49354 $ 30568   $ 12261627912  $  9076092054     $       82191  $    28128321  $    44082213  $     7911270  $      40      $       0      $      97      $           0  $              $1.350981      $82191.000000      $1.794828 $2.812823 $0.504807 $     0.64  $     5.57  
49410 $  1003   $  4187002539  $  5087023495     $      907723  $   156471537  $    28930060  $    14706973  $       0      $       0      $      97      $           0  $              $0.823075      $907723.000000      $9.984225 $1.845986 $0.938431 $     5.41  $     1.97  
49410 $  2005   $  5068522055  $  5804348187     $     2408736  $   202312300  $    41535713  $    26124034  $      41      $       0      $      97      $           0  $              $0.873228      $2408736.000000      $12.922143 $2.652980 $1.668601 $     4.87  $     1.59  
49354 $ 31570   $ 12277264688  $  9054237109     $       78681  $    28066820  $    43939765  $     7934909  $       0      $       0      $      97      $           0  $              $1.355969      $78681.000000      $1.792691 $2.806532 $0.506821 $     0.64  $     5.54  
49410 $  3007   $ 17007948371  $  9026449690     $    11281234  $   791892508  $   128434893  $    74536031  $      49      $       0      $      97      $           0  $              $1.884235      $11281234.000000      $50.579960 $8.203426 $4.760785 $     6.17  $     1.72  
49354 $ 32572   $ 12325308605  $  9134154136     $       78176  $    28324778  $    44619667  $     8027825  $       0      $       0      $      97      $           0  $              $1.349365      $78176.000000      $1.809168 $2.849959 $0.512755 $     0.63  $     5.56  
49354 $ 32791   $  2780835713  $  2046601727     $       16485  $     6384186  $    10029194  $     1796801  $       0      $       0      $      97      $           0  $              $1.358758      $16485.000000      $1.865698 $2.930906 $0.525093 $     0.64  $     5.58  
49410 $  3226   $  2201149054  $   989225671     $      590088  $    99369993  $    12307910  $     6396994  $       9      $       0      $      97      $           0  $              $2.225123      $590088.000000      $29.039633 $3.596832 $1.869441 $     8.07  $     1.92  
49354 $ 33663   $ 11775632502  $  8595646068     $       69511  $    27116490  $    42489153  $     7600214  $       0      $       0      $      97      $           0  $              $1.369953      $69511.000000      $1.990201 $3.118470 $0.557814 $     0.64  $     5.59  
49354 $ 33665   $     1899927  $     1401594     $           0  $        1553  $        1263  $        1240  $       0      $       0      $      97      $           0  $              $1.355547      $0.000000      $0.049696 $0.040416 $0.039680 $     1.23  $     1.02  
49354 $ 34668   $ 12080121562  $  8993999622     $       80164  $    27541009  $    43168010  $     7776594  $      39      $       0      $      97      $           0  $              $1.343131      $80164.000000      $1.757352 $2.754489 $0.496213 $     0.64  $     5.55  
49415 $  1003   $  4198771391  $  5084507754     $      909152  $   157021251  $    28901202  $    14716622  $       0      $       0      $      97      $           0  $              $0.825797      $909152.000000      $10.019302 $1.844144 $0.939047 $     5.43  $     1.96  
49415 $  2005   $  5089296274  $  5809461909     $     2396385  $   203301040  $    41651500  $    26191064  $      41      $       0      $      97      $           0  $              $0.876036      $2396385.000000      $12.985296 $2.660375 $1.672882 $     4.88  $     1.59  
49354 $ 35670   $ 12417299617  $  9175573163     $       79892  $    28461909  $    44558653  $     8020620  $       0      $       0      $      97      $           0  $              $1.353299      $79892.000000      $1.817926 $2.846062 $0.512295 $     0.64  $     5.56  
49415 $  3007   $ 16956802360  $  9027733993     $    11228767  $   789442751  $   128375438  $    74403332  $      49      $       0      $      97      $           0  $              $1.878301      $11228767.000000      $50.423489 $8.199629 $4.752308 $     6.15  $     1.73  
49354 $ 36672   $ 12342812090  $  9133985234     $       79286  $    28400971  $    44722732  $     8042717  $       0      $       0      $      97      $           0  $              $1.351306      $79286.000000      $1.814034 $2.856542 $0.513706 $     0.64  $     5.56  
49354 $ 36875   $  2603862936  $  1908587305     $       15419  $     5993228  $     9417578  $     1685057  $       0      $       0      $      97      $           0  $              $1.364288      $15419.000000      $1.889491 $2.969089 $0.531250 $     0.64  $     5.59  
49415 $  3210   $  2219888387  $   999860203     $      607353  $   100191546  $    12292868  $     6462840  $       8      $       0      $      97      $           0  $              $2.220199      $607353.000000      $31.587482 $3.875584 $2.037546 $     8.15  $     1.90  
49354 $ 37745   $ 11333760539  $  8272266544     $       70266  $    26142679  $    40918465  $     7317155  $       0      $       0      $      97      $           0  $              $1.370091      $70266.000000      $1.923140 $3.010094 $0.538273 $     0.64  $     5.59  
49354 $ 37748   $     1985632  $     1474260     $           0  $        1683  $        1302  $        1278  $       0      $       0      $      97      $           0  $              $1.346867      $0.000000      $0.035904 $0.027776 $0.027264 $     1.29  $     1.02  
49354 $ 38751   $ 12337471867  $  9110383528     $       83390  $    28345143  $    44470440  $     7969354  $      39      $       0      $      97      $           0  $              $1.354221      $83390.000000      $1.808663 $2.837595 $0.508513 $     0.64  $     5.58  
49420 $  1003   $  4191516933  $  5092789828     $      946374  $   156274299  $    31060382  $    14575286  $       0      $       0      $      97      $           0  $              $0.823030      $946374.000000      $9.971641 $1.981919 $0.930028 $     5.03  $     2.13  
49420 $  2006   $  5141451281  $  5815139065     $     2473680  $   205693136  $    44234218  $    26233383  $      40      $       0      $      97      $           0  $              $0.884149      $2473680.000000      $13.124986 $2.822522 $1.673915 $     4.65  $     1.69  
49354 $ 39754   $ 12376384234  $  9154002194     $       81983  $    28333952  $    44318943  $     7988626  $       0      $       0      $      97      $           0  $              $1.352019      $81983.000000      $1.807949 $2.827929 $0.509743 $     0.64  $     5.55  
49420 $  3009   $ 16708572877  $  9024593578     $    11458626  $   775588853  $   137882832  $    72534071  $      49      $       0      $      97      $           0  $              $1.851449      $11458626.000000      $49.489220 $8.798107 $4.628296 $     5.62  $     1.90  
49354 $ 40757   $ 12330434310  $  9134448887     $       78383  $    28361224  $    44623276  $     8025765  $       0      $       0      $      97      $           0  $              $1.349883      $78383.000000      $1.809689 $2.847348 $0.512113 $     0.64  $     5.56  
49354 $ 40993   $  3009243422  $  2213329082     $       18058  $     6911566  $    10860262  $     1946722  $       0      $       0      $      97      $           0  $              $1.359601      $18058.000000      $1.874323 $2.945156 $0.527925 $     0.64  $     5.58  
49420 $  3245   $  2500809424  $  1177679593     $      730530  $   112441551  $    16208166  $     7346990  $      10      $       0      $      97      $           0  $              $2.123506      $730530.000000      $30.492624 $4.395435 $1.992404 $     6.94  $     2.21  
49354 $ 41845   $ 11157217619  $  8139866269     $       69811  $    25741493  $    40261774  $     7201932  $       0      $       0      $      97      $           0  $              $1.370688      $69811.000000      $1.933633 $3.024359 $0.540990 $     0.64  $     5.59  
49354 $ 41848   $     1895634  $     1382994     $           0  $        1618  $        1239  $        1225  $       0      $       0      $      97      $           0  $              $1.370674      $0.000000      $0.034517 $0.026432 $0.026133 $     1.31  $     1.01  
49354 $ 42851   $ 12372041179  $  9127867928     $       86790  $    28459658  $    44617290  $     7994578  $      39      $       0      $      97      $           0  $              $1.355414      $86790.000000      $1.815970 $2.846966 $0.510123 $     0.64  $     5.58  
49436 $  1003   $  4223343110  $  5085999803     $      915727  $   158125917  $    29120584  $    14763024  $       0      $       0      $      97      $           0  $              $0.830386      $915727.000000      $10.089789 $1.858143 $0.942008 $     5.43  $     1.97  
49436 $  2006   $  5045425447  $  5732338551     $     2442696  $   201219315  $    41407500  $    25716529  $      40      $       0      $      97      $           0  $              $0.880169      $2442696.000000      $12.839518 $2.642154 $1.640935 $     4.86  $     1.61  
49354 $ 43854   $ 12080450929  $  8931978246     $       79802  $    27578233  $    43125774  $     7798271  $       0      $       0      $      97      $           0  $              $1.352494      $79802.000000      $1.759728 $2.751794 $0.497597 $     0.64  $     5.53  
49436 $  3009   $ 17104258700  $  9026515588     $    11480016  $   796217437  $   129116172  $    73297131  $      49      $       0      $      97      $           0  $              $1.894890      $11480016.000000      $50.805496 $8.238719 $4.676985 $     6.17  $     1.76  
49354 $ 44857   $ 12330698011  $  9134469645     $       78592  $    28325623  $    44638417  $     8031694  $       0      $       0      $      97      $           0  $              $1.349908      $78592.000000      $1.807418 $2.848314 $0.512491 $     0.63  $     5.56  
49354 $ 45057   $  2569067114  $  1883488700     $       14882  $     5915689  $     9289779  $     1662278  $       0      $       0      $      97      $           0  $              $1.363994      $14882.000000      $1.893021 $2.972729 $0.531929 $     0.64  $     5.59  
49436 $  3209   $  2086420391  $   923594334     $      569965  $    94330038  $    11557515  $     6063896  $       8      $       0      $      97      $           0  $              $2.259022      $569965.000000      $30.185614 $3.698405 $1.940447 $     8.16  $     1.91  
49354 $ 45937   $ 11516433951  $  8410229994     $       70450  $    26510105  $    41542166  $     7432008  $       0      $       0      $      97      $           0  $              $1.369336      $70450.000000      $1.928008 $3.021249 $0.540510 $     0.64  $     5.59  
49354 $ 45939   $     1946764  $     1434758     $           0  $        1611  $        1305  $        1283  $       0      $       0      $      97      $           0  $              $1.356859      $0.000000      $0.051552 $0.041760 $0.041056 $     1.23  $     1.02  
49354 $ 46941   $ 12422305205  $  9195796329     $       82508  $    28491645  $    44646429  $     8018189  $      40      $       0      $      97      $           0  $              $1.350868      $82508.000000      $1.819826 $2.851668 $0.512140 $     0.64  $     5.57  
49441 $  1003   $  4386244835  $  5213126280     $     1003412  $   165319651  $    31490126  $    15197884  $       0      $       0      $      97      $           0  $              $0.841385      $1003412.000000      $10.548811 $2.009340 $0.969755 $     5.25  $     2.07  
49441 $  2006   $  6195318320  $  5815297216     $     2712544  $   251029164  $    49253807  $    28714860  $      40      $       0      $      97      $           0  $              $1.065349      $2712544.000000      $16.017813 $3.142815 $1.832254 $     5.10  $     1.72  
49354 $ 47944   $ 12263907999  $  9055332311     $       79179  $    28020143  $    43836501  $     7921700  $       0      $       0      $      97      $           0  $              $1.354330      $79179.000000      $1.787925 $2.797145 $0.505472 $     0.64  $     5.53  
49441 $  3008   $ 16827307938  $  9021182259     $    11364908  $   781844386  $   134135197  $    73001019  $      49      $       0      $      97      $           0  $              $1.865311      $11364908.000000      $49.938168 $8.567518 $4.662740 $     5.83  $     1.84  
49354 $ 48947   $ 12340500429  $  9132986046     $       77846  $    28412191  $    44686950  $     8035498  $       0      $       0      $      97      $           0  $              $1.351201      $77846.000000      $1.812941 $2.851411 $0.512734 $     0.64  $     5.56  
49354 $ 49087   $  1793415578  $  1321485444     $       10363  $     4113511  $     6458385  $     1158070  $       0      $       0      $      97      $           0  $              $1.357121      $10363.000000      $1.880462 $2.952404 $0.529403 $     0.64  $     5.58  
49441 $  3148   $  1120407460  $   528708522     $      309119  $    51885286  $     6943007  $     4247699  $       5      $       0      $      97      $           0  $              $2.119140      $309119.000000      $23.718988 $3.173946 $1.941805 $     7.47  $     1.63  
49354 $ 50010   $ 12009902773  $  8765638970     $       74459  $    27719431  $    43353406  $     7752794  $       0      $       0      $      97      $           0  $              $1.370112      $74459.000000      $1.922041 $3.006087 $0.537572 $     0.64  $     5.59  
49354 $ 50013   $     2024362  $     1482124     $           0  $        1771  $        1353  $        1327  $       0      $       0      $      97      $           0  $              $1.365852      $0.000000      $0.037781 $0.028864 $0.028309 $     1.31  $     1.02  
49354 $ 51016   $ 12301476196  $  9095518444     $       82570  $    28272793  $    44277813  $     7941977  $      39      $       0      $      97      $           0  $              $1.352477      $82570.000000      $1.804047 $2.825304 $0.506766 $     0.64  $     5.58  
49446 $  1003   $  4202794679  $  5102806486     $      988853  $   156893607  $    31330872  $    14623980  $       0      $       0      $      97      $           0  $              $0.823624      $988853.000000      $10.011157 $1.999178 $0.933135 $     5.01  $     2.14  
49446 $  2006   $  5090972384  $  5801147067     $     2435897  $   203283303  $    44079481  $    26312620  $      40      $       0      $      97      $           0  $              $0.877580      $2435897.000000      $12.971217 $2.812649 $1.678971 $     4.61  $     1.68  
49354 $ 52019   $ 12218325422  $  9002637040     $       79472  $    27916947  $    43679319  $     7899724  $       0      $       0      $      97      $           0  $              $1.357194      $79472.000000      $1.781341 $2.787115 $0.504070 $     0.64  $     5.53  
49446 $  3009   $ 16625686955  $  9023483638     $    11263176  $   773008743  $   138174185  $    74068740  $      49      $       0      $      97      $           0  $              $1.842491      $11263176.000000      $49.324589 $8.816698 $4.726221 $     5.59  $     1.87  
49354 $ 53022   $ 12327282064  $  9136072216     $       78524  $    28327285  $    44615642  $     8027524  $       0      $       0      $      97      $           0  $              $1.349298      $78524.000000      $1.807524 $2.846860 $0.512225 $     0.63  $     5.56  
49354 $ 53247   $  2862632394  $  2101695374     $       17175  $     6591193  $    10356406  $     1854790  $       0      $       0      $      97      $           0  $              $1.362059      $17175.000000      $1.874828 $2.945822 $0.527585 $     0.64  $     5.58  
49446 $  3234   $  2590061498  $  1219342757     $      714762  $   116820433  $    16904980  $     7763660  $       9      $       0      $      97      $           0  $              $2.124146      $714762.000000      $33.228924 $4.808527 $2.208330 $     6.91  $     2.18  
49354 $ 54094   $ 11094460656  $  8103042628     $       68673  $    25565184  $    40002814  $     7158022  $       0      $       0      $      97      $           0  $              $1.369172      $68673.000000      $1.931726 $3.022645 $0.540866 $     0.64  $     5.59  
49354 $ 54096   $     2367924  $     1725700     $           0  $        1926  $        1530  $        1518  $       0      $       0      $      97      $           0  $              $1.372153      $0.000000      $0.061632 $0.048960 $0.048576 $     1.26  $     1.01  
49354 $ 55099   $ 12258077355  $  9095797049     $       84947  $    28062105  $    43998591  $     7902589  $      39      $       0      $      97      $           0  $              $1.347664      $84947.000000      $1.790603 $2.807487 $0.504253 $     0.64  $     5.57  
49451 $  1003   $  4225452356  $  5089116810     $      924688  $   158237092  $    29275747  $    14758325  $       0      $       0      $      97      $           0  $              $0.830292      $924688.000000      $10.096883 $1.868044 $0.941708 $     5.41  $     1.98  
49451 $  2006   $  5139519524  $  5813250033     $     2420085  $   205225819  $    42098234  $    26469946  $      40      $       0      $      97      $           0  $              $0.884104      $2420085.000000      $13.095167 $2.686228 $1.689010 $     4.87  $     1.59  
49354 $ 56102   $ 12295767455  $  9066589819     $       79108  $    28142750  $    44031518  $     7949046  $       0      $       0      $      97      $           0  $              $1.356162      $79108.000000      $1.795749 $2.809588 $0.507217 $     0.64  $     5.54  
49451 $  3009   $ 16850995646  $  9025252691     $    11118063  $   784901088  $   128441063  $    74538033  $      49      $       0      $      97      $           0  $              $1.867094      $11118063.000000      $50.083420 $8.195642 $4.756166 $     6.11  $     1.72  
49354 $ 57104   $ 12338778766  $  9135222761     $       78437  $    28413399  $    44715133  $     8041518  $       0      $       0      $      97      $           0  $              $1.350682      $78437.000000      $1.814828 $2.856056 $0.513630 $     0.64  $     5.56  
49354 $ 57313   $  2670447777  $  1962114818     $       15536  $     6133458  $     9649278  $     1727758  $       0      $       0      $      97      $           0  $              $1.361005      $15536.000000      $1.878188 $2.954803 $0.529074 $     0.64  $     5.58  
49451 $  3218   $  2247877499  $  1014178560     $      609536  $   101559812  $    12581535  $     6602327  $       8      $       0      $      97      $           0  $              $2.216451      $609536.000000      $31.099653 $3.852719 $2.021765 $     8.07  $     1.91  
49354 $ 58182   $ 10928433200  $  7968975445     $       68313  $    25232169  $    39457488  $     7056302  $       0      $       0      $      97      $           0  $              $1.371372      $68313.000000      $1.858295 $2.905960 $0.519682 $     0.64  $     5.59  
49354 $ 58184   $     1937629  $     1430846     $          65  $        1840  $        1555  $        1290  $       0      $       0      $      97      $           0  $              $1.354184      $65.000000      $0.058880 $0.049760 $0.041280 $     1.18  $     1.21  
49354 $ 59186   $ 12166715650  $  9020515439     $       80776  $    27860703  $    43655722  $     7846219  $      39      $       0      $      97      $           0  $              $1.348783      $80776.000000      $1.779526 $2.788389 $0.501156 $     0.64  $     5.56  
49456 $  1002   $  4214036797  $  5089285726     $      936982  $   157583879  $    29311803  $    14718459  $       0      $       0      $      97      $           0  $              $0.828021      $936982.000000      $10.065237 $1.872211 $0.940101 $     5.38  $     1.99  
49456 $  2005   $  5043283281  $  5758647985     $     2473019  $   200603695  $    41586542  $    25768567  $      40      $       0      $      97      $           0  $              $0.875776      $2473019.000000      $12.800236 $2.653578 $1.644256 $     4.82  $     1.61  
49354 $ 60189   $ 12291840738  $  9088661546     $       78932  $    28129014  $    43970759  $     7937579  $       0      $       0      $      97      $           0  $              $1.352437      $78932.000000      $1.794872 $2.805712 $0.506486 $     0.64  $     5.54  
49456 $  3007   $ 16925592759  $  9025072081     $    11405963  $   787672671  $   129278982  $    73332237  $      49      $       0      $      97      $           0  $              $1.875397      $11405963.000000      $50.310429 $8.257340 $4.683896 $     6.09  $     1.76  
49354 $ 61191   $ 12328318276  $  9134325055     $       78382  $    28369116  $    44621979  $     8026911  $       0      $       0      $      97      $           0  $              $1.349669      $78382.000000      $1.811999 $2.850106 $0.512697 $     0.64  $     5.56  
49354 $ 61393   $  2579192584  $  1892615464     $       15117  $     5943180  $     9330310  $     1669717  $       0      $       0      $      97      $           0  $              $1.362766      $15117.000000      $1.882988 $2.956138 $0.529019 $     0.64  $     5.59  
49456 $  3210   $  2308720255  $  1056738883     $      641028  $   104139290  $    13139199  $     6747475  $       8      $       0      $      97      $           0  $              $2.184759      $641028.000000      $32.832092 $4.142407 $2.127283 $     7.93  $     1.95  
49354 $ 62257   $ 11240698774  $  8214909905     $       70586  $    25927553  $    40539725  $     7252588  $       0      $       0      $      97      $           0  $              $1.368329      $70586.000000      $1.920559 $3.002943 $0.537229 $     0.64  $     5.59  
49354 $ 62260   $     1948741  $     1434642     $           0  $        1616  $        1330  $        1308  $       0      $       0      $      97      $           0  $              $1.358347      $0.000000      $0.034475 $0.028373 $0.027904 $     1.22  $     1.02  
49354 $ 63263   $ 12119910114  $  9006683169     $       80722  $    27708515  $    43384695  $     7808946  $      39      $       0      $      97      $           0  $              $1.345657      $80722.000000      $1.768041 $2.768316 $0.498278 $     0.64  $     5.56  
49461 $  1003   $  4242923025  $  5088444120     $      958589  $   159003083  $    29264005  $    14681626  $       0      $       0      $      97      $           0  $              $0.833835      $958589.000000      $10.145761 $1.867294 $0.936814 $     5.43  $     1.99  
49461 $  2006   $  5182567556  $  5813254508     $     2425844  $   207587108  $    42301678  $    26649782  $      40      $       0      $      97      $           0  $              $0.891509      $2425844.000000      $13.245837 $2.699210 $1.700485 $     4.91  $     1.59  
49354 $ 64266   $ 12193248850  $  8980856308     $       78882  $    27852051  $    43526550  $     7883652  $       0      $       0      $      97      $           0  $              $1.357693      $78882.000000      $1.777200 $2.777367 $0.503045 $     0.64  $     5.52  
49461 $  3008   $ 16904414249  $  9026321294     $    11139320  $   786579131  $   128097903  $    75183467  $      49      $       0      $      97      $           0  $              $1.872791      $11139320.000000      $50.240585 $8.181902 $4.802137 $     6.14  $     1.70  
49354 $ 65268   $ 12327520623  $  9133715523     $       77398  $    28366567  $    44626854  $     8028125  $       0      $       0      $      97      $           0  $              $1.349672      $77398.000000      $1.811837 $2.850418 $0.512774 $     0.64  $     5.56  
49354 $ 65494   $  2897500958  $  2133508094     $       17107  $     6659752  $    10444922  $     1871537  $       0      $       0      $      97      $           0  $              $1.358092      $17107.000000      $1.885947 $2.957854 $0.529993 $     0.64  $     5.58  
49461 $  3234   $  2147973916  $   968510113     $      627364  $    96808511  $    11913061  $     6207456  $       9      $       0      $      97      $           0  $              $2.217813      $627364.000000      $27.414801 $3.373610 $1.757864 $     8.13  $     1.92  
49354 $ 66356   $ 11304207207  $  8251596785     $       68937  $    26086180  $    40787346  $     7296407  $       0      $       0      $      97      $           0  $              $1.369942      $68937.000000      $1.936793 $3.028295 $0.541729 $     0.64  $     5.59  
49354 $ 66358   $     1994237  $     1458786     $           0  $        1635  $        1314  $        1296  $       0      $       0      $      97      $           0  $              $1.367052      $0.000000      $0.052320 $0.042048 $0.041472 $     1.24  $     1.01  
49354 $ 67361   $ 12220213744  $  9060578022     $       81491  $    27978709  $    43864544  $     7880401  $      39      $       0      $      97      $           0  $              $1.348723      $81491.000000      $1.785281 $2.798934 $0.502837 $     0.64  $     5.57  
49466 $  1003   $  4211916057  $  5083804908     $      924300  $   157630593  $    28968444  $    14757926  $       0      $       0      $      97      $           0  $              $0.828497      $924300.000000      $10.058184 $1.848435 $0.941682 $     5.44  $     1.96  
49466 $  2006   $  5170373301  $  5798835852     $     2436811  $   207146216  $    42133214  $    26425888  $      41      $       0      $      97      $           0  $              $0.891623      $2436811.000000      $13.217704 $2.688460 $1.686198 $     4.92  $     1.59  
49354 $ 68364   $ 12381016918  $  9164486473     $       79925  $    28341350  $    44352170  $     7992349  $       0      $       0      $      97      $           0  $              $1.350978      $79925.000000      $1.808421 $2.830049 $0.509980 $     0.64  $     5.55  
49466 $  3009   $ 16880226088  $  9025963495     $    11068360  $   785699206  $   127809462  $    75264282  $      49      $       0      $      97      $           0  $              $1.870186      $11068360.000000      $50.134346 $8.155339 $4.802506 $     6.15  $     1.70  
49354 $ 69367   $ 12344773810  $  9134055508     $       78674  $    28416353  $    44725898  $     8043853  $       0      $       0      $      97      $           0  $              $1.351511      $78674.000000      $1.813207 $2.853896 $0.513267 $     0.64  $     5.56  
49354 $ 69583   $  2776918609  $  2035486249     $       16191  $     6392482  $    10043804  $     1797404  $       0      $       0      $      97      $           0  $              $1.364253      $16191.000000      $1.894069 $2.975942 $0.532564 $     0.64  $     5.59  
49466 $  3225   $  2205009893  $   986280342     $      613540  $    99610039  $    12246722  $     6437771  $       9      $       0      $      97      $           0  $              $2.235683      $613540.000000      $29.514086 $3.628658 $1.907488 $     8.13  $     1.90  
49354 $ 70456   $ 11359856706  $  8290217478     $       71116  $    26215509  $    41008522  $     7334213  $       0      $       0      $      97      $           0  $              $1.370272      $71116.000000      $1.921870 $3.006352 $0.537674 $     0.64  $     5.59  
49354 $ 70459   $     1877872  $     1368796     $           0  $        1522  $        1245  $        1233  $       0      $       0      $      97      $           0  $              $1.371915      $0.000000      $0.032469 $0.026560 $0.026304 $     1.22  $     1.01  
49354 $ 71462   $ 12182006030  $  9025625140     $       81108  $    27890927  $    43722828  $     7856754  $      39      $       0      $      97      $           0  $              $1.349713      $81108.000000      $1.779680 $2.789891 $0.501328 $     0.64  $     5.56  
49471 $  1003   $  4214825786  $  5085069859     $      924386  $   157733264  $    29154466  $    14742444  $       0      $       0      $      97      $           0  $              $0.828863      $924386.000000      $10.064734 $1.860305 $0.940694 $     5.41  $     1.98  
49471 $  2006   $  5447332854  $  5962908839     $     2508742  $   219776201  $    43972500  $    27308185  $      35      $       0      $      97      $           0  $              $0.913536      $2508742.000000      $14.023606 $2.805823 $1.742496 $     5.00  $     1.61  
49354 $ 72465   $  7279504126  $  5905784476     $      129978  $    11720903  $    18207984  $     3340261  $       0      $       0      $      97      $           0  $              $1.232606      $129978.000000      $0.747894 $1.161826 $0.213137 $     0.64  $     5.45  
49471 $  3009   $ 17302871561  $  9042169824     $    11528001  $   804235926  $   130690473  $    73368811  $      41      $       0      $      97      $           0  $              $1.913575      $11528001.000000      $51.317146 $8.339172 $4.681559 $     6.15  $     1.78  
49354 $ 73468   $  3661311881  $  2241941290     $      100313  $      496024  $      597382  $      281557  $       0      $       0      $      97      $           0  $              $1.633099      $100313.000000      $0.031651 $0.038118 $0.017966 $     0.83  $     2.12  
49354 $ 73609   $   540848904  $   325970510     $       22336  $       71994  $       81509  $       32028  $       0      $       0      $      97      $           0  $              $1.659196      $22336.000000      $0.032678 $0.036997 $0.014538 $     0.88  $     2.54  
49471 $  3151   $  1466513025  $   650599795     $      405058  $    67257806  $     8120320  $     4903520  $       4      $       0      $      97      $           0  $              $2.254094      $405058.000000      $30.313377 $3.659863 $2.210037 $     8.28  $     1.66  
49354 $ 74518   $  3739967152  $  2218633009     $      120766  $      486483  $      526382  $       75354  $       0      $       0      $      97      $           0  $              $1.685708      $120766.000000      $0.034252 $0.037061 $0.005305 $     0.92  $     6.99  
49354 $ 74520   $     2257818  $     1360091     $         594  $         299  $         337  $          46  $       0      $       0      $      97      $           0  $              $1.660049      $594.000000      $0.009568 $0.010784 $0.001472 $     0.89  $     7.33  
49354 $ 75523   $  3779486444  $  2261167081     $      545202  $      496645  $      544749  $      133063  $      29      $       0      $      97      $           0  $              $1.671476      $545202.000000      $0.031690 $0.034760 $0.008491 $     0.91  $     4.09  
49476 $  1003   $  4382590238  $  5079211710     $      935207  $   165711517  $    31011261  $    14283648  $       0      $       0      $      97      $           0  $              $0.862849      $935207.000000      $10.573816 $1.978784 $0.911419 $     5.34  $     2.17  
49476 $  2006   $  2644579698  $  3494699571     $      981168  $    89249140  $    20787860  $    12205431  $      27      $       0      $      97      $           0  $              $0.756740      $981168.000000      $5.694860 $1.326444 $0.778811 $     4.29  $     1.70  
49354 $ 76526   $  3974395861  $  2369658288     $      185306  $      519350  $      566332  $      103758  $       0      $       0      $      97      $           0  $              $1.677202      $185306.000000      $0.033139 $0.036137 $0.006621 $     0.92  $     5.46  
49476 $  3009   $ 18025422897  $  9040460482     $    11555130  $   836450806  $   136971761  $    67277852  $      40      $       0      $      97      $           0  $              $1.993861      $11555130.000000      $53.372734 $8.739973 $4.292904 $     6.11  $     2.04  
49354 $ 77529   $  3677631032  $  2239920366     $      475626  $      498481  $      587377  $      319478  $       0      $       0      $      97      $           0  $              $1.641858      $475626.000000      $0.031807 $0.037480 $0.020385 $     0.85  $     1.84  
49354 $ 77864   $  1286792983  $   776237954     $       36695  $      170746  $      192847  $       71159  $       0      $       0      $      97      $           0  $              $1.657730      $36695.000000      $0.032620 $0.036842 $0.013595 $     0.89  $     2.71  
49476 $  3345   $  3375356899  $  1695706874     $     2535455  $   157691338  $    26646891  $    13289051  $      11      $       0      $      97      $           0  $              $1.990531      $2535455.000000      $30.036446 $5.075598 $2.531248 $     5.92  $     2.01  
49354 $ 78659   $  3195257585  $  1894415649     $       98340  $      415530  $      448795  $       64366  $       0      $       0      $      97      $           0  $              $1.686672      $98340.000000      $0.033451 $0.036129 $0.005182 $     0.93  $     6.97  
49354 $ 78662   $     2302470  $     1381266     $           0  $         300  $         307  $          42  $       0      $       0      $      97      $           0  $              $1.666927      $0.000000      $0.006400 $0.006549 $0.000896 $     0.98  $     7.31  
49354 $ 79665   $  3841888985  $  2300400692     $      588390  $      505230  $      556333  $      135587  $      30      $       0      $      97      $           0  $              $1.670096      $588390.000000      $0.032238 $0.035499 $0.008652 $     0.91  $     4.10  
49481 $  1002   $  4398318695  $  5232235582     $      931086  $   168010207  $    32218120  $    15396965  $       0      $       0      $      97      $           0  $              $0.840619      $931086.000000      $10.731191 $2.057844 $0.983439 $     5.21  $     2.09  
49481 $  2005   $  6943284308  $  5987872615     $     3197807  $   283004129  $    51452558  $    26000922  $      29      $       0      $      97      $           0  $              $1.159558      $3197807.000000      $18.058090 $3.283114 $1.659082 $     5.50  $     1.98  
49354 $ 80668   $  1557176800  $   931920803     $      537889  $      204796  $      229145  $       41763  $       0      $       0      $      97      $           0  $              $1.670933      $537889.000000      $0.013068 $0.014621 $0.002665 $     0.89  $     5.49  
49481 $  3009   $ 17128518698  $  8598409723     $    11827491  $   799013136  $   132525589  $    65896451  $      35      $       0      $      97      $           0  $              $1.992057      $11827491.000000      $50.933105 $8.447846 $4.200571 $     6.03  $     2.01  
49354 $ 81672   $           0  $           0     $      719853  $          34  $          33  $          32  $       0      $       0      $      97      $           0  $              $-nan      $719853.000000      $0.000002 $0.000002 $0.000002 $     1.03  $     1.03  
49354 $ 82377   $       12932  $      303527     $      371223  $         722  $        1447  $         340  $       0      $       0      $      97      $           0  $              $0.042606      $371223.000000      $0.000066 $0.000131 $0.000031 $     0.50  $     4.26  
49481 $  3714   $        7010  $      188795     $      197133  $        1779  $        2540  $        1301  $       5      $       0      $      97      $           0  $              $0.037130      $197133.000000      $0.000161 $0.000231 $0.000118 $     0.70  $     1.95  
49354 $ 82380   $           0  $           0     $           2  $           0  $           0  $           0  $       0      $       0      $      97      $           0  $              $-nan      $2.000000      $0.000000 $0.000000 $0.000000 $     0.00  $     0.00  
49486 $  1003   $  4425056897  $  5328897686     $     1319593  $   167547928  $    47964010  $    15638864  $      26      $       0      $      65      $           0  $              $0.830389      $1319593.000000      $10.690995 $3.060515 $0.997894 $     3.49  $     3.07  
49486 $  2024   $  4425056897  $  5328897686     $     1319593  $   167547928  $    47964010  $    15638864  $      26      $       0      $      65      $           0  $              $0.830389      $1319593.000000      $10.502515 $3.006559 $0.980301 $     3.49  $     3.07  
