PID   $time     $Instr Ret     $Unh Clk Cycles   $l2 trans reqs $l1lines       $l2lines       $Per Core bw   $Power         $Power2        $Power3        $bandwidth     $              $IPC           $MEM INTENSIITY$L2->L1 BW (MB)$L3->L2 BW (MB)$MM->L3 BW (MB)$L2 REUSE      $L3 REUSE      
49909 $  1003   $  3378930258  $  8825430269     $    40633123  $   237628853  $   196701712  $    34551923  $      33      $       0      $      97      $           0  $              $0.382863      $40633124.000000      $15.162758 $12.551256 $2.204709 $     1.21  $     5.69  
49907 $  1003   $  4679733866  $  2228918409     $      204870  $      594278  $      655241  $       68965  $       0      $       0      $      97      $           0  $              $2.099554      $204870.000000      $0.037920 $0.041810 $0.004401 $     0.91  $     9.50  
49909 $  2006   $  3539638504  $  9167900866     $    43850811  $   260405108  $   215134270  $    40096335  $      36      $       0      $      97      $           0  $              $0.386090      $43850812.000000      $16.616079 $13.727411 $2.558490 $     1.21  $     5.37  
49907 $  2006   $  4715559729  $  2248677756     $      204650  $      600465  $      665318  $       75452  $       0      $       0      $      97      $           0  $              $2.097037      $204650.000000      $0.038315 $0.042453 $0.004814 $     0.90  $     8.82  
49909 $  3009   $  3474668676  $  9221404287     $    44051047  $   257619437  $   214219995  $    38420678  $      36      $       0      $      97      $           0  $              $0.376805      $44051048.000000      $16.438330 $13.669073 $2.451569 $     1.20  $     5.58  
49907 $  3009   $  4749563783  $  2262353220     $      207638  $      603968  $      669201  $       72386  $       0      $       0      $      97      $           0  $              $2.099391      $207638.000000      $0.038538 $0.042701 $0.004619 $     0.90  $     9.24  
49909 $  4012   $  3483477234  $  9169147691     $    47378680  $   277129926  $   229368882  $    40275874  $      36      $       0      $      97      $           0  $              $0.379913      $47378680.000000      $17.683266 $14.635701 $2.569946 $     1.21  $     5.69  
49907 $  4012   $  4714604690  $  2249305749     $      204291  $      599848  $      663190  $       76129  $       0      $       0      $      97      $           0  $              $2.096026      $204291.000000      $0.038275 $0.042317 $0.004858 $     0.90  $     8.71  
49909 $  5015   $  3523863229  $  9167658148     $    44821317  $   265004710  $   219050981  $    40147132  $      36      $       0      $      97      $           0  $              $0.384380      $44821316.000000      $16.909573 $13.977330 $2.561731 $     1.21  $     5.46  
49907 $  5015   $  4711582210  $  2248992688     $      204553  $      599076  $      664241  $       75552  $       0      $       0      $      97      $           0  $              $2.094974      $204553.000000      $0.038226 $0.042384 $0.004821 $     0.90  $     8.79  
49909 $  6017   $  3469095519  $  9168345777     $    43062439  $   252865582  $   210160180  $    38231820  $      36      $       0      $      97      $           0  $              $0.378377      $43062440.000000      $16.151094 $13.423405 $2.441952 $     1.20  $     5.50  
49907 $  6017   $  4712534133  $  2249718387     $      205724  $      599000  $      663328  $       73984  $       0      $       0      $      97      $           0  $              $2.094722      $205724.000000      $0.038259 $0.042368 $0.004726 $     0.90  $     8.97  
49909 $  7020   $  3502846513  $  9224637862     $    47376663  $   277227297  $   229478644  $    40390976  $      36      $       0      $      97      $           0  $              $0.379727      $47376664.000000      $17.689478 $14.642705 $2.577291 $     1.21  $     5.68  
49907 $  7020   $  4742542369  $  2262560964     $      206261  $      603513  $      668204  $       77602  $       0      $       0      $      97      $           0  $              $2.096095      $206261.000000      $0.038509 $0.042637 $0.004952 $     0.90  $     8.61  
49909 $  8023   $  3508395554  $  9168625240     $    45809228  $   269719570  $   223061824  $    40213389  $      36      $       0      $      97      $           0  $              $0.382652      $45809228.000000      $17.210423 $14.233257 $2.565959 $     1.21  $     5.55  
49907 $  8023   $  4710028179  $  2248518132     $      204982  $      599411  $      663110  $       76852  $       0      $       0      $      97      $           0  $              $2.094726      $204982.000000      $0.038248 $0.042312 $0.004904 $     0.90  $     8.63  
49909 $  9026   $  3607950536  $  9369817971     $    44315776  $   263127740  $   217527260  $    40594107  $      36      $       0      $      97      $           0  $              $0.385061      $44315776.000000      $16.789806 $13.880105 $2.590252 $     1.21  $     5.36  
49907 $  9026   $  4826934149  $  2298054635     $      490065  $      614672  $      680422  $       78118  $       0      $       0      $      97      $           0  $              $2.100444      $490065.000000      $0.039221 $0.043417 $0.004985 $     0.90  $     8.71  
49909 $ 10029   $  3517817223  $  9368424469     $    45008297  $   262897955  $   218639298  $    38979652  $      35      $       0      $      97      $           0  $              $0.375497      $45008296.000000      $16.775143 $13.951062 $2.487236 $     1.20  $     5.61  
49907 $ 10029   $  4840240011  $  2298185193     $      692459  $      615956  $      681330  $       73707  $       0      $       0      $      97      $           0  $              $2.106114      $692459.000000      $0.039303 $0.043475 $0.004703 $     0.90  $     9.24  
49907 $ 10798   $  3790742615  $  1790586025     $      439042  $      481839  $      525842  $       43990  $       0      $       0      $      97      $           0  $              $2.117040      $439042.000000      $0.040101 $0.043763 $0.003661 $     0.92  $    11.95  
49909 $ 10798   $  1806931657  $  4818123266     $    27222029  $   156139299  $   129319386  $    21329351  $      23      $       0      $      97      $           0  $              $0.375028      $27222028.000000      $12.994688 $10.762602 $1.775135 $     1.21  $     6.06  
49907 $ 11200   $  2166532472  $  1015248912     $       98639  $      272682  $      283834  $          69  $       0      $       0      $      97      $           0  $              $2.133991      $98639.000000      $0.043412 $0.045188 $0.000011 $     0.96  $  4113.54  
49907 $ 11202   $     2738353  $     1298557     $           1  $         336  $         336  $           0  $       0      $       0      $      97      $           0  $              $2.108766      $1.000000      $0.010752 $0.010752 $0.000000 $     1.00  $      inf  
49907 $ 12205   $  4742795439  $  2254570268     $      688981  $      603726  $      666247  $       71080  $      34      $       0      $      97      $           0  $              $2.103636      $688981.000000      $0.038523 $0.042512 $0.004536 $     0.91  $     9.37  
49924 $  1003   $  3418905917  $  8907201315     $    40469009  $   237890040  $   195138623  $    34828467  $       0      $       0      $      97      $           0  $              $0.383836      $40469008.000000      $15.179425 $12.451517 $2.222355 $     1.22  $     5.60  
49924 $  2006   $  3486097318  $  8967353408     $    42710126  $   254229844  $   207882867  $    39505310  $      34      $       0      $      97      $           0  $              $0.388754      $42710128.000000      $16.222044 $13.264709 $2.520778 $     1.22  $     5.26  
49907 $ 13208   $  4738077773  $  2251745583     $      660398  $      604427  $      669852  $       75986  $       0      $       0      $      97      $           0  $              $2.104180      $660398.000000      $0.038568 $0.042742 $0.004849 $     0.90  $     8.82  
49924 $  3009   $  3445369903  $  9175013860     $    45295508  $   263219289  $   216938975  $    38432248  $      34      $       0      $      97      $           0  $              $0.375517      $45295508.000000      $16.795649 $13.842566 $2.452307 $     1.21  $     5.64  
49907 $ 14211   $  4749798743  $  2252801260     $      688841  $      605186  $      669229  $       73733  $       0      $       0      $      97      $           0  $              $2.108397      $688841.000000      $0.038616 $0.042703 $0.004705 $     0.90  $     9.08  
49924 $  4012   $  3544789038  $  9309725060     $    47402490  $   277551238  $   227650500  $    40704257  $      34      $       0      $      97      $           0  $              $0.380762      $47402488.000000      $17.710148 $14.526053 $2.597281 $     1.22  $     5.59  
49907 $ 15214   $  4813302399  $  2284742209     $      683376  $      613863  $      678652  $       80108  $       0      $       0      $      97      $           0  $              $2.106716      $683376.000000      $0.039170 $0.043304 $0.005112 $     0.90  $     8.47  
49924 $  5015   $  3529064485  $  9174700304     $    45181076  $   266642376  $   218421277  $    40254271  $      34      $       0      $      97      $           0  $              $0.384652      $45181076.000000      $17.014069 $13.937150 $2.568568 $     1.22  $     5.43  
49907 $ 16216   $  4743594481  $  2251520470     $      677989  $      604766  $      668793  $       78205  $       0      $       0      $      97      $           0  $              $2.106840      $677989.000000      $0.038628 $0.042717 $0.004995 $     0.90  $     8.55  
49924 $  6017   $  3524032284  $  9175433992     $    42768193  $   253313239  $   207906310  $    39180178  $      34      $       0      $      97      $           0  $              $0.384073      $42768192.000000      $16.179688 $13.279445 $2.502526 $     1.22  $     5.31  
49907 $ 17218   $  4746786609  $  2252723817     $      688798  $      605065  $      669263  $       73257  $       0      $       0      $      97      $           0  $              $2.107132      $688798.000000      $0.038647 $0.042747 $0.004679 $     0.90  $     9.14  
49924 $  7019   $  3406869164  $  9151728460     $    47678987  $   274506038  $   225919743  $    39037431  $      41      $       0      $      97      $           0  $              $0.372265      $47678988.000000      $17.533321 $14.430003 $2.493409 $     1.22  $     5.79  
49907 $ 18220   $  9102412913  $  6516145625     $      251809  $    26909116  $    36546127  $     9977991  $       0      $       0      $      97      $           0  $              $1.396901      $251809.000000      $1.718746 $2.334284 $0.637317 $     0.74  $     3.66  
49924 $  8021   $  3516380335  $  9145883882     $    43610846  $   258787560  $   211804038  $    39923795  $      45      $       0      $      97      $           0  $              $0.384477      $43610848.000000      $16.529345 $13.528401 $2.550023 $     1.22  $     5.31  
49907 $ 19222   $ 12354482277  $  9143101780     $       77265  $    28327323  $    44572994  $     7996845  $       0      $       0      $      97      $           0  $              $1.351235      $77265.000000      $1.809330 $2.846977 $0.510777 $     0.64  $     5.57  
49924 $  9023   $  3422366246  $  9146899858     $    44431468  $   258758612  $   213167915  $    38159688  $      45      $       0      $      97      $           0  $              $0.374156      $44431468.000000      $16.527496 $13.615516 $2.437345 $     1.21  $     5.59  
49907 $ 20225   $ 12368977991  $  9144305825     $       77195  $    28343558  $    44638582  $     8006226  $       0      $       0      $      97      $           0  $              $1.352643      $77195.000000      $1.808562 $2.848324 $0.510866 $     0.63  $     5.58  
49924 $ 10025   $  3465626152  $  9144660044     $    46752950  $   273560042  $   224209887  $    40090793  $      45      $       0      $      97      $           0  $              $0.378978      $46752952.000000      $17.472897 $14.320791 $2.560689 $     1.22  $     5.59  
49907 $ 21227   $ 12350464316  $  9142207273     $       75936  $    28296429  $    44558334  $     7994376  $       0      $       0      $      97      $           0  $              $1.350928      $75936.000000      $1.807357 $2.846041 $0.510619 $     0.64  $     5.57  
49907 $ 21918   $  8606973797  $  6357227800     $       53291  $    19732115  $    31055599  $     5568944  $       0      $       0      $      97      $           0  $              $1.353888      $53291.000000      $1.827577 $2.876351 $0.515792 $     0.64  $     5.58  
49924 $ 10716   $  2136637698  $  5655559590     $    27832389  $   162233876  $   133259148  $    23974463  $      30      $       0      $      97      $           0  $              $0.377794      $27832388.000000      $15.026003 $12.342381 $2.220500 $     1.22  $     5.56  
49907 $ 22298   $  4926507004  $  3600736997     $       31079  $    11320708  $    17748899  $     3179304  $       0      $       0      $      97      $           0  $              $1.368194      $31079.000000      $1.906646 $2.989288 $0.535462 $     0.64  $     5.58  
49907 $ 22301   $     1782671  $     1299613     $           0  $        1480  $        1227  $        1215  $       0      $       0      $      97      $           0  $              $1.371694      $0.000000      $0.031573 $0.026176 $0.025920 $     1.21  $     1.01  
49907 $ 23303   $ 12230518743  $  9084579127     $       78611  $    28010649  $    44009047  $     7903556  $      44      $       0      $      97      $           0  $              $1.346295      $78611.000000      $1.789103 $2.810957 $0.504818 $     0.64  $     5.57  
49932 $  1002   $  3402515871  $  8875070525     $    41647870  $   237755506  $   193059472  $    34758630  $       0      $       0      $      97      $           0  $              $0.383379      $41647872.000000      $15.185980 $12.331144 $2.220112 $     1.23  $     5.55  
49932 $  2005   $  3523138115  $  9091856587     $    43007418  $   255677631  $   207087452  $    39838780  $      44      $       0      $      97      $           0  $              $0.387505      $43007416.000000      $16.314425 $13.213955 $2.542056 $     1.23  $     5.20  
49907 $ 24306   $ 11952437979  $  8888201522     $       74006  $    27208914  $    42703273  $     7722486  $       0      $       0      $      97      $           0  $              $1.344753      $74006.000000      $1.736162 $2.724835 $0.492761 $     0.64  $     5.53  
49932 $  3008   $  3430598982  $  9146394550     $    45120763  $   261948015  $   213692417  $    38331099  $      45      $       0      $      97      $           0  $              $0.375077      $45120764.000000      $16.714529 $13.635408 $2.445853 $     1.23  $     5.57  
49907 $ 25309   $ 12358643586  $  9143777605     $       75946  $    28344448  $    44582790  $     7998323  $       0      $       0      $      97      $           0  $              $1.351591      $75946.000000      $1.808619 $2.844764 $0.510362 $     0.64  $     5.57  
49932 $  4010   $  3478171229  $  9146594750     $    47376443  $   276462940  $   224389316  $    40287935  $      45      $       0      $      97      $           0  $              $0.380270      $47376444.000000      $17.658312 $14.332252 $2.573281 $     1.23  $     5.57  
49907 $ 26311   $ 12362012148  $  9143586635     $       76239  $    28349986  $    44616818  $     8003142  $       0      $       0      $      97      $           0  $              $1.351987      $76239.000000      $1.810778 $2.849777 $0.511179 $     0.64  $     5.57  
49932 $  5012   $  3568164753  $  9146912713     $    41672586  $   249506385  $   201989919  $    39932569  $      45      $       0      $      97      $           0  $              $0.390095      $41672584.000000      $15.936536 $12.901552 $2.550583 $     1.24  $     5.06  
49907 $ 27313   $ 12362474479  $  9144654753     $       76445  $    28360707  $    44600751  $     8001783  $       0      $       0      $      97      $           0  $              $1.351880      $76445.000000      $1.811462 $2.848751 $0.511092 $     0.64  $     5.57  
49932 $  6014   $  3408342608  $  9147135591     $    46506180  $   268505746  $   219143391  $    38405814  $      45      $       0      $      97      $           0  $              $0.372613      $46506180.000000      $17.150068 $13.997183 $2.453066 $     1.23  $     5.71  
49907 $ 28315   $ 12359062553  $  9144725602     $       77012  $    28354122  $    44590313  $     7998677  $       0      $       0      $      97      $           0  $              $1.351496      $77012.000000      $1.811042 $2.848084 $0.510894 $     0.64  $     5.57  
49932 $  7016   $  3499923445  $  9146565445     $    45987098  $   269861921  $   218907936  $    40200537  $      45      $       0      $      97      $           0  $              $0.382649      $45987096.000000      $17.236689 $13.982143 $2.567699 $     1.23  $     5.45  
49907 $ 29317   $ 12355536552  $  9143409055     $       76495  $    28325488  $    44578614  $     7997888  $       0      $       0      $      97      $           0  $              $1.351305      $76495.000000      $1.809213 $2.847337 $0.510843 $     0.64  $     5.57  
49932 $  8019   $  3510025771  $  9146679467     $    42163986  $   249467555  $   202775443  $    38874947  $      45      $       0      $      97      $           0  $              $0.383749      $42163984.000000      $15.918169 $12.938811 $2.480555 $     1.23  $     5.22  
49907 $ 30319   $ 12359330843  $  9143651103     $       77530  $    28325872  $    44590633  $     7998936  $       0      $       0      $      97      $           0  $              $1.351684      $77530.000000      $1.809237 $2.848104 $0.510910 $     0.64  $     5.57  
49932 $  9022   $  3435066110  $  9145723574     $    47509551  $   275081976  $   223942242  $    39359052  $      45      $       0      $      97      $           0  $              $0.375593      $47509552.000000      $17.552589 $14.289435 $2.511445 $     1.23  $     5.69  
49907 $ 31322   $ 12353814316  $  9143423980     $       77366  $    28312453  $    44574714  $     7996036  $       0      $       0      $      97      $           0  $              $1.351115      $77366.000000      $1.806577 $2.844249 $0.510216 $     0.64  $     5.57  
49932 $ 10024   $  3521559095  $  9146388928     $    44690914  $   263720406  $   213802357  $    40135170  $      45      $       0      $      97      $           0  $              $0.385022      $44690912.000000      $16.844418 $13.656038 $2.563524 $     1.23  $     5.33  
49907 $ 32325   $ 12365744385  $  9143597481     $       75683  $    28372646  $    44630637  $     8005595  $       0      $       0      $      97      $           0  $              $1.352394      $75683.000000      $1.810418 $2.847817 $0.510826 $     0.64  $     5.57  
49907 $ 33033   $  8813027915  $  6509615197     $       54306  $    20212698  $    31786745  $     5701976  $       0      $       0      $      97      $           0  $              $1.353848      $54306.000000      $1.827137 $2.873378 $0.515433 $     0.64  $     5.57  
49932 $ 10732   $  2173723891  $  5799461059     $    29946840  $   172727988  $   140721261  $    24608146  $      31      $       0      $      97      $           0  $              $0.374815      $29946840.000000      $15.613829 $12.720566 $2.224465 $     1.23  $     5.72  
49907 $ 33398   $  4769303022  $  3480115643     $       29950  $    10971710  $    17195802  $     3079378  $       0      $       0      $      97      $           0  $              $1.370444      $29950.000000      $1.923807 $3.015154 $0.539946 $     0.64  $     5.58  
49907 $ 33400   $     1482394  $     1086754     $           0  $        1187  $        1008  $         993  $       0      $       0      $      97      $           0  $              $1.364057      $0.000000      $0.037984 $0.032256 $0.031776 $     1.18  $     1.02  
49907 $ 34403   $ 12236184438  $  9066912940     $       77186  $    28013534  $    44079746  $     7914652  $      44      $       0      $      97      $           0  $              $1.349542      $77186.000000      $1.787504 $2.812666 $0.505023 $     0.64  $     5.57  
49937 $  1003   $  3380573517  $  8871499222     $    41704008  $   237614435  $   196913249  $    34600792  $       0      $       0      $      97      $           0  $              $0.381060      $41704008.000000      $15.161839 $12.564754 $2.207827 $     1.21  $     5.69  
49937 $  2006   $  3510087096  $  9080680464     $    42651091  $   253885326  $   209804867  $    39886595  $      45      $       0      $      97      $           0  $              $0.386544      $42651092.000000      $16.200060 $13.387349 $2.545107 $     1.21  $     5.26  
49907 $ 35406   $ 12098620979  $  8996039916     $       75252  $    27586551  $    43353904  $     7815727  $       0      $       0      $      97      $           0  $              $1.344883      $75252.000000      $1.760259 $2.766351 $0.498710 $     0.64  $     5.55  
49937 $  3008   $  3406680240  $  9149118371     $    45534828  $   263716938  $   219608450  $    38218934  $      45      $       0      $      97      $           0  $              $0.372351      $45534828.000000      $16.844196 $14.026887 $2.441130 $     1.20  $     5.75  
49907 $ 36409   $ 12365384891  $  9145977094     $       75512  $    28357313  $    44617854  $     8003910  $       0      $       0      $      97      $           0  $              $1.352003      $75512.000000      $1.809440 $2.847002 $0.510718 $     0.64  $     5.57  
49937 $  4010   $  3482488372  $  9146142518     $    45833517  $   268949716  $   222619138  $    40033849  $      45      $       0      $      97      $           0  $              $0.380760      $45833516.000000      $17.178425 $14.219187 $2.557052 $     1.21  $     5.56  
49907 $ 37411   $ 12351276018  $  9143168306     $       76425  $    28320872  $    44567378  $     7996066  $       0      $       0      $      97      $           0  $              $1.350875      $76425.000000      $1.808918 $2.846619 $0.510727 $     0.64  $     5.57  
49937 $  5012   $  3457687425  $  9147642317     $    42332572  $   248610543  $   206738440  $    38037498  $      45      $       0      $      97      $           0  $              $0.377987      $42332572.000000      $15.879316 $13.204850 $2.429541 $     1.20  $     5.44  
49907 $ 38413   $ 12369165064  $  9144132024     $       75747  $    28346107  $    44640977  $     8006971  $       0      $       0      $      97      $           0  $              $1.352689      $75747.000000      $1.810530 $2.851320 $0.511423 $     0.63  $     5.58  
49937 $  6014   $  3458660388  $  9149242676     $    47532940  $   276906595  $   229406617  $    40137969  $      45      $       0      $      97      $           0  $              $0.378027      $47532940.000000      $17.686649 $14.652719 $2.563703 $     1.21  $     5.72  
49907 $ 39415   $ 12362654883  $  9146256697     $       76939  $    28345291  $    44609970  $     8003002  $       0      $       0      $      97      $           0  $              $1.351663      $76939.000000      $1.810478 $2.849339 $0.511170 $     0.64  $     5.57  
49937 $  7016   $  3532896785  $  9149028041     $    42866061  $   254947010  $   210703598  $    39893616  $      45      $       0      $      97      $           0  $              $0.386150      $42866060.000000      $16.284040 $13.458115 $2.548095 $     1.21  $     5.28  
49907 $ 40417   $ 12359703081  $  9145445791     $       77285  $    28354749  $    44600994  $     8001283  $       0      $       0      $      97      $           0  $              $1.351460      $77285.000000      $1.811082 $2.848766 $0.511060 $     0.64  $     5.57  
49937 $  8019   $  3410535087  $  9146910557     $    45311208  $   262663785  $   218711018  $    38205939  $      45      $       0      $      97      $           0  $              $0.372862      $45311208.000000      $16.760202 $13.955639 $2.437866 $     1.20  $     5.72  
49907 $ 41420   $ 12364033160  $  9143704502     $       77205  $    28356397  $    44614644  $     8002729  $       0      $       0      $      97      $           0  $              $1.352191      $77205.000000      $1.809381 $2.846797 $0.510643 $     0.64  $     5.57  
49937 $  9021   $  3480388800  $  9151092904     $    46125147  $   270320845  $   223792533  $    40072182  $      45      $       0      $      97      $           0  $              $0.380325      $46125148.000000      $17.266001 $14.294133 $2.559501 $     1.21  $     5.58  
49907 $ 42423   $ 12359069347  $  9148136542     $       76216  $    28333751  $    44595302  $     8000574  $       0      $       0      $      97      $           0  $              $1.350993      $76216.000000      $1.807936 $2.845563 $0.510505 $     0.64  $     5.57  
49937 $ 10023   $  3461467297  $  9147694950     $    42063153  $   247240440  $   205571749  $    38009607  $      45      $       0      $      97      $           0  $              $0.378398      $42063152.000000      $15.791805 $13.130331 $2.427759 $     1.20  $     5.41  
49907 $ 43425   $ 12355224305  $  9144488985     $       77129  $    28320527  $    44574521  $     7996507  $       0      $       0      $      97      $           0  $              $1.351112      $77129.000000      $1.808896 $2.847075 $0.510755 $     0.64  $     5.57  
49907 $ 44181   $  9407528812  $  6947918245     $       57647  $    21579169  $    33950664  $     6089331  $       0      $       0      $      97      $           0  $              $1.354007      $57647.000000      $1.826808 $2.874130 $0.515499 $     0.64  $     5.58  
49937 $ 10779   $  2363608721  $  6266452592     $    33991391  $   196894860  $   162973700  $    27813840  $      33      $       0      $      97      $           0  $              $0.377185      $33991392.000000      $16.668348 $13.796715 $2.354611 $     1.21  $     5.86  
49907 $ 44493   $  4081730956  $  2981283516     $       25309  $     9383665  $    14704866  $     2634243  $       0      $       0      $      97      $           0  $              $1.369119      $25309.000000      $1.924854 $3.016383 $0.540358 $     0.64  $     5.58  
49907 $ 44495   $     1643412  $     1198804     $           6  $        1381  $        1107  $        1096  $       0      $       0      $      97      $           0  $              $1.370876      $6.000000      $0.044192 $0.035424 $0.035072 $     1.25  $     1.01  
49907 $ 45498   $ 12253448532  $  9078147925     $       76946  $    28081597  $    44164554  $     7926496  $      45      $       0      $      97      $           0  $              $1.349774      $76946.000000      $1.791847 $2.818077 $0.505778 $     0.64  $     5.57  
49942 $  1003   $  3379677545  $  8876387303     $    41759783  $   237590878  $   199312026  $    34578134  $       0      $       0      $      97      $           0  $              $0.380749      $41759784.000000      $15.160336 $12.717816 $2.206382 $     1.19  $     5.76  
49942 $  2005   $  3528053683  $  9081427722     $    41360197  $   247173211  $   206499087  $    39470973  $      45      $       0      $      97      $           0  $              $0.388491      $41360196.000000      $15.787511 $13.189563 $2.521100 $     1.20  $     5.23  
49907 $ 46500   $ 12109194167  $  8997069410     $       74648  $    27587261  $    43439463  $     7824985  $       0      $       0      $      97      $           0  $              $1.345904      $74648.000000      $1.762061 $2.774576 $0.499799 $     0.64  $     5.55  
49942 $  3007   $  3380341524  $  9146902703     $    46983701  $   270077472  $   227819805  $    38242444  $      45      $       0      $      97      $           0  $              $0.369561      $46983700.000000      $17.250458 $14.551365 $2.442631 $     1.19  $     5.96  
49907 $ 47502   $ 12357283437  $  9143788142     $       75983  $    28308382  $    44565012  $     7997199  $       0      $       0      $      97      $           0  $              $1.351440      $75983.000000      $1.808120 $2.846468 $0.510799 $     0.64  $     5.57  
49942 $  4009   $  3504404969  $  9147217665     $    44457126  $   262023864  $   219375492  $    39935418  $      45      $       0      $      97      $           0  $              $0.383112      $44457128.000000      $16.736055 $14.012007 $2.550765 $     1.19  $     5.49  
49907 $ 48504   $ 12359088088  $  9144161766     $       76085  $    28319365  $    44583107  $     7999330  $       0      $       0      $      97      $           0  $              $1.351583      $76085.000000      $1.808822 $2.847624 $0.510935 $     0.64  $     5.57  
49942 $  5012   $  3431898848  $  9147940872     $    43900948  $   255546245  $   215266672  $    38084434  $      45      $       0      $      97      $           0  $              $0.375155      $43900948.000000      $16.306042 $13.735860 $2.430113 $     1.19  $     5.65  
49907 $ 49507   $ 12362420908  $  9143940849     $       76768  $    28330146  $    44583115  $     7999606  $       0      $       0      $      97      $           0  $              $1.351979      $76768.000000      $1.807706 $2.844785 $0.510443 $     0.64  $     5.57  
49942 $  6014   $  3452802156  $  9147011356     $    47580097  $   276739271  $   232097024  $    40114389  $      45      $       0      $      97      $           0  $              $0.377479      $47580096.000000      $17.675961 $14.824560 $2.562196 $     1.19  $     5.79  
49907 $ 50510   $ 12356052122  $  9143511919     $       77000  $    28321881  $    44579035  $     7997929  $       0      $       0      $      97      $           0  $              $1.351346      $77000.000000      $1.807179 $2.844525 $0.510336 $     0.64  $     5.57  
49942 $  7016   $  3557181233  $  9149328223     $    41282426  $   247082681  $   206463059  $    39768778  $      45      $       0      $      97      $           0  $              $0.388792      $41282424.000000      $15.781729 $13.187261 $2.540121 $     1.20  $     5.19  
49907 $ 51512   $ 12374464544  $  9146296146     $       76496  $    28385545  $    44659585  $     8010989  $       0      $       0      $      97      $           0  $              $1.352948      $76496.000000      $1.813049 $2.852508 $0.511680 $     0.64  $     5.57  
49942 $  8018   $  3378764506  $  9146871634     $    47073778  $   270503871  $   228187703  $    38252260  $      45      $       0      $      97      $           0  $              $0.369390      $47073776.000000      $17.277693 $14.574862 $2.443258 $     1.19  $     5.97  
49907 $ 52514   $ 12356082778  $  9143901607     $       75829  $    28313948  $    44576627  $     7996877  $       0      $       0      $      97      $           0  $              $1.351292      $75829.000000      $1.808476 $2.847210 $0.510779 $     0.64  $     5.57  
49942 $  9020   $  3505122170  $  9146328637     $    44306906  $   261399757  $   218832300  $    39932271  $      45      $       0      $      97      $           0  $              $0.383227      $44306904.000000      $16.696192 $13.977313 $2.550564 $     1.19  $     5.48  
49907 $ 53516   $ 12360036080  $  9143471221     $       76427  $    28341209  $    44593640  $     8000676  $       0      $       0      $      97      $           0  $              $1.351788      $76427.000000      $1.810217 $2.848296 $0.511021 $     0.64  $     5.57  
49942 $ 10023   $  3429739799  $  9148193769     $    44019507  $   256174933  $   215808695  $    38101023  $      45      $       0      $      97      $           0  $              $0.374909      $44019508.000000      $16.346157 $13.770445 $2.431172 $     1.19  $     5.66  
49907 $ 54519   $ 12366802072  $  9145633032     $       76943  $    28329163  $    44612381  $     8003841  $       0      $       0      $      97      $           0  $              $1.352208      $76943.000000      $1.807644 $2.846652 $0.510714 $     0.64  $     5.57  
49907 $ 55310   $  9849538128  $  7275096289     $       61254  $    22578019  $    35539006  $     6374351  $       0      $       0      $      97      $           0  $              $1.353871      $61254.000000      $1.826793 $2.875470 $0.515750 $     0.64  $     5.58  
49942 $ 10814   $  2429201351  $  6439151598     $    34083785  $   197366285  $   165468850  $    28254731  $      34      $       0      $      97      $           0  $              $0.377255      $34083784.000000      $15.968954 $13.388124 $2.286097 $     1.19  $     5.86  
49907 $ 55604   $  3840034131  $  2804869014     $       23886  $     8826540  $    13831698  $     2478431  $       0      $       0      $      97      $           0  $              $1.369060      $23886.000000      $1.921424 $3.010982 $0.539522 $     0.64  $     5.58  
49907 $ 55606   $     1502319  $     1108504     $          34  $        1574  $        1179  $         999  $       0      $       0      $      97      $           0  $              $1.355267      $34.000000      $0.050368 $0.037728 $0.031968 $     1.34  $     1.18  
49907 $ 56609   $ 12181012438  $  9030182437     $       90290  $    27876465  $    43833286  $     7877466  $      44      $       0      $      97      $           0  $              $1.348922      $90290.000000      $1.778757 $2.796940 $0.502650 $     0.64  $     5.56  
49952 $  1003   $  3375860927  $  8879946820     $    41560652  $   237550223  $   196150341  $    34563932  $       0      $       0      $      97      $           0  $              $0.380167      $41560652.000000      $15.157742 $12.516073 $2.205475 $     1.21  $     5.68  
49952 $  2006   $  3502011113  $  9041785394     $    41632851  $   249153396  $   205034901  $    39626318  $      44      $       0      $      97      $           0  $              $0.387314      $41632852.000000      $15.898123 $13.082984 $2.528499 $     1.22  $     5.17  
49907 $ 57612   $ 12021047457  $  8921440800     $       80696  $    27397082  $    43055984  $     7770577  $       0      $       0      $      97      $           0  $              $1.347433      $80696.000000      $1.748169 $2.747341 $0.495829 $     0.64  $     5.54  
49952 $  3009   $  3382133368  $  9147718401     $    46421259  $   268114755  $   222556462  $    38203346  $      45      $       0      $      97      $           0  $              $0.369724      $46421260.000000      $17.108021 $14.201011 $2.437701 $     1.20  $     5.83  
49907 $ 58615   $ 12361520651  $  9144656241     $       76182  $    28345328  $    44601669  $     8000502  $       0      $       0      $      97      $           0  $              $1.351775      $76182.000000      $1.808675 $2.845969 $0.510501 $     0.64  $     5.57  
49952 $  4011   $  3499013691  $  9149202325     $    44390591  $   262421679  $   216303191  $    39925183  $      45      $       0      $      97      $           0  $              $0.382439      $44390592.000000      $16.761465 $13.815772 $2.550112 $     1.21  $     5.42  
49907 $ 59617   $ 12359889882  $  9146697230     $       78252  $    28334254  $    44592900  $     8000615  $       0      $       0      $      97      $           0  $              $1.351295      $78252.000000      $1.809773 $2.848249 $0.511017 $     0.64  $     5.57  
49952 $  5013   $  3427699318  $  9147252478     $    43651308  $   255011715  $   211434707  $    38044521  $      45      $       0      $      97      $           0  $              $0.374724      $43651308.000000      $16.288174 $13.504811 $2.429989 $     1.21  $     5.56  
49907 $ 60619   $ 12362025679  $  9145161323     $       76074  $    28352491  $    44596952  $     8000222  $       0      $       0      $      97      $           0  $              $1.351756      $76074.000000      $1.810938 $2.848508 $0.510992 $     0.64  $     5.57  
49952 $  6015   $  3453760568  $  9147911838     $    47141588  $   275359683  $   227284499  $    40065449  $      45      $       0      $      97      $           0  $              $0.377546      $47141588.000000      $17.587843 $14.517174 $2.559071 $     1.21  $     5.67  
49907 $ 61621   $ 12351378038  $  9144843520     $       77298  $    28335105  $    44557087  $     7994439  $       0      $       0      $      97      $           0  $              $1.350639      $77298.000000      $1.809827 $2.845962 $0.510623 $     0.64  $     5.57  
49952 $  7017   $  3555961458  $  9146425556     $    40915720  $   245898516  $   202279984  $    39726265  $      45      $       0      $      97      $           0  $              $0.388782      $40915720.000000      $15.706093 $12.920079 $2.537406 $     1.22  $     5.09  
49907 $ 62623   $ 12363570148  $  9144653080     $       76638  $    28359389  $    44604318  $     8002680  $       0      $       0      $      97      $           0  $              $1.352000      $76638.000000      $1.811378 $2.848979 $0.511149 $     0.64  $     5.57  
49952 $  8019   $  3367891459  $  9148524596     $    47388301  $   272623890  $   226381955  $    38246738  $      45      $       0      $      97      $           0  $              $0.368135      $47388300.000000      $17.413103 $14.459526 $2.442905 $     1.20  $     5.92  
49907 $ 63625   $ 12368164134  $  9145838276     $       77424  $    28384037  $    44634431  $     8005561  $       0      $       0      $      97      $           0  $              $1.352327      $77424.000000      $1.812952 $2.850902 $0.511333 $     0.64  $     5.58  
49952 $  9022   $  3515060050  $  9148060967     $    43464380  $   257982283  $   212538624  $    39870980  $      45      $       0      $      97      $           0  $              $0.384241      $43464380.000000      $16.461481 $13.561787 $2.544110 $     1.21  $     5.33  
49907 $ 64628   $ 12362125746  $  9145202601     $       75937  $    28368141  $    44603968  $     8001936  $       0      $       0      $      97      $           0  $              $1.351761      $75937.000000      $1.810131 $2.846116 $0.510592 $     0.64  $     5.57  
49952 $ 10024   $  3413323033  $  9147637149     $    44585967  $   259444860  $   215193735  $    38112113  $      45      $       0      $      97      $           0  $              $0.373137      $44585968.000000      $16.571329 $13.744908 $2.434307 $     1.21  $     5.65  
49907 $ 65630   $ 12364372814  $  9145477253     $       75800  $    28368659  $    44607871  $     8002170  $       0      $       0      $      97      $           0  $              $1.351966      $75800.000000      $1.811970 $2.849205 $0.511117 $     0.64  $     5.57  
49907 $ 66424   $  9854987349  $  7281799394     $       60956  $    22609380  $    35547700  $     6376463  $       0      $       0      $      97      $           0  $              $1.353373      $60956.000000      $1.822419 $2.865306 $0.513972 $     0.64  $     5.57  
49952 $ 10818   $  2461356191  $  6526634023     $    33946734  $   197555919  $   163051648  $    28468164  $      35      $       0      $      97      $           0  $              $0.377125      $33946736.000000      $15.923903 $13.142702 $2.294663 $     1.21  $     5.73  
49907 $ 66708   $  3555641444  $  2594260797     $       22704  $     8177538  $    12820837  $     2296085  $       0      $       0      $      97      $           0  $              $1.370580      $22704.000000      $1.842825 $2.889203 $0.517428 $     0.64  $     5.58  
49907 $ 66710   $     1547233  $     1127410     $           0  $        1305  $        1058  $        1043  $       0      $       0      $      97      $           0  $              $1.372378      $0.000000      $0.041760 $0.033856 $0.033376 $     1.23  $     1.01  
49907 $ 67712   $ 12235431723  $  9085835642     $       77531  $    28006027  $    44046896  $     7908115  $      44      $       0      $      97      $           0  $              $1.346649      $77531.000000      $1.788808 $2.813375 $0.505109 $     0.64  $     5.57  
49957 $  1002   $  3475119805  $  8877486757     $    41555979  $   237994372  $   184734703  $    34933998  $       0      $       0      $      97      $           0  $              $0.391453      $41555980.000000      $15.201237 $11.799422 $2.231313 $     1.29  $     5.29  
49957 $  2005   $  3568125093  $  9063757766     $    44236376  $   262128633  $   203157807  $    40051553  $      44      $       0      $      97      $           0  $              $0.393670      $44236376.000000      $16.726055 $12.963210 $2.555632 $     1.29  $     5.07  
49907 $ 68715   $ 11801692148  $  8795738178     $       72145  $    26786218  $    42052872  $     7617406  $       0      $       0      $      97      $           0  $              $1.341751      $72145.000000      $1.709190 $2.683334 $0.486056 $     0.64  $     5.52  
49957 $  3008   $  3528244427  $  9148039402     $    43698177  $   255969596  $   199558801  $    38474528  $      45      $       0      $      97      $           0  $              $0.385683      $43698176.000000      $16.333055 $12.733562 $2.455005 $     1.28  $     5.19  
49907 $ 69718   $ 12371129032  $  9145676413     $       75494  $    28376241  $    44649447  $     8008100  $       0      $       0      $      97      $           0  $              $1.352675      $75494.000000      $1.810647 $2.849018 $0.510985 $     0.64  $     5.58  
49957 $  4010   $  3551111720  $  9145172133     $    47413557  $   277311463  $   215164846  $    40503545  $      45      $       0      $      97      $           0  $              $0.388305      $47413556.000000      $17.712507 $13.743064 $2.587053 $     1.29  $     5.31  
49907 $ 70720   $ 12358871236  $  9142254487     $       75434  $    28330426  $    44587679  $     7999741  $       0      $       0      $      97      $           0  $              $1.351841      $75434.000000      $1.809528 $2.847916 $0.510961 $     0.64  $     5.57  
49957 $  5012   $  3577399863  $  9145944037     $    45732233  $   269549832  $   209064263  $    40432315  $      45      $       0      $      97      $           0  $              $0.391146      $45732232.000000      $17.216755 $13.353406 $2.582503 $     1.29  $     5.17  
49907 $ 71722   $ 12363929934  $  9143372516     $       76331  $    28366289  $    44609315  $     8003161  $       0      $       0      $      97      $           0  $              $1.352229      $76331.000000      $1.811819 $2.849298 $0.511180 $     0.64  $     5.57  
49957 $  6014   $  3638332181  $  9188354739     $    43165146  $   257532913  $   199641554  $    40394755  $      43      $       0      $      97      $           0  $              $0.395972      $43165144.000000      $16.449207 $12.751556 $2.580104 $     1.29  $     4.94  
49907 $ 72724   $ 10171868060  $  8257827286     $      162245  $    21262230  $    33447077  $     6012093  $       0      $       0      $      97      $           0  $              $1.231785      $162245.000000      $1.358067 $2.136340 $0.384006 $     0.64  $     5.56  
49957 $  7017   $  3699267221  $  9441867504     $    46722274  $   275364214  $   213801662  $    41353095  $      36      $       0      $      97      $           0  $              $0.391794      $46722272.000000      $17.570599 $13.642380 $2.638682 $     1.29  $     5.17  
49907 $ 73727   $  3827265022  $  2316362838     $      572904  $      506755  $      564551  $      176080  $       0      $       0      $      97      $           0  $              $1.652274      $572904.000000      $0.032335 $0.036023 $0.011235 $     0.90  $     3.21  
49957 $  8020   $  3512974907  $  9173691802     $    46769230  $   271071227  $   211475581  $    38908767  $      34      $       0      $      97      $           0  $              $0.382940      $46769232.000000      $17.296669 $13.493956 $2.482713 $     1.28  $     5.44  
49907 $ 74730   $  3720599964  $  2251926393     $      572343  $      492215  $      547239  $      170512  $       0      $       0      $      97      $           0  $              $1.652186      $572343.000000      $0.031408 $0.034919 $0.010880 $     0.90  $     3.21  
49957 $  9023   $  3723209161  $  9527462501     $    47347848  $   278595875  $   216397087  $    41622280  $      34      $       0      $      97      $           0  $              $0.390787      $47347848.000000      $17.776806 $13.807990 $2.655858 $     1.29  $     5.20  
49907 $ 75733   $  3845335877  $  2336361489     $      136343  $      508677  $      565364  $      176861  $       0      $       0      $      97      $           0  $              $1.645865      $136343.000000      $0.032458 $0.036075 $0.011285 $     0.90  $     3.20  
49957 $ 10026   $  3581980680  $  9164040884     $    47353508  $   277599434  $   215433921  $    40699391  $      36      $       0      $      97      $           0  $              $0.390873      $47353508.000000      $17.713224 $13.746531 $2.596970 $     1.29  $     5.29  
49907 $ 76736   $  3697446578  $  2248492496     $       99133  $      489216  $      546535  $      172821  $       0      $       0      $      97      $           0  $              $1.644411      $99133.000000      $0.031216 $0.034874 $0.011027 $     0.90  $     3.16  
49907 $ 77217   $  1796326549  $  1088089511     $       48463  $      237273  $      262761  $       76925  $       0      $       0      $      97      $           0  $              $1.650900      $48463.000000      $0.031571 $0.034962 $0.010235 $     0.90  $     3.42  
49957 $ 10508   $  1495545873  $  3830201474     $    20346189  $   118560176  $    91912812  $    17058722  $      16      $       0      $      97      $           0  $              $0.390461      $20346188.000000      $15.742430 $12.204191 $2.265059 $     1.29  $     5.39  
49907 $ 77798   $  2299406743  $  1361485089     $       65996  $      299496  $      323110  $       46320  $       0      $       0      $      97      $           0  $              $1.688896      $65996.000000      $0.032991 $0.035592 $0.005102 $     0.93  $     6.98  
49907 $ 77801   $     2465783  $     1505064     $          55  $         384  $         404  $          64  $       0      $       0      $      97      $           0  $              $1.638324      $55.000000      $0.008192 $0.008619 $0.001365 $     0.95  $     6.31  
49907 $ 78804   $  3716237619  $  2247168050     $      595845  $      490722  $      544667  $      168077  $      34      $       0      $      97      $           0  $              $1.653743      $595845.000000      $0.031312 $0.034754 $0.010725 $     0.90  $     3.24  
49962 $  1003   $  3404182981  $  8880304541     $    40686306  $   237844151  $   200548361  $    34753809  $       0      $       0      $      97      $           0  $              $0.383341      $40686304.000000      $15.176496 $12.796705 $2.217591 $     1.19  $     5.77  
49962 $  2006   $  1964340652  $  4972387580     $    22215200  $   135948719  $   113858506  $    21864524  $      28      $       0      $      97      $           0  $              $0.395050      $22215200.000000      $8.674694 $7.265149 $1.395144 $     1.19  $     5.21  
49907 $ 79807   $  3937475881  $  2357293350     $      275660  $      515927  $      562747  $      129177  $       0      $       0      $      97      $           0  $              $1.670338      $275660.000000      $0.032921 $0.035908 $0.008243 $     0.92  $     4.36  
49962 $  3008   $  3448305902  $  9175682196     $    45275368  $   262177283  $   222114403  $    38414192  $      35      $       0      $      97      $           0  $              $0.375809      $45275368.000000      $16.745853 $14.186948 $2.453601 $     1.18  $     5.78  
49907 $ 80810   $  3704834859  $  2239902302     $      579157  $      490633  $      545330  $      172633  $       0      $       0      $      97      $           0  $              $1.654016      $579157.000000      $0.031307 $0.034797 $0.011015 $     0.90  $     3.16  
49962 $  4011   $  3512244212  $  9225863279     $    47668531  $   277351967  $   233906915  $    40449701  $      32      $       0      $      97      $           0  $              $0.380695      $47668532.000000      $17.697433 $14.925266 $2.581038 $     1.19  $     5.78  
49907 $ 81813   $           0  $           0     $      788598  $          17  $          17  $          16  $       0      $       0      $      97      $           0  $              $-nan      $788598.000000      $0.000001 $0.000001 $0.000001 $     1.00  $     1.06  
49962 $  5013   $  3538517810  $  9176933211     $    44832651  $   263953678  $   222236737  $    40215561  $      33      $       0      $      97      $           0  $              $0.385588      $44832652.000000      $16.859318 $14.194761 $2.568659 $     1.19  $     5.53  
49907 $ 82815   $           0  $           0     $     1011585  $           0  $           0  $           0  $       0      $       0      $      97      $           0  $              $-nan      $1011585.000000      $0.000000 $0.000000 $0.000000 $     0.00  $     0.00  
49962 $  5144   $   490370575  $  1226025769     $     5062033  $    30998216  $    25881042  $     5402763  $       4      $       0      $      97      $           0  $              $0.399968      $5062033.000000      $15.144167 $12.644174 $2.639518 $     1.20  $     4.79  
49907 $ 82946   $       15039  $      350143     $      183178  $         735  $        1647  $         332  $       0      $       0      $      97      $           0  $              $0.042951      $183178.000000      $0.000359 $0.000805 $0.000162 $     0.45  $     4.96  
