PID   $time     $Instr Ret     $Unh Clk Cycles   $l2 trans reqs $l1lines       $l2lines       $Per Core bw   $Power         $Power2        $Power3        $bandwidth     $              $IPC           $MEM INTENSIITY$L2->L1 BW (MB)$L3->L2 BW (MB)$MM->L3 BW (MB)$L2 REUSE      $L3 REUSE      
50209 $  1003   $  3655115779  $  7888431507     $      106042  $    40208894  $    36547760  $    30634826  $      31      $       0      $      97      $           0  $              $0.463351      $106042.000000      $2.565672 $2.332061 $1.954765 $     1.10  $     1.19  
50207 $  1003   $  4734917405  $  2240435567     $      593354  $      600423  $      661476  $       65062  $       0      $       0      $      97      $           0  $              $2.113392      $593354.000000      $0.038312 $0.042208 $0.004152 $     0.91  $    10.17  
50209 $  2006   $  4261114154  $  9099727099     $       31338  $    47321359  $    42991775  $    35865865  $      33      $       0      $      97      $           0  $              $0.468268      $31338.000000      $3.019509 $2.743244 $2.288550 $     1.10  $     1.20  
50207 $  2006   $  4748819970  $  2250522990     $      665243  $      602761  $      666493  $       69204  $       0      $       0      $      97      $           0  $              $2.110096      $665243.000000      $0.038461 $0.042528 $0.004416 $     0.90  $     9.63  
50209 $  3009   $  4302392564  $  9207729241     $       31428  $    47626213  $    43292812  $    36127287  $      33      $       0      $      97      $           0  $              $0.467259      $31428.000000      $3.038961 $2.762453 $2.305231 $     1.10  $     1.20  
50207 $  3009   $  4812003458  $  2277509609     $      665703  $      610642  $      674386  $       71800  $       0      $       0      $      97      $           0  $              $2.112836      $665703.000000      $0.038964 $0.043032 $0.004581 $     0.91  $     9.39  
50209 $  4012   $  4261393379  $  9100382672     $       31625  $    47324003  $    42980548  $    35862445  $      33      $       0      $      97      $           0  $              $0.468265      $31625.000000      $3.019677 $2.742527 $2.288332 $     1.10  $     1.20  
50207 $  4011   $  4744650325  $  2251318677     $      662908  $      602144  $      665288  $       71767  $       0      $       0      $      97      $           0  $              $2.107498      $662908.000000      $0.038460 $0.042493 $0.004584 $     0.91  $     9.27  
50209 $  5015   $  4244669456  $  9099931757     $       31022  $    46539912  $    42505525  $    35490408  $      33      $       0      $      97      $           0  $              $0.466451      $31022.000000      $2.969646 $2.712217 $2.264592 $     1.09  $     1.20  
50207 $  5014   $  4751532441  $  2251059308     $      673807  $      602057  $      666246  $       67210  $       0      $       0      $      97      $           0  $              $2.110799      $673807.000000      $0.038416 $0.042512 $0.004289 $     0.90  $     9.91  
50209 $  6018   $  4215995229  $  9107129452     $       30555  $    45776774  $    41698634  $    35075321  $      33      $       0      $      97      $           0  $              $0.462933      $30555.000000      $2.920951 $2.660730 $2.238106 $     1.10  $     1.19  
50207 $  6017   $  4743251647  $  2251863549     $      664963  $      602708  $      667538  $       70622  $       0      $       0      $      97      $           0  $              $2.106367      $664963.000000      $0.038458 $0.042595 $0.004506 $     0.90  $     9.45  
50209 $  7021   $  4304700896  $  9213692178     $       31068  $    47645137  $    43319101  $    36135465  $      33      $       0      $      97      $           0  $              $0.467207      $31068.000000      $3.040168 $2.764130 $2.305753 $     1.10  $     1.20  
50207 $  7020   $  4804615389  $  2279238466     $      661880  $      610549  $      675451  $       72506  $       0      $       0      $      97      $           0  $              $2.107991      $661880.000000      $0.038958 $0.043100 $0.004627 $     0.90  $     9.32  
50207 $  7832   $  3897174135  $  1846645851     $      511767  $      495225  $      546086  $       50858  $       0      $       0      $      97      $           0  $              $2.110407      $511767.000000      $0.039033 $0.043041 $0.004009 $     0.91  $    10.74  
50209 $  7833   $  3067204208  $  6500185622     $      102277  $    34459684  $    31226543  $    25889845  $      25      $       0      $      97      $           0  $              $0.471864      $102277.000000      $2.716034 $2.461205 $2.040579 $     1.10  $     1.21  
50207 $  8115   $  1366458676  $   639817983     $       62036  $      171972  $      183493  $          25  $       0      $       0      $      97      $           0  $              $2.135699      $62036.000000      $0.038891 $0.041497 $0.000006 $     0.94  $  7339.72  
50207 $  8117   $     4045929  $     1915886     $           6  $         502  $         488  $           0  $       0      $       0      $      97      $           0  $              $2.111780      $6.000000      $0.016064 $0.015616 $0.000000 $     1.03  $      inf  
50207 $  9121   $  4757735666  $  2254546911     $      716346  $      600951  $      662390  $       58187  $      32      $       0      $      97      $           0  $              $2.110285      $716346.000000      $0.038308 $0.042224 $0.003709 $     0.91  $    11.38  
50224 $  1003   $  3675979221  $  7945115336     $       28122  $    40410153  $    36809758  $    30806136  $       0      $       0      $      97      $           0  $              $0.462672      $28122.000000      $2.578514 $2.348778 $1.965696 $     1.10  $     1.19  
50224 $  2006   $  3870884864  $  8256192814     $      166852  $    43765890  $    39581162  $    33242225  $      33      $       0      $      97      $           0  $              $0.468846      $166852.000000      $2.792639 $2.525617 $2.121139 $     1.11  $     1.19  
50207 $ 10124   $  4895286286  $  2318836981     $      545888  $      619614  $      682340  $       65256  $       0      $       0      $      97      $           0  $              $2.111095      $545888.000000      $0.039537 $0.043539 $0.004164 $     0.91  $    10.46  
50224 $  3009   $  4319187665  $  9256157218     $       32160  $    47766915  $    43430711  $    36227067  $      33      $       0      $      97      $           0  $              $0.466629      $32160.000000      $3.047939 $2.771252 $2.311598 $     1.10  $     1.20  
50207 $ 11127   $  4836053293  $  2289935959     $      675212  $      614537  $      679897  $       71854  $       0      $       0      $      97      $           0  $              $2.111873      $675212.000000      $0.039213 $0.043383 $0.004585 $     0.90  $     9.46  
50224 $  4012   $  4259521441  $  9099430084     $       31267  $    47323555  $    42992077  $    35849077  $      33      $       0      $      97      $           0  $              $0.468109      $31267.000000      $3.019649 $2.743263 $2.287478 $     1.10  $     1.20  
50207 $ 12130   $  4756730858  $  2251432355     $      673149  $      605159  $      666361  $       71070  $       0      $       0      $      97      $           0  $              $2.112757      $673149.000000      $0.038614 $0.042520 $0.004535 $     0.91  $     9.38  
50224 $  5014   $  4259027758  $  9098699003     $       31994  $    47316744  $    42981392  $    35843144  $      33      $       0      $      97      $           0  $              $0.468092      $31994.000000      $3.022227 $2.745318 $2.289382 $     1.10  $     1.20  
50207 $ 13132   $  4760519477  $  2251704519     $      678051  $      604092  $      669119  $       69998  $       0      $       0      $      97      $           0  $              $2.114185      $678051.000000      $0.038585 $0.042738 $0.004471 $     0.90  $     9.56  
50224 $  6016   $  4258907226  $  9098310690     $       31380  $    47316725  $    42992660  $    35840762  $      33      $       0      $      97      $           0  $              $0.468099      $31380.000000      $3.022226 $2.746038 $2.289230 $     1.10  $     1.20  
50207 $ 14135   $  4758928751  $  2251612715     $      672174  $      605216  $      671038  $       70518  $       0      $       0      $      97      $           0  $              $2.113565      $672174.000000      $0.038618 $0.042818 $0.004500 $     0.90  $     9.52  
50224 $  7019   $  4302128847  $  9261931426     $       31105  $    46851762  $    42861830  $    35805628  $      33      $       0      $      97      $           0  $              $0.464496      $31105.000000      $2.989544 $2.734952 $2.284706 $     1.09  $     1.20  
50207 $ 15138   $  4843535977  $  2291494839     $      673276  $      614768  $      678589  $       66900  $       0      $       0      $      97      $           0  $              $2.113701      $673276.000000      $0.039227 $0.043300 $0.004269 $     0.91  $    10.14  
50207 $ 15972   $  3979306991  $  1881874060     $      529808  $      506629  $      558104  $       56252  $       0      $       0      $      97      $           0  $              $2.114545      $529808.000000      $0.038878 $0.042828 $0.004317 $     0.91  $     9.92  
50224 $  7853   $  3282109429  $  7024702233     $       70551  $    36293780  $    32918357  $    27474029  $      27      $       0      $      97      $           0  $              $0.467224      $70551.000000      $2.785134 $2.526109 $2.108319 $     1.10  $     1.20  
50207 $ 16198   $  1128573777  $   527364210     $       50788  $      142064  $      151801  $          31  $       0      $       0      $      97      $           0  $              $2.140027      $50788.000000      $0.040231 $0.042988 $0.000009 $     0.94  $  4896.81  
50207 $ 16200   $     3000467  $     1432632     $           1  $         375  $         394  $           0  $       0      $       0      $      97      $           0  $              $2.094374      $1.000000      $0.012000 $0.012608 $0.000000 $     0.95  $      inf  
50207 $ 17203   $  4751469323  $  2252802069     $      698729  $      601322  $      664494  $       61337  $      32      $       0      $      97      $           0  $              $2.109138      $698729.000000      $0.038369 $0.042400 $0.003914 $     0.90  $    10.83  
50229 $  1003   $  3674442369  $  7939464600     $       29570  $    40342725  $    36705467  $    30798996  $       0      $       0      $      97      $           0  $              $0.462807      $29570.000000      $2.574212 $2.342124 $1.965240 $     1.10  $     1.19  
50229 $  2006   $  4119208282  $  8835435481     $       69261  $    44247276  $    40388580  $    33619477  $      40      $       0      $      97      $           0  $              $0.466215      $69261.000000      $2.823356 $2.577138 $2.145211 $     1.10  $     1.20  
50207 $ 18206   $  9386540451  $  6839844742     $      179890  $    28038823  $    38181758  $    10288472  $       0      $       0      $      97      $           0  $              $1.372332      $179890.000000      $1.789117 $2.436324 $0.656493 $     0.73  $     3.71  
50229 $  3008   $  4227177018  $  9080850336     $       33517  $    46816759  $    42380655  $    35506012  $      44      $       0      $      97      $           0  $              $0.465505      $33517.000000      $2.990292 $2.706948 $2.267849 $     1.10  $     1.19  
50207 $ 19208   $ 12254884343  $  9149233859     $       76029  $    28208846  $    44205788  $     7929925  $       0      $       0      $      97      $           0  $              $1.339444      $76029.000000      $1.801763 $2.823523 $0.506502 $     0.64  $     5.57  
50229 $  4010   $  4247299922  $  9075350381     $       34528  $    47141756  $    42869594  $    35684352  $      44      $       0      $      97      $           0  $              $0.468004      $34528.000000      $3.011050 $2.738178 $2.279240 $     1.10  $     1.20  
50207 $ 20210   $ 12261791647  $  9150459950     $       74849  $    28234408  $    44242448  $     7935769  $       0      $       0      $      97      $           0  $              $1.340019      $74849.000000      $1.803395 $2.825865 $0.506875 $     0.64  $     5.58  
50229 $  5012   $  4196007619  $  9081202278     $       33129  $    45348095  $    41421505  $    34785230  $      44      $       0      $      97      $           0  $              $0.462054      $33129.000000      $2.896485 $2.645685 $2.221811 $     1.09  $     1.19  
50207 $ 21212   $ 12258171184  $  9149919151     $       74725  $    28225479  $    44220753  $     7931860  $       0      $       0      $      97      $           0  $              $1.339703      $74725.000000      $1.802825 $2.824479 $0.506626 $     0.64  $     5.58  
50229 $  6015   $  4246625320  $  9075604846     $       33111  $    47125253  $    42833428  $    35675137  $      44      $       0      $      97      $           0  $              $0.467917      $33111.000000      $3.006995 $2.733140 $2.276380 $     1.10  $     1.20  
50207 $ 22214   $ 12249875505  $  9149966770     $       75969  $    28189506  $    44190589  $     7927085  $       0      $       0      $      97      $           0  $              $1.338789      $75969.000000      $1.800527 $2.822552 $0.506321 $     0.64  $     5.57  
50229 $  7018   $  4246987333  $  9075061320     $       33634  $    47117572  $    42810042  $    35678125  $      44      $       0      $      97      $           0  $              $0.467984      $33634.000000      $3.006505 $2.731648 $2.276570 $     1.10  $     1.20  
50207 $ 23217   $ 12256893193  $  9149792479     $       75960  $    28223342  $    44217182  $     7931370  $       0      $       0      $      97      $           0  $              $1.339582      $75960.000000      $1.800891 $2.821435 $0.506089 $     0.64  $     5.57  
50207 $ 24161   $ 11652911845  $  8687802113     $       71112  $    26827973  $    42035032  $     7538329  $       0      $       0      $      97      $           0  $              $1.341296      $71112.000000      $1.818846 $2.849833 $0.511073 $     0.64  $     5.58  
50229 $  7962   $  3594226214  $  7699373017     $       85754  $    39533732  $    35953014  $    29995098  $      40      $       0      $      97      $           0  $              $0.466821      $85754.000000      $2.680253 $2.437493 $2.033566 $     1.10  $     1.20  
50207 $ 24310   $  1962508610  $  1449746955     $       11849  $     4528895  $     7075337  $     1267066  $       0      $       0      $      97      $           0  $              $1.353691      $11849.000000      $1.945297 $3.039071 $0.544243 $     0.64  $     5.58  
50207 $ 24313   $     3323877  $     2485268     $         177  $        6935  $        9916  $        2164  $       0      $       0      $      97      $           0  $              $1.337432      $177.000000      $0.147947 $0.211541 $0.046165 $     0.70  $     4.58  
50207 $ 25316   $ 12173100408  $  9115344764     $       77721  $    27946269  $    43672452  $     7854778  $      42      $       0      $      97      $           0  $              $1.335451      $77721.000000      $1.783211 $2.786677 $0.501202 $     0.64  $     5.56  
50237 $  1003   $  3666833180  $  7926582256     $       89471  $    40193913  $    36571131  $    30633907  $       0      $       0      $      97      $           0  $              $0.462600      $89471.000000      $2.564716 $2.333552 $1.954706 $     1.10  $     1.19  
50237 $  2006   $  4205727826  $  8969819582     $       32590  $    46739975  $    42386750  $    35334252  $      43      $       0      $      97      $           0  $              $0.468875      $32590.000000      $2.982411 $2.704638 $2.254628 $     1.10  $     1.20  
50207 $ 26319   $ 11719698664  $  8799344328     $       72658  $    26726111  $    41751265  $     7568774  $       0      $       0      $      97      $           0  $              $1.331883      $72658.000000      $1.705355 $2.664089 $0.482953 $     0.64  $     5.52  
50237 $  3008   $  4196450665  $  9078198448     $       32028  $    45320859  $    41349762  $    34774242  $      44      $       0      $      97      $           0  $              $0.462256      $32028.000000      $2.894746 $2.641103 $2.221109 $     1.10  $     1.19  
50207 $ 27321   $ 12243062427  $  9147412584     $       75607  $    28159201  $    44140851  $     7919233  $       0      $       0      $      97      $           0  $              $1.338418      $75607.000000      $1.798592 $2.819376 $0.505819 $     0.64  $     5.57  
50237 $  4011   $  4241086947  $  9074118610     $       34006  $    47098982  $    42735673  $    35696165  $      44      $       0      $      97      $           0  $              $0.467383      $34006.000000      $3.005319 $2.726902 $2.277721 $     1.10  $     1.20  
50207 $ 28324   $ 12241472314  $  9147890037     $       75054  $    28195582  $    44134261  $     7918488  $       0      $       0      $      97      $           0  $              $1.338174      $75054.000000      $1.799120 $2.816144 $0.505267 $     0.64  $     5.57  
50237 $  5013   $  4246323999  $  9074007131     $       33785  $    47093436  $    42760163  $    35676489  $      44      $       0      $      97      $           0  $              $0.467966      $33785.000000      $3.007964 $2.731188 $2.278738 $     1.10  $     1.20  
50207 $ 29326   $ 12241072495  $  9150104728     $       75015  $    28180173  $    44132073  $     7918209  $       0      $       0      $      97      $           0  $              $1.337807      $75015.000000      $1.799931 $2.818815 $0.505754 $     0.64  $     5.57  
50237 $  6015   $  4195226558  $  9079058831     $       32789  $    45321066  $    41340019  $    34778569  $      44      $       0      $      97      $           0  $              $0.462077      $32789.000000      $2.894758 $2.640480 $2.221385 $     1.10  $     1.19  
50207 $ 30328   $ 12243428971  $  9148760137     $       74913  $    28181911  $    44140107  $     7919344  $       0      $       0      $      97      $           0  $              $1.338261      $74913.000000      $1.800042 $2.819328 $0.505826 $     0.64  $     5.57  
50237 $  7017   $  4247088847  $  9074110590     $       32726  $    47087992  $    42747933  $    35675170  $      44      $       0      $      97      $           0  $              $0.468045      $32726.000000      $3.007616 $2.730407 $2.278653 $     1.10  $     1.20  
50207 $ 31330   $ 12255076850  $  9150725106     $       75775  $    28211580  $    44207839  $     7929797  $       0      $       0      $      97      $           0  $              $1.339247      $75775.000000      $1.801937 $2.823654 $0.506494 $     0.64  $     5.57  
50207 $ 32200   $ 10673715095  $  7972288740     $       66160  $    24577497  $    38472338  $     6903074  $       0      $       0      $      97      $           0  $              $1.338852      $66160.000000      $1.808000 $2.830149 $0.507812 $     0.64  $     5.57  
50237 $  7888   $  3495684271  $  7452055088     $       72620  $    38817570  $    35214638  $    29315382  $      37      $       0      $      97      $           0  $              $0.469090      $72620.000000      $2.852267 $2.587528 $2.154058 $     1.10  $     1.20  
50207 $ 32376   $  2250308848  $  1661225097     $       13814  $     5199817  $     8112983  $     1453020  $       0      $       0      $      97      $           0  $              $1.354608      $13814.000000      $1.890843 $2.950176 $0.528371 $     0.64  $     5.58  
50207 $ 32379   $     1772462  $     1314993     $           0  $        1486  $        1159  $        1137  $       0      $       0      $      97      $           0  $              $1.347887      $0.000000      $0.031701 $0.024725 $0.024256 $     1.28  $     1.02  
50207 $ 33382   $ 12239024048  $  9130885523     $       77809  $    28166573  $    44043052  $     7910030  $      42      $       0      $      97      $           0  $              $1.340398      $77809.000000      $1.797269 $2.810324 $0.504728 $     0.64  $     5.57  
50242 $  1003   $  3668806291  $  7930363398     $       92354  $    40153891  $    36464065  $    30641770  $       0      $       0      $      97      $           0  $              $0.462628      $92354.000000      $2.562163 $2.326720 $1.955208 $     1.10  $     1.19  
50242 $  2005   $  4223433607  $  9015788325     $       33176  $    47051713  $    42826199  $    35500855  $      43      $       0      $      97      $           0  $              $0.468449      $33176.000000      $3.005299 $2.735406 $2.267520 $     1.10  $     1.21  
50207 $ 34384   $ 11751597971  $  8844943517     $       72274  $    26788241  $    41848198  $     7581293  $       0      $       0      $      97      $           0  $              $1.328623      $72274.000000      $1.711025 $2.672939 $0.484234 $     0.64  $     5.52  
50242 $  3007   $  4243682598  $  9074929768     $       32515  $    47087307  $    42934425  $    35607650  $      44      $       0      $      97      $           0  $              $0.467627      $32515.000000      $3.007573 $2.742318 $2.274341 $     1.10  $     1.21  
50207 $ 35386   $ 12238366066  $  9149869295     $       76578  $    28165939  $    44106280  $     7915518  $       0      $       0      $      97      $           0  $              $1.337545      $76578.000000      $1.799022 $2.817168 $0.505582 $     0.64  $     5.57  
50242 $  4010   $  4194868355  $  9079049338     $       31766  $    45439108  $    41586136  $    34778992  $      44      $       0      $      97      $           0  $              $0.462038      $31766.000000      $2.899405 $2.653552 $2.219198 $     1.09  $     1.20  
50207 $ 36389   $ 12235053008  $  9148078774     $       76367  $    28153270  $    44095473  $     7912556  $       0      $       0      $      97      $           0  $              $1.337445      $76367.000000      $1.796420 $2.813669 $0.504889 $     0.64  $     5.57  
50242 $  5013   $  4245854627  $  9072935930     $       32739  $    47218555  $    43008700  $    35664228  $      44      $       0      $      97      $           0  $              $0.467969      $32739.000000      $3.012949 $2.744324 $2.275684 $     1.10  $     1.21  
50207 $ 37392   $ 12239391392  $  9147835238     $       76715  $    28167571  $    44125307  $     7917984  $       0      $       0      $      97      $           0  $              $1.337955      $76715.000000      $1.797333 $2.815573 $0.505235 $     0.64  $     5.57  
50242 $  6015   $  4199504490  $  9078323570     $       31895  $    45456322  $    41612415  $    34764872  $      44      $       0      $      97      $           0  $              $0.462586      $31895.000000      $2.903398 $2.657879 $2.220511 $     1.09  $     1.20  
50207 $ 38394   $ 12240778647  $  9148723208     $       76571  $    28181971  $    44118715  $     7916263  $       0      $       0      $      97      $           0  $              $1.337977      $76571.000000      $1.800046 $2.817962 $0.505630 $     0.64  $     5.57  
50242 $  7017   $  4240217283  $  9079283546     $       32494  $    47228120  $    42972688  $    35719076  $      44      $       0      $      97      $           0  $              $0.467021      $32494.000000      $3.016567 $2.744762 $2.281458 $     1.10  $     1.20  
50207 $ 39396   $ 12241878505  $  9151845871     $       76041  $    28175303  $    44115386  $     7916873  $       0      $       0      $      97      $           0  $              $1.337640      $76041.000000      $1.799620 $2.817749 $0.505669 $     0.64  $     5.57  
50207 $ 40271   $ 10742832420  $  8030916563     $       66628  $    24712192  $    38699379  $     6945310  $       0      $       0      $      97      $           0  $              $1.337684      $66628.000000      $1.807520 $2.830583 $0.508000 $     0.64  $     5.57  
50242 $  7892   $  3471254921  $  7391451504     $       95715  $    38763888  $    35261016  $    29145055  $      38      $       0      $      97      $           0  $              $0.469631      $95715.000000      $2.835302 $2.579092 $2.131753 $     1.10  $     1.21  
50207 $ 40454   $  2353626470  $  1736124861     $       14471  $     5434493  $     8484934  $     1519799  $       0      $       0      $      97      $           0  $              $1.355678      $14471.000000      $1.900588 $2.967409 $0.531514 $     0.64  $     5.58  
50207 $ 40456   $     1638635  $     1213495     $           0  $        1344  $        1106  $        1093  $       0      $       0      $      97      $           0  $              $1.350343      $0.000000      $0.043008 $0.035392 $0.034976 $     1.22  $     1.01  
50207 $ 41458   $ 12159548390  $  9098797108     $       76787  $    27900004  $    43658436  $     7849646  $      42      $       0      $      97      $           0  $              $1.336391      $76787.000000      $1.782036 $2.788563 $0.501375 $     0.64  $     5.56  
50247 $  1002   $  3661743112  $  7914582223     $       88427  $    40135175  $    36489776  $    30586746  $       0      $       0      $      97      $           0  $              $0.462658      $88427.000000      $2.563524 $2.330684 $1.953645 $     1.10  $     1.19  
50247 $  2004   $  4188595473  $  8927944799     $       35164  $    46491497  $    42162333  $    35036234  $      43      $       0      $      97      $           0  $              $0.469156      $35164.000000      $2.969517 $2.693003 $2.237843 $     1.10  $     1.20  
50207 $ 42460   $ 11881956314  $  8914487946     $       73307  $    27142990  $    42469838  $     7675046  $       0      $       0      $      97      $           0  $              $1.332881      $73307.000000      $1.733684 $2.712645 $0.490223 $     0.64  $     5.53  
50247 $  3006   $  4196988991  $  9085379235     $       31145  $    45355465  $    41374531  $    34750208  $      44      $       0      $      97      $           0  $              $0.461950      $31145.000000      $2.896956 $2.642685 $2.219574 $     1.10  $     1.19  
50207 $ 43462   $ 12260544003  $  9155029731     $       75833  $    28232583  $    44228775  $     7933846  $       0      $       0      $      97      $           0  $              $1.339214      $75833.000000      $1.803279 $2.824992 $0.506753 $     0.64  $     5.57  
50247 $  4008   $  4248296675  $  9080909293     $       32527  $    47122075  $    42801698  $    35642729  $      44      $       0      $      97      $           0  $              $0.467827      $32527.000000      $3.009793 $2.733841 $2.276582 $     1.10  $     1.20  
50207 $ 44464   $ 12259237761  $  9157361663     $       75414  $    28202119  $    44222069  $     7932610  $       0      $       0      $      97      $           0  $              $1.338730      $75414.000000      $1.801333 $2.824563 $0.506674 $     0.64  $     5.57  
50247 $  5010   $  4249216772  $  9083846208     $       31563  $    47125223  $    42814393  $    35639234  $      44      $       0      $      97      $           0  $              $0.467777      $31563.000000      $3.009994 $2.734652 $2.276358 $     1.10  $     1.20  
50207 $ 45466   $ 12265038183  $  9160447679     $       75211  $    28223887  $    44243186  $     7936535  $       0      $       0      $      97      $           0  $              $1.338912      $75211.000000      $1.802723 $2.825912 $0.506924 $     0.64  $     5.57  
50247 $  6012   $  4197371043  $  9086885211     $       31066  $    45336725  $    41361357  $    34743834  $      44      $       0      $      97      $           0  $              $0.461915      $31066.000000      $2.895759 $2.641843 $2.219167 $     1.10  $     1.19  
50207 $ 46468   $ 12261055472  $  9156997032     $       75376  $    28207198  $    44228316  $     7932713  $       0      $       0      $      97      $           0  $              $1.338982      $75376.000000      $1.801657 $2.824962 $0.506680 $     0.64  $     5.58  
50247 $  7015   $  4248794313  $  9082721947     $       32219  $    47132334  $    42817214  $    35643329  $      44      $       0      $      97      $           0  $              $0.467789      $32219.000000      $3.007447 $2.732105 $2.274350 $     1.10  $     1.20  
50207 $ 47471   $ 12265887839  $  9159281106     $       75252  $    28226438  $    44249488  $     7937855  $       0      $       0      $      97      $           0  $              $1.339176      $75252.000000      $1.801089 $2.823497 $0.506503 $     0.64  $     5.57  
50207 $ 48368   $ 11039439601  $  8234850796     $       67727  $    25414764  $    39829071  $     7142731  $       0      $       0      $      97      $           0  $              $1.340576      $67727.000000      $1.813316 $2.841762 $0.509626 $     0.64  $     5.58  
50247 $  7912   $  3539793392  $  7565115161     $       87410  $    39152044  $    35574930  $    29579675  $      38      $       0      $      97      $           0  $              $0.467910      $87410.000000      $2.793457 $2.538234 $2.110479 $     1.10  $     1.20  
50207 $ 48532   $  2165442122  $  1599184171     $       12986  $     4997081  $     7807555  $     1398309  $       0      $       0      $      97      $           0  $              $1.354092      $12986.000000      $1.950080 $3.046851 $0.545682 $     0.64  $     5.58  
50207 $ 48534   $     1791744  $     1318890     $           0  $        1521  $        1181  $        1166  $       0      $       0      $      97      $           0  $              $1.358524      $0.000000      $0.048672 $0.037792 $0.037312 $     1.29  $     1.01  
50207 $ 49537   $ 12159429734  $  9105015565     $       79188  $    27895203  $    43630865  $     7848152  $      42      $       0      $      97      $           0  $              $1.335465      $79188.000000      $1.779953 $2.784023 $0.500779 $     0.64  $     5.56  
50252 $  1003   $  3667383547  $  7928620752     $       91130  $    40222079  $    36594257  $    30638506  $       0      $       0      $      97      $           0  $              $0.462550      $91130.000000      $2.566514 $2.335027 $1.954999 $     1.10  $     1.19  
50252 $  2006   $  4215751193  $  8996130379     $       32231  $    46800654  $    42436811  $    35428855  $      43      $       0      $      97      $           0  $              $0.468618      $32231.000000      $2.986283 $2.707833 $2.260665 $     1.10  $     1.20  
50207 $ 50540   $ 11722901684  $  8797772870     $       72593  $    26699652  $    41755131  $     7572512  $       0      $       0      $      97      $           0  $              $1.332485      $72593.000000      $1.703667 $2.664335 $0.483191 $     0.64  $     5.51  
50252 $  3009   $  4218086706  $  9079724449     $       31828  $    45619735  $    41746309  $    34979008  $      44      $       0      $      97      $           0  $              $0.464561      $31828.000000      $2.910930 $2.663772 $2.231961 $     1.09  $     1.19  
50207 $ 51543   $ 12257112951  $  9155786952     $       75071  $    28213018  $    44216213  $     7931376  $       0      $       0      $      97      $           0  $              $1.338729      $75071.000000      $1.800232 $2.821373 $0.506090 $     0.64  $     5.57  
50252 $  4012   $  4220403418  $  9085678085     $       30559  $    46377030  $    41973079  $    35298023  $      44      $       0      $      97      $           0  $              $0.464512      $30559.000000      $2.959252 $2.678242 $2.252316 $     1.10  $     1.19  
50207 $ 52546   $ 12256288642  $  9154930157     $       75721  $    28197370  $    44212543  $     7930079  $       0      $       0      $      97      $           0  $              $1.338764      $75721.000000      $1.799234 $2.821139 $0.506007 $     0.64  $     5.58  
50252 $  5015   $  4249128945  $  9079937509     $       33081  $    47074389  $    42725267  $    35691655  $      44      $       0      $      97      $           0  $              $0.467969      $33081.000000      $3.003750 $2.726238 $2.277434 $     1.10  $     1.20  
50207 $ 53549   $ 12263724386  $  9155570204     $       74725  $    28245343  $    44249146  $     7936668  $       0      $       0      $      97      $           0  $              $1.339482      $74725.000000      $1.802295 $2.823475 $0.506427 $     0.64  $     5.58  
50252 $  6017   $  4197253188  $  9085602928     $       30696  $    45287402  $    41290068  $    34777825  $      44      $       0      $      97      $           0  $              $0.461967      $30696.000000      $2.892608 $2.637290 $2.221338 $     1.10  $     1.19  
50207 $ 54551   $ 12255558081  $  9155252052     $       75640  $    28199420  $    44210449  $     7930419  $       0      $       0      $      97      $           0  $              $1.338637      $75640.000000      $1.801161 $2.823821 $0.506534 $     0.64  $     5.57  
50252 $  7019   $  4248515952  $  9080188900     $       31427  $    47071361  $    42715190  $    35683352  $      44      $       0      $      97      $           0  $              $0.467888      $31427.000000      $3.006554 $2.728316 $2.279176 $     1.10  $     1.20  
50207 $ 55553   $ 12259769361  $  9155877719     $       75722  $    28228819  $    44226201  $     7933133  $       0      $       0      $      97      $           0  $              $1.339005      $75722.000000      $1.803038 $2.824827 $0.506707 $     0.64  $     5.57  
50207 $ 56452   $ 11075049894  $  8263867004     $       68312  $    25479076  $    39945648  $     7164976  $       0      $       0      $      97      $           0  $              $1.340178      $68312.000000      $1.813861 $2.843739 $0.510076 $     0.64  $     5.58  
50252 $  7918   $  3477094215  $  7406490831     $       92469  $    38666078  $    35058769  $    29176126  $      38      $       0      $      97      $           0  $              $0.469466      $92469.000000      $2.752646 $2.495841 $2.077055 $     1.10  $     1.20  
50207 $ 56634   $  2340367690  $  1727584636     $       14395  $     5405864  $     8435480  $     1511159  $       0      $       0      $      97      $           0  $              $1.354705      $14395.000000      $1.900963 $2.966323 $0.531397 $     0.64  $     5.58  
50207 $ 56636   $     3107739  $     2307939     $           0  $        6628  $        9900  $        2081  $       0      $       0      $      97      $           0  $              $1.346543      $0.000000      $0.212096 $0.316800 $0.066592 $     0.67  $     4.76  
50207 $ 57638   $ 12204030528  $  9117029985     $       77668  $    28043677  $    43864353  $     7882810  $      42      $       0      $      97      $           0  $              $1.338597      $77668.000000      $1.791213 $2.801715 $0.503493 $     0.64  $     5.56  
50257 $  1002   $  3665414626  $  7922852486     $       94309  $    40206206  $    36564117  $    30631148  $       0      $       0      $      97      $           0  $              $0.462638      $94309.000000      $2.568061 $2.335433 $1.956481 $     1.10  $     1.19  
50257 $  2004   $  4195180557  $  8944737430     $       34706  $    46535646  $    42176786  $    35113308  $      43      $       0      $      97      $           0  $              $0.469011      $34706.000000      $2.972337 $2.693926 $2.242766 $     1.10  $     1.20  
50207 $ 58640   $ 11914370186  $  8947309778     $       74593  $    27198880  $    42568180  $     7692955  $       0      $       0      $      97      $           0  $              $1.331615      $74593.000000      $1.737254 $2.718926 $0.491366 $     0.64  $     5.53  
50257 $  3006   $  4199449411  $  9090936823     $       30795  $    45329678  $    41336780  $    34757341  $      44      $       0      $      97      $           0  $              $0.461938      $30795.000000      $2.895309 $2.640273 $2.220030 $     1.10  $     1.19  
50207 $ 59642   $ 12268065238  $  9160095029     $       75410  $    28219652  $    44258929  $     7938713  $       0      $       0      $      97      $           0  $              $1.339295      $75410.000000      $1.802453 $2.826918 $0.507064 $     0.64  $     5.58  
50257 $  4008   $  4249389819  $  9082045760     $       32840  $    47135859  $    42784815  $    35661067  $      44      $       0      $      97      $           0  $              $0.467889      $32840.000000      $3.010674 $2.732763 $2.277753 $     1.10  $     1.20  
50207 $ 60644   $ 12262057074  $  9155870875     $       75566  $    28219789  $    44235341  $     7934915  $       0      $       0      $      97      $           0  $              $1.339256      $75566.000000      $1.802462 $2.825411 $0.506821 $     0.64  $     5.57  
50257 $  5010   $  4248643892  $  9081095093     $       33398  $    47098605  $    42728720  $    35657233  $      44      $       0      $      97      $           0  $              $0.467856      $33398.000000      $3.008294 $2.729180 $2.277508 $     1.10  $     1.20  
50207 $ 61646   $ 12261813815  $  9155538477     $       75813  $    28222803  $    44233630  $     7935010  $       0      $       0      $      97      $           0  $              $1.339278      $75813.000000      $1.802654 $2.825302 $0.506827 $     0.64  $     5.57  
50257 $  6013   $  4198209628  $  9087415586     $       30372  $    45310960  $    41293523  $    34760447  $      44      $       0      $      97      $           0  $              $0.461981      $30372.000000      $2.891228 $2.634881 $2.218015 $     1.10  $     1.19  
50207 $ 62648   $ 12261949174  $  9155471906     $       76090  $    28199369  $    44230945  $     7934796  $       0      $       0      $      97      $           0  $              $1.339303      $76090.000000      $1.801157 $2.825130 $0.506813 $     0.64  $     5.57  
50257 $  7016   $  4248640403  $  9081241451     $       32301  $    47119840  $    42784330  $    35654144  $      44      $       0      $      97      $           0  $              $0.467848      $32301.000000      $3.006650 $2.730007 $2.275040 $     1.10  $     1.20  
50207 $ 63651   $ 12258751285  $  9155519021     $       76064  $    28207060  $    44223058  $     7933279  $       0      $       0      $      97      $           0  $              $1.338947      $76064.000000      $1.799852 $2.821810 $0.506211 $     0.64  $     5.57  
50207 $ 64549   $ 11058992389  $  8249604526     $       67889  $    25462981  $    39898213  $     7156053  $       0      $       0      $      97      $           0  $              $1.340548      $67889.000000      $1.814734 $2.843525 $0.510008 $     0.64  $     5.58  
50257 $  7914   $  3511881795  $  7494694234     $      102005  $    38921295  $    35295939  $    29389031  $      38      $       0      $      97      $           0  $              $0.468582      $102005.000000      $2.773901 $2.515524 $2.094541 $     1.10  $     1.20  
50207 $ 64722   $  2214567066  $  1636279199     $       13525  $     5111284  $     7975756  $     1429412  $       0      $       0      $      97      $           0  $              $1.353416      $13525.000000      $1.890880 $2.950569 $0.528800 $     0.64  $     5.58  
50207 $ 64724   $     2489679  $     1824745     $           0  $        2106  $        1621  $        1608  $       0      $       0      $      97      $           0  $              $1.364398      $0.000000      $0.067392 $0.051872 $0.051456 $     1.30  $     1.01  
50207 $ 65727   $ 12183458845  $  9109271694     $       79197  $    27994403  $    43765070  $     7868869  $      42      $       0      $      97      $           0  $              $1.337479      $79197.000000      $1.786283 $2.792587 $0.502101 $     0.64  $     5.56  
50262 $  1003   $  3669801105  $  7935230504     $       92719  $    40188022  $    36576356  $    30640985  $       0      $       0      $      97      $           0  $              $0.462469      $92719.000000      $2.564341 $2.333885 $1.955158 $     1.10  $     1.19  
50262 $  2006   $  4224409109  $  9021436336     $       32396  $    46917176  $    42602548  $    35504333  $      43      $       0      $      97      $           0  $              $0.468264      $32396.000000      $2.993718 $2.718408 $2.265481 $     1.10  $     1.20  
50207 $ 66730   $ 11800507487  $  8888999664     $       73273  $    26882245  $    42013203  $     7610214  $       0      $       0      $      97      $           0  $              $1.327541      $73273.000000      $1.715318 $2.680803 $0.485597 $     0.64  $     5.52  
50262 $  3009   $  4242680464  $  9079267189     $       33025  $    46874689  $    42649046  $    35578935  $      44      $       0      $      97      $           0  $              $0.467293      $33025.000000      $2.991007 $2.721375 $2.270241 $     1.10  $     1.20  
50207 $ 67733   $ 12244555688  $  9157359520     $       75394  $    28172866  $    44117182  $     7918396  $       0      $       0      $      97      $           0  $              $1.337127      $75394.000000      $1.797670 $2.815055 $0.505262 $     0.64  $     5.57  
50262 $  4011   $  4197057474  $  9087117846     $       32516  $    45312814  $    41358297  $    34793072  $      44      $       0      $      97      $           0  $              $0.461869      $32516.000000      $2.894232 $2.641648 $2.222312 $     1.10  $     1.19  
50207 $ 68736   $ 12245865973  $  9158218120     $       75992  $    28170710  $    44128424  $     7919686  $       0      $       0      $      97      $           0  $              $1.337145      $75992.000000      $1.797533 $2.815772 $0.505344 $     0.64  $     5.57  
50262 $  5013   $  4246989934  $  9079608871     $       32821  $    47081432  $    42770890  $    35670342  $      44      $       0      $      97      $           0  $              $0.467750      $32821.000000      $3.007197 $2.731873 $2.278345 $     1.10  $     1.20  
50207 $ 69738   $ 12237831220  $  9156546351     $       75999  $    28145208  $    44092817  $     7914480  $       0      $       0      $      97      $           0  $              $1.336512      $75999.000000      $1.797698 $2.816308 $0.505516 $     0.64  $     5.57  
50262 $  6015   $  4202250360  $  9082303908     $       31766  $    45307777  $    41363404  $    34760920  $      43      $       0      $      97      $           0  $              $0.462686      $31766.000000      $2.893910 $2.641974 $2.220258 $     1.10  $     1.19  
50207 $ 70740   $ 12260498252  $  9156138025     $       75770  $    28241228  $    44218981  $     7932262  $       0      $       0      $      97      $           0  $              $1.339047      $75770.000000      $1.803831 $2.824366 $0.506651 $     0.64  $     5.57  
50262 $  7017   $  4239874800  $  9085242934     $       33511  $    47097510  $    42736821  $    35739773  $      44      $       0      $      97      $           0  $              $0.466677      $33511.000000      $3.008224 $2.729697 $2.282780 $     1.10  $     1.20  
50207 $ 71742   $ 12249242722  $  9157965335     $       74766  $    28173192  $    44146129  $     7922607  $       0      $       0      $      97      $           0  $              $1.337551      $74766.000000      $1.799485 $2.819713 $0.506035 $     0.64  $     5.57  
50207 $ 72633   $ 10939513395  $  8172538398     $       68011  $    25143119  $    39409539  $     7072861  $       0      $       0      $      97      $           0  $              $1.338570      $68011.000000      $1.806015 $2.830764 $0.508039 $     0.64  $     5.57  
50262 $  7908   $  3468547803  $  7386708673     $       62878  $    38629607  $    35053281  $    29132210  $      38      $       0      $      97      $           0  $              $0.469566      $62878.000000      $2.774742 $2.517856 $2.092549 $     1.10  $     1.20  
50207 $ 72817   $  2367761823  $  1747532152     $       14876  $     5459920  $     8533581  $     1528602  $       0      $       0      $      97      $           0  $              $1.354918      $14876.000000      $1.899103 $2.968202 $0.531688 $     0.64  $     5.58  
50207 $ 72819   $     1963694  $     1461937     $           1  $        1668  $        1317  $        1298  $       0      $       0      $      97      $           0  $              $1.343214      $1.000000      $0.053376 $0.042144 $0.041536 $     1.27  $     1.01  
50207 $ 73822   $  5018280897  $  4141091434     $      473065  $     4358185  $     6613883  $     1256786  $      35      $       0      $      97      $           0  $              $1.211826      $473065.000000      $0.278090 $0.422022 $0.080194 $     0.66  $     5.26  
50267 $  1003   $  3827061876  $  8201912139     $       84067  $    42909424  $    38924520  $    32365648  $       0      $       0      $      97      $           0  $              $0.466606      $84067.000000      $2.737989 $2.483718 $2.065206 $     1.10  $     1.20  
50267 $  2007   $  4177724147  $  9029045288     $       42735  $    45395174  $    41415497  $    34802296  $      33      $       0      $      97      $           0  $              $0.462698      $42735.000000      $2.893716 $2.640032 $2.218473 $     1.10  $     1.19  
50207 $ 74826   $  3766955148  $  2266484129     $      550437  $      498442  $      547951  $      172552  $       0      $       0      $      97      $           0  $              $1.662026      $550437.000000      $0.031773 $0.034929 $0.010999 $     0.91  $     3.18  
50267 $  3010   $  4258311809  $  9097268349     $       32593  $    47319795  $    42999398  $    35855983  $      33      $       0      $      97      $           0  $              $0.468087      $32593.000000      $3.019409 $2.743730 $2.287919 $     1.10  $     1.20  
50207 $ 75829   $  3742605036  $  2252730908     $      567485  $      495101  $      546992  $      170790  $       0      $       0      $      97      $           0  $              $1.661364      $567485.000000      $0.031592 $0.034903 $0.010898 $     0.91  $     3.20  
50267 $  4013   $  4258823726  $  9098408726     $       32145  $    47314419  $    42993742  $    35860705  $      33      $       0      $      97      $           0  $              $0.468084      $32145.000000      $3.019066 $2.743370 $2.288220 $     1.10  $     1.20  
50207 $ 76832   $  3742400667  $  2251557087     $      575484  $      492906  $      546921  $      165052  $       0      $       0      $      97      $           0  $              $1.662139      $575484.000000      $0.031452 $0.034898 $0.010532 $     0.90  $     3.31  
50267 $  5016   $  4258310825  $  9098226510     $       33306  $    47312538  $    42981250  $    35851840  $      33      $       0      $      97      $           0  $              $0.468037      $33306.000000      $3.018945 $2.742572 $2.287655 $     1.10  $     1.20  
50207 $ 77835   $  3741647061  $  2250994308     $      570531  $      493881  $      546944  $      168729  $       0      $       0      $      97      $           0  $              $1.662220      $570531.000000      $0.031514 $0.034900 $0.010766 $     0.90  $     3.24  
50267 $  6019   $  4243904096  $  9157014348     $       30829  $    45793887  $    41916606  $    35109860  $      33      $       0      $      97      $           0  $              $0.463459      $30829.000000      $2.922043 $2.674639 $2.240310 $     1.09  $     1.19  
50207 $ 78838   $  3766030443  $  2265598121     $      567432  $      496914  $      548568  $      172610  $       0      $       0      $      97      $           0  $              $1.662268      $567432.000000      $0.031707 $0.035003 $0.011014 $     0.91  $     3.18  
50267 $  7022   $  4238590593  $  9104511761     $       31675  $    46962080  $    42509693  $    35655455  $      33      $       0      $      97      $           0  $              $0.465548      $31675.000000      $2.996583 $2.712483 $2.275124 $     1.10  $     1.19  
50207 $ 79841   $  3743935397  $  2252459806     $      561443  $      495170  $      549547  $      175100  $       0      $       0      $      97      $           0  $              $1.662154      $561443.000000      $0.031596 $0.035066 $0.011173 $     0.90  $     3.14  
50207 $ 80618   $  2920545482  $  1754492170     $      408949  $      385388  $      425852  $      125415  $       0      $       0      $      97      $           0  $              $1.664610      $408949.000000      $0.031744 $0.035077 $0.010330 $     0.90  $     3.40  
50267 $  7799   $  3048555435  $  6458341298     $       91851  $    34327945  $    31089794  $    25772690  $      25      $       0      $      97      $           0  $              $0.472034      $91851.000000      $2.827527 $2.560807 $2.122847 $     1.10  $     1.21  
50207 $ 80906   $  1135055224  $   671162173     $       32895  $      147492  $      159414  $       22862  $       0      $       0      $      97      $           0  $              $1.691179      $32895.000000      $0.032776 $0.035425 $0.005080 $     0.93  $     6.97  
50207 $ 80909   $     3240434  $     1938823     $           0  $         419  $         409  $          66  $       0      $       0      $      97      $           0  $              $1.671341      $0.000000      $0.008939 $0.008725 $0.001408 $     1.02  $     6.20  
50207 $ 81912   $  1652730147  $   992345343     $      739749  $      216623  $      238668  $       63595  $      30      $       0      $      97      $           0  $              $1.665479      $739749.000000      $0.013822 $0.015229 $0.004058 $     0.91  $     3.75  
50272 $  1003   $  3681999414  $  7967816546     $       28634  $    40454555  $    36896973  $    30849546  $       0      $       0      $      97      $           0  $              $0.462109      $28634.000000      $2.581347 $2.354343 $1.968466 $     1.10  $     1.20  
50272 $  2006   $  4082749658  $  8739984596     $       73478  $    44134231  $    40196356  $    33619844  $      31      $       0      $      97      $           0  $              $0.467135      $73478.000000      $2.816142 $2.564872 $2.145234 $     1.10  $     1.20  
50207 $ 82915   $           0  $           0     $      762323  $          17  $          17  $          16  $       0      $       0      $      97      $           0  $              $-nan      $762323.000000      $0.000001 $0.000001 $0.000001 $     1.00  $     1.06  
50272 $  2746   $  3124938446  $  6723583407     $       24222  $    34566308  $    31265110  $    26296640  $      24      $       0      $      97      $           0  $              $0.464773      $24222.000000      $2.989519 $2.704010 $2.274304 $     1.11  $     1.19  
50207 $ 83655   $       15039  $      370925     $      706172  $         723  $        1655  $         323  $       0      $       0      $      97      $           0  $              $0.040545      $706172.000000      $0.000063 $0.000143 $0.000028 $     0.44  $     5.12  
