PID   $time     $Instr Ret     $Unh Clk Cycles   $l2 trans reqs $l1lines       $l2lines       $Per Core bw   $Power         $Power2        $Power3        $bandwidth     $              $IPC           $MEM INTENSIITY$L2->L1 BW (MB)$L3->L2 BW (MB)$MM->L3 BW (MB)$L2 REUSE      $L3 REUSE      
48581 $  1003   $  3617641821  $  7801452300     $      104342  $    39957848  $    36359867  $    30373956  $      43      $       0      $      97      $           0  $              $0.463714      $104342.000000      $2.549653 $2.320071 $1.938119 $     1.10  $     1.20  
48579 $  1003   $  2902925477  $  8705270112     $     9865111  $   362720071  $   360083391  $    10270343  $       0      $       0      $      97      $           0  $              $0.333468      $9865111.000000      $23.144650 $22.976408 $0.655336 $     1.01  $    35.06  
48581 $  2005   $  4242514573  $  9059530654     $       33375  $    47219698  $    42956383  $    35727522  $      45      $       0      $      97      $           0  $              $0.468293      $33375.000000      $3.016028 $2.743721 $2.281997 $     1.10  $     1.20  
48579 $  2005   $  2997527937  $  9113799663     $    10482768  $   379871652  $   377181016  $    10797521  $       0      $       0      $      97      $           0  $              $0.328900      $10482768.000000      $24.263260 $24.091402 $0.689662 $     1.01  $    34.93  
48581 $  3007   $  4244359475  $  9064734107     $       33252  $    47223489  $    42960162  $    35737821  $      45      $       0      $      97      $           0  $              $0.468228      $33252.000000      $3.016271 $2.743962 $2.282655 $     1.10  $     1.20  
48579 $  3007   $  2998179686  $  9119816069     $    10492852  $   379947375  $   377258608  $    10803489  $       0      $       0      $      97      $           0  $              $0.328754      $10492852.000000      $24.268095 $24.096359 $0.690043 $     1.01  $    34.92  
48581 $  4009   $  4192443317  $  9069985619     $       30951  $    45457082  $    41530427  $    34843427  $      45      $       0      $      97      $           0  $              $0.462233      $30951.000000      $2.903446 $2.652642 $2.225528 $     1.09  $     1.19  
48579 $  4009   $  2996478226  $  9120944142     $    10462268  $   379799068  $   377039203  $    10827828  $       0      $       0      $      97      $           0  $              $0.328527      $10462268.000000      $24.258623 $24.082344 $0.691598 $     1.01  $    34.82  
48581 $  5011   $  4243359711  $  9063155971     $       32417  $    47225881  $    42954564  $    35732713  $      45      $       0      $      97      $           0  $              $0.468199      $32417.000000      $3.016423 $2.743605 $2.282329 $     1.10  $     1.20  
48579 $  5011   $  2994233768  $  9119951411     $    10456440  $   379510546  $   376761026  $    10836606  $       0      $       0      $      97      $           0  $              $0.328317      $10456440.000000      $24.240196 $24.064577 $0.692158 $     1.01  $    34.77  
48581 $  6013   $  4243557466  $  9063393927     $       32038  $    47214135  $    42925969  $    35731445  $      45      $       0      $      97      $           0  $              $0.468208      $32038.000000      $3.015673 $2.741778 $2.282248 $     1.10  $     1.20  
48579 $  6013   $  2993211336  $  9119584285     $    10414767  $   379351654  $   376621990  $    10841861  $       0      $       0      $      97      $           0  $              $0.328218      $10414767.000000      $24.230045 $24.055696 $0.692494 $     1.01  $    34.74  
48581 $  7015   $  4194639106  $  9072419236     $       31643  $    45442488  $    41520620  $    34846421  $      45      $       0      $      97      $           0  $              $0.462351      $31643.000000      $2.902514 $2.652016 $2.225719 $     1.09  $     1.19  
48579 $  7015   $  2992495758  $  9119824548     $    10216771  $   379251641  $   376518154  $    10779643  $       0      $       0      $      97      $           0  $              $0.328131      $10216771.000000      $24.223658 $24.049063 $0.688520 $     1.01  $    34.93  
48579 $  7912   $  2724915920  $  8240771572     $     9320227  $   345112296  $   342809588  $     8580657  $       0      $       0      $      97      $           0  $              $0.330663      $9320227.000000      $24.623396 $24.459103 $0.612221 $     1.01  $    39.95  
48581 $  7912   $  3370722028  $  7133871482     $      117167  $    38057732  $    34502245  $    28517460  $      39      $       0      $      97      $           0  $              $0.472495      $117167.000000      $2.715379 $2.461699 $2.034691 $     1.10  $     1.21  
48579 $  8122   $   697371495  $  1991076503     $     2395847  $    87912913  $    87663855  $       15170  $       0      $       0      $      97      $           0  $              $0.350248      $2395847.000000      $26.792507 $26.716604 $0.004623 $     1.00  $  5778.76  
48579 $  8124   $      488110  $     1420544     $        1764  $       61480  $       61354  $          11  $       0      $       0      $      97      $           0  $              $0.343608      $1764.000000      $1.967360 $1.963328 $0.000352 $     1.00  $  5577.64  
48579 $  9127   $  3037286891  $  9041480518     $    10192542  $   377110662  $   374535281  $    10174717  $      44      $       0      $      97      $           0  $              $0.335928      $10192542.000000      $24.062893 $23.898563 $0.649234 $     1.01  $    36.81  
48599 $  1003   $  3660826632  $  7909253991     $       83824  $    40291278  $    36700942  $    30699818  $       0      $       0      $      97      $           0  $              $0.462854      $83824.000000      $2.570929 $2.341835 $1.958912 $     1.10  $     1.20  
48599 $  2006   $  4200359150  $  8951033021     $       34807  $    46698835  $    42417505  $    35268523  $      45      $       0      $      97      $           0  $              $0.469260      $34807.000000      $2.979786 $2.706600 $2.250434 $     1.10  $     1.20  
48579 $ 10130   $  2954784721  $  8890556387     $    10126760  $   374341060  $   371785394  $    10668097  $       0      $       0      $      97      $           0  $              $0.332351      $10126760.000000      $23.886169 $23.723097 $0.680716 $     1.01  $    34.85  
48599 $  3009   $  4238987163  $  9065241852     $       31528  $    46828613  $    42685235  $    35592919  $      45      $       0      $      97      $           0  $              $0.467609      $31528.000000      $2.988067 $2.723684 $2.271133 $     1.10  $     1.20  
48579 $ 11133   $  3005947305  $  9141127044     $    10532156  $   380862020  $   378240339  $    10855402  $       0      $       0      $      97      $           0  $              $0.328838      $10532156.000000      $24.302261 $24.134977 $0.692668 $     1.01  $    34.84  
48599 $  4011   $  4195831992  $  9074278236     $       31036  $    45454978  $    41497743  $    34881881  $      45      $       0      $      97      $           0  $              $0.462387      $31036.000000      $2.903312 $2.650554 $2.227984 $     1.10  $     1.19  
48579 $ 12135   $  3009352200  $  9144327264     $    10464961  $   378653022  $   376040537  $    10925691  $       0      $       0      $      97      $           0  $              $0.329095      $10464961.000000      $24.185423 $24.018559 $0.697848 $     1.01  $    34.42  
48599 $  5013   $  4245838128  $  9067475980     $       31751  $    47222912  $    42936987  $    35760567  $      45      $       0      $      97      $           0  $              $0.468249      $31751.000000      $3.016234 $2.742482 $2.284108 $     1.10  $     1.20  
48579 $ 13137   $  3001923976  $  9143883087     $    10510028  $   380395765  $   377729828  $    10945852  $       0      $       0      $      97      $           0  $              $0.328299      $10510028.000000      $24.296736 $24.126455 $0.699136 $     1.01  $    34.51  
48599 $  6015   $  4245552013  $  9067005299     $       32049  $    47207226  $    42911912  $    35758132  $      45      $       0      $      97      $           0  $              $0.468242      $32049.000000      $3.015232 $2.740880 $2.283952 $     1.10  $     1.20  
48579 $ 14139   $  3001681136  $  9143729119     $    10501905  $   380352769  $   377698844  $    10930776  $       0      $       0      $      97      $           0  $              $0.328278      $10501905.000000      $24.293989 $24.124477 $0.698173 $     1.01  $    34.55  
48599 $  7018   $  4196707444  $  9075112094     $       30879  $    45443702  $    41498556  $    34881939  $      45      $       0      $      97      $           0  $              $0.462441      $30879.000000      $2.899698 $2.647964 $2.225767 $     1.10  $     1.19  
48579 $ 15142   $  3000228415  $  9144889618     $    10326565  $   380137303  $   377493771  $    10906793  $       0      $       0      $      97      $           0  $              $0.328077      $10326565.000000      $24.256020 $24.087339 $0.695947 $     1.01  $    34.61  
48579 $ 16016   $  2650999557  $  8035667438     $     9100554  $   335743259  $   333533439  $     8681398  $       0      $       0      $      97      $           0  $              $0.329904      $9100554.000000      $24.585320 $24.423502 $0.635709 $     1.01  $    38.42  
48599 $  7892   $  3382085543  $  7159877845     $       66407  $    38104304  $    34527297  $    28614193  $      39      $       0      $      97      $           0  $              $0.472366      $66407.000000      $2.790246 $2.528315 $2.095318 $     1.10  $     1.21  
48579 $ 16223   $   687596279  $  1962440346     $     2354466  $    86658813  $    86435075  $       24975  $       0      $       0      $      97      $           0  $              $0.350378      $2354466.000000      $26.793064 $26.723886 $0.007722 $     1.00  $  3460.86  
48579 $ 16225   $      488486  $     1419111     $        1677  $       61517  $       61417  $          65  $       0      $       0      $      97      $           0  $              $0.344220      $1677.000000      $1.968544 $1.965344 $0.002080 $     1.00  $   944.88  
48579 $ 17228   $  3011201935  $  9072427443     $    10194079  $   381362048  $   378833591  $     9849086  $      44      $       0      $      97      $           0  $              $0.331907      $10194079.000000      $24.334169 $24.172832 $0.628456 $     1.01  $    38.46  
48604 $  1003   $  3662992592  $  7912761871     $       84571  $    40344306  $    36764342  $    30710595  $       0      $       0      $      97      $           0  $              $0.462922      $84571.000000      $2.574312 $2.345880 $1.959599 $     1.10  $     1.20  
48604 $  1061   $   188860100  $   337239530     $        5802  $     2530913  $     2165246  $     1638478  $       1      $       0      $      97      $           0  $              $0.560018      $5802.000000      $2.792732 $2.389237 $1.807976 $     1.17  $     1.32  
48579 $ 17286   $    81822018  $   229900388     $      192411  $     7351105  $     7301937  $      299287  $       0      $       0      $      97      $           0  $              $0.355902      $192411.000000      $8.111564 $8.057310 $0.330248 $     1.01  $    24.40  
