PID   $time     $Instr Ret     $Unh Clk Cycles   $l2 trans reqs $l1lines       $l2lines       $Per Core bw   $Power         $Power2        $Power3        $bandwidth     $              $IPC           $MEM INTENSIITY$L2->L1 BW (MB)$L3->L2 BW (MB)$MM->L3 BW (MB)$L2 REUSE      $L3 REUSE      
52009 $  1004   $  1465068823  $  4688889585     $    10522578  $    84232955  $    60649889  $     7312876  $      35      $       0      $      97      $           0  $              $0.312455      $10522578.000000      $5.369431 $3.866128 $0.466159 $     1.39  $     8.29  
52007 $  1004   $  4101584378  $  7473379435     $       44222  $    82497483  $    65383885  $    62341585  $       0      $       0      $      97      $           0  $              $0.548826      $44222.000000      $5.258803 $4.167897 $3.973965 $     1.26  $     1.05  
52005 $  1003   $  2405524842  $  8756811759     $    11565208  $   270087538  $   265924488  $     9195739  $      48      $       0      $      97      $           0  $              $0.274703      $11565208.000000      $17.233902 $16.968262 $0.586767 $     1.02  $    28.92  
52003 $  1003   $  5235542872  $  7569232246     $      120668  $   144551087  $   146288657  $   136425958  $       0      $       0      $      97      $           0  $              $0.691687      $120668.000000      $9.223598 $9.334471 $8.705146 $     0.99  $     1.07  
52009 $  2007   $   998585627  $  3970617452     $    14344931  $   107314521  $    82843980  $     7639018  $      37      $       0      $      97      $           0  $              $0.251494      $14344931.000000      $6.847587 $5.286157 $0.487435 $     1.30  $    10.84  
52007 $  2007   $  5287916871  $  9371821643     $       54599  $   109623386  $    86171681  $    82223503  $       0      $       0      $      97      $           0  $              $0.564236      $54599.000000      $6.994912 $5.498492 $5.246564 $     1.27  $     1.05  
52005 $  2006   $  2391752786  $  9089599374     $    11788998  $   273053632  $   268719068  $     8884058  $      49      $       0      $      97      $           0  $              $0.263131      $11788998.000000      $17.423162 $17.146582 $0.566879 $     1.02  $    30.25  
52003 $  2006   $  6167512752  $  9092115220     $      100890  $   193165851  $   193219448  $   188632554  $       0      $       0      $      97      $           0  $              $0.678336      $100890.000000      $12.325638 $12.329058 $12.036375 $     1.00  $     1.02  
52009 $  3010   $  1737891216  $  5540341698     $    12639898  $   103439530  $    76136105  $    11134538  $281474976645159      $       0      $      97      $           0  $              $0.313679      $12639898.000000      $6.600329 $4.858136 $0.710479 $     1.36  $     6.84  
52007 $  3009   $  5111260178  $  9269666595     $       53475  $   103692154  $    82329344  $    78472777  $       0      $       0      $      97      $           0  $              $0.551396      $53475.000000      $6.623052 $5.258561 $5.012233 $     1.26  $     1.05  
52005 $  3009   $  2390071805  $  9087574265     $    11772293  $   272908101  $   268516247  $     8875148  $      49      $       0      $      97      $           0  $              $0.263004      $11772293.000000      $17.413876 $17.133640 $0.566311 $     1.02  $    30.25  
52003 $  3009   $  6215738387  $  9090646765     $      101227  $   193188672  $   193242072  $   188653000  $       0      $       0      $      97      $           0  $              $0.683751      $101227.000000      $12.327094 $12.330502 $12.037679 $     1.00  $     1.02  
52009 $  4012   $  1299184990  $  4493989492     $    12790413  $   100425472  $    78859993  $    11002751  $      38      $       0      $      97      $           0  $              $0.289094      $12790413.000000      $6.414402 $5.036965 $0.702771 $     1.27  $     7.17  
52007 $  4011   $  5100922147  $  9226454603     $       52589  $   103573801  $    82190129  $    78367126  $       0      $       0      $      97      $           0  $              $0.552858      $52589.000000      $6.615492 $5.249669 $5.005485 $     1.26  $     1.05  
52005 $  4011   $  2391759278  $  9088037933     $    11792658  $   273075777  $   268705894  $     8882735  $      49      $       0      $      97      $           0  $              $0.263177      $11792658.000000      $17.441965 $17.162851 $0.567360 $     1.02  $    30.25  
52003 $  4011   $  6215795212  $  9090529286     $      101665  $   193176782  $   193230325  $   188649187  $       0      $       0      $      97      $           0  $              $0.683766      $101665.000000      $12.338637 $12.342056 $12.049449 $     1.00  $     1.02  
52009 $  5014   $  1416110635  $  4953944678     $    14065474  $   109177845  $    79872506  $     7725910  $      38      $       0      $      97      $           0  $              $0.285855      $14065474.000000      $6.973435 $5.101637 $0.493471 $     1.37  $    10.34  
52007 $  5013   $  5149240145  $  9315503229     $       52426  $   104197704  $    82825325  $    78951861  $       0      $       0      $      97      $           0  $              $0.552760      $52426.000000      $6.655343 $5.290240 $5.042834 $     1.26  $     1.05  
52005 $  5014   $  2423426336  $  9079774436     $    11632191  $   269676906  $   265331979  $     9130078  $      49      $       0      $      97      $           0  $              $0.266904      $11632191.000000      $17.207699 $16.930456 $0.582577 $     1.02  $    29.06  
52003 $  5014   $  6158080951  $  9090045117     $      105317  $   193432232  $   193485631  $   188908160  $       0      $       0      $      97      $           0  $              $0.677453      $105317.000000      $12.342634 $12.346043 $12.053961 $     1.00  $     1.02  
52009 $  6016   $  1627485041  $  5268665261     $    12571007  $   102071707  $    76696077  $    11086114  $      38      $       0      $      97      $           0  $              $0.308899      $12571007.000000      $6.519550 $4.898752 $0.708095 $     1.33  $     6.92  
52007 $  6015   $  5092684078  $  9222638521     $       53758  $   103470601  $    82094290  $    78266415  $       0      $       0      $      97      $           0  $              $0.552194      $53758.000000      $6.608901 $5.243547 $4.999053 $     1.26  $     1.05  
52005 $  6017   $  2390897022  $  9088869221     $    11763746  $   273029126  $   268624683  $     8881293  $      49      $       0      $      97      $           0  $              $0.263058      $11763746.000000      $17.421598 $17.140558 $0.566703 $     1.02  $    30.25  
52003 $  6017   $  6168231902  $  9091190723     $      103993  $   194010426  $   194064331  $   189468110  $       0      $       0      $      97      $           0  $              $0.678484      $103993.000000      $12.379529 $12.382969 $12.089690 $     1.00  $     1.02  
52007 $  6602   $  3129542547  $  5561857584     $       32151  $    64173689  $    50678554  $    48238249  $       0      $       0      $      97      $           0  $              $0.562679      $32151.000000      $6.996790 $5.525430 $5.259366 $     1.27  $     1.05  
52009 $  6603   $   252449386  $  1371422696     $     6950523  $    47814575  $    37896972  $     1781781  $      20      $       0      $      97      $           0  $              $0.184078      $6950523.000000      $5.213173 $4.131867 $0.194266 $     1.26  $    21.27  
52007 $  7022   $  2154851961  $  3794461051     $       64579  $    44680502  $    34926625  $    33357766  $       0      $       0      $      97      $           0  $              $0.567894      $64579.000000      $6.808458 $5.322152 $5.083088 $     1.28  $     1.05  
52005 $  6018   $     1149756  $     4049947     $        4924  $      131926  $      128840  $        3587  $       0      $       0      $      97      $           0  $              $0.283894      $4924.000000      $8.443264 $8.245760 $0.229568 $     1.02  $    35.92  
52003 $  6018   $     1241195  $     2305507     $          66  $       46659  $       46714  $       45583  $       0      $       0      $      97      $           0  $              $0.538361      $66.000000      $2.986176 $2.989696 $2.917312 $     1.00  $     1.02  
52005 $  6020   $     1196407  $     4139485     $        5551  $      137107  $      134025  $        4268  $       0      $       0      $      97      $           0  $              $0.289023      $5551.000000      $4.387424 $4.288800 $0.136576 $     1.02  $    31.40  
52003 $  6020   $     1390477  $     2272133     $          54  $       52264  $       52361  $       51065  $       0      $       0      $      97      $           0  $              $0.611970      $54.000000      $1.672448 $1.675552 $1.634080 $     1.00  $     1.03  
52005 $  7022   $  2613258690  $  9116624926     $    12248630  $   297569764  $   293185238  $     9547244  $      48      $       0      $      97      $           0  $              $0.286648      $12248630.000000      $19.006453 $18.726402 $0.609804 $     1.01  $    30.71  
52003 $  7022   $  6518855533  $  8550524967     $      126401  $   160589206  $   160632568  $   157068665  $       0      $       0      $      97      $           0  $              $0.762392      $126401.000000      $10.257195 $10.259965 $10.032331 $     1.00  $     1.02  
52033 $  1003   $  1467120840  $  4675563690     $    10518116  $    84209345  $    60964680  $     7312531  $      36      $       0      $      65      $           0  $              $0.313785      $10518116.000000      $5.373278 $3.890069 $0.466602 $     1.38  $     8.34  
52035 $  1003   $  4111135300  $  7482384015     $       45611  $    82656211  $    65525227  $    62468016  $       0      $       0      $      97      $           0  $              $0.549442      $45611.000000      $5.274175 $4.181071 $3.985995 $     1.26  $     1.05  
52005 $  7372   $  1195916227  $  3264212401     $     4723331  $   135198453  $   133683012  $     3199908  $      13      $       0      $      97      $           0  $              $0.366372      $4723331.000000      $24.722002 $24.444893 $0.585126 $     1.01  $    41.78  
52003 $  7372   $  1124108944  $   470026918     $      325144  $     8801506  $     8805548  $     8800397  $       0      $       0      $      97      $           0  $              $2.391584      $325144.000000      $1.609418 $1.610157 $1.609215 $     1.00  $     1.00  
52005 $  8096   $  2614123663  $  6918368599     $     9215295  $   290082894  $   287426804  $      391681  $      25      $       0      $      97      $           0  $              $0.377853      $9215295.000000      $25.642685 $25.407896 $0.034624 $     1.01  $   733.83  
52033 $  1004   $     1230232  $     3808187     $        6964  $       52594  $       38675  $        4932  $       0      $       0      $      65      $           0  $              $0.323049      $6964.000000      $3.366016 $2.475200 $0.315648 $     1.36  $     7.84  
52035 $  1004   $      944168  $     2207334     $           1  $       15877  $       15620  $       14656  $       0      $       0      $      97      $           0  $              $0.427741      $1.000000      $1.016128 $0.999680 $0.937984 $     1.02  $     1.07  
52033 $  2006   $   993103572  $  3957215139     $    14377630  $   107378336  $    82772105  $     7646852  $      37      $       0      $      65      $           0  $              $0.250960      $14377630.000000      $6.858497 $5.286841 $0.488422 $     1.30  $    10.82  
52035 $  2007   $  5289389355  $  9373700284     $       55331  $   109718482  $    86259231  $    82244743  $       0      $       0      $      97      $           0  $              $0.564280      $55331.000000      $7.000980 $5.504078 $5.247920 $     1.27  $     1.05  
52005 $  9099   $  3549335485  $  9488475087     $    12758240  $   400217472  $   396518106  $      238757  $      34      $       0      $      97      $           0  $              $0.374068      $12758240.000000      $25.537306 $25.301256 $0.015235 $     1.01  $  1660.76  
52033 $  3009   $  1737726986  $  5537593995     $    12642627  $   103428715  $    76363999  $    11128785  $      39      $       0      $      65      $           0  $              $0.313805      $12642627.000000      $6.599638 $4.872678 $0.710112 $     1.35  $     6.86  
52035 $  3010   $  5113105789  $  9269849082     $       53797  $   103781549  $    82377412  $    78502491  $       0      $       0      $      97      $           0  $              $0.551585      $53797.000000      $6.622153 $5.256385 $5.009132 $     1.26  $     1.05  
52005 $ 10102   $  2489079019  $  9109819940     $    12177416  $   283559512  $   279313561  $     9134999  $      49      $       0      $      97      $           0  $              $0.273230      $12177416.000000      $18.093529 $17.822601 $0.582891 $     1.02  $    30.58  
52043 $  1003   $  5402711037  $  7855823082     $      182475  $   150323676  $   152303802  $   141755764  $       0      $       0      $      97      $           0  $              $0.687733      $182475.000000      $9.591940 $9.718288 $9.045233 $     0.99  $     1.07  
52033 $  4011   $  1310361673  $  4509164687     $    12780754  $   100540095  $    78725312  $    11013723  $      38      $       0      $      65      $           0  $              $0.290600      $12780754.000000      $6.421723 $5.028363 $0.703471 $     1.28  $     7.15  
52035 $  4012   $  5102026563  $  9230145858     $       51609  $   103658181  $    82266217  $    78388165  $       0      $       0      $      97      $           0  $              $0.552757      $51609.000000      $6.620882 $5.254529 $5.006829 $     1.26  $     1.05  
52005 $ 11105   $  2430946038  $  9106919674     $    11720402  $   270964520  $   266666403  $     9172098  $      49      $       0      $      97      $           0  $              $0.266934      $11720402.000000      $17.289860 $17.015602 $0.585258 $     1.02  $    29.07  
52043 $  2006   $  6218103945  $  9116609918     $      200258  $   193222272  $   193282871  $   188696766  $       0      $       0      $      97      $           0  $              $0.682063      $200258.000000      $12.329238 $12.333104 $12.040472 $     1.00  $     1.02  
52033 $  5013   $  1408483606  $  4938701114     $    14091553  $   109067405  $    80282608  $     7713927  $      38      $       0      $      65      $           0  $              $0.285193      $14091553.000000      $6.966382 $5.127831 $0.492706 $     1.36  $    10.41  
52035 $  5014   $  5153801764  $  9322447618     $       51829  $   104322870  $    82921935  $    79025210  $       0      $       0      $      97      $           0  $              $0.552838      $51829.000000      $6.663337 $5.296411 $5.047518 $     1.26  $     1.05  
52005 $ 12108   $  2396789102  $  9102680550     $    11843437  $   273709686  $   269260807  $     8896973  $      49      $       0      $      97      $           0  $              $0.263306      $11843437.000000      $17.465025 $17.181149 $0.567703 $     1.02  $    30.26  
52043 $  3009   $  6220739520  $  9105794957     $      200882  $   193254710  $   193317105  $   188730122  $       0      $       0      $      97      $           0  $              $0.683163      $200882.000000      $12.331307 $12.335289 $12.042601 $     1.00  $     1.02  
52033 $  6015   $  1636738933  $  5289840544     $    12555578  $   102050179  $    76894328  $    11086219  $      39      $       0      $      65      $           0  $              $0.309412      $12555578.000000      $6.518175 $4.911414 $0.708102 $     1.33  $     6.94  
52035 $  6016   $  5100387302  $  9219240498     $       53316  $   103504360  $    82142672  $    78212642  $       0      $       0      $      97      $           0  $              $0.553233      $53316.000000      $6.611057 $5.246638 $4.995618 $     1.26  $     1.05  
52005 $ 13110   $  2397974300  $  9101596999     $    11833435  $   273814040  $   269409633  $     8905428  $      49      $       0      $      97      $           0  $              $0.263467      $11833435.000000      $17.489120 $17.207800 $0.568810 $     1.02  $    30.25  
52043 $  4012   $  6169462772  $  9104164967     $      203306  $   193898386  $   193960541  $   189367740  $       0      $       0      $      97      $           0  $              $0.677653      $203306.000000      $12.372379 $12.376346 $12.083285 $     1.00  $     1.02  
52035 $  6588   $  3014741229  $  5422126922     $       30285  $    61725713  $    48864931  $    46623312  $       0      $       0      $      97      $           0  $              $0.556007      $30285.000000      $6.906374 $5.467405 $5.216594 $     1.26  $     1.05  
52033 $  6587   $   241943471  $  1337634704     $     6917072  $    47521965  $    37482062  $     1769637  $      20      $       0      $      65      $           0  $              $0.180874      $6917072.000000      $5.317143 $4.193798 $0.198001 $     1.27  $    21.18  
52035 $  7037   $  2235609563  $  3871941224     $       69629  $    47340654  $    36689151  $    35065790  $       0      $       0      $      97      $           0  $              $0.577387      $69629.000000      $6.747889 $5.229634 $4.998242 $     1.29  $     1.05  
52005 $ 13111   $     1118773  $     4055551     $        4738  $      128690  $      125430  $        3688  $       0      $       0      $      97      $           0  $              $0.275862      $4738.000000      $8.236160 $8.027520 $0.236032 $     1.03  $    34.01  
52043 $  4013   $     1291917  $     2313359     $          98  $       48555  $       48612  $       47449  $       0      $       0      $      97      $           0  $              $0.558459      $98.000000      $3.107520 $3.111168 $3.036736 $     1.00  $     1.02  
52005 $ 13112   $     1101490  $     3891024     $        4796  $      125909  $      123440  $        3536  $       0      $       0      $      97      $           0  $              $0.283085      $4796.000000      $8.058176 $7.900160 $0.226304 $     1.02  $    34.91  
52043 $  4014   $     1380822  $     2149532     $          86  $       51901  $       51920  $       50726  $       0      $       0      $      97      $           0  $              $0.642383      $86.000000      $3.321664 $3.322880 $3.246464 $     1.00  $     1.02  
52005 $ 14114   $  2389739298  $  9066626678     $    11799256  $   272806358  $   268476184  $     8876873  $      49      $       0      $      97      $           0  $              $0.263575      $11799256.000000      $17.424759 $17.148180 $0.566986 $     1.02  $    30.24  
52043 $  5016   $  6165175206  $  9069274597     $      204802  $   193862359  $   193925676  $   189328728  $       0      $       0      $      97      $           0  $              $0.679787      $204802.000000      $12.382425 $12.386471 $12.092854 $     1.00  $     1.02  
52048 $  1003   $  1476432651  $  4720179021     $    10802370  $    85565431  $    61345137  $     7356913  $      36      $       0      $      65      $           0  $              $0.312792      $10802370.000000      $5.459808 $3.914346 $0.469434 $     1.39  $     8.34  
52050 $  1003   $  4150090208  $  7554323400     $       46539  $    82930024  $    66039392  $    62704123  $       0      $       0      $      97      $           0  $              $0.549366      $46539.000000      $5.291646 $4.213880 $4.001061 $     1.26  $     1.05  
52005 $ 15117   $  2394371124  $  9101723213     $    11819459  $   273376765  $   268994774  $     8893565  $      49      $       0      $      97      $           0  $              $0.263068      $11819459.000000      $17.443781 $17.164173 $0.567486 $     1.02  $    30.25  
52043 $  6019   $  6174306477  $  9104279497     $      204241  $   194177656  $   194242181  $   189639840  $       0      $       0      $      97      $           0  $              $0.678176      $204241.000000      $12.390200 $12.394317 $12.100648 $     1.00  $     1.02  
52048 $  2006   $   992151646  $  3924552194     $    14208759  $   105761941  $    81460068  $     7582291  $      37      $       0      $      65      $           0  $              $0.252806      $14208759.000000      $6.748519 $5.197851 $0.483815 $     1.30  $    10.74  
52050 $  2006   $  5198770130  $  9219097326     $       55910  $   108152338  $    85183621  $    81157497  $       0      $       0      $      97      $           0  $              $0.563913      $55910.000000      $6.901046 $5.435446 $5.178544 $     1.27  $     1.05  
52005 $ 16119   $  2690175654  $  9158352351     $    12262005  $   299140949  $   294854076  $     9940096  $      48      $       0      $      97      $           0  $              $0.293740      $12262005.000000      $19.106808 $18.832994 $0.634896 $     1.01  $    29.66  
52043 $  7021   $  6526287117  $  8348886212     $      215101  $   155150189  $   155196760  $   151803932  $       0      $       0      $      97      $           0  $              $0.781696      $215101.000000      $9.909793 $9.912767 $9.696060 $     1.00  $     1.02  
52048 $  3009   $  1738568323  $  5537723759     $    12806369  $   103730324  $    76107552  $    11139440  $      39      $       0      $      65      $           0  $              $0.313950      $12806369.000000      $6.618884 $4.856314 $0.710792 $     1.36  $     6.83  
52050 $  3009   $  5113215121  $  9263762341     $       55315  $   103804918  $    82589528  $    78535559  $       0      $       0      $      97      $           0  $              $0.551959      $55315.000000      $6.623644 $5.269920 $5.011242 $     1.26  $     1.05  
52005 $ 16458   $  1168730896  $  3183589234     $     4559077  $   132105265  $   130638681  $     2788370  $      12      $       0      $      97      $           0  $              $0.367111      $4559077.000000      $24.940228 $24.663349 $0.526418 $     1.01  $    46.85  
52043 $  7360   $   928451882  $   388732152     $      324271  $     7269736  $     7273307  $     7268196  $       0      $       0      $      97      $           0  $              $2.388410      $324271.000000      $1.372458 $1.373132 $1.372167 $     1.00  $     1.00  
52005 $ 17216   $  2603731160  $  6957075128     $     9349872  $   293560790  $   290873330  $       71634  $      25      $       0      $      97      $           0  $              $0.374257      $9349872.000000      $24.786137 $24.559227 $0.006048 $     1.01  $  4060.55  
52048 $  3010   $      136148  $     1241704     $        8529  $       58181  $       45195  $         374  $       0      $       0      $      65      $           0  $              $0.109646      $8529.000000      $3.723584 $2.892480 $0.023936 $     1.29  $   120.84  
52050 $  3010   $      923698  $     2172988     $           5  $       15395  $       15192  $       14394  $       0      $       0      $      97      $           0  $              $0.425082      $5.000000      $0.985280 $0.972288 $0.921216 $     1.01  $     1.06  
52048 $  4013   $  1316521842  $  4520568896     $    12839794  $   100838512  $    78551467  $    11032257  $      37      $       0      $      65      $           0  $              $0.291229      $12839794.000000      $6.434361 $5.012257 $0.703953 $     1.28  $     7.12  
52050 $  4013   $  5103521410  $  9222789419     $       54479  $   103595848  $    82442089  $    78399428  $       0      $       0      $      97      $           0  $              $0.553360      $54479.000000      $6.610303 $5.260512 $5.002555 $     1.26  $     1.05  
52005 $ 18179   $  3300994370  $  8820708088     $    11821350  $   371210968  $   367822539  $      223234  $      34      $       0      $      97      $           0  $              $0.374232      $11821350.000000      $24.670303 $24.445110 $0.014836 $     1.01  $  1647.70  
52058 $964208548   $        4806  $      104253     $       17226  $         327  $         799  $          16  $       0      $       0      $      97      $18446744069326206626  $              $0.046099      $17226.000000      $0.000016 $0.000040 $0.000001 $     0.41  $    49.94  
52048 $  5997   $           0  $           0     $       24718  $          16  $          16  $          15  $       0      $       0      $      65      $           0  $              $-nan      $24718.000000      $0.000001 $0.000001 $0.000000 $     1.00  $     1.07  
