PID   $time     $Instr Ret     $Unh Clk Cycles   $l2 trans reqs $l1lines       $l2lines       $Per Core bw   $Power         $Power2        $Power3        $bandwidth     $              $IPC           $MEM INTENSIITY$L2->L1 BW (MB)$L3->L2 BW (MB)$MM->L3 BW (MB)$L2 REUSE      $L3 REUSE      
64178 $  1003   $  3915004225  $  8812653227     $    13865407  $   228562709  $   177276746  $    39002188  $      41      $       0      $      97      $           0  $              $0.444248      $13865407.000000      $14.584260 $11.311777 $2.488674 $     1.29  $     4.55  
64176 $  1003   $  3511973375  $  7823614218     $     3393636  $    39504350  $    36107198  $    29559566  $       0      $       0      $      97      $           0  $              $0.448894      $3393636.000000      $2.520716 $2.303949 $1.886154 $     1.09  $     1.22  
64178 $  2006   $  4151329549  $  9124090932     $    16512780  $   273705225  $   212138804  $    46316170  $      43      $       0      $      97      $           0  $              $0.454986      $16512780.000000      $17.464739 $13.536274 $2.955369 $     1.29  $     4.58  
64176 $  2006   $  4145692842  $  9039958942     $     3784162  $    45225392  $    41360044  $    34424917  $       0      $       0      $      97      $           0  $              $0.458596      $3784162.000000      $2.885768 $2.639125 $2.196605 $     1.09  $     1.20  
64178 $  3008   $  4097764148  $  9123386872     $    15411829  $   256587103  $   198775061  $    44404057  $      43      $       0      $      97      $           0  $              $0.449149      $15411829.000000      $16.388798 $12.696211 $2.836187 $     1.29  $     4.48  
64176 $  3008   $  4199031296  $  9035034583     $     3979629  $    47045468  $    42850702  $    35330611  $       0      $       0      $      97      $           0  $              $0.464750      $3979629.000000      $3.004900 $2.736971 $2.256646 $     1.10  $     1.21  
64178 $  4010   $  4212197903  $  9123724966     $    15418230  $   255453774  $   196304351  $    46142148  $      43      $       0      $      97      $           0  $              $0.461675      $15418230.000000      $16.316408 $12.538402 $2.947203 $     1.30  $     4.25  
64176 $  4010   $  4161958635  $  9034585675     $     3826498  $    45365191  $    41606407  $    34448602  $       0      $       0      $      97      $           0  $              $0.460670      $3826498.000000      $2.897577 $2.657495 $2.200310 $     1.09  $     1.21  
64178 $  5012   $  4054507796  $  9125403412     $    16158333  $   267160255  $   209683059  $    44778504  $      43      $       0      $      97      $           0  $              $0.444310      $16158333.000000      $17.064129 $13.392930 $2.860104 $     1.27  $     4.68  
64176 $  5012   $  4182554960  $  9043994159     $     3899902  $    46758886  $    42414670  $    35197430  $       0      $       0      $      97      $           0  $              $0.462468      $3899902.000000      $2.986596 $2.709121 $2.248139 $     1.10  $     1.21  
64178 $  6014   $  4148761331  $  9123035572     $    16516418  $   273685129  $   212121382  $    46288323  $      43      $       0      $      97      $           0  $              $0.454757      $16516418.000000      $17.480886 $13.548671 $2.956540 $     1.29  $     4.58  
64176 $  6014   $  4198423177  $  9033685289     $     3996191  $    47039576  $    42840228  $    35326258  $       0      $       0      $      97      $           0  $              $0.464752      $3996191.000000      $3.004524 $2.736302 $2.256368 $     1.10  $     1.21  
64178 $  7016   $  4071455526  $  9124595196     $    15829660  $   263706150  $   204948381  $    44452412  $      43      $       0      $      97      $           0  $              $0.446207      $15829660.000000      $16.843506 $13.090515 $2.839276 $     1.29  $     4.61  
64176 $  7016   $  4151057023  $  9041504436     $     3792550  $    45252530  $    41386052  $    34458153  $       0      $       0      $      97      $           0  $              $0.459111      $3792550.000000      $2.890381 $2.643420 $2.200920 $     1.09  $     1.20  
64178 $  8020   $  4235969494  $  9211771662     $    15735642  $   261092674  $   201232065  $    46456388  $      42      $       0      $      97      $           0  $              $0.459843      $15735642.000000      $16.643358 $12.827542 $2.961363 $     1.30  $     4.33  
64176 $  8020   $  3815068975  $  8196629439     $     3629356  $    42743913  $    38914364  $    32023076  $       0      $       0      $      97      $           0  $              $0.465444      $3629356.000000      $2.724711 $2.480597 $2.041312 $     1.10  $     1.22  
64178 $  8110   $   377845884  $   844135491     $     1488095  $    24490940  $    20032365  $     4273667  $       2      $       0      $      97      $           0  $              $0.447613      $1488095.000000      $17.415779 $14.245236 $3.039052 $     1.22  $     4.69  
64178 $  8112   $     2189427  $     5536898     $        1222  $       18237  $       18003  $       17392  $       0      $       0      $      97      $           0  $              $0.395425      $1222.000000      $0.583584 $0.576096 $0.556544 $     1.01  $     1.04  
64196 $   654   $  2134952116  $  4642525596     $     2120528  $    23747034  $    21619298  $    17936363  $       0      $       0      $      97      $           0  $              $0.459869      $2120528.000000      $2.323869 $2.115650 $1.755241 $     1.10  $     1.21  
64178 $  8766   $  2709560291  $  5920049106     $    10936812  $   181882832  $   140845851  $    30298494  $      27      $       0      $      97      $           0  $              $0.457692      $10936812.000000      $17.798931 $13.783081 $2.964990 $     1.29  $     4.65  
