PID   $time     $Instr Ret     $Unh Clk Cycles   $l2 trans reqs $l1lines       $l2lines       $Per Core bw   $Power         $Power2        $Power3        $bandwidth     $              $IPC           $MEM INTENSIITY$L2->L1 BW (MB)$L3->L2 BW (MB)$MM->L3 BW (MB)$L2 REUSE      $L3 REUSE      
59476 $  1003   $  2385300038  $  8763259017     $     8423596  $   269837246  $   263961230  $     8848959  $      47      $       0      $      97      $           0  $              $0.272193      $8423596.000000      $17.217930 $16.842989 $0.564639 $     1.02  $    29.83  
59474 $  1003   $  4908952078  $  8817104066     $    26596496  $   215599903  $   144220762  $   139804384  $       0      $       0      $      97      $           0  $              $0.556753      $26596496.000000      $13.757122 $9.202521 $8.920718 $     1.49  $     1.03  
59476 $  2005   $  2422218604  $  9109497205     $     8803017  $   278599021  $   272375800  $     8802559  $      48      $       0      $      97      $           0  $              $0.265900      $8803017.000000      $17.794746 $17.397257 $0.562239 $     1.02  $    30.94  
59474 $  2006   $  5098380026  $  9108836311     $    28589022  $   231131789  $   155093332  $   150461362  $       0      $       0      $      97      $           0  $              $0.559718      $28589022.000000      $14.748190 $9.896284 $9.600725 $     1.49  $     1.03  
59476 $  3008   $  2422090092  $  9109002238     $     8800802  $   278521618  $   272317285  $     8800317  $      48      $       0      $      97      $           0  $              $0.265901      $8800802.000000      $17.772068 $17.376177 $0.561536 $     1.02  $    30.94  
59474 $  3009   $  5111174020  $  9108535002     $    28516196  $   231777048  $   155084968  $   150443325  $       0      $       0      $      97      $           0  $              $0.561141      $28516196.000000      $14.789364 $9.895750 $9.599574 $     1.49  $     1.03  
59476 $  4011   $  2393173178  $  9107140775     $     8730495  $   275487748  $   269170206  $     8729993  $      48      $       0      $      97      $           0  $              $0.262780      $8730495.000000      $17.578480 $17.175367 $0.557048 $     1.02  $    30.83  
59474 $  4012   $  5155451630  $  9107397007     $    29560965  $   238567852  $   159677120  $   154912596  $       0      $       0      $      97      $           0  $              $0.566073      $29560964.000000      $15.222674 $10.188769 $9.884751 $     1.49  $     1.03  
59476 $  5013   $  2444118440  $  9100026468     $     8764096  $   273966609  $   267784335  $     9015417  $      48      $       0      $      97      $           0  $              $0.268584      $8764096.000000      $17.498867 $17.103989 $0.575835 $     1.02  $    29.70  
59474 $  5015   $  5121567571  $  9108537498     $    28792256  $   233807548  $   156335920  $   151662410  $       0      $       0      $      97      $           0  $              $0.562282      $28792256.000000      $14.918926 $9.975573 $9.677362 $     1.50  $     1.03  
59476 $  6016   $  2420532727  $  9107745611     $     8797472  $   278391021  $   272184385  $     8797027  $      48      $       0      $      97      $           0  $              $0.265766      $8797472.000000      $17.763733 $17.367697 $0.561326 $     1.02  $    30.94  
59474 $  6018   $  5098174435  $  9107231365     $    28575192  $   231107139  $   155061416  $   150429154  $       0      $       0      $      97      $           0  $              $0.559794      $28575192.000000      $14.746617 $9.894247 $9.598670 $     1.49  $     1.03  
59476 $  7019   $  2419022456  $  9095317663     $     8785291  $   278174544  $   271964309  $     8784869  $      48      $       0      $      97      $           0  $              $0.265963      $8785291.000000      $17.749920 $17.353655 $0.560550 $     1.02  $    30.96  
59474 $  7021   $  5107561646  $  9095151255     $    28442264  $   231585503  $   154869008  $   150225301  $       0      $       0      $      97      $           0  $              $0.561570      $28442264.000000      $14.777141 $9.881970 $9.585662 $     1.50  $     1.03  
59476 $  8022   $  2422016525  $  9108902033     $     8798025  $   278525841  $   272339722  $     8797517  $      48      $       0      $      97      $           0  $              $0.265896      $8798025.000000      $17.772337 $17.377609 $0.561357 $     1.02  $    30.96  
59474 $  8024   $  5102905603  $  9108315399     $    28566969  $   231346131  $   155100200  $   150462073  $       0      $       0      $      97      $           0  $              $0.560247      $28566968.000000      $14.761867 $9.896722 $9.600771 $     1.49  $     1.03  
59476 $  9025   $  2442371577  $  9101973494     $     8749226  $   273305202  $   267136098  $     9009252  $      48      $       0      $      97      $           0  $              $0.268334      $8749226.000000      $17.439217 $17.045574 $0.574868 $     1.02  $    29.65  
59474 $  9027   $  5117291715  $  9109335074     $    29011401  $   234270750  $   156990635  $   152309351  $       0      $       0      $      97      $           0  $              $0.561763      $29011400.000000      $14.948483 $10.017349 $9.718642 $     1.49  $     1.03  
59476 $ 10028   $  2396672331  $  9107131940     $     8736271  $   275908783  $   269563503  $     8735943  $      48      $       0      $      97      $           0  $              $0.263164      $8736271.000000      $17.605345 $17.200462 $0.557428 $     1.02  $    30.86  
59474 $ 10030   $  5153702919  $  9107612985     $    29352452  $   237839457  $   158966518  $   154205069  $       0      $       0      $      97      $           0  $              $0.565868      $29352452.000000      $15.176197 $10.143427 $9.839605 $     1.50  $     1.03  
59476 $ 11031   $  2421680252  $  9109183257     $     8800238  $   278488435  $   272270655  $     8799828  $      48      $       0      $      97      $           0  $              $0.265850      $8800238.000000      $17.769951 $17.373203 $0.561504 $     1.02  $    30.94  
59474 $ 11033   $  5113835241  $  9108253406     $    28470288  $   231886616  $   155069726  $   150414801  $       0      $       0      $      97      $           0  $              $0.561451      $28470288.000000      $14.796355 $9.894778 $9.597754 $     1.50  $     1.03  
59476 $ 12034   $  2421625032  $  9109680595     $     8796001  $   278475789  $   272294025  $     8795516  $      48      $       0      $      97      $           0  $              $0.265830      $8796001.000000      $17.769142 $17.374693 $0.561229 $     1.02  $    30.96  
59474 $ 12036   $  5100988475  $  9109469137     $    28561400  $   231252961  $   155089387  $   150444837  $       0      $       0      $      97      $           0  $              $0.559965      $28561400.000000      $14.755921 $9.896033 $9.599670 $     1.49  $     1.03  
59476 $ 13037   $  2456072765  $  9101704036     $     8776812  $   274785338  $   268636946  $     9036932  $      48      $       0      $      97      $           0  $              $0.269848      $8776812.000000      $17.533661 $17.141342 $0.576634 $     1.02  $    29.73  
59474 $ 13039   $  5098650518  $  9110053513     $    28512124  $   231134201  $   154796555  $   150171676  $       0      $       0      $      97      $           0  $              $0.559673      $28512124.000000      $14.748344 $9.877348 $9.582241 $     1.49  $     1.03  
59476 $ 13303   $   729702600  $  2469590935     $     1587063  $    83185179  $    81874281  $     1587030  $      11      $       0      $      97      $           0  $              $0.295475      $1587063.000000      $20.014479 $19.699076 $0.381842 $     1.02  $    51.59  
59474 $ 13305   $   927121254  $  1587162540     $     5750224  $    45587055  $    30414096  $    29515386  $       0      $       0      $      97      $           0  $              $0.584138      $5750224.000000      $10.968314 $7.317677 $7.101446 $     1.50  $     1.03  
59476 $ 14128   $  2837335165  $  7571371506     $      119032  $   318198569  $   316973088  $      119017  $      28      $       0      $      97      $           0  $              $0.374745      $119032.000000      $24.684494 $24.589428 $0.009233 $     1.00  $  2663.26  
59476 $ 14130   $     1858881  $     4984050     $          54  $      208371  $      207655  $          46  $       0      $       0      $      97      $           0  $              $0.372966      $54.000000      $6.667872 $6.644960 $0.001472 $     1.00  $  4514.24  
59476 $ 15133   $  2490683581  $  9110755256     $     8510692  $   285796764  $   279895806  $     8510209  $      48      $       0      $      97      $           0  $              $0.273378      $8510692.000000      $18.236284 $17.859753 $0.543024 $     1.02  $    32.89  
59499 $  1003   $  4937937676  $  8889844159     $    26838003  $   217056519  $   144657250  $   140822623  $       0      $       0      $      97      $           0  $              $0.555458      $26838004.000000      $13.850066 $9.230372 $8.985691 $     1.50  $     1.03  
59476 $ 16136   $  2458376895  $  9098744062     $     8779782  $   274918951  $   268913138  $     9039141  $      48      $       0      $      97      $           0  $              $0.270189      $8779782.000000      $17.542187 $17.158964 $0.576775 $     1.02  $    29.75  
59499 $  2006   $  5091730731  $  9105425152     $    28424409  $   230746131  $   153814162  $   149817426  $       0      $       0      $      97      $           0  $              $0.559197      $28424408.000000      $14.723581 $9.814662 $9.559636 $     1.50  $     1.03  
59476 $ 17139   $  2423094833  $  9107338213     $     8796319  $   278666717  $   272462197  $     8795958  $      48      $       0      $      97      $           0  $              $0.266060      $8796319.000000      $17.781326 $17.385426 $0.561258 $     1.02  $    30.98  
59499 $  3009   $  5097973019  $  9106111896     $    28510087  $   231062418  $   154147435  $   150135911  $       0      $       0      $      97      $           0  $              $0.559841      $28510088.000000      $14.743763 $9.835928 $9.579958 $     1.50  $     1.03  
59476 $ 18141   $  2393445517  $  9104840769     $     8731503  $   275488125  $   269226321  $     8731023  $      48      $       0      $      97      $           0  $              $0.262876      $8731503.000000      $17.596048 $17.196093 $0.557670 $     1.02  $    30.84  
59499 $  4011   $  5149503717  $  9103262759     $    29536614  $   238388725  $   158809340  $   154693915  $       0      $       0      $      97      $           0  $              $0.565677      $29536614.000000      $15.226425 $10.143511 $9.880650 $     1.50  $     1.03  
59476 $ 19143   $  2415572260  $  9107298728     $     8777585  $   277801768  $   271615733  $     8777165  $      48      $       0      $      97      $           0  $              $0.265235      $8777585.000000      $17.743826 $17.348711 $0.560617 $     1.02  $    30.95  
59499 $  5013   $  5119604338  $  9106317128     $    28781260  $   233518450  $   155523441  $   151476066  $       0      $       0      $      97      $           0  $              $0.562204      $28781260.000000      $14.915350 $9.933633 $9.675117 $     1.50  $     1.03  
59499 $  5615   $  3021110142  $  5460713245     $    16556264  $   134007884  $    89780305  $    87436648  $       0      $       0      $      97      $           0  $              $0.553245      $16556264.000000      $14.246686 $9.544750 $9.295590 $     1.49  $     1.03  
59476 $ 19745   $  1463918313  $  5438930220     $     5276948  $   167591999  $   163997217  $     5275752  $      29      $       0      $      97      $           0  $              $0.269156      $5276948.000000      $17.817089 $17.434919 $0.560877 $     1.02  $    31.09  
