PID   $time     $Instr Ret     $Unh Clk Cycles   $l2 trans reqs $l1lines       $l2lines       $Per Core bw   $Power         $Power2        $Power3        $bandwidth     $              $IPC           $MEM INTENSIITY$L2->L1 BW (MB)$L3->L2 BW (MB)$MM->L3 BW (MB)$L2 REUSE      $L3 REUSE      
60851 $  1003   $  2428536780  $  8774737522     $     8639821  $   265274923  $   261357613  $     9054543  $      48      $       0      $      97      $           0  $              $0.276765      $8639821.000000      $16.926815 $16.676857 $0.577757 $     1.01  $    28.86  
60849 $  1003   $  5305284731  $  7761695312     $    11134078  $   146988766  $   148965251  $   138764974  $       0      $       0      $      97      $           0  $              $0.683521      $11134078.000000      $9.379144 $9.505260 $8.854395 $     0.99  $     1.07  
60851 $  2006   $  2381054102  $  9051383699     $     8838019  $   271811107  $   267528973  $     8838114  $      49      $       0      $      97      $           0  $              $0.263060      $8838019.000000      $17.343880 $17.070642 $0.563947 $     1.02  $    30.27  
60849 $  2006   $  6130851889  $  9094946036     $    14855951  $   191515457  $   191572471  $   187033310  $       0      $       0      $      97      $           0  $              $0.674094      $14855951.000000      $12.220328 $12.223966 $11.934329 $     1.00  $     1.02  
60851 $  3008   $  2380346066  $  9049694679     $     8836491  $   271780394  $   267455913  $     8836465  $      49      $       0      $      97      $           0  $              $0.263031      $8836491.000000      $17.359226 $17.083014 $0.564405 $     1.02  $    30.27  
60849 $  3009   $  6150007516  $  9092722988     $    14839913  $   191537453  $   191594102  $   187055021  $       0      $       0      $      97      $           0  $              $0.676366      $14839913.000000      $12.221732 $12.225347 $11.935715 $     1.00  $     1.02  
60851 $  4010   $  2381562285  $  9051165319     $     8842686  $   271927569  $   267595198  $     8842157  $      49      $       0      $      97      $           0  $              $0.263122      $8842686.000000      $17.368628 $17.091909 $0.564768 $     1.02  $    30.26  
60849 $  4011   $  6152994870  $  9092882613     $    14842254  $   191603101  $   191658918  $   187122788  $       0      $       0      $      97      $           0  $              $0.676683      $14842254.000000      $12.238122 $12.241687 $11.951954 $     1.00  $     1.02  
60851 $  5012   $  2201856212  $  9088964754     $     9088290  $   279648893  $   275479594  $     9088112  $      49      $       0      $      97      $           0  $              $0.242256      $9088290.000000      $17.861805 $17.595503 $0.580478 $     1.02  $    30.31  
60849 $  5013   $  6138548969  $  9094655983     $    14856865  $   191570916  $   191628093  $   187064907  $       0      $       0      $      97      $           0  $              $0.674962      $14856865.000000      $12.236066 $12.239718 $11.948257 $     1.00  $     1.02  
60851 $  6014   $  2184789041  $  9090610960     $     9112518  $   280397244  $   276197944  $     9112527  $      49      $       0      $      97      $           0  $              $0.240335      $9112518.000000      $17.909605 $17.641386 $0.582038 $     1.02  $    30.31  
60849 $  6015   $  6112750148  $  9093083327     $    14903114  $   191918109  $   191974442  $   187407667  $       0      $       0      $      97      $           0  $              $0.672242      $14903114.000000      $12.258243 $12.261841 $11.970150 $     1.00  $     1.02  
60851 $  7017   $  2360985856  $  9111801450     $     9707284  $   301975883  $   298155758  $     9707214  $      48      $       0      $      97      $           0  $              $0.259113      $9707284.000000      $19.268650 $19.024893 $0.619403 $     1.01  $    30.71  
60849 $  7018   $  6470153856  $  8828238627     $    12616453  $   165547616  $   165594691  $   161862491  $       0      $       0      $      97      $           0  $              $0.732893      $12616453.000000      $10.563357 $10.566360 $10.328215 $     1.00  $     1.02  
60851 $  7429   $  1319720863  $  3850028877     $     3817498  $   166903554  $   165964498  $     3817449  $      15      $       0      $      97      $           0  $              $0.342782      $3817498.000000      $25.926765 $25.780893 $0.593002 $     1.01  $    43.48  
60849 $  7430   $  1351429468  $   564383263     $      508613  $    10581924  $    10585614  $    10579347  $       0      $       0      $      97      $           0  $              $2.394525      $508613.000000      $1.643794 $1.644367 $1.643394 $     1.00  $     1.00  
60851 $  8105   $  2383637769  $  6469077266     $      386853  $   275331232  $   273322914  $      666676  $      23      $       0      $      97      $           0  $              $0.368466      $386853.000000      $26.066862 $25.876726 $0.063117 $     1.01  $   409.98  
60851 $  8107   $     1844362  $     4947970     $          54  $      207875  $      206015  $          46  $       0      $       0      $      97      $           0  $              $0.372751      $54.000000      $6.652000 $6.592480 $0.001472 $     1.01  $  4478.59  
60851 $  9109   $  2488585171  $  9088497423     $     9106300  $   283359290  $   279285701  $     9106301  $      49      $       0      $      97      $           0  $              $0.273817      $9106300.000000      $18.098797 $17.838608 $0.581640 $     1.01  $    30.67  
60869 $  1002   $  5335835565  $  7817591548     $    11216901  $   148441609  $   150224530  $   139630157  $       0      $       0      $      97      $           0  $              $0.682542      $11216901.000000      $9.481300 $9.595180 $8.918493 $     0.99  $     1.08  
60851 $ 10111   $  2396925027  $  9100815978     $     8903666  $   273477203  $   269312845  $     8903692  $      49      $       0      $      97      $           0  $              $0.263375      $8903666.000000      $17.467607 $17.201618 $0.568699 $     1.02  $    30.25  
60869 $  2004   $  6154515964  $  9099970933     $    14882939  $   191807586  $   191863714  $   187299621  $       0      $       0      $      97      $           0  $              $0.676323      $14882939.000000      $12.251183 $12.254768 $11.963249 $     1.00  $     1.02  
60851 $ 11113   $  2396792421  $  9100274452     $     8901740  $   273592651  $   269297646  $     8901297  $      49      $       0      $      97      $           0  $              $0.263376      $8901740.000000      $17.474979 $17.200647 $0.568546 $     1.02  $    30.25  
60869 $  3006   $  6165712949  $  9098991010     $    14882480  $   191837011  $   191891996  $   187329436  $       0      $       0      $      97      $           0  $              $0.677626      $14882480.000000      $12.253062 $12.256575 $11.965154 $     1.00  $     1.02  
60851 $ 12115   $  2254911417  $  9100810323     $     9055229  $   278452135  $   274282143  $     9054881  $      49      $       0      $      97      $           0  $              $0.247770      $9055229.000000      $17.785366 $17.519020 $0.578356 $     1.02  $    30.29  
60869 $  4008   $  6158508178  $  9099862864     $    14864391  $   191651998  $   191705901  $   187135095  $       0      $       0      $      97      $           0  $              $0.676769      $14864391.000000      $12.241245 $12.244688 $11.952740 $     1.00  $     1.02  
60851 $ 13118   $  2188281235  $  9100641790     $     9127172  $   280830078  $   276703327  $     9127223  $      49      $       0      $      97      $           0  $              $0.240454      $9127172.000000      $17.919367 $17.656044 $0.582395 $     1.01  $    30.32  
60869 $  5011   $  6129759432  $  9099378714     $    14905183  $   191867199  $   191922760  $   187341414  $       0      $       0      $      97      $           0  $              $0.673646      $14905183.000000      $12.242772 $12.246317 $11.953988 $     1.00  $     1.02  
60851 $ 14121   $  2188593379  $  9100756672     $     9129114  $   280886065  $   276677296  $     9129133  $      49      $       0      $      97      $           0  $              $0.240485      $9129114.000000      $17.922941 $17.654385 $0.582517 $     1.02  $    30.31  
60869 $  6014   $  6119522399  $  9100089986     $    14940091  $   192139715  $   192194228  $   187607562  $       0      $       0      $      97      $           0  $              $0.672468      $14940091.000000      $12.260161 $12.263639 $11.970971 $     1.00  $     1.02  
60851 $ 15124   $  2369571976  $  9107176224     $     9738519  $   303019715  $   299200656  $     9737749  $      48      $       0      $      97      $           0  $              $0.260187      $9738519.000000      $19.335257 $19.091566 $0.621352 $     1.01  $    30.73  
60869 $  7017   $  6466320559  $  8760251603     $    12501670  $   163894064  $   163940398  $   160239485  $       0      $       0      $      97      $           0  $              $0.738143      $12501670.000000      $10.457847 $10.460803 $10.224653 $     1.00  $     1.02  
60869 $  7140   $   662302469  $   276976332     $      249032  $     5185424  $     5187499  $     5184663  $       0      $       0      $      97      $           0  $              $2.391188      $249032.000000      $2.698107 $2.699187 $2.697711 $     1.00  $     1.00  
60851 $ 15247   $   368811392  $  1082495384     $     1423341  $    45848231  $    45592494  $     1422520  $       4      $       0      $      97      $           0  $              $0.340705      $1423341.000000      $23.855991 $23.722925 $0.740173 $     1.01  $    32.05  
