PID   $time     $Instr Ret     $Unh Clk Cycles   $l2 trans reqs $l1lines       $l2lines       $Per Core bw   $Power         $Power2        $Power3        $bandwidth     $              $IPC           $MEM INTENSIITY$L2->L1 BW (MB)$L3->L2 BW (MB)$MM->L3 BW (MB)$L2 REUSE      $L3 REUSE      
61251 $  1002   $  2379796747  $  8702065040     $     8698426  $   266673757  $   262947426  $     9113140  $      48      $       0      $      97      $           0  $              $0.273475      $8698426.000000      $17.033054 $16.795046 $0.582077 $     1.01  $    28.85  
61249 $  1002   $  5304425443  $  7763622743     $    11099052  $   147186672  $   149210859  $   138714892  $       0      $       0      $      97      $           0  $              $0.683241      $11099052.000000      $9.401145 $9.530435 $8.860033 $     0.99  $     1.08  
61251 $  2004   $  2389058247  $  9113631708     $     8875178  $   272416327  $   268384388  $     8875183  $      49      $       0      $      97      $           0  $              $0.262141      $8875178.000000      $17.399845 $17.142317 $0.566878 $     1.02  $    30.24  
61249 $  2004   $  6148656611  $  9116385814     $    14860369  $   191966764  $   192025967  $   187484583  $       0      $       0      $      97      $           0  $              $0.674462      $14860369.000000      $12.261351 $12.265132 $11.975062 $     1.00  $     1.02  
61251 $  3006   $  2387876151  $  9114054299     $     8873031  $   272251964  $   268270340  $     8873043  $      49      $       0      $      97      $           0  $              $0.261999      $8873031.000000      $17.389347 $17.135031 $0.566741 $     1.01  $    30.23  
61249 $  3006   $  6170100549  $  9116642932     $    14843794  $   191971209  $   192029449  $   187492654  $       0      $       0      $      97      $           0  $              $0.676795      $14843794.000000      $12.261635 $12.265354 $11.975579 $     1.00  $     1.02  
61251 $  4008   $  2386007766  $  9105550024     $     8861553  $   272113806  $   268038670  $     8861341  $      49      $       0      $      97      $           0  $              $0.262039      $8861553.000000      $17.380522 $17.120235 $0.565994 $     1.02  $    30.25  
61249 $  4008   $  6164237246  $  9107825363     $    14833334  $   191872769  $   191930437  $   187395808  $       0      $       0      $      97      $           0  $              $0.676807      $14833334.000000      $12.255346 $12.259029 $11.969393 $     1.00  $     1.02  
61251 $  5010   $  2417235643  $  9098026852     $     8850950  $   268522226  $   264549296  $     9109526  $      49      $       0      $      97      $           0  $              $0.265688      $8850950.000000      $17.151121 $16.897360 $0.581846 $     1.02  $    29.04  
61249 $  5010   $  6131622003  $  9108169252     $    14854648  $   191771911  $   191829915  $   187306965  $       0      $       0      $      97      $           0  $              $0.673200      $14854648.000000      $12.248904 $12.252609 $11.963718 $     1.00  $     1.02  
61251 $  6013   $  2386437317  $  9114944902     $     8869947  $   272117324  $   268101026  $     8869951  $      49      $       0      $      97      $           0  $              $0.261816      $8869947.000000      $17.363419 $17.107143 $0.565979 $     1.01  $    30.23  
61249 $  6013   $  6136988934  $  9117486804     $    14921900  $   192843044  $   192901943  $   188349543  $       0      $       0      $      97      $           0  $              $0.673101      $14921900.000000      $12.305039 $12.308798 $12.018315 $     1.00  $     1.02  
61251 $  7016   $  2584776094  $  9140748445     $     9464254  $   294073538  $   290038515  $     9464231  $      49      $       0      $      97      $           0  $              $0.282775      $9464254.000000      $18.764414 $18.506945 $0.603899 $     1.01  $    30.65  
61249 $  7016   $  6488928329  $  8763467708     $    12448042  $   164011321  $   164060171  $   160406784  $       0      $       0      $      97      $           0  $              $0.740452      $12448042.000000      $10.465329 $10.468446 $10.235328 $     1.00  $     1.02  
61251 $  7396   $  1305228688  $  3551976577     $     3519088  $   147564142  $   145905021  $     3519090  $      14      $       0      $      97      $           0  $              $0.367465      $3519088.000000      $24.852909 $24.573477 $0.592689 $     1.01  $    41.46  
61249 $  7397   $  1278633088  $   534244868     $      480737  $    10011016  $    10015475  $    10009492  $       0      $       0      $      97      $           0  $              $2.393347      $480737.000000      $1.681641 $1.682389 $1.681384 $     1.00  $     1.00  
61251 $  8085   $  2492082550  $  6592756153     $      203985  $   276317082  $   273772023  $      394719  $      23      $       0      $      97      $           0  $              $0.378003      $203985.000000      $25.666609 $25.430202 $0.036665 $     1.01  $   693.59  
61251 $  8086   $     2026777  $     5467946     $          50  $      228914  $      226415  $          50  $       0      $       0      $      97      $           0  $              $0.370665      $50.000000      $14.650496 $14.490560 $0.003200 $     1.01  $  4528.30  
61251 $  9088   $  2486251230  $  9103424039     $     9098490  $   282844226  $   278981905  $     9098475  $      49      $       0      $      97      $           0  $              $0.273112      $9098490.000000      $18.065899 $17.819204 $0.581140 $     1.01  $    30.66  
61270 $  1002   $  5330876816  $  7814342505     $    11197972  $   148170904  $   150138676  $   139652517  $       0      $       0      $      97      $           0  $              $0.682191      $11197972.000000      $9.464010 $9.589696 $8.919921 $     0.99  $     1.08  
61251 $ 10090   $  2389786140  $  9104120372     $     8875525  $   272453774  $   268469159  $     8875503  $      50      $       0      $      97      $           0  $              $0.262495      $8875525.000000      $17.402237 $17.147730 $0.566898 $     1.01  $    30.25  
61270 $  2004   $  6148824259  $  9102955621     $    14864739  $   191662647  $   191723574  $   187187521  $       0      $       0      $      97      $           0  $              $0.675476      $14864739.000000      $12.241925 $12.245817 $11.956089 $     1.00  $     1.02  
61251 $ 11092   $  2391666077  $  9104322549     $     8884591  $   272676152  $   268677022  $     8884565  $      50      $       0      $      97      $           0  $              $0.262696      $8884591.000000      $17.416441 $17.161007 $0.567477 $     1.01  $    30.24  
61270 $  3006   $  6161727467  $  9103489506     $    14861844  $   191794855  $   191854947  $   187318316  $       0      $       0      $      97      $           0  $              $0.676853      $14861844.000000      $12.250369 $12.254208 $11.964443 $     1.00  $     1.02  
61251 $ 12095   $  2422930196  $  9096857173     $     8871618  $   269262369  $   265255374  $     9128862  $      50      $       0      $      97      $           0  $              $0.266348      $8871618.000000      $17.181248 $16.925568 $0.582500 $     1.02  $    29.06  
61270 $  4009   $  6151758578  $  9102971566     $    14841264  $   191512635  $   191572976  $   187047655  $       0      $       0      $      97      $           0  $              $0.675797      $14841264.000000      $12.220148 $12.223998 $11.935244 $     1.00  $     1.02  
61251 $ 13098   $  2395255309  $  9111535221     $     8900699  $   273109958  $   269092738  $     8900900  $      50      $       0      $      97      $           0  $              $0.262882      $8900699.000000      $17.426756 $17.170424 $0.567954 $     1.01  $    30.23  
61270 $  5011   $  6161398552  $  9110671613     $    14975163  $   193000425  $   193061773  $   188502078  $       0      $       0      $      97      $           0  $              $0.676284      $14975163.000000      $12.327373 $12.331291 $12.040053 $     1.00  $     1.02  
61251 $ 14100   $  2390748221  $  9104133179     $     8882113  $   272576009  $   268584392  $     8882162  $      50      $       0      $      97      $           0  $              $0.262600      $8882113.000000      $17.410044 $17.155090 $0.567324 $     1.01  $    30.24  
61270 $  6013   $  6127182527  $  9104728426     $    14929408  $   192395521  $   192455701  $   187907657  $       0      $       0      $      97      $           0  $              $0.672967      $14929408.000000      $12.288735 $12.292580 $12.002087 $     1.00  $     1.02  
61251 $ 15102   $  2584406582  $  9113005032     $     9460780  $   294013417  $   289981457  $     9460848  $      49      $       0      $      97      $           0  $              $0.283595      $9460780.000000      $18.779299 $18.521770 $0.604286 $     1.01  $    30.65  
61270 $  7015   $  6472887075  $  8714591141     $    12397506  $   163045566  $   163095754  $   159463369  $       0      $       0      $      97      $           0  $              $0.742764      $12397506.000000      $10.414088 $10.417295 $10.185286 $     1.00  $     1.02  
61251 $ 15469   $  1275729520  $  3406737183     $     3635609  $   139721159  $   138075490  $     3836649  $      14      $       0      $      97      $           0  $              $0.374473      $3635609.000000      $24.365541 $24.078560 $0.669061 $     1.01  $    35.99  
61270 $  7382   $  1268032583  $   530800356     $      477587  $     9928396  $     9932946  $     9926164  $       0      $       0      $      97      $           0  $              $2.388907      $477587.000000      $1.731382 $1.732176 $1.730993 $     1.00  $     1.00  
61251 $ 16159   $  2474070799  $  6610771436     $       65862  $   278912215  $   276394148  $       65865  $      23      $       0      $      97      $           0  $              $0.374248      $65862.000000      $25.870119 $25.636559 $0.006109 $     1.01  $  4196.37  
61251 $ 16160   $     1995034  $     5365489     $          67  $      224776  $      222854  $          67  $       0      $       0      $      97      $           0  $              $0.371827      $67.000000      $14.385664 $14.262656 $0.004288 $     1.01  $  3326.18  
61251 $ 17162   $  2486924871  $  9117624636     $     9104310  $   282950969  $   279061510  $     9104308  $      49      $       0      $      97      $           0  $              $0.272760      $9104310.000000      $18.072718 $17.824287 $0.581513 $     1.01  $    30.65  
61311 $  1002   $  5353433372  $  7838929694     $    11279036  $   148746808  $   150542948  $   140401900  $       0      $       0      $      97      $           0  $              $0.682929      $11279036.000000      $9.500794 $9.615518 $8.967786 $     0.99  $     1.07  
61251 $ 18165   $  2390314745  $  9115981110     $     8882321  $   272537921  $   268549063  $     8882332  $      49      $       0      $      97      $           0  $              $0.262211      $8882321.000000      $17.390257 $17.135733 $0.566769 $     1.01  $    30.23  
61311 $  2005   $  6173205552  $  9115797917     $    14896054  $   192088447  $   192151840  $   187597213  $       0      $       0      $      97      $           0  $              $0.677199      $14896054.000000      $12.256890 $12.260935 $11.970311 $     1.00  $     1.02  
61311 $  2930   $  5689541618  $  8406136612     $    13862917  $   178483520  $   178541019  $   174318667  $       0      $       0      $      97      $           0  $              $0.676832      $13862917.000000      $12.349130 $12.353108 $12.060967 $     1.00  $     1.02  
61251 $ 19090   $  2199778924  $  8379668430     $     8143547  $   249974079  $   246207314  $     8142251  $      45      $       0      $      97      $           0  $              $0.262514      $8143547.000000      $17.295504 $17.034883 $0.563356 $     1.02  $    30.24  
