PID   $time     $Instr Ret     $Unh Clk Cycles   $l2 trans reqs $l1lines       $l2lines       $Per Core bw   $Power         $Power2        $Power3        $bandwidth     $              $IPC           $MEM INTENSIITY$L2->L1 BW (MB)$L3->L2 BW (MB)$MM->L3 BW (MB)$L2 REUSE      $L3 REUSE      
50847 $    88   $   972200831  $   557130761     $       93396  $    21283725  $    28533190  $      526888  $       0      $       0      $      97      $           0  $              $1.745014      $93396.000000      $15.479072 $20.751411 $0.383191 $     0.75  $    54.15  
50849 $    88   $        2107  $       24410     $          94  $         216  $         525  $          51  $       2      $       0      $      97      $           0  $              $0.086317      $94.000000      $0.000157 $0.000382 $0.000037 $     0.41  $    10.29  
50847 $  1090   $ 18323193906  $  9496628566     $        7024  $   406409262  $   536815707  $       17976  $       0      $       0      $      97      $           0  $              $1.929442      $7024.000000      $25.958275 $34.287632 $0.001148 $     0.76  $ 29862.91  
50847 $  1093   $     2668576  $     1378429     $           2  $       57241  $       71344  $           0  $       0      $       0      $      97      $           0  $              $1.935955      $2.000000      $1.221141 $1.522005 $0.000000 $     0.80  $      inf  
50847 $  1151   $   241185287  $   145389795     $          25  $     4878357  $     5717294  $         115  $       1      $       0      $      97      $           0  $              $1.658887      $25.000000      $5.383015 $6.308738 $0.000127 $     0.85  $ 49715.60  
50861 $    59   $        2107  $       69684     $         270  $         199  $         488  $          32  $       0      $       0      $      97      $           0  $              $0.030236      $270.000000      $0.000216 $0.000529 $0.000035 $     0.41  $    15.25  
50847 $  2151   $ 16109108555  $  8469550274     $        5303  $   355779023  $   470626119  $       13848  $      32      $       0      $      97      $           0  $              $1.902003      $5303.000000      $22.769857 $30.120071 $0.000886 $     0.76  $ 33985.13  
50847 $  2153   $     9601117  $     4897557     $           9  $      206981  $      254716  $           3  $       0      $       0      $      97      $           0  $              $1.960389      $9.000000      $6.623392 $8.150912 $0.000096 $     0.81  $ 84905.34  
50847 $  2229   $  1369431980  $   714589467     $        1212  $    30577025  $    40964331  $        2872  $       2      $       0      $      97      $           0  $              $1.916390      $1212.000000      $25.749073 $34.496281 $0.002419 $     0.75  $ 14263.35  
50866 $    76   $        2107  $       33530     $         190  $         234  $         538  $          49  $       0      $       0      $      97      $           0  $              $0.062839      $190.000000      $0.000197 $0.000453 $0.000041 $     0.43  $    10.98  
50847 $  3230   $ 18618042349  $  9634077909     $         981  $   412874287  $   546329397  $        2203  $      35      $       0      $      97      $           0  $              $1.932519      $981.000000      $26.397556 $34.930153 $0.000141 $     0.76  $247993.38  
50847 $  3232   $    10100732  $     5230906     $           7  $      224031  $      297161  $           3  $       0      $       0      $      97      $           0  $              $1.930972      $7.000000      $7.168992 $9.509152 $0.000096 $     0.75  $ 99053.66  
50847 $  3300   $  1229253348  $   636031413     $         683  $    27205233  $    35311354  $        1923  $       2      $       0      $      97      $           0  $              $1.932693      $683.000000      $25.604925 $33.234215 $0.001810 $     0.77  $ 18362.64  
50868 $    69   $        2107  $       33614     $         162  $         217  $         537  $          38  $       0      $       0      $      97      $           0  $              $0.062682      $162.000000      $0.000201 $0.000498 $0.000035 $     0.40  $    14.13  
50847 $  4301   $ 18376924208  $  9524909993     $        5956  $   407716370  $   538927176  $       15058  $      35      $       0      $      97      $           0  $              $1.929354      $5956.000000      $26.067781 $34.456882 $0.000963 $     0.76  $ 35790.09  
50847 $  4303   $    11066437  $     5695483     $           7  $      242596  $      254871  $           2  $       0      $       0      $      97      $           0  $              $1.943020      $7.000000      $7.763072 $8.155872 $0.000064 $     0.95  $127435.50  
50847 $  4366   $  1149181571  $   595131683     $         864  $    25435280  $    33221702  $        2265  $       2      $       0      $      97      $           0  $              $1.930970      $864.000000      $25.839014 $33.749031 $0.002301 $     0.77  $ 14667.42  
50870 $    63   $        2107  $       32575     $         214  $         267  $         565  $          77  $       0      $       0      $      65      $           0  $              $0.064682      $214.000000      $0.000271 $0.000574 $0.000078 $     0.47  $     7.34  
50847 $  5367   $ 18378798725  $  9525060606     $        5892  $   407683831  $   538698172  $       15093  $      37      $       0      $      97      $           0  $              $1.929520      $5892.000000      $26.065701 $34.442242 $0.000965 $     0.76  $ 35691.92  
50847 $  5369   $    11982235  $     6214220     $           9  $      258639  $      286145  $           6  $       0      $       0      $      97      $           0  $              $1.928196      $9.000000      $8.276448 $9.156640 $0.000192 $     0.90  $ 47690.83  
50847 $  5456   $  1595704084  $   823151099     $         797  $    35061687  $    45024739  $        2261  $       3      $       0      $      97      $           0  $              $1.938531      $797.000000      $25.792505 $33.121647 $0.001663 $     0.78  $ 19913.64  
50872 $    87   $        2107  $       32904     $         162  $         214  $         532  $          28  $       0      $       0      $      65      $           0  $              $0.064035      $162.000000      $0.000157 $0.000391 $0.000021 $     0.40  $    19.00  
50847 $  6131   $ 11925779828  $  6176207426     $        4007  $   264130831  $   348963366  $        9156  $      23      $       0      $      97      $           0  $              $1.930923      $4007.000000      $25.043516 $33.086895 $0.000868 $     0.76  $ 38113.08  
