PID   $time     $Instr Ret     $Unh Clk Cycles   $l2 trans reqs $l1lines       $l2lines       $Per Core bw   $Power         $Power2        $Power3        $bandwidth     $              $IPC           $MEM INTENSIITY$L2->L1 BW (MB)$L3->L2 BW (MB)$MM->L3 BW (MB)$L2 REUSE      $L3 REUSE      
51122 $  1003   $  3306234363  $  8798654639     $     1830405  $   369151676  $   365282716  $     2254310  $      47      $       0      $      97      $           0  $              $0.375766      $1830405.000000      $23.555042 $23.308170 $0.143844 $     1.01  $   162.04  
51120 $  1003   $ 16981069724  $  8896993739     $      579249  $   376954408  $   500119713  $     2021049  $       0      $       0      $      97      $           0  $              $1.908630      $579249.000000      $24.052923 $31.911926 $0.128960 $     0.75  $   247.46  
51122 $  2005   $  3430849685  $  9177060418     $     1619153  $   387332570  $   383347195  $     1619121  $      49      $       0      $      97      $           0  $              $0.373851      $1619153.000000      $24.739805 $24.485250 $0.103417 $     1.01  $   236.76  
51120 $  2005   $ 17649035867  $  9173624997     $      491488  $   391567300  $   517929350  $     1500865  $       0      $       0      $      97      $           0  $              $1.923889      $491488.000000      $25.010286 $33.081314 $0.095864 $     0.76  $   345.09  
51122 $  3007   $  3455013006  $  9174634950     $     1786190  $   385285233  $   381335615  $     1993645  $      49      $       0      $      97      $           0  $              $0.376583      $1786190.000000      $24.609037 $24.356766 $0.127339 $     1.01  $   191.28  
51120 $  3007   $ 17636752598  $  9178684045     $      519376  $   391792458  $   520059220  $     1617509  $       0      $       0      $      97      $           0  $              $1.921490      $519376.000000      $25.024668 $33.217358 $0.103314 $     0.75  $   321.52  
51122 $  4009   $  3430477306  $  9176555332     $     1650627  $   387287112  $   383305378  $     1650601  $      49      $       0      $      97      $           0  $              $0.373831      $1650627.000000      $24.736900 $24.482578 $0.105428 $     1.01  $   232.22  
51120 $  4009   $ 17644011070  $  9174466334     $      490541  $   391827905  $   519147674  $     1498930  $       0      $       0      $      97      $           0  $              $1.923165      $490541.000000      $25.026932 $33.159134 $0.095740 $     0.75  $   346.35  
51122 $  5012   $  3430503058  $  9175951727     $     1614169  $   387249077  $   383308029  $     1614191  $      49      $       0      $      97      $           0  $              $0.373858      $1614169.000000      $24.709812 $24.458340 $0.102999 $     1.01  $   237.46  
51120 $  5012   $ 17643494140  $  9173838798     $      492848  $   391667308  $   517793393  $     1514956  $       0      $       0      $      97      $           0  $              $1.923240      $492848.000000      $24.991732 $33.039658 $0.096667 $     0.76  $   341.79  
51122 $  6015   $  3452498147  $  9168538118     $     1752277  $   384920537  $   380940394  $     1961815  $      49      $       0      $      97      $           0  $              $0.376559      $1752277.000000      $24.561232 $24.307262 $0.125181 $     1.01  $   194.18  
51120 $  6015   $ 17642389717  $  9171716134     $      497865  $   391427811  $   517737210  $     1574775  $       0      $       0      $      97      $           0  $              $1.923565      $497865.000000      $24.976450 $33.036072 $0.100484 $     0.76  $   328.77  
51122 $  6312   $  1044123803  $  2792168141     $      332397  $   117820515  $   116658684  $      332381  $      13      $       0      $      97      $           0  $              $0.373947      $332397.000000      $25.388931 $25.138573 $0.071624 $     1.01  $   350.98  
51120 $  6312   $  3284473010  $  1718835550     $       93371  $    72767266  $    96188156  $      280150  $       0      $       0      $      97      $           0  $              $1.910871      $93371.000000      $15.680488 $20.727415 $0.060369 $     0.76  $   343.35  
51122 $  7125   $  2891655359  $  7731994109     $      105737  $   326006971  $   323044900  $      105724  $      29      $       0      $      97      $           0  $              $0.373986      $105737.000000      $25.663527 $25.430349 $0.008323 $     1.01  $  3055.55  
51122 $  7127   $     1923914  $     5152526     $          99  $      215947  $      214902  $          91  $       0      $       0      $      97      $           0  $              $0.373392      $99.000000      $6.910304 $6.876864 $0.002912 $     1.00  $  2361.56  
51122 $  8130   $  3429932666  $  9176520752     $     1913879  $   387171796  $   383251721  $     1913892  $      49      $       0      $      97      $           0  $              $0.373773      $1913879.000000      $24.704882 $24.454746 $0.122123 $     1.01  $   200.25  
51140 $  1003   $ 17196810575  $  8998373328     $      568908  $   381434213  $   504805582  $     2016579  $       0      $       0      $      97      $           0  $              $1.911102      $568908.000000      $24.338774 $32.210922 $0.128675 $     0.76  $   250.33  
51122 $  9132   $  3453865128  $  9171217226     $     2000441  $   384950254  $   380986923  $     2203029  $      49      $       0      $      97      $           0  $              $0.376598      $2000441.000000      $24.587641 $24.334494 $0.140712 $     1.01  $   172.94  
51140 $  2006   $ 17631826399  $  9173095840     $      524936  $   391407028  $   517551901  $     1601051  $       0      $       0      $      97      $           0  $              $1.922124      $524936.000000      $24.975124 $33.024250 $0.102161 $     0.76  $   323.26  
51122 $ 10134   $  3431241831  $  9178036120     $     1803561  $   387330502  $   383393235  $     1803537  $      49      $       0      $      97      $           0  $              $0.373854      $1803561.000000      $24.739672 $24.488192 $0.115196 $     1.01  $   212.58  
51140 $  3008   $ 17645190314  $  9173090349     $      478156  $   391774852  $   519377801  $     1487738  $       0      $       0      $      97      $           0  $              $1.923582      $478156.000000      $25.023542 $33.173832 $0.095025 $     0.75  $   349.11  
51122 $ 11136   $  3431418486  $  9178126580     $     1764780  $   387379745  $   383419565  $     1764745  $      49      $       0      $      97      $           0  $              $0.373869      $1764780.000000      $24.742819 $24.489872 $0.112718 $     1.01  $   217.27  
51140 $  4010   $ 17648856973  $  9172804478     $      483760  $   391567001  $   516455678  $     1517821  $       0      $       0      $      97      $           0  $              $1.924042      $483760.000000      $25.010267 $32.987190 $0.096947 $     0.76  $   340.26  
51122 $ 12138   $  3453233103  $  9169281824     $     1983782  $   384794448  $   380826146  $     2184063  $      49      $       0      $      97      $           0  $              $0.376609      $1983782.000000      $24.577688 $24.324224 $0.139501 $     1.01  $   174.37  
51140 $  5012   $ 17646920326  $  9172353232     $      500139  $   391414159  $   516996814  $     1535849  $       0      $       0      $      97      $           0  $              $1.923925      $500139.000000      $25.000504 $33.021751 $0.098098 $     0.76  $   336.62  
51122 $ 13140   $  3431588967  $  9178965165     $     1805208  $   387398198  $   383436476  $     1805179  $      49      $       0      $      97      $           0  $              $0.373854      $1805208.000000      $24.743998 $24.490953 $0.115301 $     1.01  $   212.41  
51140 $  6014   $ 17631990107  $  9173841349     $      500953  $   391739366  $   519236372  $     1542386  $       0      $       0      $      97      $           0  $              $1.921986      $500953.000000      $25.021276 $33.164799 $0.098516 $     0.75  $   336.64  
51122 $ 13419   $   980351358  $  2621418010     $      304541  $   110619467  $   109535029  $      304532  $      12      $       0      $      97      $           0  $              $0.373978      $304541.000000      $25.375074 $25.126316 $0.069857 $     1.01  $   359.68  
51140 $  6293   $  3086615964  $  1608750901     $       66435  $    67979897  $    88139138  $      218041  $       0      $       0      $      97      $           0  $              $1.918641      $66435.000000      $15.593955 $20.218296 $0.050017 $     0.77  $   404.23  
51122 $ 14132   $  2545449849  $  6799961832     $       93454  $   285997734  $   283398680  $       92948  $      24      $       0      $      97      $           0  $              $0.374333      $93454.000000      $25.671606 $25.438311 $0.008343 $     1.01  $  3049.00  
51145 $  1003   $ 17296259979  $  8998874472     $      102938  $   383168665  $   506762279  $      551863  $      34      $       0      $      65      $           0  $              $1.922047      $102938.000000      $24.449446 $32.335777 $0.035214 $     0.76  $   918.28  
