PID   $time     $Instr Ret     $Unh Clk Cycles   $l2 trans reqs $l1lines       $l2lines       $Per Core bw   $Power         $Power2        $Power3        $bandwidth     $              $IPC           $MEM INTENSIITY$L2->L1 BW (MB)$L3->L2 BW (MB)$MM->L3 BW (MB)$L2 REUSE      $L3 REUSE      
55352 $  1003   $  2849818147  $  8700583584     $    38760346  $   197309996  $   165421101  $    28445843  $      46      $       0      $      97      $           0  $              $0.327543      $38760344.000000      $12.590070 $10.555285 $1.815089 $     1.19  $     5.82  
55350 $  1003   $  4933654237  $  7747257295     $      184937  $   134596150  $   136410747  $   126615069  $       0      $       0      $      97      $           0  $              $0.636826      $184937.000000      $8.588388 $8.704176 $8.079127 $     0.99  $     1.08  
55352 $  2005   $  2972603709  $  9098340193     $    39322464  $   202886774  $   169979447  $    32733657  $      47      $       0      $      97      $           0  $              $0.326719      $39322464.000000      $12.958836 $10.856970 $2.090772 $     1.19  $     5.19  
55350 $  2005   $  5457437987  $  9099629721     $      181058  $   172060007  $   172114484  $   168349304  $       0      $       0      $      97      $           0  $              $0.599743      $181058.000000      $10.989861 $10.993340 $10.752851 $     1.00  $     1.02  
55352 $  3007   $  2811313853  $  9098777338     $    47023830  $   233392768  $   196268193  $    32827304  $      47      $       0      $      97      $           0  $              $0.308977      $47023832.000000      $14.907323 $12.536092 $2.096754 $     1.19  $     5.98  
55350 $  3007   $  5610705445  $  9098973567     $      185780  $   173505648  $   173560625  $   169710007  $       0      $       0      $      97      $           0  $              $0.616631      $185780.000000      $11.082197 $11.085709 $10.839761 $     1.00  $     1.02  
55352 $  4009   $  2943100461  $  9098048935     $    39712923  $   202688850  $   170232827  $    32184351  $      47      $       0      $      97      $           0  $              $0.323487      $39712924.000000      $12.946194 $10.873155 $2.055687 $     1.19  $     5.29  
55350 $  4009   $  5535129165  $  9099059574     $      190609  $   174141842  $   174195457  $   170373495  $       0      $       0      $      97      $           0  $              $0.608319      $190609.000000      $11.122832 $11.126257 $10.882139 $     1.00  $     1.02  
55352 $  5011   $  2832470207  $  9099424062     $    46164844  $   230914599  $   193677932  $    33176923  $      47      $       0      $      97      $           0  $              $0.311280      $46164844.000000      $14.749036 $12.370646 $2.119085 $     1.19  $     5.84  
55350 $  5011   $  5593410812  $  9099876308     $      195941  $   175256211  $   175309278  $   171474033  $       0      $       0      $      97      $           0  $              $0.614669      $195941.000000      $11.194009 $11.197399 $10.952434 $     1.00  $     1.02  
55352 $  6013   $  2933407043  $  9111375351     $    40574418  $   205610628  $   173021692  $    32051372  $      47      $       0      $      97      $           0  $              $0.321950      $40574416.000000      $13.132814 $11.051286 $2.047194 $     1.19  $     5.40  
55350 $  6013   $  5550810743  $  9113382696     $      188193  $   173806874  $   173861270  $   170039060  $       0      $       0      $      97      $           0  $              $0.609083      $188193.000000      $11.101438 $11.104911 $10.860778 $     1.00  $     1.02  
55352 $  7015   $  2850423014  $  9112703977     $    46001871  $   230930669  $   193355180  $    33568626  $      47      $       0      $      97      $           0  $              $0.312797      $46001872.000000      $14.750063 $12.350032 $2.144104 $     1.19  $     5.76  
55350 $  7015   $  5539609054  $  9113076686     $      181981  $   173373849  $   173429246  $   169579755  $       0      $       0      $      97      $           0  $              $0.607875      $181981.000000      $11.073779 $11.077317 $10.831442 $     1.00  $     1.02  
55352 $  8018   $  3221770179  $  9263938746     $    44655822  $   244522777  $   205478358  $    36473414  $      42      $       0      $      97      $           0  $              $0.347775      $44655824.000000      $15.602651 $13.111280 $2.327317 $     1.19  $     5.63  
55350 $  8018   $  5591986025  $  6488100113     $      438748  $   104687426  $   104721529  $   102873403  $       0      $       0      $      97      $           0  $              $0.861883      $438748.000000      $6.679955 $6.682131 $6.564205 $     1.00  $     1.02  
55352 $  8107   $   381887333  $   832558949     $     2038325  $    15816283  $    12483349  $     4190896  $       2      $       0      $      97      $           0  $              $0.458691      $2038325.000000      $11.373507 $8.976790 $3.013678 $     1.27  $     2.98  
55350 $  8107   $        1992  $       86285     $       58368  $         158  $         409  $          84  $       0      $       0      $      97      $           0  $              $0.023086      $58368.000000      $0.000114 $0.000294 $0.000060 $     0.39  $     4.87  
55352 $  9108   $  3665566752  $  9642012249     $    47361530  $   277795230  $   233109797  $    41449675  $      31      $       0      $      97      $           0  $              $0.380166      $47361528.000000      $17.761133 $14.904122 $2.650129 $     1.19  $     5.62  
55352 $  9110   $     1137691  $     5263097     $       61620  $      299553  $      260429  $       16018  $       0      $       0      $      97      $           0  $              $0.216164      $61620.000000      $9.585696 $8.333728 $0.512576 $     1.15  $    16.26  
55352 $ 10112   $  2961741035  $  9118088657     $    43379877  $   223115255  $   188256342  $    32875204  $      47      $       0      $      97      $           0  $              $0.324820      $43379876.000000      $14.250875 $12.024357 $2.099813 $     1.19  $     5.73  
55375 $  1002   $  4952588071  $  7752325992     $      173785  $   134668120  $   136585207  $   127064043  $       0      $       0      $      97      $           0  $              $0.638852      $173785.000000      $8.601557 $8.724005 $8.115867 $     0.99  $     1.07  
55352 $ 11114   $  2882734929  $  9117142745     $    45203431  $   228675626  $   191423814  $    33679174  $      47      $       0      $      97      $           0  $              $0.316188      $45203432.000000      $14.606029 $12.226670 $2.151165 $     1.19  $     5.68  
55375 $  2004   $  5512183855  $  9115584308     $      167554  $   173589919  $   173648413  $   169837040  $       0      $       0      $      97      $           0  $              $0.604699      $167554.000000      $11.087580 $11.091316 $10.847875 $     1.00  $     1.02  
55352 $ 12116   $  2937182053  $  9114968689     $    41102930  $   208962459  $   175936237  $    32175192  $      47      $       0      $      97      $           0  $              $0.322237      $41102928.000000      $13.346904 $11.237445 $2.055102 $     1.19  $     5.47  
55375 $  3006   $  5586835860  $  9113716324     $      170945  $   173096941  $   173152695  $   169381097  $       0      $       0      $      97      $           0  $              $0.613014      $170945.000000      $11.056092 $11.059652 $10.818753 $     1.00  $     1.02  
55375 $  3307   $  1690206617  $  2724344478     $       53926  $    52320610  $    52337294  $    51183984  $       0      $       0      $      97      $           0  $              $0.620409      $53926.000000      $11.124647 $11.128196 $10.882974 $     1.00  $     1.02  
55352 $ 12417   $   808121902  $  2689487705     $    15723501  $    77685011  $    64926082  $    10131610  $      14      $       0      $      97      $           0  $              $0.300474      $15723501.000000      $16.517742 $13.804881 $2.154229 $     1.20  $     6.41  
55375 $  3377   $           0  $           0     $      192905  $           0  $           0  $           0  $       0      $       0      $      97      $           0  $              $-nan      $192905.000000      $0.000000 $0.000000 $0.000000 $     0.00  $     0.00  
