PID   $time     $Instr Ret     $Unh Clk Cycles   $l2 trans reqs $l1lines       $l2lines       $Per Core bw   $Power         $Power2        $Power3        $bandwidth     $              $IPC           $MEM INTENSIITY$L2->L1 BW (MB)$L3->L2 BW (MB)$MM->L3 BW (MB)$L2 REUSE      $L3 REUSE      
55260 $  1003   $  3117879018  $  7095867342     $      174450  $    51646173  $    41250639  $    39620084  $      43      $       0      $      97      $           0  $              $0.439394      $174450.000000      $3.295469 $2.632144 $2.528101 $     1.25  $     1.04  
55258 $  1003   $  4380840165  $  7836975220     $      149750  $   118178232  $   119984289  $   111072815  $       0      $       0      $      97      $           0  $              $0.558996      $149750.000000      $7.540784 $7.656026 $7.087398 $     0.98  $     1.08  
55260 $  2005   $  4022572844  $  9058141445     $       63499  $    69285483  $    54813856  $    52683202  $      46      $       0      $      97      $           0  $              $0.444084      $63499.000000      $4.425420 $3.501085 $3.364995 $     1.26  $     1.04  
55258 $  2005   $  4864846026  $  9114565513     $      143686  $   151708705  $   151751340  $   148710871  $       0      $       0      $      97      $           0  $              $0.533744      $143686.000000      $9.689977 $9.692700 $9.498498 $     1.00  $     1.02  
55260 $  3007   $  4003599972  $  9057548432     $       60888  $    67435222  $    53776967  $    51626500  $      46      $       0      $      97      $           0  $              $0.442018      $60888.000000      $4.307240 $3.434856 $3.297501 $     1.25  $     1.04  
55258 $  3007   $  4861161684  $  9113982483     $      139003  $   150905018  $   150950229  $   147883088  $       0      $       0      $      97      $           0  $              $0.533374      $139003.000000      $9.638644 $9.641531 $9.445626 $     1.00  $     1.02  
55260 $  4009   $  3969734998  $  9063945045     $       60469  $    65922093  $    52724881  $    50711853  $      46      $       0      $      97      $           0  $              $0.437970      $60469.000000      $4.210593 $3.367657 $3.239080 $     1.25  $     1.04  
55258 $  4010   $  4922016182  $  9114249454     $      149183  $   153996862  $   154039340  $   150965063  $       0      $       0      $      97      $           0  $              $0.540035      $149183.000000      $9.826321 $9.829031 $9.632865 $     1.00  $     1.02  
55260 $  5012   $  4032462644  $  9056406287     $       62188  $    69535913  $    55061201  $    52904841  $      46      $       0      $      97      $           0  $              $0.445261      $62188.000000      $4.436987 $3.513377 $3.375782 $     1.26  $     1.04  
55258 $  5013   $  4819190549  $  9114737385     $      134617  $   149152808  $   149197350  $   146145264  $       0      $       0      $      97      $           0  $              $0.528725      $134617.000000      $9.517227 $9.520070 $9.325321 $     1.00  $     1.02  
55260 $  6015   $  3938338586  $  9053608221     $       58164  $    64070732  $    51624655  $    49614948  $      46      $       0      $      97      $           0  $              $0.435002      $58164.000000      $4.088262 $3.294096 $3.165859 $     1.24  $     1.04  
55258 $  6016   $  4854512101  $  9103432880     $      148136  $   154065394  $   154107579  $   151029075  $       0      $       0      $      97      $           0  $              $0.533262      $148136.000000      $9.830693 $9.833385 $9.636950 $     1.00  $     1.02  
55260 $  7018   $  4027118553  $  9045519130     $       63682  $    69366792  $    54893872  $    52750983  $      46      $       0      $      97      $           0  $              $0.445206      $63682.000000      $4.426196 $3.502700 $3.365965 $     1.26  $     1.04  
55258 $  7019   $  4809797239  $  9101903140     $      138730  $   150311978  $   150356512  $   147311106  $       0      $       0      $      97      $           0  $              $0.528439      $138730.000000      $9.591193 $9.594034 $9.399712 $     1.00  $     1.02  
55260 $  8021   $  3946420624  $  9058213217     $       58076  $    64234509  $    51775806  $    49754213  $      46      $       0      $      97      $           0  $              $0.435673      $58076.000000      $4.098712 $3.303741 $3.174745 $     1.24  $     1.04  
55258 $  8022   $  4850335547  $  9108277252     $      142305  $   152671588  $   152714683  $   149630623  $       0      $       0      $      97      $           0  $              $0.532520      $142305.000000      $9.741756 $9.744507 $9.547717 $     1.00  $     1.02  
55260 $  9024   $  4596652816  $  9152039453     $       63356  $    88488929  $    69567896  $    66620538  $      42      $       0      $      97      $           0  $              $0.502254      $63356.000000      $5.646352 $4.439028 $4.250961 $     1.27  $     1.04  
55258 $  9025   $  5468778003  $  6883987359     $      152693  $   100060282  $   100090451  $    98483797  $       0      $       0      $      97      $           0  $              $0.794420      $152693.000000      $6.384704 $6.386629 $6.284111 $     1.00  $     1.02  
55260 $  9209   $   943620407  $  1744958614     $        9186  $    18422631  $    14876792  $    14080868  $       5      $       0      $      97      $           0  $              $0.540770      $9186.000000      $6.373235 $5.146566 $4.871219 $     1.24  $     1.06  
55258 $  9210   $        1993  $       90200     $      206857  $         169  $         421  $          89  $       0      $       0      $      97      $           0  $              $0.022095      $206857.000000      $0.000058 $0.000146 $0.000031 $     0.40  $     4.73  
55260 $  9993   $  4119269064  $  7358638225     $       77533  $    84059562  $    66364121  $    63126455  $      25      $       0      $      97      $           0  $              $0.559787      $77533.000000      $6.862005 $5.417479 $5.153180 $     1.27  $     1.05  
55284 $  1003   $  5881553609  $  7942078504     $      153866  $   162428480  $   164243278  $   153988101  $      35      $       0      $      65      $           0  $              $0.740556      $153866.000000      $10.364329 $10.480129 $9.825761 $     0.99  $     1.07  
55284 $  2073   $  5881553609  $  7942078504     $      153866  $   162428480  $   164243278  $   153988101  $      37      $       0      $      65      $           0  $              $0.740556      $153866.000000      $9.715348 $9.823897 $9.210503 $     0.99  $     1.07  
