PID   $time     $Instr Ret     $Unh Clk Cycles   $l2 trans reqs $l1lines       $l2lines       $Per Core bw   $Power         $Power2        $Power3        $bandwidth     $              $IPC           $MEM INTENSIITY$L2->L1 BW (MB)$L3->L2 BW (MB)$MM->L3 BW (MB)$L2 REUSE      $L3 REUSE      
64393 $  1003   $  4793765877  $  7748228776     $    10713860  $   129999416  $   131990524  $   122476493  $      44      $       0      $      97      $           0  $              $0.618692      $10713860.000000      $8.295077 $8.422128 $7.815051 $     0.98  $     1.08  
64391 $  1003   $  3274107349  $  7622718920     $     4806617  $    36248738  $    33267059  $    26958917  $       0      $       0      $      97      $           0  $              $0.429520      $4806617.000000      $2.312980 $2.122724 $1.720210 $     1.09  $     1.23  
64393 $  2005   $  5352284740  $  9102839194     $    14140525  $   166979002  $   167029480  $   163448443  $      46      $       0      $      97      $           0  $              $0.587980      $14140525.000000      $10.665326 $10.668550 $10.439821 $     1.00  $     1.02  
64391 $  2006   $  3892364411  $  9010714124     $     5895312  $    43440207  $    39814032  $    32112410  $       0      $       0      $      97      $           0  $              $0.431971      $5895312.000000      $2.771858 $2.540477 $2.049047 $     1.09  $     1.24  
64393 $  3008   $  5375896185  $  9101024186     $    14288728  $   168476262  $   168525787  $   164949873  $      46      $       0      $      97      $           0  $              $0.590691      $14288728.000000      $10.750230 $10.753390 $10.525216 $     1.00  $     1.02  
64391 $  3009   $  3860670629  $  9016051806     $     5744651  $    41742268  $    38445076  $    31352364  $       0      $       0      $      97      $           0  $              $0.428200      $5744651.000000      $2.663515 $2.453125 $2.000550 $     1.09  $     1.23  
64393 $  4011   $  5431033071  $  9100299668     $    14296604  $   169404200  $   169452320  $   165886813  $      46      $       0      $      97      $           0  $              $0.596797      $14296604.000000      $10.809440 $10.812510 $10.585001 $     1.00  $     1.02  
64391 $  4012   $  3887033098  $  9008423235     $     5904549  $    43384134  $    39778068  $    32068015  $       0      $       0      $      97      $           0  $              $0.431489      $5904549.000000      $2.768280 $2.538182 $2.046214 $     1.09  $     1.24  
64393 $  5014   $  5321901807  $  9101171248     $    14150887  $   167142085  $   167192947  $   163604468  $      46      $       0      $      97      $           0  $              $0.584749      $14150887.000000      $10.665098 $10.668344 $10.439367 $     1.00  $     1.02  
64391 $  5015   $  3880920610  $  9009414468     $     5802616  $    42328040  $    39118457  $    31650824  $       0      $       0      $      97      $           0  $              $0.430763      $5802616.000000      $2.700892 $2.496093 $2.019594 $     1.08  $     1.24  
64393 $  6017   $  5407869650  $  9101880115     $    14216066  $   167797724  $   167848647  $   164273387  $      46      $       0      $      97      $           0  $              $0.594149      $14216066.000000      $10.706934 $10.710182 $10.482051 $     1.00  $     1.02  
64391 $  6018   $  3869281940  $  9016884496     $     5810075  $    42627203  $    38995712  $    31718656  $       0      $       0      $      97      $           0  $              $0.429115      $5810075.000000      $2.719981 $2.488261 $2.023922 $     1.09  $     1.23  
64393 $  7020   $  5411284901  $  9100807328     $    14334966  $   169755050  $   169802626  $   166233892  $      46      $       0      $      97      $           0  $              $0.594594      $14334966.000000      $10.831828 $10.834864 $10.607147 $     1.00  $     1.02  
64391 $  7021   $  3883926155  $  9009269295     $     5899481  $    43377931  $    39756137  $    32052918  $       0      $       0      $      97      $           0  $              $0.431103      $5899481.000000      $2.767884 $2.536782 $2.045251 $     1.09  $     1.24  
64393 $  8023   $  5852147530  $  8294400703     $    10932681  $   134750581  $   134791371  $   132170091  $      44      $       0      $      97      $           0  $              $0.705554      $10932681.000000      $8.598242 $8.600845 $8.433585 $     1.00  $     1.02  
64391 $  8024   $  4010708084  $  9071922563     $     5274917  $    44203597  $    40457076  $    33133585  $       0      $       0      $      97      $           0  $              $0.442101      $5274917.000000      $2.820568 $2.581508 $2.114207 $     1.09  $     1.22  
64391 $  8391   $  1579550777  $  3437008191     $     1277390  $    16946755  $    15517650  $    13059145  $       0      $       0      $      97      $           0  $              $0.459571      $1277390.000000      $2.955293 $2.706075 $2.277344 $     1.09  $     1.19  
64393 $  8390   $   909175709  $   383448806     $      323331  $     7118391  $     7122720  $     7117047  $      12      $       0      $      97      $           0  $              $2.371048      $323331.000000      $1.241354 $1.242109 $1.241120 $     1.00  $     1.00  
64391 $  8520   $   571359541  $  1169944250     $      549410  $     6792920  $     6086449  $     4899494  $       0      $       0      $      97      $           0  $              $0.488365      $549410.000000      $3.370131 $3.019634 $2.430757 $     1.12  $     1.24  
64415 $  1004   $  5849277239  $  8009110098     $    11866659  $   161181526  $   162797362  $   152754989  $      35      $       0      $      65      $           0  $              $0.730328      $11866659.000000      $10.274519 $10.377521 $9.737370 $     0.99  $     1.07  
