PID   $time     $Instr Ret     $Unh Clk Cycles   $l2 trans reqs $l1lines       $l2lines       $Per Core bw   $Power         $Power2        $Power3        $bandwidth     $              $IPC           $MEM INTENSIITY$L2->L1 BW (MB)$L3->L2 BW (MB)$MM->L3 BW (MB)$L2 REUSE      $L3 REUSE      
50794 $  1003   $  3094056327  $  8774377051     $     1685718  $   385586885  $   383652349  $     2110862  $      46      $       0      $      97      $           0  $              $0.352624      $1685718.000000      $24.603748 $24.480310 $0.134691 $     1.01  $   181.75  
50792 $  1003   $ 17025818136  $  8912117015     $      581257  $   377650781  $   500733965  $     2040471  $       0      $       0      $      97      $           0  $              $1.910412      $581257.000000      $24.097359 $31.951120 $0.130200 $     0.75  $   245.40  
50794 $  2006   $  3212907076  $  9177432542     $     1476786  $   405939602  $   403959920  $     1476940  $      48      $       0      $      97      $           0  $              $0.350088      $1476786.000000      $25.902428 $25.776108 $0.094241 $     1.00  $   273.51  
50792 $  2006   $ 17671024693  $  9179621942     $      495281  $   391974333  $   518350877  $     1559090  $       0      $       0      $      97      $           0  $              $1.925027      $495281.000000      $25.011324 $33.075230 $0.099483 $     0.76  $   332.47  
50794 $  3008   $  3211397173  $  9175150832     $     1689135  $   404797021  $   402794268  $     1689345  $      48      $       0      $      97      $           0  $              $0.350010      $1689135.000000      $25.855299 $25.727379 $0.107902 $     1.00  $   238.43  
50792 $  3009   $ 17643816039  $  9178279857     $      526896  $   391816125  $   520444361  $     1634707  $       0      $       0      $      97      $           0  $              $1.922345      $526896.000000      $25.001228 $33.208813 $0.104308 $     0.75  $   318.37  
50794 $  4010   $  3209480828  $  9172861532     $     1456966  $   405456378  $   403542092  $     1457086  $      48      $       0      $      97      $           0  $              $0.349889      $1456966.000000      $25.897413 $25.775143 $0.093067 $     1.00  $   276.95  
50792 $  4011   $ 17654723175  $  9176069397     $      437361  $   391750457  $   518025803  $     1355334  $       0      $       0      $      97      $           0  $              $1.923996      $437361.000000      $25.021986 $33.087475 $0.086568 $     0.76  $   382.21  
50794 $  5012   $  3210014136  $  9174129583     $     1426799  $   405483643  $   403606273  $     1426947  $      48      $       0      $      97      $           0  $              $0.349898      $1426799.000000      $25.899155 $25.779243 $0.091142 $     1.00  $   282.85  
50792 $  5013   $ 17657325486  $  9176252418     $      444896  $   391671660  $   517899991  $     1384212  $       0      $       0      $      97      $           0  $              $1.924242      $444896.000000      $25.016953 $33.079441 $0.088413 $     0.76  $   374.15  
50794 $  6014   $  3209546706  $  9176302278     $     1724091  $   404829332  $   402832811  $     1724113  $      48      $       0      $      97      $           0  $              $0.349765      $1724091.000000      $25.857363 $25.729839 $0.110123 $     1.00  $   233.65  
50792 $  6015   $ 17648121038  $  9178300511     $      504368  $   391807067  $   518756311  $     1558122  $       0      $       0      $      97      $           0  $              $1.922809      $504368.000000      $25.025602 $33.134136 $0.099521 $     0.76  $   332.94  
50794 $  6280   $   871921242  $  2492656050     $      300623  $   110092691  $   109621882  $      300629  $      11      $       0      $      97      $           0  $              $0.349796      $300623.000000      $26.488466 $26.375189 $0.072332 $     1.00  $   364.64  
50792 $  6282   $  3182226138  $  1657495455     $       67446  $    70167825  $    92046601  $      229266  $       0      $       0      $      97      $           0  $              $1.919900      $67446.000000      $16.819254 $22.063604 $0.054955 $     0.76  $   401.48  
50794 $  7099   $  2727413221  $  7782134009     $       72489  $   343823853  $   342856849  $       72487  $      28      $       0      $      97      $           0  $              $0.350471      $72489.000000      $26.867798 $26.792234 $0.005664 $     1.00  $  4729.91  
50794 $  7101   $     1747583  $     5023419     $          14  $      220177  $      219623  $           6  $       0      $       0      $      97      $           0  $              $0.347887      $14.000000      $7.045664 $7.027936 $0.000192 $     1.00  $ 36603.83  
50794 $  8103   $  3232729913  $  9164583083     $     2168411  $   400758266  $   398886118  $     2454230  $      48      $       0      $      97      $           0  $              $0.352742      $2168411.000000      $25.597334 $25.477757 $0.156757 $     1.00  $   162.53  
50818 $  1002   $ 17196886198  $  9000339461     $      602280  $   381579779  $   505109575  $     2217557  $       0      $       0      $      97      $           0  $              $1.910693      $602280.000000      $24.372360 $32.262486 $0.141640 $     0.76  $   227.78  
50794 $  9105   $  3213814796  $  9179106603     $     1894310  $   406009039  $   404088547  $     1894373  $      48      $       0      $      97      $           0  $              $0.350123      $1894310.000000      $25.932713 $25.810047 $0.120998 $     1.00  $   213.31  
50818 $  2004   $ 17639125538  $  9175650188     $      546214  $   391246661  $   517038205  $     1691971  $       0      $       0      $      97      $           0  $              $1.922384      $546214.000000      $24.989807 $33.024395 $0.108070 $     0.76  $   305.58  
50794 $ 10107   $  3214123670  $  9179134353     $     1861296  $   406052840  $   404129711  $     1861333  $      48      $       0      $      97      $           0  $              $0.350155      $1861296.000000      $25.935511 $25.812675 $0.118888 $     1.00  $   217.12  
50818 $  3006   $ 17653850662  $  9174000053     $      510934  $   391375489  $   518103684  $     1634618  $       0      $       0      $      97      $           0  $              $1.924335      $510934.000000      $24.998035 $33.092449 $0.104407 $     0.76  $   316.96  
50794 $ 11109   $  3212244892  $  9176617340     $     1955328  $   404878776  $   402972746  $     1955351  $      48      $       0      $      97      $           0  $              $0.350047      $1955328.000000      $25.860521 $25.738777 $0.124893 $     1.00  $   206.09  
50818 $  4008   $ 17646462130  $  9173007500     $      502275  $   391335413  $   515817510  $     1621644  $       0      $       0      $      97      $           0  $              $1.923738      $502275.000000      $24.995476 $32.946426 $0.103578 $     0.76  $   318.08  
50794 $ 12111   $  3210533231  $  9179167566     $     1882230  $   405638541  $   403706283  $     1882230  $      48      $       0      $      97      $           0  $              $0.349763      $1882230.000000      $25.909048 $25.785629 $0.120222 $     1.00  $   214.48  
50818 $  5011   $ 17632970518  $  9173057686     $      463027  $   391355102  $   517180892  $     1463200  $       0      $       0      $      97      $           0  $              $1.922257      $463027.000000      $24.971811 $33.000576 $0.093365 $     0.76  $   353.46  
50794 $ 13113   $  3209454786  $  9176448023     $     1904807  $   405450533  $   403570004  $     1904821  $      48      $       0      $      97      $           0  $              $0.349749      $1904807.000000      $25.897039 $25.776928 $0.121665 $     1.00  $   211.87  
50818 $  6013   $ 17602260916  $  9171892438     $      492955  $   391380554  $   518776928  $     1548081  $       0      $       0      $      97      $           0  $              $1.919153      $492955.000000      $24.998358 $33.135452 $0.098879 $     0.75  $   335.11  
50794 $ 13350   $   772782068  $  2208754315     $      335347  $    97578784  $    97168431  $      335342  $      10      $       0      $      97      $           0  $              $0.349872      $335347.000000      $26.350389 $26.239576 $0.090556 $     1.00  $   289.76  
50818 $  6250   $  3116456747  $  1624560343     $       66376  $    68698879  $    89311663  $      232228  $       0      $       0      $      97      $           0  $              $1.918339      $66376.000000      $18.551596 $24.117918 $0.062711 $     0.77  $   384.59  
50794 $ 14172   $  2749920270  $  7872129091     $      236007  $   345728220  $   344676359  $      235909  $      27      $       0      $      97      $           0  $              $0.349324      $236007.000000      $26.918013 $26.836115 $0.018368 $     1.00  $  1461.06  
50794 $ 14174   $     1750231  $     5037055     $          96  $      220823  $      220018  $          88  $       0      $       0      $      97      $           0  $              $0.347471      $96.000000      $7.066336 $7.040576 $0.002816 $     1.00  $  2500.20  
50794 $ 15176   $  3211448587  $  9185361574     $     2398251  $   405608974  $   403838370  $     2398278  $      48      $       0      $      97      $           0  $              $0.349627      $2398251.000000      $25.907160 $25.794067 $0.153183 $     1.00  $   168.39  
50823 $  1002   $ 17177952330  $  9008781245     $      690732  $   381976480  $   506521661  $     2584165  $       0      $       0      $      97      $           0  $              $1.906801      $690732.000000      $24.397699 $32.352680 $0.165056 $     0.75  $   196.01  
50823 $  1934   $ 16362272726  $  8527689466     $      612565  $   364142813  $   482398541  $     2110608  $       0      $       0      $      97      $           0  $              $1.918723      $612565.000000      $25.005516 $33.126080 $0.144934 $     0.75  $   228.56  
50794 $ 16108   $  2978541595  $  8506488441     $     2463466  $   372816493  $   370949041  $     2462536  $      45      $       0      $      97      $           0  $              $0.350149      $2463466.000000      $25.601131 $25.472897 $0.169101 $     1.01  $   150.64  
