PID   $time     $Instr Ret     $Unh Clk Cycles   $l2 trans reqs $l1lines       $l2lines       $Per Core bw   $Power         $Power2        $Power3        $bandwidth     $              $IPC           $MEM INTENSIITY$L2->L1 BW (MB)$L3->L2 BW (MB)$MM->L3 BW (MB)$L2 REUSE      $L3 REUSE      
53082 $  1003   $  1286862932  $  7096373139     $      560773  $   247646618  $   246510323  $      981644  $      36      $       0      $      97      $           0  $              $0.181341      $560773.000000      $15.801978 $15.729472 $0.062637 $     1.00  $   251.12  
53080 $  1003   $  1481834579  $  4687230713     $     2968998  $    88936534  $    64670193  $     7059308  $       0      $       0      $      97      $           0  $              $0.316143      $2968998.000000      $5.674913 $4.126513 $0.450444 $     1.38  $     9.16  
53082 $  2006   $  1228524863  $  6671392507     $      337147  $   230424230  $   229450180  $      389907  $      36      $       0      $      97      $           0  $              $0.184148      $337147.000000      $14.703041 $14.640888 $0.024879 $     1.00  $   588.47  
53080 $  2006   $  1128608777  $  4177437285     $     3387994  $   106720015  $    83778000  $     8709617  $       0      $       0      $      97      $           0  $              $0.270168      $3387994.000000      $6.809652 $5.345755 $0.555748 $     1.27  $     9.62  
53082 $  3009   $  1102046256  $  6129179173     $      387833  $   216202162  $   215275546  $      441029  $      35      $       0      $      97      $           0  $              $0.179803      $387833.000000      $13.795551 $13.736426 $0.028141 $     1.00  $   488.12  
53080 $  3009   $  1606451382  $  5246070984     $     3525608  $   109676896  $    81457563  $     9181636  $       0      $       0      $      97      $           0  $              $0.306220      $3525608.000000      $6.998326 $5.197691 $0.585867 $     1.35  $     8.87  
53082 $  4011   $  1052242854  $  5764954166     $      502096  $   200675486  $   199801886  $      568809  $      35      $       0      $      97      $           0  $              $0.182524      $502096.000000      $12.817596 $12.761797 $0.036331 $     1.00  $   351.26  
53080 $  4011   $  1724894164  $  5461623212     $     3415808  $   107058576  $    81023925  $    10758309  $       0      $       0      $      97      $           0  $              $0.315821      $3415808.000000      $6.838073 $5.175181 $0.687157 $     1.32  $     7.53  
53082 $  5014   $  1147984843  $  6010200529     $      318947  $   198061862  $   197331200  $      317751  $      33      $       0      $      97      $           0  $              $0.191006      $318947.000000      $12.638044 $12.591422 $0.020275 $     1.00  $   621.02  
53080 $  5014   $  1088828919  $  4165931744     $     3538669  $   111307120  $    86874372  $     8088337  $       0      $       0      $      97      $           0  $              $0.261365      $3538669.000000      $7.102349 $5.543330 $0.516105 $     1.28  $    10.74  
53082 $  6017   $  1282181593  $  7111284082     $      481708  $   249365477  $   248331440  $      548406  $      37      $       0      $      97      $           0  $              $0.180302      $481708.000000      $15.911655 $15.845675 $0.034993 $     1.00  $   452.82  
53080 $  6017   $  1666903744  $  5355182768     $     3484121  $   108752170  $    80809022  $     9899563  $       0      $       0      $      97      $           0  $              $0.311269      $3484121.000000      $6.939321 $5.156309 $0.631677 $     1.35  $     8.16  
53082 $  6319   $   203715450  $   940416644     $       23768  $    28450893  $    28387066  $       76368  $       8      $       0      $      97      $           0  $              $0.216623      $23768.000000      $6.029328 $6.015802 $0.016184 $     1.00  $   371.71  
53080 $  6319   $    89703319  $   569678824     $      689984  $    21704565  $    18191037  $      690479  $       0      $       0      $      97      $           0  $              $0.157463      $689984.000000      $4.599643 $3.855054 $0.146327 $     1.19  $    26.35  
53082 $  7104   $  1078043805  $  6085890123     $        1230  $   216086870  $   215101473  $        1252  $      25      $       0      $      97      $           0  $              $0.177138      $1230.000000      $17.617273 $17.536936 $0.000102 $     1.00  $171806.28  
53082 $  7107   $      508907  $     3476421     $           4  $      136453  $      135764  $           0  $       0      $       0      $      97      $           0  $              $0.146388      $4.000000      $2.910997 $2.896299 $0.000000 $     1.01  $      inf  
53082 $  8110   $  1108212632  $  6168893806     $      420551  $   218152568  $   217163668  $      473642  $      35      $       0      $      97      $           0  $              $0.179645      $420551.000000      $13.920005 $13.856904 $0.030222 $     1.00  $   458.50  
53100 $  1003   $  1472274410  $  4722992051     $     2937067  $    87807716  $    64371437  $     7031847  $       0      $       0      $      97      $           0  $              $0.311725      $2937067.000000      $5.602885 $4.107450 $0.448692 $     1.36  $     9.15  
53082 $  9112   $  1102572902  $  5878546195     $      358649  $   200706299  $   199848588  $      410840  $      34      $       0      $      97      $           0  $              $0.187559      $358649.000000      $12.819564 $12.764780 $0.026241 $     1.00  $   486.44  
53100 $  2006   $  1101534334  $  4184145430     $     3419294  $   107597137  $    84976460  $     8491811  $       0      $       0      $      97      $           0  $              $0.263264      $3419294.000000      $6.865620 $5.422227 $0.541850 $     1.27  $    10.01  
53082 $ 10115   $  1079315774  $  5642066394     $      395787  $   187566086  $   186900103  $      449263  $      34      $       0      $      97      $           0  $              $0.191298      $395787.000000      $11.968324 $11.925829 $0.028667 $     1.00  $   416.01  
53100 $  3009   $  1619985740  $  5379421975     $     3567167  $   111171367  $    83442723  $     9464528  $       0      $       0      $      97      $           0  $              $0.301145      $3567167.000000      $7.093687 $5.324361 $0.603918 $     1.33  $     8.82  
53082 $ 11118   $  1294369408  $  7177290496     $      476952  $   249445117  $   248314165  $      475411  $      38      $       0      $      97      $           0  $              $0.180342      $476952.000000      $15.916738 $15.844572 $0.030335 $     1.00  $   522.31  
53100 $  4012   $  1704105854  $  5484514340     $     3389997  $   106012950  $    80623553  $    10727567  $       0      $       0      $      97      $           0  $              $0.310712      $3389997.000000      $6.764535 $5.144474 $0.684511 $     1.31  $     7.52  
53082 $ 12120   $  1223329835  $  6762774612     $      263014  $   237296629  $   236265008  $      317847  $      35      $       0      $      97      $           0  $              $0.180892      $263014.000000      $15.156671 $15.090779 $0.020302 $     1.00  $   743.33  
53100 $  5014   $  1034112699  $  4088984077     $     3525586  $   110458564  $    86811191  $     7463500  $       0      $       0      $      97      $           0  $              $0.252902      $3525586.000000      $7.055237 $5.544827 $0.476711 $     1.27  $    11.63  
53100 $  5521   $   840644873  $  2740776420     $     1755344  $    54912572  $    41192614  $     5113287  $       0      $       0      $      97      $           0  $              $0.306718      $1755344.000000      $6.931765 $5.199857 $0.645464 $     1.33  $     8.06  
53082 $ 12627   $   370741760  $  1904492710     $      227489  $    61325482  $    61130005  $      225986  $      15      $       0      $      97      $           0  $              $0.194667      $227489.000000      $7.741283 $7.716608 $0.028527 $     1.00  $   270.50  
