PID   $time     $Instr Ret     $Unh Clk Cycles   $l2 trans reqs $l1lines       $l2lines       $Per Core bw   $Power         $Power2        $Power3        $bandwidth     $              $IPC           $MEM INTENSIITY$L2->L1 BW (MB)$L3->L2 BW (MB)$MM->L3 BW (MB)$L2 REUSE      $L3 REUSE      
52655 $    85   $    33619219  $    84790169     $         388  $       16405  $        7198  $         413  $       0      $       0      $      97      $           0  $              $0.396499      $388.000000      $0.012352 $0.005420 $0.000311 $     2.28  $    17.43  
52657 $    86   $        2107  $       19387     $          69  $         183  $         479  $          24  $       1      $       0      $      97      $           0  $              $0.108681      $69.000000      $0.000136 $0.000356 $0.000018 $     0.38  $    19.96  
52655 $  1087   $  1463125624  $  4865034579     $     3266968  $    98762166  $    73005809  $     7353956  $       0      $       0      $      97      $           0  $              $0.300743      $3266968.000000      $6.308162 $4.663045 $0.469714 $     1.35  $     9.93  
52655 $  1089   $      148129  $     1385135     $        4191  $       66455  $       52877  $        4197  $       0      $       0      $      97      $           0  $              $0.106942      $4191.000000      $2.126560 $1.692064 $0.134304 $     1.26  $    12.60  
52655 $  1135   $    10042854  $    92238387     $      137704  $     4391557  $     3464035  $      138029  $       0      $       0      $      97      $           0  $              $0.108879      $137704.000000      $6.109993 $4.819527 $0.192040 $     1.27  $    25.10  
52669 $    46   $        2107  $       74706     $         320  $         243  $         521  $          64  $       0      $       0      $      97      $           0  $              $0.028204      $320.000000      $0.000338 $0.000725 $0.000089 $     0.47  $     8.14  
52655 $  2136   $  1686489684  $  5487507228     $     3506814  $   110570796  $    84221828  $    10801136  $      26      $       0      $      97      $           0  $              $0.307333      $3506814.000000      $7.069462 $5.384812 $0.690582 $     1.31  $     7.80  
52655 $  2138   $     1656489  $     5066401     $         103  $       70221  $       50165  $         108  $       0      $       0      $      97      $           0  $              $0.326956      $103.000000      $2.247072 $1.605280 $0.003456 $     1.40  $   464.49  
52655 $  2194   $    55360755  $   231042300     $      211315  $     6523725  $     4855323  $      211935  $       1      $       0      $      97      $           0  $              $0.239613      $211315.000000      $7.455686 $5.548941 $0.242211 $     1.34  $    22.91  
52674 $    56   $        2107  $       66727     $         236  $         167  $         444  $           1  $       0      $       0      $      97      $           0  $              $0.031576      $236.000000      $0.000191 $0.000507 $0.000001 $     0.38  $   444.00  
52655 $  3195   $  1223493088  $  4410930559     $     3372896  $   107672970  $    84506067  $     9934476  $      24      $       0      $      97      $           0  $              $0.277378      $3372896.000000      $6.884186 $5.402985 $0.635171 $     1.27  $     8.51  
52655 $  3197   $     2337820  $     5522648     $        1067  $       34510  $       33813  $       31549  $       0      $       0      $      97      $           0  $              $0.423315      $1067.000000      $1.104320 $1.082016 $1.009568 $     1.02  $     1.07  
52655 $  3281   $   293938205  $   781024264     $      341674  $     9750468  $     5661160  $      955892  $       2      $       0      $      97      $           0  $              $0.376350      $341674.000000      $7.428928 $4.313265 $0.728299 $     1.72  $     5.92  
52676 $    83   $        2107  $       66996     $         309  $         236  $         524  $          64  $       0      $       0      $      97      $           0  $              $0.031450      $309.000000      $0.000182 $0.000404 $0.000049 $     0.45  $     8.19  
52655 $  4281   $  1221706394  $  4566656345     $     3636178  $   114582307  $    88154203  $     7289502  $      25      $       0      $      97      $           0  $              $0.267528      $3636178.000000      $7.333268 $5.641869 $0.466528 $     1.30  $    12.09  
52655 $  4284   $      204602  $     1939140     $         657  $       88842  $       73345  $         658  $       0      $       0      $      97      $           0  $              $0.105512      $657.000000      $1.895296 $1.564693 $0.014037 $     1.21  $   111.47  
52655 $  4343   $   119476928  $   336378823     $      137078  $     4863109  $     4296326  $     1460696  $       1      $       0      $      97      $           0  $              $0.355186      $137078.000000      $5.275237 $4.660421 $1.584484 $     1.13  $     2.94  
52678 $    60   $        2107  $       66853     $         275  $         201  $         485  $          32  $       0      $       0      $      65      $           0  $              $0.031517      $275.000000      $0.000214 $0.000517 $0.000034 $     0.41  $    15.16  
52655 $  5344   $  1630421585  $  5426163808     $     3645654  $   114255083  $    85744341  $     9561229  $      26      $       0      $      97      $           0  $              $0.300474      $3645654.000000      $7.305020 $5.482156 $0.611307 $     1.33  $     8.97  
52655 $  5346   $      199803  $     1907392     $        6811  $       90033  $       74537  $        6816  $       0      $       0      $      97      $           0  $              $0.104752      $6811.000000      $2.881056 $2.385184 $0.218112 $     1.21  $    10.94  
52655 $  5402   $    13570405  $   127792447     $      193774  $     5978734  $     4924974  $      194155  $       1      $       0      $      97      $           0  $              $0.106191      $193774.000000      $6.832839 $5.628542 $0.221891 $     1.21  $    25.37  
52680 $    56   $        2107  $       66480     $         321  $         249  $         532  $          83  $       0      $       0      $      65      $           0  $              $0.031694      $321.000000      $0.000285 $0.000608 $0.000095 $     0.47  $     6.41  
52655 $  6094   $   951868084  $  3317723913     $     2382715  $    75168294  $    58009716  $     6031481  $      17      $       0      $      97      $           0  $              $0.286904      $2382715.000000      $6.951981 $5.365060 $0.557825 $     1.30  $     9.62  
