PID   $time     $Instr Ret     $Unh Clk Cycles   $l2 trans reqs $l1lines       $l2lines       $Per Core bw   $Power         $Power2        $Power3        $bandwidth     $              $IPC           $MEM INTENSIITY$L2->L1 BW (MB)$L3->L2 BW (MB)$MM->L3 BW (MB)$L2 REUSE      $L3 REUSE      
58592 $  1003   $ 22170409489  $  8810685711     $     3913322  $   346859056  $   346867685  $     2709468  $      50      $       0      $      97      $           0  $              $2.516309      $3913322.000000      $22.132584 $22.133133 $0.172887 $     1.00  $   128.02  
58590 $  1004   $ 14599685136  $  8761896044     $       88818  $  1842296497  $     6397352  $     5005974  $       0      $       0      $      97      $           0  $              $1.666270      $88818.000000      $117.437225 $0.407799 $0.319106 $   287.98  $     1.28  
58592 $  2005   $ 23157202721  $  9156904789     $     4075329  $   362088712  $   362073622  $     2229062  $      52      $       0      $      97      $           0  $              $2.528934      $4075329.000000      $23.127422 $23.126459 $0.142375 $     1.00  $   162.43  
58590 $  2006   $ 15267377303  $  9124302679     $       79638  $  1927513487  $     6324604  $     5120879  $       0      $       0      $      97      $           0  $              $1.673265      $79638.000000      $123.114632 $0.403967 $0.327082 $   304.76  $     1.24  
58592 $  3007   $ 23229019466  $  9163631508     $     4094040  $   363377335  $   363352250  $     2075750  $      52      $       0      $      97      $           0  $              $2.534914      $4094040.000000      $23.209730 $23.208128 $0.132583 $     1.00  $   175.05  
58590 $  3008   $ 15264500623  $  9124091667     $       79401  $  1927108028  $     6315396  $     5131210  $       0      $       0      $      97      $           0  $              $1.672989      $79401.000000      $123.088730 $0.403379 $0.327742 $   305.14  $     1.23  
58592 $  4009   $ 23159746294  $  9158095395     $     4071902  $   362125698  $   362113812  $     2232763  $      52      $       0      $      97      $           0  $              $2.528882      $4071902.000000      $23.129786 $23.129026 $0.142612 $     1.00  $   162.18  
58590 $  4010   $ 15275190376  $  9130001588     $       79563  $  1928577108  $     6321957  $     5122015  $       0      $       0      $      97      $           0  $              $1.673076      $79563.000000      $123.182571 $0.403798 $0.327155 $   305.06  $     1.23  
58592 $  5011   $ 23151551735  $  9154427647     $     4074618  $   361999138  $   361984091  $     2220838  $      52      $       0      $      97      $           0  $              $2.529001      $4074618.000000      $23.121702 $23.120741 $0.141850 $     1.00  $   162.99  
58590 $  5012   $ 15267572209  $  9124912310     $       80258  $  1927627597  $     6317269  $     5120468  $       0      $       0      $      97      $           0  $              $1.673175      $80258.000000      $123.121925 $0.403498 $0.327056 $   305.14  $     1.23  
58592 $  6014   $ 23230202814  $  9164170371     $     4092597  $   363395514  $   363366744  $     2063198  $      52      $       0      $      97      $           0  $              $2.534894      $4092597.000000      $23.187750 $23.185915 $0.131650 $     1.00  $   176.12  
58590 $  6015   $ 15260635604  $  9124310068     $       80352  $  1926491450  $     6327536  $     5128929  $       0      $       0      $      97      $           0  $              $1.672525      $80352.000000      $122.926666 $0.403751 $0.327270 $   304.46  $     1.23  
58592 $  7017   $ 23167098211  $  9158069837     $     4077419  $   362240299  $   362226878  $     2134615  $      52      $       0      $      97      $           0  $              $2.529692      $4077419.000000      $23.114037 $23.113180 $0.136207 $     1.00  $   169.69  
58590 $  7018   $ 15316798488  $  9131091900     $       76453  $  1938513393  $     5988837  $     4913313  $       0      $       0      $      97      $           0  $              $1.677433      $76453.000000      $123.693779 $0.382139 $0.313511 $   323.69  $     1.22  
58592 $  8020   $ 23148489043  $  9157449657     $     4072313  $   361913303  $   361899161  $     2232760  $      52      $       0      $      97      $           0  $              $2.527831      $4072313.000000      $23.093172 $23.092270 $0.142469 $     1.00  $   162.09  
58590 $  8021   $ 15260426850  $  9124745821     $       78063  $  1926380632  $     6313417  $     5128249  $       0      $       0      $      97      $           0  $              $1.672422      $78063.000000      $122.919601 $0.402850 $0.327226 $   305.12  $     1.23  
58592 $  9022   $ 23148798301  $  9154532885     $     4074302  $   361954877  $   361937337  $     2268092  $      52      $       0      $      97      $           0  $              $2.528671      $4074302.000000      $23.118876 $23.117754 $0.144868 $     1.00  $   159.58  
58590 $  9023   $ 15269830833  $  9125969558     $       79920  $  1927967314  $     6321721  $     5118019  $       0      $       0      $      97      $           0  $              $1.673228      $79920.000000      $123.143623 $0.403783 $0.326899 $   304.98  $     1.24  
58592 $ 10024   $ 23245734686  $  9164825439     $     4096484  $   363676629  $   363653547  $     2032367  $      52      $       0      $      97      $           0  $              $2.536408      $4096484.000000      $23.228848 $23.227371 $0.129812 $     1.00  $   178.93  
58590 $ 10025   $ 15268813779  $  9125709117     $       79130  $  1927633152  $     6324227  $     5123202  $       0      $       0      $      97      $           0  $              $1.673165      $79130.000000      $123.122276 $0.403943 $0.327230 $   304.80  $     1.23  
58592 $ 11026   $ 23144375760  $  9158320074     $     4074376  $   361847395  $   361834593  $     2282212  $      52      $       0      $      97      $           0  $              $2.527142      $4074376.000000      $23.112009 $23.111191 $0.145770 $     1.00  $   158.55  
58590 $ 11027   $ 15260074082  $  9124485927     $       79221  $  1926359875  $     6324767  $     5123957  $       0      $       0      $      97      $           0  $              $1.672431      $79221.000000      $123.040955 $0.403977 $0.327279 $   304.57  $     1.23  
58592 $ 12028   $ 23153443032  $  9156545457     $     4080182  $   362024588  $   362008330  $     2209219  $      52      $       0      $      97      $           0  $              $2.528622      $4080182.000000      $23.123325 $23.122288 $0.141108 $     1.00  $   163.86  
58590 $ 12029   $ 15266765801  $  9123580693     $       79852  $  1927504271  $     6330612  $     5119314  $       0      $       0      $      97      $           0  $              $1.673330      $79852.000000      $123.114044 $0.404350 $0.326982 $   304.47  $     1.24  
58592 $ 13030   $ 23242769490  $  9164058959     $     4092871  $   363624528  $   363600709  $     2031565  $      52      $       0      $      97      $           0  $              $2.536297      $4092871.000000      $23.225517 $23.223997 $0.129761 $     1.00  $   178.98  
58590 $ 13031   $ 15268268972  $  9124693263     $       80065  $  1927641045  $     6328173  $     5118944  $       0      $       0      $      97      $           0  $              $1.673291      $80065.000000      $123.122787 $0.404195 $0.326959 $   304.61  $     1.24  
58592 $ 14033   $ 23145730396  $  9157020349     $     4074657  $   361876050  $   361861901  $     2260937  $      52      $       0      $      97      $           0  $              $2.527648      $4074657.000000      $23.090796 $23.089891 $0.144267 $     1.00  $   160.05  
58590 $ 14033   $ 15261503175  $  9123797535     $       79128  $  1926605004  $     6318302  $     5128112  $       0      $       0      $      97      $           0  $              $1.672714      $79128.000000      $123.056610 $0.403564 $0.327544 $   304.92  $     1.23  
58592 $ 14699   $ 15600146895  $  6158827098     $     2739386  $   243928711  $   243917186  $     1205181  $      32      $       0      $      97      $           0  $              $2.532974      $2739386.000000      $23.440596 $23.439489 $0.115813 $     1.00  $   202.39  
58590 $ 14699   $  8307866992  $  4960348075     $      132392  $  1051785490  $     3159496  $     2609886  $       0      $       0      $      97      $           0  $              $1.674856      $132392.000000      $101.072479 $0.303615 $0.250800 $   332.90  $     1.21  
58592 $ 14973   $  6610488409  $  2583579457     $     1175223  $   103472281  $   103454787  $       71064  $       9      $       0      $      97      $           0  $              $2.558655      $1175223.000000      $24.168707 $24.164621 $0.016599 $     1.00  $  1455.80  
58610 $  1003   $ 14862535265  $  8878394682     $       95925  $  1877405444  $     6373559  $     4411156  $      35      $       0      $      65      $           0  $              $1.674012      $95925.000000      $119.794563 $0.406688 $0.281470 $   294.56  $     1.44  
