PID   $time     $Instr Ret     $Unh Clk Cycles   $l2 trans reqs $l1lines       $l2lines       $Per Core bw   $Power         $Power2        $Power3        $bandwidth     $              $IPC           $MEM INTENSIITY$L2->L1 BW (MB)$L3->L2 BW (MB)$MM->L3 BW (MB)$L2 REUSE      $L3 REUSE      
50623 $    68   $    28114109  $    84819965     $         159  $        5556  $        1100  $         163  $       0      $       0      $      97      $           0  $              $0.331456      $159.000000      $0.005229 $0.001035 $0.000153 $     5.05  $     6.75  
50621 $    68   $        2107  $       19787     $         150  $         295  $         607  $         103  $       0      $       0      $      97      $           0  $              $0.106484      $150.000000      $0.000278 $0.000571 $0.000097 $     0.49  $     5.89  
50623 $  1071   $  4119538757  $  8805438428     $     3702986  $    46575572  $    42247368  $    35117751  $      29      $       0      $      97      $           0  $              $0.467840      $3702986.000000      $2.971921 $2.695744 $2.240814 $     1.10  $     1.20  
50623 $  1073   $     2125281  $     5379124     $         994  $       17017  $       16956  $       16634  $       0      $       0      $      97      $           0  $              $0.395098      $994.000000      $0.544544 $0.542592 $0.532288 $     1.00  $     1.02  
50623 $  1143   $   268522755  $   646780489     $       93763  $     1836326  $     1869457  $     1731234  $       2      $       0      $      97      $           0  $              $0.415168      $93763.000000      $1.678927 $1.709218 $1.582842 $     0.98  $     1.08  
50635 $    70   $        2107  $       66637     $         240  $         164  $         450  $           1  $       0      $       0      $      97      $           0  $              $0.031619      $240.000000      $0.000150 $0.000411 $0.000001 $     0.36  $   450.00  
50623 $  2145   $  4412239865  $  9408130160     $     3872407  $    49851677  $    45111020  $    37512801  $      31      $       0      $      97      $           0  $              $0.468982      $3872407.000000      $3.184139 $2.881343 $2.396027 $     1.11  $     1.20  
50623 $  2147   $     2054897  $     5205784     $         850  $       16498  $       16424  $       16154  $       0      $       0      $      97      $           0  $              $0.394733      $850.000000      $0.527936 $0.525568 $0.516928 $     1.00  $     1.02  
50623 $  2239   $   393447585  $   856201564     $      319897  $     4218284  $     3852013  $     3250709  $       2      $       0      $      97      $           0  $              $0.459527      $319897.000000      $2.934458 $2.679661 $2.261363 $     1.10  $     1.18  
50640 $    92   $        2107  $       67017     $         240  $         166  $         451  $           0  $       0      $       0      $      97      $           0  $              $0.031440      $240.000000      $0.000115 $0.000314 $0.000000 $     0.37  $      inf  
50623 $  3240   $  4376508250  $  9414480455     $     3701551  $    48164429  $    43837265  $    36625724  $      32      $       0      $      97      $           0  $              $0.464870      $3701551.000000      $3.079444 $2.802782 $2.341705 $     1.10  $     1.20  
50623 $  3242   $     1957496  $     4950304     $         786  $       15836  $       15793  $       15222  $       0      $       0      $      97      $           0  $              $0.395429      $786.000000      $0.506752 $0.505376 $0.487104 $     1.00  $     1.04  
50623 $  3322   $   347074014  $   739737249     $      300433  $     3886763  $     3529808  $     2930390  $       2      $       0      $      97      $           0  $              $0.469186      $300433.000000      $3.109410 $2.823846 $2.344312 $     1.10  $     1.20  
50642 $    80   $        2107  $       69105     $         242  $         168  $         460  $           3  $       0      $       0      $      97      $           0  $              $0.030490      $242.000000      $0.000134 $0.000368 $0.000002 $     0.37  $   153.33  
50623 $  4323   $  4251520033  $  9077991615     $     3605829  $    47251449  $    42894093  $    35846415  $      30      $       0      $      97      $           0  $              $0.468333      $3605829.000000      $3.021072 $2.742479 $2.291879 $     1.10  $     1.20  
50623 $  4325   $     2006447  $     5081995     $         822  $       16173  $       16108  $       15866  $       0      $       0      $      97      $           0  $              $0.394815      $822.000000      $0.517536 $0.515456 $0.507712 $     1.00  $     1.02  
50623 $  4377   $   193697211  $   485919285     $       72151  $     1378808  $     1372300  $     1331203  $       1      $       0      $      97      $           0  $              $0.398620      $72151.000000      $1.696994 $1.688985 $1.638404 $     1.00  $     1.03  
50644 $    52   $        2107  $       68395     $         241  $         169  $         466  $           0  $       0      $       0      $      65      $           0  $              $0.030806      $241.000000      $0.000208 $0.000574 $0.000000 $     0.36  $      inf  
50623 $  5377   $  4537790773  $  9701477305     $     3979222  $    50765762  $    46090538  $    38303839  $      30      $       0      $      97      $           0  $              $0.467742      $3979222.000000      $3.249009 $2.949794 $2.451446 $     1.10  $     1.20  
50623 $  5378   $     2068186  $     5236486     $         805  $       16636  $       16586  $       16084  $       0      $       0      $      97      $           0  $              $0.394957      $805.000000      $1.064704 $1.061504 $1.029376 $     1.00  $     1.03  
50623 $  5462   $   364528199  $   783792536     $      308463  $     4017335  $     3658298  $     3051071  $       2      $       0      $      97      $           0  $              $0.465083      $308463.000000      $3.060827 $2.787275 $2.324625 $     1.10  $     1.20  
50646 $    84   $        2107  $       67022     $         238  $         162  $         445  $           2  $       0      $       0      $      65      $           0  $              $0.031437      $238.000000      $0.000123 $0.000339 $0.000002 $     0.36  $   222.50  
50623 $  6463   $  4373414193  $  9405867678     $     3695838  $    48131211  $    43817416  $    36607071  $      31      $       0      $      97      $           0  $              $0.464967      $3695838.000000      $3.077320 $2.801513 $2.340512 $     1.10  $     1.20  
50623 $  6465   $     2035171  $     5154205     $         810  $       16387  $       16350  $       15788  $       0      $       0      $      97      $           0  $              $0.394856      $810.000000      $0.524384 $0.523200 $0.505216 $     1.00  $     1.04  
50623 $  6533   $   301947675  $   626609154     $      285129  $     3568319  $     3206107  $     2621988  $       2      $       0      $      97      $           0  $              $0.481876      $285129.000000      $3.358418 $3.017513 $2.467753 $     1.11  $     1.22  
50648 $    68   $        2107  $       69339     $         241  $         163  $         459  $           8  $       0      $       0      $      97      $           0  $              $0.030387      $241.000000      $0.000153 $0.000432 $0.000008 $     0.36  $    57.38  
50623 $  7511   $  4297125293  $  9214149448     $     3670578  $    47474638  $    43162710  $    35956008  $      32      $       0      $      97      $           0  $              $0.466362      $3670578.000000      $3.106725 $2.824554 $2.352949 $     1.10  $     1.20  
