PID   $time     $Instr Ret     $Unh Clk Cycles   $l2 trans reqs $l1lines       $l2lines       $Per Core bw   $Power         $Power2        $Power3        $bandwidth     $              $IPC           $MEM INTENSIITY$L2->L1 BW (MB)$L3->L2 BW (MB)$MM->L3 BW (MB)$L2 REUSE      $L3 REUSE      
56456 $   102   $   255541798  $   620391987     $       94079  $      592992  $      607627  $      525247  $       0      $       0      $      97      $           0  $              $0.411904      $94079.000000      $0.372073 $0.381256 $0.329567 $     0.98  $     1.16  
56458 $   103   $        2108  $       19383     $         192  $         324  $         613  $         141  $       1      $       0      $      97      $           0  $              $0.108755      $192.000000      $0.000201 $0.000381 $0.000088 $     0.53  $     4.35  
56456 $  1104   $  4377863969  $  9352245377     $    16060994  $   273822892  $   203933142  $    46282853  $       0      $       0      $      97      $           0  $              $0.468108      $16060994.000000      $17.489685 $13.025669 $2.956190 $     1.34  $     4.41  
56456 $  1107   $      592509  $     1455210     $           2  $           2  $          16  $           0  $       0      $       0      $      97      $           0  $              $0.407164      $2.000000      $0.000043 $0.000341 $0.000000 $     0.12  $      inf  
56456 $  1158   $    85856108  $   212644870     $       20733  $      387661  $      382544  $      370934  $       1      $       0      $      97      $           0  $              $0.403754      $20733.000000      $0.486477 $0.480055 $0.465486 $     1.01  $     1.03  
56475 $    51   $        2107  $       69650     $         257  $         184  $         469  $          16  $       0      $       0      $      97      $           0  $              $0.030251      $257.000000      $0.000231 $0.000589 $0.000020 $     0.39  $    29.31  
56456 $  2159   $  4102721503  $  8554365460     $    15907501  $   273196295  $   203325149  $    45674875  $      31      $       0      $      97      $           0  $              $0.479606      $15907501.000000      $17.467094 $12.999810 $2.920272 $     1.34  $     4.45  
56456 $  2161   $     2066100  $     5183628     $         641  $       13039  $       12892  $       12699  $       0      $       0      $      97      $           0  $              $0.398582      $641.000000      $0.417248 $0.412544 $0.406368 $     1.01  $     1.02  
56456 $  2237   $   325902595  $   710872126     $      222655  $     4270762  $     2769133  $     2573801  $       2      $       0      $      97      $           0  $              $0.458455      $222655.000000      $3.596431 $2.331902 $2.167411 $     1.54  $     1.08  
56480 $    77   $        2107  $       67563     $         258  $         185  $         481  $          19  $       0      $       0      $      97      $           0  $              $0.031186      $258.000000      $0.000154 $0.000400 $0.000016 $     0.38  $    25.32  
56456 $  3238   $  4435391058  $  9465963560     $    17095642  $   291372547  $   217178106  $    48931395  $      33      $       0      $      97      $           0  $              $0.468562      $17095642.000000      $18.629213 $13.885513 $3.128481 $     1.34  $     4.44  
56456 $  3240   $     1230907  $     5224108     $       16015  $      288001  $      237359  $       16009  $       0      $       0      $      97      $           0  $              $0.235621      $16015.000000      $9.216032 $7.595488 $0.512288 $     1.21  $    14.83  
56456 $  3321   $   345402535  $   749439286     $     1448769  $    23797240  $    18531692  $     4043162  $       2      $       0      $      97      $           0  $              $0.460881      $1448769.000000      $18.802757 $14.642324 $3.194597 $     1.28  $     4.58  
56482 $    81   $        2107  $       68008     $         276  $         201  $         485  $          32  $       0      $       0      $      97      $           0  $              $0.030982      $276.000000      $0.000159 $0.000383 $0.000025 $     0.41  $    15.16  
56456 $  4322   $  4520935202  $  9580762438     $    16381307  $   278913059  $   207004289  $    49135438  $      32      $       0      $      97      $           0  $              $0.471876      $16381307.000000      $17.832603 $13.235040 $3.141527 $     1.35  $     4.21  
56456 $  4325   $     9246257  $     7532188     $       18517  $      347989  $      128477  $      110947  $       0      $       0      $      97      $           0  $              $1.227566      $18517.000000      $7.423765 $2.740843 $2.366869 $     2.71  $     1.16  
56456 $  4404   $   318519125  $   739343179     $     2345369  $    39093543  $    30428690  $     4469158  $       2      $       0      $      97      $           0  $              $0.430814      $2345369.000000      $31.670719 $24.651091 $3.620584 $     1.28  $     6.81  
56484 $    80   $        2107  $       90961     $         356  $         195  $         467  $          35  $       0      $       0      $      65      $           0  $              $0.023164      $356.000000      $0.000156 $0.000374 $0.000028 $     0.42  $    13.34  
56456 $  5404   $  4445180855  $  9528983709     $    16210014  $   275780990  $   205879538  $    48182969  $      31      $       0      $      97      $           0  $              $0.466491      $16210014.000000      $17.649984 $13.176291 $3.083710 $     1.34  $     4.27  
56456 $  5406   $     2426182  $     6082551     $         748  $       15369  $       15180  $       14772  $       0      $       0      $      97      $           0  $              $0.398876      $748.000000      $0.491808 $0.485760 $0.472704 $     1.01  $     1.03  
56456 $  5490   $   356632196  $   786020192     $     1606541  $    28104061  $    20605852  $     3906916  $       2      $       0      $      97      $           0  $              $0.453719      $1606541.000000      $21.412617 $15.699697 $2.976698 $     1.36  $     5.27  
56486 $    84   $        2230  $       95470     $         372  $         272  $         601  $          77  $       0      $       0      $      65      $           0  $              $0.023358      $372.000000      $0.000207 $0.000458 $0.000059 $     0.45  $     7.81  
56456 $  6491   $  4507476578  $  9526424029     $    17156903  $   290708031  $   216797158  $    50067321  $      32      $       0      $      97      $           0  $              $0.473155      $17156904.000000      $18.586727 $13.861156 $3.201107 $     1.34  $     4.33  
56456 $  6493   $     2430766  $     6095076     $         760  $       15422  $       15245  $       14818  $       0      $       0      $      97      $           0  $              $0.398808      $760.000000      $0.493504 $0.487840 $0.474176 $     1.01  $     1.03  
56456 $  6609   $   481742325  $  1089696864     $     1565318  $    27464695  $    20231866  $     4726566  $       3      $       0      $      97      $           0  $              $0.442088      $1565318.000000      $15.152936 $11.162409 $2.607761 $     1.36  $     4.28  
56488 $   115   $        2107  $       76559     $         315  $         240  $         533  $          67  $       0      $       0      $      65      $           0  $              $0.027521      $315.000000      $0.000134 $0.000297 $0.000037 $     0.45  $     7.96  
56456 $  7611   $  4372447639  $  9394381357     $    16947421  $   288747608  $   216231265  $    48211240  $      32      $       0      $      97      $           0  $              $0.465432      $16947420.000000      $18.442961 $13.811178 $3.079361 $     1.34  $     4.49  
56456 $  7613   $    11792395  $     6121257     $       26240  $      369293  $      186751  $      184583  $       0      $       0      $      97      $           0  $              $1.926466      $26240.000000      $11.817376 $5.976032 $5.906656 $     1.98  $     1.01  
56456 $  7708   $   504432063  $   897420698     $      620646  $    11171129  $     6276575  $     4833706  $       3      $       0      $      97      $           0  $              $0.562091      $620646.000000      $7.525813 $4.228429 $3.256392 $     1.78  $     1.30  
56490 $    95   $        2107  $       98994     $         382  $         213  $         503  $          57  $       0      $       0      $      97      $           0  $              $0.021284      $382.000000      $0.000143 $0.000339 $0.000038 $     0.42  $     8.82  
56456 $  8268   $  2437978782  $  5288662249     $    10243864  $   173171806  $   130707023  $    27435573  $      18      $       0      $      97      $           0  $              $0.460982      $10243864.000000      $19.791063 $14.937945 $3.135494 $     1.32  $     4.76  
