PID   $time     $Instr Ret     $Unh Clk Cycles   $l2 trans reqs $l1lines       $l2lines       $Per Core bw   $Power         $Power2        $Power3        $bandwidth     $              $IPC           $MEM INTENSIITY$L2->L1 BW (MB)$L3->L2 BW (MB)$MM->L3 BW (MB)$L2 REUSE      $L3 REUSE      
56833 $  1003   $  3936944845  $  7238357895     $     3109625  $    79154019  $    62062466  $    59362108  $      41      $       0      $      97      $           0  $              $0.543900      $3109625.000000      $5.050705 $3.960117 $3.787812 $     1.28  $     1.05  
56831 $  1003   $  3815120979  $  8758877348     $    14022828  $   227828497  $   172257170  $    38364261  $       0      $       0      $      97      $           0  $              $0.435572      $14022828.000000      $14.537412 $10.991485 $2.447969 $     1.32  $     4.49  
56833 $  2005   $  4791036372  $  9042103856     $     3598719  $    94418569  $    75144024  $    71737390  $      44      $       0      $      97      $           0  $              $0.529859      $3598719.000000      $6.030727 $4.799618 $4.582029 $     1.26  $     1.05  
56831 $  2005   $  3999274970  $  9100842254     $    14789657  $   241317603  $   181031635  $    43396885  $       0      $       0      $      97      $           0  $              $0.439440      $14789657.000000      $15.413500 $11.562899 $2.771857 $     1.33  $     4.17  
56833 $  3007   $  4848871196  $  9035677786     $     3670854  $    96377066  $    76439416  $    72930596  $      44      $       0      $      97      $           0  $              $0.536636      $3670854.000000      $6.155820 $4.882358 $4.658241 $     1.26  $     1.05  
56831 $  3007   $  3912568890  $  9101708677     $    16147777  $   262162962  $   200229284  $    43789804  $       0      $       0      $      97      $           0  $              $0.429872      $16147777.000000      $16.744940 $12.789096 $2.796953 $     1.31  $     4.57  
56833 $  4009   $  4854838728  $  9043406236     $     3762282  $    97566911  $    76986004  $    73605713  $      44      $       0      $      97      $           0  $              $0.536837      $3762282.000000      $6.231819 $4.917269 $4.701363 $     1.27  $     1.05  
56831 $  4009   $  3979882716  $  9101242571     $    15014257  $   245098323  $   184205267  $    43388764  $       0      $       0      $      97      $           0  $              $0.437290      $15014257.000000      $15.654983 $11.765606 $2.771338 $     1.33  $     4.25  
56833 $  5011   $  4819172378  $  9041182174     $     3533524  $    94829659  $    75534791  $    72119973  $      44      $       0      $      97      $           0  $              $0.533025      $3533524.000000      $6.056984 $4.824577 $4.606465 $     1.26  $     1.05  
56831 $  5011   $  3931677016  $  9101426688     $    15916060  $   258390075  $   197049732  $    43798307  $       0      $       0      $      97      $           0  $              $0.431985      $15916060.000000      $16.503958 $12.586011 $2.797497 $     1.31  $     4.50  
56833 $  6014   $  4907066817  $  9037273560     $     3849045  $    99536971  $    78198657  $    74729631  $      44      $       0      $      97      $           0  $              $0.542981      $3849045.000000      $6.351312 $4.989745 $4.768391 $     1.27  $     1.05  
56831 $  6014   $  3965826008  $  9101832074     $    15304064  $   250136545  $   188436106  $    43444391  $       0      $       0      $      97      $           0  $              $0.435717      $15304064.000000      $15.960856 $12.023840 $2.772125 $     1.33  $     4.34  
56833 $  7017   $  4820007915  $  9042044787     $     3538750  $    94827425  $    75520572  $    72109318  $      44      $       0      $      97      $           0  $              $0.533066      $3538750.000000      $6.050803 $4.818860 $4.601193 $     1.26  $     1.05  
56831 $  7017   $  3953641532  $  9101372467     $    15616846  $   253383434  $   192857245  $    43771857  $       0      $       0      $      97      $           0  $              $0.434401      $15616846.000000      $16.168036 $12.305946 $2.793020 $     1.31  $     4.41  
56831 $  7734   $  2888752525  $  6573513010     $    11186448  $   183310549  $   138826479  $    31755536  $       0      $       0      $      97      $           0  $              $0.439453      $11186448.000000      $16.362448 $12.391764 $2.834525 $     1.32  $     4.37  
56833 $  7735   $  2936330417  $  5456415672     $     2352338  $    59015039  $    46235612  $    44180581  $      30      $       0      $      97      $           0  $              $0.538143      $2352338.000000      $5.260394 $4.121280 $3.938102 $     1.28  $     1.05  
56831 $  8125   $  1774699039  $  3836948719     $     7012539  $   119352930  $    89889075  $    19515342  $       0      $       0      $      97      $           0  $              $0.462529      $7012539.000000      $19.536030 $14.713301 $3.194327 $     1.33  $     4.61  
56831 $  8128   $      333274  $     1436223     $        4004  $       77973  $       66110  $        4002  $       0      $       0      $      97      $           0  $              $0.232049      $4004.000000      $1.663424 $1.410347 $0.085376 $     1.18  $    16.52  
56851 $   952   $  3609933448  $  6774720660     $     2831409  $    71360847  $    56420943  $    53895376  $       0      $       0      $      97      $           0  $              $0.532853      $2831409.000000      $4.797368 $3.793005 $3.623219 $     1.26  $     1.05  
56831 $  9080   $  3794455719  $  8508661149     $    15017380  $   244962533  $   185543396  $    42214978  $      39      $       0      $      97      $           0  $              $0.445952      $15017380.000000      $16.468069 $12.473505 $2.837981 $     1.32  $     4.40  
