PID   $time     $Instr Ret     $Unh Clk Cycles   $l2 trans reqs $l1lines       $l2lines       $Per Core bw   $Power         $Power2        $Power3        $bandwidth     $              $IPC           $MEM INTENSIITY$L2->L1 BW (MB)$L3->L2 BW (MB)$MM->L3 BW (MB)$L2 REUSE      $L3 REUSE      
53674 $  1004   $  4295692038  $  2125475821     $      612366  $      589278  $      722478  $      390601  $      37      $       0      $      97      $           0  $              $2.021050      $612366.000000      $0.037564 $0.046054 $0.024899 $     0.82  $     1.85  
53672 $  1004   $  5234201633  $  8888278049     $     5937594  $   231928794  $   154276021  $   150604569  $       0      $       0      $      97      $           0  $              $0.588888      $5937594.000000      $14.784306 $9.834328 $9.600291 $     1.50  $     1.02  
53674 $  2007   $  4288464665  $  2128110295     $      612263  $      590309  $      731311  $      416183  $      37      $       0      $      97      $           0  $              $2.015152      $612263.000000      $0.037667 $0.046664 $0.026556 $     0.81  $     1.76  
53672 $  2007   $  5432688545  $  9134255732     $     6339057  $   247756775  $   164961892  $   161096692  $       0      $       0      $      97      $           0  $              $0.594760      $6339057.000000      $15.809006 $10.525983 $10.279350 $     1.50  $     1.02  
53674 $  3010   $  4283228990  $  2127189298     $      610927  $      589675  $      729636  $      416372  $      37      $       0      $      97      $           0  $              $2.013563      $610927.000000      $0.037626 $0.046557 $0.026568 $     0.81  $     1.75  
53672 $  3010   $  5431187622  $  9133881363     $     6349933  $   247701459  $   164943194  $   161076659  $       0      $       0      $      97      $           0  $              $0.594620      $6349933.000000      $15.805477 $10.524791 $10.278071 $     1.50  $     1.02  
53674 $  4014   $  4442665900  $  2205564994     $      607784  $      609750  $      754011  $      432676  $      37      $       0      $      97      $           0  $              $2.014298      $607784.000000      $0.038869 $0.048064 $0.027581 $     0.81  $     1.74  
53672 $  4013   $  5468216258  $  9492114666     $     6360550  $   249512976  $   165986215  $   162112111  $       0      $       0      $      97      $           0  $              $0.576080      $6360550.000000      $15.921067 $10.591343 $10.344143 $     1.50  $     1.02  
53674 $  5017   $  4291582749  $  2128939912     $      612330  $      590386  $      730496  $      413286  $      38      $       0      $      97      $           0  $              $2.015831      $612330.000000      $0.037672 $0.046612 $0.026371 $     0.81  $     1.77  
53672 $  5016   $  5411498139  $  9134141186     $     6312346  $   245651619  $   163859193  $   160024012  $       0      $       0      $      97      $           0  $              $0.592447      $6312346.000000      $15.674680 $10.455622 $10.210904 $     1.50  $     1.02  
53674 $  6020   $  4292748241  $  2129884023     $      610280  $      590188  $      731064  $      410756  $      37      $       0      $      97      $           0  $              $2.015485      $610280.000000      $0.037659 $0.046648 $0.026210 $     0.81  $     1.78  
53672 $  6019   $  5409641569  $  9133042647     $     6275060  $   245114492  $   163336213  $   159500155  $       0      $       0      $      97      $           0  $              $0.592315      $6275060.000000      $15.640407 $10.422251 $10.177478 $     1.50  $     1.02  
53674 $  7023   $  4321301455  $  2148212661     $      362868  $      593482  $      734145  $      418097  $      37      $       0      $      97      $           0  $              $2.011580      $362868.000000      $0.037869 $0.046845 $0.026678 $     0.81  $     1.76  
53672 $  7022   $  5408505994  $  9224424417     $     6278937  $   245096731  $   163334374  $   159519428  $       0      $       0      $      97      $           0  $              $0.586324      $6278937.000000      $15.639274 $10.422133 $10.178707 $     1.50  $     1.02  
53674 $  8026   $  4438350108  $  2208455815     $      155828  $      608104  $      748714  $      426370  $      37      $       0      $      97      $           0  $              $2.009707      $155828.000000      $0.038802 $0.047774 $0.027206 $     0.81  $     1.76  
53672 $  8025   $  5443880434  $  9499908175     $     6290609  $   246780136  $   164225005  $   160385411  $       0      $       0      $      97      $           0  $              $0.573046      $6290609.000000      $15.746688 $10.478964 $10.233964 $     1.50  $     1.02  
53674 $  9029   $  4270453096  $  2127638988     $      118574  $      586895  $      728206  $      414004  $      39      $       0      $      97      $           0  $              $2.007132      $118574.000000      $0.037449 $0.046466 $0.026417 $     0.81  $     1.76  
53672 $  9028   $  5411415337  $  9132392715     $     6338853  $   246593403  $   164359812  $   160534004  $       0      $       0      $      97      $           0  $              $0.592552      $6338853.000000      $15.734774 $10.487565 $10.243445 $     1.50  $     1.02  
53674 $ 10032   $  4274021814  $  2128503710     $      119077  $      587401  $      728161  $      414199  $      39      $       0      $      97      $           0  $              $2.007994      $119077.000000      $0.037481 $0.046463 $0.026429 $     0.81  $     1.76  
53672 $ 10031   $  5410120304  $  9132926529     $     6352279  $   246549385  $   164408367  $   160584736  $       0      $       0      $      97      $           0  $              $0.592375      $6352279.000000      $15.731965 $10.490664 $10.246683 $     1.50  $     1.02  
53674 $ 11035   $  4272971917  $  2127936007     $      119111  $      587322  $      728825  $      416235  $      39      $       0      $      97      $           0  $              $2.008036      $119111.000000      $0.037476 $0.046505 $0.026559 $     0.81  $     1.75  
53672 $ 11034   $  5413020405  $  9132603123     $     6332064  $   246699445  $   164331884  $   160507302  $       0      $       0      $      97      $           0  $              $0.592714      $6332064.000000      $15.741540 $10.485784 $10.241742 $     1.50  $     1.02  
53674 $ 12039   $  4436388302  $  2210516819     $      127010  $      608321  $      751999  $      428085  $      37      $       0      $      97      $           0  $              $2.006946      $127010.000000      $0.038777 $0.047936 $0.027288 $     0.81  $     1.76  
53672 $ 12038   $  5465746439  $  9503779557     $     6366125  $   249313906  $   165850217  $   161990209  $       0      $       0      $      97      $           0  $              $0.575113      $6366125.000000      $15.892520 $10.572125 $10.326069 $     1.50  $     1.02  
53674 $ 12533   $  2155212743  $  1065623347     $      100158  $      293625  $      356677  $      180821  $      18      $       0      $      97      $           0  $              $2.022490      $100158.000000      $0.038040 $0.046209 $0.023426 $     0.82  $     1.97  
53672 $ 12532   $  2281861296  $  3784526042     $     2865291  $   107319280  $    71527683  $    69892173  $       0      $       0      $      97      $           0  $              $0.602945      $2865291.000000      $13.903712 $9.266744 $9.054857 $     1.50  $     1.02  
53674 $ 13118   $  2924019162  $  1371370155     $      444383  $      372057  $      393826  $         112  $      14      $       0      $      97      $           0  $              $2.132188      $444383.000000      $0.040704 $0.043085 $0.000012 $     0.94  $  3516.30  
53674 $ 13120   $     3811912  $     1804681     $        3064  $         628  $         813  $           0  $       0      $       0      $      97      $           0  $              $2.112236      $3064.000000      $0.020096 $0.026016 $0.000000 $     0.77  $      inf  
53674 $ 14124   $  4319008657  $  2137745142     $      618620  $      593641  $      729043  $      395701  $      37      $       0      $      97      $           0  $              $2.020357      $618620.000000      $0.037842 $0.046473 $0.025224 $     0.81  $     1.84  
53689 $  1004   $  5247389658  $  8917501350     $     5952923  $   232669118  $   154733023  $   151174443  $       0      $       0      $      97      $           0  $              $0.588437      $5952923.000000      $14.831498 $9.863460 $9.636619 $     1.50  $     1.02  
53674 $ 15127   $  4286695320  $  2129527640     $      593021  $      592111  $      734388  $      422114  $      37      $       0      $      97      $           0  $              $2.012980      $593021.000000      $0.037782 $0.046860 $0.026934 $     0.81  $     1.74  
53689 $  2007   $  5420895389  $  9136986480     $     6324599  $   247128898  $   164556737  $   160828718  $       0      $       0      $      97      $           0  $              $0.593291      $6324599.000000      $15.768943 $10.500131 $10.262251 $     1.50  $     1.02  
53674 $ 16130   $  4278085173  $  2127917225     $      121390  $      591096  $      733305  $      416787  $      39      $       0      $      97      $           0  $              $2.010457      $121390.000000      $0.037717 $0.046791 $0.026595 $     0.81  $     1.76  
53689 $  3010   $  5414773600  $  9124827224     $     6301003  $   246731626  $   164081904  $   160384640  $       0      $       0      $      97      $           0  $              $0.593411      $6301003.000000      $15.743593 $10.469832 $10.233915 $     1.50  $     1.02  
53674 $ 17133   $  4271064141  $  2126816325     $      120118  $      589457  $      731951  $      421290  $      39      $       0      $      97      $           0  $              $2.008196      $120118.000000      $0.037612 $0.046705 $0.026882 $     0.81  $     1.74  
53689 $  4013   $  5419543565  $  9125597177     $     6288020  $   247026183  $   164124248  $   160421658  $       0      $       0      $      97      $           0  $              $0.593884      $6288020.000000      $15.762388 $10.472535 $10.236278 $     1.51  $     1.02  
53674 $ 18136   $  4274083864  $  2127678782     $      119264  $      589324  $      731097  $      417565  $      39      $       0      $      97      $           0  $              $2.008801      $119264.000000      $0.037604 $0.046650 $0.026644 $     0.81  $     1.75  
53689 $  5016   $  5409495282  $  9127591327     $     6318933  $   246476035  $   164103023  $   160397794  $       0      $       0      $      97      $           0  $              $0.592653      $6318933.000000      $15.727284 $10.471180 $10.234755 $     1.50  $     1.02  
53674 $ 19139   $  4280948647  $  2130651421     $      119268  $      590225  $      733497  $      419620  $      39      $       0      $      97      $           0  $              $2.009221      $119268.000000      $0.037661 $0.046803 $0.026775 $     0.80  $     1.75  
53689 $  6019   $  5405447504  $  9140658040     $     6329423  $   246301217  $   164087779  $   160389185  $       0      $       0      $      97      $           0  $              $0.591363      $6329423.000000      $15.716129 $10.470207 $10.234205 $     1.50  $     1.02  
53674 $ 20141   $  8064839375  $  6328220164     $       72015  $    26137531  $    35331295  $     9714776  $      45      $       0      $      97      $           0  $              $1.274425      $72015.000000      $1.669463 $2.256690 $0.620505 $     0.74  $     3.64  
53689 $  7021   $  5165043187  $  9116202926     $     5864840  $   234242788  $   155786710  $   152227817  $       0      $       0      $      97      $           0  $              $0.566578      $5864840.000000      $14.961615 $9.950448 $9.723134 $     1.50  $     1.02  
53674 $ 21143   $ 11901287443  $  9111670904     $       82586  $    27147331  $    42611756  $     7797397  $      48      $       0      $      97      $           0  $              $1.306159      $82586.000000      $1.733961 $2.721709 $0.498037 $     0.64  $     5.46  
53689 $  8023   $  5277294500  $  9109985005     $     6076325  $   239664889  $   159744892  $   156007351  $       0      $       0      $      97      $           0  $              $0.579287      $6076325.000000      $15.307938 $10.203267 $9.964540 $     1.50  $     1.02  
53674 $ 22145   $ 11890573820  $  9111556263     $       82276  $    27103901  $    42530052  $     7786418  $      48      $       0      $      97      $           0  $              $1.304999      $82276.000000      $1.731187 $2.716490 $0.497336 $     0.64  $     5.46  
53689 $  9025   $  5288853486  $  9109784099     $     6044328  $   240276262  $   159801601  $   156051717  $       0      $       0      $      97      $           0  $              $0.580568      $6044328.000000      $15.346987 $10.206888 $9.967375 $     1.50  $     1.02  
53674 $ 23147   $ 11890623799  $  9112535456     $       81592  $    27114196  $    42540936  $     7787216  $      48      $       0      $      97      $           0  $              $1.304865      $81592.000000      $1.731845 $2.717185 $0.497387 $     0.64  $     5.46  
53689 $ 10027   $  5279125291  $  9110951164     $     6079469  $   239820076  $   159838486  $   156101950  $       0      $       0      $      97      $           0  $              $0.579426      $6079469.000000      $15.317849 $10.209244 $9.970584 $     1.50  $     1.02  
53674 $ 24149   $ 11893350156  $  9111232339     $       82872  $    27112690  $    42548218  $     7789421  $      48      $       0      $      97      $           0  $              $1.305350      $82872.000000      $1.731749 $2.717650 $0.497528 $     0.64  $     5.46  
53689 $ 11029   $  5290904851  $  9109634119     $     6042773  $   240424808  $   159854043  $   156109495  $       0      $       0      $      97      $           0  $              $0.580803      $6042773.000000      $15.356474 $10.210238 $9.971066 $     1.50  $     1.02  
53674 $ 25151   $ 11902761953  $  9111301692     $       82911  $    27138928  $    42613741  $     7797799  $      48      $       0      $      97      $           0  $              $1.306373      $82911.000000      $1.733425 $2.721836 $0.498063 $     0.64  $     5.46  
53689 $ 12031   $  5276520896  $  9110028341     $     6079976  $   239672348  $   159775628  $   156039340  $       0      $       0      $      97      $           0  $              $0.579199      $6079976.000000      $15.308414 $10.205230 $9.966585 $     1.50  $     1.02  
53674 $ 25863   $  8537934471  $  6521376936     $       58698  $    19459136  $    30534085  $     5580557  $      33      $       0      $      97      $           0  $              $1.309223      $58698.000000      $1.749136 $2.744637 $0.501623 $     0.64  $     5.47  
53689 $ 12744   $  3368054031  $  5748622995     $     4009712  $   155625277  $   103433337  $   101023410  $       0      $       0      $      97      $           0  $              $0.585889      $4009712.000000      $13.969170 $9.284339 $9.068020 $     1.50  $     1.02  
53674 $ 26230   $  4684213278  $  3422098406     $       29630  $    10770804  $    16892976  $     3024552  $      12      $       0      $      97      $           0  $              $1.368813      $29630.000000      $1.878287 $2.945914 $0.527442 $     0.64  $     5.59  
53674 $ 26232   $     6592945  $     4829767     $           1  $       15411  $       23780  $        4358  $       0      $       0      $      97      $           0  $              $1.365065      $1.000000      $0.493152 $0.760960 $0.139456 $     0.65  $     5.46  
53674 $ 27235   $ 11933637894  $  9116800745     $       81474  $    27230992  $    42734559  $     7810041  $      47      $       0      $      97      $           0  $              $1.308972      $81474.000000      $1.737571 $2.726831 $0.498348 $     0.64  $     5.47  
53697 $  1003   $  5107236339  $  8897250803     $     5686638  $   225491897  $   150306279  $   146257753  $       0      $       0      $      97      $           0  $              $0.574024      $5686638.000000      $14.388317 $9.590829 $9.332500 $     1.50  $     1.03  
53674 $ 28238   $ 11887889071  $  9114392597     $       82377  $    27084670  $    42520085  $     7784603  $      48      $       0      $      97      $           0  $              $1.304299      $82377.000000      $1.728234 $2.713146 $0.496724 $     0.64  $     5.46  
53697 $  2006   $  5265634765  $  9112103660     $     6066393  $   239191191  $   159892554  $   155658075  $       0      $       0      $      97      $           0  $              $0.577873      $6066393.000000      $15.262448 $10.202517 $9.932321 $     1.50  $     1.03  
53674 $ 29241   $ 11889023437  $  9114144425     $       82668  $    27081023  $    42527259  $     7785314  $      48      $       0      $      97      $           0  $              $1.304458      $82668.000000      $1.728001 $2.713604 $0.496770 $     0.64  $     5.46  
53697 $  3009   $  5269603641  $  9111943144     $     6058906  $   239405995  $   159900574  $   155660630  $       0      $       0      $      97      $           0  $              $0.578318      $6058906.000000      $15.276155 $10.203028 $9.932483 $     1.50  $     1.03  
53674 $ 30244   $ 11904374307  $  9113036285     $       82945  $    27163647  $    42628151  $     7799012  $      48      $       0      $      97      $           0  $              $1.306302      $82945.000000      $1.733274 $2.720042 $0.497644 $     0.64  $     5.47  
53697 $  4012   $  5271800654  $  9111060687     $     6044564  $   239500260  $   159879522  $   155641355  $       0      $       0      $      97      $           0  $              $0.578615      $6044564.000000      $15.282170 $10.201684 $9.931253 $     1.50  $     1.03  
53674 $ 31247   $ 11881927036  $  9112473524     $       82771  $    27073713  $    42502012  $     7780756  $      48      $       0      $      97      $           0  $              $1.303919      $82771.000000      $1.727535 $2.711993 $0.496479 $     0.64  $     5.46  
53697 $  5015   $  5266518244  $  9110320360     $     6053134  $   239238301  $   159878832  $   155646666  $       0      $       0      $      97      $           0  $              $0.578083      $6053134.000000      $15.265455 $10.201640 $9.931592 $     1.50  $     1.03  
53674 $ 32250   $ 11890312308  $  9113575863     $       82850  $    27087257  $    42531608  $     7786136  $      48      $       0      $      97      $           0  $              $1.304681      $82850.000000      $1.728399 $2.713881 $0.496822 $     0.64  $     5.46  
53697 $  6018   $  5266381456  $  9111678642     $     6061743  $   239241397  $   159943159  $   155713027  $       0      $       0      $      97      $           0  $              $0.577981      $6061743.000000      $15.265652 $10.205745 $9.935826 $     1.50  $     1.03  
53674 $ 33253   $ 11886933807  $  9113348127     $       83188  $    27082802  $    42519718  $     7783530  $      48      $       0      $      97      $           0  $              $1.304343      $83188.000000      $1.728115 $2.713123 $0.496656 $     0.64  $     5.46  
53697 $  7021   $  5273465045  $  9111239955     $     6045913  $   239557709  $   159912312  $   155675676  $       0      $       0      $      97      $           0  $              $0.578787      $6045913.000000      $15.285836 $10.203777 $9.933443 $     1.50  $     1.03  
53674 $ 34256   $ 11900697313  $  9112987138     $       81716  $    27146491  $    42607776  $     7796539  $      48      $       0      $      97      $           0  $              $1.305905      $81716.000000      $1.732179 $2.718741 $0.497486 $     0.64  $     5.46  
53697 $  8024   $  5269467810  $  9110540372     $     6043768  $   239399394  $   159822896  $   155591788  $       0      $       0      $      97      $           0  $              $0.578392      $6043768.000000      $15.275734 $10.198071 $9.928090 $     1.50  $     1.03  
53674 $ 35259   $ 11882861933  $  9112397478     $       83102  $    27073052  $    42496510  $     7781352  $      48      $       0      $      97      $           0  $              $1.304032      $83102.000000      $1.727493 $2.711642 $0.496517 $     0.64  $     5.46  
53697 $  9027   $  5267604100  $  9109945607     $     6097860  $   239676069  $   160369254  $   156132764  $       0      $       0      $      97      $           0  $              $0.578226      $6097860.000000      $15.293388 $10.232933 $9.962609 $     1.49  $     1.03  
53674 $ 36261   $ 11877180234  $  9112368419     $       82761  $    27074128  $    42480055  $     7780884  $      48      $       0      $      97      $           0  $              $1.303413      $82761.000000      $1.729286 $2.713297 $0.496983 $     0.64  $     5.46  
53697 $ 10029   $  5308865109  $  9110766852     $     6199291  $   244369074  $   163046977  $   158734924  $       0      $       0      $      97      $           0  $              $0.582702      $6199291.000000      $15.608404 $10.414178 $10.138758 $     1.50  $     1.03  
53674 $ 37263   $ 11878299054  $  9111022569     $       83238  $    27063532  $    42487084  $     7780559  $      48      $       0      $      97      $           0  $              $1.303728      $83238.000000      $1.728609 $2.713746 $0.496962 $     0.64  $     5.46  
53697 $ 11031   $  5307169353  $  9109702304     $     6184468  $   244244428  $   162922501  $   158621990  $       0      $       0      $      97      $           0  $              $0.582584      $6184468.000000      $15.600443 $10.406227 $10.131544 $     1.50  $     1.03  
53674 $ 38265   $ 11891009867  $  9113271144     $       82608  $    27095317  $    42540816  $     7787453  $      48      $       0      $      97      $           0  $              $1.304801      $82608.000000      $1.730639 $2.717178 $0.497402 $     0.64  $     5.46  
53697 $ 12033   $  5275236261  $  9111545356     $     6051550  $   239748755  $   160006267  $   155763887  $       0      $       0      $      97      $           0  $              $0.578962      $6051550.000000      $15.313293 $10.219961 $9.948991 $     1.50  $     1.03  
53674 $ 39139   $ 10522341978  $  8011194387     $       72902  $    24007310  $    37704191  $     6883066  $      40      $       0      $      97      $           0  $              $1.313455      $72902.000000      $1.757972 $2.760948 $0.504023 $     0.64  $     5.48  
53697 $ 12907   $  4142525154  $  7165945116     $     4873404  $   188349795  $   125983863  $   122648117  $       0      $       0      $      97      $           0  $              $0.578085      $4873404.000000      $13.792205 $9.225363 $8.981098 $     1.50  $     1.03  
53674 $ 39351   $  2756505064  $  2013016912     $       17039  $     6345000  $     9940405  $     1779834  $       6      $       0      $      97      $           0  $              $1.369340      $17039.000000      $1.915472 $3.000877 $0.537308 $     0.64  $     5.59  
53674 $ 39353   $     6957261  $     5106027     $           0  $       16101  $       24992  $        4513  $       0      $       0      $      97      $           0  $              $1.362559      $0.000000      $0.515232 $0.799744 $0.144416 $     0.64  $     5.54  
53674 $ 40356   $ 11946157813  $  9120805874     $       81609  $    27248741  $    42778152  $     7818774  $      47      $       0      $      97      $           0  $              $1.309770      $81609.000000      $1.738703 $2.729613 $0.498905 $     0.64  $     5.47  
53708 $  1003   $  5111472468  $  8899391149     $     5704014  $   225719129  $   150534557  $   146481119  $       0      $       0      $      97      $           0  $              $0.574362      $5704014.000000      $14.402816 $9.605395 $9.346751 $     1.50  $     1.03  
53674 $ 41359   $ 11889868353  $  9112540964     $       82245  $    27113018  $    42539637  $     7787040  $      48      $       0      $      97      $           0  $              $1.304781      $82245.000000      $1.730043 $2.714394 $0.496880 $     0.64  $     5.46  
53708 $  2006   $  5267266989  $  9110710641     $     6072540  $   239295632  $   159995116  $   155751829  $       0      $       0      $      97      $           0  $              $0.578140      $6072540.000000      $15.269114 $10.209061 $9.938302 $     1.50  $     1.03  
53674 $ 42362   $ 11899832222  $  9117272705     $       82519  $    27127845  $    42575797  $     7793574  $      48      $       0      $      97      $           0  $              $1.305196      $82519.000000      $1.730989 $2.716701 $0.497297 $     0.64  $     5.46  
53708 $  3009   $  5282957266  $  9115294874     $     6044570  $   240130419  $   160193802  $   155936626  $       0      $       0      $      97      $           0  $              $0.579571      $6044570.000000      $15.322379 $10.221739 $9.950093 $     1.50  $     1.03  
53674 $ 43365   $ 11894791645  $  9112967556     $       82066  $    27125759  $    42566319  $     7791386  $      48      $       0      $      97      $           0  $              $1.305260      $82066.000000      $1.730856 $2.716096 $0.497157 $     0.64  $     5.46  
53708 $  4012   $  5267195834  $  9111064704     $     6075492  $   239329000  $   160030772  $   155786987  $       0      $       0      $      97      $           0  $              $0.578110      $6075492.000000      $15.271242 $10.211335 $9.940546 $     1.50  $     1.03  
53674 $ 44368   $ 11923652134  $  9124241885     $       82666  $    27194317  $    42698434  $     7812748  $      48      $       0      $      97      $           0  $              $1.306810      $82666.000000      $1.735231 $2.724526 $0.498520 $     0.64  $     5.47  
53708 $  5015   $  5279925376  $  9122007164     $     6063516  $   239934483  $   160233675  $   155965088  $       0      $       0      $      97      $           0  $              $0.578812      $6063516.000000      $15.309877 $10.224282 $9.951910 $     1.50  $     1.03  
53674 $ 45371   $ 11905153368  $  9122296774     $       81839  $    27131540  $    42590010  $     7797191  $      48      $       0      $      97      $           0  $              $1.305061      $81839.000000      $1.731225 $2.717608 $0.497528 $     0.64  $     5.46  
53708 $  6018   $  5279943576  $  9120769158     $     6066729  $   239946085  $   160272332  $   156006513  $       0      $       0      $      97      $           0  $              $0.578892      $6066729.000000      $15.310617 $10.226749 $9.954553 $     1.50  $     1.03  
53674 $ 46374   $ 11903958509  $  9124232701     $       81760  $    27130792  $    42587219  $     7796288  $      48      $       0      $      97      $           0  $              $1.304653      $81760.000000      $1.731177 $2.717430 $0.497470 $     0.64  $     5.46  
53708 $  7021   $  5278433017  $  9122596240     $     6079274  $   239879357  $   160300579  $   156039802  $       0      $       0      $      97      $           0  $              $0.578611      $6079274.000000      $15.306360 $10.228551 $9.956677 $     1.50  $     1.03  
53674 $ 47376   $ 11904697049  $  9123567039     $       82330  $    27130349  $    42591572  $     7796343  $      48      $       0      $      97      $           0  $              $1.304829      $82330.000000      $1.732877 $2.720420 $0.497970 $     0.64  $     5.46  
53708 $  8024   $  5282042765  $  9121663773     $     6067541  $   240053529  $   160248605  $   155987398  $       0      $       0      $      97      $           0  $              $0.579066      $6067541.000000      $15.317473 $10.225235 $9.953333 $     1.50  $     1.03  
53674 $ 48378   $ 11923001812  $  9123348352     $       83145  $    27193821  $    42690910  $     7811858  $      48      $       0      $      97      $           0  $              $1.306867      $83145.000000      $1.736931 $2.726765 $0.498961 $     0.64  $     5.46  
53708 $  9026   $  5273882053  $  9121637834     $     6080510  $   239648358  $   160260806  $   156005895  $       0      $       0      $      97      $           0  $              $0.578173      $6080510.000000      $15.306881 $10.236218 $9.964448 $     1.50  $     1.03  
53674 $ 49380   $ 11909371769  $  9123241064     $       83275  $    27139344  $    42603024  $     7800885  $      48      $       0      $      97      $           0  $              $1.305388      $83275.000000      $1.733451 $2.721151 $0.498260 $     0.64  $     5.46  
53708 $ 10028   $  5289067685  $  9120943014     $     6107124  $   241125238  $   161110643  $   156844903  $       0      $       0      $      97      $           0  $              $0.579882      $6107124.000000      $15.401213 $10.290500 $10.018037 $     1.50  $     1.03  
53674 $ 50382   $ 11900724802  $  9122888561     $       82052  $    27110234  $    42566990  $     7796483  $      48      $       0      $      97      $           0  $              $1.304491      $82052.000000      $1.731592 $2.718850 $0.497979 $     0.64  $     5.46  
53708 $ 11030   $  5314781030  $  9120876650     $     6195796  $   244415898  $   163096418  $   158774446  $       0      $       0      $      97      $           0  $              $0.582705      $6195796.000000      $15.611395 $10.417336 $10.141282 $     1.50  $     1.03  
53674 $ 51384   $ 11898585426  $  9122186621     $       82978  $    27113135  $    42560298  $     7795027  $      48      $       0      $      97      $           0  $              $1.304357      $82978.000000      $1.731777 $2.718422 $0.497886 $     0.64  $     5.46  
53708 $ 12032   $  5314460997  $  9120881077     $     6200279  $   244412664  $   163093293  $   158769947  $       0      $       0      $      97      $           0  $              $0.582670      $6200279.000000      $15.611189 $10.417137 $10.140995 $     1.50  $     1.03  
53674 $ 52227   $ 10138502637  $  7725475596     $       69699  $    23133120  $    36320639  $     6632585  $      39      $       0      $      97      $           0  $              $1.312347      $69699.000000      $1.756251 $2.757439 $0.503541 $     0.64  $     5.48  
53708 $ 12875   $  4041407951  $  6981910317     $     4733595  $   183612206  $   122622844  $   119360976  $       0      $       0      $      97      $           0  $              $0.578840      $4733595.000000      $13.939717 $9.309445 $9.061806 $     1.50  $     1.03  
53674 $ 52460   $  2924048845  $  2141553214     $       18865  $     6713144  $    10521231  $     1885822  $       7      $       0      $      97      $           0  $              $1.365387      $18865.000000      $1.843954 $2.889952 $0.517994 $     0.64  $     5.58  
53674 $ 52462   $     7013258  $     5158295     $           0  $       16329  $       25218  $        4590  $       0      $       0      $      97      $           0  $              $1.359608      $0.000000      $0.522528 $0.806976 $0.146880 $     0.65  $     5.49  
53674 $ 53465   $ 11957834961  $  9125674727     $       81153  $    27275831  $    42828672  $     7828253  $      47      $       0      $      97      $           0  $              $1.310351      $81153.000000      $1.740432 $2.732836 $0.499510 $     0.64  $     5.47  
53713 $  1003   $  5126655766  $  8904361606     $     5652462  $   226118679  $   150613127  $   146715122  $       0      $       0      $      97      $           0  $              $0.575747      $5652462.000000      $14.428310 $9.610409 $9.361683 $     1.50  $     1.03  
53674 $ 54468   $ 11894062205  $  9117273792     $       81662  $    27088649  $    42538038  $     7789867  $      48      $       0      $      97      $           0  $              $1.304563      $81662.000000      $1.728488 $2.714292 $0.497060 $     0.64  $     5.46  
53713 $  2006   $  5301288283  $  9115659478     $     5967483  $   240598473  $   160128837  $   156050507  $       0      $       0      $      97      $           0  $              $0.581558      $5967483.000000      $15.352246 $10.217592 $9.957360 $     1.50  $     1.03  
53674 $ 55470   $ 11892494995  $  9118426481     $       81977  $    27097228  $    42531123  $     7788394  $      47      $       0      $      97      $           0  $              $1.304227      $81977.000000      $1.730761 $2.716559 $0.497462 $     0.64  $     5.46  
53713 $  3009   $  5285590277  $  9116277737     $     6031242  $   239807628  $   160168621  $   156096269  $       0      $       0      $      97      $           0  $              $0.579797      $6031242.000000      $15.301784 $10.220132 $9.960280 $     1.50  $     1.03  
53674 $ 56472   $ 11896617636  $  9118230847     $       82125  $    27091220  $    42546846  $     7791278  $      48      $       0      $      97      $           0  $              $1.304707      $82125.000000      $1.730377 $2.717563 $0.497647 $     0.64  $     5.46  
53713 $  4012   $  5301120829  $  9116374914     $     5971798  $   240566706  $   160141333  $   156063593  $       0      $       0      $      97      $           0  $              $0.581494      $5971798.000000      $15.350219 $10.218390 $9.958196 $     1.50  $     1.03  
53674 $ 57474   $ 11914576517  $  9118182404     $       81989  $    27170247  $    42657910  $     7806986  $      47      $       0      $      97      $           0  $              $1.306683      $81989.000000      $1.735425 $2.724657 $0.498650 $     0.64  $     5.46  
53713 $  5015   $  5292236550  $  9116159374     $     6000245  $   240175867  $   160211642  $   156133621  $       0      $       0      $      97      $           0  $              $0.580534      $6000245.000000      $15.325280 $10.222877 $9.962664 $     1.50  $     1.03  
53674 $ 58476   $ 11884043956  $  9111590123     $       82368  $    27069921  $    42498237  $     7782739  $      47      $       0      $      97      $           0  $              $1.304278      $82368.000000      $1.729017 $2.714458 $0.497101 $     0.64  $     5.46  
53713 $  6017   $  5292784270  $  9109991736     $     5987039  $   240168335  $   160074495  $   155999293  $       0      $       0      $      97      $           0  $              $0.580987      $5987039.000000      $15.340094 $10.224319 $9.964026 $     1.50  $     1.03  
53674 $ 59478   $ 11900482332  $  9118636019     $       82005  $    27110221  $    42563497  $     7794174  $      47      $       0      $      97      $           0  $              $1.305073      $82005.000000      $1.731591 $2.718626 $0.497831 $     0.64  $     5.46  
53713 $  7019   $  5297012415  $  9116826341     $     5996383  $   240366889  $   160178870  $   156099820  $       0      $       0      $      97      $           0  $              $0.581015      $5996383.000000      $15.352776 $10.230986 $9.970448 $     1.50  $     1.03  
53674 $ 60480   $ 11897585550  $  9116927288     $       80619  $    27104911  $    42553446  $     7792362  $      47      $       0      $      97      $           0  $              $1.305000      $80619.000000      $1.731252 $2.717985 $0.497716 $     0.64  $     5.46  
53713 $  8021   $  5290678812  $  9115553844     $     6016160  $   240046279  $   160178691  $   156103582  $       0      $       0      $      97      $           0  $              $0.580401      $6016160.000000      $15.332296 $10.230974 $9.970688 $     1.50  $     1.03  
53674 $ 61482   $ 11912901729  $  9117920636     $       82268  $    27174238  $    42648528  $     7805464  $      48      $       0      $      97      $           0  $              $1.306537      $82268.000000      $1.735680 $2.724058 $0.498553 $     0.64  $     5.46  
53713 $  9023   $  5302202235  $  9115881044     $     5975996  $   240667752  $   160168985  $   156083650  $       0      $       0      $      97      $           0  $              $0.581644      $5975996.000000      $15.371991 $10.230354 $9.969415 $     1.50  $     1.03  
53674 $ 62484   $ 11887652299  $  9112445341     $       82163  $    27073655  $    42509820  $     7785187  $      47      $       0      $      97      $           0  $              $1.304551      $82163.000000      $1.729255 $2.715198 $0.497257 $     0.64  $     5.46  
53713 $ 10025   $  5282548240  $  9110421203     $     6016743  $   239679119  $   160042013  $   155975374  $       0      $       0      $      97      $           0  $              $0.579836      $6016743.000000      $15.308846 $10.222244 $9.962499 $     1.50  $     1.03  
53674 $ 63486   $ 11895218975  $  9117926937     $       81848  $    27099556  $    42543452  $     7791263  $      47      $       0      $      97      $           0  $              $1.304597      $81848.000000      $1.730910 $2.717346 $0.497646 $     0.64  $     5.46  
53713 $ 11027   $  5305405535  $  9115852011     $     6037060  $   241533970  $   160990941  $   156897678  $       0      $       0      $      97      $           0  $              $0.581998      $6037060.000000      $15.427320 $10.282855 $10.021409 $     1.50  $     1.03  
53674 $ 64488   $ 11881862483  $  9110102837     $       82150  $    27051718  $    42483062  $     7783744  $      47      $       0      $      97      $           0  $              $1.304251      $82150.000000      $1.727854 $2.713489 $0.497165 $     0.64  $     5.46  
53713 $ 12029   $  5325049825  $  9108791784     $     6110111  $   244429517  $   162766850  $   158632810  $       0      $       0      $      97      $           0  $              $0.584606      $6110111.000000      $15.612265 $10.396286 $10.132236 $     1.50  $     1.03  
53674 $ 65318   $  9983053371  $  7608422503     $       68053  $    22777291  $    35755590  $     6532112  $      38      $       0      $      97      $           0  $              $1.312106      $68053.000000      $1.756321 $2.757058 $0.503681 $     0.64  $     5.47  
53713 $ 12859   $  3987080441  $  6812843924     $     4657238  $   183169280  $   121928188  $   118830490  $       0      $       0      $      97      $           0  $              $0.585230      $4657238.000000      $14.123897 $9.401691 $9.162833 $     1.50  $     1.03  
53674 $ 65569   $  3258060378  $  2386661579     $       20543  $     7468299  $    11720708  $     2101047  $       8      $       0      $      97      $           0  $              $1.365112      $20543.000000      $1.904267 $2.988547 $0.535725 $     0.64  $     5.58  
53674 $ 65571   $     6681887  $     4904246     $           2  $       15553  $       24042  $        4343  $       0      $       0      $      97      $           0  $              $1.362470      $2.000000      $0.497696 $0.769344 $0.138976 $     0.65  $     5.54  
53674 $ 66573   $ 11963920366  $  9125527246     $       81639  $    27295811  $    42866798  $     7832362  $      47      $       0      $      97      $           0  $              $1.311039      $81639.000000      $1.743445 $2.737999 $0.500271 $     0.64  $     5.47  
53718 $  1002   $  5110527230  $  8904155426     $     5712780  $   225661493  $   150100335  $   146410884  $       0      $       0      $      97      $           0  $              $0.573949      $5712780.000000      $14.413508 $9.587247 $9.351593 $     1.50  $     1.03  
53674 $ 67575   $ 11906114020  $  9123675135     $       82467  $    27130795  $    42596507  $     7798502  $      47      $       0      $      97      $           0  $              $1.304969      $82467.000000      $1.732905 $2.720735 $0.498108 $     0.64  $     5.46  
53718 $  2004   $  5273486951  $  9122426233     $     6089039  $   239569943  $   159774472  $   155913885  $       0      $       0      $      97      $           0  $              $0.578079      $6089039.000000      $15.301872 $10.205155 $9.958571 $     1.50  $     1.02  
53674 $ 68577   $ 11905755969  $  9122623544     $       82627  $    27123616  $    42584691  $     7796953  $      47      $       0      $      97      $           0  $              $1.305080      $82627.000000      $1.732447 $2.719980 $0.498009 $     0.64  $     5.46  
53718 $  3006   $  5282102051  $  9120257876     $     6057889  $   240018735  $   159746279  $   155877219  $       0      $       0      $      97      $           0  $              $0.579161      $6057889.000000      $15.330538 $10.203355 $9.956229 $     1.50  $     1.02  
53674 $ 69579   $ 11907863460  $  9122065090     $       82670  $    27126225  $    42593454  $     7797721  $      47      $       0      $      97      $           0  $              $1.305391      $82670.000000      $1.732613 $2.720540 $0.498058 $     0.64  $     5.46  
53718 $  4008   $  5270885554  $  9120454531     $     6091489  $   239448671  $   159750652  $   155895286  $       0      $       0      $      97      $           0  $              $0.577919      $6091489.000000      $15.294127 $10.203634 $9.957383 $     1.50  $     1.02  
53674 $ 70581   $ 11924380264  $  9123135269     $       82237  $    27187947  $    42699596  $     7813454  $      47      $       0      $      97      $           0  $              $1.307049      $82237.000000      $1.736556 $2.727319 $0.499063 $     0.64  $     5.46  
53718 $  5010   $  5280080757  $  9121439652     $     6058512  $   239915913  $   159748674  $   155885675  $       0      $       0      $      97      $           0  $              $0.578865      $6058512.000000      $15.323971 $10.203508 $9.956770 $     1.50  $     1.02  
53674 $ 71583   $ 11907212598  $  9123064581     $       83205  $    27121041  $    42597648  $     7798781  $      47      $       0      $      97      $           0  $              $1.305177      $83205.000000      $1.732282 $2.720808 $0.498126 $     0.64  $     5.46  
53718 $  6012   $  5276849644  $  9121009184     $     6079186  $   239789469  $   159769614  $   155914551  $       0      $       0      $      97      $           0  $              $0.578538      $6079186.000000      $15.315894 $10.204845 $9.958613 $     1.50  $     1.02  
53674 $ 72585   $ 11909610343  $  9124400550     $       82288  $    27136847  $    42604172  $     7800477  $      47      $       0      $      97      $           0  $              $1.305249      $82288.000000      $1.733292 $2.721225 $0.498234 $     0.64  $     5.46  
53718 $  7014   $  5272221348  $  9122143255     $     6090099  $   239547843  $   159754155  $   155896971  $       0      $       0      $      97      $           0  $              $0.577959      $6090099.000000      $15.300461 $10.203858 $9.957492 $     1.50  $     1.02  
53674 $ 73588   $ 11903413090  $  9124105110     $       82298  $    27120994  $    42581514  $     7795900  $      47      $       0      $      97      $           0  $              $1.304612      $82298.000000      $1.730552 $2.717066 $0.497445 $     0.64  $     5.46  
53718 $  8016   $  5281083289  $  9121985715     $     6064741  $   239997426  $   159732588  $   155869090  $       0      $       0      $      97      $           0  $              $0.578940      $6064741.000000      $15.329177 $10.202481 $9.955710 $     1.50  $     1.02  
53674 $ 74591   $ 11926561016  $  9123122112     $       82541  $    27180448  $    42704564  $     7813970  $      47      $       0      $      97      $           0  $              $1.307289      $82541.000000      $1.734346 $2.724917 $0.498598 $     0.64  $     5.47  
53718 $  9019   $  5270865259  $  9121114271     $     6099592  $   239469008  $   159770903  $   155914010  $       0      $       0      $      97      $           0  $              $0.577875      $6099592.000000      $15.280176 $10.194753 $9.948651 $     1.50  $     1.02  
53674 $ 75594   $ 11897028250  $  9115784220     $       82555  $    27111884  $    42560422  $     7793667  $      47      $       0      $      97      $           0  $              $1.305102      $82555.000000      $1.729971 $2.715720 $0.497303 $     0.64  $     5.46  
53718 $ 10022   $  5290044792  $  9113506102     $     6133620  $   241743103  $   161028548  $   157153800  $       0      $       0      $      97      $           0  $              $0.580462      $6133620.000000      $15.425282 $10.275002 $10.027760 $     1.50  $     1.02  
53674 $ 76597   $  9403004313  $  7910810756     $      188378  $    19235798  $    30191681  $     5575837  $      45      $       0      $      97      $           0  $              $1.188627      $188378.000000      $1.227409 $1.926488 $0.355786 $     0.64  $     5.41  
53718 $ 11025   $  5337602634  $  9122073331     $     6226121  $   244594772  $   162850938  $   158943809  $       0      $       0      $      97      $           0  $              $0.585130      $6226121.000000      $15.607244 $10.391287 $10.141977 $     1.50  $     1.02  
53674 $ 77600   $  3471975649  $  2192906858     $      563562  $      491725  $      716961  $      397445  $      38      $       0      $      97      $           0  $              $1.583276      $563562.000000      $0.031376 $0.045748 $0.025360 $     0.69  $     1.80  
53718 $ 12028   $  5403718566  $  9120605830     $     6286014  $   245100621  $   163306298  $   159459765  $       0      $       0      $      97      $           0  $              $0.592474      $6286014.000000      $15.639522 $10.420342 $10.174900 $     1.50  $     1.02  
53674 $ 78384   $  2747779151  $  1727849788     $      442504  $      387505  $      556202  $      299925  $      28      $       0      $      97      $           0  $              $1.590288      $442504.000000      $0.031633 $0.045404 $0.024484 $     0.70  $     1.85  
53718 $ 12813   $  3927396975  $  6522842292     $     4744991  $   182825351  $   121484064  $   118644453  $       0      $       0      $      97      $           0  $              $0.602099      $4744991.000000      $14.905506 $9.904433 $9.672924 $     1.50  $     1.02  
53674 $ 78667   $  1128192016  $   667369989     $       54490  $      146795  $      159177  $       22743  $       6      $       0      $      97      $           0  $              $1.690505      $54490.000000      $0.033197 $0.035998 $0.005143 $     0.92  $     7.00  
53674 $ 78670   $     2978335  $     1782992     $           0  $         383  $         386  $          60  $       0      $       0      $      97      $           0  $              $1.670414      $0.000000      $0.008171 $0.008235 $0.001280 $     0.99  $     6.43  
53674 $ 79672   $  3562366366  $  2253010950     $       87237  $      501367  $      728868  $      388765  $      37      $       0      $      97      $           0  $              $1.581158      $87237.000000      $0.032023 $0.046554 $0.024831 $     0.69  $     1.87  
53723 $  1003   $  5272409617  $  9151930905     $     5994292  $   234055577  $   155491962  $   151900832  $       0      $       0      $      97      $           0  $              $0.576098      $5994292.000000      $14.934753 $9.921721 $9.692575 $     1.51  $     1.02  
53674 $ 80675   $  3455914723  $  2193835049     $       83758  $      489910  $      728499  $      400036  $      39      $       0      $      97      $           0  $              $1.575285      $83758.000000      $0.031260 $0.046484 $0.025526 $     0.67  $     1.82  
53723 $  2006   $  5425007503  $  9124820575     $     6359911  $   247467591  $   164696804  $   160954565  $       0      $       0      $      97      $           0  $              $0.594533      $6359911.000000      $15.790554 $10.509068 $10.270281 $     1.50  $     1.02  
53674 $ 81678   $  3458748332  $  2194807037     $       82176  $      489635  $      725967  $      398760  $      39      $       0      $      97      $           0  $              $1.575878      $82176.000000      $0.031243 $0.046323 $0.025444 $     0.67  $     1.82  
53723 $  3009   $  5424900122  $  9123099913     $     6360760  $   247482641  $   164679586  $   160933630  $       0      $       0      $      97      $           0  $              $0.594633      $6360760.000000      $15.791514 $10.507970 $10.268946 $     1.50  $     1.02  
53674 $ 82681   $  3456284325  $  2194231574     $       82417  $      489405  $      727538  $      399767  $      39      $       0      $      97      $           0  $              $1.575168      $82417.000000      $0.031228 $0.046423 $0.025509 $     0.67  $     1.82  
53723 $  4012   $  5427974085  $  9125402133     $     6351902  $   247666491  $   164751466  $   161004961  $       0      $       0      $      97      $           0  $              $0.594820      $6351902.000000      $15.803246 $10.512556 $10.273497 $     1.50  $     1.02  
53674 $ 83684   $  3545630005  $  2250246720     $       86605  $      501197  $      738935  $      409049  $      38      $       0      $      97      $           0  $              $1.575663      $86605.000000      $0.031981 $0.047150 $0.026101 $     0.68  $     1.81  
53723 $  5015   $  5420950381  $  9367098525     $     6335131  $   245818114  $   163939006  $   160212504  $       0      $       0      $      97      $           0  $              $0.578722      $6335131.000000      $15.685304 $10.460714 $10.222932 $     1.50  $     1.02  
53674 $ 84687   $  3462140741  $  2195846406     $       82022  $      489768  $      725747  $      394904  $      39      $       0      $      97      $           0  $              $1.576677      $82022.000000      $0.031251 $0.046309 $0.025198 $     0.67  $     1.84  
53723 $  6018   $  5407347369  $  9126265835     $     6288842  $   245110755  $   163200530  $   159481512  $       0      $       0      $      97      $           0  $              $0.592504      $6288842.000000      $15.640167 $10.413593 $10.176288 $     1.50  $     1.02  
53674 $ 85689   $  2198603428  $  1396041960     $      183651  $      311502  $      464886  $      254248  $      38      $       0      $      97      $           0  $              $1.574884      $183651.000000      $0.019896 $0.029693 $0.016239 $     0.67  $     1.83  
53723 $  7020   $  5403610113  $  9129125562     $     6283981  $   245085860  $   163205472  $   159463509  $       0      $       0      $      97      $           0  $              $0.591909      $6283981.000000      $15.654186 $10.424301 $10.185293 $     1.50  $     1.02  
53674 $ 86692   $           0  $           0     $      604340  $           0  $           0  $           0  $      36      $       0      $      97      $           0  $              $-nan      $604340.000000      $0.000000 $0.000000 $0.000000 $     0.00  $     0.00  
53723 $  8023   $  5436772710  $  9134265892     $     6287878  $   246834469  $   164106611  $   160266591  $       0      $       0      $      97      $           0  $              $0.595206      $6287878.000000      $15.750155 $10.471409 $10.226383 $     1.50  $     1.02  
53723 $  8993   $  5273425012  $  9142295364     $     6275065  $   242241426  $   161494513  $   157747206  $       0      $       0      $      97      $           0  $              $0.576816      $6275065.000000      $15.982940 $10.655308 $10.408063 $     1.50  $     1.02  
53674 $ 87662   $       15039  $      407302     $      390931  $         777  $        1725  $         385  $      34      $       0      $      97      $           0  $              $0.036923      $390931.000000      $0.000051 $0.000114 $0.000025 $     0.45  $     4.48  
