PID   $time     $Instr Ret     $Unh Clk Cycles   $l2 trans reqs $l1lines       $l2lines       $Per Core bw   $Power         $Power2        $Power3        $bandwidth     $              $IPC           $MEM INTENSIITY$L2->L1 BW (MB)$L3->L2 BW (MB)$MM->L3 BW (MB)$L2 REUSE      $L3 REUSE      
55455 $  1003   $  3287390652  $  7651750798     $      125951  $    36407151  $    33401779  $    27102592  $      44      $       0      $      97      $           0  $              $0.429626      $125951.000000      $2.323088 $2.131320 $1.729378 $     1.09  $     1.23  
55453 $  1003   $  4837332623  $  7783131911     $      195295  $   131539473  $   133253206  $   123950024  $       0      $       0      $      97      $           0  $              $0.621515      $195295.000000      $8.393346 $8.502697 $7.909074 $     0.99  $     1.08  
55455 $  2005   $  3900865749  $  9029211219     $       40508  $    43574994  $    39943571  $    32247606  $      46      $       0      $      97      $           0  $              $0.432027      $40508.000000      $2.783233 $2.551286 $2.059727 $     1.09  $     1.24  
55453 $  2005   $  5367242790  $  9112253927     $      199054  $   168180130  $   168229489  $   164657308  $       0      $       0      $      97      $           0  $              $0.589014      $199054.000000      $10.742044 $10.745197 $10.517034 $     1.00  $     1.02  
55455 $  3007   $  3898427206  $  9028698431     $       40187  $    43216116  $    39726288  $    32107593  $      46      $       0      $      97      $           0  $              $0.431782      $40187.000000      $2.760311 $2.537408 $2.050784 $     1.09  $     1.24  
55453 $  3007   $  5432544949  $  9112724368     $      207267  $   169094776  $   169144770  $   165576534  $       0      $       0      $      97      $           0  $              $0.596149      $207267.000000      $10.800466 $10.803658 $10.575747 $     1.00  $     1.02  
55455 $  4009   $  3870507160  $  9036880832     $       39615  $    42021877  $    38621887  $    31536962  $      46      $       0      $      97      $           0  $              $0.428301      $39615.000000      $2.684032 $2.466867 $2.014337 $     1.09  $     1.22  
55453 $  4009   $  5446216507  $  9112327426     $      216877  $   171040500  $   171087781  $   167521024  $       0      $       0      $      97      $           0  $              $0.597676      $216877.000000      $10.924743 $10.927762 $10.699945 $     1.00  $     1.02  
55455 $  5011   $  3901623300  $  9028601679     $       39846  $    43582262  $    39951293  $    32248858  $      46      $       0      $      97      $           0  $              $0.432140      $39846.000000      $2.783698 $2.551779 $2.059807 $     1.09  $     1.24  
55453 $  5011   $  5359566364  $  9111922092     $      201286  $   168660905  $   168710055  $   165144850  $       0      $       0      $      97      $           0  $              $0.588193      $201286.000000      $10.772753 $10.775891 $10.548174 $     1.00  $     1.02  
55455 $  6013   $  3887335180  $  9029412480     $       40540  $    42505466  $    39253817  $    31797781  $      46      $       0      $      97      $           0  $              $0.430519      $40540.000000      $2.714920 $2.507230 $2.030996 $     1.08  $     1.23  
55453 $  6013   $  5462712570  $  9113875696     $      203522  $   168394623  $   168441372  $   164872080  $       0      $       0      $      97      $           0  $              $0.599384      $203522.000000      $10.755744 $10.758731 $10.530751 $     1.00  $     1.02  
55455 $  7015   $  3877377385  $  9036545753     $       39820  $    42743825  $    39103451  $    31833589  $      46      $       0      $      97      $           0  $              $0.429077      $39820.000000      $2.730145 $2.497626 $2.033283 $     1.09  $     1.23  
55453 $  7015   $  5374723781  $  9112394653     $      212096  $   170616025  $   170662158  $   167091255  $       0      $       0      $      97      $           0  $              $0.589826      $212096.000000      $10.897631 $10.900578 $10.672495 $     1.00  $     1.02  
55455 $  8017   $  4029757414  $  9109759492     $       39142  $    44406371  $    40643562  $    33344997  $      44      $       0      $      97      $           0  $              $0.442356      $39142.000000      $2.836335 $2.595996 $2.129820 $     1.09  $     1.22  
55453 $  8018   $  5943560359  $  7924122911     $      240324  $   129104943  $   129142459  $   126740397  $       0      $       0      $      97      $           0  $              $0.750059      $240324.000000      $8.238003 $8.240396 $8.087124 $     1.00  $     1.02  
55455 $  8306   $  1288972210  $  2706978635     $       10303  $    14844468  $    13404460  $    11047856  $       9      $       0      $      97      $           0  $              $0.476166      $10303.000000      $3.287356 $2.968462 $2.446584 $     1.11  $     1.21  
55453 $  8307   $   585684061  $   247212065     $      321328  $     4585958  $     4588749  $     4584822  $       0      $       0      $      97      $           0  $              $2.369156      $321328.000000      $1.015576 $1.016194 $1.015324 $     1.00  $     1.00  
55455 $  8460   $   670298966  $  1417609545     $       20735  $     7486804  $     6774817  $     5572424  $       4      $       0      $      97      $           0  $              $0.472837      $20735.000000      $3.111399 $2.815508 $2.315813 $     1.11  $     1.22  
55473 $  1004   $  5819684683  $  7870791154     $       84313  $   160528517  $   162372593  $   152150140  $      35      $       0      $      65      $           0  $              $0.739403      $84313.000000      $10.232893 $10.350444 $9.698814 $     0.99  $     1.07  
