PID   $time     $Instr Ret     $Unh Clk Cycles   $l2 trans reqs $l1lines       $l2lines       $Per Core bw   $Power         $Power2        $Power3        $bandwidth     $              $IPC           $MEM INTENSIITY$L2->L1 BW (MB)$L3->L2 BW (MB)$MM->L3 BW (MB)$L2 REUSE      $L3 REUSE      
29295 $  1004   $  4891329189  $  2291276517     $      746901  $      624278  $      662928  $         297  $      20      $       0      $      97      $           0  $              $2.134762      $746901.000000      $0.039795 $0.042258 $0.000019 $     0.94  $  2232.08  
29295 $  2009   $  5232924304  $  2449701219     $      766826  $      667817  $      707348  $         936  $      19      $       0      $      97      $           0  $              $2.136148      $766826.000000      $0.042528 $0.045045 $0.000060 $     0.94  $   755.71  
29295 $  3013   $  4847145246  $  2272156853     $      745195  $      617222  $      657727  $         155  $      22      $       0      $      97      $           0  $              $2.133279      $745195.000000      $0.039345 $0.041927 $0.000010 $     0.94  $  4243.40  
29295 $  4016   $  4847392682  $  2272369935     $      745219  $      617021  $      656810  $         184  $      22      $       0      $      97      $           0  $              $2.133188      $745219.000000      $0.039371 $0.041910 $0.000012 $     0.94  $  3569.62  
29295 $  5019   $  4848361094  $  2272298435     $      742996  $      618575  $      656378  $         120  $      22      $       0      $      97      $           0  $              $2.133681      $742996.000000      $0.039470 $0.041883 $0.000008 $     0.94  $  5469.82  
29295 $  6022   $  5297638345  $  2483839884     $      411893  $      674601  $      715168  $         108  $      19      $       0      $      97      $           0  $              $2.132842      $411893.000000      $0.043045 $0.045634 $0.000007 $     0.94  $  6621.93  
29295 $  7026   $  4847647499  $  2272273198     $      214715  $      617433  $      658910  $         189  $      23      $       0      $      97      $           0  $              $2.133391      $214715.000000      $0.039358 $0.042002 $0.000012 $     0.94  $  3486.30  
29295 $  8030   $  4848313555  $  2272702776     $      215380  $      617564  $      655002  $         130  $      23      $       0      $      97      $           0  $              $2.133281      $215380.000000      $0.039367 $0.041753 $0.000008 $     0.94  $  5038.48  
29295 $  9034   $  4845942010  $  2272647058     $      214236  $      616639  $      653029  $         116  $      24      $       0      $      97      $           0  $              $2.132290      $214236.000000      $0.039308 $0.041627 $0.000007 $     0.94  $  5629.56  
29295 $ 10038   $  5254346649  $  2462899099     $      233554  $      668320  $      708040  $         160  $      20      $       0      $      97      $           0  $              $2.133399      $233554.000000      $0.042602 $0.045134 $0.000010 $     0.94  $  4425.25  
29295 $ 11042   $  4846440132  $  2271996670     $      214274  $      618119  $      655937  $         130  $      23      $       0      $      97      $           0  $              $2.133119      $214274.000000      $0.039402 $0.041813 $0.000008 $     0.94  $  5045.67  
29295 $ 12046   $  4847608224  $  2272378191     $      213937  $      617675  $      654614  $         129  $      23      $       0      $      97      $           0  $              $2.133276      $213937.000000      $0.039374 $0.041728 $0.000008 $     0.94  $  5074.53  
29295 $ 13050   $  4853575590  $  2272742138     $      215399  $      618201  $      656399  $         113  $      24      $       0      $      97      $           0  $              $2.135559      $215399.000000      $0.039407 $0.041842 $0.000007 $     0.94  $  5808.84  
29295 $ 14053   $  5256649799  $  2465626261     $      234387  $      668971  $      709411  $         126  $      19      $       0      $      97      $           0  $              $2.131973      $234387.000000      $0.042686 $0.045267 $0.000008 $     0.94  $  5630.25  
29295 $ 15056   $  4848606513  $  2272500801     $      214966  $      618019  $      655728  $         131  $      22      $       0      $      97      $           0  $              $2.133600      $214966.000000      $0.039435 $0.041841 $0.000008 $     0.94  $  5005.56  
29295 $ 16060   $  4849745788  $  2272840495     $      215377  $      616776  $      655309  $         133  $      23      $       0      $      97      $           0  $              $2.133782      $215377.000000      $0.039316 $0.041773 $0.000008 $     0.94  $  4927.14  
29295 $ 17098   $  5705668671  $  3267544195     $      175758  $    13247812  $    15152528  $     6507903  $      25      $       0      $      97      $           0  $              $1.746164      $175758.000000      $0.816821 $0.934260 $0.401258 $     0.87  $     2.33  
29295 $ 18101   $ 13279100615  $  9680335060     $       80820  $    30776808  $    47702043  $     8134474  $      32      $       0      $      97      $           0  $              $1.371760      $80820.000000      $1.963824 $3.043799 $0.519049 $     0.65  $     5.86  
29295 $ 19104   $ 12916800649  $  9412545070     $       81262  $    29794344  $    46554434  $     8336897  $      33      $       0      $      97      $           0  $              $1.372296      $81262.000000      $1.901135 $2.970572 $0.531965 $     0.64  $     5.58  
29295 $ 20107   $ 12964110433  $  9446788797     $       83542  $    29905218  $    46718210  $     8367471  $      31      $       0      $      97      $           0  $              $1.372330      $83542.000000      $1.908209 $2.981022 $0.533916 $     0.64  $     5.58  
29295 $ 21110   $ 12637082677  $  9202315962     $       81949  $    29180490  $    45547900  $     8157449  $      32      $       0      $      97      $           0  $              $1.373250      $81949.000000      $1.861965 $2.906347 $0.520515 $     0.64  $     5.58  
29295 $ 22113   $ 13316359245  $  9706312536     $       82702  $    30697055  $    47995244  $     8594605  $      32      $       0      $      97      $           0  $              $1.371928      $82702.000000      $1.958735 $3.062508 $0.548409 $     0.64  $     5.58  
29295 $ 23116   $ 12628540893  $  9202745070     $       81826  $    29146475  $    45506010  $     8150850  $      32      $       0      $      97      $           0  $              $1.372258      $81826.000000      $1.859795 $2.903673 $0.520094 $     0.64  $     5.58  
29295 $ 24119   $ 12630230785  $  9202291647     $       81970  $    29153422  $    45514638  $     8152102  $      32      $       0      $      97      $           0  $              $1.372509      $81970.000000      $1.860238 $2.904224 $0.520174 $     0.64  $     5.58  
29295 $ 25122   $ 13074090895  $  9534404756     $       81994  $    30140925  $    47116867  $     8437676  $      33      $       0      $      97      $           0  $              $1.371254      $81994.000000      $1.923249 $3.006460 $0.538396 $     0.64  $     5.58  
29295 $ 26124   $ 13325580203  $  9715884565     $       83274  $    30721143  $    48020079  $     8599747  $      32      $       0      $      97      $           0  $              $1.371525      $83274.000000      $1.962229 $3.067151 $0.549285 $     0.64  $     5.58  
29295 $ 27127   $ 12632648343  $  9202267533     $       82339  $    29138194  $    45522772  $     8153864  $      32      $       0      $      97      $           0  $              $1.372776      $82339.000000      $1.859267 $2.904743 $0.520286 $     0.64  $     5.58  
29295 $ 28130   $ 12631543918  $  9202370289     $       82289  $    29104397  $    45515853  $     8152957  $      32      $       0      $      97      $           0  $              $1.372640      $82289.000000      $1.857110 $2.904302 $0.520229 $     0.64  $     5.58  
29295 $ 29133   $ 12631528972  $  9202406054     $       82504  $    29135961  $    45516514  $     8152647  $      32      $       0      $      97      $           0  $              $1.372633      $82504.000000      $1.859124 $2.904344 $0.520209 $     0.64  $     5.58  
29295 $ 30135   $ 13408540564  $  9773438992     $       81438  $    30881991  $    48314808  $     8652633  $      32      $       0      $      97      $           0  $              $1.371937      $81438.000000      $1.972502 $3.085976 $0.552663 $     0.64  $     5.58  
29295 $ 31138   $ 12624054815  $  9201249157     $       80615  $    29072898  $    45490800  $     8147688  $      33      $       0      $      97      $           0  $              $1.371994      $80615.000000      $1.855100 $2.902703 $0.519892 $     0.64  $     5.58  
29295 $ 32141   $ 12630313160  $  9201500450     $       81261  $    29089210  $    45523839  $     8153094  $      33      $       0      $      97      $           0  $              $1.372636      $81261.000000      $1.856141 $2.904811 $0.520237 $     0.64  $     5.58  
29295 $ 33144   $ 12623267309  $  9201170735     $       80544  $    29074978  $    45485350  $     8147314  $      33      $       0      $      97      $           0  $              $1.371920      $80544.000000      $1.855233 $2.902355 $0.519868 $     0.64  $     5.58  
29295 $ 34146   $ 13421866354  $  9783349129     $       81749  $    30939777  $    48364928  $     8662189  $      32      $       0      $      97      $           0  $              $1.371909      $81749.000000      $1.976193 $3.089177 $0.553274 $     0.64  $     5.58  
29295 $ 35149   $ 12623802419  $  9201122592     $       80703  $    29116861  $    45488796  $     8147701  $      32      $       0      $      97      $           0  $              $1.371985      $80703.000000      $1.857905 $2.902575 $0.519893 $     0.64  $     5.58  
29295 $ 36152   $ 12627144479  $  9201283356     $       81157  $    29084249  $    45508615  $     8150628  $      33      $       0      $      97      $           0  $              $1.372324      $81157.000000      $1.855824 $2.903840 $0.520080 $     0.64  $     5.58  
29295 $ 37155   $ 12629017488  $  9201155811     $       81740  $    29112228  $    45514693  $     8151989  $      33      $       0      $      97      $           0  $              $1.372547      $81740.000000      $1.857610 $2.904227 $0.520167 $     0.64  $     5.58  
29295 $ 38158   $ 13436961647  $  9793161042     $       81576  $    30980075  $    48425262  $     8672244  $      32      $       0      $      97      $           0  $              $1.372076      $81576.000000      $1.976794 $3.089947 $0.553364 $     0.64  $     5.58  
29295 $ 39161   $ 12628498138  $  9201007835     $       80441  $    29135759  $    45512993  $     8151687  $      33      $       0      $      97      $           0  $              $1.372513      $80441.000000      $1.859111 $2.904119 $0.520148 $     0.64  $     5.58  
29295 $ 40164   $ 12626471486  $  9201145762     $       80497  $    29156627  $    45503374  $     8149909  $      32      $       0      $      97      $           0  $              $1.372272      $80497.000000      $1.860443 $2.903506 $0.520034 $     0.64  $     5.58  
29295 $ 41167   $ 12628128055  $  9201918274     $       80793  $    29099668  $    45516427  $     8151917  $      33      $       0      $      97      $           0  $              $1.372337      $80793.000000      $1.856808 $2.904338 $0.520162 $     0.64  $     5.58  
29295 $ 42170   $ 13449387745  $  9803949090     $       81596  $    30999300  $    48468211  $     8680079  $      33      $       0      $      97      $           0  $              $1.371834      $81596.000000      $1.978021 $3.092688 $0.553863 $     0.64  $     5.58  
29295 $ 43173   $ 12627061278  $  9200891428     $       80264  $    29087410  $    45505937  $     8150654  $      33      $       0      $      97      $           0  $              $1.372374      $80264.000000      $1.856026 $2.903669 $0.520082 $     0.64  $     5.58  
29295 $ 44176   $ 12628214143  $  9201342082     $       81470  $    29118261  $    45512557  $     8151249  $      33      $       0      $      97      $           0  $              $1.372432      $81470.000000      $1.857995 $2.904091 $0.520120 $     0.64  $     5.58  
29295 $ 45179   $ 12626902079  $  9201409836     $       80203  $    29109235  $    45506869  $     8150192  $      32      $       0      $      97      $           0  $              $1.372279      $80203.000000      $1.857419 $2.903728 $0.520052 $     0.64  $     5.58  
29295 $ 46182   $ 13464586590  $  9814924914     $       81139  $    31052426  $    48522484  $     8690218  $      33      $       0      $      97      $           0  $              $1.371848      $81139.000000      $1.981411 $3.096151 $0.554510 $     0.64  $     5.58  
29295 $ 47185   $ 12626229664  $  9201248313     $       80252  $    29108697  $    45503062  $     8150056  $      33      $       0      $      97      $           0  $              $1.372230      $80252.000000      $1.857384 $2.903486 $0.520043 $     0.64  $     5.58  
29295 $ 48188   $ 12625767585  $  9201390204     $       81109  $    29083226  $    45501232  $     8149422  $      33      $       0      $      97      $           0  $              $1.372159      $81109.000000      $1.855759 $2.903369 $0.520003 $     0.64  $     5.58  
29295 $ 49191   $ 12625863616  $  9200948898     $       80431  $    29057534  $    45502861  $     8150096  $      33      $       0      $      97      $           0  $              $1.372235      $80431.000000      $1.854120 $2.903473 $0.520046 $     0.64  $     5.58  
29295 $ 50194   $ 13480241106  $  9824240181     $       81164  $    31041647  $    48581945  $     8700289  $      32      $       0      $      97      $           0  $              $1.372141      $81164.000000      $1.980723 $3.099945 $0.555153 $     0.64  $     5.58  
29295 $ 51197   $ 12966079704  $  9452191415     $       81941  $    29901198  $    46731793  $     8368761  $      33      $       0      $      97      $           0  $              $1.371754      $81941.000000      $1.907953 $2.981889 $0.533999 $     0.64  $     5.58  
29295 $ 52200   $ 13028810755  $  9490072131     $       83046  $    30051187  $    46956095  $     8409617  $      31      $       0      $      97      $           0  $              $1.372888      $83046.000000      $1.917524 $2.996202 $0.536606 $     0.64  $     5.58  
29295 $ 53203   $ 12639893679  $  9202405436     $       82978  $    29143206  $    45561021  $     8159875  $      32      $       0      $      97      $           0  $              $1.373542      $82978.000000      $1.859586 $2.907184 $0.520670 $     0.64  $     5.58  
29295 $ 54206   $ 13414160469  $  9782680509     $       82573  $    30916902  $    48347434  $     8657442  $      32      $       0      $      97      $           0  $              $1.371215      $82573.000000      $1.972763 $3.084981 $0.552419 $     0.64  $     5.58  
29295 $ 55209   $ 12629904985  $  9202815395     $       82434  $    29134593  $    45516310  $     8152295  $      32      $       0      $      97      $           0  $              $1.372396      $82434.000000      $1.859037 $2.904331 $0.520186 $     0.64  $     5.58  
29295 $ 56211   $ 12631739880  $  9202649247     $       82551  $    29136173  $    45525785  $     8154335  $      32      $       0      $      97      $           0  $              $1.372620      $82551.000000      $1.860993 $2.907835 $0.520836 $     0.64  $     5.58  
29295 $ 57214   $ 12635398177  $  9202257147     $       82625  $    29123282  $    45538973  $     8156169  $      32      $       0      $      97      $           0  $              $1.373076      $82625.000000      $1.858315 $2.905777 $0.520434 $     0.64  $     5.58  
29295 $ 58217   $ 13430285270  $  9792272013     $       83371  $    30950739  $    48404450  $     8667588  $      32      $       0      $      97      $           0  $              $1.371519      $83371.000000      $1.974923 $3.088619 $0.553066 $     0.64  $     5.58  
29295 $ 59220   $ 12634271898  $  9202446330     $       82803  $    29118652  $    45532987  $     8155138  $      32      $       0      $      97      $           0  $              $1.372925      $82803.000000      $1.858020 $2.905395 $0.520368 $     0.64  $     5.58  
29295 $ 60223   $ 12633419562  $  9202585549     $       82069  $    29113342  $    45527944  $     8154531  $      32      $       0      $      97      $           0  $              $1.372812      $82069.000000      $1.857681 $2.905073 $0.520329 $     0.64  $     5.58  
29295 $ 61226   $ 12631588119  $  9202304206     $       83153  $    29135826  $    45520847  $     8153124  $      32      $       0      $      97      $           0  $              $1.372655      $83153.000000      $1.859115 $2.904620 $0.520239 $     0.64  $     5.58  
29295 $ 62229   $ 13442592235  $  9802071542     $       83014  $    30990205  $    48445453  $     8675686  $      32      $       0      $      97      $           0  $              $1.371403      $83014.000000      $1.977441 $3.091235 $0.553583 $     0.64  $     5.58  
29295 $ 63232   $ 12635777607  $  9203098532     $       82702  $    29169385  $    45544273  $     8157060  $      32      $       0      $      97      $           0  $              $1.372992      $82702.000000      $1.861257 $2.906115 $0.520490 $     0.64  $     5.58  
29295 $ 64235   $ 12632147332  $  9202544663     $       82921  $    29118945  $    45520008  $     8153690  $      32      $       0      $      97      $           0  $              $1.372680      $82921.000000      $1.858038 $2.904567 $0.520275 $     0.64  $     5.58  
29295 $ 65238   $ 12633230113  $  9202762827     $       82749  $    29144836  $    45519987  $     8153872  $      32      $       0      $      97      $           0  $              $1.372765      $82749.000000      $1.859690 $2.904566 $0.520287 $     0.64  $     5.58  
29295 $ 66241   $ 13457447086  $  9811862939     $       82964  $    31060821  $    48501741  $     8685626  $      32      $       0      $      97      $           0  $              $1.371549      $82964.000000      $1.981947 $3.094827 $0.554217 $     0.64  $     5.58  
29295 $ 67243   $ 12635427617  $  9202742846     $       82754  $    29128997  $    45537212  $     8155970  $      32      $       0      $      97      $           0  $              $1.373007      $82754.000000      $1.860535 $2.908564 $0.520940 $     0.64  $     5.58  
29295 $ 68246   $ 12630024885  $  9202695094     $       82524  $    29139793  $    45515145  $     8152480  $      32      $       0      $      97      $           0  $              $1.372427      $82524.000000      $1.859369 $2.904256 $0.520198 $     0.64  $     5.58  
29295 $ 69249   $ 12625149432  $  9202627749     $       82503  $    29125086  $    45491797  $     8149094  $      32      $       0      $      97      $           0  $              $1.371907      $82503.000000      $1.858430 $2.902767 $0.519982 $     0.64  $     5.58  
29295 $ 70252   $  5855559797  $  4912099025     $      210890  $    11070621  $    17264322  $     3089022  $      20      $       0      $      97      $           0  $              $1.192069      $210890.000000      $0.706401 $1.101612 $0.197106 $     0.64  $     5.59  
29295 $ 71255   $  3844428106  $  2271910631     $      638165  $      499370  $      540431  $       77470  $      22      $       0      $      97      $           0  $              $1.692156      $638165.000000      $0.031864 $0.034484 $0.004943 $     0.92  $     6.98  
29295 $ 72259   $  3845245013  $  2272412791     $      634910  $      499208  $      540233  $       77496  $      22      $       0      $      97      $           0  $              $1.692142      $634910.000000      $0.031822 $0.034437 $0.004940 $     0.92  $     6.97  
29295 $ 73262   $  3846015923  $  2272921896     $      635068  $      499323  $      539716  $       77477  $      22      $       0      $      97      $           0  $              $1.692102      $635068.000000      $0.031861 $0.034439 $0.004944 $     0.93  $     6.97  
29295 $ 74265   $  4283236092  $  2534025540     $      642846  $      555740  $      601516  $       86293  $      18      $       0      $      97      $           0  $              $1.690289      $642846.000000      $0.035461 $0.038382 $0.005506 $     0.92  $     6.97  
29295 $ 75268   $  3845794440  $  2272654805     $      638509  $      499287  $      540925  $       77497  $      22      $       0      $      97      $           0  $              $1.692204      $638509.000000      $0.031859 $0.034516 $0.004945 $     0.92  $     6.98  
29295 $ 76271   $  3845210145  $  2272381203     $      638251  $      499105  $      539483  $       77458  $      22      $       0      $      97      $           0  $              $1.692150      $638251.000000      $0.031847 $0.034424 $0.004942 $     0.93  $     6.96  
29295 $ 77274   $  3845822717  $  2272777111     $      636325  $      499198  $      540560  $       77447  $      22      $       0      $      97      $           0  $              $1.692125      $636325.000000      $0.031853 $0.034492 $0.004942 $     0.92  $     6.98  
29295 $ 78279   $  3028154847  $  1789988564     $      613268  $      393110  $      425822  $       61203  $      15      $       0      $      97      $           0  $              $1.691717      $613268.000000      $0.025034 $0.027117 $0.003898 $     0.92  $     6.96  
29295 $ 79283   $           0  $           0     $      559359  $          32  $          32  $          30  $       9      $       0      $      97      $           0  $              $-nan      $559359.000000      $0.000002 $0.000002 $0.000002 $     1.00  $     1.07  
