PID   $time     $Instr Ret     $Unh Clk Cycles   $l2 trans reqs $l1lines       $l2lines       $Per Core bw   $Power         $Power2        $Power3        $bandwidth     $              $IPC           $MEM INTENSIITY$L2->L1 BW (MB)$L3->L2 BW (MB)$MM->L3 BW (MB)$L2 REUSE      $L3 REUSE      
34215 $  1004   $ 13732429624  $  8664692844     $     1315254  $   293559307  $   264012479  $   117555323  $      51      $       0      $      97      $           0  $              $1.584872      $1315254.000000      $18.712944 $16.829481 $7.493566 $     1.11  $     2.25  
34213 $  1004   $ 13968815273  $  8786550485     $     1275872  $   297227819  $   268982517  $   124526110  $       0      $       0      $      97      $           0  $              $1.589795      $1275872.000000      $18.946793 $17.146297 $7.937920 $     1.11  $     2.16  
34211 $  1003   $ 14216224801  $  8690325410     $     1486706  $   302407318  $   273973677  $   113821451  $      52      $       0      $      97      $           0  $              $1.635868      $1486706.000000      $19.296181 $17.481869 $7.262784 $     1.10  $     2.41  
34209 $  1003   $ 14328769660  $  8858063223     $     1344467  $   303386838  $   275074091  $   113868014  $       0      $       0      $      97      $           0  $              $1.617596      $1344467.000000      $19.358683 $17.552084 $7.265756 $     1.10  $     2.42  
34207 $  1002   $ 14230170394  $  8919016896     $     1437445  $   303124188  $   274194662  $   117820330  $      53      $       0      $      97      $           0  $              $1.595487      $1437445.000000      $19.361225 $17.513432 $7.525450 $     1.11  $     2.33  
34205 $  1002   $ 14268142189  $  8921489913     $     1403489  $   303322351  $   275314703  $   121629050  $       0      $       0      $      97      $           0  $              $1.599301      $1403489.000000      $19.373882 $17.584970 $7.768722 $     1.10  $     2.26  
34203 $  1003   $ 14385425623  $  8916765003     $     1510590  $   307865609  $   278854122  $   120140013  $      53      $       0      $      97      $           0  $              $1.613301      $1510590.000000      $19.644464 $17.793283 $7.665963 $     1.10  $     2.32  
34201 $  1003   $ 14387100596  $  8918724813     $     1664353  $   307366314  $   278701282  $   120413362  $       0      $       0      $      97      $           0  $              $1.613134      $1664353.000000      $19.612606 $17.783531 $7.683405 $     1.10  $     2.31  
34215 $  2006   $ 14794893351  $  8956421547     $     1458693  $   317832759  $   286150826  $   124788283  $      53      $       0      $      97      $           0  $              $1.651876      $1458693.000000      $20.300695 $18.277098 $7.970509 $     1.11  $     2.29  
34213 $  2006   $ 14734876951  $  9076754664     $     1467377  $   313038734  $   283374808  $   121957110  $       0      $       0      $      97      $           0  $              $1.623364      $1467377.000000      $19.994490 $18.099789 $7.789676 $     1.10  $     2.32  
34211 $  2005   $ 14531637902  $  8813768856     $     1482292  $   310205500  $   280711521  $   117299031  $      53      $       0      $      97      $           0  $              $1.648743      $1482292.000000      $19.813526 $17.929678 $7.492154 $     1.11  $     2.39  
34209 $  2006   $ 14511978709  $  8859970303     $     1385902  $   308988701  $   279751913  $   116346735  $       0      $       0      $      97      $           0  $              $1.637926      $1385902.000000      $19.716129 $17.850571 $7.423919 $     1.10  $     2.40  
34207 $  2004   $ 14532260112  $  8822109079     $     1805528  $   303829693  $   275736443  $    95763710  $      53      $       0      $      97      $           0  $              $1.647255      $1805528.000000      $19.406288 $17.611908 $6.116644 $     1.10  $     2.88  
34205 $  2004   $ 14469683997  $  8731461860     $     1805105  $   302441670  $   275173233  $    89424563  $       0      $       0      $      97      $           0  $              $1.657189      $1805105.000000      $19.317631 $17.575935 $5.711748 $     1.10  $     3.08  
34203 $  2006   $ 14099521460  $  8255120347     $     1943768  $   297378336  $   270158097  $    85410674  $      52      $       0      $      97      $           0  $              $1.707973      $1943768.000000      $18.975288 $17.238403 $5.449933 $     1.10  $     3.16  
34201 $  2006   $ 14335723646  $  8532649774     $     2048841  $   300568945  $   273417908  $    94367888  $       0      $       0      $      97      $           0  $              $1.680102      $2048841.000000      $19.178877 $17.446407 $6.021481 $     1.10  $     2.90  
34215 $  3008   $ 14075357418  $  8490601231     $     1826005  $   295552833  $   266988631  $    84746849  $      52      $       0      $      97      $           0  $              $1.657757      $1826005.000000      $18.877626 $17.053165 $5.412972 $     1.11  $     3.15  
34213 $  3008   $ 14022512818  $  8440174951     $     1826012  $   292990050  $   266541183  $    93913344  $       0      $       0      $      97      $           0  $              $1.661401      $1826012.000000      $18.713936 $17.024586 $5.998457 $     1.10  $     2.84  
34211 $  3008   $ 14202265923  $  8225874315     $     1896339  $   300214765  $   272876291  $    85062522  $      52      $       0      $      97      $           0  $              $1.726536      $1896339.000000      $19.156275 $17.411846 $5.427718 $     1.10  $     3.21  
34209 $  3009   $ 14093478918  $  8340299125     $     1729926  $   295998999  $   268843006  $    82966147  $       0      $       0      $      97      $           0  $              $1.689805      $1729926.000000      $18.887274 $17.154490 $5.293952 $     1.10  $     3.24  
34207 $  3006   $ 14343534150  $  8585949678     $     1733248  $   301377954  $   273341481  $    90861707  $      52      $       0      $      97      $           0  $              $1.670582      $1733248.000000      $19.249689 $17.458937 $5.803542 $     1.10  $     3.01  
34205 $  3007   $ 14253387959  $  8618297184     $     1677855  $   297697913  $   270843348  $    92809900  $       0      $       0      $      97      $           0  $              $1.653852      $1677855.000000      $18.995680 $17.282129 $5.922068 $     1.10  $     2.92  
34203 $  3008   $ 14120211070  $  8255452064     $     1983439  $   297383312  $   270498429  $    81278026  $      52      $       0      $      97      $           0  $              $1.710410      $1983439.000000      $18.994541 $17.277346 $5.191411 $     1.10  $     3.33  
34201 $  3008   $ 13877535899  $  8335031391     $     2099206  $   289676225  $   263640668  $    80532824  $       0      $       0      $      97      $           0  $              $1.664965      $2099206.000000      $18.502274 $16.839325 $5.143813 $     1.10  $     3.27  
34215 $  4011   $ 13952463989  $  8296621321     $     1797368  $   294227715  $   265725758  $    80965372  $      52      $       0      $      97      $           0  $              $1.681704      $1797368.000000      $18.774250 $16.955582 $5.166285 $     1.11  $     3.28  
34213 $  4011   $ 14079899908  $  8235768949     $     1778469  $   296948468  $   269772958  $    87873536  $       0      $       0      $      97      $           0  $              $1.709604      $1778469.000000      $18.947859 $17.213827 $5.607085 $     1.10  $     3.07  
34211 $  4011   $ 14097954100  $  8254882325     $     1850624  $   297193327  $   270001373  $    82414854  $      52      $       0      $      97      $           0  $              $1.707832      $1850624.000000      $18.963482 $17.228403 $5.258774 $     1.10  $     3.28  
34209 $  4012   $ 14111070916  $  8390381733     $     1716579  $   296104317  $   268966859  $    87091931  $       0      $       0      $      97      $           0  $              $1.681815      $1716579.000000      $18.893995 $17.162392 $5.557212 $     1.10  $     3.09  
34207 $  4009   $ 14358765585  $  8429375906     $     1899562  $   302025850  $   274400426  $    82721908  $      52      $       0      $      97      $           0  $              $1.703420      $1899562.000000      $19.271839 $17.509100 $5.278367 $     1.10  $     3.32  
34205 $  4010   $ 14117080891  $  8479777838     $     1741162  $   294144682  $   267975310  $    85563678  $       0      $       0      $      97      $           0  $              $1.664794      $1741162.000000      $18.768951 $17.099123 $5.459696 $     1.10  $     3.13  
34203 $  4011   $ 14026137758  $  8306279925     $     1969150  $   294667574  $   267796215  $    81781636  $      52      $       0      $      97      $           0  $              $1.688618      $1969150.000000      $18.802319 $17.087694 $5.218369 $     1.10  $     3.27  
34201 $  4011   $ 14077400616  $  8282249810     $     2002842  $   296532985  $   269640721  $    95705199  $       0      $       0      $      97      $           0  $              $1.699707      $2002842.000000      $18.921347 $17.205391 $6.106812 $     1.10  $     2.82  
34215 $  5013   $ 14089549184  $  8386333770     $     1810754  $   297115224  $   268258280  $    80940915  $      52      $       0      $      97      $           0  $              $1.680061      $1810754.000000      $18.977421 $17.134260 $5.169878 $     1.11  $     3.31  
34213 $  5013   $ 14160989910  $  8198645846     $     1802072  $   299566649  $   272104819  $    87010074  $       0      $       0      $      97      $           0  $              $1.727235      $1802072.000000      $19.133999 $17.379950 $5.557529 $     1.10  $     3.13  
34211 $  5014   $ 14157888030  $  8220285584     $     1924250  $   298633862  $   271832237  $    93703962  $      52      $       0      $      97      $           0  $              $1.722311      $1924250.000000      $19.055401 $17.345226 $5.979116 $     1.10  $     2.90  
34209 $  5015   $ 14167159761  $  8271762380     $     1738316  $   298990725  $   271360412  $    82774378  $       0      $       0      $      97      $           0  $              $1.712714      $1738316.000000      $19.078171 $17.315121 $5.281715 $     1.10  $     3.28  
34207 $  5012   $ 14121264697  $  8486445209     $     1650952  $   302183119  $   274144756  $   115520103  $      51      $       0      $      97      $           0  $              $1.663979      $1650952.000000      $19.281874 $17.492786 $7.371173 $     1.10  $     2.37  
34205 $  5013   $ 14002428688  $  8514076729     $     1395956  $   298670418  $   271099541  $   114210712  $       0      $       0      $      97      $           0  $              $1.644621      $1395956.000000      $19.057734 $17.298475 $7.287623 $     1.10  $     2.37  
34203 $  5013   $ 14436655874  $  8443870989     $     1529447  $   311515299  $   282256435  $   117768998  $      52      $       0      $      97      $           0  $              $1.709720      $1529447.000000      $19.897184 $18.028357 $7.522171 $     1.10  $     2.40  
34201 $  5013   $ 14342422149  $  8401495692     $     1700312  $   309133151  $   280176259  $   112400766  $       0      $       0      $      97      $           0  $              $1.707127      $1700312.000000      $19.745031 $17.895489 $7.179291 $     1.10  $     2.49  
34215 $  6015   $ 14155551373  $  8136486331     $     1429334  $   310102645  $   278859379  $   115013534  $      52      $       0      $      97      $           0  $              $1.739762      $1429334.000000      $19.806955 $17.811378 $7.346174 $     1.11  $     2.42  
34213 $  6016   $ 14394741547  $  8395042893     $     1303570  $   312183729  $   282499274  $   123352345  $       0      $       0      $      97      $           0  $              $1.714672      $1303570.000000      $19.920000 $18.025875 $7.870937 $     1.11  $     2.29  
34211 $  6016   $ 14890541750  $  8566788403     $     1511006  $   323865887  $   293600693  $   131287558  $      52      $       0      $      97      $           0  $              $1.738171      $1511006.000000      $20.686045 $18.752939 $8.385633 $     1.10  $     2.24  
34209 $  6017   $ 14175544527  $  8445443139     $     1347862  $   306005771  $   276723629  $   117910882  $       0      $       0      $      97      $           0  $              $1.678484      $1347862.000000      $19.545279 $17.674961 $7.531234 $     1.11  $     2.35  
34207 $  6015   $ 13964221342  $  8922031292     $     1464264  $   293292032  $   265553864  $   115276197  $      53      $       0      $      97      $           0  $              $1.565139      $1464264.000000      $18.714546 $16.944613 $7.355610 $     1.10  $     2.30  
34205 $  6016   $ 14807582993  $  9115894642     $     1428058  $   313103364  $   284690686  $   123269789  $       0      $       0      $      97      $           0  $              $1.624370      $1428058.000000      $19.978680 $18.165707 $7.865670 $     1.10  $     2.31  
34203 $  6015   $ 14986149120  $  9066017371     $     1566107  $   321033702  $   291343697  $   132903786  $      53      $       0      $      97      $           0  $              $1.653002      $1566107.000000      $20.505146 $18.608780 $8.488865 $     1.10  $     2.19  
34201 $  6015   $ 14219724200  $  8990856175     $     1695711  $   300851825  $   272629314  $   118194626  $       0      $       0      $      97      $           0  $              $1.581576      $1695711.000000      $19.216085 $17.413448 $7.549357 $     1.10  $     2.31  
34215 $  7017   $ 14355576190  $  9096869617     $     1667180  $   303057200  $   273019783  $   103815951  $      53      $       0      $      97      $           0  $              $1.578079      $1667180.000000      $19.356949 $17.438389 $6.630959 $     1.11  $     2.63  
34213 $  7018   $ 14714178464  $  9087719768     $     1480536  $   311626553  $   282258752  $   112848336  $       0      $       0      $      97      $           0  $              $1.619128      $1480536.000000      $19.904291 $18.028503 $7.207878 $     1.10  $     2.50  
34211 $  7018   $ 14655901693  $  9051577882     $     1363872  $   310547119  $   281707725  $   125528553  $      53      $       0      $      97      $           0  $              $1.619154      $1363872.000000      $19.835344 $17.993307 $8.017792 $     1.10  $     2.24  
34209 $  7019   $ 14601983182  $  9025285817     $     1385907  $   309773360  $   280595497  $   116082996  $       0      $       0      $      97      $           0  $              $1.617897      $1385907.000000      $19.785925 $17.922266 $7.414483 $     1.10  $     2.42  
34207 $  7018   $ 14940671958  $  9107165010     $     1589496  $   318517629  $   288339621  $   116764930  $      53      $       0      $      97      $           0  $              $1.640540      $1589496.000000      $20.324156 $18.398540 $7.450603 $     1.10  $     2.47  
34205 $  7019   $ 14953410784  $  8968875742     $     1464195  $   319570315  $   290236921  $   124048517  $       0      $       0      $      97      $           0  $              $1.667256      $1464195.000000      $20.391325 $18.519604 $7.915359 $     1.10  $     2.34  
34203 $  7017   $ 14294683364  $  9108489691     $     1508847  $   303356401  $   274907703  $   124087777  $      53      $       0      $      97      $           0  $              $1.569380      $1508847.000000      $19.376059 $17.558975 $7.925766 $     1.10  $     2.22  
34201 $  7017   $ 14922007524  $  8859306615     $     1833124  $   323645513  $   293209167  $   126047108  $       0      $       0      $      97      $           0  $              $1.684331      $1833124.000000      $20.671968 $18.727930 $8.050913 $     1.10  $     2.33  
34215 $  8019   $ 14074701982  $  8726437448     $     1255410  $   298582714  $   268955353  $   114953746  $      52      $       0      $      97      $           0  $              $1.612881      $1255410.000000      $19.071152 $17.178785 $7.342355 $     1.11  $     2.34  
34213 $  8020   $ 14540142819  $  8705223511     $     1487870  $   310108277  $   280851984  $   112670175  $       0      $       0      $      97      $           0  $              $1.670278      $1487870.000000      $19.807316 $17.938648 $7.196498 $     1.10  $     2.49  
34211 $  8020   $ 14527303983  $  8806006814     $     1543804  $   308096758  $   279893463  $   121266680  $      52      $       0      $      97      $           0  $              $1.649704      $1543804.000000      $19.678835 $17.877428 $7.745576 $     1.10  $     2.31  
34209 $  8021   $ 14408610635  $  9011150975     $     1403747  $   303033589  $   274604382  $   112617521  $       0      $       0      $      97      $           0  $              $1.598976      $1403747.000000      $19.355440 $17.539602 $7.193135 $     1.10  $     2.44  
34207 $  8021   $ 14833978582  $  9094423375     $     1400183  $   317747398  $   287509342  $   126748626  $      53      $       0      $      97      $           0  $              $1.631107      $1400183.000000      $20.275007 $18.345562 $8.087649 $     1.11  $     2.27  
34205 $  8022   $ 14558867836  $  9029477085     $     1379977  $   310155912  $   281140652  $   122564313  $       0      $       0      $      97      $           0  $              $1.612371      $1379977.000000      $19.790606 $17.939184 $7.820654 $     1.10  $     2.29  
34203 $  8019   $ 14493895707  $  9090426975     $     1578897  $   304310946  $   276273210  $   115792142  $      52      $       0      $      97      $           0  $              $1.594413      $1578897.000000      $19.437027 $17.646193 $7.395905 $     1.10  $     2.39  
34201 $  8019   $ 14118935718  $  9102580291     $     1668096  $   294098097  $   266846158  $   111787374  $       0      $       0      $      97      $           0  $              $1.551092      $1668096.000000      $18.784710 $17.044065 $7.140112 $     1.10  $     2.39  
34215 $  9021   $ 14546829951  $  8967646501     $     1390782  $   311044803  $   279821278  $   116578797  $      53      $       0      $      97      $           0  $              $1.622146      $1390782.000000      $19.867132 $17.872816 $7.446151 $     1.11  $     2.40  
34213 $  9022   $ 15019742492  $  8942157893     $     1518213  $   322245909  $   292073694  $   124347242  $       0      $       0      $      97      $           0  $              $1.679655      $1518213.000000      $20.582573 $18.655405 $7.942338 $     1.10  $     2.35  
34211 $  9022   $ 14791357428  $  9094489558     $     1480659  $   316166350  $   286694667  $   124180576  $      53      $       0      $      97      $           0  $              $1.626409      $1480659.000000      $20.194258 $18.311834 $7.931694 $     1.10  $     2.31  
34209 $  9023   $ 14509756568  $  8919440299     $     1471805  $   310906789  $   281608549  $   121917504  $       0      $       0      $      97      $           0  $              $1.626756      $1471805.000000      $19.858318 $17.986973 $7.787146 $     1.10  $     2.31  
34207 $  9024   $ 14432190683  $  9091762117     $     1467505  $   306976558  $   277608161  $   122286706  $      53      $       0      $      97      $           0  $              $1.587392      $1467505.000000      $19.587736 $17.713781 $7.802940 $     1.11  $     2.27  
34205 $  9025   $ 14786899673  $  9106604837     $     1370409  $   315215005  $   286348185  $   130269611  $       0      $       0      $      97      $           0  $              $1.623755      $1370409.000000      $20.113420 $18.271469 $8.312318 $     1.10  $     2.20  
34203 $  9021   $ 14409700090  $  8897972230     $     1622589  $   304248097  $   275977917  $   111354957  $      52      $       0      $      97      $           0  $              $1.619436      $1622589.000000      $19.433012 $17.627333 $7.112493 $     1.10  $     2.48  
34201 $  9021   $ 14463458764  $  8983086261     $     1722540  $   304710732  $   276683008  $   117495556  $       0      $       0      $      97      $           0  $              $1.610077      $1722540.000000      $19.462561 $17.672367 $7.504706 $     1.10  $     2.35  
34215 $ 10023   $ 14185897639  $  8799083295     $     1331185  $   304595060  $   274029217  $   118031413  $      52      $       0      $      97      $           0  $              $1.612202      $1331185.000000      $19.455173 $17.502865 $7.538933 $     1.11  $     2.32  
34213 $ 10024   $ 14584886127  $  9098435199     $     1298321  $   311216484  $   281694533  $   129713535  $       0      $       0      $      97      $           0  $              $1.603010      $1298321.000000      $19.878099 $17.992464 $8.285096 $     1.10  $     2.17  
34211 $ 10024   $ 14365461978  $  9105358264     $     1290487  $   305308660  $   276288324  $   127603947  $      53      $       0      $      97      $           0  $              $1.577693      $1290487.000000      $19.500753 $17.647158 $8.150352 $     1.11  $     2.17  
34209 $ 10025   $ 14952971740  $  9105906086     $     1368194  $   321358856  $   290917033  $   126605330  $       0      $       0      $      97      $           0  $              $1.642118      $1368194.000000      $20.525915 $18.581526 $8.086568 $     1.10  $     2.30  
34207 $ 10026   $ 14643780316  $  9107450141     $     1501066  $   310069106  $   280926875  $   119215417  $      53      $       0      $      97      $           0  $              $1.607890      $1501066.000000      $19.804813 $17.943434 $7.614558 $     1.10  $     2.36  
34205 $ 10027   $ 14434221004  $  8863221579     $     1387476  $   306680179  $   278244415  $   120852836  $       0      $       0      $      97      $           0  $              $1.628552      $1387476.000000      $19.588356 $17.772099 $7.719143 $     1.10  $     2.30  
34203 $ 10023   $ 15220819655  $  8961187486     $     1623085  $   327468947  $   297076597  $   124577949  $      53      $       0      $      97      $           0  $              $1.698527      $1623085.000000      $20.916182 $18.974953 $7.957075 $     1.10  $     2.38  
34201 $ 10023   $ 15282824214  $  8892192974     $     1946406  $   329703688  $   298851672  $   112653482  $       0      $       0      $      97      $           0  $              $1.718679      $1946406.000000      $21.058918 $19.088331 $7.195432 $     1.10  $     2.65  
34215 $ 11025   $ 15136570316  $  9098374779     $     1457708  $   326471530  $   294196743  $   126020643  $      53      $       0      $      97      $           0  $              $1.663656      $1457708.000000      $20.852472 $18.791010 $8.049223 $     1.11  $     2.33  
34213 $ 11026   $ 14535015300  $  9082926118     $     1459685  $   308605294  $   279432071  $   119054054  $       0      $       0      $      97      $           0  $              $1.600257      $1459685.000000      $19.711315 $17.847956 $7.604251 $     1.10  $     2.35  
34211 $ 11026   $ 14677631545  $  8825880578     $     1503822  $   312719627  $   283824561  $   124125491  $      52      $       0      $      97      $           0  $              $1.663022      $1503822.000000      $19.974108 $18.128515 $7.928175 $     1.10  $     2.29  
34209 $ 11027   $ 14024479687  $  9088212583     $     1343145  $   292798458  $   265159988  $   114745126  $       0      $       0      $      97      $           0  $              $1.543150      $1343145.000000      $18.701698 $16.936367 $7.329030 $     1.10  $     2.31  
34207 $ 11028   $ 14830065426  $  9107015098     $     1569573  $   314841916  $   285252695  $   117808792  $      54      $       0      $      97      $           0  $              $1.628422      $1569573.000000      $20.109663 $18.219734 $7.524713 $     1.10  $     2.42  
34205 $ 11029   $ 15297922364  $  9106568270     $     1606733  $   327158475  $   297140400  $   117283866  $       0      $       0      $      97      $           0  $              $1.679878      $1606733.000000      $20.896349 $18.979029 $7.491185 $     1.10  $     2.53  
34203 $ 11025   $ 14571274330  $  9001044233     $     1670594  $   307422878  $   279122014  $   115165285  $      53      $       0      $      97      $           0  $              $1.618843      $1670594.000000      $19.635794 $17.828154 $7.355867 $     1.10  $     2.42  
34201 $ 11025   $ 14296284485  $  9093432482     $     1553288  $   299384812  $   271626658  $   118401754  $       0      $       0      $      97      $           0  $              $1.572155      $1553288.000000      $19.122383 $17.349407 $7.562587 $     1.10  $     2.29  
34215 $ 12027   $ 14673093994  $  8941659168     $     1362062  $   314774867  $   283634712  $   122014901  $      53      $       0      $      97      $           0  $              $1.640981      $1362062.000000      $20.105381 $18.116390 $7.793367 $     1.11  $     2.32  
34213 $ 12028   $ 14468340236  $  8986710988     $     1454807  $   307430690  $   278158976  $   115756025  $       0      $       0      $      97      $           0  $              $1.609971      $1454807.000000      $19.636292 $17.766642 $7.393599 $     1.11  $     2.40  
34211 $ 12028   $ 14776878487  $  9097931983     $     1520971  $   313906171  $   284538710  $   119235134  $      53      $       0      $      97      $           0  $              $1.624202      $1520971.000000      $20.049896 $18.174129 $7.615817 $     1.10  $     2.39  
34209 $ 12029   $ 15050046924  $  8974919430     $     1402734  $   323021187  $   292714922  $   124048369  $       0      $       0      $      97      $           0  $              $1.676900      $1402734.000000      $20.632092 $18.696362 $7.923249 $     1.10  $     2.36  
34207 $ 12030   $ 15019336581  $  9099524946     $     1508895  $   321075685  $   291108036  $   124434835  $      53      $       0      $      97      $           0  $              $1.650563      $1508895.000000      $20.507828 $18.593727 $7.947933 $     1.10  $     2.34  
34205 $ 12031   $ 14535918624  $  9063394089     $     1399141  $   307596646  $   279152533  $   120157361  $       0      $       0      $      97      $           0  $              $1.603805      $1399141.000000      $19.646891 $17.830103 $7.674722 $     1.10  $     2.32  
34203 $ 12027   $ 14489557607  $  8921879878     $     1668830  $   308143767  $   279095319  $   111645848  $      53      $       0      $      97      $           0  $              $1.624048      $1668830.000000      $19.681837 $17.826448 $7.131072 $     1.10  $     2.50  
34201 $ 12027   $ 14907846703  $  8997010649     $     1743650  $   318367828  $   288991644  $   123627193  $       0      $       0      $      97      $           0  $              $1.656978      $1743650.000000      $20.334871 $18.458548 $7.896348 $     1.10  $     2.34  
34215 $ 13029   $ 15448561480  $  9096493647     $     1601403  $   335288101  $   301987042  $   120168284  $      54      $       0      $      97      $           0  $              $1.698298      $1601403.000000      $21.415607 $19.288593 $7.675420 $     1.11  $     2.51  
34213 $ 13030   $ 14829737420  $  9095296705     $     1460262  $   316686550  $   286815861  $   123617799  $       0      $       0      $      97      $           0  $              $1.630484      $1460262.000000      $20.227486 $18.319576 $7.895748 $     1.10  $     2.32  
34211 $ 13031   $ 14884887737  $  9078791330     $     1492169  $   317350094  $   287802943  $   124888770  $      53      $       0      $      97      $           0  $              $1.639523      $1492169.000000      $20.249657 $18.364296 $7.968974 $     1.10  $     2.30  
34209 $ 13032   $ 14422729790  $  9105976083     $     1359822  $   304397605  $   275868713  $   121524797  $       0      $       0      $      97      $           0  $              $1.583875      $1359822.000000      $19.423178 $17.602789 $7.754324 $     1.10  $     2.27  
34207 $ 13032   $ 15258930679  $  9102589780     $     1525467  $   327071494  $   296368668  $   125175727  $      53      $       0      $      97      $           0  $              $1.676328      $1525467.000000      $20.890793 $18.929735 $7.995256 $     1.10  $     2.37  
34205 $ 13033   $ 14476970586  $  8869296812     $     1399701  $   307791415  $   279040084  $   113541754  $       0      $       0      $      97      $           0  $              $1.632257      $1399701.000000      $19.659332 $17.822920 $7.252168 $     1.10  $     2.46  
34203 $ 13030   $ 14549263484  $  9046018505     $     1649870  $   307727422  $   279047722  $   114722662  $      53      $       0      $      97      $           0  $              $1.608361      $1649870.000000      $19.635649 $17.805637 $7.320290 $     1.10  $     2.43  
34201 $ 13030   $ 14559316490  $  9060625840     $     1624423  $   308448105  $   279654164  $   125233170  $       0      $       0      $      97      $           0  $              $1.606878      $1624423.000000      $19.681633 $17.844334 $7.990950 $     1.10  $     2.23  
34215 $ 14031   $ 14575317466  $  9095592569     $     1416398  $   309202430  $   278539072  $   116594106  $      53      $       0      $      97      $           0  $              $1.602459      $1416398.000000      $19.749456 $17.790918 $7.447128 $     1.11  $     2.39  
34213 $ 14033   $ 14888345406  $  9081540813     $     1478865  $   316176001  $   286391865  $   117150886  $       0      $       0      $      97      $           0  $              $1.639408      $1478865.000000      $20.174740 $18.274258 $7.475231 $     1.10  $     2.44  
34211 $ 14033   $ 14557410341  $  9107019780     $     1396673  $   307507799  $   278993711  $   123037286  $      53      $       0      $      97      $           0  $              $1.598482      $1396673.000000      $19.641218 $17.819956 $7.858669 $     1.10  $     2.27  
34209 $ 14034   $ 14370674268  $  8868248689     $     1461192  $   305282175  $   276502097  $   110421070  $       0      $       0      $      97      $           0  $              $1.620464      $1461192.000000      $19.499062 $17.660814 $7.052843 $     1.10  $     2.50  
34207 $ 14034   $ 15001656337  $  9104452187     $     1592381  $   321805184  $   291122833  $   122616734  $      54      $       0      $      97      $           0  $              $1.647727      $1592381.000000      $20.554422 $18.594673 $7.831808 $     1.11  $     2.37  
34205 $ 14035   $ 15155755990  $  9106715314     $     1476039  $   325545126  $   295417394  $   129738794  $       0      $       0      $      97      $           0  $              $1.664240      $1476039.000000      $20.793301 $18.868977 $8.286709 $     1.10  $     2.28  
34203 $ 14033   $ 14669720295  $  9042129097     $     1458399  $   311949642  $   282928988  $   122979585  $      53      $       0      $      97      $           0  $              $1.622375      $1458399.000000      $19.905062 $18.053295 $7.847152 $     1.10  $     2.30  
34201 $ 14033   $ 14424236948  $  9027407719     $     1667967  $   305567918  $   277024017  $   116830030  $       0      $       0      $      97      $           0  $              $1.597827      $1667967.000000      $19.497852 $17.676508 $7.454758 $     1.10  $     2.37  
34215 $ 15034   $ 14368448341  $  8886850878     $     1518313  $   303673603  $   274011148  $   104910612  $      52      $       0      $      97      $           0  $              $1.616821      $1518313.000000      $19.376980 $17.484261 $6.694196 $     1.11  $     2.61  
34213 $ 15036   $ 14173731918  $  8654436848     $     1465015  $   300417205  $   272088435  $   109618097  $       0      $       0      $      97      $           0  $              $1.637742      $1465015.000000      $19.169195 $17.361576 $6.994575 $     1.10  $     2.48  
34211 $ 15035   $ 15623535235  $  9108066990     $     1679752  $   337448866  $   305776523  $   120811035  $      54      $       0      $      97      $           0  $              $1.715351      $1679752.000000      $21.553619 $19.530636 $7.716473 $     1.10  $     2.53  
34209 $ 15036   $ 14721146935  $  8989215236     $     1412204  $   313750636  $   284316856  $   120253206  $       0      $       0      $      97      $           0  $              $1.637645      $1412204.000000      $20.039961 $18.159960 $7.680844 $     1.10  $     2.36  
34207 $ 15037   $ 14144722337  $  8603458981     $     1725412  $   296349480  $   268789532  $    93284918  $      52      $       0      $      97      $           0  $              $1.644074      $1725412.000000      $18.909637 $17.151077 $5.952378 $     1.10  $     2.88  
34205 $ 15038   $ 13560515893  $  8453963609     $     1539965  $   281477220  $   255963923  $    98403101  $       0      $       0      $      97      $           0  $              $1.604042      $1539965.000000      $17.960659 $16.332693 $6.278962 $     1.10  $     2.60  
34203 $ 15035   $ 13880694101  $  8183711452     $     1888241  $   291535269  $   265222398  $    83635541  $      52      $       0      $      97      $           0  $              $1.696137      $1888241.000000      $18.621016 $16.940353 $5.341991 $     1.10  $     3.17  
34201 $ 15035   $ 14223602083  $  8399529831     $     2166114  $   298694040  $   271675118  $    81833591  $       0      $       0      $      97      $           0  $              $1.693381      $2166114.000000      $19.078262 $17.352501 $5.226896 $     1.10  $     3.32  
34215 $ 16037   $ 14052393582  $  8549812536     $     1694167  $   295664274  $   266857262  $    96516472  $      52      $       0      $      97      $           0  $              $1.643591      $1694167.000000      $18.865917 $17.027782 $6.158578 $     1.11  $     2.76  
34213 $ 16039   $ 13961850396  $  8228758033     $     1726364  $   294743876  $   268156262  $   112230313  $       0      $       0      $      97      $           0  $              $1.696714      $1726364.000000      $18.807186 $17.110668 $7.161256 $     1.10  $     2.39  
34211 $ 16037   $ 14565607473  $  8644986490     $     1977823  $   304927765  $   277840832  $    91769418  $      53      $       0      $      97      $           0  $              $1.684862      $1977823.000000      $19.476425 $17.746321 $5.861520 $     1.10  $     3.03  
34209 $ 16038   $ 14165683899  $  8810498582     $     1754370  $   292772355  $   266123162  $    84503403  $       0      $       0      $      97      $           0  $              $1.607819      $1754370.000000      $18.700031 $16.997887 $5.397423 $     1.10  $     3.15  
34207 $ 16039   $ 15926905113  $  9082714257     $     1974624  $   338556943  $   307189425  $    92402732  $      53      $       0      $      97      $           0  $              $1.753540      $1974624.000000      $21.624395 $19.620882 $5.901971 $     1.10  $     3.32  
34205 $ 16041   $ 13746333535  $  8220641502     $     1744720  $   287647668  $   261442731  $    81853194  $       0      $       0      $      97      $           0  $              $1.672173      $1744720.000000      $18.354389 $16.682289 $5.222936 $     1.10  $     3.19  
34203 $ 16037   $ 14115045707  $  8200186199     $     2067417  $   298579952  $   272095653  $    99066233  $      52      $       0      $      97      $           0  $              $1.721308      $2067417.000000      $19.070976 $17.379362 $6.327584 $     1.10  $     2.75  
34201 $ 16037   $ 13982424570  $  8381562140     $     2174121  $   293448074  $   267178597  $    92643940  $       0      $       0      $      97      $           0  $              $1.668236      $2174121.000000      $18.743189 $17.065300 $5.917377 $     1.10  $     2.88  
34215 $ 17039   $ 14323636800  $  8532246807     $     1713704  $   303222017  $   273454354  $    89451801  $      52      $       0      $      97      $           0  $              $1.678765      $1713704.000000      $19.367474 $17.466146 $5.713488 $     1.11  $     3.06  
34213 $ 17041   $ 14329658449  $  8315067856     $     1615387  $   304230676  $   276067003  $    98263089  $       0      $       0      $      97      $           0  $              $1.723336      $1615387.000000      $19.431900 $17.633022 $6.276285 $     1.10  $     2.81  
34211 $ 17040   $ 14414491234  $  8537549304     $     1812942  $   301990084  $   274923534  $    90222433  $      52      $       0      $      97      $           0  $              $1.688364      $1812942.000000      $19.269556 $17.542479 $5.756965 $     1.10  $     3.05  
34209 $ 17041   $ 13848399827  $  8356790513     $     1775593  $   289101357  $   262680878  $    84410582  $       0      $       0      $      97      $           0  $              $1.657143      $1775593.000000      $18.447145 $16.761292 $5.386119 $     1.10  $     3.11  
34207 $ 17041   $ 14344096762  $  8650992418     $     1866012  $   299800677  $   272124291  $    88064518  $      53      $       0      $      97      $           0  $              $1.658087      $1866012.000000      $19.148945 $17.381191 $5.624879 $     1.10  $     3.09  
34205 $ 17043   $ 15176564437  $  9080495734     $     1909709  $   317071569  $   288680955  $    88710216  $       0      $       0      $      97      $           0  $              $1.671337      $1909709.000000      $20.252077 $18.438704 $5.666121 $     1.10  $     3.25  
34203 $ 17040   $ 14089284195  $  8291215933     $     1965084  $   296710872  $   269847132  $    85309292  $      52      $       0      $      97      $           0  $              $1.699303      $1965084.000000      $18.932697 $17.218561 $5.443465 $     1.10  $     3.16  
34201 $ 17040   $ 14142970198  $  8341360243     $     1990685  $   297758242  $   271103385  $   106341815  $       0      $       0      $      97      $           0  $              $1.695523      $1990685.000000      $18.999529 $17.298721 $6.785520 $     1.10  $     2.55  
34215 $ 18041   $ 14070874059  $  8473948202     $     1858762  $   295565069  $   267374712  $    89848425  $      52      $       0      $      97      $           0  $              $1.660486      $1858762.000000      $18.878407 $17.077826 $5.738822 $     1.11  $     2.98  
34213 $ 18043   $ 14288099324  $  8381514000     $     1893185  $   301593019  $   274030124  $    94058843  $       0      $       0      $      97      $           0  $              $1.704716      $1893185.000000      $19.263426 $17.502922 $6.007750 $     1.10  $     2.91  
34211 $ 18043   $ 15010545041  $  8851819146     $     1810755  $   316349708  $   287455239  $    98060446  $      52      $       0      $      97      $           0  $              $1.695758      $1810755.000000      $20.185823 $18.342108 $6.257097 $     1.10  $     2.93  
34209 $ 18043   $ 14575661917  $  8254160334     $     1724142  $   311424689  $   282481799  $    92427064  $       0      $       0      $      97      $           0  $              $1.765856      $1724142.000000      $19.891397 $18.042749 $5.903525 $     1.10  $     3.06  
34207 $ 18043   $ 14406036573  $  8670611528     $     1733524  $   302627338  $   274682611  $   104304347  $      52      $       0      $      97      $           0  $              $1.661479      $1733524.000000      $19.329491 $17.544600 $6.662154 $     1.10  $     2.63  
34205 $ 18045   $ 14066749962  $  8570932292     $     1718326  $   293387551  $   266972122  $    98779411  $       0      $       0      $      97      $           0  $              $1.641216      $1718326.000000      $18.739325 $17.052113 $6.309264 $     1.10  $     2.70  
34203 $ 18043   $ 14194996277  $  8268104437     $     1956563  $   299039958  $   272180709  $    83067475  $      52      $       0      $      97      $           0  $              $1.716838      $1956563.000000      $19.081314 $17.367462 $5.300417 $     1.10  $     3.28  
34201 $ 18043   $ 14208140627  $  8441481365     $     2145948  $   297834655  $   270912928  $    81598705  $       0      $       0      $      97      $           0  $              $1.683134      $2145948.000000      $19.004404 $17.286568 $5.206697 $     1.10  $     3.32  
34215 $ 19043   $ 14233366089  $  8256232176     $     1815573  $   302758021  $   273210108  $    81869853  $      52      $       0      $      97      $           0  $              $1.723954      $1815573.000000      $19.337837 $17.450546 $5.229212 $     1.11  $     3.34  
34213 $ 19045   $ 14728246142  $  8631788755     $     1802272  $   310621446  $   282171441  $    89574465  $       0      $       0      $      97      $           0  $              $1.706280      $1802272.000000      $19.840092 $18.022928 $5.721323 $     1.10  $     3.15  
34211 $ 19045   $ 14661361891  $  8765248363     $     1832091  $   307061724  $   279214951  $    91037673  $      52      $       0      $      97      $           0  $              $1.672669      $1832091.000000      $19.612724 $17.834087 $5.814782 $     1.10  $     3.07  
34209 $ 19046   $ 14203071865  $  8508199859     $     1845624  $   296927942  $   270044395  $    85212809  $       0      $       0      $      97      $           0  $              $1.669339      $1845624.000000      $18.946548 $17.231148 $5.437308 $     1.10  $     3.17  
34207 $ 19045   $ 14935458234  $  8865434860     $     1825278  $   313296351  $   284558952  $    89819521  $      53      $       0      $      97      $           0  $              $1.684684      $1825278.000000      $20.010944 $18.175421 $5.736975 $     1.10  $     3.17  
34205 $ 19047   $ 14405483050  $  8494642402     $     1824863  $   302513654  $   275053726  $    80418418  $       0      $       0      $      97      $           0  $              $1.695832      $1824863.000000      $19.322229 $17.568302 $5.136506 $     1.10  $     3.42  
34203 $ 19046   $ 14284083313  $  8310898519     $     1930279  $   301325055  $   274274928  $    89031461  $      52      $       0      $      97      $           0  $              $1.718717      $1930279.000000      $19.227121 $17.501093 $5.680971 $     1.10  $     3.08  
34201 $ 19046   $ 14036351297  $  8215447492     $     2136130  $   295904096  $   269076938  $    81717753  $       0      $       0      $      97      $           0  $              $1.708531      $2136130.000000      $18.881218 $17.169415 $5.214293 $     1.10  $     3.29  
34215 $ 20046   $ 14755461484  $  8376763056     $     1819441  $   316034568  $   285110694  $    84160282  $      53      $       0      $      97      $           0  $              $1.761475      $1819441.000000      $20.165714 $18.192507 $5.370148 $     1.11  $     3.39  
34213 $ 20048   $ 14483979741  $  8471141810     $     1795350  $   305344037  $   277272573  $    88019925  $       0      $       0      $      97      $           0  $              $1.709803      $1795350.000000      $19.483568 $17.692368 $5.616426 $     1.10  $     3.15  
34209 $ 20010   $ 14007258610  $  8272606519     $     1826860  $   293256848  $   267540778  $    83948923  $       0      $       0      $      97      $           0  $              $1.693210      $1826860.000000      $19.469334 $17.762043 $5.573372 $     1.10  $     3.19  
34211 $ 20009   $ 11231855344  $  6936574554     $     1314716  $   232799190  $   211773219  $    79481280  $      47      $       0      $      97      $           0  $              $1.619222      $1314716.000000      $15.455547 $14.059632 $5.276765 $     1.10  $     2.66  
34209 $ 20199   $  2190909149  $  1684002448     $      278535  $    40452235  $    37322625  $     4884647  $       0      $       0      $      97      $           0  $              $1.301013      $278535.000000      $13.698112 $12.638349 $1.654060 $     1.08  $     7.64  
34207 $ 19046   $     9565696  $     5026865     $         983  $      209977  $      189962  $       92049  $       0      $       0      $      97      $           0  $              $1.902915      $983.000000      $13.438528 $12.157568 $5.891136 $     1.11  $     2.06  
34205 $ 19048   $     2074454  $     1085527     $          62  $       46034  $       41137  $       17873  $       0      $       0      $      97      $           0  $              $1.911011      $62.000000      $2.946176 $2.632768 $1.143872 $     1.12  $     2.30  
34205 $ 19966   $ 14415404789  $  8320561152     $     1634914  $   306894944  $   279334061  $    99223441  $       0      $       0      $      97      $           0  $              $1.732504      $1634914.000000      $21.395725 $19.474270 $6.917538 $     1.10  $     2.82  
34207 $ 19964   $ 11521184313  $  7372210402     $     1440828  $   238422032  $   216146391  $    81743715  $      47      $       0      $      97      $           0  $              $1.562786      $1440828.000000      $16.622015 $15.069029 $5.698908 $     1.10  $     2.64  
34205 $ 20006   $   165046458  $   250595611     $       21225  $     1684387  $     1566023  $      777170  $       0      $       0      $      97      $           0  $              $0.658617      $21225.000000      $2.695019 $2.505637 $1.243472 $     1.08  $     2.02  
34203 $ 19048   $     2351709  $     1171402     $          75  $       51921  $       47165  $       19453  $       0      $       0      $      97      $           0  $              $2.007602      $75.000000      $1.661472 $1.509280 $0.622496 $     1.10  $     2.42  
34201 $ 19048   $      901019  $     1308248     $          43  $        9951  $        9239  $        8878  $       0      $       0      $      97      $           0  $              $0.688722      $43.000000      $0.318432 $0.295648 $0.284096 $     1.08  $     1.04  
34203 $ 19050   $     2257052  $     1149807     $          84  $       49919  $       44874  $       18518  $       0      $       0      $      97      $           0  $              $1.962983      $84.000000      $1.597408 $1.435968 $0.592576 $     1.11  $     2.42  
34201 $ 19050   $     1460210  $     1328166     $          96  $       25343  $       23120  $       22225  $       0      $       0      $      97      $           0  $              $1.099418      $96.000000      $0.810976 $0.739840 $0.711200 $     1.10  $     1.04  
34203 $ 20052   $ 14176054332  $  8522444349     $     1613188  $   303103483  $   274631428  $   112060614  $      51      $       0      $      97      $           0  $              $1.663379      $1613188.000000      $19.359903 $17.541328 $7.157564 $     1.10  $     2.45  
34201 $ 20052   $ 14019712591  $  8214107161     $     1530611  $   302191604  $   274015326  $   117115699  $       0      $       0      $      97      $           0  $              $1.706785      $1530611.000000      $19.301661 $17.501978 $7.480443 $     1.10  $     2.34  
34215 $ 20186   $  1600797629  $  1267909703     $      154680  $    29736125  $    27050831  $     6221927  $       4      $       0      $      97      $           0  $              $1.262548      $154680.000000      $13.593657 $12.366095 $2.844310 $     1.10  $     4.35  
34213 $ 20188   $    68555698  $   129518737     $       68476  $      430080  $      397438  $      377379  $       0      $       0      $      97      $           0  $              $0.529311      $68476.000000      $0.196608 $0.181686 $0.172516 $     1.08  $     1.05  
34215 $ 20246   $   354591736  $   274858289     $       55187  $     6632648  $     6052630  $     1497239  $       1      $       0      $      97      $           0  $              $1.290089      $55187.000000      $7.074824 $6.456139 $1.597055 $     1.10  $     4.04  
34277 $     3   $       87010  $      573223     $           1  $           2  $           1  $           0  $       0      $       0      $      65      $           0  $              $0.151791      $1.000000      $0.000043 $0.000021 $0.000000 $     2.00  $      inf  
34209 $ 20202   $     1296791  $     1107206     $          52  $       22764  $       21051  $       20374  $       0      $       0      $      97      $           0  $              $1.171228      $52.000000      $0.485632 $0.449088 $0.434645 $     1.08  $     1.03  
34277 $     4   $       52361  $      346169     $           2  $           4  $           2  $           2  $       0      $       0      $      65      $           0  $              $0.151258      $2.000000      $0.000256 $0.000128 $0.000128 $     2.00  $     1.00  
34209 $ 20203   $     1069779  $      953007     $          43  $       18526  $       17067  $       16456  $       0      $       0      $      97      $           0  $              $1.122530      $43.000000      $1.185664 $1.092288 $1.053184 $     1.09  $     1.04  
34277 $   263   $  4002339358  $  2132173374     $      603682  $    85700143  $    78592837  $    11588581  $       9      $       0      $      65      $           0  $              $1.877117      $603682.000000      $21.176870 $19.420624 $2.863588 $     1.09  $     6.78  
34209 $ 20462   $   627918642  $   795220115     $      149471  $     8243428  $     7613998  $     6347448  $       0      $       0      $      97      $           0  $              $0.789616      $149471.000000      $2.036986 $1.881451 $1.568481 $     1.08  $     1.20  
34277 $  1146   $ 17330546932  $  8691672763     $     2744764  $   374212172  $   343961409  $    36730678  $      35      $       0      $      65      $           0  $              $1.993925      $2744764.000000      $27.122965 $24.930386 $2.662246 $     1.09  $     9.36  
34279 $     2   $      113576  $      779448     $           1  $           5  $           8  $           2  $       0      $       0      $      65      $           0  $              $0.145713      $1.000000      $0.000160 $0.000256 $0.000064 $     0.62  $     4.00  
34281 $     2   $       67375  $      464653     $           0  $           2  $           0  $           0  $       0      $       0      $      97      $           0  $              $0.145001      $0.000000      $0.000064 $0.000000 $0.000000 $      inf  $     0.00  
34279 $  1005   $ 16799873493  $  8931327757     $     2693976  $   367707113  $   332024331  $    78976829  $      58      $       0      $      65      $           0  $              $1.881005      $2693976.000000      $23.462866 $21.185999 $5.039399 $     1.11  $     4.20  
34281 $  1005   $ 16798754148  $  8931389925     $     2555238  $   367436536  $   332161724  $    78795370  $       0      $       0      $      97      $           0  $              $1.880867      $2555238.000000      $23.445602 $21.194767 $5.027820 $     1.11  $     4.22  
34201 $ 20305   $  2708989528  $  2293568079     $      237996  $    50000034  $    45465150  $    20670181  $       0      $       0      $      97      $           0  $              $1.181125      $237996.000000      $12.648230 $11.501066 $5.228820 $     1.10  $     2.20  
34203 $ 20305   $  1439651480  $  1087588385     $      198832  $    28588643  $    25857492  $    15456613  $      10      $       0      $      97      $           0  $              $1.323710      $198832.000000      $7.231910 $6.541026 $3.909973 $     1.11  $     1.67  
34201 $ 20307   $           0  $           0     $         727  $           0  $           0  $           0  $       0      $       0      $      97      $           0  $              $-nan      $727.000000      $0.000000 $0.000000 $0.000000 $     0.00  $     0.00  
34283 $3565144077   $       28429  $      348481     $       17180  $        1903  $        4635  $         346  $       0      $       0      $      65      $18446744069315251826  $              $0.081580      $17180.000000      $0.000036 $0.000087 $0.000007 $     0.41  $    13.40  
34285 $3565144079   $           0  $           0     $           0  $           0  $           0  $           0  $       0      $       0      $      97      $18446462629550975535  $              $-nan      $0.000000      $0.000000 $0.000000 $0.000000 $     0.00  $     0.00  
34290 $3565111316   $           0  $           0     $           0  $           0  $           0  $           0  $       0      $       0      $      65      $           0  $              $-nan      $0.000000      $0.000000 $0.000000 $0.000000 $     0.00  $     0.00  
34277 $  3297   $           0  $           0     $           0  $           0  $           0  $           0  $       0      $       0      $      65      $           0  $              $-nan      $0.000000      $0.000000 $0.000000 $0.000000 $     0.00  $     0.00  
34279 $  2273   $           0  $           0     $           0  $           0  $           0  $           0  $       0      $       0      $      65      $           0  $              $-nan      $0.000000      $0.000000 $0.000000 $0.000000 $     0.00  $     0.00  
34281 $  2274   $           0  $           0     $           0  $           0  $           0  $           0  $       0      $       0      $      97      $           0  $              $-nan      $0.000000      $0.000000 $0.000000 $0.000000 $     0.00  $     0.00  
