PID   $time     $Instr Ret     $Unh Clk Cycles   $l2 trans reqs $l1lines       $l2lines       $Per Core bw   $Power         $Power2        $Power3        $bandwidth     $              $IPC           $MEM INTENSIITY$L2->L1 BW (MB)$L3->L2 BW (MB)$MM->L3 BW (MB)$L2 REUSE      $L3 REUSE      
 6769 $   755   $  2439034711  $  6536375246     $     7139234  $   262353803  $   257799518  $    14564309  $       0      $       0      $      97      $           0  $              $0.373148      $7139234.000000      $22.239264 $21.853205 $1.234590 $     1.02  $    17.70  
 6771 $   755   $ 10000331572  $  5920133545     $     1525103  $   196676629  $   187411709  $    25312061  $      35      $       0      $      97      $           0  $              $1.689207      $1525103.000000      $16.671926 $15.886556 $2.145658 $     1.05  $     7.40  
 6769 $  1078   $  1150267577  $  3078879532     $     3755955  $   131140868  $   128951246  $     1475230  $       0      $       0      $      97      $           0  $              $0.373599      $3755955.000000      $25.984568 $25.550713 $0.292306 $     1.02  $    87.41  
 6769 $  1080   $      500250  $     1357819     $        1664  $       56901  $       55979  $         567  $       0      $       0      $      97      $           0  $              $0.368422      $1664.000000      $1.820832 $1.791328 $0.018144 $     1.02  $    98.73  
 6769 $  1697   $  1419400663  $  3843688015     $     4566269  $   162019568  $   159185241  $    10403753  $      27      $       0      $      97      $           0  $              $0.369281      $4566269.000000      $16.805920 $16.511923 $1.079157 $     1.02  $    15.30  
 6797 $   618   $  9578995866  $  4931358232     $     1468916  $   196339777  $   187169569  $    22299240  $       0      $       0      $      97      $           0  $              $1.942466      $1468916.000000      $20.332922 $19.383257 $2.309306 $     1.05  $     8.39  
 6769 $  2136   $  1567548985  $  4197318022     $     5148394  $   178584908  $   175706126  $     1930440  $      15      $       0      $      97      $           0  $              $0.373464      $5148394.000000      $26.035158 $25.615473 $0.281431 $     1.02  $    91.02  
 6769 $  2137   $     1795506  $     4836226     $        5785  $      204367  $      201226  $        2126  $       0      $       0      $      97      $           0  $              $0.371262      $5785.000000      $13.079488 $12.878464 $0.136064 $     1.02  $    94.65  
 6769 $  2814   $  2300768007  $  6242002837     $     7309119  $   262348108  $   257917575  $    11756693  $      33      $       0      $      97      $           0  $              $0.368594      $7309119.000000      $24.801003 $24.382162 $1.111416 $     1.02  $    21.94  
 6802 $   678   $  9580086839  $  4954232507     $     1568645  $   194760817  $   187053471  $    22809914  $       0      $       0      $      97      $           0  $              $1.933718      $1568645.000000      $18.384502 $17.656965 $2.153148 $     1.04  $     8.20  
 6769 $  3250   $  1516791941  $  3995170771     $     3655158  $   128259429  $   126496482  $     1316298  $      15      $       0      $      97      $           0  $              $0.379656      $3655158.000000      $18.827072 $18.568291 $0.193218 $     1.01  $    96.10  
 6769 $  3251   $     1688228  $     4839063     $        5657  $      212788  $      212245  $         171  $       0      $       0      $      97      $           0  $              $0.348875      $5657.000000      $13.618432 $13.583680 $0.010944 $     1.00  $  1241.20  
 6769 $  3897   $  2042755431  $  5936968536     $     6356718  $   258852528  $   257056933  $    12907453  $      32      $       0      $      97      $           0  $              $0.344074      $6356718.000000      $25.644833 $25.466940 $1.278757 $     1.01  $    19.92  
 6807 $   646   $  9579624259  $  4979586349     $     1477989  $   194717412  $   187015602  $    26715985  $       0      $       0      $      97      $           0  $              $1.923779      $1477989.000000      $19.290888 $18.527861 $2.646785 $     1.04  $     7.00  
 6769 $  4330   $  1448834299  $  4138870826     $     4971394  $   183115909  $   182232769  $      556865  $      14      $       0      $      97      $           0  $              $0.350055      $4971394.000000      $27.065630 $26.935097 $0.082308 $     1.00  $   327.25  
 6769 $  4332   $     1679057  $     4823733     $        5777  $      211622  $      211030  $         167  $       0      $       0      $      97      $           0  $              $0.348082      $5777.000000      $6.771904 $6.752960 $0.005344 $     1.00  $  1263.65  
 6769 $  4949   $  1950818232  $  5658487422     $     6183622  $   247151232  $   245459673  $     7514835  $      30      $       0      $      97      $           0  $              $0.344760      $6183622.000000      $25.636433 $25.460972 $0.779497 $     1.01  $    32.66  
 6812 $   617   $  9579305936  $  4924090438     $     1554028  $   194299109  $   186746135  $    19902800  $       0      $       0      $      65      $           0  $              $1.945396      $1554028.000000      $20.154202 $19.370749 $2.064472 $     1.04  $     9.38  
 6769 $  5389   $  1472247699  $  4206434719     $     5104458  $   185877305  $   185142797  $      354567  $      14      $       0      $      97      $           0  $              $0.349999      $5104458.000000      $27.036699 $26.929861 $0.051573 $     1.00  $   522.17  
 6769 $  5391   $     1554320  $     4467338     $        5454  $      195937  $      195352  $         113  $       0      $       0      $      97      $           0  $              $0.347930      $5454.000000      $6.269984 $6.251264 $0.003616 $     1.00  $  1728.78  
 6817 $   542   $  9191042272  $  4754832936     $     1366261  $   188427517  $   179435742  $    22056995  $       0      $       0      $     113      $           0  $              $1.932989      $1366261.000000      $22.249744 $21.187984 $2.604516 $     1.05  $     8.14  
 6769 $  5933   $  1728412627  $  4912577747     $     4581993  $   188055687  $   186626823  $     8845250  $      27      $       0      $      97      $           0  $              $0.351834      $4581993.000000      $22.205837 $22.037115 $1.044458 $     1.01  $    21.10  
