PID   $time     $Instr Ret     $Unh Clk Cycles   $l2 trans reqs $l1lines       $l2lines       $Per Core bw   $Power         $Power2        $Power3        $bandwidth     $              $IPC           $MEM INTENSIITY$L2->L1 BW (MB)$L3->L2 BW (MB)$MM->L3 BW (MB)$L2 REUSE      $L3 REUSE      
 6669 $  1002   $  4766589099  $  7753174816     $      133653  $   104994541  $   106844880  $    97653501  $      46      $       0      $      97      $           0  $              $0.614792      $133653.000000      $6.706238 $6.824423 $6.237350 $     0.98  $     1.09  
 6667 $  1003   $  2487627412  $  8688185807     $     9245426  $   268818375  $   259535606  $    11979860  $       0      $       0      $      97      $           0  $              $0.286323      $9245426.000000      $17.152916 $16.560596 $0.764418 $     1.04  $    21.66  
 6669 $  2004   $  5282403700  $  9112682535     $      132208  $   149004211  $   149032411  $   145959440  $      48      $       0      $      97      $           0  $              $0.579676      $132208.000000      $9.517235 $9.519036 $9.322759 $     1.00  $     1.02  
 6667 $  2006   $  2345097755  $  9077999690     $     6929893  $   273588082  $   262489139  $    22565388  $       0      $       0      $      97      $           0  $              $0.258328      $6929893.000000      $17.457266 $16.749058 $1.439865 $     1.04  $    11.63  
 6669 $  3006   $  5305238205  $  9114563490     $      122255  $   144775050  $   144805142  $   141671494  $      47      $       0      $      97      $           0  $              $0.582062      $122255.000000      $9.247109 $9.249031 $9.048878 $     1.00  $     1.02  
 6667 $  3009   $  2478973874  $  9079297855     $     7269573  $   272438772  $   261836215  $    17918739  $       0      $       0      $      97      $           0  $              $0.273036      $7269573.000000      $17.383930 $16.707396 $1.143369 $     1.04  $    14.61  
 6669 $  4009   $  5561772364  $  9114035194     $      132045  $   154981289  $   155007690  $   151586432  $      48      $       0      $      97      $           0  $              $0.610243      $132045.000000      $9.889135 $9.890821 $9.672514 $     1.00  $     1.02  
 6667 $  4012   $  2549359697  $  9079805313     $     7686141  $   255736522  $   245533066  $    14562460  $       0      $       0      $      97      $           0  $              $0.280773      $7686141.000000      $16.318184 $15.667115 $0.929210 $     1.04  $    16.86  
 6669 $  5012   $  5407075905  $  9124435531     $      107585  $   126576501  $   126597630  $   123894066  $      46      $       0      $      97      $           0  $              $0.592593      $107585.000000      $8.076666 $8.078014 $7.905504 $     1.00  $     1.02  
 6667 $  5015   $  2421250381  $  8832619322     $     5879375  $   266894262  $   255799060  $    16414142  $       0      $       0      $      97      $           0  $              $0.274126      $5879375.000000      $17.030142 $16.322172 $1.047363 $     1.04  $    15.58  
 6669 $  6014   $  5357251079  $  9124830678     $       96963  $   117179170  $   117199021  $   114662088  $      46      $       0      $      97      $           0  $              $0.587107      $96963.000000      $7.484498 $7.485766 $7.323726 $     1.00  $     1.02  
 6667 $  6018   $  2369429731  $  9122936249     $     6465866  $   312946390  $   299704050  $    17291450  $       0      $       0      $      97      $           0  $              $0.259722      $6465866.000000      $19.968664 $19.123690 $1.103343 $     1.04  $    17.33  
 6669 $  7016   $  5341408933  $  9128808898     $       92487  $   112156897  $   112173175  $   109733528  $      46      $       0      $      97      $           0  $              $0.585116      $92487.000000      $7.163714 $7.164754 $7.008928 $     1.00  $     1.02  
 6667 $  7021   $  2427004973  $  9126674372     $     6544667  $   319664976  $   306873840  $    16315776  $       0      $       0      $      97      $           0  $              $0.265924      $6544667.000000      $20.397366 $19.581182 $1.041086 $     1.04  $    18.81  
 6669 $  8018   $  5531862529  $  9112567841     $      117494  $   136311678  $   136335113  $   133305753  $      47      $       0      $      97      $           0  $              $0.607059      $117494.000000      $8.706534 $8.708032 $8.514539 $     1.00  $     1.02  
 6667 $  8024   $  2308097000  $  9109565083     $     6077632  $   288029442  $   274456622  $    14446296  $       0      $       0      $      97      $           0  $              $0.253371      $6077632.000000      $18.378748 $17.512686 $0.921798 $     1.05  $    19.00  
 6669 $  8228   $  1298679788  $  1978048816     $       33623  $    38348757  $    38353749  $    37563975  $       8      $       0      $      97      $           0  $              $0.656546      $33623.000000      $11.687240 $11.688762 $11.448069 $     1.00  $     1.02  
 6667 $  8234   $   281318827  $   771168405     $      235114  $     4842980  $     4563644  $      608747  $       0      $       0      $      97      $           0  $              $0.364796      $235114.000000      $1.475956 $1.390825 $0.185523 $     1.06  $     7.50  
 6669 $  9143   $  5747763280  $  8933731012     $      127359  $   159509945  $   159528461  $   156176797  $      32      $       0      $      97      $           0  $              $0.643378      $127359.000000      $11.156981 $11.158275 $10.923841 $     1.00  $     1.02  
 6669 $  9145   $     4877810  $     5881410     $          88  $      141025  $      141089  $      138239  $       0      $       0      $      97      $           0  $              $0.829361      $88.000000      $4.512800 $4.514848 $4.423648 $     1.00  $     1.02  
 6695 $   795   $  2456247362  $  6702187016     $     8862929  $   274469768  $   269182548  $     7759629  $       0      $       0      $      97      $           0  $              $0.366484      $8862929.000000      $22.095678 $21.670042 $0.624675 $     1.02  $    34.69  
 6669 $  9940   $  4086750265  $  4428887762     $      406461  $    37090780  $    37101528  $    36740102  $      33      $       0      $      97      $           0  $              $0.922749      $406461.000000      $2.985924 $2.986790 $2.957694 $     1.00  $     1.01  
