PID   $time     $Instr Ret     $Unh Clk Cycles   $l2 trans reqs $l1lines       $l2lines       $Per Core bw   $Power         $Power2        $Power3        $bandwidth     $              $IPC           $MEM INTENSIITY$L2->L1 BW (MB)$L3->L2 BW (MB)$MM->L3 BW (MB)$L2 REUSE      $L3 REUSE      
 7251 $  1004   $  1497060625  $  8912090293     $    64648518  $   429971033  $   166625294  $     6392580  $      41      $       0      $      97      $           0  $              $0.167981      $64648520.000000      $27.408512 $10.621532 $0.407495 $     2.58  $    26.07  
 7249 $  1004   $  2322013094  $  5979435569     $    17660386  $   103241052  $   123051121  $    14148041  $       0      $       0      $      97      $           0  $              $0.388333      $17660386.000000      $6.581103 $7.843896 $0.901867 $     0.84  $     8.70  
 7251 $  1227   $   305418459  $  2066377996     $    15373175  $   103084587  $    39983835  $     1993880  $       9      $       0      $      97      $           0  $              $0.147804      $15373175.000000      $29.584814 $11.475182 $0.572235 $     2.58  $    20.05  
 7249 $  1227   $   268198328  $  1249457653     $     9828655  $    49513406  $    65442481  $     3639835  $       0      $       0      $      97      $           0  $              $0.214652      $9828655.000000      $14.210126 $18.781698 $1.044616 $     0.76  $    17.98  
 7251 $  2068   $  1194459781  $  8043322549     $    60278610  $   403085203  $   156856269  $     3507552  $      29      $       0      $      97      $           0  $              $0.148503      $60278608.000000      $30.674738 $11.936744 $0.266924 $     2.57  $    44.72  
 7251 $  2070   $      673192  $     4624444     $       33001  $      227469  $       88142  $        2533  $       0      $       0      $      97      $           0  $              $0.145573      $33001.000000      $7.279008 $2.820544 $0.081056 $     2.58  $    34.80  
 7251 $  3050   $  1334734904  $  9142813309     $    64741590  $   450368025  $   175001758  $    12769926  $      41      $       0      $      97      $           0  $              $0.145987      $64741592.000000      $29.411789 $11.428686 $0.833954 $     2.57  $    13.70  
 7277 $   980   $  1682461597  $  5040448803     $    28101382  $   153161737  $   189036219  $    16948018  $       0      $       0      $      97      $           0  $              $0.333792      $28101382.000000      $10.002399 $12.345222 $1.106809 $     0.81  $    11.15  
 7251 $  3133   $   113605043  $   778576245     $     5763676  $    38335480  $    14784566  $      203785  $       2      $       0      $      97      $           0  $              $0.145914      $5763676.000000      $29.559889 $11.400147 $0.157135 $     2.59  $    72.55  
 7251 $  3135   $      667185  $     4889714     $       32805  $      225463  $       84814  $         952  $       0      $       0      $      97      $           0  $              $0.136447      $32805.000000      $7.214816 $2.714048 $0.030464 $     2.66  $    89.09  
 7251 $  4125   $  1340084225  $  9233773925     $    64778701  $   452105208  $   174264659  $    11534484  $      42      $       0      $      97      $           0  $              $0.145129      $64778700.000000      $29.227003 $11.265594 $0.745664 $     2.59  $    15.11  
 7282 $   990   $  1682519512  $  5035937462     $    28093318  $   153147648  $   189011031  $    16924747  $       0      $       0      $      97      $           0  $              $0.334103      $28093318.000000      $9.900454 $12.218894 $1.094125 $     0.81  $    11.17  
 7251 $  4210   $   116893061  $   800581939     $     5996929  $    39425218  $    15124590  $       92053  $       2      $       0      $      97      $           0  $              $0.146010      $5996929.000000      $29.684868 $11.387927 $0.069310 $     2.61  $   164.30  
 7251 $  4212   $      810906  $     5120824     $       40691  $      268063  $      100046  $         309  $       0      $       0      $      97      $           0  $              $0.158355      $40691.000000      $8.578016 $3.201472 $0.009888 $     2.68  $   323.77  
 7251 $  5185   $  1317900905  $  9060875429     $    64410110  $   444523775  $   171696690  $    10607575  $      41      $       0      $      97      $           0  $              $0.145450      $64410112.000000      $29.238974 $11.293513 $0.697723 $     2.59  $    16.19  
 7287 $   973   $  1682285251  $  5029431238     $    28018990  $   153166604  $   188973865  $    17070031  $       0      $       0      $      97      $           0  $              $0.334488      $28018990.000000      $10.074679 $12.429936 $1.122798 $     0.81  $    11.07  
 7251 $  5271   $   118836974  $   810973347     $     6190729  $    40064937  $    15587498  $       63196  $       2      $       0      $      97      $           0  $              $0.146536      $6190729.000000      $29.815765 $11.599998 $0.047030 $     2.57  $   246.65  
 7251 $  5273   $      846795  $     5170614     $       41408  $      278633  $      102735  $         359  $       0      $       0      $      97      $           0  $              $0.163771      $41408.000000      $8.916256 $3.287520 $0.011488 $     2.71  $   286.17  
 7251 $  6252   $  1356802346  $  9134977738     $    67592610  $   457509624  $   176464506  $     8207968  $      41      $       0      $      97      $           0  $              $0.148528      $67592608.000000      $29.908699 $11.535984 $0.536578 $     2.59  $    21.50  
 7292 $   979   $  1682792952  $  5033098481     $    28074532  $   153151466  $   189053788  $    17007446  $       0      $       0      $      97      $           0  $              $0.334345      $28074532.000000      $10.011945 $12.358981 $1.111825 $     0.81  $    11.12  
 7251 $  6337   $   122132978  $   807132799     $     6369227  $    41162548  $    15886254  $       19810  $       2      $       0      $      97      $           0  $              $0.151317      $6369227.000000      $30.992977 $11.961414 $0.014916 $     2.59  $   801.93  
 7251 $  6339   $      858296  $     5353667     $       46696  $      290075  $      114872  $         108  $       0      $       0      $      97      $           0  $              $0.160319      $46696.000000      $9.282400 $3.675904 $0.003456 $     2.53  $  1063.63  
 7251 $  7335   $  1441890235  $  9297022555     $    73997780  $   485924871  $   188787061  $     7174309  $      42      $       0      $      97      $           0  $              $0.155092      $73997776.000000      $31.224087 $12.130896 $0.461000 $     2.57  $    26.31  
 7297 $   996   $  1682347082  $  5041920127     $    28088118  $   153189979  $   189095463  $    17016788  $       0      $       0      $      97      $           0  $              $0.333672      $28088118.000000      $9.843534 $12.150712 $1.093448 $     0.81  $    11.11  
 7251 $  7420   $   124872765  $   770538925     $     6783700  $    42067476  $    16555375  $        5695  $       2      $       0      $      97      $           0  $              $0.162059      $6783700.000000      $31.674335 $12.465223 $0.004288 $     2.54  $  2907.00  
 7251 $  7422   $      800085  $     5261243     $       41779  $      270494  $      103930  $          22  $       0      $       0      $      97      $           0  $              $0.152071      $41779.000000      $8.655808 $3.325760 $0.000704 $     2.60  $  4724.09  
 7251 $  8410   $  1680965771  $  9227818300     $    92505281  $   555668845  $   216002151  $     2277894  $      42      $       0      $      97      $           0  $              $0.182163      $92505280.000000      $35.994743 $13.992042 $0.147556 $     2.57  $    94.83  
 7302 $   988   $  1681696054  $  5032661984     $    28178855  $   153260341  $   189077325  $    17069266  $       0      $       0      $      97      $           0  $              $0.334156      $28178856.000000      $9.927795 $12.247924 $1.105701 $     0.81  $    11.08  
 7251 $  8422   $    31097111  $    75869772     $        6218  $        1011  $        2352  $         192  $       0      $       0      $      97      $           0  $              $0.409875      $6218.000000      $0.005392 $0.012544 $0.001024 $     0.43  $    12.25  
