PID   $time     $Instr Ret     $Unh Clk Cycles   $l2 trans reqs $l1lines       $l2lines       $Per Core bw   $Power         $Power2        $Power3        $bandwidth     $              $IPC           $MEM INTENSIITY$L2->L1 BW (MB)$L3->L2 BW (MB)$MM->L3 BW (MB)$L2 REUSE      $L3 REUSE      
 9160 $  1003   $ 12369733609  $  8778735192     $     3273929  $   263882821  $   302116096  $    73008130  $      46      $       0      $      97      $           0  $              $1.409056      $3273929.000000      $16.837986 $19.277597 $4.658545 $     0.87  $     4.14  
 9158 $  1003   $  4826318770  $  8796364041     $     2678932  $    26030928  $    26373547  $    16971963  $       0      $       0      $      97      $           0  $              $0.548672      $2678932.000000      $1.660996 $1.682858 $1.082957 $     0.99  $     1.55  
 9160 $  2005   $ 15039665340  $  9115593736     $     2892359  $   325484899  $   340528980  $    87220708  $      49      $       0      $      97      $           0  $              $1.649883      $2892359.000000      $20.789454 $21.750355 $5.570983 $     0.96  $     3.90  
 9158 $  2005   $  5092891366  $  9113780658     $     3020701  $    28453410  $    29441240  $    19153751  $       0      $       0      $      97      $           0  $              $0.558812      $3020701.000000      $1.817384 $1.880478 $1.223393 $     0.97  $     1.54  
 9160 $  3008   $ 15075014140  $  9114531940     $     1654068  $   392625695  $   336647180  $   150924118  $      47      $       0      $      97      $           0  $              $1.653954      $1654068.000000      $25.052885 $21.480976 $9.630253 $     1.17  $     2.23  
 9158 $  3007   $  4597476009  $  9113230165     $     2062386  $    19237650  $    19710833  $    12862678  $       0      $       0      $      97      $           0  $              $0.504484      $2062386.000000      $1.228752 $1.258975 $0.821568 $     0.98  $     1.53  
 9160 $  4011   $ 14703849147  $  9116956625     $     1082767  $   628677551  $   320904182  $   164909019  $      47      $       0      $      97      $           0  $              $1.612802      $1082767.000000      $40.115021 $20.476439 $10.522610 $     1.96  $     1.95  
 9158 $  4010   $  4974885111  $  9116181135     $     3045412  $    28218036  $    29032692  $    19008900  $       0      $       0      $      97      $           0  $              $0.545720      $3045412.000000      $1.800553 $1.852535 $1.212931 $     0.97  $     1.53  
 9158 $  4923   $  4204578597  $  8398951924     $     1645961  $    16213012  $    16594638  $    10893100  $       0      $       0      $      97      $           0  $              $0.500608      $1645961.000000      $1.136509 $1.163260 $0.763591 $     0.98  $     1.52  
 9160 $  4924   $ 12372073531  $  7375724496     $     2122488  $   540153309  $   263679080  $    72830908  $      41      $       0      $      97      $           0  $              $1.677405      $2122488.000000      $37.863976 $18.483528 $5.105343 $     2.05  $     3.62  
 9158 $  5109   $   987557090  $  1750412842     $      496142  $     5422587  $     5492625  $     3602425  $       0      $       0      $      97      $           0  $              $0.564185      $496142.000000      $1.865836 $1.889935 $1.239544 $     0.99  $     1.52  
 9158 $  5112   $      540367  $     1331729     $         306  $           2  $          16  $           0  $       0      $       0      $      97      $           0  $              $0.405763      $306.000000      $0.000043 $0.000341 $0.000000 $     0.12  $      inf  
 9158 $  6114   $  3671309069  $  7498204794     $     1386840  $    12028552  $    12361093  $     8175889  $      46      $       0      $      97      $           0  $              $0.489625      $1386840.000000      $0.768291 $0.789531 $0.522212 $     0.97  $     1.51  
 9186 $  1002   $ 13836871344  $  8862998407     $     3851628  $   303321574  $   344068203  $    75605748  $       0      $       0      $      97      $           0  $              $1.561195      $3851628.000000      $19.373833 $21.976412 $4.829109 $     0.88  $     4.55  
 9186 $  2005   $ 14757879204  $  8993939563     $     2180189  $   319130408  $   332398721  $   122414608  $      48      $       0      $      97      $           0  $              $1.640869      $2180189.000000      $20.363256 $21.209888 $7.811101 $     0.96  $     2.72  
 9158 $  7117   $  4702292886  $  8682561836     $     2586226  $    24575484  $    25067299  $    16420886  $       0      $       0      $      97      $           0  $              $0.541579      $2586226.000000      $1.568127 $1.599509 $1.047793 $     0.98  $     1.53  
 9186 $  3007   $ 15179486348  $  9131893090     $     2717610  $   420763756  $   338912074  $    81144390  $      49      $       0      $      97      $           0  $              $1.662250      $2717610.000000      $26.875130 $21.647078 $5.182875 $     1.24  $     4.18  
 9158 $  8119   $  5098705187  $  9126743152     $     3002197  $    28543058  $    29472697  $    19151597  $       0      $       0      $      97      $           0  $              $0.558656      $3002197.000000      $1.823110 $1.882488 $1.223256 $     0.97  $     1.54  
 9186 $  4009   $ 15273067792  $  9132405429     $     2604294  $   661976844  $   332728827  $    78767201  $      49      $       0      $      97      $           0  $              $1.672404      $2604294.000000      $42.281952 $21.252140 $5.031039 $     1.99  $     4.22  
 9158 $  9121   $  5033811605  $  9123188857     $     2852309  $    27089200  $    28038646  $    18226699  $       0      $       0      $      97      $           0  $              $0.551760      $2852309.000000      $1.730248 $1.790892 $1.164180 $     0.97  $     1.54  
 9158 $  9816   $  3274748310  $  6378849261     $     1382854  $    13660764  $    14063217  $     9127871  $       0      $       0      $      97      $           0  $              $0.513376      $1382854.000000      $1.257970 $1.295030 $0.840552 $     0.97  $     1.54  
 9186 $  4704   $  9982232930  $  5671147232     $     2174791  $   442164751  $   216723972  $    33556609  $      32      $       0      $      97      $           0  $              $1.760179      $2174791.000000      $40.717327 $19.957315 $3.090105 $     2.04  $     6.46  
 9158 $ 10188   $  2508729885  $  3534840241     $     1942196  $    21123294  $    21712773  $    14236354  $       0      $       0      $      97      $           0  $              $0.709715      $1942196.000000      $3.634115 $3.735531 $2.449265 $     0.97  $     1.53  
 9158 $ 10190   $      629849  $     1537288     $           0  $           1  $           6  $           0  $       0      $       0      $      97      $           0  $              $0.409714      $0.000000      $0.000032 $0.000192 $0.000000 $     0.17  $      inf  
 9158 $ 11193   $  4216200859  $  8679031514     $     1478247  $    13705372  $    13969232  $     9127513  $      47      $       0      $      97      $           0  $              $0.485792      $1478247.000000      $0.874520 $0.891357 $0.582414 $     0.98  $     1.53  
 9191 $  1003   $ 13840650278  $  8848026122     $     3882715  $   303387672  $   344778284  $    74751200  $       0      $       0      $      97      $           0  $              $1.564264      $3882715.000000      $19.358736 $21.999809 $4.769767 $     0.88  $     4.61  
 9191 $  2006   $ 14694001468  $  9013950052     $      404503  $   317661355  $   330969123  $   182808296  $      46      $       0      $      97      $           0  $              $1.630140      $404503.000000      $20.269518 $21.118668 $11.664736 $     0.96  $     1.81  
 9158 $ 12196   $  3996674875  $  8701863699     $     1014600  $     9388568  $     9542066  $     6382551  $       0      $       0      $      97      $           0  $              $0.459290      $1014600.000000      $0.599071 $0.608866 $0.407261 $     0.98  $     1.50  
 9191 $  3009   $ 15397104698  $  9127286199     $     1113196  $   428006393  $   343600842  $   137251378  $      47      $       0      $      97      $           0  $              $1.686931      $1113196.000000      $27.310478 $21.924679 $8.757814 $     1.25  $     2.50  
 9158 $ 13198   $  4173895604  $  9119572701     $     1024743  $     9457103  $     9721401  $     6392787  $       0      $       0      $      97      $           0  $              $0.457685      $1024743.000000      $0.604047 $0.620928 $0.408322 $     0.97  $     1.52  
 9191 $  4011   $ 15508346667  $  9122405357     $     2670155  $   673285228  $   338001887  $    79011126  $      49      $       0      $      97      $           0  $              $1.700028      $2670155.000000      $43.004246 $21.588943 $5.046619 $     1.99  $     4.28  
 9158 $ 14201   $  4453211248  $  9115523608     $     1526903  $    14694288  $    14935938  $     9985769  $       0      $       0      $      97      $           0  $              $0.488530      $1526903.000000      $0.937622 $0.953041 $0.637178 $     0.98  $     1.50  
 9158 $ 14901   $  3495556208  $  6443429402     $     1800422  $    17784771  $    18141416  $    11828902  $       0      $       0      $      97      $           0  $              $0.542499      $1800422.000000      $1.626036 $1.658644 $1.081500 $     0.98  $     1.53  
 9191 $  4712   $  9590143732  $  5493179334     $     2098042  $   424043448  $   207845630  $    33786991  $      32      $       0      $      97      $           0  $              $1.745828      $2098042.000000      $38.714382 $18.975922 $3.084690 $     2.04  $     6.15  
 9158 $ 15292   $  2653426006  $  3712111184     $     2084667  $    22669877  $    23282897  $    15215206  $       0      $       0      $      97      $           0  $              $0.714802      $2084667.000000      $3.710670 $3.811011 $2.490469 $     0.97  $     1.53  
 9158 $ 15295   $      500225  $     1228728     $           0  $           1  $          10  $           0  $       0      $       0      $      97      $           0  $              $0.407108      $0.000000      $0.000021 $0.000213 $0.000000 $     0.10  $      inf  
 9158 $ 16297   $  5591057604  $  8237296320     $     4991511  $    45759213  $    47104512  $    30970132  $      47      $       0      $      97      $           0  $              $0.678749      $4991511.000000      $2.922744 $3.008672 $1.978132 $     0.97  $     1.52  
 9196 $  1003   $ 13216369834  $  8850653201     $     3684599  $   289745630  $   327911810  $    75003681  $       0      $       0      $      33      $           0  $              $1.493265      $3684599.000000      $18.488256 $20.923586 $4.785878 $     0.88  $     4.37  
 9196 $  2006   $ 14016109315  $  9021074003     $      757158  $   302638052  $   315270933  $   153673562  $      46      $       0      $      33      $           0  $              $1.553707      $757158.000000      $19.310902 $20.116989 $9.805692 $     0.96  $     2.05  
 9158 $ 17300   $  5281515088  $  8710569393     $     4037407  $    37614399  $    38426342  $    25485927  $       0      $       0      $      97      $           0  $              $0.606334      $4037407.000000      $2.400121 $2.451930 $1.626221 $     0.98  $     1.51  
 9196 $  3008   $ 14914554554  $  9120069646     $     2693491  $   388780211  $   332235551  $    81224295  $      49      $       0      $      33      $           0  $              $1.635355      $2693491.000000      $24.832270 $21.220634 $5.187979 $     1.17  $     4.09  
 9158 $ 18302   $  5942380974  $  9109823654     $     4782117  $    45839593  $    46984021  $    30961569  $       0      $       0      $      97      $           0  $              $0.652305      $4782117.000000      $2.927878 $3.000975 $1.977585 $     0.98  $     1.52  
 9196 $  4010   $ 14774376112  $  9106400296     $     2577714  $   628181086  $   322311566  $    79003907  $      50      $       0      $      33      $           0  $              $1.622417      $2577714.000000      $40.123341 $20.586765 $5.046157 $     1.95  $     4.08  
 9158 $ 19304   $  6542662990  $  9095587933     $     6095844  $    59114760  $    59964878  $    39404995  $       0      $       0      $      97      $           0  $              $0.719323      $6095844.000000      $3.775793 $3.830092 $2.516886 $     0.99  $     1.52  
 9158 $ 20198   $  6103778827  $  8155086136     $     5890164  $    57291100  $    58576196  $    38458642  $       0      $       0      $      97      $           0  $              $0.748463      $5890164.000000      $4.101376 $4.193374 $2.753191 $     0.98  $     1.52  
 9196 $  4904   $ 12108520506  $  7349597837     $     2384154  $   532012982  $   261220224  $    52097516  $      42      $       0      $      33      $           0  $              $1.647508      $2384154.000000      $38.085941 $18.700329 $3.729576 $     2.04  $     5.01  
 9158 $ 20381   $  1181943713  $  1720349041     $      874622  $     9660592  $     9868819  $     6477366  $       0      $       0      $      97      $           0  $              $0.687037      $874622.000000      $3.378568 $3.451390 $2.265308 $     0.98  $     1.52  
 9158 $ 20383   $      542509  $     1333910     $           0  $           2  $          16  $           0  $       0      $       0      $      97      $           0  $              $0.406706      $0.000000      $0.000064 $0.000512 $0.000000 $     0.12  $      inf  
 9158 $ 21385   $  4007862235  $  7696621090     $     1937750  $    17333129  $    17753486  $    11816547  $      46      $       0      $      97      $           0  $              $0.520730      $1937750.000000      $1.107106 $1.133955 $0.754750 $     0.98  $     1.50  
 9201 $  1002   $ 13699847211  $  8826168694     $     3834296  $   300358973  $   340815846  $    75418427  $       0      $       0      $      97      $           0  $              $1.552185      $3834296.000000      $19.184605 $21.768677 $4.817145 $     0.88  $     4.52  
 9201 $  2004   $ 14716628172  $  9001253906     $     1591443  $   318172004  $   330907581  $   162278878  $      47      $       0      $      97      $           0  $              $1.634953      $1591443.000000      $20.322363 $21.135815 $10.365118 $     0.96  $     2.04  
 9158 $ 22387   $  4459668226  $  8906218315     $     1924802  $    17663562  $    18029166  $    11927243  $       0      $       0      $      97      $           0  $              $0.500736      $1924802.000000      $1.128211 $1.151564 $0.761820 $     0.98  $     1.51  
 9201 $  3006   $ 14917898687  $  9118664923     $     1869565  $   406919992  $   332158844  $   134800038  $      48      $       0      $      97      $           0  $              $1.635974      $1869565.000000      $25.990898 $21.215734 $8.609982 $     1.23  $     2.46  
 9158 $ 23389   $  5037529774  $  9108937996     $     3033810  $    28172809  $    29025333  $    18971152  $       0      $       0      $      97      $           0  $              $0.553032      $3033810.000000      $1.799461 $1.853913 $1.211730 $     0.97  $     1.53  
 9201 $  4009   $ 15362565269  $  9122290493     $     2687423  $   663203445  $   334698921  $    79193820  $      49      $       0      $      97      $           0  $              $1.684069      $2687423.000000      $42.318066 $21.356661 $5.053245 $     1.98  $     4.23  
 9158 $ 24391   $  4976531324  $  9117556994     $     2716142  $    25836197  $    26627624  $    17330862  $       0      $       0      $      97      $           0  $              $0.545819      $2716142.000000      $1.650216 $1.700766 $1.106961 $     0.97  $     1.54  
 9158 $ 25093   $  3161443129  $  6424931581     $     1128560  $    10937654  $    11246212  $     7317045  $       0      $       0      $      97      $           0  $              $0.492059      $1128560.000000      $0.997165 $1.025296 $0.667081 $     0.97  $     1.54  
 9201 $  4711   $ 10331941417  $  5868864400     $     2249660  $   457299336  $   224116888  $    36166985  $      32      $       0      $      97      $           0  $              $1.760467      $2249660.000000      $41.691109 $20.432310 $3.297275 $     2.04  $     6.20  
 9158 $ 25443   $  2384397269  $  3324951883     $     1884137  $    20432371  $    20916823  $    13653072  $       0      $       0      $      97      $           0  $              $0.717122      $1884137.000000      $3.736205 $3.824791 $2.496562 $     0.98  $     1.53  
 9158 $ 25445   $     2258870  $     1427688     $        3148  $       28787  $       30749  $       20144  $       0      $       0      $      97      $           0  $              $1.582187      $3148.000000      $0.921184 $0.983968 $0.644608 $     0.94  $     1.53  
 9158 $ 26448   $  4105524753  $  8363409540     $     1525980  $    13898277  $    14230301  $     9511088  $      47      $       0      $      97      $           0  $              $0.490891      $1525980.000000      $0.886829 $0.908015 $0.606889 $     0.98  $     1.50  
 9206 $  1003   $ 13733094213  $  8839672910     $     3939676  $   301143560  $   342078025  $    75089753  $       0      $       0      $      97      $           0  $              $1.553575      $3939676.000000      $19.215540 $21.827511 $4.791370 $     0.88  $     4.56  
 9206 $  2006   $ 14852249962  $  9013893859     $      393343  $   321845997  $   334437348  $   162586435  $      46      $       0      $      97      $           0  $              $1.647706      $393343.000000      $20.536533 $21.339970 $10.374409 $     0.96  $     2.06  
 9158 $ 27451   $  4211189056  $  8785546682     $     1489276  $    13589636  $    14004530  $     9123026  $       0      $       0      $      97      $           0  $              $0.479331      $1489276.000000      $0.867135 $0.893609 $0.582127 $     0.97  $     1.54  
 9206 $  3008   $ 15172769087  $  9115873576     $      505653  $   420248180  $   337899007  $   155712310  $      47      $       0      $      97      $           0  $              $1.664434      $505653.000000      $26.842199 $21.582373 $9.945696 $     1.24  $     2.17  
 9158 $ 28453   $  4349171048  $  9107954271     $     1471208  $    13508185  $    13861329  $     9126754  $       0      $       0      $      97      $           0  $              $0.477513      $1471208.000000      $0.862798 $0.885354 $0.582946 $     0.97  $     1.52  
 9206 $  4010   $ 15516233896  $  9122984732     $     2741603  $   672847179  $   338093441  $    79340756  $      49      $       0      $      97      $           0  $              $1.700785      $2741603.000000      $42.976265 $21.594791 $5.067673 $     1.99  $     4.26  
 9158 $ 29455   $  4457051112  $  9109722751     $     1546762  $    14760873  $    15034560  $     9998915  $       0      $       0      $      97      $           0  $              $0.489263      $1546762.000000      $0.942810 $0.960291 $0.638653 $     0.98  $     1.50  
 9158 $ 30122   $  3032090096  $  6104818527     $     1105820  $    10878415  $    11145222  $     7272678  $       0      $       0      $      97      $           0  $              $0.496672      $1105820.000000      $1.043806 $1.069407 $0.697828 $     0.98  $     1.53  
 9206 $  4677   $  9751224798  $  5515463863     $     2168071  $   431853714  $   211505288  $    32655915  $      30      $       0      $      97      $           0  $              $1.767979      $2168071.000000      $41.437241 $20.294359 $3.133401 $     2.04  $     6.48  
 9158 $ 30511   $  2522797237  $  3694966916     $     1855066  $    20255477  $    20664502  $    13516362  $       0      $       0      $      97      $           0  $              $0.682766      $1855066.000000      $3.332520 $3.399815 $2.223772 $     0.98  $     1.53  
 9158 $ 30513   $      566940  $     1388621     $        2139  $           4  $          11  $           0  $       0      $       0      $      97      $           0  $              $0.408276      $2139.000000      $0.000128 $0.000352 $0.000000 $     0.36  $      inf  
 9158 $ 31516   $  3840142476  $  7581246139     $     1740642  $    14696329  $    15071021  $     9997119  $      46      $       0      $      97      $           0  $              $0.506532      $1740642.000000      $0.937752 $0.961660 $0.637902 $     0.98  $     1.51  
 9211 $  1003   $ 13828210403  $  8855743259     $     3860122  $   302996830  $   343879903  $    75704797  $       0      $       0      $      97      $           0  $              $1.561496      $3860122.000000      $19.333796 $21.942486 $4.830616 $     0.88  $     4.54  
 9211 $  2005   $ 14903336191  $  9023818314     $      424127  $   322446104  $   335600020  $   161311772  $      46      $       0      $      97      $           0  $              $1.651555      $424127.000000      $20.595360 $21.435532 $10.303347 $     0.96  $     2.08  
 9158 $ 32518   $  4194251342  $  8723141824     $     1460601  $    13419084  $    13787082  $     9107802  $       0      $       0      $      97      $           0  $              $0.480819      $1460601.000000      $0.857107 $0.880612 $0.581736 $     0.97  $     1.51  
 9211 $  3007   $ 15473626185  $  9136425643     $     2748590  $   434105324  $   346022340  $    83023696  $      49      $       0      $      97      $           0  $              $1.693619      $2748590.000000      $27.727285 $22.101227 $5.302911 $     1.25  $     4.17  
 9158 $ 33520   $  4460809033  $  9131907465     $     1528615  $    14608191  $    14901176  $     9980248  $       0      $       0      $      97      $           0  $              $0.488486      $1528615.000000      $0.933058 $0.951772 $0.637461 $     0.98  $     1.49  
 9211 $  4009   $ 15521398703  $  9126370566     $     2673979  $   675160868  $   338135184  $    78992083  $      49      $       0      $      97      $           0  $              $1.700720      $2673979.000000      $43.124050 $21.597456 $5.045403 $     2.00  $     4.28  
 9158 $ 34522   $  4463856899  $  9123037911     $     1583144  $    15127284  $    15529570  $    10122743  $       0      $       0      $      97      $           0  $              $0.489295      $1583144.000000      $0.966214 $0.991909 $0.646562 $     0.97  $     1.53  
 9158 $ 35197   $  3556437059  $  6201493299     $     2144315  $    20948747  $    21459901  $    13987776  $       0      $       0      $      97      $           0  $              $0.573481      $2144315.000000      $1.986252 $2.034716 $1.326248 $     0.98  $     1.53  
 9211 $  4684   $  9308011099  $  5354826466     $     2072280  $   411592942  $   201576986  $    32742633  $      31      $       0      $      97      $           0  $              $1.738247      $2072280.000000      $39.025108 $19.112486 $3.104487 $     2.04  $     6.16  
 9158 $ 35604   $  2852029195  $  3831278021     $     2359412  $    25785741  $    26335333  $    17309045  $       0      $       0      $      97      $           0  $              $0.744407      $2359412.000000      $4.054760 $4.141182 $2.721815 $     0.98  $     1.52  
 9158 $ 35607   $      583837  $     1435113     $           0  $           1  $          12  $           0  $       0      $       0      $      97      $           0  $              $0.406823      $0.000000      $0.000021 $0.000256 $0.000000 $     0.08  $      inf  
 9158 $ 36610   $  4332839858  $  8985384241     $     1473207  $    13564899  $    14034016  $     9121990  $      47      $       0      $      97      $           0  $              $0.482210      $1473207.000000      $0.865557 $0.895491 $0.582061 $     0.97  $     1.54  
 9222 $  1003   $ 13724527284  $  8841621438     $     3917362  $   300747689  $   341397528  $    75128417  $       0      $       0      $      97      $           0  $              $1.552264      $3917362.000000      $19.190281 $21.784090 $4.793837 $     0.88  $     4.54  
 9222 $  2006   $ 14993181875  $  9017299943     $      391657  $   324936813  $   337676118  $   164298307  $      46      $       0      $      97      $           0  $              $1.662713      $391657.000000      $20.733753 $21.546633 $10.483641 $     0.96  $     2.06  
 9158 $ 37612   $  4018392180  $  8742277022     $     1017067  $     9360183  $     9532654  $     6368226  $       0      $       0      $      97      $           0  $              $0.459651      $1017067.000000      $0.597856 $0.608872 $0.406753 $     0.98  $     1.50  
 9222 $  2917   $ 13668151746  $  8279124030     $      349396  $   365082757  $   304133046  $   143981224  $      42      $       0      $      97      $           0  $              $1.650918      $349396.000000      $25.647964 $21.366098 $10.115036 $     1.20  $     2.11  
 9158 $ 38523   $  4119643783  $  8243434265     $     1794091  $    16311138  $    16782174  $    10939131  $       0      $       0      $      97      $           0  $              $0.499748      $1794091.000000      $1.145898 $1.178989 $0.768501 $     0.97  $     1.53  
