PID   $time     $Instr Ret     $Unh Clk Cycles   $l2 trans reqs $l1lines       $l2lines       $Per Core bw   $Power         $Power2        $Power3        $bandwidth     $              $IPC           $MEM INTENSIITY$L2->L1 BW (MB)$L3->L2 BW (MB)$MM->L3 BW (MB)$L2 REUSE      $L3 REUSE      
13006 $  1003   $  1972068942  $  4671821338     $     2917474  $    29607069  $    25668372  $     9880451  $      39      $       0      $      97      $           0  $              $0.422120      $2917474.000000      $1.889185 $1.637862 $0.630458 $     1.15  $     2.60  
13004 $  1003   $  4911084120  $  8084346246     $      110325  $   107233219  $   108808262  $    99912389  $       0      $       0      $      97      $           0  $              $0.607481      $110325.000000      $6.842399 $6.942900 $6.375268 $     0.99  $     1.09  
13004 $  1646   $  3540144868  $  5936876118     $       74482  $    97271034  $    97297269  $    95284644  $       0      $       0      $      97      $           0  $              $0.596298      $74482.000000      $9.681720 $9.684332 $9.484008 $     1.00  $     1.02  
13006 $  1646   $   782780259  $  4413893800     $    24371321  $   123776367  $   163211443  $    13469101  $      28      $       0      $      97      $           0  $              $0.177345      $24371320.000000      $12.319887 $16.244995 $1.340626 $     0.76  $    12.12  
13004 $  2131   $  3070050948  $  4560342617     $       53350  $    83953010  $    83974263  $    82137007  $       0      $       0      $      97      $           0  $              $0.673206      $53350.000000      $11.078335 $11.081140 $10.838698 $     1.00  $     1.02  
13004 $  2134   $     1593253  $     1448488     $          64  $       59882  $       59930  $       58548  $       0      $       0      $      97      $           0  $              $1.099942      $64.000000      $1.277483 $1.278507 $1.249024 $     1.00  $     1.02  
13004 $  3137   $  4198657475  $  6442642710     $      263302  $   123541077  $   123568718  $   120942706  $      38      $       0      $      97      $           0  $              $0.651698      $263302.000000      $7.882980 $7.884744 $7.717182 $     1.00  $     1.02  
13032 $  1003   $  1514793507  $  5467151582     $    19709680  $   110120599  $   132002859  $    16623880  $       0      $       0      $      97      $           0  $              $0.277072      $19709680.000000      $7.026639 $8.422915 $1.060746 $     0.83  $     7.94  
13004 $  3376   $  1189772369  $  1801066538     $       21394  $    28216044  $    28210729  $    27630743  $       0      $       0      $      97      $           0  $              $0.660593      $21394.000000      $7.555761 $7.554337 $7.399028 $     1.00  $     1.02  
13032 $  1243   $   190086233  $  1079019334     $     8917161  $    43160695  $    57043785  $     3326544  $       9      $       0      $      97      $           0  $              $0.176166      $8917161.000000      $11.509519 $15.211676 $0.887078 $     0.76  $    17.15  
13004 $  4225   $  5422779001  $  8060214544     $       98325  $   153493732  $   153525133  $   150220108  $       0      $       0      $      97      $           0  $              $0.672783      $98325.000000      $11.570787 $11.573155 $11.324013 $     1.00  $     1.02  
13004 $  4228   $     1492191  $     1391469     $          78  $       37391  $       37421  $       36548  $       0      $       0      $      97      $           0  $              $1.072385      $78.000000      $0.797675 $0.798315 $0.779691 $     1.00  $     1.02  
13004 $  5231   $  5131095383  $  8368131531     $      188349  $   148171523  $   148201987  $   145112105  $      40      $       0      $      97      $           0  $              $0.613171      $188349.000000      $9.454614 $9.456557 $9.259397 $     1.00  $     1.02  
13037 $  1003   $  1412792181  $  4525387188     $    14236385  $    82798838  $    95976868  $    13973803  $       0      $       0      $       0      $           0  $              $0.312193      $14236385.000000      $5.283276 $6.124147 $0.891648 $     0.86  $     6.87  
13004 $  5519   $  1225981837  $  1911307792     $       50414  $    21275688  $    21275536  $    20858192  $       0      $       0      $      97      $           0  $              $0.641436      $50414.000000      $4.727931 $4.727897 $4.635154 $     1.00  $     1.02  
13037 $  1292   $   282754416  $  1585479509     $    14489613  $    70292611  $    92928054  $     4736698  $      10      $       0      $       0      $           0  $              $0.178340      $14489613.000000      $15.566529 $20.579224 $1.048957 $     0.76  $    19.62  
13004 $  6318   $  4498193164  $  7597502017     $       57998  $    93713775  $    93723633  $    91655228  $       0      $       0      $      97      $           0  $              $0.592062      $57998.000000      $7.506485 $7.507275 $7.341596 $     1.00  $     1.02  
13004 $  6320   $     1907393  $     1739085     $           5  $       71675  $       71710  $       69900  $       0      $       0      $      97      $           0  $              $1.096780      $5.000000      $2.293600 $2.294720 $2.236800 $     1.00  $     1.03  
13004 $  7323   $  5883063543  $  9263051608     $      125181  $   174812317  $   174850929  $   171196339  $      41      $       0      $      97      $           0  $              $0.635111      $125181.000000      $11.154525 $11.156988 $10.923794 $     1.00  $     1.02  
13042 $  1003   $  1332721680  $  3786952178     $    10032476  $    61474942  $    67744114  $    11724386  $       0      $       0      $      97      $           0  $              $0.351925      $10032476.000000      $3.922629 $4.322655 $0.748116 $     0.91  $     5.78  
13004 $  7677   $  1362894582  $  1982466587     $       89232  $    34948227  $    34949951  $    34247913  $       0      $       0      $      97      $           0  $              $0.687474      $89232.000000      $6.318324 $6.318635 $6.191713 $     1.00  $     1.02  
13042 $  1357   $   375286268  $  2260438827     $    16967496  $    91760290  $   121135566  $    10144238  $      13      $       0      $      97      $           0  $              $0.166024      $16967496.000000      $16.589430 $21.900215 $1.833987 $     0.76  $    11.94  
13004 $  8399   $  4554800129  $  7062457488     $       80773  $   122850853  $   122876536  $   120278256  $       0      $       0      $      97      $           0  $              $0.644931      $80773.000000      $10.889827 $10.892103 $10.661784 $     1.00  $     1.02  
13004 $  8401   $     1732001  $     1368504     $           5  $       50074  $       50107  $       49058  $       0      $       0      $      97      $           0  $              $1.265616      $5.000000      $1.602368 $1.603424 $1.569856 $     1.00  $     1.02  
13004 $  9436   $  5320835370  $  7304957074     $      215072  $    83404310  $    83420829  $    81880812  $      38      $       0      $      97      $           0  $              $0.728387      $215072.000000      $5.157368 $5.158390 $5.063161 $     1.00  $     1.02  
13047 $  1035   $  1682674732  $  5043611537     $    27712200  $   153252573  $   189078152  $    16796188  $       0      $       0      $      97      $           0  $              $0.333625      $27712200.000000      $9.476488 $11.691789 $1.038605 $     0.81  $    11.26  
13004 $  9441   $    15536470  $     6738404     $        1148  $      121635  $      121718  $      121607  $       0      $       0      $      97      $           0  $              $2.305660      $1148.000000      $1.556928 $1.557990 $1.556570 $     1.00  $     1.00  
13004 $  9444   $     4009535  $     1756057     $         886  $       31399  $       31426  $       31369  $       0      $       0      $      97      $           0  $              $2.283260      $886.000000      $0.669845 $0.670421 $0.669205 $     1.00  $     1.00  
13052 $   252   $   562891786  $  1404479008     $       13987  $      588007  $      600819  $      525054  $       0      $       0      $      97      $           0  $              $0.400783      $13987.000000      $0.149335 $0.152589 $0.133347 $     0.98  $     1.14  
13004 $  9696   $   863008141  $   375263818     $      310360  $     6756903  $     6760185  $     6755884  $       7      $       0      $      97      $           0  $              $2.299737      $310360.000000      $1.716039 $1.716872 $1.715780 $     1.00  $     1.00  
