PID   $time     $Instr Ret     $Unh Clk Cycles   $l2 trans reqs $l1lines       $l2lines       $Per Core bw   $Power         $Power2        $Power3        $bandwidth     $              $IPC           $MEM INTENSIITY$L2->L1 BW (MB)$L3->L2 BW (MB)$MM->L3 BW (MB)$L2 REUSE      $L3 REUSE      
12393 $  1002   $  1479691639  $  8684173191     $    56126566  $   382984355  $   148707754  $    17039216  $      46      $       0      $      97      $           0  $              $0.170389      $56126568.000000      $24.462074 $9.498300 $1.088333 $     2.58  $     8.73  
12391 $  1002   $  4689593693  $  7817110208     $       94644  $    86239026  $    87898902  $    79462757  $       0      $       0      $      97      $           0  $              $0.599914      $94644.000000      $5.508281 $5.614301 $5.075466 $     0.98  $     1.11  
12393 $  2004   $  1286597169  $  9101692196     $    64540112  $   434291130  $   169042793  $    17631719  $      48      $       0      $      97      $           0  $              $0.141358      $64540112.000000      $27.739155 $10.797145 $1.126178 $     2.57  $     9.59  
12391 $  2004   $  5612210118  $  9117362787     $       88488  $   125030502  $   125043621  $   122178793  $       0      $       0      $      97      $           0  $              $0.615552      $88488.000000      $7.985981 $7.986818 $7.803835 $     1.00  $     1.02  
12393 $  3006   $  1266143027  $  9105963849     $    63602713  $   427338334  $   167718872  $    18422723  $      47      $       0      $      97      $           0  $              $0.139045      $63602712.000000      $27.295063 $10.712584 $1.176701 $     2.55  $     9.10  
12391 $  3006   $  5526050097  $  9119884780     $       87266  $   118383001  $   118394717  $   115720109  $       0      $       0      $      97      $           0  $              $0.605934      $87266.000000      $7.561389 $7.562138 $7.391304 $     1.00  $     1.02  
12393 $  4008   $  1257997732  $  9102611865     $    63321433  $   424550161  $   166641868  $    17168542  $      48      $       0      $      97      $           0  $              $0.138202      $63321432.000000      $27.116978 $10.643792 $1.096593 $     2.55  $     9.71  
12391 $  4008   $  5585396215  $  9118229875     $       89857  $   124902891  $   124919093  $   122061398  $       0      $       0      $      97      $           0  $              $0.612553      $89857.000000      $7.977829 $7.978864 $7.796337 $     1.00  $     1.02  
12393 $  5010   $  1219196771  $  9073088529     $    62832968  $   411388663  $   162269169  $    18394595  $      48      $       0      $      97      $           0  $              $0.134375      $62832968.000000      $26.276321 $10.364498 $1.174904 $     2.54  $     8.82  
12391 $  5010   $  5773010627  $  9097170849     $      115843  $   151564367  $   151602586  $   148105516  $       0      $       0      $      97      $           0  $              $0.634594      $115843.000000      $9.680758 $9.683200 $9.459833 $     1.00  $     1.02  
12393 $  6012   $  1192950158  $  9060517466     $    62794777  $   402394557  $   159426678  $    19674671  $      49      $       0      $      97      $           0  $              $0.131665      $62794776.000000      $25.701849 $10.182941 $1.256666 $     2.52  $     8.10  
12391 $  6013   $  5938644473  $  9088364749     $      138921  $   173982214  $   174025558  $   170035390  $       0      $       0      $      97      $           0  $              $0.653434      $138921.000000      $11.101557 $11.104322 $10.849716 $     1.00  $     1.02  
12393 $  7014   $  1223734464  $  9065612014     $    64114051  $   412623825  $   162453274  $    18900642  $      49      $       0      $      97      $           0  $              $0.134986      $64114052.000000      $26.355215 $10.376257 $1.207227 $     2.54  $     8.60  
12391 $  7016   $  5954252301  $  9090509516     $      140671  $   169531916  $   169569549  $   165708210  $       0      $       0      $      97      $           0  $              $0.654997      $140671.000000      $10.817590 $10.819991 $10.573605 $     1.00  $     1.02  
12393 $  8016   $  1271370079  $  9066348234     $    67565390  $   428519912  $   168736476  $    16529654  $      49      $       0      $      97      $           0  $              $0.140230      $67565392.000000      $27.370533 $10.777579 $1.055786 $     2.54  $    10.21  
12391 $  8019   $  5837610909  $  9093194241     $      127993  $   167040055  $   167081052  $   163149205  $       0      $       0      $      97      $           0  $              $0.641976      $127993.000000      $10.658587 $10.661204 $10.410317 $     1.00  $     1.02  
12393 $  9019   $  1448805435  $  9112286295     $    78172571  $   487691407  $   193021735  $    12827046  $      48      $       0      $      97      $           0  $              $0.158995      $78172568.000000      $31.118893 $12.316442 $0.818476 $     2.53  $    15.05  
12391 $  9022   $  5618831547  $  9118319882     $       87784  $   127514682  $   127531586  $   124554655  $       0      $       0      $      97      $           0  $              $0.616213      $87784.000000      $8.136530 $8.137609 $7.947655 $     1.00  $     1.02  
12391 $  9429   $  2511139815  $  3687013351     $       19247  $    24416830  $    24419812  $    24023452  $       0      $       0      $      97      $           0  $              $0.681077      $19247.000000      $3.839502 $3.839970 $3.777643 $     1.00  $     1.02  
12393 $  9426   $   574892016  $  2849935457     $    30154182  $   180273782  $    70162722  $     1571533  $      17      $       0      $      97      $           0  $              $0.201721      $30154182.000000      $28.347719 $11.032958 $0.247121 $     2.57  $    44.65  
12391 $  9798   $  1613309437  $   720877542     $      205956  $    12550680  $    12555382  $    12548837  $       0      $       0      $      97      $           0  $              $2.237980      $205956.000000      $2.176812 $2.177627 $2.176492 $     1.00  $     1.00  
12420 $  1003   $  1379830578  $  8823824122     $    64765079  $   448334715  $   168624265  $     4159506  $      34      $       0      $      65      $           0  $              $0.156376      $64765080.000000      $28.607599 $10.759674 $0.265412 $     2.66  $    40.54  
