PID   $time     $Instr Ret     $Unh Clk Cycles   $l2 trans reqs $l1lines       $l2lines       $Per Core bw   $Power         $Power2        $Power3        $bandwidth     $              $IPC           $MEM INTENSIITY$L2->L1 BW (MB)$L3->L2 BW (MB)$MM->L3 BW (MB)$L2 REUSE      $L3 REUSE      
13452 $   846   $  3917588735  $  6482179958     $      105675  $    81568628  $    83287593  $    74855986  $       0      $       0      $      97      $           0  $              $0.604363      $105675.000000      $6.170676 $6.300716 $5.662864 $     0.98  $     1.11  
13454 $   846   $  2019960572  $  5901779424     $    17260663  $    86355409  $    92993768  $    10627970  $      36      $       0      $      97      $           0  $              $0.342263      $17260664.000000      $6.532797 $7.034989 $0.804007 $     0.93  $     8.75  
13452 $  1083   $  1536631364  $  2234092175     $       36438  $    45070003  $    45077834  $    44113807  $       0      $       0      $      97      $           0  $              $0.687810      $36438.000000      $12.170803 $12.172916 $11.912589 $     1.00  $     1.02  
13452 $  1086   $     1815792  $     1449851     $          70  $       52502  $       52542  $       51418  $       0      $       0      $      97      $           0  $              $1.252399      $70.000000      $1.120043 $1.120896 $1.096917 $     1.00  $     1.02  
13452 $  1809   $  3460509593  $  5327351133     $      175614  $    96948749  $    96977932  $    94811524  $      28      $       0      $      97      $           0  $              $0.649574      $175614.000000      $8.581909 $8.584493 $8.392721 $     1.00  $     1.02  
13480 $   723   $  1133472136  $  3784189864     $    17995042  $    86398894  $    93316409  $     9689072  $       0      $       0      $      97      $           0  $              $0.299528      $17995042.000000      $7.648035 $8.260374 $0.857677 $     0.93  $     9.63  
13452 $  2169   $  2221936345  $  3402490099     $       47001  $    60033613  $    60041777  $    58751089  $      12      $       0      $      97      $           0  $              $0.653032      $47001.000000      $10.672642 $10.674093 $10.444638 $     1.00  $     1.02  
13452 $  2171   $     4122125  $     5006308     $          53  $      103279  $      103358  $      100749  $       0      $       0      $      97      $           0  $              $0.823386      $53.000000      $3.304928 $3.307456 $3.223968 $     1.00  $     1.03  
13452 $  2885   $  4080638732  $  6609219693     $       94704  $   109175330  $   109194361  $   106798275  $      29      $       0      $      97      $           0  $              $0.617416      $94704.000000      $9.786024 $9.787730 $9.572954 $     1.00  $     1.02  
13485 $   714   $  1131123944  $  3545796309     $    18066022  $    86388061  $    93325000  $     9729013  $       0      $       0      $      97      $           0  $              $0.319004      $18066022.000000      $7.743468 $8.365266 $0.872068 $     0.93  $     9.59  
13452 $  3228   $  2176738027  $  3239656239     $       48213  $    59231574  $    59240845  $    57977557  $      12      $       0      $      97      $           0  $              $0.671904      $48213.000000      $11.051956 $11.053685 $10.817969 $     1.00  $     1.02  
13452 $  3230   $     3076706  $     5204711     $          27  $      110123  $      110193  $      107409  $       0      $       0      $      97      $           0  $              $0.591139      $27.000000      $3.523936 $3.526176 $3.437088 $     1.00  $     1.03  
13452 $  4045   $  4664356154  $  7569976224     $      111148  $   133500571  $   133535428  $   130611583  $      34      $       0      $      97      $           0  $              $0.616165      $111148.000000      $10.483480 $10.486217 $10.256616 $     1.00  $     1.02  
13490 $   815   $  1132172866  $  3628137433     $    17953081  $    86405233  $    93500788  $     9717007  $       0      $       0      $      97      $           0  $              $0.312053      $17953080.000000      $6.785196 $7.342393 $0.763053 $     0.92  $     9.62  
13452 $  4324   $  1857876580  $  2637991713     $       45698  $    51672614  $    51678770  $    50603773  $       9      $       0      $      97      $           0  $              $0.704277      $45698.000000      $11.853216 $11.854628 $11.608034 $     1.00  $     1.02  
13452 $  4326   $     3317413  $     5712158     $          28  $      118732  $      118797  $      115728  $       0      $       0      $      97      $           0  $              $0.580764      $28.000000      $3.799424 $3.801504 $3.703296 $     1.00  $     1.03  
13452 $  5172   $  4972082121  $  7857826946     $      119575  $   146460913  $   146502621  $   143272877  $      36      $       0      $      97      $           0  $              $0.632755      $119575.000000      $11.079785 $11.082941 $10.838611 $     1.00  $     1.02  
13495 $   846   $  1136182530  $  3794661820     $    18228150  $    86415657  $    94032833  $     9717961  $       0      $       0      $      65      $           0  $              $0.299416      $18228150.000000      $6.537354 $7.113595 $0.735165 $     0.92  $     9.68  
13452 $  5431   $  1589771925  $  2447632894     $       38894  $    46830882  $    46830369  $    45868144  $       9      $       0      $      97      $           0  $              $0.649514      $38894.000000      $11.572109 $11.571982 $11.334213 $     1.00  $     1.02  
13452 $  5432   $     3125039  $     5459664     $          26  $      111858  $      111958  $      109138  $       0      $       0      $      97      $           0  $              $0.572387      $26.000000      $7.158912 $7.165312 $6.984832 $     1.00  $     1.03  
13452 $  6274   $  4953570440  $  7834605565     $      119282  $   141922503  $   141961610  $   138853376  $      35      $       0      $      97      $           0  $              $0.632268      $119282.000000      $10.787458 $10.790432 $10.554175 $     1.00  $     1.02  
13500 $   842   $  1133380342  $  3792238298     $    18146341  $    86374175  $    93079424  $     9699634  $       0      $       0      $     113      $           0  $              $0.298868      $18146340.000000      $6.565258 $7.074921 $0.737264 $     0.93  $     9.60  
13452 $  6542   $  1627110761  $  2507284456     $       41692  $    50361308  $    50367632  $    49316020  $       9      $       0      $      97      $           0  $              $0.648953      $41692.000000      $12.026581 $12.028091 $11.776960 $     1.00  $     1.02  
13452 $  6544   $     4418847  $     5313016     $          49  $      110720  $      110812  $      107940  $       0      $       0      $      97      $           0  $              $0.831702      $49.000000      $3.543040 $3.545984 $3.454080 $     1.00  $     1.03  
13452 $  7329   $  4556571326  $  7299134755     $      107294  $   126141151  $   126171311  $   123405411  $      32      $       0      $      97      $           0  $              $0.624262      $107294.000000      $10.284120 $10.286578 $10.061078 $     1.00  $     1.02  
13505 $   785   $  1132979965  $  3584690276     $    18067043  $    86416616  $    92917699  $     9717147  $       0      $       0      $      97      $           0  $              $0.316061      $18067044.000000      $7.045431 $7.575456 $0.792226 $     0.93  $     9.56  
13452 $  7641   $  2013699099  $  3019823375     $       49131  $    60833598  $    60845894  $    59569445  $      11      $       0      $      97      $           0  $              $0.666827      $49131.000000      $12.478687 $12.481210 $12.219373 $     1.00  $     1.02  
13452 $  7643   $     2118321  $     5177761     $           1  $           7  $          30  $           0  $       0      $       0      $      97      $           0  $              $0.409119      $1.000000      $0.000224 $0.000960 $0.000000 $     0.23  $      inf  
13452 $  8285   $  3857095143  $  5565475727     $       85367  $    58389493  $    58400077  $    57366991  $      25      $       0      $      97      $           0  $              $0.693040      $85367.000000      $5.820759 $5.821815 $5.718828 $     1.00  $     1.02  
13510 $   642   $  1132383206  $  3185996908     $    15943589  $    86415929  $    93454255  $     9558449  $       0      $       0      $      49      $           0  $              $0.355425      $15943589.000000      $8.614672 $9.316312 $0.952867 $     0.92  $     9.78  
13452 $  8599   $  1333496821  $   578939622     $      251814  $    10440051  $    10444581  $    10438806  $       6      $       0      $      97      $           0  $              $2.303344      $251814.000000      $2.127908 $2.128832 $2.127655 $     1.00  $     1.00  
