PID   $time     $Instr Ret     $Unh Clk Cycles   $l2 trans reqs $l1lines       $l2lines       $Per Core bw   $Power         $Power2        $Power3        $bandwidth     $              $IPC           $MEM INTENSIITY$L2->L1 BW (MB)$L3->L2 BW (MB)$MM->L3 BW (MB)$L2 REUSE      $L3 REUSE      
62616 $  1003   $ 19657240620  $  8726064175     $     5268096  $   307553676  $   307634512  $    40830178  $      55      $       0      $      97      $           0  $              $2.252704      $5268096.000000      $19.624561 $19.629719 $2.605315 $     1.00  $     7.53  
62614 $  1003   $ 16801485856  $  8792772021     $     4541778  $   366147223  $   332743652  $    73912893  $       0      $       0      $      97      $           0  $              $1.910829      $4541778.000000      $23.363333 $21.231897 $4.716277 $     1.10  $     4.50  
62616 $  2006   $ 20633038823  $  9095930989     $     5409397  $   322812735  $   322874722  $    42174307  $      57      $       0      $      97      $           0  $              $2.268381      $5409397.000000      $20.598221 $20.602175 $2.691082 $     1.00  $     7.66  
62614 $  2006   $ 17653724179  $  9107718273     $     4667246  $   385787053  $   350524823  $    77362796  $       0      $       0      $      97      $           0  $              $1.938326      $4667246.000000      $24.616522 $22.366489 $4.936410 $     1.10  $     4.53  
62616 $  3009   $ 20557220290  $  9092633444     $     5483348  $   321397358  $   321466935  $    42325170  $      57      $       0      $      97      $           0  $              $2.260865      $5483348.000000      $20.507906 $20.512348 $2.700709 $     1.00  $     7.60  
62614 $  3009   $ 17657878394  $  9110881969     $     4674685  $   385938360  $   350649195  $    77392169  $       0      $       0      $      97      $           0  $              $1.938109      $4674685.000000      $24.626177 $22.374424 $4.938284 $     1.10  $     4.53  
62616 $  4012   $ 20665119849  $  9109737253     $     5414876  $   323312687  $   323375000  $    42235825  $      57      $       0      $      97      $           0  $              $2.268465      $5414876.000000      $20.630121 $20.634098 $2.695008 $     1.00  $     7.66  
62614 $  4012   $ 17681572642  $  9121334178     $     4675962  $   386413384  $   351092014  $    77489536  $       0      $       0      $      97      $           0  $              $1.938485      $4675962.000000      $24.656487 $22.402679 $4.944497 $     1.10  $     4.53  
62616 $  5014   $ 20656005310  $  9107797326     $     5432395  $   323168877  $   323227227  $    42272863  $      57      $       0      $      97      $           0  $              $2.267947      $5432395.000000      $20.641523 $20.645252 $2.700063 $     1.00  $     7.65  
62614 $  5015   $ 17616785273  $  9120367119     $     4713898  $   384931297  $   349724811  $    77479209  $       0      $       0      $      97      $           0  $              $1.931587      $4713898.000000      $24.561916 $22.315441 $4.943838 $     1.10  $     4.51  
62616 $  6016   $ 20577068250  $  9101847193     $     5517334  $   321704085  $   321774454  $    42380240  $      57      $       0      $      97      $           0  $              $2.260757      $5517334.000000      $20.547966 $20.552462 $2.706922 $     1.00  $     7.59  
62614 $  6017   $ 17675896051  $  9120107182     $     4677840  $   386243050  $   350942663  $    77474188  $       0      $       0      $      97      $           0  $              $1.938124      $4677840.000000      $24.670214 $22.415499 $4.948452 $     1.10  $     4.53  
62616 $  7018   $ 20669185436  $  9108926235     $     5404309  $   323378078  $   323440524  $    42225630  $      57      $       0      $      97      $           0  $              $2.269113      $5404309.000000      $20.654888 $20.658875 $2.697046 $     1.00  $     7.66  
62614 $  7019   $ 17678429537  $  9120351563     $     4673800  $   386360596  $   351059665  $    77465372  $       0      $       0      $      97      $           0  $              $1.938350      $4673800.000000      $24.677723 $22.422974 $4.947888 $     1.10  $     4.53  
62616 $  8020   $ 20655152574  $  9109368757     $     5442159  $   323159049  $   323215266  $    42277013  $      57      $       0      $      97      $           0  $              $2.267462      $5442159.000000      $20.640896 $20.644487 $2.700328 $     1.00  $     7.65  
62614 $  8021   $ 17619799947  $  9121253529     $     4714683  $   384989558  $   349807183  $    77492458  $       0      $       0      $      97      $           0  $              $1.931730      $4714683.000000      $24.590153 $22.342974 $4.949618 $     1.10  $     4.51  
62616 $  9022   $ 20574373700  $  9101710461     $     5518943  $   321658173  $   321732829  $    42383107  $      57      $       0      $      97      $           0  $              $2.260495      $5518943.000000      $20.545033 $20.549801 $2.707105 $     1.00  $     7.59  
62614 $  9023   $ 17672269297  $  9119948154     $     4674698  $   386244252  $   350879258  $    77465579  $       0      $       0      $      97      $           0  $              $1.937760      $4674698.000000      $24.670292 $22.411449 $4.947901 $     1.10  $     4.53  
62616 $ 10024   $ 20660100445  $  9108032347     $     5422204  $   323228600  $   323285983  $    42205966  $      57      $       0      $      97      $           0  $              $2.268338      $5422204.000000      $20.645340 $20.649006 $2.695790 $     1.00  $     7.66  
62614 $ 10025   $ 17676711819  $  9119514442     $     4674522  $   386291171  $   350982800  $    77452395  $       0      $       0      $      97      $           0  $              $1.938339      $4674522.000000      $24.673288 $22.418062 $4.947059 $     1.10  $     4.53  
62616 $ 11026   $ 20573712209  $  9101457864     $     5521725  $   321651028  $   321722558  $    42376208  $      57      $       0      $      97      $           0  $              $2.260485      $5521725.000000      $20.544577 $20.549145 $2.706664 $     1.00  $     7.59  
62614 $ 11027   $ 17674466938  $  9120025247     $     4676391  $   386311295  $   350956930  $    77466718  $       0      $       0      $      97      $           0  $              $1.937984      $4676391.000000      $24.674574 $22.416410 $4.947974 $     1.10  $     4.53  
62616 $ 12029   $ 20653720051  $  9108820819     $     5447386  $   323135207  $   323197798  $    42285049  $      57      $       0      $      97      $           0  $              $2.267442      $5447386.000000      $20.618797 $20.622789 $2.698149 $     1.00  $     7.64  
62614 $ 12030   $ 17617937401  $  9120812336     $     4714652  $   384984317  $   349748090  $    77493170  $       0      $       0      $      97      $           0  $              $1.931619      $4714652.000000      $24.565300 $22.316927 $4.944728 $     1.10  $     4.51  
62616 $ 13032   $ 20664887593  $  9109322749     $     5421225  $   323309565  $   323370010  $    42275987  $      57      $       0      $      97      $           0  $              $2.268543      $5421225.000000      $20.629923 $20.633780 $2.697571 $     1.00  $     7.65  
62614 $ 13033   $ 17680915643  $  9120862732     $     4673068  $   386378263  $   351062992  $    77477278  $       0      $       0      $      97      $           0  $              $1.938514      $4673068.000000      $24.654247 $22.400827 $4.943715 $     1.10  $     4.53  
62616 $ 14034   $ 20572833829  $  9102233769     $     5519019  $   321637726  $   321710928  $    42376480  $      57      $       0      $      97      $           0  $              $2.260196      $5519019.000000      $20.543728 $20.548401 $2.706681 $     1.00  $     7.59  
62614 $ 14036   $ 17673804983  $  9121052419     $     4674574  $   386244583  $   350933630  $    77464217  $       0      $       0      $      97      $           0  $              $1.937694      $4674574.000000      $24.645716 $22.392574 $4.942881 $     1.10  $     4.53  
62616 $ 15036   $ 20668323394  $  9109902648     $     5402433  $   323361744  $   323422161  $    42204659  $      57      $       0      $      97      $           0  $              $2.268775      $5402433.000000      $20.653843 $20.657703 $2.695707 $     1.00  $     7.66  
62614 $ 15038   $ 17677593474  $  9121742638     $     4674212  $   386407788  $   351034479  $    77468946  $       0      $       0      $      97      $           0  $              $1.937962      $4674212.000000      $24.680737 $22.421364 $4.948116 $     1.10  $     4.53  
62616 $ 16029   $ 20782544680  $  9080061784     $     4960121  $   324948110  $   325008307  $    38263045  $      55      $       0      $      97      $           0  $              $2.288811      $4960121.000000      $20.943281 $20.947163 $2.466098 $     1.00  $     8.49  
62614 $ 16032   $ 15888001550  $  8218038647     $     4205180  $   347019681  $   315273429  $    69608940  $       0      $       0      $      97      $           0  $              $1.933308      $4205180.000000      $22.343319 $20.299295 $4.481863 $     1.10  $     4.53  
62616 $ 16126   $  2345827188  $   914528123     $       10061  $    36743181  $    36739828  $       58108  $       3      $       0      $      97      $           0  $              $2.565068      $10061.000000      $24.242924 $24.240711 $0.038339 $     1.00  $   632.27  
62616 $ 16128   $    14047078  $     5513345     $          63  $      220578  $      220756  $         386  $       0      $       0      $      97      $           0  $              $2.547832      $63.000000      $7.058496 $7.064192 $0.012352 $     1.00  $   571.91  
62679 $   684   $ 11487549378  $  6020634660     $     3130018  $   248616975  $   226988020  $    50860052  $       0      $       0      $      97      $           0  $              $1.908030      $3130018.000000      $23.262407 $21.238646 $4.758835 $     1.10  $     4.46  
62616 $ 16813   $ 14105795081  $  6182513392     $     3418709  $   220712126  $   220743126  $    26839449  $      38      $       0      $      97      $           0  $              $2.281563      $3418709.000000      $20.621279 $20.624174 $2.507627 $     1.00  $     8.22  
