PID   $time     $Instr Ret     $Unh Clk Cycles   $l2 trans reqs $l1lines       $l2lines       $Per Core bw   $Power         $Power2        $Power3        $bandwidth     $              $IPC           $MEM INTENSIITY$L2->L1 BW (MB)$L3->L2 BW (MB)$MM->L3 BW (MB)$L2 REUSE      $L3 REUSE      
50412 $   172   $   466092253  $   589723028     $        5372  $     3686324  $     5168796  $       11595  $       5      $       0      $      97      $           0  $              $0.790358      $5372.000000      $1.371655 $1.923273 $0.004314 $     0.71  $   445.78  
50410 $   173   $        2107  $       26319     $         189  $         281  $         578  $         113  $       0      $       0      $      97      $           0  $              $0.080056      $189.000000      $0.000104 $0.000214 $0.000042 $     0.49  $     5.12  
50412 $  1173   $  6503286032  $  8851548597     $    14474674  $   194137123  $   194614789  $   188908839  $      37      $       0      $      97      $           0  $              $0.734706      $14474674.000000      $12.412363 $12.442904 $12.078087 $     1.00  $     1.03  
50412 $  1175   $     4952338  $     6088906     $       12067  $      143187  $      143317  $      140431  $       0      $       0      $      97      $           0  $              $0.813338      $12067.000000      $4.581984 $4.586144 $4.493792 $     1.00  $     1.02  
50412 $  1307   $   845845186  $  1262450321     $     1955047  $    24977853  $    24988276  $    24410088  $       4      $       0      $      97      $           0  $              $0.670003      $1955047.000000      $12.110474 $12.115528 $11.835195 $     1.00  $     1.02  
50427 $   132   $        2107  $       89302     $         315  $         172  $         463  $           7  $       0      $       0      $      97      $           0  $              $0.023594      $315.000000      $0.000083 $0.000224 $0.000003 $     0.37  $    66.14  
50412 $  2307   $  6593881987  $  9293285919     $    15989881  $   209206344  $   209267031  $   204872556  $      36      $       0      $      97      $           0  $              $0.709532      $15989881.000000      $13.389206 $13.393089 $13.111844 $     1.00  $     1.02  
50412 $  2308   $     4659215  $     5626763     $       10238  $      134700  $      134830  $      132041  $       0      $       0      $      97      $           0  $              $0.828045      $10238.000000      $8.620800 $8.629120 $8.450624 $     1.00  $     1.02  
50412 $  2424   $   780296826  $  1085353768     $     1913313  $    24137185  $    24143921  $    23639767  $       4      $       0      $      97      $           0  $              $0.718933      $1913313.000000      $13.317067 $13.320784 $13.042630 $     1.00  $     1.02  
50429 $   117   $        2107  $       90414     $         344  $         178  $         466  $          19  $       0      $       0      $      97      $           0  $              $0.023304      $344.000000      $0.000097 $0.000255 $0.000010 $     0.38  $    24.53  
50412 $  3424   $  6679551374  $  9477993063     $    15981642  $   206697540  $   206759032  $   202381421  $      36      $       0      $      97      $           0  $              $0.704743      $15981642.000000      $13.228642 $13.232578 $12.952411 $     1.00  $     1.02  
50412 $  3426   $     3704161  $     5849206     $       10826  $      139217  $      139284  $      136400  $       0      $       0      $      97      $           0  $              $0.633276      $10826.000000      $4.454944 $4.457088 $4.364800 $     1.00  $     1.02  
50412 $  3559   $   876891720  $  1246209013     $     2273811  $    28999768  $    29006259  $    28441533  $       4      $       0      $      97      $           0  $              $0.703647      $2273811.000000      $13.954776 $13.957899 $13.686151 $     1.00  $     1.02  
50431 $   133   $        2107  $       98368     $         324  $         156  $         448  $          16  $       0      $       0      $      97      $           0  $              $0.021420      $324.000000      $0.000075 $0.000216 $0.000008 $     0.35  $    28.00  
50412 $  4559   $  6596584040  $  9489129592     $    16117378  $   207181056  $   207241019  $   202871538  $      36      $       0      $      97      $           0  $              $0.695173      $16117378.000000      $13.259587 $13.263426 $12.983778 $     1.00  $     1.02  
50412 $  4561   $     4734695  $     5752424     $        8281  $      118636  $      118744  $      115831  $       0      $       0      $      97      $           0  $              $0.823078      $8281.000000      $3.796352 $3.799808 $3.706592 $     1.00  $     1.03  
50412 $  4677   $   773504319  $  1088218633     $     1781927  $    23741724  $    23749391  $    23248756  $       4      $       0      $      97      $           0  $              $0.710799      $1781927.000000      $13.098883 $13.103113 $12.826900 $     1.00  $     1.02  
50433 $   116   $        2107  $       98277     $         334  $         162  $         443  $           7  $       0      $       0      $      65      $           0  $              $0.021439      $334.000000      $0.000089 $0.000244 $0.000004 $     0.37  $    63.29  
50412 $  5677   $  6698731645  $  9477121832     $    16229406  $   209160754  $   209220147  $   204867071  $      37      $       0      $      97      $           0  $              $0.706832      $16229406.000000      $13.386288 $13.390089 $13.111492 $     1.00  $     1.02  
50412 $  5679   $     4988254  $     5976094     $       10753  $      144213  $      144319  $      141416  $       0      $       0      $      97      $           0  $              $0.834701      $10753.000000      $4.614816 $4.618208 $4.525312 $     1.00  $     1.02  
50412 $  5771   $   551281608  $   866160833     $     1414927  $    17847045  $    17854443  $    17441338  $       3      $       0      $      97      $           0  $              $0.636466      $1414927.000000      $12.415335 $12.420483 $12.133104 $     1.00  $     1.02  
50435 $    93   $        2107  $       98286     $         349  $         178  $         466  $          22  $       0      $       0      $      65      $           0  $              $0.021437      $349.000000      $0.000122 $0.000321 $0.000015 $     0.38  $    21.18  
50412 $  6756   $  6341987783  $  7024605768     $     9444969  $   128254568  $   128292086  $   126038915  $      29      $       0      $      97      $           0  $              $0.902825      $9444969.000000      $8.333292 $8.335730 $8.189330 $     1.00  $     1.02  
