PID   $time     $Instr Ret     $Unh Clk Cycles   $l2 trans reqs $l1lines       $l2lines       $Per Core bw   $Power         $Power2        $Power3        $bandwidth     $              $IPC           $MEM INTENSIITY$L2->L1 BW (MB)$L3->L2 BW (MB)$MM->L3 BW (MB)$L2 REUSE      $L3 REUSE      
50207 $    79   $    89163493  $   443095026     $      134180  $    16941662  $    16789792  $      560386  $       1      $       0      $      97      $           0  $              $0.201229      $134180.000000      $13.724891 $13.601857 $0.453984 $     1.01  $    29.96  
50205 $    79   $        2107  $       19357     $         149  $         296  $         600  $          99  $       0      $       0      $      97      $           0  $              $0.108850      $149.000000      $0.000240 $0.000486 $0.000080 $     0.49  $     6.06  
50207 $  1081   $  1306587513  $  7053446634     $       43603  $   240182482  $   239116466  $       43515  $      28      $       0      $      97      $           0  $              $0.185241      $43603.000000      $15.340997 $15.272908 $0.002779 $     1.00  $  5495.04  
50207 $  1083   $      261533  $     1786067     $           5  $       70046  $       69874  $           3  $       0      $       0      $      97      $           0  $              $0.146430      $5.000000      $2.241472 $2.235968 $0.000096 $     1.00  $ 23291.33  
50207 $  1130   $    15951229  $   108376813     $         286  $     4272664  $     4260704  $         282  $       1      $       0      $      97      $           0  $              $0.147183      $286.000000      $5.818096 $5.801810 $0.000384 $     1.00  $ 15108.88  
50219 $    47   $        2107  $       71802     $         307  $         240  $         527  $          44  $       0      $       0      $      97      $           0  $              $0.029345      $307.000000      $0.000327 $0.000718 $0.000060 $     0.46  $    11.98  
50207 $  2131   $  1215988633  $  6896132080     $       10860  $   247870894  $   246665317  $       16927  $      30      $       0      $      97      $           0  $              $0.176329      $10860.000000      $15.847890 $15.770809 $0.001082 $     1.00  $ 14572.30  
50207 $  2133   $      546666  $     3739001     $           4  $      146610  $      146185  $           0  $       0      $       0      $      97      $           0  $              $0.146206      $4.000000      $4.691520 $4.677920 $0.000000 $     1.00  $      inf  
50207 $  2172   $    32133895  $   184176840     $          28  $     6515872  $     6493163  $          25  $       1      $       0      $      97      $           0  $              $0.174473      $28.000000      $10.692713 $10.655447 $0.000041 $     1.00  $259726.52  
50224 $    40   $        2107  $       42493     $         181  $         225  $         537  $          48  $       0      $       0      $      97      $           0  $              $0.049585      $181.000000      $0.000360 $0.000859 $0.000077 $     0.42  $    11.19  
50207 $  3173   $  1264375301  $  6726146045     $         913  $   230078576  $   228977681  $        1040  $      28      $       0      $      97      $           0  $              $0.187979      $913.000000      $14.710319 $14.639932 $0.000066 $     1.00  $220170.84  
50207 $  3175   $     1178186  $     5164386     $           6  $      139723  $      139272  $           0  $       0      $       0      $      97      $           0  $              $0.228137      $6.000000      $4.471136 $4.456704 $0.000000 $     1.00  $      inf  
50207 $  3231   $    53039376  $   298987268     $          49  $    10467739  $    10430338  $          45  $       1      $       0      $      97      $           0  $              $0.177397      $49.000000      $11.963130 $11.920386 $0.000051 $     1.00  $231785.28  
50226 $    56   $        2107  $       43598     $         156  $         208  $         525  $          33  $       0      $       0      $      97      $           0  $              $0.048328      $156.000000      $0.000238 $0.000600 $0.000038 $     0.40  $    15.91  
50207 $  4232   $  1144890989  $  6412055169     $         842  $   229027272  $   227889069  $        1089  $      28      $       0      $      97      $           0  $              $0.178553      $842.000000      $14.643102 $14.570331 $0.000070 $     1.00  $209264.53  
50207 $  4234   $      830351  $     5689179     $           6  $      223153  $      222188  $           0  $       0      $       0      $      97      $           0  $              $0.145953      $6.000000      $7.140896 $7.110016 $0.000000 $     1.00  $      inf  
50207 $  4287   $    64257158  $   373462752     $         192  $    13359130  $    13308357  $         142  $       1      $       0      $      97      $           0  $              $0.172058      $192.000000      $16.131779 $16.070469 $0.000171 $     1.00  $ 93720.82  
50228 $    53   $        2107  $       42976     $         220  $         271  $         582  $          74  $       0      $       0      $      65      $           0  $              $0.049027      $220.000000      $0.000327 $0.000703 $0.000089 $     0.47  $     7.86  
50207 $  5288   $  1216674710  $  6357861704     $         234  $   213927547  $   212955817  $         419  $      28      $       0      $      97      $           0  $              $0.191365      $234.000000      $13.677686 $13.615557 $0.000027 $     1.00  $508247.78  
50207 $  5290   $      658439  $     4507277     $           6  $      176492  $      176029  $           0  $       0      $       0      $      97      $           0  $              $0.146084      $6.000000      $5.647744 $5.632928 $0.000000 $     1.00  $      inf  
50207 $  5341   $    53100057  $   361677170     $         108  $    14305140  $    14248008  $          60  $       1      $       0      $      97      $           0  $              $0.146816      $108.000000      $17.951548 $17.879852 $0.000075 $     1.00  $237466.80  
50230 $    51   $        2107  $       41936     $         222  $         274  $         583  $          82  $       0      $       0      $      65      $           0  $              $0.050243      $222.000000      $0.000344 $0.000732 $0.000103 $     0.47  $     7.11  
50207 $  6340   $  1057444707  $  5814922700     $         312  $   204243700  $   203326353  $         491  $      27      $       0      $      97      $           0  $              $0.181850      $312.000000      $13.084682 $13.025912 $0.000031 $     1.00  $414106.62  
50207 $  6341   $      829150  $     5693747     $           8  $      222721  $      222011  $           0  $       0      $       0      $      97      $           0  $              $0.145625      $8.000000      $14.254144 $14.208704 $0.000000 $     1.00  $      inf  
50207 $  6434   $   171460906  $   872558908     $          36  $    28378302  $    28232882  $          41  $       3      $       0      $      97      $           0  $              $0.196504      $36.000000      $19.529154 $19.429081 $0.000028 $     1.01  $688606.88  
50232 $    93   $        2107  $       42457     $         254  $         307  $         626  $         100  $       0      $       0      $      97      $           0  $              $0.049627      $254.000000      $0.000211 $0.000431 $0.000069 $     0.49  $     6.26  
50207 $  7407   $  1072042689  $  5599606815     $         872  $   187571756  $   186870557  $         898  $      25      $       0      $      97      $           0  $              $0.191450      $872.000000      $12.337710 $12.291589 $0.000059 $     1.00  $208096.39  
50207 $  7409   $      858253  $     5848435     $           8  $      259280  $      256297  $           0  $       0      $       0      $      97      $           0  $              $0.146749      $8.000000      $8.296960 $8.201504 $0.000000 $     1.01  $      inf  
50207 $  7465   $    75839264  $   518024516     $          12  $    21343673  $    21162446  $           6  $       1      $       0      $      97      $           0  $              $0.146401      $12.000000      $24.392769 $24.185652 $0.000007 $     1.01  $3527074.25  
50234 $    56   $        2107  $       43251     $         224  $         275  $         596  $          53  $       0      $       0      $      33      $           0  $              $0.048716      $224.000000      $0.000314 $0.000681 $0.000061 $     0.46  $    11.25  
50207 $  8466   $  1276603701  $  6849867913     $         388  $   231677742  $   230681952  $         374  $      29      $       0      $      97      $           0  $              $0.186369      $388.000000      $14.812563 $14.748896 $0.000024 $     1.00  $616796.69  
50207 $  8469   $      327520  $     2244321     $           2  $       87710  $       87480  $           0  $       0      $       0      $      97      $           0  $              $0.145933      $2.000000      $1.871147 $1.866240 $0.000000 $     1.00  $      inf  
50207 $  8517   $    16250236  $   110456130     $          37  $     4352893  $     4340502  $          36  $       1      $       0      $      97      $           0  $              $0.147119      $37.000000      $5.803857 $5.787336 $0.000048 $     1.00  $120569.50  
50236 $    48   $        2107  $       41922     $         185  $         237  $         548  $          48  $       0      $       0      $     113      $           0  $              $0.050260      $185.000000      $0.000316 $0.000731 $0.000064 $     0.43  $    11.42  
50207 $  9519   $  1222286160  $  6938290962     $         546  $   249536142  $   248347747  $         673  $      30      $       0      $      97      $           0  $              $0.176165      $546.000000      $15.938437 $15.862531 $0.000043 $     1.00  $369015.97  
50207 $  9521   $      500750  $     3414008     $           4  $      134553  $      133979  $           0  $       0      $       0      $      97      $           0  $              $0.146675      $4.000000      $4.305696 $4.287328 $0.000000 $     1.00  $      inf  
50207 $  9583   $    71508207  $   290669074     $          25  $     7175610  $     7153441  $          22  $       1      $       0      $      97      $           0  $              $0.246012      $25.000000      $7.407081 $7.384197 $0.000023 $     1.00  $325156.41  
50238 $    63   $        2107  $       43811     $         188  $         241  $         550  $          54  $       0      $       0      $      33      $           0  $              $0.048093      $188.000000      $0.000245 $0.000559 $0.000055 $     0.44  $    10.19  
50207 $ 10584   $  1222535046  $  6582446438     $         691  $   227199720  $   226141858  $         884  $      30      $       0      $      97      $           0  $              $0.185727      $691.000000      $14.526256 $14.458620 $0.000057 $     1.00  $255816.58  
50207 $ 10586   $     1183978  $     5219118     $           6  $      140812  $      140375  $           0  $       0      $       0      $      97      $           0  $              $0.226854      $6.000000      $4.505984 $4.492000 $0.000000 $     1.00  $      inf  
50207 $ 10622   $    34274954  $   191102261     $          34  $     6629358  $     6605571  $          18  $       0      $       0      $      97      $           0  $              $0.179354      $34.000000      $11.785525 $11.743237 $0.000032 $     1.00  $366976.16  
50240 $    36   $        2107  $       42278     $         149  $         199  $         516  $          30  $       0      $       0      $      49      $           0  $              $0.049837      $149.000000      $0.000354 $0.000917 $0.000053 $     0.39  $    17.20  
50207 $ 11624   $  1160045720  $  6514249021     $         620  $   232511410  $   231426688  $         784  $      27      $       0      $      97      $           0  $              $0.178078      $620.000000      $14.851028 $14.781745 $0.000050 $     1.00  $295187.09  
50207 $ 11626   $      719730  $     4924051     $           6  $      193283  $      192702  $           0  $       0      $       0      $      97      $           0  $              $0.146166      $6.000000      $6.185056 $6.166464 $0.000000 $     1.00  $      inf  
50207 $ 11669   $    48337772  $   294642896     $         108  $    10895894  $    10854344  $          77  $       1      $       0      $      97      $           0  $              $0.164055      $108.000000      $16.217144 $16.155302 $0.000115 $     1.00  $140965.50  
50242 $    43   $        2107  $       42273     $         167  $         218  $         524  $          41  $       0      $       0      $      97      $           0  $              $0.049843      $167.000000      $0.000324 $0.000780 $0.000061 $     0.42  $    12.78  
50207 $ 12358   $   643147226  $  3183489301     $         515  $    99848182  $    99499043  $         338  $      17      $       0      $      97      $           0  $              $0.202026      $515.000000      $9.274722 $9.242291 $0.000031 $     1.00  $294375.84  
