PID   $time     $Instr Ret     $Unh Clk Cycles   $l2 trans reqs $l1lines       $l2lines       $Per Core bw   $Power         $Power2        $Power3        $bandwidth     $              $IPC           $MEM INTENSIITY$L2->L1 BW (MB)$L3->L2 BW (MB)$MM->L3 BW (MB)$L2 REUSE      $L3 REUSE      
50678 $    80   $   860165047  $   403803405     $      136393  $    14646009  $    21589042  $      684307  $       1      $       0      $      97      $           0  $              $2.130158      $136393.000000      $11.716807 $17.271235 $0.547446 $     0.68  $    31.55  
50676 $    80   $        2107  $       19733     $         115  $         255  $         556  $          71  $       0      $       0      $      97      $           0  $              $0.106775      $115.000000      $0.000204 $0.000445 $0.000057 $     0.46  $     7.83  
50678 $  1082   $ 22591892224  $  9475689965     $     1609570  $   366046588  $   443072855  $    11633913  $      35      $       0      $      97      $           0  $              $2.384195      $1609570.000000      $23.380222 $28.300064 $0.743084 $     0.83  $    38.08  
50678 $  1084   $    12721314  $     5320623     $        1402  $      206098  $      254774  $        8453  $       0      $       0      $      97      $           0  $              $2.390944      $1402.000000      $6.595136 $8.152768 $0.270496 $     0.81  $    30.14  
50678 $  1196   $  2527508186  $  1047073071     $      214045  $    40517233  $    46051098  $     1777221  $       4      $       0      $      97      $           0  $              $2.413879      $214045.000000      $23.152704 $26.314913 $1.015555 $     0.88  $    25.91  
50690 $   112   $        2107  $       70273     $         250  $         171  $         457  $           1  $       0      $       0      $      97      $           0  $              $0.029983      $250.000000      $0.000098 $0.000261 $0.000001 $     0.37  $   457.00  
50678 $  2197   $ 21777715704  $  9141920178     $     1502980  $   352689018  $   427873270  $    11271522  $      37      $       0      $      97      $           0  $              $2.382182      $1502980.000000      $22.549547 $27.356533 $0.720657 $     0.82  $    37.96  
50678 $  2199   $    11769562  $     5350486     $         537  $      217807  $      456540  $        2822  $       0      $       0      $      97      $           0  $              $2.199718      $537.000000      $6.969824 $14.609280 $0.090304 $     0.48  $   161.78  
50678 $  2275   $  1739858260  $   709941147     $       95563  $    28603456  $    37079231  $      454255  $       2      $       0      $      97      $           0  $              $2.450708      $95563.000000      $24.087120 $31.224617 $0.382531 $     0.77  $    81.63  
50695 $    75   $        2107  $       61668     $         202  $         164  $         454  $           2  $       0      $       0      $      97      $           0  $              $0.034167      $202.000000      $0.000140 $0.000387 $0.000002 $     0.36  $   227.00  
50678 $  3276   $ 22575792182  $  9472051376     $     1633228  $   365696619  $   443477811  $    11865477  $      38      $       0      $      97      $           0  $              $2.383411      $1633228.000000      $23.381201 $28.354227 $0.758632 $     0.82  $    37.38  
50678 $  3278   $    12161749  $     5040434     $        1197  $      195567  $      237291  $       10390  $       0      $       0      $      97      $           0  $              $2.412838      $1197.000000      $6.258144 $7.593312 $0.332480 $     0.82  $    22.84  
50678 $  3354   $  1609715276  $   705965886     $      132720  $    25549865  $    27831325  $     1191592  $       2      $       0      $      97      $           0  $              $2.280160      $132720.000000      $21.515675 $23.436905 $1.003446 $     0.92  $    23.36  
50697 $    76   $        2107  $       66897     $         239  $         181  $         483  $          16  $       0      $       0      $      97      $           0  $              $0.031496      $239.000000      $0.000152 $0.000407 $0.000013 $     0.37  $    30.19  
50678 $  4354   $ 23009156664  $  9644082492     $     1645577  $   373146193  $   455690976  $    11648950  $      37      $       0      $      97      $           0  $              $2.385832      $1645577.000000      $23.881357 $29.164223 $0.745533 $     0.82  $    39.12  
50678 $  4356   $    13193473  $     5454969     $        2080  $      214542  $      256700  $        7838  $       0      $       0      $      97      $           0  $              $2.418616      $2080.000000      $6.865344 $8.214400 $0.250816 $     0.84  $    32.75  
50678 $  4474   $  2678446060  $  1101716584     $      230595  $    43076979  $    50178457  $     1776452  $       4      $       0      $      97      $           0  $              $2.431157      $230595.000000      $23.363787 $27.215433 $0.963499 $     0.86  $    28.25  
50699 $   118   $        2107  $       61748     $         211  $         161  $         437  $           1  $       0      $       0      $      65      $           0  $              $0.034123      $211.000000      $0.000087 $0.000237 $0.000001 $     0.37  $   437.00  
50678 $  5474   $ 22395778091  $  9452875365     $     1610395  $   362899761  $   442894208  $    11694646  $      38      $       0      $      97      $           0  $              $2.369203      $1610395.000000      $23.225586 $28.345230 $0.748457 $     0.82  $    37.87  
50678 $  5476   $    13113013  $     5369643     $         400  $      218062  $      324541  $        2751  $       0      $       0      $      97      $           0  $              $2.442064      $400.000000      $6.977984 $10.385312 $0.088032 $     0.67  $   117.97  
50678 $  5593   $  2676627680  $  1099004254     $      208466  $    43322665  $    51638782  $     1356788  $       4      $       0      $      97      $           0  $              $2.435503      $208466.000000      $23.697868 $28.246857 $0.742175 $     0.84  $    38.06  
50701 $   117   $        2107  $       62814     $         263  $         217  $         507  $          48  $       0      $       0      $      65      $           0  $              $0.033543      $263.000000      $0.000119 $0.000277 $0.000026 $     0.43  $    10.56  
50678 $  6593   $ 21856893921  $  9145591229     $     1492225  $   354115429  $   429467320  $    11244501  $      36      $       0      $      97      $           0  $              $2.389883      $1492225.000000      $22.663387 $27.485909 $0.719648 $     0.82  $    38.19  
50678 $  6595   $    12799535  $     5173467     $         855  $      205585  $      228867  $        7532  $       0      $       0      $      97      $           0  $              $2.474073      $855.000000      $6.578720 $7.323744 $0.241024 $     0.90  $    30.39  
50678 $  6675   $  1723551375  $   747431908     $       92007  $    28081387  $    35576138  $      803448  $       2      $       0      $      97      $           0  $              $2.305964      $92007.000000      $22.465111 $28.460909 $0.642758 $     0.79  $    44.28  
50703 $    80   $        2107  $       60498     $         203  $         164  $         463  $           4  $       0      $       0      $      97      $           0  $              $0.034828      $203.000000      $0.000131 $0.000370 $0.000003 $     0.35  $   115.75  
50678 $  7675   $ 21827192044  $  9148119927     $     1522648  $   353561828  $   428880856  $    11330132  $      36      $       0      $      97      $           0  $              $2.385976      $1522648.000000      $22.627956 $27.448376 $0.725128 $     0.82  $    37.85  
50678 $  7677   $    13190056  $     5282913     $         107  $      216069  $      227469  $         887  $       0      $       0      $      97      $           0  $              $2.496739      $107.000000      $6.914208 $7.279008 $0.028384 $     0.95  $   256.45  
50678 $  7782   $  2416237423  $   992444070     $      225633  $    38959584  $    46269854  $     1452656  $       3      $       0      $      97      $           0  $              $2.434633      $225633.000000      $23.746794 $28.202579 $0.885428 $     0.84  $    31.85  
50705 $   105   $        2107  $       62472     $         220  $         170  $         456  $           0  $       0      $       0      $      33      $           0  $              $0.033727      $220.000000      $0.000104 $0.000278 $0.000000 $     0.37  $      inf  
50678 $  8782   $ 22682417827  $  9529897660     $     1602279  $   367145669  $   442881427  $    11898854  $      38      $       0      $      97      $           0  $              $2.380132      $1602279.000000      $23.497322 $28.344412 $0.761527 $     0.83  $    37.22  
50678 $  8784   $     4599583  $     3963474     $           7  $       13524  $       26668  $           0  $       0      $       0      $      97      $           0  $              $1.160493      $7.000000      $0.432768 $0.853376 $0.000000 $     0.51  $      inf  
50678 $  8853   $  1573193118  $   647709360     $       71178  $    26147500  $    34726929  $      304185  $       2      $       0      $      97      $           0  $              $2.428856      $71178.000000      $24.252754 $32.210484 $0.282143 $     0.75  $   114.16  
50707 $    69   $        2107  $       59998     $         211  $         163  $         454  $           0  $       0      $       0      $     113      $           0  $              $0.035118      $211.000000      $0.000151 $0.000421 $0.000000 $     0.36  $      inf  
50678 $  9854   $ 22504275742  $  9424921128     $     1646889  $   364531292  $   442658163  $    11885419  $      36      $       0      $      97      $           0  $              $2.387742      $1646889.000000      $23.306696 $28.301821 $0.759907 $     0.82  $    37.24  
50678 $  9856   $    12963053  $     5300364     $         853  $      208260  $      255255  $        6817  $       0      $       0      $      97      $           0  $              $2.445691      $853.000000      $6.664320 $8.168160 $0.218144 $     0.82  $    37.44  
50678 $  9920   $  1445292626  $   595382991     $      119813  $    23185192  $    26362223  $     1044718  $       2      $       0      $      97      $           0  $              $2.427501      $119813.000000      $23.185192 $26.362225 $1.044718 $     0.88  $    25.23  
50709 $    65   $        2107  $       64837     $         235  $         180  $         471  $          17  $       0      $       0      $      33      $           0  $              $0.032497      $235.000000      $0.000177 $0.000464 $0.000017 $     0.38  $    27.71  
50678 $ 10921   $ 22673896731  $  9533538298     $     1559626  $   367542618  $   448574505  $    11502164  $      37      $       0      $      97      $           0  $              $2.378330      $1559626.000000      $23.499229 $28.680088 $0.735403 $     0.82  $    39.00  
50678 $ 10923   $    13102286  $     5314607     $         181  $      216984  $      289698  $        1445  $       0      $       0      $      97      $           0  $              $2.465335      $181.000000      $6.943488 $9.270336 $0.046240 $     0.75  $   200.48  
50678 $ 11015   $  2104858858  $   864803275     $      177529  $    34087818  $    40441638  $     1030793  $       3      $       0      $      97      $           0  $              $2.433916      $177529.000000      $23.713263 $28.133314 $0.717073 $     0.84  $    39.23  
50711 $    92   $        2107  $       61271     $         224  $         184  $         480  $          20  $       0      $       0      $      49      $           0  $              $0.034388      $224.000000      $0.000128 $0.000334 $0.000014 $     0.38  $    24.00  
50678 $ 12015   $ 22283468686  $  9344922268     $     1622546  $   360845379  $   437514218  $    11868308  $      36      $       0      $      97      $           0  $              $2.384554      $1622546.000000      $23.094105 $28.000910 $0.759572 $     0.82  $    36.86  
50678 $ 12017   $    12719939  $     5188844     $         793  $      203693  $      227642  $        7244  $       0      $       0      $      97      $           0  $              $2.451401      $793.000000      $6.518176 $7.284544 $0.231808 $     0.89  $    31.42  
50678 $ 12118   $  2192457716  $   939070671     $      113314  $    35659977  $    43776712  $      919153  $       3      $       0      $      97      $           0  $              $2.334710      $113314.000000      $22.596420 $27.739698 $0.582434 $     0.81  $    47.63  
50713 $   101   $        2107  $       66466     $         241  $         178  $         462  $          17  $       0      $       0      $      97      $           0  $              $0.031700      $241.000000      $0.000113 $0.000293 $0.000011 $     0.39  $    27.18  
50678 $ 13119   $ 22559279402  $  9468023616     $     1649344  $   365467712  $   443187097  $    11828774  $      38      $       0      $      97      $           0  $              $2.382681      $1649344.000000      $23.366568 $28.335640 $0.756285 $     0.82  $    37.47  
50678 $ 13121   $    13355194  $     5486075     $         860  $      215280  $      264002  $        5798  $       0      $       0      $      97      $           0  $              $2.434381      $860.000000      $6.888960 $8.448064 $0.185536 $     0.82  $    45.53  
50678 $ 13193   $  1633028281  $   674843928     $      138631  $    26226460  $    30459034  $     1183279  $       2      $       0      $      97      $           0  $              $2.419861      $138631.000000      $23.312408 $27.074697 $1.051804 $     0.86  $    25.74  
50715 $    72   $        2107  $       62635     $         235  $         183  $         483  $          14  $       0      $       0      $      49      $           0  $              $0.033639      $235.000000      $0.000163 $0.000429 $0.000012 $     0.38  $    34.50  
50678 $ 13607   $  9249222347  $  3889871376     $      677276  $   149588195  $   179774210  $     4969852  $      16      $       0      $      97      $           0  $              $2.377771      $677276.000000      $23.124744 $27.791182 $0.768286 $     0.83  $    36.17  
