PID   $time     $Instr Ret     $Unh Clk Cycles   $l2 trans reqs $l1lines       $l2lines       $Per Core bw   $Power         $Power2        $Power3        $bandwidth     $              $IPC           $MEM INTENSIITY$L2->L1 BW (MB)$L3->L2 BW (MB)$MM->L3 BW (MB)$L2 REUSE      $L3 REUSE      
53113 $  1004   $  3533020009  $  7825087631     $      104350  $    39531046  $    36075590  $    29673794  $      41      $       0      $      97      $           0  $              $0.451499      $104350.000000      $2.519907 $2.299639 $1.891557 $     1.10  $     1.22  
53111 $  1004   $  3949584463  $  8802161051     $    33343202  $   228799649  $   166856519  $    39286019  $       0      $       0      $      97      $           0  $              $0.448706      $33343202.000000      $14.584838 $10.636271 $2.504288 $     1.37  $     4.25  
53113 $  2007   $  4184361969  $  9044449377     $       36184  $    45801763  $    42014411  $    34788705  $      43      $       0      $      97      $           0  $              $0.462644      $36184.000000      $2.922545 $2.680880 $2.219818 $     1.09  $     1.21  
53111 $  2007   $  4175579176  $  9124526515     $    40208028  $   273834566  $   199493922  $    46498655  $       0      $       0      $      97      $           0  $              $0.457621      $40208028.000000      $17.472992 $12.729423 $2.967013 $     1.37  $     4.29  
53113 $  3009   $  4178481044  $  9050441721     $       34968  $    46096863  $    41911519  $    34874576  $      43      $       0      $      97      $           0  $              $0.461688      $34968.000000      $2.944311 $2.676983 $2.227518 $     1.10  $     1.20  
53111 $  3009   $  4083834627  $  9122569002     $    39639079  $   267446022  $   195622994  $    44697252  $       0      $       0      $      97      $           0  $              $0.447663      $39639080.000000      $17.082380 $12.494882 $2.854914 $     1.37  $     4.38  
53113 $  4011   $  4209789852  $  9045972047     $       35003  $    47026730  $    42814706  $    35365234  $      43      $       0      $      97      $           0  $              $0.465377      $35003.000000      $3.003703 $2.734672 $2.258857 $     1.10  $     1.21  
53111 $  4011   $  4223580697  $  9125345284     $    36891234  $   257970677  $   186807461  $    46336339  $       0      $       0      $      97      $           0  $              $0.462841      $36891232.000000      $16.477169 $11.931813 $2.959607 $     1.38  $     4.03  
53113 $  5013   $  4157350573  $  9050404751     $       34006  $    45256467  $    41429588  $    34457617  $      43      $       0      $      97      $           0  $              $0.459355      $34006.000000      $2.890633 $2.646201 $2.200886 $     1.09  $     1.20  
53111 $  5013   $  4203098393  $  9123226465     $    37184921  $   258437612  $   187694665  $    46066955  $       0      $       0      $      97      $           0  $              $0.460703      $37184920.000000      $16.506994 $11.988482 $2.942400 $     1.38  $     4.07  
53113 $  6015   $  4209919293  $  9046151466     $       35477  $    47049332  $    42847276  $    35370589  $      43      $       0      $      97      $           0  $              $0.465382      $35477.000000      $3.005147 $2.736752 $2.259199 $     1.10  $     1.21  
53111 $  6015   $  4085208790  $  9124578593     $    40200557  $   268850292  $   198037703  $    45146946  $       0      $       0      $      97      $           0  $              $0.447715      $40200556.000000      $17.172075 $12.649115 $2.883637 $     1.36  $     4.39  
53113 $  7017   $  4161289781  $  9049377107     $       34938  $    45265274  $    41406690  $    34486945  $      43      $       0      $      97      $           0  $              $0.459843      $34938.000000      $2.891195 $2.644738 $2.202759 $     1.09  $     1.20  
53111 $  7017   $  4173355014  $  9123071475     $    40218196  $   273820347  $   199479312  $    46490276  $       0      $       0      $      97      $           0  $              $0.457451      $40218196.000000      $17.489523 $12.741194 $2.969439 $     1.37  $     4.29  
53111 $  8026   $  4247781554  $  9280900507     $    40022467  $   274340679  $   199982212  $    46957793  $       0      $       0      $      97      $           0  $              $0.457691      $40022468.000000      $17.401192 $12.684699 $2.978492 $     1.37  $     4.26  
53113 $  8026   $  3733897542  $  7982242211     $      141862  $    42110271  $    38287635  $    31428339  $      42      $       0      $      97      $           0  $              $0.467776      $141862.000000      $2.671018 $2.428552 $1.993472 $     1.10  $     1.22  
53111 $  8142   $   474468747  $  1076235317     $     3961372  $    28182521  $    20286796  $     4700543  $       0      $       0      $      97      $           0  $              $0.440860      $3961372.000000      $15.548977 $11.192715 $2.593403 $     1.39  $     4.32  
53111 $  8145   $      367154  $     1565386     $       13678  $       85916  $       69946  $        8004  $       0      $       0      $      97      $           0  $              $0.234545      $13678.000000      $1.832875 $1.492181 $0.170752 $     1.23  $     8.74  
53131 $   582   $  1816593302  $  3976444290     $       78587  $    20071182  $    18279424  $    15213808  $       0      $       0      $      97      $           0  $              $0.456839      $78587.000000      $2.207140 $2.010108 $1.672996 $     1.10  $     1.20  
53111 $  8727   $  2381287530  $  5128174813     $    22571600  $   153975922  $   112401076  $    26411277  $      23      $       0      $      97      $           0  $              $0.464354      $22571600.000000      $16.932060 $12.360255 $2.904333 $     1.37  $     4.26  
