PID   $time     $Instr Ret     $Unh Clk Cycles   $l2 trans reqs $l1lines       $l2lines       $Per Core bw   $Power         $Power2        $Power3        $bandwidth     $              $IPC           $MEM INTENSIITY$L2->L1 BW (MB)$L3->L2 BW (MB)$MM->L3 BW (MB)$L2 REUSE      $L3 REUSE      
48673 $  1003   $  3378489298  $  8942488442     $    11580882  $   371456981  $   366910361  $      946317  $      36      $       0      $      97      $           0  $              $0.377802      $11580882.000000      $23.702141 $23.412027 $0.060383 $     1.01  $   387.72  
48671 $  1004   $  4536365217  $  2138869518     $      656065  $      575603  $      720120  $       13327  $       0      $       0      $      97      $           0  $              $2.120917      $656065.000000      $0.036692 $0.045904 $0.000850 $     0.80  $    54.03  
48673 $  2006   $  3526393091  $  9405088881     $    12420682  $   397896541  $   393169317  $      268953  $      37      $       0      $      97      $           0  $              $0.374945      $12420682.000000      $25.389212 $25.087574 $0.017162 $     1.01  $  1461.85  
48671 $  2007   $  4871398418  $  2293129207     $      678225  $      617041  $      788141  $       16221  $       0      $       0      $      97      $           0  $              $2.124345      $678225.000000      $0.039373 $0.050290 $0.001035 $     0.78  $    48.59  
48673 $  3009   $  3411858197  $  9199595490     $    11893746  $   391225332  $   386917604  $      401287  $      37      $       0      $      97      $           0  $              $0.370870      $11893746.000000      $24.963531 $24.688660 $0.025606 $     1.01  $   964.19  
48671 $  3010   $  4756107762  $  2245038197     $      453096  $      602496  $      743515  $       15766  $       0      $       0      $      97      $           0  $              $2.118498      $453096.000000      $0.038444 $0.047443 $0.001006 $     0.81  $    47.16  
48673 $  4012   $  3356234772  $  9549368362     $    11140450  $   423191589  $   421007956  $      212169  $      37      $       0      $      97      $           0  $              $0.351461      $11140450.000000      $27.003252 $26.863918 $0.013538 $     1.01  $  1984.30  
48671 $  4013   $  4974191053  $  2327780558     $      668331  $      629322  $      793565  $        1086  $       0      $       0      $      97      $           0  $              $2.136881      $668331.000000      $0.040156 $0.050636 $0.000069 $     0.79  $   730.72  
48673 $  5015   $  3346871228  $  9516720215     $    11019952  $   421919431  $   419757628  $      146717  $      38      $       0      $      97      $           0  $              $0.351683      $11019952.000000      $26.922077 $26.784136 $0.009362 $     1.01  $  2861.00  
48671 $  5016   $  4949941383  $  2321394205     $      682636  $      626796  $      776759  $        1036  $       0      $       0      $      97      $           0  $              $2.132314      $682636.000000      $0.039995 $0.049564 $0.000066 $     0.81  $   749.77  
48673 $  6018   $  3454452842  $  9414536064     $    11741448  $   403043613  $   399319570  $      868729  $      37      $       0      $      97      $           0  $              $0.366928      $11741448.000000      $25.717638 $25.480013 $0.055432 $     1.01  $   459.66  
48671 $  6019   $  4886435187  $  2293641058     $      676679  $      619526  $      789024  $       10102  $       0      $       0      $      97      $           0  $              $2.130427      $676679.000000      $0.039531 $0.050346 $0.000645 $     0.79  $    78.11  
48673 $  7021   $  3450801024  $  9202144211     $    12135776  $   389327021  $   384640808  $      337922  $      37      $       0      $      97      $           0  $              $0.375000      $12135776.000000      $24.842402 $24.543381 $0.021562 $     1.01  $  1138.25  
48671 $  7022   $  4769375724  $  2244919187     $      672046  $      604255  $      744240  $       15526  $       0      $       0      $      97      $           0  $              $2.124520      $672046.000000      $0.038557 $0.047489 $0.000991 $     0.81  $    47.94  
48673 $  8024   $  3450880171  $  9202146206     $    12151348  $   389289821  $   384663807  $      308777  $      37      $       0      $      97      $           0  $              $0.375008      $12151348.000000      $24.840029 $24.544849 $0.019703 $     1.01  $  1245.77  
48671 $  8025   $  4755931009  $  2244732798     $      668337  $      602870  $      745332  $       17955  $       0      $       0      $      97      $           0  $              $2.118707      $668337.000000      $0.038468 $0.047559 $0.001146 $     0.81  $    41.51  
48673 $  9026   $  3276218407  $  9202280442     $    11096285  $   402606706  $   399847929  $      387409  $      36      $       0      $      97      $           0  $              $0.356022      $11096285.000000      $25.715399 $25.539190 $0.024745 $     1.01  $  1032.11  
48671 $  9027   $  4788766085  $  2242654691     $      675345  $      607649  $      743822  $        6226  $       0      $       0      $      97      $           0  $              $2.135311      $675345.000000      $0.038812 $0.047510 $0.000398 $     0.82  $   119.47  
48673 $ 10029   $  3309108204  $  9419041849     $    11091443  $   417222518  $   415084958  $      161253  $      36      $       0      $      97      $           0  $              $0.351321      $11091443.000000      $26.622375 $26.485979 $0.010289 $     1.01  $  2574.12  
48671 $ 10030   $  4903557596  $  2298022340     $      677011  $      622538  $      784287  $        1906  $       0      $       0      $      97      $           0  $              $2.133816      $677011.000000      $0.039723 $0.050044 $0.000122 $     0.79  $   411.48  
48671 $ 10982   $  4591640707  $  2149990735     $      595171  $      582986  $      725848  $        2187  $       0      $       0      $      97      $           0  $              $2.135656      $595171.000000      $0.039192 $0.048797 $0.000147 $     0.80  $   331.89  
48673 $ 10981   $  2751085612  $  7816271336     $     9156766  $   344011634  $   342192489  $      118041  $      33      $       0      $      97      $           0  $              $0.351969      $9156766.000000      $23.126833 $23.004536 $0.007936 $     1.01  $  2898.93  
48671 $ 11128   $   719226974  $   337741731     $       27489  $       91613  $      110165  $          32  $       0      $       0      $      97      $           0  $              $2.129518      $27489.000000      $0.040159 $0.048292 $0.000014 $     0.83  $  3442.66  
48671 $ 11131   $     2978125  $     1406585     $           0  $         369  $         380  $           2  $       0      $       0      $      97      $           0  $              $2.117273      $0.000000      $0.007872 $0.008107 $0.000043 $     0.97  $   190.00  
48671 $ 12135   $  4781037453  $  2241582509     $      713884  $      605704  $      744947  $        2074  $      37      $       0      $      97      $           0  $              $2.132885      $713884.000000      $0.038611 $0.047487 $0.000132 $     0.81  $   359.18  
48688 $  1004   $  3393656251  $  9007579086     $    11910382  $   372845951  $   369604921  $      813205  $       0      $       0      $      97      $           0  $              $0.376756      $11910382.000000      $23.767073 $23.560474 $0.051838 $     1.01  $   454.50  
48688 $  2007   $  3326767527  $  8890871882     $    12016763  $   375193028  $   371937625  $      125815  $      36      $       0      $      97      $           0  $              $0.374178      $12016763.000000      $23.940533 $23.732809 $0.008028 $     1.01  $  2956.23  
48671 $ 13138   $  4800965525  $  2249872152     $      633375  $      611019  $      749242  $        2833  $       0      $       0      $      97      $           0  $              $2.133884      $633375.000000      $0.038988 $0.047808 $0.000181 $     0.82  $   264.47  
48688 $  3010   $  3517290814  $  9460337238     $    12337290  $   394418909  $   391176807  $      280671  $      37      $       0      $      97      $           0  $              $0.371793      $12337290.000000      $25.167309 $24.960434 $0.017909 $     1.01  $  1393.72  
48671 $ 14141   $  4928769104  $  2307223335     $      675017  $      625656  $      784182  $        2601  $       0      $       0      $      97      $           0  $              $2.136234      $675017.000000      $0.039922 $0.050038 $0.000166 $     0.80  $   301.49  
48688 $  4014   $  3374483773  $  9605244132     $    11336430  $   425442788  $   423197439  $      209764  $      36      $       0      $      97      $           0  $              $0.351317      $11336430.000000      $27.119858 $26.976728 $0.013371 $     1.01  $  2017.49  
48671 $ 15145   $  5019401681  $  2343269439     $      683473  $      636036  $      815450  $        1475  $       0      $       0      $      97      $           0  $              $2.142051      $683473.000000      $0.040544 $0.051981 $0.000094 $     0.78  $   552.85  
48688 $  5017   $  3234893796  $  9203265080     $    10843815  $   407767944  $   405456481  $      152175  $      36      $       0      $      97      $           0  $              $0.351494      $10843815.000000      $26.019091 $25.871599 $0.009710 $     1.01  $  2664.41  
48671 $ 16148   $  4806791333  $  2243661430     $      672611  $      609833  $      741078  $        1545  $       0      $       0      $      97      $           0  $              $2.142387      $672611.000000      $0.038913 $0.047287 $0.000099 $     0.82  $   479.66  
48688 $  6020   $  3478159091  $  9531909485     $    11903223  $   408461917  $   405461488  $      809769  $      38      $       0      $      97      $           0  $              $0.364896      $11903223.000000      $26.063374 $25.871920 $0.051670 $     1.01  $   500.71  
48671 $ 17151   $  4968255578  $  2324874813     $      676984  $      741908  $      876016  $       78755  $       0      $       0      $      97      $           0  $              $2.136999      $676984.000000      $0.047340 $0.055897 $0.005025 $     0.85  $    11.12  
48688 $  7023   $  3387256985  $  9171249249     $    12421630  $   382494606  $   378420239  $     2804793  $      46      $       0      $      97      $           0  $              $0.369334      $12421630.000000      $24.406435 $24.146456 $0.178970 $     1.01  $   134.92  
48671 $ 18154   $ 10749045689  $  7962295839     $      136084  $    32541325  $    45448456  $    11492770  $       0      $       0      $      97      $           0  $              $1.349993      $136084.000000      $2.076416 $2.900001 $0.733337 $     0.72  $     3.95  
48688 $  8025   $  3411307200  $  9173958824     $    12125265  $   384984044  $   381023047  $      917632  $      47      $       0      $      97      $           0  $              $0.371847      $12125265.000000      $24.589798 $24.336802 $0.058611 $     1.01  $   415.22  
48671 $ 19156   $ 12411463571  $  9170972248     $       81304  $    28526006  $    44727003  $     8018831  $       0      $       0      $      97      $           0  $              $1.353342      $81304.000000      $1.822020 $2.856815 $0.512181 $     0.64  $     5.58  
48688 $  9027   $  3262536750  $  9163344944     $    10918894  $   397878194  $   394559751  $     1021804  $      47      $       0      $      97      $           0  $              $0.356042      $10918894.000000      $25.413378 $25.201420 $0.065265 $     1.01  $   386.14  
48671 $ 20158   $ 12402308990  $  9161544731     $       79239  $    28481422  $    44695163  $     8011527  $       0      $       0      $      97      $           0  $              $1.353736      $79239.000000      $1.819173 $2.854781 $0.511714 $     0.64  $     5.58  
48688 $ 10029   $  3201112111  $  9160621202     $    10598858  $   403640602  $   400883459  $      393358  $      47      $       0      $      97      $           0  $              $0.349443      $10598858.000000      $25.781437 $25.605331 $0.025125 $     1.01  $  1019.13  
48671 $ 21160   $ 12396798985  $  9159917980     $       78070  $    28453238  $    44676940  $     8007665  $       0      $       0      $      97      $           0  $              $1.353374      $78070.000000      $1.817372 $2.853617 $0.511468 $     0.64  $     5.58  
48671 $ 22209   $ 13036776093  $  9625920698     $       80973  $    29954927  $    46983484  $     8420946  $       0      $       0      $      97      $           0  $              $1.354341      $80973.000000      $1.827565 $2.866485 $0.513766 $     0.64  $     5.58  
48688 $ 11078   $  3183852586  $  9102197278     $    10555376  $   398454929  $   395781427  $      244263  $      48      $       0      $      97      $           0  $              $0.349789      $10555376.000000      $24.309931 $24.146818 $0.014903 $     1.01  $  1620.31  
48671 $ 22213   $    42150384  $    30939358     $         208  $       97150  $      151910  $       27195  $       0      $       0      $      97      $           0  $              $1.362355      $208.000000      $1.554400 $2.430560 $0.435120 $     0.64  $     5.59  
48671 $ 22216   $     2632012  $     1978742     $        1901  $        3924  $        4881  $        1703  $       0      $       0      $      97      $           0  $              $1.330144      $1901.000000      $0.083712 $0.104128 $0.036331 $     0.80  $     2.87  
48671 $ 23218   $ 12324039008  $  9145110463     $       80966  $    28265829  $    44418906  $     7968516  $      47      $       0      $      97      $           0  $              $1.347610      $80966.000000      $1.805402 $2.837136 $0.508967 $     0.64  $     5.57  
48707 $  1003   $  3367475456  $  8959942872     $    11367632  $   368470627  $   365185776  $     1888530  $       0      $       0      $      97      $           0  $              $0.375837      $11367632.000000      $23.511585 $23.301985 $0.120504 $     1.01  $   193.37  
48707 $  2006   $  3391901838  $  9090332520     $    11742411  $   380865792  $   377723808  $      842037  $      46      $       0      $      97      $           0  $              $0.373133      $11742411.000000      $24.302504 $24.102018 $0.053729 $     1.01  $   448.58  
48671 $ 24221   $ 11757336990  $  8756866579     $      128654  $    26793552  $    41870743  $     7592455  $       0      $       0      $      97      $           0  $              $1.342642      $128654.000000      $1.709658 $2.671712 $0.484464 $     0.64  $     5.51  
48707 $  3008   $  3393448324  $  9167521284     $    11539305  $   384489023  $   381184810  $     1192812  $      47      $       0      $      97      $           0  $              $0.370160      $11539305.000000      $24.558182 $24.347134 $0.076188 $     1.01  $   319.57  
48671 $ 25224   $ 12410038756  $  9174213887     $       75273  $    28554651  $    44742461  $     8037091  $       0      $       0      $      97      $           0  $              $1.352709      $75273.000000      $1.822032 $2.854953 $0.512835 $     0.64  $     5.57  
48707 $  4010   $  3199691252  $  9169344363     $    10380489  $   403992976  $   400832458  $      925078  $      47      $       0      $      97      $           0  $              $0.348955      $10380489.000000      $25.803942 $25.602072 $0.059087 $     1.01  $   433.30  
48671 $ 26226   $ 12385079541  $  9166775156     $       80587  $    28498081  $    44640432  $     8000981  $       0      $       0      $      97      $           0  $              $1.351084      $80587.000000      $1.820237 $2.851285 $0.511041 $     0.64  $     5.58  
48707 $  5012   $  3198353939  $  9165751132     $    10503308  $   403504312  $   400610378  $      583650  $      47      $       0      $      97      $           0  $              $0.348946      $10503308.000000      $25.772732 $25.587889 $0.037279 $     1.01  $   686.39  
48671 $ 27228   $ 12373425996  $  9162911034     $       79906  $    28440025  $    44594333  $     7993080  $       0      $       0      $      97      $           0  $              $1.350382      $79906.000000      $1.816528 $2.848341 $0.510536 $     0.64  $     5.58  
48707 $  6014   $  3305384612  $  9168177099     $    10937224  $   392331225  $   389183411  $     1511943  $      47      $       0      $      97      $           0  $              $0.360528      $10937224.000000      $25.059080 $24.858023 $0.096571 $     1.01  $   257.41  
48671 $ 28230   $ 12387212918  $  9166008754     $       79074  $    28490421  $    44663136  $     8008833  $       0      $       0      $      97      $           0  $              $1.351429      $79074.000000      $1.819747 $2.852735 $0.511542 $     0.64  $     5.58  
48707 $  7016   $  3422768268  $  9174419177     $    11802613  $   384382349  $   381180415  $     1094778  $      47      $       0      $      97      $           0  $              $0.373077      $11802613.000000      $24.551367 $24.346853 $0.069926 $     1.01  $   348.18  
48671 $ 29232   $ 12412727441  $  9174025308     $       76959  $    28564245  $    44752530  $     8035867  $       0      $       0      $      97      $           0  $              $1.353030      $76959.000000      $1.824463 $2.858445 $0.513269 $     0.64  $     5.57  
48707 $  8019   $  3424092607  $  9175525433     $    11814932  $   384495612  $   381338543  $     1056940  $      47      $       0      $      97      $           0  $              $0.373177      $11814932.000000      $24.534117 $24.332668 $0.067442 $     1.01  $   360.79  
48671 $ 30235   $ 12415535315  $  9173522763     $       76619  $    28550968  $    44760618  $     8041083  $       0      $       0      $      97      $           0  $              $1.353410      $76619.000000      $1.821797 $2.856111 $0.513090 $     0.64  $     5.57  
48707 $  9021   $  3289635885  $  9170678159     $    10864684  $   394759439  $   391477785  $     1266804  $      47      $       0      $      97      $           0  $              $0.358712      $10864684.000000      $25.214174 $25.004570 $0.080914 $     1.01  $   309.03  
48671 $ 31238   $ 12394615436  $  9170943435     $       77615  $    28493286  $    44679335  $     8015199  $       0      $       0      $      97      $           0  $              $1.351509      $77615.000000      $1.818116 $2.850925 $0.511438 $     0.64  $     5.57  
48707 $ 10023   $  3198198803  $  9168672827     $    10455372  $   403588307  $   400611331  $      720306  $      47      $       0      $      97      $           0  $              $0.348818      $10455372.000000      $25.778097 $25.587950 $0.046008 $     1.01  $   556.17  
48671 $ 32240   $ 12373093130  $  9166378321     $       80425  $    28452782  $    44591856  $     7992833  $       0      $       0      $      97      $           0  $              $1.349835      $80425.000000      $1.817343 $2.848182 $0.510520 $     0.64  $     5.58  
48707 $ 11025   $  3197131908  $  9166077278     $    10518818  $   403300445  $   400453858  $      474828  $      47      $       0      $      97      $           0  $              $0.348800      $10518818.000000      $25.759708 $25.577890 $0.030328 $     1.01  $   843.37  
48671 $ 33242   $ 12369655215  $  9163608521     $       80663  $    28448603  $    44584668  $     7990955  $       0      $       0      $      97      $           0  $              $1.349867      $80663.000000      $1.817076 $2.847723 $0.510400 $     0.64  $     5.58  
48671 $ 33441   $  2543423524  $  1873988992     $       15631  $     5852877  $     9170637  $     1643047  $       0      $       0      $      97      $           0  $              $1.357224      $15631.000000      $1.882332 $2.949351 $0.528417 $     0.64  $     5.58  
48707 $ 11224   $   342518009  $   972862378     $     1122435  $    40715150  $    40434842  $       42481  $       8      $       0      $      97      $           0  $              $0.352072      $1122435.000000      $13.094320 $13.004169 $0.013662 $     1.01  $   951.83  
48671 $ 34335   $ 11716067711  $  8616630128     $       72233  $    26962810  $    42202190  $     7560715  $       0      $       0      $      97      $           0  $              $1.359704      $72233.000000      $1.930224 $3.021186 $0.541259 $     0.64  $     5.58  
48671 $ 34338   $     1502440  $     1115136     $           1  $        1302  $        1031  $        1011  $       0      $       0      $      97      $           0  $              $1.347315      $1.000000      $0.027776 $0.021995 $0.021568 $     1.26  $     1.02  
48671 $ 35340   $ 12233712835  $  9077567141     $       80374  $    28039753  $    44014681  $     7901260  $      47      $       0      $      97      $           0  $              $1.347686      $80374.000000      $1.790962 $2.811317 $0.504671 $     0.64  $     5.57  
48712 $  1002   $  3369933326  $  8971580398     $    11529519  $   370450446  $   365266394  $     1482004  $       0      $       0      $      97      $           0  $              $0.375623      $11529519.000000      $23.661505 $23.330389 $0.094659 $     1.01  $   246.47  
48712 $  2005   $  3387757840  $  9078589342     $    11940348  $   382202982  $   377126751  $      214071  $      47      $       0      $      97      $           0  $              $0.373159      $11940348.000000      $24.387827 $24.063921 $0.013660 $     1.01  $  1761.69  
48671 $ 36343   $ 11917039139  $  8872960790     $       76337  $    27201276  $    42634418  $     7671923  $       0      $       0      $      97      $           0  $              $1.343074      $76337.000000      $1.735675 $2.720441 $0.489534 $     0.64  $     5.56  
48712 $  3007   $  3395566566  $  9169352087     $    11702832  $   385054089  $   380075245  $      574905  $      47      $       0      $      97      $           0  $              $0.370317      $11702832.000000      $24.594273 $24.276262 $0.036720 $     1.01  $   661.11  
48671 $ 37345   $ 12429778287  $  9174109239     $       78403  $    28572963  $    44807859  $     8034210  $       0      $       0      $      97      $           0  $              $1.354876      $78403.000000      $1.825020 $2.861979 $0.513163 $     0.64  $     5.58  
48712 $  4009   $  3202335332  $  9172548335     $    10379210  $   404293320  $   401326959  $      938620  $      47      $       0      $      97      $           0  $              $0.349122      $10379210.000000      $25.823126 $25.633657 $0.059952 $     1.01  $   427.57  
48671 $ 38347   $ 12398973640  $  9169868222     $       80895  $    28478996  $    44688013  $     8011700  $       0      $       0      $      97      $           0  $              $1.352143      $80895.000000      $1.819018 $2.854324 $0.511725 $     0.64  $     5.58  
48712 $  5011   $  3200847588  $  9170571261     $    10507480  $   403832739  $   401105391  $      639679  $      47      $       0      $      97      $           0  $              $0.349035      $10507480.000000      $25.793707 $25.619505 $0.040858 $     1.01  $   627.04  
48671 $ 39349   $ 12390404222  $  9168112835     $       80920  $    28499998  $    44662369  $     8006515  $       0      $       0      $      97      $           0  $              $1.351467      $80920.000000      $1.820359 $2.852686 $0.511394 $     0.64  $     5.58  
48712 $  6013   $  3307740038  $  9170157622     $    10992393  $   393374552  $   389468112  $     1394459  $      47      $       0      $      97      $           0  $              $0.360707      $10992393.000000      $25.125721 $24.876205 $0.089067 $     1.01  $   279.30  
48671 $ 40351   $ 12402860686  $  9168158837     $       79766  $    28503919  $    44712574  $     8015700  $       0      $       0      $      97      $           0  $              $1.352819      $79766.000000      $1.820610 $2.855893 $0.511981 $     0.64  $     5.58  
48712 $  7016   $  3421734224  $  9172669939     $    11959209  $   386108457  $   380896019  $      663662  $      47      $       0      $      97      $           0  $              $0.373036      $11959209.000000      $24.637030 $24.304432 $0.042347 $     1.01  $   573.93  
48671 $ 41354   $ 12434325137  $  9170936064     $       78863  $    28582274  $    44831235  $     8035930  $       0      $       0      $      97      $           0  $              $1.355840      $78863.000000      $1.823794 $2.860617 $0.512761 $     0.64  $     5.58  
48712 $  8018   $  3422451071  $  9174350401     $    12006196  $   386097168  $   380996000  $      503927  $      47      $       0      $      97      $           0  $              $0.373046      $12006196.000000      $24.660896 $24.335073 $0.032187 $     1.01  $   756.05  
48671 $ 42356   $ 12433378441  $  9174729592     $       78662  $    28575228  $    44823289  $     8035553  $       0      $       0      $      97      $           0  $              $1.355177      $78662.000000      $1.825164 $2.862964 $0.513249 $     0.64  $     5.58  
48712 $  9020   $  3289573942  $  9171551948     $    10951203  $   395972991  $   391956135  $     1045709  $      47      $       0      $      97      $           0  $              $0.358671      $10951203.000000      $25.291689 $25.035122 $0.066792 $     1.01  $   374.82  
48671 $ 43358   $ 12407501186  $  9170098533     $       79936  $    28518141  $    44724829  $     8017548  $       0      $       0      $      97      $           0  $              $1.353039      $79936.000000      $1.821518 $2.856676 $0.512099 $     0.64  $     5.58  
48712 $ 10022   $  3201831867  $  9172255690     $    10472196  $   404030717  $   401237658  $      754955  $      47      $       0      $      97      $           0  $              $0.349078      $10472196.000000      $25.806353 $25.627954 $0.048221 $     1.01  $   531.47  
48671 $ 44360   $ 12396951992  $  9170394554     $       81943  $    28484321  $    44684974  $     8010273  $       0      $       0      $      97      $           0  $              $1.351845      $81943.000000      $1.819358 $2.854130 $0.511634 $     0.64  $     5.58  
48712 $ 11024   $  3200688304  $  9170267821     $    10507684  $   403793797  $   401083862  $      565873  $      47      $       0      $      97      $           0  $              $0.349029      $10507684.000000      $25.791220 $25.618132 $0.036144 $     1.01  $   708.79  
48671 $ 45362   $ 12389337028  $  9167642031     $       81388  $    28480758  $    44659479  $     8006085  $       0      $       0      $      97      $           0  $              $1.351420      $81388.000000      $1.819130 $2.852502 $0.511367 $     0.64  $     5.58  
48671 $ 45561   $  2553404855  $  1880054217     $       15844  $     5872247  $     9206758  $     1649329  $       0      $       0      $      97      $           0  $              $1.358155      $15844.000000      $1.888562 $2.960967 $0.530437 $     0.64  $     5.58  
48712 $ 11223   $   335576328  $   952169898     $     1066536  $    39941218  $    39671426  $       50284  $       8      $       0      $      97      $           0  $              $0.352433      $1066536.000000      $12.845416 $12.758649 $0.016172 $     1.01  $   788.95  
48671 $ 46458   $ 11367834621  $  8357608711     $       70323  $    26115049  $    40954058  $     7338288  $       0      $       0      $      97      $           0  $              $1.360178      $70323.000000      $1.863281 $2.922029 $0.523579 $     0.64  $     5.58  
48671 $ 46461   $     1833206  $     1352302     $           0  $        1479  $        1208  $        1192  $       0      $       0      $      97      $           0  $              $1.355619      $0.000000      $0.031552 $0.025771 $0.025429 $     1.22  $     1.01  
48671 $ 47464   $ 12203263462  $  9103068851     $       80486  $    27881729  $    43733482  $     7864152  $      47      $       0      $      97      $           0  $              $1.340566      $80486.000000      $1.779093 $2.790571 $0.501800 $     0.64  $     5.56  
48717 $  1003   $  3372197920  $  8971236737     $    11521027  $   370762081  $   365528104  $     1365258  $       0      $       0      $      97      $           0  $              $0.375890      $11521027.000000      $23.657801 $23.323826 $0.087115 $     1.01  $   267.74  
48717 $  2005   $  3391915936  $  9086272452     $    11944943  $   382631673  $   377562250  $      133571  $      47      $       0      $      97      $           0  $              $0.373301      $11944943.000000      $24.439548 $24.115751 $0.008531 $     1.01  $  2826.68  
48671 $ 48466   $ 11984620372  $  8890228836     $       76281  $    27274143  $    42726662  $     7728830  $       0      $       0      $      97      $           0  $              $1.348067      $76281.000000      $1.742061 $2.729048 $0.493658 $     0.64  $     5.53  
48717 $  3007   $  3394248117  $  9166321818     $    11745836  $   386453469  $   381526459  $      471968  $      47      $       0      $      97      $           0  $              $0.370296      $11745836.000000      $24.683655 $24.368956 $0.030146 $     1.01  $   808.37  
48671 $ 49468   $ 12426073596  $  9172647073     $       79842  $    28529137  $    44792243  $     8030281  $       0      $       0      $      97      $           0  $              $1.354688      $79842.000000      $1.822220 $2.860982 $0.512912 $     0.64  $     5.58  
48717 $  4009   $  3201965573  $  9170069580     $    10374577  $   404184657  $   401272612  $      926989  $      47      $       0      $      97      $           0  $              $0.349176      $10374577.000000      $25.816187 $25.630186 $0.059209 $     1.01  $   432.88  
48671 $ 50470   $ 12402892536  $  9168180745     $       80367  $    28500132  $    44700206  $     8013647  $       0      $       0      $      97      $           0  $              $1.352819      $80367.000000      $1.820368 $2.855103 $0.511850 $     0.64  $     5.58  
48717 $  5011   $  3199884724  $  9170649222     $    10463436  $   403783161  $   400983441  $      632590  $      47      $       0      $      97      $           0  $              $0.348927      $10463436.000000      $25.790543 $25.611717 $0.040405 $     1.01  $   633.88  
48671 $ 51472   $ 12388763234  $  9168770031     $       81088  $    28460087  $    44648160  $     8005051  $       0      $       0      $      97      $           0  $              $1.351191      $81088.000000      $1.817810 $2.851779 $0.511301 $     0.64  $     5.58  
48717 $  6014   $  3307796171  $  9168435600     $    10956021  $   393335393  $   389338492  $     1349023  $      47      $       0      $      97      $           0  $              $0.360781      $10956021.000000      $25.098171 $24.843134 $0.086079 $     1.01  $   288.61  
48671 $ 52474   $ 12396892501  $  9165824228     $       79713  $    28493430  $    44686616  $     8011297  $       0      $       0      $      97      $           0  $              $1.352513      $79713.000000      $1.819940 $2.854235 $0.511700 $     0.64  $     5.58  
48717 $  7016   $  3422990018  $  9171052452     $    11948505  $   386231500  $   381021575  $      573446  $      47      $       0      $      97      $           0  $              $0.373239      $11948505.000000      $24.669476 $24.336706 $0.036627 $     1.01  $   664.44  
48671 $ 53476   $ 12422330922  $  9168821977     $       79486  $    28542435  $    44775396  $     8026136  $       0      $       0      $      97      $           0  $              $1.354845      $79486.000000      $1.823070 $2.859905 $0.512647 $     0.64  $     5.58  
48717 $  8018   $  3423232541  $  9171554351     $    11979248  $   386212851  $   381044656  $      468114  $      47      $       0      $      97      $           0  $              $0.373245      $11979248.000000      $24.668287 $24.338182 $0.029899 $     1.01  $   814.00  
48671 $ 54478   $ 12433770550  $  9170925815     $       79248  $    28582439  $    44832928  $     8036125  $       0      $       0      $      97      $           0  $              $1.355781      $79248.000000      $1.825625 $2.863580 $0.513285 $     0.64  $     5.58  
48717 $  9020   $  3289184437  $  9172335570     $    10931479  $   396458422  $   392459634  $     1050188  $      47      $       0      $      97      $           0  $              $0.358598      $10931479.000000      $25.322695 $25.067284 $0.067078 $     1.01  $   373.70  
48671 $ 55480   $ 12408936103  $  9169634963     $       79872  $    28514521  $    44721967  $     8017584  $       0      $       0      $      97      $           0  $              $1.353264      $79872.000000      $1.821287 $2.856493 $0.512101 $     0.64  $     5.58  
48717 $ 10022   $  3201251780  $  9171275968     $    10415368  $   403956804  $   401162651  $      741927  $      47      $       0      $      97      $           0  $              $0.349052      $10415368.000000      $25.801632 $25.623163 $0.047389 $     1.01  $   540.70  
48671 $ 56482   $ 12396132557  $  9169356341     $       81399  $    28448845  $    44675944  $     8009494  $       0      $       0      $      97      $           0  $              $1.351909      $81399.000000      $1.817092 $2.853553 $0.511584 $     0.64  $     5.58  
48717 $ 11025   $  3200518516  $  9169108456     $    10484536  $   403838892  $   401059956  $      569203  $      46      $       0      $      97      $           0  $              $0.349054      $10484536.000000      $25.768383 $25.591064 $0.036320 $     1.01  $   704.60  
48671 $ 57485   $ 12389363868  $  9166613191     $       80934  $    28441665  $    44647118  $     8005276  $       0      $       0      $      97      $           0  $              $1.351575      $80934.000000      $1.814822 $2.848869 $0.510805 $     0.64  $     5.58  
48671 $ 57681   $  2473890682  $  1821012968     $       15484  $     5685712  $     8919645  $     1598044  $       0      $       0      $      97      $           0  $              $1.358524      $15484.000000      $1.856559 $2.912537 $0.521810 $     0.64  $     5.58  
48717 $ 11221   $   314766815  $   893632567     $     1034797  $    37395504  $    37141390  $       47908  $       7      $       0      $      97      $           0  $              $0.352233      $1034797.000000      $12.210777 $12.127802 $0.015643 $     1.01  $   775.26  
48671 $ 58585   $ 11516308425  $  8470096689     $       70835  $    26445843  $    41481513  $     7432777  $       0      $       0      $      97      $           0  $              $1.359643      $70835.000000      $1.872272 $2.936744 $0.526214 $     0.64  $     5.58  
48671 $ 58587   $     1713989  $     1258237     $           0  $        1417  $        1137  $        1122  $       0      $       0      $      97      $           0  $              $1.362215      $0.000000      $0.045344 $0.036384 $0.035904 $     1.25  $     1.01  
48671 $ 59590   $ 12227627237  $  9108292805     $       83269  $    27978418  $    43906729  $     7883774  $      47      $       0      $      97      $           0  $              $1.342472      $83269.000000      $1.785263 $2.801626 $0.503052 $     0.64  $     5.57  
48722 $  1002   $  3376074114  $  8970401187     $    11488598  $   369059483  $   365978944  $     1364278  $       0      $       0      $      97      $           0  $              $0.376357      $11488598.000000      $23.572662 $23.375900 $0.087140 $     1.01  $   268.26  
48722 $  2004   $  3410707842  $  9126697865     $    11974981  $   382645283  $   379751780  $       77350  $      47      $       0      $      97      $           0  $              $0.373707      $11974981.000000      $24.440416 $24.255602 $0.004941 $     1.01  $  4909.53  
48671 $ 60592   $ 12092883296  $  8955915273     $       77028  $    27617808  $    43294633  $     7803189  $       0      $       0      $      97      $           0  $              $1.350268      $77028.000000      $1.764012 $2.765326 $0.498407 $     0.64  $     5.55  
48722 $  3006   $  3395682388  $  9168848020     $    11718884  $   385570274  $   382560261  $      467960  $      47      $       0      $      97      $           0  $              $0.370350      $11718884.000000      $24.627243 $24.434986 $0.029890 $     1.01  $   817.51  
48671 $ 61594   $ 12427320782  $  9172045350     $       80179  $    28515572  $    44809491  $     8031437  $       0      $       0      $      97      $           0  $              $1.354913      $80179.000000      $1.821354 $2.862083 $0.512986 $     0.64  $     5.58  
48722 $  4008   $  3199239899  $  9169696113     $    10357076  $   403860600  $   400777498  $      934534  $      46      $       0      $      97      $           0  $              $0.348893      $10357076.000000      $25.795488 $25.598562 $0.059691 $     1.01  $   428.85  
48671 $ 62596   $ 12389045512  $  9167379333     $       81719  $    28421363  $    44655166  $     8004719  $       0      $       0      $      97      $           0  $              $1.351427      $81719.000000      $1.815337 $2.852226 $0.511279 $     0.64  $     5.58  
48722 $  5010   $  3198381394  $  9169295558     $    10424095  $   403568331  $   400647052  $      676558  $      47      $       0      $      97      $           0  $              $0.348814      $10424095.000000      $25.776819 $25.590231 $0.043213 $     1.01  $   592.18  
48671 $ 63598   $ 12379720364  $  9166608084     $       81373  $    28410586  $    44621837  $     7999812  $       0      $       0      $      97      $           0  $              $1.350524      $81373.000000      $1.814648 $2.850097 $0.510966 $     0.64  $     5.58  
48722 $  6013   $  3309961599  $  9167270721     $    10944755  $   392298856  $   389182713  $     1364206  $      47      $       0      $      97      $           0  $              $0.361063      $10944755.000000      $25.032030 $24.833195 $0.087048 $     1.01  $   285.28  
48671 $ 64600   $ 12393003802  $  9164958888     $       81093  $    28445900  $    44678811  $     8008301  $       0      $       0      $      97      $           0  $              $1.352216      $81093.000000      $1.816904 $2.853736 $0.511508 $     0.64  $     5.58  
48722 $  7016   $  3426474089  $  9170366225     $    11931029  $   384532124  $   381532234  $      504003  $      47      $       0      $      97      $           0  $              $0.373646      $11931029.000000      $24.536448 $24.345028 $0.032160 $     1.01  $   757.00  
48671 $ 65603   $ 12423743610  $  9167315331     $       79342  $    28526138  $    44788283  $     8027061  $       0      $       0      $      97      $           0  $              $1.355222      $79342.000000      $1.820212 $2.857877 $0.512195 $     0.64  $     5.58  
48722 $  8018   $  3426634364  $  9171428275     $    11969829  $   384403667  $   381557458  $      338622  $      47      $       0      $      97      $           0  $              $0.373621      $11969829.000000      $24.552731 $24.370935 $0.021629 $     1.01  $  1126.79  
48671 $ 66606   $ 12424772097  $  9170932016     $       80093  $    28532189  $    44793716  $     8027832  $       0      $       0      $      97      $           0  $              $1.354799      $80093.000000      $1.820598 $2.858223 $0.512245 $     0.64  $     5.58  
48722 $  9020   $  3287516693  $  9169552519     $    10892891  $   395430990  $   392266238  $      980584  $      47      $       0      $      97      $           0  $              $0.358525      $10892891.000000      $25.257069 $25.054930 $0.062632 $     1.01  $   400.03  
48671 $ 67608   $ 12405299249  $  9166258393     $       79454  $    28491011  $    44727173  $     8016192  $       0      $       0      $      97      $           0  $              $1.353366      $79454.000000      $1.819785 $2.856825 $0.512012 $     0.64  $     5.58  
48722 $ 10022   $  3200513644  $  9171605653     $    10410099  $   403905843  $   400924988  $      799097  $      47      $       0      $      97      $           0  $              $0.348959      $10410099.000000      $25.798378 $25.607983 $0.051040 $     1.01  $   501.72  
48671 $ 68610   $ 12392656944  $  9170325966     $       81630  $    28448584  $    44668561  $     8008144  $       0      $       0      $      97      $           0  $              $1.351387      $81630.000000      $1.817075 $2.853082 $0.511498 $     0.64  $     5.58  
48722 $ 11024   $  3197971904  $  9167498960     $    10435647  $   403501304  $   400598512  $      608923  $      47      $       0      $      97      $           0  $              $0.348838      $10435647.000000      $25.772539 $25.587132 $0.038893 $     1.01  $   657.88  
48671 $ 69612   $ 12378234458  $  9165081674     $       81556  $    28420093  $    44619980  $     7999339  $       0      $       0      $      97      $           0  $              $1.350586      $81556.000000      $1.815255 $2.849979 $0.510936 $     0.64  $     5.58  
48671 $ 69777   $  2083516299  $  1535974842     $       13069  $     4782759  $     7512373  $     1345920  $       0      $       0      $      97      $           0  $              $1.356478      $13069.000000      $1.855131 $2.913890 $0.522054 $     0.64  $     5.58  
48722 $ 11190   $   292114109  $   829781722     $      950480  $    34494479  $    34253161  $       43867  $       6      $       0      $      97      $           0  $              $0.352037      $950480.000000      $13.299077 $13.206038 $0.016913 $     1.01  $   780.84  
48671 $ 70687   $ 11760568149  $  8653233579     $       73477  $    27010884  $    42380279  $     7590868  $       0      $       0      $      97      $           0  $              $1.359095      $73477.000000      $1.899667 $2.980591 $0.533863 $     0.64  $     5.58  
48671 $ 70690   $     2338994  $     1739402     $           0  $        1915  $        1531  $        1500  $       0      $       0      $      97      $           0  $              $1.344712      $0.000000      $0.040853 $0.032661 $0.032000 $     1.25  $     1.02  
48671 $ 71693   $ 12263365161  $  9094149948     $       80777  $    28099922  $    44162588  $     7922075  $      47      $       0      $      97      $           0  $              $1.348489      $80777.000000      $1.793016 $2.817952 $0.505496 $     0.64  $     5.57  
48727 $  1003   $  3365970583  $  8963550399     $    11511641  $   370059933  $   365012124  $     1354138  $       0      $       0      $      97      $           0  $              $0.375518      $11511641.000000      $23.612997 $23.290903 $0.086406 $     1.01  $   269.55  
48727 $  2005   $  3515056884  $  9385708933     $    12382951  $   396455732  $   391372612  $       76533  $      40      $       0      $      97      $           0  $              $0.374512      $12382951.000000      $25.322523 $24.997850 $0.004888 $     1.01  $  5113.78  
48671 $ 72695   $  4827807044  $  4212175149     $      383783  $     7804354  $    12125480  $     2229787  $       0      $       0      $      97      $           0  $              $1.146155      $383783.000000      $0.498482 $0.774482 $0.142422 $     0.64  $     5.44  
48727 $  3008   $  3453642811  $  9307730376     $    12006100  $   394532463  $   389890406  $      247100  $      37      $       0      $      97      $           0  $              $0.371051      $12006100.000000      $25.174553 $24.878351 $0.015767 $     1.01  $  1577.86  
48671 $ 73698   $  3886009560  $  2297615274     $      586945  $      506620  $      541050  $       81311  $       0      $       0      $      97      $           0  $              $1.691323      $586945.000000      $0.032327 $0.034524 $0.005188 $     0.94  $     6.65  
48727 $  4011   $  3234449960  $  9201722423     $    10756002  $   407894299  $   405110213  $      233291  $      36      $       0      $      97      $           0  $              $0.351505      $10756002.000000      $26.027155 $25.849504 $0.014886 $     1.01  $  1736.50  
48671 $ 74701   $  3835798618  $  2271223397     $      593289  $      499962  $      532930  $       78530  $       0      $       0      $      97      $           0  $              $1.688869      $593289.000000      $0.031902 $0.034006 $0.005011 $     0.94  $     6.79  
48727 $  5014   $  3235091229  $  9202176238     $    10757494  $   407945916  $   405177105  $      193431  $      36      $       0      $      97      $           0  $              $0.351557      $10757494.000000      $26.030447 $25.853775 $0.012343 $     1.01  $  2094.69  
48671 $ 75704   $  3837188732  $  2271084153     $      589632  $      500012  $      534235  $       78527  $       0      $       0      $      97      $           0  $              $1.689585      $589632.000000      $0.031905 $0.034089 $0.005011 $     0.94  $     6.80  
48727 $  6017   $  3359882399  $  9202743581     $    11399344  $   395435464  $   391538592  $      761044  $      37      $       0      $      97      $           0  $              $0.365096      $11399344.000000      $25.232172 $24.983519 $0.048561 $     1.01  $   514.48  
48671 $ 76707   $  3838524274  $  2270777923     $      591172  $      500344  $      534683  $       80319  $       0      $       0      $      97      $           0  $              $1.690401      $591172.000000      $0.031926 $0.034117 $0.005125 $     0.94  $     6.66  
48727 $  7019   $  3494655255  $  9316980153     $    12310724  $   394064419  $   389107610  $      131615  $      37      $       0      $      97      $           0  $              $0.375085      $12310724.000000      $25.169783 $24.853182 $0.008407 $     1.01  $  2956.41  
48671 $ 77710   $  3889802287  $  2299174926     $      593006  $      506869  $      539975  $       79623  $       0      $       0      $      97      $           0  $              $1.691825      $593006.000000      $0.032343 $0.034455 $0.005081 $     0.94  $     6.78  
48727 $  8022   $  3452159588  $  9203560851     $    12159599  $   389258149  $   384380787  $      122821  $      37      $       0      $      97      $           0  $              $0.375090      $12159599.000000      $24.838007 $24.526791 $0.007837 $     1.01  $  3129.60  
48671 $ 78713   $  3843382947  $  2271239504     $      589581  $      500729  $      534191  $       78793  $       0      $       0      $      97      $           0  $              $1.692196      $589581.000000      $0.031951 $0.034086 $0.005028 $     0.94  $     6.78  
48727 $  9025   $  3296139312  $  9203163147     $    11144139  $   401778342  $   398372026  $      346846  $      37      $       0      $      97      $           0  $              $0.358153      $11144139.000000      $25.636902 $25.419552 $0.022132 $     1.01  $  1148.56  
48671 $ 79716   $  3839306969  $  2271592683     $      595008  $      500190  $      534869  $       78848  $       0      $       0      $      97      $           0  $              $1.690139      $595008.000000      $0.031916 $0.034129 $0.005031 $     0.94  $     6.78  
48727 $ 10028   $  3235841152  $  9204553419     $    10761992  $   408089023  $   405296706  $      280140  $      36      $       0      $      97      $           0  $              $0.351548      $10761992.000000      $26.039579 $25.861404 $0.017875 $     1.01  $  1446.76  
48671 $ 80719   $  3114737092  $  1843200452     $      648184  $      405968  $      434031  $       63745  $       0      $       0      $      97      $           0  $              $1.689853      $648184.000000      $0.025904 $0.027695 $0.004067 $     0.94  $     6.81  
48727 $ 11118   $  3079462585  $  8749910612     $    10184600  $   385807917  $   383297948  $      172498  $      33      $       0      $      97      $           0  $              $0.351942      $10184600.000000      $22.652941 $22.505568 $0.010128 $     1.01  $  2222.04  
48671 $ 81889   $           0  $           0     $      919449  $          17  $          16  $           0  $       0      $       0      $      97      $           0  $              $-nan      $919449.000000      $0.000001 $0.000001 $0.000000 $     1.06  $      inf  
48671 $ 82823   $       12932  $      227755     $      473909  $         720  $        1397  $         339  $       0      $       0      $      97      $           0  $              $0.056780      $473909.000000      $0.000049 $0.000096 $0.000023 $     0.52  $     4.12  
48727 $ 12052   $           0  $           0     $      373596  $        2368  $        2368  $        2220  $       7      $       0      $      97      $           0  $              $-nan      $373596.000000      $0.000162 $0.000162 $0.000152 $     1.00  $     1.07  
48671 $ 82827   $           0  $           0     $        2032  $           0  $           0  $           0  $       0      $       0      $      97      $           0  $              $-nan      $2032.000000      $0.000000 $0.000000 $0.000000 $     0.00  $     0.00  
48737 $  1004   $  3369322148  $  8921121435     $    11613118  $   370105013  $   365409790  $      707785  $      33      $       0      $      65      $           0  $              $0.377679      $11613118.000000      $23.592352 $23.293055 $0.045118 $     1.01  $   516.27  
