PID   $time     $Instr Ret     $Unh Clk Cycles   $l2 trans reqs $l1lines       $l2lines       $Per Core bw   $Power         $Power2        $Power3        $bandwidth     $              $IPC           $MEM INTENSIITY$L2->L1 BW (MB)$L3->L2 BW (MB)$MM->L3 BW (MB)$L2 REUSE      $L3 REUSE      
50142 $  1004   $ 22434166729  $  8883991868     $     3946129  $   350999693  $   351077081  $     2639594  $      38      $       0      $      97      $           0  $              $2.525235      $3946129.000000      $22.374481 $22.379416 $0.168261 $     1.00  $   133.00  
50140 $  1004   $  4781707861  $  2249291024     $      687573  $      606780  $      649130  $       22465  $       0      $       0      $      97      $           0  $              $2.125873      $687573.000000      $0.038679 $0.041379 $0.001432 $     0.93  $    28.90  
50142 $  2006   $ 23281145984  $  9181559378     $     4066844  $   364050909  $   364107771  $     2011893  $      39      $       0      $      97      $           0  $              $2.535642      $4066844.000000      $23.252752 $23.256386 $0.128504 $     1.00  $   180.98  
50140 $  2007   $  4822417745  $  2266947820     $      710210  $      611802  $      653066  $       20145  $       0      $       0      $      97      $           0  $              $2.127273      $710210.000000      $0.039038 $0.041671 $0.001285 $     0.94  $    32.42  
50142 $  3009   $ 24044693992  $  9480478675     $     4197403  $   376003544  $   376056616  $     2055024  $      39      $       0      $      97      $           0  $              $2.536232      $4197403.000000      $23.992250 $23.995636 $0.131128 $     1.00  $   182.99  
50140 $  3010   $  4971278824  $  2340659796     $      712314  $      630129  $      673587  $       18749  $       0      $       0      $      97      $           0  $              $2.123879      $712314.000000      $0.040208 $0.042981 $0.001196 $     0.94  $    35.93  
50142 $  4012   $ 23363204269  $  9187920655     $     4088929  $   365526952  $   365577215  $     1843335  $      39      $       0      $      97      $           0  $              $2.542817      $4088929.000000      $23.323753 $23.326962 $0.117621 $     1.00  $   198.32  
50140 $  4013   $  4816714322  $  2267600741     $      709034  $      611045  $      653164  $       18064  $       0      $       0      $      97      $           0  $              $2.124146      $709034.000000      $0.038990 $0.041677 $0.001153 $     0.94  $    36.16  
50142 $  5015   $ 23284054760  $  9181156010     $     4067329  $   364091080  $   364145378  $     1995411  $      39      $       0      $      97      $           0  $              $2.536070      $4067329.000000      $23.232132 $23.235598 $0.127324 $     1.00  $   182.49  
50140 $  5016   $  4826411962  $  2267047345     $      715475  $      611668  $      656970  $       18660  $       0      $       0      $      97      $           0  $              $2.128942      $715475.000000      $0.039030 $0.041920 $0.001191 $     0.93  $    35.21  
50142 $  6018   $ 23285400996  $  9181197493     $     4065584  $   364112989  $   364165719  $     1991768  $      39      $       0      $      97      $           0  $              $2.536205      $4065584.000000      $23.233530 $23.236897 $0.127092 $     1.00  $   182.84  
50140 $  6019   $  4817226759  $  2267825505     $      713258  $      610898  $      653569  $       19238  $       0      $       0      $      97      $           0  $              $2.124161      $713258.000000      $0.038981 $0.041703 $0.001228 $     0.93  $    33.97  
50142 $  7021   $ 24143082368  $  9493203361     $     4221946  $   377743073  $   377791789  $     1882944  $      39      $       0      $      97      $           0  $              $2.543197      $4221946.000000      $24.103247 $24.106354 $0.120148 $     1.00  $   200.64  
50140 $  7022   $  4979980049  $  2343298377     $      719838  $      630961  $      673627  $       18674  $       0      $       0      $      97      $           0  $              $2.125201      $719838.000000      $0.040261 $0.042983 $0.001192 $     0.94  $    36.07  
50142 $  8024   $ 23283173198  $  9180580751     $     4069463  $   364078887  $   364139306  $     1989177  $      39      $       0      $      97      $           0  $              $2.536133      $4069463.000000      $23.231354 $23.235209 $0.126927 $     1.00  $   183.06  
50140 $  8025   $  4816187409  $  2267767821     $      714479  $      611961  $      658013  $       18634  $       0      $       0      $      97      $           0  $              $2.123757      $714479.000000      $0.039048 $0.041987 $0.001189 $     0.93  $    35.31  
50142 $  9027   $ 23284521440  $  9181216574     $     4066456  $   364098398  $   364152251  $     1978432  $      39      $       0      $      97      $           0  $              $2.536104      $4066456.000000      $23.232599 $23.236036 $0.126241 $     1.00  $   184.06  
50140 $  9028   $  4824142314  $  2268363770     $      710316  $      612142  $      653599  $       18348  $       0      $       0      $      97      $           0  $              $2.126706      $710316.000000      $0.039060 $0.041705 $0.001171 $     0.94  $    35.62  
50142 $ 10030   $ 23283870976  $  9180971854     $     4066589  $   364089407  $   364139992  $     2006456  $      39      $       0      $      97      $           0  $              $2.536101      $4066589.000000      $23.232025 $23.235254 $0.128029 $     1.00  $   181.48  
50140 $ 10030   $  4830032345  $  2267819887     $      711651  $      613085  $      659047  $       18524  $       0      $       0      $      97      $           0  $              $2.129813      $711651.000000      $0.039159 $0.042095 $0.001183 $     0.93  $    35.58  
50142 $ 11033   $ 24157671103  $  9498433719     $     4218703  $   377968173  $   378016513  $     1887445  $      39      $       0      $      97      $           0  $              $2.543332      $4218703.000000      $24.117609 $24.120695 $0.120435 $     1.00  $   200.28  
50140 $ 11033   $  4983932115  $  2344012450     $      713398  $      632512  $      676220  $       18792  $       0      $       0      $      97      $           0  $              $2.126240      $713398.000000      $0.040360 $0.043149 $0.001199 $     0.94  $    35.98  
50142 $ 12036   $ 23284610777  $  9180448994     $     4064633  $   364095424  $   364150689  $     1991750  $      39      $       0      $      97      $           0  $              $2.536326      $4064633.000000      $23.232410 $23.235937 $0.127091 $     1.00  $   182.83  
50140 $ 12035   $  4825821099  $  2267605063     $      703498  $      612780  $      654226  $       19672  $       0      $       0      $      97      $           0  $              $2.128158      $703498.000000      $0.039140 $0.041787 $0.001256 $     0.94  $    33.26  
50142 $ 13039   $ 23284086831  $  9181043181     $     4067016  $   364093516  $   364145100  $     1991363  $      39      $       0      $      97      $           0  $              $2.536105      $4067016.000000      $23.232286 $23.235579 $0.127066 $     1.00  $   182.86  
50140 $ 13038   $  4821367466  $  2268225966     $      708305  $      612013  $      654653  $       18757  $       0      $       0      $      97      $           0  $              $2.125612      $708305.000000      $0.039052 $0.041772 $0.001197 $     0.93  $    34.90  
50142 $ 14042   $ 23361710772  $  9186920727     $     4090880  $   365503643  $   365550871  $     1838832  $      39      $       0      $      97      $           0  $              $2.542932      $4090880.000000      $23.322268 $23.325281 $0.117333 $     1.00  $   198.80  
50140 $ 14041   $  4819472315  $  2268138551     $      705728  $      613705  $      657912  $       18482  $       0      $       0      $      97      $           0  $              $2.124858      $705728.000000      $0.039160 $0.041980 $0.001179 $     0.93  $    35.60  
50140 $ 14859   $  4094653356  $  1925045026     $      555881  $      519076  $      555538  $       13829  $       0      $       0      $      97      $           0  $              $2.127043      $555881.000000      $0.040612 $0.043465 $0.001082 $     0.93  $    40.17  
50142 $ 14860   $ 17781774245  $  7012207773     $     3158513  $   278049701  $   278087435  $     1463262  $      30      $       0      $      97      $           0  $              $2.535831      $3158513.000000      $21.754499 $21.757452 $0.114485 $     1.00  $   190.05  
50140 $ 15118   $  1346440491  $   629890486     $       63397  $      170214  $      181250  $          49  $       0      $       0      $      97      $           0  $              $2.137578      $63397.000000      $0.042061 $0.044788 $0.000012 $     0.94  $  3698.98  
50140 $ 15120   $     3760240  $     1779195     $          13  $         474  $         480  $           0  $       0      $       0      $      97      $           0  $              $2.113450      $13.000000      $0.015168 $0.015360 $0.000000 $     0.99  $      inf  
50140 $ 16122   $  4837751192  $  2269214584     $      714909  $      608856  $      647595  $       24642  $      38      $       0      $      97      $           0  $              $2.131906      $714909.000000      $0.038889 $0.041363 $0.001574 $     0.94  $    26.28  
50157 $  1002   $ 22692507392  $  8951389265     $     3938369  $   355162591  $   355202974  $     1717271  $       0      $       0      $      97      $           0  $              $2.535082      $3938369.000000      $22.685036 $22.687614 $0.109686 $     1.00  $   206.84  
50157 $  2005   $ 22497775462  $  8917037635     $     3925083  $   351583145  $   351583659  $     2180974  $      38      $       0      $      97      $           0  $              $2.523010      $3925083.000000      $22.434019 $22.434052 $0.139165 $     1.00  $   161.20  
50140 $ 17125   $  4660884709  $  2208152484     $      653961  $     3355812  $     3219943  $     1858725  $       0      $       0      $      97      $           0  $              $2.110762      $653961.000000      $0.214130 $0.205460 $0.118603 $     1.04  $     1.73  
50157 $  3008   $ 23017789122  $  9151746158     $     4058089  $   360205723  $   360213899  $     3553986  $      48      $       0      $      97      $           0  $              $2.515126      $4058089.000000      $22.984215 $22.984735 $0.226775 $     1.00  $   101.35  
50140 $ 18128   $ 11339670469  $  8344120855     $      114759  $    31423063  $    45319973  $    10180610  $       0      $       0      $      97      $           0  $              $1.359001      $114759.000000      $2.005061 $2.891803 $0.649610 $     0.69  $     4.45  
50157 $  4010   $ 23101446298  $  9149007348     $     4072896  $   361304952  $   361311265  $     1561285  $      49      $       0      $      97      $           0  $              $2.525022      $4072896.000000      $23.077362 $23.077765 $0.099723 $     1.00  $   231.42  
50140 $ 19131   $ 12492309314  $  9164306200     $       80298  $    28690117  $    45053138  $     8079999  $       0      $       0      $      97      $           0  $              $1.363148      $80298.000000      $1.830675 $2.874776 $0.515573 $     0.64  $     5.58  
50157 $  5012   $ 23091738219  $  9147907013     $     4070593  $   361152500  $   361162973  $     1545396  $      49      $       0      $      97      $           0  $              $2.524265      $4070593.000000      $23.067625 $23.068295 $0.098708 $     1.00  $   233.70  
50140 $ 20133   $ 12485066692  $  9163742258     $       79773  $    28698936  $    45030682  $     8075433  $       0      $       0      $      97      $           0  $              $1.362442      $79773.000000      $1.833066 $2.876211 $0.515796 $     0.64  $     5.58  
50157 $  6014   $ 23176585058  $  9154183778     $     4086429  $   362682296  $   362683978  $     1295755  $      49      $       0      $      97      $           0  $              $2.531802      $4086429.000000      $23.165337 $23.165443 $0.082763 $     1.00  $   279.90  
50140 $ 21135   $ 12484540624  $  9163715880     $       81032  $    28691966  $    45026211  $     8074778  $       0      $       0      $      97      $           0  $              $1.362388      $81032.000000      $1.832621 $2.875926 $0.515754 $     0.64  $     5.58  
50157 $  7016   $ 23090720844  $  9149173570     $     4067563  $   361130773  $   361142832  $     1532597  $      49      $       0      $      97      $           0  $              $2.523804      $4067563.000000      $23.066238 $23.067009 $0.097890 $     1.00  $   235.64  
50140 $ 22137   $ 12483774595  $  9164198819     $       80549  $    28717032  $    45023660  $     8074470  $       0      $       0      $      97      $           0  $              $1.362233      $80549.000000      $1.834222 $2.875763 $0.515735 $     0.64  $     5.58  
50157 $  8019   $ 23097657454  $  9148645644     $     4066273  $   361237428  $   361241371  $     1535224  $      49      $       0      $      97      $           0  $              $2.524708      $4066273.000000      $23.050047 $23.050297 $0.097960 $     1.00  $   235.30  
50140 $ 23140   $ 12490765043  $  9164262982     $       80386  $    28735765  $    45050344  $     8079490  $       0      $       0      $      97      $           0  $              $1.362986      $80386.000000      $1.833588 $2.874598 $0.515541 $     0.64  $     5.58  
50157 $  9021   $ 23181871223  $  9154931803     $     4085751  $   362770610  $   362770356  $     1307843  $      49      $       0      $      97      $           0  $              $2.532173      $4085751.000000      $23.170979 $23.170961 $0.083535 $     1.00  $   277.38  
50140 $ 24143   $ 12490044593  $  9165278935     $       80723  $    28716607  $    45045477  $     8078170  $       0      $       0      $      97      $           0  $              $1.362757      $80723.000000      $1.832366 $2.874288 $0.515456 $     0.64  $     5.58  
50157 $ 10023   $ 23082081372  $  9147278695     $     4067436  $   360996119  $   361005873  $     1535252  $      49      $       0      $      97      $           0  $              $2.523382      $4067436.000000      $23.057636 $23.058260 $0.098060 $     1.00  $   235.14  
50140 $ 25145   $ 12479715716  $  9163341765     $       80092  $    28706900  $    45009328  $     8071860  $       0      $       0      $      97      $           0  $              $1.361917      $80092.000000      $1.833574 $2.874847 $0.515568 $     0.64  $     5.58  
50157 $ 11025   $ 23087954834  $  9147803260     $     4066711  $   361085183  $   361089878  $     1525959  $      49      $       0      $      97      $           0  $              $2.523880      $4066711.000000      $23.063326 $23.063625 $0.097466 $     1.00  $   236.63  
50140 $ 26147   $ 12482172569  $  9163791707     $       80437  $    28701606  $    45019144  $     8073398  $       0      $       0      $      97      $           0  $              $1.362119      $80437.000000      $1.833236 $2.875474 $0.515666 $     0.64  $     5.58  
50157 $ 12027   $ 23188849524  $  9155668505     $     4084978  $   362876625  $   362876164  $     1303453  $      49      $       0      $      97      $           0  $              $2.532731      $4084978.000000      $23.177750 $23.177719 $0.083254 $     1.00  $   278.40  
50140 $ 27149   $ 12490271728  $  9165467840     $       79583  $    28702297  $    45048908  $     8078769  $       0      $       0      $      97      $           0  $              $1.362753      $79583.000000      $1.833280 $2.877375 $0.516009 $     0.64  $     5.58  
50157 $ 13030   $ 23096330752  $  9147985710     $     4074157  $   361225224  $   361239866  $     1543890  $      49      $       0      $      97      $           0  $              $2.524745      $4074157.000000      $23.049267 $23.050201 $0.098513 $     1.00  $   233.98  
50140 $ 28151   $ 12484812562  $  9163398024     $       80063  $    28701410  $    45025844  $     8074653  $       0      $       0      $      97      $           0  $              $1.362465      $80063.000000      $1.833224 $2.875902 $0.515746 $     0.64  $     5.58  
50157 $ 14032   $ 23092971665  $  9150049759     $     4075252  $   361172733  $   361183211  $     1538580  $      49      $       0      $      97      $           0  $              $2.523808      $4075252.000000      $23.068916 $23.069586 $0.098273 $     1.00  $   234.75  
50140 $ 29154   $ 12487825141  $  9165770199     $       79515  $    28702979  $    45044632  $     8078101  $       0      $       0      $      97      $           0  $              $1.362442      $79515.000000      $1.831496 $2.874234 $0.515452 $     0.64  $     5.58  
50157 $ 15034   $ 23175363968  $  9154791588     $     4081954  $   362660151  $   362656964  $     1295899  $      49      $       0      $      97      $           0  $              $2.531501      $4081954.000000      $23.163923 $23.163717 $0.082772 $     1.00  $   279.85  
50140 $ 30156   $ 12482447035  $  9164285260     $       81523  $    28701988  $    45018460  $     8073100  $       0      $       0      $      97      $           0  $              $1.362075      $81523.000000      $1.833261 $2.875431 $0.515647 $     0.64  $     5.58  
50140 $ 30234   $  1039760415  $   759117256     $        5996  $     2393207  $     3749554  $      671258  $       0      $       0      $      97      $           0  $              $1.369697      $5996.000000      $1.963657 $3.076557 $0.550776 $     0.64  $     5.59  
50157 $ 15112   $    56096947  $    29522545     $       63868  $      824748  $      826557  $        2227  $       2      $       0      $      97      $           0  $              $1.900139      $63868.000000      $0.676716 $0.678201 $0.001827 $     1.00  $   371.15  
50140 $ 31232   $ 13071640447  $  9545843958     $       81966  $    30082260  $    47122927  $     8440554  $       0      $       0      $      97      $           0  $              $1.369354      $81966.000000      $1.929123 $3.021911 $0.541278 $     0.64  $     5.58  
50140 $ 31234   $     1774326  $     1306302     $          49  $        1579  $        1292  $        1172  $       0      $       0      $      97      $           0  $              $1.358282      $49.000000      $0.050528 $0.041344 $0.037504 $     1.22  $     1.10  
50140 $ 32236   $ 12314128557  $  9077392738     $       77441  $    28224653  $    44280477  $     7954181  $      48      $       0      $      97      $           0  $              $1.356571      $77441.000000      $1.802772 $2.828294 $0.508051 $     0.64  $     5.57  
50165 $  1002   $ 22445595696  $  8924852595     $     3966615  $   351278694  $   351326743  $     2086627  $       0      $       0      $      97      $           0  $              $2.514954      $3966615.000000      $22.436962 $22.440033 $0.133278 $     1.00  $   168.37  
50165 $  2005   $ 22909280469  $  9082899555     $     4071166  $   358146398  $   358170741  $     1409783  $      46      $       0      $      97      $           0  $              $2.522243      $4071166.000000      $22.852812 $22.854364 $0.089956 $     1.00  $   254.06  
50140 $ 33239   $ 10277191577  $  7879933475     $      289550  $    22882368  $    35711920  $     6520321  $       0      $       0      $      97      $           0  $              $1.304223      $289550.000000      $1.460091 $2.278727 $0.416052 $     0.64  $     5.48  
50165 $  3007   $ 23178380252  $  9159849916     $     4139812  $   362706237  $   362721021  $     1236909  $      49      $       0      $      97      $           0  $              $2.530432      $4139812.000000      $23.166866 $23.167810 $0.079004 $     1.00  $   293.25  
50140 $ 34241   $ 12501446922  $  9172560197     $       77653  $    28703217  $    45085219  $     8083486  $       0      $       0      $      97      $           0  $              $1.362918      $77653.000000      $1.833339 $2.879695 $0.516310 $     0.64  $     5.58  
50165 $  4009   $ 23088362152  $  9152147494     $     4115113  $   361089838  $   361115565  $     1489495  $      49      $       0      $      97      $           0  $              $2.522726      $4115113.000000      $23.063622 $23.065266 $0.095137 $     1.00  $   242.44  
50140 $ 35243   $ 12500480945  $  9170295450     $       76628  $    28707443  $    45086049  $     8083492  $       0      $       0      $      97      $           0  $              $1.363149      $76628.000000      $1.833609 $2.879748 $0.516311 $     0.64  $     5.58  
50165 $  5011   $ 23085953602  $  9153173750     $     4114624  $   361057961  $   361084758  $     1467682  $      49      $       0      $      97      $           0  $              $2.522180      $4114624.000000      $23.061586 $23.063299 $0.093744 $     1.00  $   246.02  
50140 $ 36245   $ 12495873612  $  9171553281     $       77334  $    28713053  $    45064893  $     8080100  $       0      $       0      $      97      $           0  $              $1.362460      $77334.000000      $1.833967 $2.878396 $0.516094 $     0.64  $     5.58  
50165 $  6013   $ 23175757571  $  9159128126     $     4134633  $   362669295  $   362683920  $     1230154  $      49      $       0      $      97      $           0  $              $2.530345      $4134633.000000      $23.164505 $23.165440 $0.078573 $     1.00  $   294.83  
50140 $ 37247   $ 12496739812  $  9170038917     $       77884  $    28724892  $    45068414  $     8080420  $       0      $       0      $      97      $           0  $              $1.362779      $77884.000000      $1.834724 $2.878621 $0.516115 $     0.64  $     5.58  
50165 $  7016   $ 23089766709  $  9152207068     $     4111855  $   361114997  $   361144648  $     1493333  $      49      $       0      $      97      $           0  $              $2.522863      $4111855.000000      $23.042234 $23.044125 $0.095287 $     1.00  $   241.84  
50140 $ 38250   $ 12495890196  $  9169559195     $       77798  $    28707851  $    45066299  $     8080349  $       0      $       0      $      97      $           0  $              $1.362758      $77798.000000      $1.831807 $2.875616 $0.515596 $     0.64  $     5.58  
50165 $  8019   $ 23092778261  $  9151957690     $     4113702  $   361164768  $   361188804  $     1481755  $      49      $       0      $      97      $           0  $              $2.523261      $4113702.000000      $23.045408 $23.046942 $0.094549 $     1.00  $   243.76  
50140 $ 39253   $ 12497820458  $  9170822892     $       77152  $    28687916  $    45072038  $     8081773  $       0      $       0      $      97      $           0  $              $1.362781      $77152.000000      $1.830535 $2.875983 $0.515686 $     0.64  $     5.58  
50165 $  9021   $ 23166379102  $  9157346005     $     4131055  $   362517745  $   362529962  $     1234577  $      49      $       0      $      97      $           0  $              $2.529814      $4131055.000000      $23.154827 $23.155605 $0.078855 $     1.00  $   293.65  
50140 $ 40255   $ 12491336482  $  9168447804     $       76559  $    28696640  $    45050447  $     8078026  $       0      $       0      $      97      $           0  $              $1.362427      $76559.000000      $1.832919 $2.877474 $0.515962 $     0.64  $     5.58  
50165 $ 10023   $ 23089110483  $  9153786557     $     4113407  $   361104816  $   361132672  $     1463814  $      49      $       0      $      97      $           0  $              $2.522356      $4113407.000000      $23.064581 $23.066359 $0.093497 $     1.00  $   246.71  
50140 $ 41257   $ 12499172720  $  9172467815     $       77547  $    28705571  $    45076971  $     8082537  $       0      $       0      $      97      $           0  $              $1.362684      $77547.000000      $1.833490 $2.879168 $0.516250 $     0.64  $     5.58  
50165 $ 11025   $ 23090769711  $  9152491191     $     4115613  $   361134526  $   361160076  $     1490907  $      49      $       0      $      97      $           0  $              $2.522894      $4115613.000000      $23.066477 $23.068108 $0.095228 $     1.00  $   242.24  
50140 $ 42259   $ 12502049234  $  9170243924     $       78086  $    28718028  $    45091903  $     8084690  $       0      $       0      $      97      $           0  $              $1.363328      $78086.000000      $1.834285 $2.880122 $0.516387 $     0.64  $     5.58  
50165 $ 12027   $ 23175448675  $  9159523246     $     4135104  $   362675630  $   362676606  $     1237707  $      49      $       0      $      97      $           0  $              $2.530202      $4135104.000000      $23.164909 $23.164972 $0.079055 $     1.00  $   293.02  
50140 $ 43261   $ 12503452915  $  9171230392     $       77040  $    28728981  $    45092298  $     8085105  $       0      $       0      $      97      $           0  $              $1.363334      $77040.000000      $1.834985 $2.880147 $0.516414 $     0.64  $     5.58  
50165 $ 13029   $ 23101583544  $  9152969389     $     4119032  $   361265330  $   361321069  $     1431744  $      49      $       0      $      97      $           0  $              $2.523944      $4119032.000000      $23.074833 $23.078390 $0.091449 $     1.00  $   252.36  
50140 $ 44263   $ 12494552011  $  9170501340     $       78183  $    28688659  $    45063773  $     8079588  $       0      $       0      $      97      $           0  $              $1.362472      $78183.000000      $1.832409 $2.878325 $0.516061 $     0.64  $     5.58  
50165 $ 14032   $ 23087023222  $  9151400641     $     4112643  $   361071946  $   361095852  $     1493485  $      49      $       0      $      97      $           0  $              $2.522786      $4112643.000000      $23.039486 $23.041010 $0.095297 $     1.00  $   241.78  
50140 $ 45266   $ 12495803664  $  9169907727     $       77410  $    28714031  $    45070895  $     8080292  $       0      $       0      $      97      $           0  $              $1.362697      $77410.000000      $1.832201 $2.875910 $0.515592 $     0.64  $     5.58  
50140 $ 46321   $ 13191685871  $  9675868476     $       82112  $    30294830  $    47574974  $     8529979  $       0      $       0      $      97      $           0  $              $1.363359      $82112.000000      $1.837791 $2.886065 $0.517458 $     0.64  $     5.58  
50165 $ 15087   $ 22961878486  $  9082663147     $     4136577  $   359263310  $   359277619  $     1228187  $      50      $       0      $      97      $           0  $              $2.528100      $4136577.000000      $21.794172 $21.795042 $0.074506 $     1.00  $   292.53  
50140 $ 46328   $    66220760  $    48214992     $         473  $      153706  $      238964  $       42855  $       0      $       0      $      97      $           0  $              $1.373448      $473.000000      $1.405312 $2.184814 $0.391817 $     0.64  $     5.58  
50140 $ 46330   $     2923414  $     2158889     $           0  $        6301  $        9224  $        1895  $       0      $       0      $      97      $           0  $              $1.354129      $0.000000      $0.201632 $0.295168 $0.060640 $     0.68  $     4.87  
50140 $ 47333   $ 12405684730  $  9154048844     $       77173  $    28460770  $    44641595  $     8010826  $      48      $       0      $      97      $           0  $              $1.355213      $77173.000000      $1.816041 $2.848517 $0.511159 $     0.64  $     5.57  
50170 $  1003   $ 22460701464  $  8920843794     $     4004286  $   351533117  $   351626104  $     2124189  $       0      $       0      $      97      $           0  $              $2.517777      $4004286.000000      $22.430828 $22.436760 $0.135541 $     1.00  $   165.53  
50170 $  2006   $ 22873465100  $  9081176829     $     4097003  $   357597241  $   357668068  $     1500145  $      48      $       0      $      97      $           0  $              $2.518778      $4097003.000000      $22.817770 $22.822289 $0.095722 $     1.00  $   238.42  
50140 $ 48336   $ 11995886758  $  8860887489     $       75345  $    27354081  $    42787092  $     7737811  $       0      $       0      $      97      $           0  $              $1.353802      $75345.000000      $1.745425 $2.730183 $0.493739 $     0.64  $     5.53  
50170 $  3009   $ 23182733604  $  9156226240     $     4167248  $   362813176  $   362873298  $     1284202  $      49      $       0      $      97      $           0  $              $2.531909      $4167248.000000      $23.150593 $23.154428 $0.081943 $     1.00  $   282.57  
50140 $ 49339   $ 12488002874  $  9166640208     $       78220  $    28729608  $    45041721  $     8074705  $       0      $       0      $      97      $           0  $              $1.362332      $78220.000000      $1.833195 $2.874048 $0.515235 $     0.64  $     5.58  
50170 $  4011   $ 23097066765  $  9150210314     $     4148214  $   361266092  $   361339351  $     1540913  $      49      $       0      $      97      $           0  $              $2.524212      $4148214.000000      $23.074879 $23.079559 $0.098422 $     1.00  $   234.50  
50140 $ 50342   $ 12481807625  $  9167905238     $       78027  $    28705968  $    45010907  $     8069879  $       0      $       0      $      97      $           0  $              $1.361468      $78027.000000      $1.831687 $2.872082 $0.514927 $     0.64  $     5.58  
50170 $  5013   $ 23099545460  $  9149943846     $     4151534  $   361304620  $   361375724  $     1534637  $      49      $       0      $      97      $           0  $              $2.524556      $4151534.000000      $23.077341 $23.081882 $0.098021 $     1.00  $   235.48  
50140 $ 51344   $ 12488641109  $  9167727642     $       77400  $    28709870  $    45040511  $     8074680  $       0      $       0      $      97      $           0  $              $1.362240      $77400.000000      $1.833764 $2.876839 $0.515748 $     0.64  $     5.58  
50170 $  6015   $ 23188266145  $  9157415921     $     4158862  $   362892167  $   362950490  $     1277743  $      49      $       0      $      97      $           0  $              $2.532185      $4158862.000000      $23.178741 $23.182467 $0.081612 $     1.00  $   284.06  
50140 $ 52346   $ 12487471530  $  9168078975     $       78555  $    28728478  $    45036994  $     8073979  $       0      $       0      $      97      $           0  $              $1.362060      $78555.000000      $1.834953 $2.876614 $0.515703 $     0.64  $     5.58  
50170 $  7017   $ 23102388177  $  9150906229     $     4144163  $   361348570  $   361420905  $     1515154  $      49      $       0      $      97      $           0  $              $2.524601      $4144163.000000      $23.080149 $23.084768 $0.096776 $     1.00  $   238.54  
50140 $ 53348   $ 12487886293  $  9168040015     $       77162  $    28725192  $    45036980  $     8074335  $       0      $       0      $      97      $           0  $              $1.362111      $77162.000000      $1.834743 $2.876613 $0.515726 $     0.64  $     5.58  
50170 $  8019   $ 23091916877  $  9148452242     $     4140205  $   361187905  $   361258941  $     1546071  $      49      $       0      $      97      $           0  $              $2.524134      $4140205.000000      $23.069885 $23.074423 $0.098751 $     1.00  $   233.66  
50140 $ 54350   $ 12482727657  $  9166111357     $       77854  $    28702649  $    45019285  $     8070802  $       0      $       0      $      97      $           0  $              $1.361835      $77854.000000      $1.833303 $2.875483 $0.515500 $     0.64  $     5.58  
50170 $  9022   $ 23188677944  $  9158259187     $     4166770  $   362902695  $   362958794  $     1292487  $      49      $       0      $      97      $           0  $              $2.531996      $4166770.000000      $23.156303 $23.159882 $0.082472 $     1.00  $   280.82  
50140 $ 55353   $ 12491895179  $  9168827454     $       78441  $    28728587  $    45053023  $     8077154  $       0      $       0      $      97      $           0  $              $1.362431      $78441.000000      $1.833130 $2.874769 $0.515392 $     0.64  $     5.58  
50170 $ 10025   $ 23084835564  $  9149363907     $     4140707  $   361073889  $   361151021  $     1533900  $      49      $       0      $      97      $           0  $              $2.523108      $4140707.000000      $23.039610 $23.044531 $0.097876 $     1.00  $   235.45  
50140 $ 56356   $ 12478958511  $  9167089214     $       78362  $    28699050  $    45013744  $     8068426  $       0      $       0      $      97      $           0  $              $1.361278      $78362.000000      $1.831245 $2.872263 $0.514835 $     0.64  $     5.58  
50170 $ 11027   $ 23098063855  $  9149483326     $     4141911  $   361288572  $   361358274  $     1539402  $      49      $       0      $      97      $           0  $              $2.524521      $4141911.000000      $23.076317 $23.080769 $0.098325 $     1.00  $   234.74  
50140 $ 57359   $ 12486679019  $  9167463123     $       77330  $    28703065  $    45035378  $     8073467  $       0      $       0      $      97      $           0  $              $1.362065      $77330.000000      $1.831502 $2.873643 $0.515156 $     0.64  $     5.58  
50170 $ 12029   $ 23135895606  $  9154547001     $     4150978  $   362011487  $   362046694  $     1401654  $      48      $       0      $      97      $           0  $              $2.527257      $4150978.000000      $23.122490 $23.124739 $0.089527 $     1.00  $   258.30  
50140 $ 58361   $ 12485622279  $  9168224861     $       77952  $    28707143  $    45031991  $     8073283  $       0      $       0      $      97      $           0  $              $1.361836      $77952.000000      $1.833590 $2.876295 $0.515659 $     0.64  $     5.58  
50170 $ 13031   $ 23161255577  $  9155105237     $     4157903  $   362404240  $   362480026  $     1412884  $      49      $       0      $      97      $           0  $              $2.529873      $4157903.000000      $23.147575 $23.152418 $0.090244 $     1.00  $   256.55  
50140 $ 59363   $ 12489153291  $  9168703125     $       78634  $    28719729  $    45041853  $     8074965  $       0      $       0      $      97      $           0  $              $1.362150      $78634.000000      $1.834394 $2.876925 $0.515766 $     0.64  $     5.58  
50170 $ 14033   $ 23093353246  $  9149254016     $     4144186  $   361208717  $   361279784  $     1515757  $      48      $       0      $      97      $           0  $              $2.524070      $4144186.000000      $23.071215 $23.075754 $0.096815 $     1.00  $   238.35  
50140 $ 60365   $ 12482519660  $  9167398193     $       77327  $    28695320  $    45015537  $     8070659  $       0      $       0      $      97      $           0  $              $1.361621      $77327.000000      $1.832835 $2.875244 $0.515491 $     0.64  $     5.58  
50140 $ 61467   $ 13806455339  $ 10131557305     $       86871  $    31734597  $    49792571  $     8925532  $       0      $       0      $      97      $           0  $              $1.362718      $86871.000000      $1.843026 $2.891765 $0.518361 $     0.64  $     5.58  
50170 $ 15135   $ 22874868148  $  9043386357     $     4146715  $   357934758  $   357990963  $     1280336  $      52      $       0      $      97      $           0  $              $2.529458      $4146715.000000      $20.787498 $20.790764 $0.074357 $     1.00  $   279.61  
50140 $ 61478   $   122893650  $    89506112     $         712  $      284632  $      443082  $       79427  $       0      $       0      $      97      $           0  $              $1.373020      $712.000000      $1.656041 $2.577932 $0.462121 $     0.64  $     5.58  
50140 $ 61479   $     1425710  $     1053983     $           0  $        1207  $         939  $         920  $       0      $       0      $      97      $           0  $              $1.352688      $0.000000      $0.077248 $0.060096 $0.058880 $     1.29  $     1.02  
50140 $ 62481   $ 12332465351  $  9116942218     $       77471  $    28263918  $    44306863  $     7962907  $      48      $       0      $      97      $           0  $              $1.352697      $77471.000000      $1.805280 $2.829979 $0.508609 $     0.64  $     5.56  
50175 $  1002   $ 22403598257  $  8923190929     $     3941457  $   350581972  $   350644446  $     2589599  $       0      $       0      $      65      $           0  $              $2.510716      $3941457.000000      $22.392462 $22.396452 $0.165404 $     1.00  $   135.40  
50175 $  2004   $ 22640629475  $  9055542834     $     4025601  $   353574546  $   353596704  $     2034837  $      48      $       0      $      65      $           0  $              $2.500196      $4025601.000000      $22.583605 $22.585018 $0.129970 $     1.00  $   173.77  
50140 $ 63484   $ 12181927510  $  8982601673     $       76651  $    27829417  $    43630376  $     7869196  $       0      $       0      $      97      $           0  $              $1.356169      $76651.000000      $1.775755 $2.783992 $0.502122 $     0.64  $     5.54  
50175 $  3006   $ 23134920214  $  9164119947     $     4142499  $   361994301  $   362014013  $     1905831  $      49      $       0      $      65      $           0  $              $2.524511      $4142499.000000      $23.121393 $23.122652 $0.121730 $     1.00  $   189.95  
50140 $ 64486   $ 12495421478  $  9175740332     $       79122  $    28713158  $    45061643  $     8083133  $       0      $       0      $      97      $           0  $              $1.361789      $79122.000000      $1.833974 $2.878189 $0.516288 $     0.64  $     5.57  
50175 $  4008   $ 23047801349  $  9157356711     $     4115914  $   360428243  $   360451540  $     2163375  $      49      $       0      $      65      $           0  $              $2.516862      $4115914.000000      $23.021366 $23.022854 $0.138180 $     1.00  $   166.62  
50140 $ 65488   $ 12492165028  $  9174976163     $       79678  $    28711474  $    45050695  $     8081193  $       0      $       0      $      97      $           0  $              $1.361547      $79678.000000      $1.833867 $2.877490 $0.516164 $     0.64  $     5.57  
50175 $  5010   $ 23049275864  $  9156259440     $     4117330  $   360454930  $   360478804  $     2125284  $      49      $       0      $      65      $           0  $              $2.517324      $4117330.000000      $23.023069 $23.024595 $0.135747 $     1.00  $   169.61  
50140 $ 66490   $ 12492634172  $  9174348446     $       79397  $    28711763  $    45052334  $     8080758  $       0      $       0      $      97      $           0  $              $1.361692      $79397.000000      $1.833885 $2.877594 $0.516136 $     0.64  $     5.58  
50175 $  6012   $ 23134227934  $  9163779863     $     4138599  $   361983979  $   362001078  $     1909386  $      49      $       0      $      65      $           0  $              $2.524529      $4138599.000000      $23.120733 $23.121826 $0.121957 $     1.00  $   189.59  
50140 $ 67492   $ 12495904442  $  9175325109     $       79289  $    28725689  $    45060878  $     8083434  $       0      $       0      $      97      $           0  $              $1.361903      $79289.000000      $1.834774 $2.878140 $0.516307 $     0.64  $     5.57  
50175 $  7015   $ 23044132452  $  9158111679     $     4116159  $   360373518  $   360401739  $     2143824  $      49      $       0      $      65      $           0  $              $2.516254      $4116159.000000      $22.994919 $22.996721 $0.136794 $     1.00  $   168.11  
50140 $ 68495   $ 12488249230  $  9175872993     $       80159  $    28702245  $    45036051  $     8078412  $       0      $       0      $      97      $           0  $              $1.360988      $80159.000000      $1.831449 $2.873686 $0.515472 $     0.64  $     5.57  
50175 $  8017   $ 23042089225  $  9156560572     $     4116153  $   360341243  $   360363256  $     2128595  $      49      $       0      $      65      $           0  $              $2.516457      $4116153.000000      $23.015808 $23.017214 $0.135958 $     1.00  $   169.30  
50140 $ 69498   $ 12492041281  $  9174596707     $       79407  $    28712359  $    45056526  $     8081639  $       0      $       0      $      97      $           0  $              $1.361590      $79407.000000      $1.832095 $2.874993 $0.515678 $     0.64  $     5.58  
50175 $  9019   $ 23126803795  $  9162906912     $     4136874  $   361869549  $   361888562  $     1891972  $      49      $       0      $      65      $           0  $              $2.523959      $4136874.000000      $23.113424 $23.114639 $0.120845 $     1.00  $   191.28  
50140 $ 70500   $ 12489910222  $  9174557257     $       79873  $    28687557  $    45040847  $     8079055  $       0      $       0      $      97      $           0  $              $1.361364      $79873.000000      $1.832339 $2.876861 $0.516027 $     0.64  $     5.58  
50175 $ 10021   $ 23046753303  $  9157602614     $     4112659  $   360413837  $   360440002  $     2126955  $      49      $       0      $      65      $           0  $              $2.516680      $4112659.000000      $23.020443 $23.022116 $0.135853 $     1.00  $   169.46  
50140 $ 71502   $ 12492011251  $  9175554629     $       79749  $    28703005  $    45049046  $     8080135  $       0      $       0      $      97      $           0  $              $1.361445      $79749.000000      $1.833326 $2.877384 $0.516096 $     0.64  $     5.58  
50175 $ 11023   $ 23262387549  $  9174373328     $     4083874  $   363799906  $   363815154  $     1322717  $      42      $       0      $      65      $           0  $              $2.535583      $4083874.000000      $23.236721 $23.237696 $0.084485 $     1.00  $   275.05  
50140 $ 72504   $  5314404001  $  4320839051     $      468491  $     5349689  $     8215600  $     1470509  $       0      $       0      $      97      $           0  $              $1.229947      $468491.000000      $0.341697 $0.524749 $0.093925 $     0.65  $     5.59  
50175 $ 12025   $ 23394131349  $  9185581145     $     4097831  $   366066788  $   366074638  $      969969  $      39      $       0      $      65      $           0  $              $2.546832      $4097831.000000      $23.381512 $23.382011 $0.061954 $     1.00  $   377.41  
50140 $ 73507   $  3833066908  $  2269243604     $      610065  $      496308  $      533696  $       86637  $       0      $       0      $      97      $           0  $              $1.689139      $610065.000000      $0.031669 $0.034054 $0.005528 $     0.93  $     6.16  
50175 $ 13028   $ 23629356717  $  9300721975     $     4123628  $   369551563  $   369565857  $     1085798  $      39      $       0      $      65      $           0  $              $2.540594      $4123628.000000      $23.580557 $23.581470 $0.069283 $     1.00  $   340.36  
50140 $ 74510   $  3883586695  $  2299550284     $      612122  $      502561  $      541522  $       86445  $       0      $       0      $      97      $           0  $              $1.688846      $612122.000000      $0.032068 $0.034554 $0.005516 $     0.93  $     6.26  
50175 $ 14030   $ 23318030146  $  9179245889     $     4076328  $   364673721  $   364685808  $     1077325  $      39      $       0      $      65      $           0  $              $2.540299      $4076328.000000      $23.292534 $23.293306 $0.068811 $     1.00  $   338.51  
50140 $ 75513   $  3831187948  $  2269161225     $      604444  $      496180  $      535290  $       88128  $       0      $       0      $      97      $           0  $              $1.688372      $604444.000000      $0.031661 $0.034156 $0.005623 $     0.93  $     6.07  
50140 $ 76541   $  3950228186  $  2339058040     $      591492  $      511471  $      549809  $       87576  $       0      $       0      $      97      $           0  $              $1.688812      $591492.000000      $0.031843 $0.034229 $0.005452 $     0.93  $     6.28  
50175 $ 15058   $ 22426233916  $  8813876722     $     3978346  $   350859293  $   350865718  $      938048  $      39      $       0      $      65      $           0  $              $2.544424      $3978346.000000      $21.843380 $21.843781 $0.058400 $     1.00  $   374.04  
50140 $ 76581   $   147019596  $    87072523     $        3725  $       19057  $       20464  $        2971  $       0      $       0      $      97      $           0  $              $1.688473      $3725.000000      $0.030491 $0.032742 $0.004754 $     0.93  $     6.89  
50140 $ 76583   $     2283840  $     1366740     $           0  $         293  $         315  $          61  $       0      $       0      $      97      $           0  $              $1.671013      $0.000000      $0.009376 $0.010080 $0.001952 $     0.93  $     5.16  
50140 $ 77586   $  3809100591  $  2255698729     $      603079  $      493549  $      534644  $       88275  $      38      $       0      $      97      $           0  $              $1.688657      $603079.000000      $0.031493 $0.034115 $0.005633 $     0.92  $     6.06  
50180 $  1003   $ 22587978608  $  8911443986     $     3937162  $   353471756  $   353475070  $     1515111  $       0      $       0      $      65      $           0  $              $2.534716      $3937162.000000      $22.554527 $22.554741 $0.096677 $     1.00  $   233.30  
50180 $  2006   $ 23556103922  $  9279243409     $     4115256  $   368258165  $   368238100  $      839001  $      39      $       0      $      65      $           0  $              $2.538580      $4115256.000000      $23.498030 $23.496748 $0.053535 $     1.00  $   438.90  
50140 $ 78589   $  3895194447  $  2306517018     $      594063  $      508252  $      547756  $       89297  $       0      $       0      $      97      $           0  $              $1.688778      $594063.000000      $0.032431 $0.034952 $0.005698 $     0.93  $     6.13  
50180 $  3009   $ 23347240613  $  9183524684     $     4074693  $   365087270  $   365068645  $      823038  $      39      $       0      $      65      $           0  $              $2.542296      $4074693.000000      $23.295698 $23.294510 $0.052517 $     1.00  $   443.56  
50140 $ 79592   $  3833492289  $  2269708945     $      602964  $      500925  $      538799  $       85765  $       0      $       0      $      97      $           0  $              $1.688980      $602964.000000      $0.031963 $0.034380 $0.005473 $     0.93  $     6.28  
50180 $  4012   $ 23460467022  $  9198117134     $     4098461  $   367077335  $   367101122  $      505883  $      37      $       0      $      65      $           0  $              $2.550573      $4098461.000000      $23.422682 $23.424198 $0.032280 $     1.00  $   725.66  
50140 $ 80595   $  1147382147  $   679073989     $      845690  $      150016  $      162745  $       24890  $       0      $       0      $      97      $           0  $              $1.689628      $845690.000000      $0.009572 $0.010385 $0.001588 $     0.92  $     6.54  
50180 $  5015   $ 23378809938  $  9185989798     $     4076918  $   365624225  $   365664540  $      402607  $      37      $       0      $      65      $           0  $              $2.545051      $4076918.000000      $23.329960 $23.332533 $0.025690 $     1.00  $   908.24  
50140 $ 81598   $           0  $           0     $     1007943  $          17  $          17  $          16  $       0      $       0      $      97      $           0  $              $-nan      $1007943.000000      $0.000001 $0.000001 $0.000001 $     1.00  $     1.06  
50180 $  5576   $ 13125258435  $  5142197478     $     2297066  $   205404189  $   205409516  $      262253  $      21      $       0      $      65      $           0  $              $2.552461      $2297066.000000      $23.432920 $23.433529 $0.029918 $     1.00  $   783.25  
50140 $ 82159   $       15040  $      362449     $      608175  $         780  $        1705  $         376  $       0      $       0      $      97      $           0  $              $0.041495      $608175.000000      $0.000089 $0.000195 $0.000043 $     0.46  $     4.53  
