PID   $time     $Instr Ret     $Unh Clk Cycles   $l2 trans reqs $l1lines       $l2lines       $Per Core bw   $Power         $Power2        $Power3        $bandwidth     $              $IPC           $MEM INTENSIITY$L2->L1 BW (MB)$L3->L2 BW (MB)$MM->L3 BW (MB)$L2 REUSE      $L3 REUSE      
49835 $  1003   $  1265157586  $  7003166297     $    72819096  $   246208717  $   245072672  $      605527  $      33      $       0      $      97      $           0  $              $0.180655      $72819096.000000      $15.710227 $15.637738 $0.038638 $     1.00  $   404.73  
49833 $  1003   $  4903585757  $  2299044822     $      395074  $      615989  $      654931  $        4455  $       0      $       0      $      97      $           0  $              $2.132879      $395074.000000      $0.039305 $0.041790 $0.000284 $     0.94  $   147.01  
49835 $  2006   $  1230269863  $  6620192938     $    67786221  $   228158708  $   227144967  $       96296  $      33      $       0      $      97      $           0  $              $0.185836      $67786224.000000      $14.558481 $14.493796 $0.006145 $     1.00  $  2358.82  
49833 $  2006   $  4974067637  $  2332518223     $      401081  $      625384  $      666050  $         873  $       0      $       0      $      97      $           0  $              $2.132488      $401081.000000      $0.039905 $0.042500 $0.000056 $     0.94  $   762.94  
49835 $  3009   $  1066040427  $  5862225046     $    61115265  $   206075147  $   205157178  $       90888  $      32      $       0      $      97      $           0  $              $0.181849      $61115264.000000      $13.149362 $13.090788 $0.005799 $     1.00  $  2257.25  
49833 $  3010   $  4903627693  $  2294394762     $      393468  $      615303  $      653767  $         761  $       0      $       0      $      97      $           0  $              $2.137220      $393468.000000      $0.039223 $0.041674 $0.000049 $     0.94  $   859.09  
49835 $  4012   $  1005756441  $  5459899728     $    56504293  $   189563857  $   188803387  $       87259  $      32      $       0      $      97      $           0  $              $0.184208      $56504292.000000      $12.095799 $12.047276 $0.005568 $     1.00  $  2163.71  
49833 $  4013   $  4952764304  $  2322234392     $      289405  $      620886  $      658700  $         369  $       0      $       0      $      97      $           0  $              $2.132758      $289405.000000      $0.039618 $0.042031 $0.000024 $     0.94  $  1785.09  
49835 $  5015   $  1212772783  $  6415311059     $    64053779  $   214773711  $   213880107  $       33410  $      32      $       0      $      97      $           0  $              $0.189043      $64053780.000000      $13.704405 $13.647385 $0.002132 $     1.00  $  6401.68  
49833 $  5016   $  5024034304  $  2349134911     $      335428  $      630035  $      668639  $         360  $       0      $       0      $      97      $           0  $              $2.138674      $335428.000000      $0.040202 $0.042665 $0.000023 $     0.94  $  1857.33  
49835 $  6019   $  1204320777  $  6813784565     $    72355192  $   244428779  $   243317856  $       96969  $      33      $       0      $      97      $           0  $              $0.176748      $72355192.000000      $15.581118 $15.510302 $0.006181 $     1.00  $  2509.23  
49833 $  6020   $  4976231742  $  2333351880     $      401212  $      625189  $      671143  $         654  $       0      $       0      $      97      $           0  $              $2.132654      $401212.000000      $0.039853 $0.042782 $0.000042 $     0.93  $  1026.21  
49835 $  7023   $  1159101528  $  6361606520     $    66223336  $   222890367  $   221893292  $       93220  $      32      $       0      $      97      $           0  $              $0.182203      $66223336.000000      $14.208151 $14.144592 $0.005942 $     1.00  $  2380.32  
49833 $  7024   $  4969591341  $  2328591293     $      396651  $      623848  $      661413  $         791  $       0      $       0      $      97      $           0  $              $2.134162      $396651.000000      $0.039767 $0.042162 $0.000050 $     0.94  $   836.17  
49835 $  8027   $  1149054630  $  6016807938     $    60273803  $   202893562  $   202024145  $       88155  $      31      $       0      $      97      $           0  $              $0.190974      $60273804.000000      $12.933455 $12.878033 $0.005619 $     1.00  $  2291.69  
49833 $  8028   $  5021863111  $  2352863990     $      394362  $      630561  $      666944  $         623  $       0      $       0      $      97      $           0  $              $2.134362      $394362.000000      $0.040195 $0.042514 $0.000040 $     0.95  $  1070.54  
49835 $  9030   $  1016114337  $  5494383439     $    56547945  $   190314051  $   189529684  $       90425  $      31      $       0      $      97      $           0  $              $0.184937      $56547944.000000      $12.143668 $12.093618 $0.005770 $     1.00  $  2095.99  
49833 $  9031   $  5061695593  $  2372621447     $      268970  $      634066  $      675059  $         269  $       0      $       0      $      97      $           0  $              $2.133377      $268970.000000      $0.040459 $0.043075 $0.000017 $     0.94  $  2509.51  
49835 $ 10034   $  1275882117  $  6845838749     $    69004877  $   232096756  $   231091227  $       34226  $      33      $       0      $      97      $           0  $              $0.186373      $69004880.000000      $14.795012 $14.730915 $0.002182 $     1.00  $  6751.92  
49833 $ 10034   $  5034326738  $  2357804446     $      367668  $      631403  $      672956  $         513  $       0      $       0      $      97      $           0  $              $2.135175      $367668.000000      $0.040289 $0.042940 $0.000033 $     0.94  $  1311.81  
49835 $ 11038   $  1178142089  $  6635560033     $    70301649  $   237226667  $   236171197  $       95404  $      33      $       0      $      97      $           0  $              $0.177550      $70301648.000000      $15.122019 $15.054738 $0.006082 $     1.00  $  2475.49  
49833 $ 11038   $  4931805236  $  2310094106     $      397457  $      618406  $      660488  $         721  $       0      $       0      $      97      $           0  $              $2.134894      $397457.000000      $0.039420 $0.042103 $0.000046 $     0.94  $   916.07  
49835 $ 12041   $  1103684691  $  6129811965     $    64368944  $   217053087  $   216076367  $       92446  $      32      $       0      $      97      $           0  $              $0.180052      $64368944.000000      $13.849848 $13.787525 $0.005899 $     1.00  $  2337.33  
49833 $ 12041   $  4929573569  $  2303854225     $      396467  $      618168  $      654569  $         685  $       0      $       0      $      97      $           0  $              $2.139707      $396467.000000      $0.039444 $0.041767 $0.000044 $     0.94  $   955.58  
49833 $ 12909   $  4352162823  $  2033564144     $      200620  $      545847  $      582880  $         243  $       0      $       0      $      97      $           0  $              $2.140165      $200620.000000      $0.040247 $0.042977 $0.000018 $     0.94  $  2398.68  
49835 $ 12909   $   701944622  $  3542324785     $    34093932  $   113178104  $   112782455  $       16763  $      24      $       0      $      97      $           0  $              $0.198159      $34093932.000000      $8.344930 $8.315757 $0.001236 $     1.00  $  6728.06  
49833 $ 13145   $  1173497261  $   550286815     $       52626  $      147527  $      158107  $          34  $       0      $       0      $      97      $           0  $              $2.132519      $52626.000000      $0.040007 $0.042876 $0.000009 $     0.93  $  4650.21  
49833 $ 13147   $     3706960  $     1755878     $           5  $         462  $         478  $           0  $       0      $       0      $      97      $           0  $              $2.111172      $5.000000      $0.014784 $0.015296 $0.000000 $     0.97  $      inf  
49833 $ 14150   $  5033692000  $  2359601180     $      759413  $      631862  $      673577  $        3662  $      33      $       0      $      97      $           0  $              $2.133281      $759413.000000      $0.040318 $0.042980 $0.000234 $     0.94  $   183.94  
49850 $  1003   $  1294931036  $  7112458369     $    72219532  $   248004302  $   246325653  $      609522  $       0      $       0      $      97      $           0  $              $0.182065      $72219536.000000      $15.824801 $15.717689 $0.038893 $     1.01  $   404.13  
49850 $  2006   $  1100042647  $  6078018725     $    63884698  $   214554357  $   213180115  $      103150  $      32      $       0      $      97      $           0  $              $0.180987      $63884696.000000      $13.690408 $13.602719 $0.006582 $     1.01  $  2066.70  
49833 $ 15153   $  4910567077  $  2295580410     $      391804  $      616614  $      653693  $         741  $       0      $       0      $      97      $           0  $              $2.139140      $391804.000000      $0.039345 $0.041711 $0.000047 $     0.94  $   882.18  
49850 $  3009   $  1141680452  $  6122314559     $    62470165  $   210482922  $   209202403  $       96713  $      33      $       0      $      97      $           0  $              $0.186479      $62470164.000000      $13.430615 $13.348907 $0.006171 $     1.01  $  2163.13  
49833 $ 16156   $  5073167865  $  2377805772     $      396596  $      635995  $      673131  $         310  $       0      $       0      $      97      $           0  $              $2.133550      $396596.000000      $0.040582 $0.042952 $0.000020 $     0.94  $  2171.39  
49850 $  4011   $   992338323  $  5375924542     $    55641054  $   186393200  $   185245828  $      581511  $      34      $       0      $      97      $           0  $              $0.184589      $55641056.000000      $11.905354 $11.832068 $0.037142 $     1.01  $   318.56  
49833 $ 17158   $  6982649174  $  4472982171     $      154342  $    18335264  $    23024643  $     7753432  $       0      $       0      $      97      $           0  $              $1.561072      $154342.000000      $1.171115 $1.470636 $0.495229 $     0.80  $     2.97  
49850 $  5013   $  1230645380  $  6549090365     $    67282064  $   220251450  $   218839318  $       73851  $      42      $       0      $      97      $           0  $              $0.187911      $67282064.000000      $14.067957 $13.977760 $0.004717 $     1.01  $  2963.25  
49833 $ 18160   $ 12533827780  $  9227205202     $       83570  $    28851105  $    45111246  $     7863025  $       0      $       0      $      97      $           0  $              $1.358356      $83570.000000      $1.842785 $2.881357 $0.502229 $     0.64  $     5.74  
49850 $  6015   $  1162169105  $  6536931970     $    71059388  $   232665673  $   231202695  $      141697  $      42      $       0      $      97      $           0  $              $0.177785      $71059392.000000      $14.860882 $14.767437 $0.009051 $     1.01  $  1631.67  
49833 $ 19162   $ 12507263432  $  9202531485     $       83553  $    28719635  $    45098223  $     8078069  $       0      $       0      $      97      $           0  $              $1.359111      $83553.000000      $1.834388 $2.880525 $0.515965 $     0.64  $     5.58  
49850 $  7017   $  1084982540  $  6011175741     $    64657014  $   211701371  $   210347073  $      140112  $      42      $       0      $      97      $           0  $              $0.180494      $64657016.000000      $13.521844 $13.435342 $0.008949 $     1.01  $  1501.28  
49833 $ 20164   $ 12583079129  $  9260392703     $       83889  $    28872892  $    45375042  $     8127002  $       0      $       0      $      97      $           0  $              $1.358806      $83889.000000      $1.844177 $2.898206 $0.519090 $     0.64  $     5.58  
49850 $  8019   $  1025431105  $  5592290013     $    59499622  $   193916748  $   192745235  $      134996  $      41      $       0      $      97      $           0  $              $0.183365      $59499624.000000      $12.385900 $12.311072 $0.008622 $     1.01  $  1427.78  
49833 $ 21166   $ 12761108349  $  9390433807     $       84065  $    29290280  $    46018236  $     8241825  $       0      $       0      $      97      $           0  $              $1.358948      $84065.000000      $1.870836 $2.939289 $0.526424 $     0.64  $     5.58  
49850 $  9021   $  1135025347  $  5915456265     $    59720700  $   194729389  $   193544902  $       56197  $      41      $       0      $      97      $           0  $              $0.191875      $59720700.000000      $12.437805 $12.362149 $0.003589 $     1.01  $  3444.04  
49833 $ 22168   $ 12722716928  $  9360346126     $       83346  $    29217402  $    45888446  $     8218011  $       0      $       0      $      97      $           0  $              $1.359214      $83346.000000      $1.866181 $2.930999 $0.524903 $     0.64  $     5.58  
49850 $ 10023   $  1202451265  $  6815354775     $    74226900  $   244229130  $   242623555  $      141501  $      43      $       0      $      97      $           0  $              $0.176433      $74226896.000000      $15.599465 $15.496914 $0.009038 $     1.01  $  1714.64  
49833 $ 23170   $ 12571521631  $  9250816652     $       83718  $    28854971  $    45329427  $     8119600  $       0      $       0      $      97      $           0  $              $1.358963      $83718.000000      $1.843032 $2.895293 $0.518617 $     0.64  $     5.58  
49850 $ 11025   $  1145504309  $  6274292326     $    66766686  $   219410161  $   217962001  $      142946  $      42      $       0      $      97      $           0  $              $0.182571      $66766688.000000      $14.014222 $13.921724 $0.009130 $     1.01  $  1524.79  
49833 $ 24172   $ 12582315741  $  9259689532     $       83362  $    28900311  $    45369806  $     8126111  $       0      $       0      $      97      $           0  $              $1.358827      $83362.000000      $1.845928 $2.897872 $0.519033 $     0.64  $     5.58  
49850 $ 12027   $  1110379487  $  5852333972     $    60371912  $   197507961  $   196302054  $      132829  $      42      $       0      $      97      $           0  $              $0.189733      $60371912.000000      $12.615279 $12.538255 $0.008484 $     1.01  $  1477.86  
49833 $ 25174   $ 12756375774  $  9390418887     $       84189  $    29261689  $    45999138  $     8238541  $       0      $       0      $      97      $           0  $              $1.358446      $84189.000000      $1.869010 $2.938069 $0.526214 $     0.64  $     5.58  
49833 $ 26233   $ 13549500322  $  9971864347     $       88997  $    31099851  $    48859085  $     8750301  $       0      $       0      $      97      $           0  $              $1.358773      $88997.000000      $1.879500 $2.952768 $0.528819 $     0.64  $     5.58  
49850 $ 13086   $   946546547  $  5097931576     $    52962194  $   172215276  $   171201950  $       51400  $      42      $       0      $      97      $           0  $              $0.185673      $52962192.000000      $10.407722 $10.346482 $0.003106 $     1.01  $  3330.78  
49833 $ 26249   $   196044838  $   143907656     $        1162  $      452703  $      707533  $      126706  $       0      $       0      $      97      $           0  $              $1.362296      $1162.000000      $1.810812 $2.830132 $0.506824 $     0.64  $     5.58  
49833 $ 26251   $     2266315  $     1654909     $           1  $        1777  $        1512  $        1500  $       0      $       0      $      97      $           0  $              $1.369450      $1.000000      $0.056864 $0.048384 $0.048000 $     1.18  $     1.01  
49833 $ 27253   $ 12370357466  $  9071684812     $      117261  $    28314616  $    44345197  $     7967339  $      43      $       0      $      97      $           0  $              $1.363623      $117261.000000      $1.808518 $2.832428 $0.508892 $     0.64  $     5.57  
49858 $  1002   $  1252406666  $  6968937283     $    71241846  $   244885722  $   241305208  $      641057  $       0      $       0      $      97      $           0  $              $0.179713      $71241848.000000      $15.641404 $15.412708 $0.040946 $     1.01  $   376.42  
49858 $  2005   $  1170427419  $  6364884710     $    66814978  $   221271926  $   218074563  $      125231  $      42      $       0      $      97      $           0  $              $0.183888      $66814976.000000      $14.119046 $13.915027 $0.007991 $     1.01  $  1741.38  
49833 $ 28256   $ 11968339892  $  8881154349     $       80579  $    27286820  $    42801918  $     7698377  $       0      $       0      $      97      $           0  $              $1.347611      $80579.000000      $1.741133 $2.731129 $0.491222 $     0.64  $     5.56  
49858 $  3007   $  1102802006  $  5937540672     $    61832645  $   204498048  $   201577268  $      119984  $      42      $       0      $      97      $           0  $              $0.185734      $61832644.000000      $13.061751 $12.875195 $0.007664 $     1.01  $  1680.03  
49833 $ 29259   $ 12771115671  $  9399694145     $       84643  $    29305923  $    46053483  $     8247484  $       0      $       0      $      97      $           0  $              $1.358674      $84643.000000      $1.869969 $2.938607 $0.526260 $     0.64  $     5.58  
49858 $  4009   $   988914840  $  5357621206     $    56138631  $   185266418  $   182649727  $      109272  $      41      $       0      $      97      $           0  $              $0.184581      $56138632.000000      $11.833384 $11.666250 $0.006979 $     1.01  $  1671.51  
49833 $ 30261   $ 12781708082  $  9401628892     $       85330  $    29325109  $    46102349  $     8255177  $       0      $       0      $      97      $           0  $              $1.359521      $85330.000000      $1.873061 $2.944661 $0.527277 $     0.64  $     5.58  
49858 $  5011   $  1245509045  $  6649707302     $    68195399  $   223349109  $   220202139  $       49046  $      43      $       0      $      97      $           0  $              $0.187303      $68195400.000000      $14.265811 $14.064808 $0.003133 $     1.01  $  4489.71  
49833 $ 31263   $ 12665457266  $  9320934421     $       84352  $    29038617  $    45674228  $     8179568  $       0      $       0      $      97      $           0  $              $1.358818      $84352.000000      $1.854762 $2.917316 $0.522447 $     0.64  $     5.58  
49858 $  6014   $  1163254337  $  6545302316     $    70695494  $   232709926  $   229374164  $      122726  $      42      $       0      $      97      $           0  $              $0.177724      $70695496.000000      $14.848888 $14.636038 $0.007831 $     1.01  $  1868.99  
49833 $ 32266   $ 12525937731  $  9219365495     $       84895  $    28699322  $    45167456  $     8089039  $       0      $       0      $      97      $           0  $              $1.358655      $84895.000000      $1.831263 $2.882071 $0.516150 $     0.64  $     5.58  
49858 $  7017   $  1085967219  $  6018504152     $    64103346  $   212560375  $   209477236  $      119815  $      42      $       0      $      97      $           0  $              $0.180438      $64103344.000000      $13.563174 $13.366444 $0.007645 $     1.01  $  1748.34  
49833 $ 33269   $ 12590373531  $  9266660081     $       85182  $    28871359  $    45401496  $     8131003  $       0      $       0      $      97      $           0  $              $1.358674      $85182.000000      $1.842240 $2.897005 $0.518828 $     0.64  $     5.58  
49858 $  8019   $  1031470720  $  5613507149     $    59114011  $   194635673  $   191912682  $      115184  $      41      $       0      $      97      $           0  $              $0.183748      $59114012.000000      $12.431820 $12.257896 $0.007357 $     1.01  $  1666.14  
49833 $ 34272   $ 12776107630  $  9401046932     $       85984  $    29307354  $    46077783  $     8250745  $       0      $       0      $      97      $           0  $              $1.359009      $85984.000000      $1.870060 $2.940158 $0.526468 $     0.64  $     5.58  
49858 $  9022   $  1129041735  $  5891548889     $    59162566  $   193857779  $   191150844  $       37833  $      41      $       0      $      97      $           0  $              $0.191638      $59162568.000000      $12.369788 $12.197063 $0.002414 $     1.01  $  5052.49  
49833 $ 35275   $ 12726454559  $  9367096187     $       85282  $    29207509  $    45891808  $     8218729  $       0      $       0      $      97      $           0  $              $1.358634      $85282.000000      $1.863689 $2.928291 $0.524425 $     0.64  $     5.58  
49858 $ 10025   $  1205119080  $  6831203488     $    73883517  $   244888810  $   241315861  $      122521  $      43      $       0      $      97      $           0  $              $0.176414      $73883520.000000      $15.626006 $15.398021 $0.007818 $     1.01  $  1969.59  
49833 $ 36278   $ 12581046917  $  9258070274     $       85071  $    28865898  $    45367183  $     8124870  $       0      $       0      $      97      $           0  $              $1.358928      $85071.000000      $1.841892 $2.894815 $0.518436 $     0.64  $     5.58  
49858 $ 11027   $  1152571142  $  6295136633     $    66507733  $   219044178  $   215907069  $      119203  $      42      $       0      $      97      $           0  $              $0.183089      $66507732.000000      $13.990846 $13.790472 $0.007614 $     1.01  $  1811.26  
49833 $ 37280   $ 12590578469  $  9266233460     $       85306  $    28873240  $    45401924  $     8130532  $       0      $       0      $      97      $           0  $              $1.358759      $85306.000000      $1.844199 $2.899923 $0.519315 $     0.64  $     5.58  
49858 $ 12030   $  1119258933  $  5893190501     $    60199901  $   199191367  $   196348790  $      115106  $      42      $       0      $      97      $           0  $              $0.189924      $60199900.000000      $12.710116 $12.528736 $0.007345 $     1.01  $  1705.81  
49833 $ 38282   $ 12776057043  $  9399952563     $       85416  $    29320752  $    46083797  $     8251537  $       0      $       0      $      97      $           0  $              $1.359162      $85416.000000      $1.872783 $2.943476 $0.527044 $     0.64  $     5.58  
49833 $ 39322   $ 13280776830  $  9772839217     $       88184  $    30472109  $    47893720  $     8575785  $       0      $       0      $      97      $           0  $              $1.358948      $88184.000000      $1.875207 $2.947306 $0.527741 $     0.64  $     5.58  
49858 $ 13070   $   926298471  $  5002544129     $    51847576  $   169171703  $   166845126  $       33814  $      41      $       0      $      97      $           0  $              $0.185165      $51847576.000000      $10.410566 $10.267392 $0.002081 $     1.01  $  4934.20  
49833 $ 39351   $   349863594  $   256734308     $        2243  $      804578  $     1262373  $      225877  $       0      $       0      $      97      $           0  $              $1.362746      $2243.000000      $1.775620 $2.785927 $0.498487 $     0.64  $     5.59  
49833 $ 39353   $     1984652  $     1444404     $           0  $        1707  $        1317  $        1303  $       0      $       0      $      97      $           0  $              $1.374028      $0.000000      $0.054624 $0.042144 $0.041696 $     1.30  $     1.01  
49833 $ 40356   $ 11776713376  $  8740386272     $      198036  $    26772382  $    41925974  $     7546479  $      42      $       0      $      97      $           0  $              $1.347391      $198036.000000      $1.708308 $2.675237 $0.481530 $     0.64  $     5.56  
49864 $  1003   $  1250551154  $  6976614579     $    71930939  $   244787490  $   243620225  $      639112  $       0      $       0      $      97      $           0  $              $0.179249      $71930936.000000      $15.619540 $15.545059 $0.040781 $     1.00  $   381.19  
49864 $  2006   $  1184841219  $  6432553940     $    67619159  $   222209583  $   221176348  $      126080  $      42      $       0      $      97      $           0  $              $0.184195      $67619160.000000      $14.178877 $14.112947 $0.008045 $     1.00  $  1754.25  
49833 $ 41359   $ 12327361665  $  9124398856     $       81911  $    28158996  $    44171674  $     7940842  $       0      $       0      $      97      $           0  $              $1.351033      $81911.000000      $1.796785 $2.818532 $0.506694 $     0.64  $     5.56  
49864 $  3009   $  1093929350  $  5925086880     $    61982748  $   204385570  $   203414908  $      119613  $      42      $       0      $      97      $           0  $              $0.184627      $61982748.000000      $13.041552 $12.979615 $0.007632 $     1.00  $  1700.61  
49833 $ 42362   $ 12762454034  $  9398375559     $       84293  $    29268838  $    46005537  $     8239897  $       0      $       0      $      97      $           0  $              $1.357943      $84293.000000      $1.867603 $2.935548 $0.525776 $     0.64  $     5.58  
49864 $  4011   $   977614158  $  5286997007     $    55515395  $   181757378  $   181004050  $      109276  $      40      $       0      $      97      $           0  $              $0.184909      $55515396.000000      $11.609254 $11.561137 $0.006980 $     1.00  $  1656.39  
49833 $ 43365   $ 12688459842  $  9340490515     $       84656  $    29099961  $    45736723  $     8191803  $       0      $       0      $      97      $           0  $              $1.358436      $84656.000000      $1.856827 $2.918395 $0.522707 $     0.64  $     5.58  
49864 $  5013   $  1249976304  $  6690936188     $    69093744  $   225150247  $   224148006  $       50656  $      43      $       0      $      97      $           0  $              $0.186816      $69093744.000000      $14.380854 $14.316838 $0.003236 $     1.00  $  4424.91  
49833 $ 44368   $ 12645941245  $  9314360279     $       83886  $    28986239  $    45583028  $     8163836  $       0      $       0      $      97      $           0  $              $1.357682      $83886.000000      $1.849571 $2.908588 $0.520923 $     0.64  $     5.58  
49864 $  6016   $  1158570683  $  6521421242     $    70615813  $   231947269  $   230853220  $      122377  $      42      $       0      $      97      $           0  $              $0.177656      $70615816.000000      $14.800224 $14.730414 $0.007809 $     1.00  $  1886.41  
49833 $ 45371   $ 12516172428  $  9216573556     $       84919  $    28707421  $    45114387  $     8080490  $       0      $       0      $      97      $           0  $              $1.358007      $84919.000000      $1.831780 $2.878685 $0.515605 $     0.64  $     5.58  
49864 $  7019   $  1080922059  $  5992634558     $    63939055  $   210804715  $   209796864  $      120994  $      42      $       0      $      97      $           0  $              $0.180375      $63939056.000000      $13.451149 $13.386839 $0.007720 $     1.00  $  1733.94  
49833 $ 46374   $ 12603892842  $  9273963752     $       84359  $    28881112  $    45451505  $     8138813  $       0      $       0      $      97      $           0  $              $1.359062      $84359.000000      $1.842863 $2.900196 $0.519326 $     0.64  $     5.58  
49864 $  8022   $  1005675659  $  5478916578     $    57873807  $   189607739  $   188784605  $      112507  $      41      $       0      $      97      $           0  $              $0.183554      $57873808.000000      $12.098599 $12.046077 $0.007179 $     1.00  $  1677.98  
49833 $ 47377   $ 12651446248  $  9313663591     $       85177  $    29011063  $    45602033  $     8167579  $       0      $       0      $      97      $           0  $              $1.358375      $85177.000000      $1.851155 $2.909801 $0.521162 $     0.64  $     5.58  
49864 $  9025   $  1158172914  $  6064077940     $    61436385  $   199403845  $   198592211  $       42888  $      42      $       0      $      97      $           0  $              $0.190989      $61436384.000000      $12.723675 $12.671885 $0.002737 $     1.00  $  4630.48  
49833 $ 48380   $ 12700682515  $  9353983433     $       85268  $    29111978  $    45781207  $     8199007  $       0      $       0      $      97      $           0  $              $1.357783      $85268.000000      $1.857594 $2.921234 $0.523167 $     0.64  $     5.58  
49864 $ 10028   $  1193206415  $  6758347924     $    73742948  $   240704022  $   239637017  $      122195  $      43      $       0      $      97      $           0  $              $0.176553      $73742944.000000      $15.358980 $15.290896 $0.007797 $     1.00  $  1961.10  
49833 $ 49383   $ 12561240957  $  9249134307     $       84715  $    28784971  $    45281408  $     8110137  $       0      $       0      $      97      $           0  $              $1.358099      $84715.000000      $1.836728 $2.889342 $0.517496 $     0.64  $     5.58  
49864 $ 11031   $  1120061745  $  6217625882     $    66459113  $   218907868  $   217881865  $      120407  $      42      $       0      $      97      $           0  $              $0.180143      $66459112.000000      $13.968199 $13.902732 $0.007683 $     1.00  $  1809.54  
49833 $ 50386   $ 12588740128  $  9268491648     $       85234  $    28838446  $    45382116  $     8127101  $       0      $       0      $      97      $           0  $              $1.358230      $85234.000000      $1.840140 $2.895768 $0.518579 $     0.64  $     5.58  
49864 $ 12034   $  1100527722  $  5794481688     $    59390563  $   194991909  $   194122081  $      113806  $      42      $       0      $      97      $           0  $              $0.189927      $59390564.000000      $12.442156 $12.386653 $0.007262 $     1.00  $  1705.73  
49833 $ 51389   $ 12766488756  $  9401087640     $       84536  $    29265806  $    46025790  $     8242185  $       0      $       0      $      97      $           0  $              $1.357980      $84536.000000      $1.867409 $2.936840 $0.525922 $     0.64  $     5.58  
49864 $ 13037   $   994405213  $  5326695911     $    54869898  $   178420385  $   177710655  $       35446  $      40      $       0      $      97      $           0  $              $0.186683      $54869896.000000      $11.384750 $11.339463 $0.002262 $     1.00  $  5013.56  
49833 $ 52392   $ 12768156096  $  9402623019     $       84722  $    29266570  $    46030653  $     8242885  $       0      $       0      $      97      $           0  $              $1.357936      $84722.000000      $1.867458 $2.937150 $0.525967 $     0.64  $     5.58  
49833 $ 52502   $  1408308417  $  1034023939     $        8960  $     3233986  $     5081710  $      909493  $       0      $       0      $      97      $           0  $              $1.361969      $8960.000000      $1.881592 $2.956631 $0.529160 $     0.64  $     5.59  
49864 $ 13147   $     4621865  $    25096177     $      278840  $      823012  $      821258  $         336  $       3      $       0      $      97      $           0  $              $0.184166      $278840.000000      $0.478843 $0.477823 $0.000195 $     1.00  $  2444.22  
49833 $ 53493   $ 12887205753  $  9486838189     $       82303  $    29556081  $    46457840  $     8318716  $       0      $       0      $      97      $           0  $              $1.358430      $82303.000000      $1.908768 $3.000304 $0.537233 $     0.64  $     5.58  
49833 $ 53494   $     1913674  $     1393964     $           0  $        1628  $        1288  $        1282  $       0      $       0      $      97      $           0  $              $1.372829      $0.000000      $0.104192 $0.082432 $0.082048 $     1.26  $     1.00  
49833 $ 54496   $ 12462351830  $  9119760874     $       85344  $    28556794  $    44734020  $     8033619  $      43      $       0      $      97      $           0  $              $1.366522      $85344.000000      $1.823987 $2.857263 $0.513125 $     0.64  $     5.57  
49869 $  1002   $  1238133288  $  6930549054     $    70840760  $   245643679  $   241892315  $      638777  $       0      $       0      $      97      $           0  $              $0.178649      $70840760.000000      $15.689816 $15.450208 $0.040800 $     1.02  $   378.68  
49869 $  2005   $  1179385860  $  6395496541     $    66853320  $   221390810  $   218150108  $      125728  $      42      $       0      $      97      $           0  $              $0.184409      $66853320.000000      $14.126633 $13.919847 $0.008023 $     1.01  $  1735.10  
49833 $ 55499   $ 12406148983  $  9182355190     $       81428  $    28325795  $    44475808  $     7991376  $       0      $       0      $      97      $           0  $              $1.351086      $81428.000000      $1.807429 $2.837938 $0.509918 $     0.64  $     5.57  
49869 $  3007   $  1102258462  $  5930872480     $    61507997  $   204101701  $   201113017  $      118637  $      42      $       0      $      97      $           0  $              $0.185851      $61507996.000000      $13.036436 $12.845543 $0.007578 $     1.01  $  1695.20  
49833 $ 56502   $ 12767378862  $  9401038875     $       84534  $    29307753  $    46027058  $     8243071  $       0      $       0      $      97      $           0  $              $1.358082      $84534.000000      $1.870086 $2.936921 $0.525979 $     0.64  $     5.58  
49869 $  4009   $   984436486  $  5333653065     $    55801506  $   184234799  $   181579365  $      107882  $      41      $       0      $      97      $           0  $              $0.184571      $55801504.000000      $11.767492 $11.597883 $0.006891 $     1.01  $  1683.13  
49833 $ 57504   $ 12771923976  $  9404444590     $       84593  $    29324278  $    46045069  $     8245641  $       0      $       0      $      97      $           0  $              $1.358073      $84593.000000      $1.873008 $2.941002 $0.526668 $     0.64  $     5.58  
49869 $  5011   $  1252581936  $  6705555830     $    69012905  $   225999050  $   222688535  $       49446  $      43      $       0      $      97      $           0  $              $0.186798      $69012904.000000      $14.435069 $14.223619 $0.003158 $     1.01  $  4503.67  
49833 $ 58506   $ 12655627321  $  9317448386     $       84342  $    29054792  $    45626747  $     8171795  $       0      $       0      $      97      $           0  $              $1.358272      $84342.000000      $1.855795 $2.914283 $0.521951 $     0.64  $     5.58  
49869 $  6014   $  1157295749  $  6512428849     $    70005847  $   232826719  $   229337020  $      120395  $      42      $       0      $      97      $           0  $              $0.177706      $70005848.000000      $14.856341 $14.633669 $0.007682 $     1.02  $  1904.87  
49833 $ 59509   $ 12504394110  $  9205612015     $       82837  $    28712459  $    45077342  $     8073981  $       0      $       0      $      97      $           0  $              $1.358345      $82837.000000      $1.832101 $2.876321 $0.515189 $     0.64  $     5.58  
49869 $  7017   $  1080191865  $  5984708902     $    63574161  $   211106129  $   207991315  $      116776  $      42      $       0      $      97      $           0  $              $0.180492      $63574160.000000      $13.470381 $13.271629 $0.007451 $     1.01  $  1781.11  
49833 $ 60512   $ 12586468733  $  9265687668     $       83566  $    28870785  $    45372770  $     8126596  $       0      $       0      $      97      $           0  $              $1.358395      $83566.000000      $1.842204 $2.895172 $0.518547 $     0.64  $     5.58  
49869 $  8019   $  1018278610  $  5566730951     $    58612682  $   194127479  $   191255792  $      111173  $      41      $       0      $      97      $           0  $              $0.182922      $58612680.000000      $12.399360 $12.215939 $0.007101 $     1.02  $  1720.34  
49833 $ 61515   $ 12766924064  $  9400376349     $       83162  $    29267675  $    46025093  $     8242327  $       0      $       0      $      97      $           0  $              $1.358129      $83162.000000      $1.867529 $2.936795 $0.525931 $     0.64  $     5.58  
49869 $  9022   $  1150745351  $  6012133994     $    60322146  $   198133688  $   195254793  $       39364  $      42      $       0      $      97      $           0  $              $0.191404      $60322144.000000      $12.642629 $12.458930 $0.002512 $     1.01  $  4960.24  
49833 $ 62518   $ 12708674373  $  9359438748     $       84141  $    29167642  $    45808438  $     8204426  $       0      $       0      $      97      $           0  $              $1.357846      $84141.000000      $1.861146 $2.922971 $0.523513 $     0.64  $     5.58  
49869 $ 10025   $  1194074774  $  6762684349     $    73360098  $   242166525  $   238586468  $      122437  $      43      $       0      $      97      $           0  $              $0.176568      $73360096.000000      $15.452301 $15.223862 $0.007813 $     1.02  $  1948.65  
49833 $ 63521   $ 12524517211  $  9214407426     $       83385  $    28762298  $    45168457  $     8088513  $       0      $       0      $      97      $           0  $              $1.359232      $83385.000000      $1.835281 $2.882135 $0.516116 $     0.64  $     5.58  
49869 $ 11028   $  1126539604  $  6232851270     $    66050424  $   219890712  $   216632387  $      118183  $      42      $       0      $      97      $           0  $              $0.180742      $66050424.000000      $14.030913 $13.823004 $0.007541 $     1.02  $  1833.02  
49833 $ 64524   $ 12583697398  $  9267058605     $       83990  $    28879298  $    45362464  $     8124565  $       0      $       0      $      97      $           0  $              $1.357895      $83990.000000      $1.842747 $2.894514 $0.518417 $     0.64  $     5.58  
49869 $ 12031   $  1103447517  $  5812805838     $    59417088  $   195714850  $   192892844  $      112365  $      42      $       0      $      97      $           0  $              $0.189830      $59417088.000000      $12.488285 $12.308218 $0.007170 $     1.01  $  1716.66  
49833 $ 65526   $ 12762419477  $  9399617745     $       83568  $    29257974  $    46007687  $     8239851  $       0      $       0      $      97      $           0  $              $1.357759      $83568.000000      $1.868773 $2.938615 $0.526298 $     0.64  $     5.58  
49869 $ 13034   $   983600479  $  5281546760     $    54075438  $   177991086  $   175405676  $       34102  $      40      $       0      $      97      $           0  $              $0.186233      $54075440.000000      $11.357358 $11.192387 $0.002176 $     1.01  $  5143.56  
49833 $ 66529   $ 12768066531  $  9404816578     $       83873  $    29296882  $    46025713  $     8242954  $       0      $       0      $      97      $           0  $              $1.357609      $83873.000000      $1.869392 $2.936835 $0.525971 $     0.64  $     5.58  
49833 $ 66604   $   953753925  $   700598096     $        5972  $     2191341  $     3442087  $      616111  $       0      $       0      $      97      $           0  $              $1.361342      $5972.000000      $1.869944 $2.937248 $0.525748 $     0.64  $     5.59  
49869 $ 13109   $     2041605  $     7498011     $      100720  $      131380  $      130807  $         151  $       2      $       0      $      97      $           0  $              $0.272286      $100720.000000      $0.112111 $0.111622 $0.000129 $     1.00  $   866.27  
49833 $ 67604   $ 12995140189  $  9563002643     $       82997  $    29867122  $    46844127  $     8388563  $       0      $       0      $      97      $           0  $              $1.358897      $82997.000000      $1.911496 $2.998024 $0.536868 $     0.64  $     5.58  
49833 $ 67606   $     1527422  $     1130694     $           0  $        1205  $        1020  $         999  $       0      $       0      $      97      $           0  $              $1.350871      $0.000000      $0.038560 $0.032640 $0.031968 $     1.18  $     1.02  
49833 $ 68609   $ 12567793085  $  9192911621     $       84395  $    28841530  $    45135887  $     8104739  $      43      $       0      $      97      $           0  $              $1.367118      $84395.000000      $1.840337 $2.880057 $0.517152 $     0.64  $     5.57  
49874 $  1003   $  1249026325  $  6976488698     $    71461620  $   246245503  $   244817473  $      637165  $       0      $       0      $      65      $           0  $              $0.179034      $71461616.000000      $15.712575 $15.621454 $0.040657 $     1.01  $   384.23  
49874 $  2005   $  1184024056  $  6425841395     $    67242824  $   222808818  $   221656485  $      122293  $      42      $       0      $      65      $           0  $              $0.184260      $67242824.000000      $14.231301 $14.157700 $0.007811 $     1.01  $  1812.50  
49833 $ 69611   $ 12343850504  $  9117788008     $       82771  $    28212422  $    44315099  $     7956878  $       0      $       0      $      97      $           0  $              $1.353821      $82771.000000      $1.801991 $2.830505 $0.508224 $     0.64  $     5.57  
49874 $  3007   $  1096833364  $  5936433709     $    61699053  $   205577887  $   204509978  $      116888  $      41      $       0      $      65      $           0  $              $0.184763      $61699052.000000      $13.130723 $13.062514 $0.007466 $     1.01  $  1749.62  
49833 $ 70613   $ 11696772935  $  9156568227     $      110176  $    26081311  $    41021021  $     7346707  $       0      $       0      $      97      $           0  $              $1.277419      $110176.000000      $1.665872 $2.620105 $0.469251 $     0.64  $     5.58  
49874 $  4009   $  1043904710  $  5725852422     $    59521130  $   201282590  $   200255292  $       84920  $      31      $       0      $      65      $           0  $              $0.182314      $59521128.000000      $12.856373 $12.790757 $0.005424 $     1.01  $  2358.16  
49833 $ 71616   $  4103020519  $  2616808223     $      191026  $      515861  $      554916  $       81319  $       0      $       0      $      97      $           0  $              $1.567949      $191026.000000      $0.032916 $0.035408 $0.005189 $     0.93  $     6.82  
49874 $  5012   $  1208112977  $  6388760440     $    64125996  $   214102924  $   213074608  $       28308  $      33      $       0      $      65      $           0  $              $0.189100      $64125996.000000      $13.661603 $13.595987 $0.001806 $     1.00  $  7527.01  
49833 $ 72619   $  3965701287  $  2350167334     $      233720  $      514848  $      553264  $       79943  $       0      $       0      $      97      $           0  $              $1.687412      $233720.000000      $0.032852 $0.035303 $0.005101 $     0.93  $     6.92  
49874 $  6015   $  1198988597  $  6783197811     $    72108305  $   243960130  $   242661841  $       86638  $      33      $       0      $      65      $           0  $              $0.176759      $72108304.000000      $15.566748 $15.483906 $0.005528 $     1.01  $  2800.87  
49833 $ 73622   $  3909552204  $  2317023376     $      302827  $      507526  $      545019  $       78820  $       0      $       0      $      97      $           0  $              $1.687317      $302827.000000      $0.032385 $0.034777 $0.005029 $     0.93  $     6.91  
49874 $  7019   $  1229528268  $  6667321392     $    68618878  $   231297556  $   230183696  $       84945  $      32      $       0      $      65      $           0  $              $0.184411      $68618880.000000      $14.744067 $14.673064 $0.005415 $     1.00  $  2709.80  
49833 $ 74625   $  4103485062  $  2431950723     $      301782  $      532769  $      573307  $       83033  $       0      $       0      $      97      $           0  $              $1.687322      $301782.000000      $0.033995 $0.036582 $0.005298 $     0.93  $     6.90  
49874 $  8022   $  1119272467  $  5949567621     $    60364104  $   203435511  $   202440904  $       79672  $      32      $       0      $      65      $           0  $              $0.188127      $60364104.000000      $12.980929 $12.917465 $0.005084 $     1.00  $  2540.93  
49833 $ 75628   $  3920726024  $  2323240804     $      304252  $      509562  $      551050  $       79243  $       0      $       0      $      97      $           0  $              $1.687611      $304252.000000      $0.032514 $0.035162 $0.005056 $     0.92  $     6.95  
49874 $  9025   $   985146124  $  5324465876     $    55043037  $   184177291  $   183357428  $       84076  $      31      $       0      $      65      $           0  $              $0.185023      $55043036.000000      $11.752090 $11.699776 $0.005365 $     1.00  $  2180.85  
49833 $ 76631   $  3919732085  $  2322850505     $      161011  $      509198  $      546728  $       79014  $       0      $       0      $      97      $           0  $              $1.687466      $161011.000000      $0.032491 $0.034886 $0.005042 $     0.93  $     6.92  
49874 $ 10028   $  1269793207  $  6808940104     $    69104800  $   231124661  $   229989275  $       27566  $      33      $       0      $      65      $           0  $              $0.186489      $69104800.000000      $14.747735 $14.675288 $0.001759 $     1.00  $  8343.22  
49833 $ 77634   $  3947305549  $  2339064613     $      267881  $      512474  $      551734  $       79528  $       0      $       0      $      97      $           0  $              $1.687557      $267881.000000      $0.032700 $0.035205 $0.005075 $     0.93  $     6.94  
49874 $ 11031   $  1203121584  $  6809326494     $    72610311  $   243831610  $   242680466  $       86450  $      32      $       0      $      65      $           0  $              $0.176687      $72610312.000000      $15.558548 $15.485094 $0.005516 $     1.00  $  2807.18  
49833 $ 78637   $  3294677326  $  1952739942     $      320874  $      427751  $      459283  $       66620  $       0      $       0      $      97      $           0  $              $1.687207      $320874.000000      $0.027294 $0.029306 $0.004251 $     0.93  $     6.89  
49874 $ 12034   $  1116291494  $  6216106502     $    65548687  $   220414956  $   219396095  $       57458  $      30      $       0      $      65      $           0  $              $0.179580      $65548688.000000      $14.064364 $13.999352 $0.003666 $     1.00  $  3818.37  
49833 $ 79640   $           0  $           0     $      790406  $           0  $           0  $           0  $       0      $       0      $      97      $           0  $              $-nan      $790406.000000      $0.000000 $0.000000 $0.000000 $     0.00  $     0.00  
49833 $ 80613   $       15039  $      314123     $      666189  $         780  $        1696  $         344  $       0      $       0      $      97      $           0  $              $0.047876      $666189.000000      $0.000051 $0.000112 $0.000023 $     0.46  $     4.93  
49874 $ 13007   $   665830764  $  3302621171     $    31332868  $   103578618  $   103210043  $        1136  $      22      $       0      $      65      $           0  $              $0.201607      $31332868.000000      $6.812982 $6.788739 $0.000075 $     1.00  $ 90853.91  
49833 $ 80615   $           0  $           0     $           0  $           0  $           0  $           0  $       0      $       0      $      97      $           0  $              $-nan      $0.000000      $0.000000 $0.000000 $0.000000 $     0.00  $     0.00  
49879 $  1003   $  1278466155  $  7051568983     $    72853926  $   246985758  $   245803540  $      601795  $      30      $       0      $      65      $           0  $              $0.181302      $72853928.000000      $15.759809 $15.684373 $0.038400 $     1.00  $   408.45  
