PID   $time     $Instr Ret     $Unh Clk Cycles   $l2 trans reqs $l1lines       $l2lines       $Per Core bw   $Power         $Power2        $Power3        $bandwidth     $              $IPC           $MEM INTENSIITY$L2->L1 BW (MB)$L3->L2 BW (MB)$MM->L3 BW (MB)$L2 REUSE      $L3 REUSE      
51335 $  1003   $  3627072364  $  7835093486     $      110012  $    40153930  $    36601729  $    30436263  $      44      $       0      $      97      $           0  $              $0.462926      $110012.000000      $2.562165 $2.335504 $1.942095 $     1.10  $     1.20  
51333 $  1003   $ 14585226456  $  8772636393     $       81573  $  1837923015  $     6475324  $     5120789  $       0      $       0      $      97      $           0  $              $1.662582      $81573.000000      $117.275253 $0.413181 $0.326750 $   283.83  $     1.26  
51335 $  2006   $  4237059907  $  9070351473     $       32995  $    47336390  $    43165023  $    35683432  $      47      $       0      $      97      $           0  $              $0.467133      $32995.000000      $3.020468 $2.754299 $2.276909 $     1.10  $     1.21  
51333 $  2006   $ 15139590833  $  9098879413     $       74245  $  1907484745  $     6405640  $     5228543  $       0      $       0      $      97      $           0  $              $1.663896      $74245.000000      $121.713882 $0.408735 $0.333626 $   297.78  $     1.23  
51335 $  3008   $  4240678467  $  9068254088     $       33113  $    47373619  $    43198885  $    35717242  $      47      $       0      $      97      $           0  $              $0.467640      $33113.000000      $3.025860 $2.759210 $2.281341 $     1.10  $     1.21  
51333 $  3008   $ 15166411701  $  9096071240     $       74659  $  1911870476  $     6403432  $     5228801  $       0      $       0      $      97      $           0  $              $1.667359      $74659.000000      $122.115479 $0.409002 $0.333975 $   298.57  $     1.22  
51335 $  4010   $  4191034127  $  9075250166     $       32512  $    45580728  $    41730284  $    34830209  $      47      $       0      $      97      $           0  $              $0.461809      $32512.000000      $2.911344 $2.665407 $2.224684 $     1.09  $     1.20  
51333 $  4010   $ 15168470988  $  9096687649     $       75132  $  1912158124  $     6409236  $     5230161  $       0      $       0      $      97      $           0  $              $1.667472      $75132.000000      $122.133850 $0.409372 $0.334062 $   298.34  $     1.23  
51335 $  5012   $  4235437583  $  9067852464     $       33883  $    47369058  $    43187767  $    35685553  $      47      $       0      $      97      $           0  $              $0.467083      $33883.000000      $3.025568 $2.758500 $2.279317 $     1.10  $     1.21  
51333 $  5012   $ 15185448991  $  9102761167     $       70488  $  1918105484  $     6077429  $     5010786  $       0      $       0      $      97      $           0  $              $1.668224      $70488.000000      $122.513725 $0.388179 $0.320050 $   315.61  $     1.21  
51335 $  6014   $  4240077177  $  9067224474     $       33115  $    47351193  $    43159113  $    35710328  $      47      $       0      $      97      $           0  $              $0.467627      $33115.000000      $3.024427 $2.756670 $2.280899 $     1.10  $     1.21  
51333 $  6014   $ 15166992486  $  9094710280     $       74974  $  1911961583  $     6399610  $     5231829  $       0      $       0      $      97      $           0  $              $1.667672      $74974.000000      $122.121300 $0.408758 $0.334169 $   298.76  $     1.22  
51335 $  7017   $  4185431616  $  9073135781     $       32546  $    45569065  $    41738294  $    34790766  $      47      $       0      $      97      $           0  $              $0.461299      $32546.000000      $2.907697 $2.663261 $2.219949 $     1.09  $     1.20  
51333 $  7016   $ 15140343972  $  9095118837     $       75106  $  1907793603  $     6418328  $     5228827  $       0      $       0      $      97      $           0  $              $1.664667      $75106.000000      $121.855087 $0.409953 $0.333977 $   297.24  $     1.23  
51333 $  7895   $ 13419172988  $  8039864138     $       65885  $  1692544663  $     5596875  $     4580951  $       0      $       0      $      97      $           0  $              $1.669080      $65885.000000      $123.234192 $0.407509 $0.333539 $   302.41  $     1.22  
51335 $  7896   $  3378742579  $  7164899313     $       94834  $    38240724  $    34755565  $    28576562  $      40      $       0      $      97      $           0  $              $0.471569      $94834.000000      $2.784307 $2.530553 $2.080660 $     1.10  $     1.22  
51333 $  8103   $  3133449605  $  1879037803     $       16704  $   392798424  $     1514174  $     1006960  $       0      $       0      $      97      $           0  $              $1.667582      $16704.000000      $120.861053 $0.465900 $0.309834 $   259.41  $     1.50  
51333 $  8106   $     2417486  $     1441649     $           6  $      310221  $         642  $         517  $       0      $       0      $      97      $           0  $              $1.676889      $6.000000      $6.618048 $0.013696 $0.011029 $   483.21  $     1.24  
51333 $  9109   $ 14542358915  $  8753095057     $      105853  $  1832853629  $     5808318  $     4842033  $      45      $       0      $      97      $           0  $              $1.661396      $105853.000000      $116.951775 $0.370620 $0.308963 $   315.56  $     1.20  
51353 $  1003   $  3647633908  $  7885295553     $       61173  $    40175928  $    36542505  $    30598775  $       0      $       0      $      97      $           0  $              $0.462587      $61173.000000      $2.563569 $2.331725 $1.952464 $     1.10  $     1.19  
51353 $  2006   $  4203834552  $  8984345474     $       33263  $    46881157  $    42590880  $    35407981  $      46      $       0      $      97      $           0  $              $0.467907      $33263.000000      $2.991420 $2.717663 $2.259333 $     1.10  $     1.20  
51333 $ 10112   $ 14605602014  $  8804699601     $       77169  $  1837271669  $     6264094  $     5098933  $       0      $       0      $      97      $           0  $              $1.658842      $77169.000000      $117.233688 $0.399703 $0.325356 $   293.30  $     1.23  
51353 $  3009   $  4227399992  $  9066603263     $       33571  $    46583691  $    42532626  $    35443689  $      47      $       0      $      97      $           0  $              $0.466261      $33571.000000      $2.972439 $2.713946 $2.261611 $     1.10  $     1.20  
51333 $ 11115   $ 15176412080  $  9097682654     $       73920  $  1913174205  $     6383326  $     5228840  $       0      $       0      $      97      $           0  $              $1.668162      $73920.000000      $122.076912 $0.407311 $0.333645 $   299.71  $     1.22  
51353 $  4011   $  4190686714  $  9072458221     $       32661  $    45675900  $    41649763  $    34938505  $      47      $       0      $      97      $           0  $              $0.461913      $32661.000000      $2.917423 $2.660264 $2.231601 $     1.10  $     1.19  
51333 $ 12117   $ 15186905111  $  9102283355     $       72842  $  1918182804  $     6064320  $     5006798  $       0      $       0      $      97      $           0  $              $1.668472      $72842.000000      $122.518661 $0.387342 $0.319795 $   316.31  $     1.21  
51353 $  5013   $  4240360080  $  9066020050     $       33599  $    47206189  $    42914178  $    35740472  $      47      $       0      $      97      $           0  $              $0.467720      $33599.000000      $3.015166 $2.741025 $2.282825 $     1.10  $     1.20  
51333 $ 13119   $ 15176402167  $  9096349935     $       74117  $  1913458056  $     6356297  $     5186983  $       0      $       0      $      97      $           0  $              $1.668406      $74117.000000      $122.216881 $0.405991 $0.331304 $   301.03  $     1.23  
51353 $  6015   $  4238813758  $  9063081055     $       33642  $    47175341  $    42869426  $    35725967  $      47      $       0      $      97      $           0  $              $0.467701      $33642.000000      $3.013195 $2.738167 $2.281898 $     1.10  $     1.20  
51333 $ 14121   $ 15167537600  $  9094534783     $       74987  $  1911949115  $     6390892  $     5227917  $       0      $       0      $      97      $           0  $              $1.667764      $74987.000000      $122.120499 $0.408201 $0.333919 $   299.17  $     1.22  
51353 $  6648   $  2647321775  $  5728304997     $       21004  $    28768550  $    26263525  $    22049833  $      30      $       0      $      97      $           0  $              $0.462148      $21004.000000      $2.908669 $2.655396 $2.229367 $     1.10  $     1.19  
51333 $ 14754   $  9526993299  $  5723448702     $       55999  $  1201569632  $     3880243  $     3191575  $       0      $       0      $      97      $           0  $              $1.664555      $55999.000000      $121.485718 $0.392315 $0.322687 $   309.66  $     1.22  
