PID   $time     $Instr Ret     $Unh Clk Cycles   $l2 trans reqs $l1lines       $l2lines       $Per Core bw   $Power         $Power2        $Power3        $bandwidth     $              $IPC           $MEM INTENSIITY$L2->L1 BW (MB)$L3->L2 BW (MB)$MM->L3 BW (MB)$L2 REUSE      $L3 REUSE      
60897 $  1003   $  4168265569  $  2073719970     $      596731  $      566198  $      714892  $      375066  $      36      $       0      $      97      $           0  $              $2.010043      $596731.000000      $0.036128 $0.045616 $0.023932 $     0.79  $     1.91  
60895 $  1004   $  5217854632  $  8830247726     $     5921472  $   230977166  $   153621737  $   149912133  $       0      $       0      $      97      $           0  $              $0.590907      $5921472.000000      $14.723644 $9.792621 $9.556151 $     1.50  $     1.02  
60897 $  2006   $  4269678677  $  2130137085     $      593977  $      581715  $      740273  $      403094  $      37      $       0      $      97      $           0  $              $2.004415      $593977.000000      $0.037118 $0.047236 $0.025721 $     0.79  $     1.84  
60895 $  2007   $  5440051297  $  9134795773     $     6393566  $   248011647  $   165293959  $   161363398  $       0      $       0      $      97      $           0  $              $0.595531      $6393566.000000      $15.825270 $10.547172 $10.296368 $     1.50  $     1.02  
60897 $  3009   $  4331793538  $  2160430449     $      593983  $      589279  $      748892  $      409655  $      37      $       0      $      97      $           0  $              $2.005060      $593983.000000      $0.037601 $0.047786 $0.026140 $     0.79  $     1.83  
60895 $  3010   $  5447545314  $  9278536950     $     6424456  $   248367003  $   165667941  $   161735627  $       0      $       0      $      97      $           0  $              $0.587113      $6424456.000000      $15.847944 $10.571034 $10.320120 $     1.50  $     1.02  
60897 $  4012   $  4272518981  $  2129913609     $      597147  $      581513  $      741281  $      404055  $      37      $       0      $      97      $           0  $              $2.005959      $597147.000000      $0.037106 $0.047300 $0.025782 $     0.78  $     1.83  
60895 $  4013   $  5442639387  $  9134098742     $     6387828  $   248136808  $   165289530  $   161359301  $       0      $       0      $      97      $           0  $              $0.595860      $6387828.000000      $15.833256 $10.546889 $10.296106 $     1.50  $     1.02  
60897 $  5015   $  4268115531  $  2129352828     $      596051  $      581054  $      737192  $      402979  $      38      $       0      $      97      $           0  $              $2.004419      $596051.000000      $0.037076 $0.047039 $0.025714 $     0.79  $     1.83  
60895 $  5016   $  5423079885  $  9134590699     $     6377678  $   246465808  $   164521099  $   160604322  $       0      $       0      $      97      $           0  $              $0.593686      $6377678.000000      $15.726632 $10.497857 $10.247932 $     1.50  $     1.02  
60897 $  6018   $  4278203931  $  2131879319     $      591277  $      581967  $      739278  $      399481  $      37      $       0      $      97      $           0  $              $2.006776      $591277.000000      $0.037134 $0.047172 $0.025490 $     0.79  $     1.85  
60895 $  6019   $  5417266763  $  9134844060     $     6314794  $   245157957  $   163459120  $   159555571  $       0      $       0      $      97      $           0  $              $0.593033      $6314794.000000      $15.643179 $10.430094 $10.181013 $     1.50  $     1.02  
60897 $  7020   $  4343123087  $  2163935354     $      593257  $      590547  $      748237  $      405404  $      37      $       0      $      97      $           0  $              $2.007049      $593257.000000      $0.037720 $0.047792 $0.025894 $     0.79  $     1.85  
60895 $  7021   $  5429267765  $  9283239497     $     6306413  $   245239215  $   163568035  $   159675441  $       0      $       0      $      97      $           0  $              $0.584846      $6306413.000000      $15.663981 $10.447459 $10.198831 $     1.50  $     1.02  
60897 $  8023   $  4275026655  $  2131227564     $      593948  $      582052  $      739875  $      402447  $      37      $       0      $      97      $           0  $              $2.005899      $593948.000000      $0.037140 $0.047210 $0.025680 $     0.79  $     1.84  
60895 $  8024   $  5436678568  $  9135018534     $     6323973  $   247127240  $   164426972  $   160495686  $       0      $       0      $      97      $           0  $              $0.595147      $6323973.000000      $15.768836 $10.491851 $10.241000 $     1.50  $     1.02  
60897 $  9026   $  4270586000  $  2129915548     $      594790  $      581230  $      741675  $      404252  $      38      $       0      $      97      $           0  $              $2.005049      $594790.000000      $0.037087 $0.047325 $0.025795 $     0.78  $     1.83  
60895 $  9027   $  5439850815  $  9134194879     $     6394248  $   247999302  $   165283852  $   161348719  $       0      $       0      $      97      $           0  $              $0.595548      $6394248.000000      $15.824482 $10.546527 $10.295432 $     1.50  $     1.02  
60897 $ 10029   $  4409577640  $  2202182127     $      468857  $      598895  $      760406  $      415715  $      39      $       0      $      97      $           0  $              $2.002367      $468857.000000      $0.038215 $0.048520 $0.026526 $     0.79  $     1.83  
60895 $ 10030   $  5460073419  $  9469277724     $     6404693  $   248938788  $   165836405  $   161906707  $       0      $       0      $      97      $           0  $              $0.576609      $6404693.000000      $15.884429 $10.581784 $10.331036 $     1.50  $     1.02  
60897 $ 11032   $  4380308482  $  2189676370     $      287235  $      594603  $      757242  $      413409  $      38      $       0      $      97      $           0  $              $2.000437      $287235.000000      $0.037941 $0.048319 $0.026379 $     0.79  $     1.83  
60895 $ 11033   $  5460968075  $  9411055461     $     6446108  $   249030649  $   166081250  $   162157047  $       0      $       0      $      97      $           0  $              $0.580272      $6446108.000000      $15.890291 $10.597407 $10.347010 $     1.50  $     1.02  
60897 $ 12035   $  4252510907  $  2129009168     $      121718  $      578299  $      738739  $      401400  $      37      $       0      $      97      $           0  $              $1.997413      $121718.000000      $0.036900 $0.047138 $0.025613 $     0.78  $     1.84  
60895 $ 12037   $  5449688833  $  9134442620     $     6392897  $   248499118  $   165499638  $   161581576  $       0      $       0      $      97      $           0  $              $0.596609      $6392897.000000      $15.840581 $10.549777 $10.300020 $     1.50  $     1.02  
60897 $ 12490   $  1974357231  $   980565726     $       80829  $      267348  $      336288  $      166714  $      16      $       0      $      97      $           0  $              $2.013488      $80829.000000      $0.037605 $0.047302 $0.023450 $     0.79  $     2.02  
60895 $ 12492   $  2179102747  $  3594248536     $     2716341  $   102172308  $    68049807  $    66465261  $       0      $       0      $      97      $           0  $              $0.606275      $2716341.000000      $14.371489 $9.571841 $9.348960 $     1.50  $     1.02  
60897 $ 13096   $  3109345984  $  1457029529     $      439380  $      393869  $      412594  $         118  $      13      $       0      $      97      $           0  $              $2.134031      $439380.000000      $0.041597 $0.043574 $0.000012 $     0.95  $  3496.56  
60897 $ 13098   $     3540917  $     1674388     $           3  $         447  $         469  $           0  $       0      $       0      $      97      $           0  $              $2.114753      $3.000000      $0.014304 $0.015008 $0.000000 $     0.95  $      inf  
60897 $ 14100   $  4291620803  $  2138032471     $      595445  $      579684  $      744877  $      380759  $      37      $       0      $      97      $           0  $              $2.007276      $595445.000000      $0.037026 $0.047577 $0.024320 $     0.78  $     1.96  
60912 $  1002   $  5269908570  $  8919692011     $     5987811  $   233889550  $   155463939  $   151769746  $       0      $       0      $      97      $           0  $              $0.590817      $5987811.000000      $14.939054 $9.929832 $9.693876 $     1.50  $     1.02  
60897 $ 15103   $  4332850421  $  2169420337     $      362664  $      587775  $      762189  $      410869  $      37      $       0      $      97      $           0  $              $1.997239      $362664.000000      $0.037505 $0.048634 $0.026217 $     0.77  $     1.86  
60912 $  2005   $  5460980209  $  9319641421     $     6442310  $   249293161  $   166279520  $   162409343  $       0      $       0      $      97      $           0  $              $0.585965      $6442310.000000      $15.907042 $10.610059 $10.363109 $     1.50  $     1.02  
60897 $ 16106   $  4237737830  $  2125866382     $      122131  $      575680  $      748388  $      403743  $      39      $       0      $      97      $           0  $              $1.993417      $122131.000000      $0.036733 $0.047754 $0.025762 $     0.77  $     1.85  
60912 $  3008   $  5454724380  $  9134657788     $     6390447  $   248972720  $   165671209  $   161794037  $       0      $       0      $      97      $           0  $              $0.597146      $6390447.000000      $15.886595 $10.571244 $10.323847 $     1.50  $     1.02  
60897 $ 17109   $  4249506763  $  2128966843     $      120135  $      575623  $      747811  $      400012  $      39      $       0      $      97      $           0  $              $1.996042      $120135.000000      $0.036730 $0.047717 $0.025524 $     0.77  $     1.87  
60912 $  4011   $  5423296429  $  9135740222     $     6333101  $   245700744  $   163890784  $   160057927  $       0      $       0      $      97      $           0  $              $0.593635      $6333101.000000      $15.677814 $10.457637 $10.213068 $     1.50  $     1.02  
60897 $ 18111   $  4251756897  $  2128939070     $      122139  $      575782  $      746969  $      397312  $      39      $       0      $      97      $           0  $              $1.997125      $122139.000000      $0.036776 $0.047711 $0.025377 $     0.77  $     1.88  
60912 $  5013   $  5422972472  $  9136284230     $     6286600  $   245231921  $   163432547  $   159617303  $       0      $       0      $      97      $           0  $              $0.593564      $6286600.000000      $15.663516 $10.438806 $10.195117 $     1.50  $     1.02  
60897 $ 19114   $  4334677008  $  2169900589     $      123411  $      586345  $      758184  $      404858  $      38      $       0      $      97      $           0  $              $1.997639      $123411.000000      $0.037414 $0.048379 $0.025833 $     0.77  $     1.87  
60912 $  6016   $  5456156790  $  9326392109     $     6328682  $   247364928  $   164584822  $   160734705  $       0      $       0      $      97      $           0  $              $0.585023      $6328682.000000      $15.784003 $10.501923 $10.256252 $     1.50  $     1.02  
60897 $ 20117   $  7017201730  $  5463833990     $       71261  $    22892671  $    30128533  $     8853344  $      44      $       0      $      97      $           0  $              $1.284300      $71261.000000      $1.460749 $1.922459 $0.564919 $     0.76  $     3.40  
60912 $  7019   $  5220272418  $  9121788899     $     6153650  $   241591054  $   160916482  $   157194121  $       0      $       0      $      97      $           0  $              $0.572286      $6153650.000000      $15.415581 $10.267851 $10.030334 $     1.50  $     1.02  
60897 $ 21120   $ 11869174514  $  9119451943     $       80435  $    27037868  $    42414456  $     7737418  $      48      $       0      $      97      $           0  $              $1.301523      $80435.000000      $1.725248 $2.706406 $0.493714 $     0.64  $     5.48  
60912 $  8022   $  5319900639  $  9121058370     $     6153957  $   243706348  $   161988971  $   158103744  $       0      $       0      $      97      $           0  $              $0.583255      $6153957.000000      $15.550555 $10.336286 $10.088374 $     1.50  $     1.02  
60897 $ 22123   $ 11858593591  $  9114155629     $       79413  $    26982264  $    42346571  $     7761291  $      48      $       0      $      97      $           0  $              $1.301118      $79413.000000      $1.721700 $2.702074 $0.495237 $     0.64  $     5.46  
60912 $  9025   $  5280124248  $  9112001107     $     6109842  $   239997536  $   160051515  $   156218091  $       0      $       0      $      97      $           0  $              $0.579469      $6109842.000000      $15.313901 $10.212659 $9.968054 $     1.50  $     1.02  
60897 $ 23126   $ 11863071647  $  9115009448     $       79540  $    26986131  $    42362125  $     7765164  $      47      $       0      $      97      $           0  $              $1.301488      $79540.000000      $1.721947 $2.703067 $0.495484 $     0.64  $     5.46  
60912 $ 10028   $  5287050043  $  9112610148     $     6088863  $   240333552  $   160077698  $   156238667  $       0      $       0      $      97      $           0  $              $0.580191      $6088863.000000      $15.335341 $10.214330 $9.969367 $     1.50  $     1.02  
60897 $ 24129   $ 11876879702  $  9114723115     $       80384  $    27050996  $    42458887  $     7778004  $      47      $       0      $      97      $           0  $              $1.303043      $80384.000000      $1.726086 $2.709241 $0.496303 $     0.64  $     5.46  
60912 $ 11031   $  5283271563  $  9112794290     $     6090417  $   240124680  $   159991186  $   156158419  $       0      $       0      $      97      $           0  $              $0.579764      $6090417.000000      $15.322013 $10.208809 $9.964246 $     1.50  $     1.02  
60897 $ 25132   $ 11854667220  $  9114542518     $       78356  $    26991178  $    42325401  $     7758367  $      47      $       0      $      97      $           0  $              $1.300632      $78356.000000      $1.722269 $2.700723 $0.495050 $     0.64  $     5.46  
60912 $ 12034   $  5281259932  $  9112684780     $     6094556  $   240054169  $   159986335  $   156155695  $       0      $       0      $      97      $           0  $              $0.579550      $6094556.000000      $15.317514 $10.208500 $9.964072 $     1.50  $     1.02  
60897 $ 25793   $  7913137584  $  6048834790     $       52172  $    18025099  $    28287176  $     5170444  $      30      $       0      $      97      $           0  $              $1.308209      $52172.000000      $1.745244 $2.738849 $0.500618 $     0.64  $     5.47  
60912 $ 12695   $  3071607601  $  5274447118     $     3644947  $   140807521  $    93805715  $    91564852  $       0      $       0      $      97      $           0  $              $0.582356      $3644947.000000      $13.633406 $9.082550 $8.865582 $     1.50  $     1.02  
60897 $ 26212   $  5391572015  $  3977925335     $       34100  $    12378781  $    19352564  $     3474368  $      14      $       0      $      97      $           0  $              $1.355373      $34100.000000      $1.890792 $2.956000 $0.530691 $     0.64  $     5.57  
60897 $ 26214   $     6898800  $     5097072     $           2  $       15943  $       24775  $        4544  $       0      $       0      $      97      $           0  $              $1.353483      $2.000000      $0.510176 $0.792800 $0.145408 $     0.64  $     5.45  
60897 $ 27217   $ 11885130999  $  9118385105     $       78928  $    27054389  $    42448202  $     7770752  $      47      $       0      $      97      $           0  $              $1.303425      $78928.000000      $1.726302 $2.708559 $0.495841 $     0.64  $     5.46  
60920 $  1003   $  5119963492  $  8895652614     $     5679793  $   225966017  $   150495054  $   146596940  $       0      $       0      $      97      $           0  $              $0.575558      $5679793.000000      $14.418570 $9.602875 $9.354142 $     1.50  $     1.03  
60897 $ 28220   $ 11866057471  $  9115190099     $       79367  $    26994398  $    42370957  $     7767203  $      48      $       0      $      97      $           0  $              $1.301789      $79367.000000      $1.722474 $2.703630 $0.495614 $     0.64  $     5.46  
60920 $  2006   $  5295342013  $  9113297677     $     6026814  $   240551372  $   160246298  $   156158121  $       0      $       0      $      97      $           0  $              $0.581057      $6026814.000000      $15.349240 $10.225088 $9.964228 $     1.50  $     1.03  
60897 $ 29223   $ 11882460304  $  9113958235     $       79325  $    27047904  $    42480202  $     7782350  $      47      $       0      $      97      $           0  $              $1.303765      $79325.000000      $1.725888 $2.710601 $0.496581 $     0.64  $     5.46  
60920 $  3009   $  5283502930  $  9112285799     $     6062047  $   239926768  $   160220663  $   156151407  $       0      $       0      $      97      $           0  $              $0.579822      $6062047.000000      $15.309385 $10.223452 $9.963799 $     1.50  $     1.03  
60897 $ 30226   $ 11858372587  $  9115478324     $       79074  $    26970749  $    42338668  $     7760297  $      47      $       0      $      97      $           0  $              $1.300905      $79074.000000      $1.720965 $2.701570 $0.495173 $     0.64  $     5.46  
60920 $  4012   $  5300087562  $  9113291942     $     6021525  $   240767953  $   160234862  $   156146823  $       0      $       0      $      97      $           0  $              $0.581578      $6021525.000000      $15.363060 $10.224359 $9.963506 $     1.50  $     1.03  
60897 $ 31228   $ 11861497537  $  9114795740     $       78621  $    26975773  $    42351887  $     7763324  $      47      $       0      $      97      $           0  $              $1.301345      $78621.000000      $1.723003 $2.705111 $0.495861 $     0.64  $     5.46  
60920 $  5015   $  5285328363  $  9112334045     $     6068894  $   240039659  $   160265334  $   156183496  $       0      $       0      $      97      $           0  $              $0.580019      $6068894.000000      $15.316588 $10.226302 $9.965846 $     1.50  $     1.03  
60897 $ 32230   $ 11860956044  $  9114430733     $       79632  $    26972218  $    42348089  $     7763156  $      47      $       0      $      97      $           0  $              $1.301338      $79632.000000      $1.722776 $2.704868 $0.495850 $     0.64  $     5.46  
60920 $  6017   $  5294104654  $  9112307567     $     6033102  $   240500846  $   160265941  $   156188738  $       0      $       0      $      97      $           0  $              $0.580984      $6033102.000000      $15.361332 $10.236547 $9.976127 $     1.50  $     1.03  
60897 $ 33232   $ 11874935949  $  9114901325     $       79935  $    27050111  $    42448192  $     7776323  $      47      $       0      $      97      $           0  $              $1.302805      $79935.000000      $1.727752 $2.711262 $0.496691 $     0.64  $     5.46  
60920 $  7019   $  5289005117  $  9112595434     $     6038731  $   240244917  $   160189565  $   156108104  $       0      $       0      $      97      $           0  $              $0.580406      $6038731.000000      $15.344984 $10.231669 $9.970976 $     1.50  $     1.03  
60897 $ 34234   $ 11857843590  $  9115395297     $       79035  $    26985586  $    42330717  $     7760516  $      47      $       0      $      97      $           0  $              $1.300859      $79035.000000      $1.723630 $2.703758 $0.495682 $     0.64  $     5.45  
60920 $  8021   $  5288612524  $  9113254756     $     6052026  $   240186742  $   160239774  $   156167499  $       0      $       0      $      97      $           0  $              $0.580321      $6052026.000000      $15.341269 $10.234876 $9.974771 $     1.50  $     1.03  
60897 $ 35236   $ 11859577058  $  9114079443     $       78787  $    26997767  $    42340893  $     7761481  $      47      $       0      $      97      $           0  $              $1.301237      $78787.000000      $1.724408 $2.704408 $0.495743 $     0.64  $     5.46  
60920 $  9023   $  5295580344  $  9111742556     $     6027790  $   240556282  $   160217420  $   156131759  $       0      $       0      $      97      $           0  $              $0.581182      $6027790.000000      $15.364873 $10.233448 $9.972487 $     1.50  $     1.03  
60897 $ 36238   $ 11870855808  $  9114828381     $       79302  $    27008741  $    42384303  $     7769390  $      47      $       0      $      97      $           0  $              $1.302367      $79302.000000      $1.725109 $2.707181 $0.496248 $     0.64  $     5.46  
60920 $ 10025   $  5288674882  $  9112881520     $     6086118  $   240194189  $   160437676  $   156354207  $       0      $       0      $      97      $           0  $              $0.580352      $6086118.000000      $15.341744 $10.247517 $9.986696 $     1.50  $     1.03  
60897 $ 37240   $ 11872093865  $  9114792197     $       78980  $    27037836  $    42446510  $     7775776  $      48      $       0      $      97      $           0  $              $1.302508      $78980.000000      $1.726968 $2.711154 $0.496656 $     0.64  $     5.46  
60920 $ 11027   $  5295113246  $  9112775547     $     6085537  $   241203267  $   160878648  $   156791897  $       0      $       0      $      97      $           0  $              $0.581065      $6085537.000000      $15.406197 $10.275682 $10.014652 $     1.50  $     1.03  
60897 $ 38242   $ 11847948077  $  9112637351     $       79595  $    26948054  $    42290838  $     7756087  $      47      $       0      $      97      $           0  $              $1.300167      $79595.000000      $1.721233 $2.701211 $0.495399 $     0.64  $     5.45  
60920 $ 12029   $  5323826622  $  9110821942     $     6164712  $   244489191  $   162859630  $   158717050  $       0      $       0      $      97      $           0  $              $0.584341      $6164712.000000      $15.616076 $10.402212 $10.137616 $     1.50  $     1.03  
60897 $ 39078   $ 10005210917  $  7660025467     $       66630  $    22766813  $    35728309  $     6537351  $      38      $       0      $      97      $           0  $              $1.306159      $66630.000000      $1.742914 $2.735182 $0.500467 $     0.64  $     5.47  
60920 $ 12865   $  3978924106  $  6797482336     $     4697661  $   183158005  $   121934637  $   118838723  $       0      $       0      $      97      $           0  $              $0.585353      $4697661.000000      $14.021665 $9.334709 $9.097701 $     1.50  $     1.03  
60897 $ 39330   $  3248975532  $  2386913589     $       20408  $     7471689  $    11695696  $     2096537  $       8      $       0      $      97      $           0  $              $1.361162      $20408.000000      $1.897572 $2.970335 $0.532454 $     0.64  $     5.58  
60897 $ 39332   $     6920870  $     5109095     $           2  $       16062  $       24901  $        4587  $       0      $       0      $      97      $           0  $              $1.354618      $2.000000      $0.513984 $0.796832 $0.146784 $     0.65  $     5.43  
60897 $ 40335   $ 11898797743  $  9119573155     $       78646  $    27074697  $    42504147  $     7779916  $      47      $       0      $      97      $           0  $              $1.304754      $78646.000000      $1.727598 $2.712129 $0.496425 $     0.64  $     5.46  
60930 $  1003   $  5110679477  $  8897764716     $     5704618  $   225764482  $   150260713  $   146539494  $       0      $       0      $      97      $           0  $              $0.574378      $5704618.000000      $14.405709 $9.587922 $9.350476 $     1.50  $     1.03  
60897 $ 41338   $ 11859552670  $  9113760001     $       79907  $    26971543  $    42339811  $     7761410  $      47      $       0      $      97      $           0  $              $1.301280      $79907.000000      $1.721016 $2.701643 $0.495245 $     0.64  $     5.46  
60930 $  2006   $  5272955259  $  9111762737     $     6077876  $   239684835  $   159849625  $   155951541  $       0      $       0      $      97      $           0  $              $0.578698      $6077876.000000      $15.293947 $10.199777 $9.951045 $     1.50  $     1.02  
60897 $ 42341   $ 11885521171  $  9113644038     $       79248  $    27067305  $    42496679  $     7784127  $      47      $       0      $      97      $           0  $              $1.304146      $79248.000000      $1.727126 $2.711653 $0.496694 $     0.64  $     5.46  
60930 $  3009   $  5280306964  $  9111690304     $     6054321  $   240087015  $   159883624  $   155977981  $       0      $       0      $      97      $           0  $              $0.579509      $6054321.000000      $15.319610 $10.201945 $9.952733 $     1.50  $     1.03  
60897 $ 43344   $ 11863806084  $  9113945461     $       78705  $    26980217  $    42355299  $     7763458  $      47      $       0      $      97      $           0  $              $1.301720      $78705.000000      $1.721569 $2.702631 $0.495375 $     0.64  $     5.46  
60930 $  4012   $  5268979228  $  9112185006     $     6101747  $   239557829  $   159930605  $   156029009  $       0      $       0      $      97      $           0  $              $0.578234      $6101747.000000      $15.285843 $10.204944 $9.955989 $     1.50  $     1.03  
60897 $ 44347   $ 11862283573  $  9112990722     $       78992  $    26984582  $    42360242  $     7763751  $      47      $       0      $      97      $           0  $              $1.301689      $78992.000000      $1.721848 $2.702946 $0.495394 $     0.64  $     5.46  
60930 $  5015   $  5281432532  $  9111156436     $     6054747  $   240133912  $   159871612  $   155966878  $       0      $       0      $      97      $           0  $              $0.579667      $6054747.000000      $15.322603 $10.201180 $9.952024 $     1.50  $     1.03  
60897 $ 45350   $ 11858712086  $  9113634904     $       79068  $    26981287  $    42343774  $     7761203  $      47      $       0      $      97      $           0  $              $1.301206      $79068.000000      $1.721637 $2.701896 $0.495231 $     0.64  $     5.46  
60930 $  6018   $  5268237584  $  9111639594     $     6086173  $   239463088  $   159835080  $   155942932  $       0      $       0      $      97      $           0  $              $0.578188      $6086173.000000      $15.279799 $10.198848 $9.950496 $     1.50  $     1.02  
60897 $ 46352   $ 11880366198  $  9115558642     $       78966  $    27052995  $    42477298  $     7780263  $      47      $       0      $      97      $           0  $              $1.303306      $78966.000000      $1.727936 $2.713121 $0.496943 $     0.64  $     5.46  
60930 $  7021   $  5273886508  $  9113734575     $     6053072  $   239768930  $   159763341  $   155862697  $       0      $       0      $      97      $           0  $              $0.578675      $6053072.000000      $15.299314 $10.194271 $9.945377 $     1.50  $     1.03  
60897 $ 47354   $ 11862863385  $  9115884116     $       79136  $    26979616  $    42362927  $     7765087  $      47      $       0      $      97      $           0  $              $1.301340      $79136.000000      $1.723249 $2.705816 $0.495974 $     0.64  $     5.46  
60930 $  8024   $  5276376892  $  9113732524     $     6065277  $   239866919  $   159835335  $   155934813  $       0      $       0      $      97      $           0  $              $0.578948      $6065277.000000      $15.305566 $10.198864 $9.949978 $     1.50  $     1.03  
60897 $ 48356   $ 11853626559  $  9115961805     $       78538  $    26949091  $    42319617  $     7757904  $      47      $       0      $      97      $           0  $              $1.300315      $78538.000000      $1.721299 $2.703049 $0.495515 $     0.64  $     5.46  
60930 $  9027   $  5267129639  $  9114926544     $     6079424  $   239397985  $   159772158  $   155878920  $       0      $       0      $      97      $           0  $              $0.577858      $6079424.000000      $15.275644 $10.194834 $9.946411 $     1.50  $     1.02  
60897 $ 49358   $ 11856446784  $  9116823372     $       79940  $    26955157  $    42341147  $     7761371  $      47      $       0      $      97      $           0  $              $1.300502      $79940.000000      $1.721687 $2.704425 $0.495736 $     0.64  $     5.46  
60930 $ 10029   $  5286060282  $  9114525346     $     6115367  $   241379390  $   160895841  $   156979876  $       0      $       0      $      97      $           0  $              $0.579960      $6115367.000000      $15.417446 $10.276780 $10.026658 $     1.50  $     1.02  
60897 $ 50360   $ 11864189118  $  9115558641     $       79255  $    26991450  $    42416285  $     7772793  $      47      $       0      $      97      $           0  $              $1.301532      $79255.000000      $1.724005 $2.709224 $0.496466 $     0.64  $     5.46  
60930 $ 11031   $  5307648805  $  9113706284     $     6200676  $   244380768  $   162727691  $   158767903  $       0      $       0      $      97      $           0  $              $0.582381      $6200676.000000      $15.609151 $10.393785 $10.140864 $     1.50  $     1.02  
60897 $ 51362   $ 11839948911  $  9106628394     $       78653  $    26925969  $    42279576  $     7752611  $      47      $       0      $      97      $           0  $              $1.300146      $78653.000000      $1.719822 $2.700492 $0.495177 $     0.64  $     5.45  
60930 $ 12033   $  5304978243  $  9104792056     $     6144537  $   243716279  $   162075293  $   158119205  $       0      $       0      $      97      $           0  $              $0.582658      $6144537.000000      $15.566708 $10.352115 $10.099430 $     1.50  $     1.03  
60897 $ 52217   $ 10222299335  $  7829975321     $       66717  $    23254763  $    36511620  $     6678781  $      39      $       0      $      97      $           0  $              $1.305534      $66717.000000      $1.740708 $2.733034 $0.499932 $     0.64  $     5.47  
60930 $ 12888   $  4057107670  $  7024355945     $     4741887  $   184195864  $   122943540  $   119950922  $       0      $       0      $      97      $           0  $              $0.577577      $4741887.000000      $13.787761 $9.202791 $8.978783 $     1.50  $     1.02  
60897 $ 52444   $  2945858429  $  2163779701     $       18039  $     6768010  $    10603210  $     1901217  $       8      $       0      $      97      $           0  $              $1.361441      $18039.000000      $1.908161 $2.989451 $0.536026 $     0.64  $     5.58  
60897 $ 52445   $     6880897  $     5079236     $           0  $       15953  $       24686  $        4463  $       0      $       0      $      97      $           0  $              $1.354711      $0.000000      $1.020992 $1.579904 $0.285632 $     0.65  $     5.53  
60897 $ 53448   $ 11884673494  $  9122102975     $       78882  $    27032996  $    42446687  $     7770546  $      47      $       0      $      97      $           0  $              $1.302843      $78882.000000      $1.724937 $2.708463 $0.495827 $     0.64  $     5.46  
60941 $  1002   $  5121879133  $  8900155947     $     5685639  $   225966275  $   150303655  $   146640599  $       0      $       0      $      97      $           0  $              $0.575482      $5685639.000000      $14.432976 $9.600233 $9.366265 $     1.50  $     1.02  
60897 $ 54450   $ 11844377604  $  9117696613     $       79131  $    26930476  $    42289084  $     7751625  $      47      $       0      $      97      $           0  $              $1.299054      $79131.000000      $1.720110 $2.701099 $0.495114 $     0.64  $     5.46  
60941 $  2004   $  5294907989  $  9115478171     $     6020336  $   240415136  $   159946505  $   156103376  $       0      $       0      $      97      $           0  $              $0.580870      $6020336.000000      $15.355857 $10.216145 $9.970675 $     1.50  $     1.02  
60897 $ 55452   $ 11869613235  $  9117149418     $       79305  $    27021498  $    42431416  $     7773441  $      47      $       0      $      97      $           0  $              $1.301900      $79305.000000      $1.725924 $2.710190 $0.496507 $     0.64  $     5.46  
60941 $  3006   $  5283360224  $  9114936087     $     6061108  $   239847417  $   159935835  $   156097289  $       0      $       0      $      97      $           0  $              $0.579638      $6061108.000000      $15.319596 $10.215463 $9.970286 $     1.50  $     1.02  
60897 $ 56454   $ 11849500244  $  9116977587     $       78746  $    26940937  $    42310451  $     7755809  $      47      $       0      $      97      $           0  $              $1.299718      $78746.000000      $1.720778 $2.702464 $0.495381 $     0.64  $     5.46  
60941 $  4008   $  5298630337  $  9115144121     $     6017062  $   240657592  $   159974455  $   156125083  $       0      $       0      $      97      $           0  $              $0.581300      $6017062.000000      $15.371344 $10.217929 $9.972061 $     1.50  $     1.02  
60897 $ 57456   $ 11850870951  $  9116831316     $       78457  $    26946941  $    42312951  $     7756094  $      47      $       0      $      97      $           0  $              $1.299889      $78457.000000      $1.721162 $2.702624 $0.495399 $     0.64  $     5.46  
60941 $  5010   $  5281938637  $  9114638601     $     6071522  $   239842511  $   160006005  $   156162865  $       0      $       0      $      97      $           0  $              $0.579501      $6071522.000000      $15.319283 $10.219944 $9.974474 $     1.50  $     1.02  
60897 $ 58459   $ 11850283542  $  9116585287     $       79194  $    26941787  $    42306431  $     7755988  $      47      $       0      $      97      $           0  $              $1.299860      $79194.000000      $1.719117 $2.699513 $0.494899 $     0.64  $     5.45  
60941 $  6012   $  5295662133  $  9114769453     $     6027807  $   240500733  $   159958308  $   156108964  $       0      $       0      $      97      $           0  $              $0.580998      $6027807.000000      $15.361324 $10.216898 $9.971031 $     1.50  $     1.02  
60897 $ 59462   $ 11868361797  $  9117358063     $       78699  $    27022125  $    42429601  $     7772443  $      47      $       0      $      97      $           0  $              $1.301733      $78699.000000      $1.724243 $2.707372 $0.495948 $     0.64  $     5.46  
60941 $  7015   $  5284152185  $  9115186786     $     6053498  $   239911453  $   159910125  $   156066312  $       0      $       0      $      97      $           0  $              $0.579709      $6053498.000000      $15.308408 $10.203637 $9.958368 $     1.50  $     1.02  
60897 $ 60465   $ 11848420589  $  9116243098     $       77992  $    26955188  $    42309794  $     7756733  $      47      $       0      $      97      $           0  $              $1.299704      $77992.000000      $1.719972 $2.699728 $0.494946 $     0.64  $     5.45  
60941 $  8018   $  5292526881  $  9114063029     $     6036208  $   240346856  $   159975147  $   156120976  $       0      $       0      $      97      $           0  $              $0.580699      $6036208.000000      $15.336189 $10.207787 $9.961857 $     1.50  $     1.02  
60897 $ 61468   $ 11846603014  $  9116356912     $       78344  $    26941416  $    42296924  $     7753791  $      47      $       0      $      97      $           0  $              $1.299489      $78344.000000      $1.719093 $2.698906 $0.494758 $     0.64  $     5.45  
60941 $  9021   $  5289147756  $  9114322349     $     6038571  $   240146247  $   159933943  $   156080598  $       0      $       0      $      97      $           0  $              $0.580312      $6038571.000000      $15.323389 $10.205156 $9.959280 $     1.50  $     1.02  
60897 $ 62471   $ 11841076541  $  9115617668     $       79295  $    26914764  $    42279420  $     7750720  $      47      $       0      $      97      $           0  $              $1.298988      $79295.000000      $1.717393 $2.697789 $0.494562 $     0.64  $     5.45  
60941 $ 10024   $  5287732581  $  9113980387     $     6039499  $   240054259  $   159882530  $   156045906  $       0      $       0      $      97      $           0  $              $0.580178      $6039499.000000      $15.317520 $10.201877 $9.957067 $     1.50  $     1.02  
60897 $ 63474   $ 11868172520  $  9115369097     $       79211  $    27013295  $    42420709  $     7773436  $      47      $       0      $      97      $           0  $              $1.301996      $79211.000000      $1.723680 $2.706805 $0.496012 $     0.64  $     5.46  
60941 $ 11027   $  5301868213  $  9113228931     $     6108829  $   241988427  $   161172602  $   157316240  $       0      $       0      $      97      $           0  $              $0.581777      $6108829.000000      $15.440937 $10.284194 $10.038125 $     1.50  $     1.02  
60897 $ 64476   $ 11841620391  $  9115336667     $       79064  $    26920544  $    42273370  $     7752577  $      47      $       0      $      97      $           0  $              $1.299088      $79064.000000      $1.719476 $2.700095 $0.495175 $     0.64  $     5.45  
60941 $ 12029   $  5323147597  $  9113881426     $     6155401  $   244438596  $   162614457  $   158709545  $       0      $       0      $      97      $           0  $              $0.584070      $6155401.000000      $15.612844 $10.386553 $10.137137 $     1.50  $     1.02  
60897 $ 65339   $ 10325269141  $  7900088301     $       68997  $    23491417  $    36871665  $     6743430  $      39      $       0      $      97      $           0  $              $1.306982      $68997.000000      $1.742121 $2.734399 $0.500092 $     0.64  $     5.47  
60941 $ 12892   $  3991883706  $  6831550240     $     4700632  $   183229708  $   121863886  $   118949545  $       0      $       0      $      97      $           0  $              $0.584331      $4700632.000000      $13.588299 $9.037415 $8.821287 $     1.50  $     1.02  
60897 $ 65587   $  3094055726  $  2270672411     $       20253  $     7122300  $    11138216  $     1996884  $       8      $       0      $      97      $           0  $              $1.362617      $20253.000000      $1.838013 $2.874378 $0.515325 $     0.64  $     5.58  
60897 $ 65589   $     6608148  $     4873617     $           5  $       15352  $       23880  $        4455  $       0      $       0      $      97      $           0  $              $1.355902      $5.000000      $0.491264 $0.764160 $0.142560 $     0.64  $     5.36  
60897 $ 66592   $ 11881040706  $  9120892605     $       79626  $    27029893  $    42430527  $     7768817  $      47      $       0      $      97      $           0  $              $1.302618      $79626.000000      $1.724739 $2.707432 $0.495717 $     0.64  $     5.46  
60951 $  1003   $  5120871146  $  8899218337     $     5715326  $   226006962  $   150290634  $   146631888  $       0      $       0      $      97      $           0  $              $0.575429      $5715326.000000      $14.421182 $9.589831 $9.356372 $     1.50  $     1.02  
60897 $ 67595   $ 11855600161  $  9117414834     $       79046  $    26958563  $    42326734  $     7759655  $      47      $       0      $      97      $           0  $              $1.300325      $79046.000000      $1.720188 $2.700809 $0.495133 $     0.64  $     5.45  
60951 $  2006   $  5296435485  $  9115131617     $     6060009  $   240634769  $   160019494  $   156186110  $       0      $       0      $      97      $           0  $              $0.581060      $6060009.000000      $15.354562 $10.210615 $9.966013 $     1.50  $     1.02  
60897 $ 68598   $ 11861144990  $  9107000606     $       79405  $    26990788  $    42404570  $     7768288  $      47      $       0      $      97      $           0  $              $1.302421      $79405.000000      $1.722244 $2.705775 $0.495683 $     0.64  $     5.46  
60951 $  3009   $  5277104689  $  9104807772     $     6091462  $   239629529  $   159742115  $   155923402  $       0      $       0      $      97      $           0  $              $0.579595      $6091462.000000      $15.290419 $10.192917 $9.949250 $     1.50  $     1.02  
60897 $ 69601   $ 11852932568  $  9116539179     $       79317  $    26948427  $    42318548  $     7757832  $      47      $       0      $      97      $           0  $              $1.300157      $79317.000000      $1.719541 $2.700286 $0.495016 $     0.64  $     5.45  
60951 $  4012   $  5298392764  $  9114799454     $     6063011  $   240715263  $   160013177  $   156177630  $       0      $       0      $      97      $           0  $              $0.581296      $6063011.000000      $15.359697 $10.210213 $9.965472 $     1.50  $     1.02  
60897 $ 70604   $ 11857188852  $  9117456686     $       79582  $    26958376  $    42328684  $     7760551  $      47      $       0      $      97      $           0  $              $1.300493      $79582.000000      $1.720176 $2.700933 $0.495190 $     0.64  $     5.45  
60951 $  5015   $  5283163839  $  9115127548     $     6103932  $   239971009  $   160042793  $   156217576  $       0      $       0      $      97      $           0  $              $0.579604      $6103932.000000      $15.312208 $10.212103 $9.968020 $     1.50  $     1.02  
60897 $ 71606   $ 11838644493  $  9106694834     $       78916  $    26919223  $    42267826  $     7748883  $      47      $       0      $      97      $           0  $              $1.299994      $78916.000000      $1.719392 $2.699741 $0.494939 $     0.64  $     5.45  
60951 $  6018   $  5289883777  $  9104456767     $     6043033  $   240286354  $   159746110  $   155921164  $       0      $       0      $      97      $           0  $              $0.581021      $6043033.000000      $15.332330 $10.193172 $9.949107 $     1.50  $     1.02  
60897 $ 72608   $ 11879426759  $  9117264951     $       79541  $    27032323  $    42467517  $     7780458  $      47      $       0      $      97      $           0  $              $1.302960      $79541.000000      $1.726616 $2.712496 $0.496955 $     0.64  $     5.46  
60951 $  7021   $  5283770818  $  9115131202     $     6094461  $   239976712  $   159987921  $   156164118  $       0      $       0      $      97      $           0  $              $0.579670      $6094461.000000      $15.312572 $10.208601 $9.964609 $     1.50  $     1.02  
60897 $ 73610   $ 11857237321  $  9117814722     $       79675  $    26963032  $    42335797  $     7760836  $      47      $       0      $      97      $           0  $              $1.300447      $79675.000000      $1.722190 $2.704083 $0.495702 $     0.64  $     5.46  
60951 $  8024   $  5294755586  $  9115728940     $     6067738  $   240517269  $   160010453  $   156180401  $       0      $       0      $      97      $           0  $              $0.580837      $6067738.000000      $15.347064 $10.210038 $9.965649 $     1.50  $     1.02  
60897 $ 74612   $ 11853183831  $  9116087289     $       78706  $    26948381  $    42326079  $     7758308  $      47      $       0      $      97      $           0  $              $1.300249      $78706.000000      $1.721254 $2.703462 $0.495541 $     0.64  $     5.46  
60951 $  9027   $  5289207970  $  9114545148     $     6082010  $   240248338  $   159960348  $   156124509  $       0      $       0      $      97      $           0  $              $0.580304      $6082010.000000      $15.329904 $10.206842 $9.962083 $     1.50  $     1.02  
60897 $ 75614   $ 11853802862  $  9117031466     $       79691  $    26953306  $    42317784  $     7758780  $      47      $       0      $      97      $           0  $              $1.300182      $79691.000000      $1.721568 $2.702932 $0.495571 $     0.64  $     5.45  
60951 $ 10029   $  5288316140  $  9115653614     $     6084274  $   240236417  $   160024963  $   156201580  $       0      $       0      $      97      $           0  $              $0.580136      $6084274.000000      $15.344441 $10.221155 $9.976948 $     1.50  $     1.02  
60897 $ 76616   $ 11818227443  $  9109464306     $       79477  $    26828770  $    42158422  $     7730934  $      47      $       0      $      97      $           0  $              $1.297357      $79477.000000      $1.713614 $2.692754 $0.493792 $     0.64  $     5.45  
60951 $ 11031   $  5303721886  $  9115340753     $     6120670  $   241891595  $   161027443  $   157178162  $       0      $       0      $      97      $           0  $              $0.581846      $6120670.000000      $15.450162 $10.285186 $10.039324 $     1.50  $     1.02  
60897 $ 77618   $  3696392705  $  3141943552     $      498461  $      458774  $      659729  $      369379  $      39      $       0      $      97      $           0  $              $1.176467      $498461.000000      $0.029303 $0.042138 $0.023593 $     0.70  $     1.79  
60951 $ 12033   $  5447865565  $  9124207273     $     6347677  $   247715220  $   164744966  $   160857719  $       0      $       0      $      97      $           0  $              $0.597078      $6347677.000000      $15.822129 $10.522633 $10.274344 $     1.50  $     1.02  
60897 $ 78356   $  2648710198  $  1672757541     $      416279  $      370844  $      526251  $      295464  $      28      $       0      $      97      $           0  $              $1.583439      $416279.000000      $0.032160 $0.045637 $0.025623 $     0.70  $     1.78  
60951 $ 12771   $  3849259965  $  6553737115     $     4687729  $   179716974  $   119331836  $   116556866  $       0      $       0      $      97      $           0  $              $0.587338      $4687729.000000      $15.585212 $10.348560 $10.107912 $     1.51  $     1.02  
60897 $ 78660   $  1243551347  $   735560051     $      187792  $      161829  $      173057  $       25063  $       6      $       0      $      97      $           0  $              $1.690618      $187792.000000      $0.034069 $0.036433 $0.005276 $     0.94  $     6.90  
60897 $ 78662   $     2738118  $     1653814     $           0  $         351  $         331  $          50  $       0      $       0      $      97      $           0  $              $1.655638      $0.000000      $0.011232 $0.010592 $0.001600 $     1.06  $     6.62  
60897 $ 79665   $  3495572527  $  2201551333     $      563319  $      490391  $      696805  $      379815  $      37      $       0      $      97      $           0  $              $1.587777      $563319.000000      $0.031291 $0.044462 $0.024235 $     0.70  $     1.83  
60956 $  1004   $  5280626782  $  8927589457     $     5991387  $   234491126  $   155769592  $   152062491  $       0      $       0      $      97      $           0  $              $0.591495      $5991387.000000      $14.947641 $9.929536 $9.693227 $     1.51  $     1.02  
60897 $ 80668   $  3473715546  $  2195837990     $      560986  $      489576  $      706899  $      396096  $      38      $       0      $      97      $           0  $              $1.581954      $560986.000000      $0.031239 $0.045106 $0.025274 $     0.69  $     1.78  
60956 $  2007   $  5444043918  $  9132757733     $     6413718  $   248469893  $   165598661  $   161736527  $       0      $       0      $      97      $           0  $              $0.596101      $6413718.000000      $15.854509 $10.566614 $10.320177 $     1.50  $     1.02  
60897 $ 81671   $  3475453472  $  2196786948     $      561924  $      489659  $      707841  $      395439  $      38      $       0      $      97      $           0  $              $1.582062      $561924.000000      $0.031244 $0.045166 $0.025232 $     0.69  $     1.79  
60956 $  3010   $  5456395336  $  9133800431     $     6373053  $   249092473  $   165622325  $   161757894  $       0      $       0      $      97      $           0  $              $0.597385      $6373053.000000      $15.894236 $10.568124 $10.321540 $     1.50  $     1.02  
60897 $ 82674   $  3487618102  $  2202849010     $      553224  $      490976  $      706017  $      394583  $      37      $       0      $      97      $           0  $              $1.583231      $553224.000000      $0.031328 $0.045050 $0.025178 $     0.70  $     1.79  
60956 $  4013   $  5423758482  $  9159965972     $     6348849  $   245982585  $   164136260  $   160296426  $       0      $       0      $      97      $           0  $              $0.592116      $6348849.000000      $15.695799 $10.473301 $10.228287 $     1.50  $     1.02  
60897 $ 83677   $  3479635529  $  2197662532     $      558399  $      489621  $      704758  $      392749  $      37      $       0      $      97      $           0  $              $1.583335      $558399.000000      $0.031242 $0.044970 $0.025061 $     0.69  $     1.79  
60956 $  5016   $  5420387403  $  9133209508     $     6284766  $   245226549  $   163387070  $   159561198  $       0      $       0      $      97      $           0  $              $0.593481      $6284766.000000      $15.647556 $10.425496 $10.181373 $     1.50  $     1.02  
60897 $ 84680   $  3477163822  $  2196687816     $      562198  $      489204  $      703380  $      391551  $      38      $       0      $      97      $           0  $              $1.582912      $562198.000000      $0.031215 $0.044882 $0.024984 $     0.70  $     1.80  
60956 $  6019   $  5422738791  $  9134728621     $     6281467  $   245395289  $   163467043  $   159638537  $       0      $       0      $      97      $           0  $              $0.593640      $6281467.000000      $15.658324 $10.430599 $10.186308 $     1.50  $     1.02  
60897 $ 85683   $  2991572794  $  1893068305     $      572087  $      422391  $      614764  $      345040  $      37      $       0      $      97      $           0  $              $1.580277      $572087.000000      $0.026952 $0.039227 $0.022017 $     0.69  $     1.78  
60956 $  7022   $  5441196052  $  9136912563     $     6368321  $   248343447  $   165268741  $   161393764  $       0      $       0      $      97      $           0  $              $0.595518      $6368321.000000      $15.846441 $10.545563 $10.298306 $     1.50  $     1.02  
60897 $ 86687   $           0  $           0     $      567161  $          33  $          33  $          31  $      36      $       0      $      97      $           0  $              $-nan      $567161.000000      $0.000002 $0.000002 $0.000002 $     1.00  $     1.06  
60956 $  8026   $  5453035374  $  9167792508     $     6420186  $   248839124  $   165949917  $   162007594  $       0      $       0      $      97      $           0  $              $0.594804      $6420186.000000      $15.862255 $10.578481 $10.327178 $     1.50  $     1.02  
60897 $ 87690   $           0  $           0     $      516745  $           0  $           0  $           0  $      36      $       0      $      97      $           0  $              $-nan      $516745.000000      $0.000000 $0.000000 $0.000000 $     0.00  $     0.00  
60956 $  9029   $  5435604034  $  9131595827     $     6361052  $   247975143  $   165144341  $   161197572  $       0      $       0      $      97      $           0  $              $0.595252      $6361052.000000      $15.822940 $10.537624 $10.285787 $     1.50  $     1.02  
60956 $  9148   $   639132752  $  1093076461     $      823432  $    31972169  $    21150347  $    20694227  $       0      $       0      $      97      $           0  $              $0.584710      $823432.000000      $17.195116 $11.374977 $11.129669 $     1.51  $     1.02  
60897 $ 87809   $       15039  $      434379     $       91959  $         780  $        1741  $         418  $       4      $       0      $      97      $           0  $              $0.034622      $91959.000000      $0.000419 $0.000936 $0.000225 $     0.45  $     4.17  
