PID   $time     $Instr Ret     $Unh Clk Cycles   $l2 trans reqs $l1lines       $l2lines       $Per Core bw   $Power         $Power2        $Power3        $bandwidth     $              $IPC           $MEM INTENSIITY$L2->L1 BW (MB)$L3->L2 BW (MB)$MM->L3 BW (MB)$L2 REUSE      $L3 REUSE      
62049 $  1003   $  2184819972  $  8637910638     $     8695297  $   274248340  $   270519554  $     9341274  $      47      $       0      $      97      $           0  $              $0.252934      $8695297.000000      $17.499397 $17.261467 $0.596053 $     1.01  $    28.96  
62047 $  1003   $  5311519036  $  7776497054     $      164711  $   147483416  $   149215908  $   139128457  $       0      $       0      $      97      $           0  $              $0.683022      $164711.000000      $9.410707 $9.521255 $8.877589 $     0.99  $     1.07  
62049 $  2006   $  2192079426  $  9069953914     $     8899004  $   281394215  $   277140606  $     9138698  $      49      $       0      $      97      $           0  $              $0.241686      $8899004.000000      $17.955362 $17.683947 $0.583127 $     1.02  $    30.33  
62047 $  2006   $  6151809420  $  9112973486     $      170251  $   191995989  $   192055293  $   187527651  $       0      $       0      $      97      $           0  $              $0.675061      $170251.000000      $12.250990 $12.254775 $11.965872 $     1.00  $     1.02  
62049 $  3008   $  2190899199  $  9061705599     $     8889586  $   281205997  $   276974872  $     9128592  $      49      $       0      $      97      $           0  $              $0.241776      $8889586.000000      $17.961260 $17.691010 $0.583064 $     1.02  $    30.34  
62047 $  3009   $  6160919118  $  9104407108     $      169834  $   191807037  $   191864119  $   187347495  $       0      $       0      $      97      $           0  $              $0.676696      $169834.000000      $12.238934 $12.242576 $11.954376 $     1.00  $     1.02  
62049 $  4010   $  2192059985  $  9072634421     $     8896114  $   281353399  $   277118746  $     9138809  $      49      $       0      $      97      $           0  $              $0.241612      $8896114.000000      $17.970676 $17.700199 $0.583716 $     1.02  $    30.32  
62047 $  4011   $  6168359170  $  9115618016     $      170332  $   191983288  $   192040826  $   187521687  $       0      $       0      $      97      $           0  $              $0.676680      $170332.000000      $12.262406 $12.266081 $11.977432 $     1.00  $     1.02  
62049 $  5012   $  2184199635  $  9073722431     $     8846089  $   280412997  $   276166456  $     9106725  $      49      $       0      $      97      $           0  $              $0.240717      $8846089.000000      $17.910610 $17.639376 $0.581667 $     1.02  $    30.33  
62047 $  5013   $  6147286799  $  9117395202     $      172082  $   192602910  $   192660266  $   188091103  $       0      $       0      $      97      $           0  $              $0.674237      $172082.000000      $12.301983 $12.305646 $12.013803 $     1.00  $     1.02  
62049 $  6014   $  2184925005  $  9071706374     $     8836596  $   280535862  $   276245304  $     9108806  $      49      $       0      $      97      $           0  $              $0.240850      $8836596.000000      $17.918459 $17.644411 $0.581800 $     1.02  $    30.33  
62047 $  6015   $  6136099447  $  9115832730     $      172732  $   192820448  $   192877002  $   188306745  $       0      $       0      $      97      $           0  $              $0.673126      $172732.000000      $12.315877 $12.319489 $12.027577 $     1.00  $     1.02  
62049 $  7016   $  2379749978  $  9104738789     $     9199452  $   304363545  $   300490966  $     9758863  $      48      $       0      $      97      $           0  $              $0.261375      $9199452.000000      $19.440386 $19.193037 $0.623321 $     1.01  $    30.79  
62047 $  7017   $  6496538538  $  8719732664     $      175774  $   163118520  $   163165196  $   159521342  $       0      $       0      $      97      $           0  $              $0.745039      $175774.000000      $10.418748 $10.421729 $10.188988 $     1.00  $     1.02  
62049 $  7432   $  1339381113  $  3900250260     $     4453640  $   169431132  $   168468316  $     3569686  $      15      $       0      $      97      $           0  $              $0.343409      $4453640.000000      $26.066328 $25.918203 $0.549182 $     1.01  $    47.19  
62047 $  7434   $  1238326533  $   516940762     $      418318  $     9695645  $     9699933  $     9694202  $       0      $       0      $      97      $           0  $              $2.395490      $418318.000000      $1.488061 $1.488719 $1.487839 $     1.00  $     1.00  
62049 $  8116   $  2284013168  $  6549650738     $     8231208  $   287928034  $   287015743  $      183851  $      23      $       0      $      97      $           0  $              $0.348723      $8231208.000000      $26.940634 $26.855274 $0.017202 $     1.00  $  1561.13  
62049 $  8117   $     1701476  $     4887955     $        5911  $      214357  $      213841  $           8  $       0      $       0      $      97      $           0  $              $0.348096      $5911.000000      $13.718848 $13.685824 $0.000512 $     1.00  $ 26730.12  
62049 $  9119   $  2280089763  $  9078720033     $     9009162  $   291788382  $   287937409  $     9366939  $      48      $       0      $      97      $           0  $              $0.251147      $9009162.000000      $18.637182 $18.391212 $0.598288 $     1.01  $    30.74  
62067 $  1002   $  5328120318  $  7816340699     $       94202  $   147628693  $   149338357  $   139442476  $       0      $       0      $      97      $           0  $              $0.681664      $94202.000000      $9.429378 $9.538577 $8.906506 $     0.99  $     1.07  
62049 $ 10121   $  2183762732  $  9071873669     $     8679852  $   280338058  $   276111676  $     9104895  $      49      $       0      $      97      $           0  $              $0.240718      $8679852.000000      $17.905823 $17.635876 $0.581550 $     1.02  $    30.33  
62067 $  2004   $  6157047388  $  9113805527     $       63603  $   191967670  $   192024307  $   187451076  $       0      $       0      $      97      $           0  $              $0.675574      $63603.000000      $12.261408 $12.265025 $11.972922 $     1.00  $     1.02  
62049 $ 11124   $  2183597641  $  9073118814     $     8687206  $   280330956  $   276091133  $     9105054  $      49      $       0      $      97      $           0  $              $0.240667      $8687206.000000      $17.887518 $17.616982 $0.580981 $     1.02  $    30.32  
62067 $  3007   $  6168914402  $  9116315090     $       63181  $   191977128  $   192032717  $   187462354  $       0      $       0      $      97      $           0  $              $0.676690      $63181.000000      $12.249786 $12.253334 $11.961705 $     1.00  $     1.02  
62049 $ 12127   $  2242612874  $  9105620611     $     8792637  $   278058824  $   274023748  $     9521450  $      49      $       0      $      97      $           0  $              $0.246289      $8792637.000000      $17.742537 $17.485064 $0.607550 $     1.01  $    28.78  
62067 $  4010   $  6153267497  $  9117014044     $       63142  $   191613999  $   191671109  $   187156768  $       0      $       0      $      97      $           0  $              $0.674921      $63142.000000      $12.226616 $12.230260 $11.942206 $     1.00  $     1.02  
62049 $ 13129   $  2202755175  $  9114166825     $     8947145  $   282637041  $   278486010  $     9187178  $      49      $       0      $      97      $           0  $              $0.241685      $8947145.000000      $18.052666 $17.787531 $0.586806 $     1.01  $    30.31  
62067 $  5013   $  6141681986  $  9116231344     $       63518  $   192396734  $   192454548  $   187918445  $       0      $       0      $      97      $           0  $              $0.673708      $63518.000000      $12.276562 $12.280250 $11.990808 $     1.00  $     1.02  
62049 $ 14131   $  2203044168  $  9114352845     $     8942088  $   282639714  $   278519679  $     9189723  $      49      $       0      $      97      $           0  $              $0.241712      $8942088.000000      $18.052835 $17.789680 $0.586968 $     1.01  $    30.31  
62067 $  6015   $  6133195731  $  9115871573     $       63852  $   192647322  $   192704775  $   188163481  $       0      $       0      $      97      $           0  $              $0.672804      $63852.000000      $12.304819 $12.308488 $12.018426 $     1.00  $     1.02  
62049 $ 15133   $  2387355872  $  9119968447     $     9253374  $   305163578  $   301427437  $     9804792  $      48      $       0      $      97      $           0  $              $0.261772      $9253374.000000      $19.491486 $19.252850 $0.626254 $     1.01  $    30.74  
62067 $  7017   $  6478907789  $  8722075157     $       82868  $   163137868  $   163185185  $   159560818  $       0      $       0      $      97      $           0  $              $0.742817      $82868.000000      $10.419984 $10.423006 $10.191509 $     1.00  $     1.02  
62049 $ 15538   $  1293383576  $  3769400122     $     4312472  $   163592837  $   162681367  $     3655196  $      15      $       0      $      97      $           0  $              $0.343127      $4312472.000000      $25.851707 $25.707672 $0.577611 $     1.01  $    44.51  
62067 $  7422   $  1262685209  $   527772827     $      419686  $     9886497  $     9890470  $     9884487  $       0      $       0      $      97      $           0  $              $2.392478      $419686.000000      $1.562311 $1.562938 $1.561993 $     1.00  $     1.00  
62049 $ 16217   $  2277254302  $  6503894975     $     7954022  $   287082269  $   286273412  $       93420  $      23      $       0      $      97      $           0  $              $0.350137      $7954022.000000      $27.059301 $26.983061 $0.008805 $     1.00  $  3064.37  
62049 $ 16218   $     1557919  $     4483582     $        5607  $      196402  $      195802  $          39  $       0      $       0      $      97      $           0  $              $0.347472      $5607.000000      $12.569728 $12.531328 $0.002496 $     1.00  $  5020.56  
62049 $ 17221   $  2287909512  $  9114600796     $     9213233  $   292688297  $   288915415  $     9483550  $      48      $       0      $      97      $           0  $              $0.251016      $9213233.000000      $18.676022 $18.435282 $0.605132 $     1.01  $    30.46  
62072 $  1003   $  5341098033  $  7833412564     $      205168  $   148283767  $   150010572  $   139858802  $       0      $       0      $      97      $           0  $              $0.681835      $205168.000000      $9.461776 $9.571961 $8.924191 $     0.99  $     1.07  
62049 $ 18224   $  2194621550  $  9115108090     $     8918827  $   281566329  $   277484209  $     9156580  $      49      $       0      $      97      $           0  $              $0.240767      $8918827.000000      $17.966347 $17.705873 $0.584268 $     1.01  $    30.30  
62072 $  2006   $  6166569966  $  9117403595     $      218146  $   192064405  $   192122619  $   187558655  $       0      $       0      $      97      $           0  $              $0.676352      $218146.000000      $12.255356 $12.259070 $11.967851 $     1.00  $     1.02  
62049 $ 19226   $  2194081248  $  9114105906     $     8781985  $   281517722  $   277404040  $     9156979  $      49      $       0      $      97      $           0  $              $0.240735      $8781985.000000      $17.981173 $17.718422 $0.584877 $     1.01  $    30.29  
62072 $  3009   $  6167601286  $  9116197861     $      218104  $   191925750  $   191983432  $   187411124  $       0      $       0      $      97      $           0  $              $0.676554      $218104.000000      $12.246508 $12.250189 $11.958436 $     1.00  $     1.02  
62049 $ 20228   $  2195870449  $  9114143249     $     8750876  $   281729750  $   277631774  $     9159620  $      49      $       0      $      97      $           0  $              $0.240930      $8750876.000000      $17.994715 $17.732967 $0.585046 $     1.01  $    30.31  
62072 $  4011   $  6167868947  $  9114883260     $      218911  $   191923858  $   191981154  $   187409841  $       0      $       0      $      97      $           0  $              $0.676681      $218911.000000      $12.258610 $12.262269 $11.970289 $     1.00  $     1.02  
62049 $ 21230   $  2195154245  $  9113320556     $     8740924  $   281631341  $   277544905  $     9158171  $      49      $       0      $      97      $           0  $              $0.240873      $8740924.000000      $17.988428 $17.727419 $0.584953 $     1.01  $    30.31  
62072 $  5013   $  6135693331  $  9115052179     $      220014  $   192576271  $   192635558  $   188056974  $       0      $       0      $      97      $           0  $              $0.673139      $220014.000000      $12.300281 $12.304068 $12.011623 $     1.00  $     1.02  
62049 $ 22232   $  2195503836  $  9112887975     $     8734099  $   281707465  $   277589491  $     9158015  $      49      $       0      $      97      $           0  $              $0.240923      $8734099.000000      $17.993290 $17.730268 $0.584943 $     1.01  $    30.31  
62072 $  6015   $  6133302415  $  9114939736     $      220622  $   192630048  $   192686801  $   188105501  $       0      $       0      $      97      $           0  $              $0.672885      $220622.000000      $12.303716 $12.307341 $12.014723 $     1.00  $     1.02  
62072 $  6049   $   179633961  $   297169557     $       11327  $     6750510  $     6752443  $     6601376  $       0      $       0      $      97      $           0  $              $0.604483      $11327.000000      $12.706842 $12.710481 $12.426120 $     1.00  $     1.02  
62049 $ 22266   $    70685115  $   265355676     $      215516  $     6853009  $     6747451  $      222858  $       1      $       0      $      97      $           0  $              $0.266379      $215516.000000      $12.899781 $12.701084 $0.419497 $     1.02  $    30.28  
